2006 06 05 6 26 57.627 1.1078 -28.0385 10 0.8351 30.168 0.708 89.7062 58.198 309.373 604.906 594.22 -10.686 6.992 0.1 476739 22580
2006 06 21 12 34 38.407 6.9374 92.4882 21.5 0.8351 30.168 0.708 267.326 62.428 312.391 635.104 621.35 -13.754 6.683 0.1 477331 22580
2006 07 17 8 19 18.192 -9.3178 107.424 20 0.8351 30.168 0.708 272.921 77.5625 309.265 725.213 714.48 -10.733 5.587 0.1 478297 22580
2006 07 17 9 12 56.799 -9.093 107.857 48.7 0.8351 30.168 0.708 272.8 77.9781 310.74 725.261 713.05 -12.211 5.548 0.1 478304 22580
2006 08 20 3 41 45.779 -61.016 -34.2851 0.5 0.8351 30.168 0.708 66.9614 78.6163 299.703 724.244 723.90 -0.344 5.506 0.1 553166 22580
2006 10 22 8 55 16.001 -45.821 96.0662 10 0.8351 30.168 0.708 288.308 74.0267 298.13 695.209 696.27 1.061 5.844 0.1 553167 22580
2007 04 03 3 34 56.790 36.5173 70.6851 213 0.9091 30.3557 0.729 235.852 51.4362 307.906 532.236 524.05 -8.186 7.398 0.1 488696 22581
2007 05 04 12 6 52.355 -1.3491 -15.0475 10 0.9091 30.3557 0.729 87.4126 45.4553 298.54 498.765 499.15 0.385 7.924 0.1 553168 22581
2007 05 05 8 51 34.302 34.2694 82.0337 14.2 0.9091 30.3557 0.729 246.908 58.5139 307.713 604.611 596.21 -8.401 6.965 0.1 553169 22581
2007 05 16 8 56 6.360 20.5752 100.758 1.3 0.9091 30.3557 0.729 263.796 71.3524 307.193 690.013 681.48 -8.533 6.046 0.1 490633 22581
2007 06 24 0 25 13.973 -55.6106 -2.4337 10 0.9091 30.3557 0.729 37.6803 62.3573 305.869 629.576 623.68 -5.896 6.680 0.1 491970 22581
2008 05 12 6 27 58.129 31.0636 103.372 7.6 -0.2834 30.0405 0.995 261.014 75.9 299.572 708.023 707.27 -0.753 5.705 0.1 550881 22582
2008 05 19 14 26 45.261 1.6754 99.0534 14.8 -0.2834 30.0405 0.995 269.06 69.0312 302.662 669.111 664.98 -4.131 6.212 0.1 499120 22582
2008 05 23 19 35 34.664 7.3593 -34.891 10 -0.2834 30.0405 0.995 93.7134 65.189 300.849 643.625 641.38 -2.245 6.491 0.1 550883 22582
2008 05 25 8 21 47.389 32.6031 105.377 14 -0.2834 30.0405 0.995 261.772 77.8176 300.935 719.126 717.01 -2.116 5.567 0.1 550741 22582
2008 05 29 15 46 0.206 63.9564 -20.9875 10 -0.2834 30.0405 0.995 126.08 74.1436 300.924 698.498 697.11 -1.388 5.833 0.1 553046 22582
2008 05 31 4 37 52.720 -41.2531 80.4853 0.5 -0.2834 30.0405 0.995 298.269 61.0935 304.177 621.007 616.31 -4.697 6.782 0.1 499270 22582
2008 06 08 12 25 29.099 37.9608 21.4486 15.8 -0.2834 30.0405 0.995 166.229 38.8729 300.423 445.814 446.09 0.276 8.369 0.1 551184 22582
2008 03 29 17 30 49.597 2.928 95.2771 24.3 0.0339 29.7663 1.228 268.713 65.5425 300.001 642.844 641.42 -1.424 6.461 0.1 551161 22583
2008 04 14 9 45 14.920 -56.0769 -28.0966 112.3 0.0339 29.7663 1.228 62.4999 72.6772 299.259 675.799 675.96 0.161 5.911 0.1 551167 22583
2008 04 28 15 57 47.856 -58.8452 -24.8411 10 0.0339 29.7663 1.228 58.7307 72.5057 304.178 692.132 687.44 -4.692 5.954 0.1 498687 22583
2008 05 12 6 27 58.967 31.0636 103.372 7.6 0.0339 29.7663 1.228 261.439 75.9655 299.406 708.229 707.63 -0.599 5.700 0.1 550881 22583
2008 05 12 11 11 0.472 31.2384 103.627 11.5 0.0339 29.7663 1.228 261.536 76.2077 301.937 711.495 708.36 -3.135 5.683 0.1 498952 22583
2008 05 19 14 26 42.682 1.6754 99.0534 14.8 0.0339 29.7663 1.228 269.407 69.2952 303.71 671.798 666.62 -5.178 6.193 0.1 499120 22583
2008 05 23 19 35 32.333 7.3593 -34.891 10 0.0339 29.7663 1.228 93.412 64.873 299.38 640.097 639.32 -0.777 6.515 0.1 550883 22583
2008 05 25 8 21 47.369 32.6031 105.377 14 0.0339 29.7663 1.228 262.196 77.8738 300.706 719.207 717.31 -1.897 5.563 0.1 550741 22583
2008 05 29 15 45 57.635 63.9564 -20.9875 10 0.0339 29.7663 1.228 126.23 73.7514 301.884 697.159 694.80 -2.359 5.862 0.1 553046 22583
2008 05 31 4 37 51.203 -41.2531 80.4853 0.5 0.0339 29.7663 1.228 298.274 61.5113 302.377 622.044 619.15 -2.894 6.751 0.1 499270 22583
2008 06 08 12 25 28.652 37.9608 21.4486 15.8 0.0339 29.7663 1.228 166.566 38.5122 299.642 442 443.05 1.05 8.393 0.1 551184 22583
2006 09 21 18 54 39.728 -9.1324 110.35 19.4 0.6944 30.0663 0.984 272.237 80.517 309.186 741.398 730.76 -10.638 5.368 0.1 480611 22584
2006 10 22 8 55 8.979 -45.821 96.0662 10 0.6944 30.0663 0.984 288.132 73.9898 304.838 701.699 696.05 -5.649 5.847 0.1 553167 22584
2006 08 11 20 54 13.504 2.3825 96.3657 30.2 -0.0283 30.1491 0.92 268.927 66.2394 301.802 648.298 645.06 -3.238 6.409 0.1 479284 22585
2006 08 20 3 41 35.857 -61.016 -34.2851 0.5 -0.0283 30.1491 0.92 67.3374 77.8415 311.12 731.363 719.58 -11.783 5.565 0.1 553166 22585
2006 09 21 18 54 42.008 -9.1324 110.35 19.4 -0.0283 30.1491 0.92 271.532 80.3198 306.529 737.681 729.69 -7.991 5.383 0.1 480611 22585
2006 06 05 6 26 57.434 1.1078 -28.0385 10 0.7754 30.1319 0.918 89.7766 58.1628 309.644 604.93 593.97 -10.96 6.995 0.1 476739 22586
2006 07 17 9 13 7.376 -9.093 107.857 48.7 0.7754 30.1319 0.918 272.734 78.004 302.297 716.961 713.20 -3.761 5.546 0.1 478304 22586
2006 08 11 20 54 13.611 2.3825 96.3657 30.2 0.7754 30.1319 0.918 269.799 66.2228 301.297 647.686 644.95 -2.736 6.411 0.1 479284 22586
2006 09 21 18 54 41.065 -9.1324 110.35 19.4 0.7754 30.1319 0.918 272.328 80.4653 308.446 740.381 730.48 -9.901 5.372 0.1 480611 22586
2006 10 22 8 55 15.041 -45.821 96.0662 10 0.7754 30.1319 0.918 288.239 74.0063 299.134 696.093 696.15 0.057 5.845 0.1 553167 22586
2006 07 17 8 19 21.736 -9.3178 107.424 20 0.5757 30.31 1.497 272.686 77.3793 305.496 720.42 713.45 -6.97 5.601 0.1 478297 22587
2006 07 17 15 45 58.447 -9.4343 108.327 19.1 0.5757 30.31 1.497 272.556 78.2746 298.688 718.741 718.58 -0.161 5.533 0.1 478349 22587
2006 07 19 10 57 30.567 -6.5781 105.386 49.3 0.5757 30.31 1.497 272.325 75.2431 304.899 703.912 697.53 -6.382 5.746 0.1 478478 22587
2006 07 27 11 16 33.923 1.7056 97.1228 31.8 0.5757 30.31 1.497 269.896 66.8064 300.927 650.824 648.45 -2.374 6.367 0.1 478761 22587
2006 08 11 20 54 14.704 2.3825 96.3657 30.2 0.5757 30.31 1.497 269.575 66.0528 299.466 644.762 643.86 -0.902 6.423 0.1 479284 22587
2006 10 22 8 55 14.065 -45.821 96.0662 10 0.5757 30.31 1.497 288.24 73.7398 299.48 694.875 694.58 -0.295 5.865 0.1 553167 22587
2006 12 01 14 1 41.641 -8.347 118.738 46.8 0.5757 30.31 1.497 270.793 88.5268 306.163 775.062 767.55 -7.512 4.735 0.1 483689 22587
2006 12 22 19 50 39.263 10.6955 92.4049 31 0.5757 30.31 1.497 265.053 62.4966 305.424 627.241 620.49 -6.751 6.674 0.1 484480 22587
2007 01 08 17 21 38.368 39.823 70.309 18.4 0.5757 30.31 1.497 233.194 53.3943 301.413 560.865 559.24 -1.625 7.337 0.1 485144 22587
2007 01 20 6 20 54.179 -55.321 -29.4544 10 0.5757 30.31 1.497 64.133 73.763 310.856 706.287 694.83 -11.457 5.862 0.1 485767 22587
2007 02 12 10 35 10.657 35.9176 -10.2442 30.4 0.5757 30.31 1.497 123.824 51.498 311.036 554.739 543.42 -11.319 7.473 0.1 486691 22587
2007 03 01 23 11 46.636 26.5904 -44.6219 10 0.5757 30.31 1.497 96.3116 76.2779 303.303 713.547 708.95 -4.597 5.679 0.1 487325 22587
2007 03 06 5 49 18.266 -0.501 100.474 30.1 0.5757 30.31 1.497 270.787 70.1713 310.667 681.861 669.71 -12.151 6.126 0.1 487471 22587
2007 03 08 11 14 24.274 -58.1609 -7.6718 4 0.5757 30.31 1.497 42.4135 65.8366 307.849 655.395 647.37 -8.025 6.436 0.1 553170 22587
2007 04 03 3 34 57.131 36.5173 70.6851 213 0.5757 30.31 1.497 235.614 51.7137 307.833 534.222 526.12 -8.102 7.378 0.1 488696 22587
2007 04 07 7 9 23.433 37.348 -24.5125 9.1 0.5757 30.31 1.497 112.589 62.2818 300.347 623.854 622.79 -1.064 6.692 0.1 488992 22587
2007 04 07 9 51 39.467 2.9207 95.6909 31.2 0.5757 30.31 1.497 269.299 65.384 310.858 651.691 639.41 -12.281 6.471 0.1 489001 22587
2007 05 04 12 6 52.377 -1.3491 -15.0475 10 0.5757 30.31 1.497 87.8741 45.3946 298.125 497.868 498.66 0.792 7.928 0.1 553168 22587
2007 05 05 8 51 29.618 34.2694 82.0337 14.2 0.5757 30.31 1.497 246.648 58.7635 310.469 609.111 597.97 -11.141 6.949 0.1 553169 22587
2007 05 16 8 56 8.271 20.5752 100.758 1.3 0.5757 30.31 1.497 263.488 71.5156 303.562 687.371 682.48 -4.891 6.034 0.1 490633 22587
2007 06 02 21 34 56.698 23.0653 101.024 11.6 0.5757 30.31 1.497 262.786 72.057 299.815 685.177 684.06 -1.117 5.991 0.1 552970 22587
2007 06 24 0 25 11.089 -55.6106 -2.4337 10 0.5757 30.31 1.497 37.7619 62.0309 306.562 628.073 621.48 -6.593 6.705 0.1 491970 22587
2007 06 26 22 23 0.144 -10.4979 108.214 18.2 0.5757 30.31 1.497 272.796 78.2129 303.91 723.766 718.39 -5.376 5.538 0.1 492054 22587
2007 08 08 17 5 4.554 -5.8913 107.451 295.8 0.5757 30.31 1.497 271.916 77.2699 294.087 677.453 681.90 4.447 5.521 0.1 493807 22587
2007 09 12 11 10 26.577 -4.4637 101.396 35.5 0.5757 30.31 1.497 272.12 71.1923 310.559 687.212 675.18 -12.032 6.050 0.1 495373 22587
2007 09 13 2 29 56.363 -1.6708 99.5879 24.8 0.5757 30.31 1.497 271.239 69.3058 305.496 672.113 665.15 -6.963 6.190 0.1 495434 22587
2007 09 13 3 35 26.077 -2.1573 99.5731 20 0.5757 30.31 1.497 271.422 69.3022 301.967 669.25 665.81 -3.44 6.191 0.1 495438 22587
2007 09 13 16 9 4.382 -3.2096 101.365 50.9 0.5757 30.31 1.497 271.697 71.1203 311.297 685.795 673.02 -12.775 6.050 0.1 495466 22587
2006 07 17 9 12 59.452 -9.093 107.857 48.7 0.3429 30.0384 1.648 272.285 78.0264 310.313 725.101 713.32 -11.781 5.544 0.1 478304 22588
2006 07 17 15 45 45.804 -9.4343 108.327 19.1 0.3429 30.0384 1.648 272.276 78.5035 311.494 732.81 719.85 -12.96 5.515 0.1 478349 22588
2006 08 11 20 54 12.898 2.3825 96.3657 30.2 0.3429 30.0384 1.648 269.334 66.3338 302.283 649.385 645.66 -3.725 6.402 0.1 479284 22588
2006 08 20 3 41 34.499 -61.016 -34.2851 0.5 0.3429 30.0384 1.648 67.067 78.1212 312.17 733.971 721.15 -12.821 5.544 0.1 553166 22588
2006 10 22 8 55 10.361 -45.821 96.0662 10 0.3429 30.0384 1.648 287.869 73.7476 304.602 700.041 694.61 -5.431 5.865 0.1 553167 22588
2007 01 08 12 48 24.796 8.0486 92.4527 17.4 0.3429 30.0384 1.648 266.222 62.6521 309.469 634.313 623.49 -10.823 6.666 0.1 485134 22588
2007 01 17 23 18 45.874 10.0953 58.7229 10 0.3429 30.0384 1.648 252.981 30.1298 303.734 374.5004 370.05 -4.4504 8.845 0.1 485686 22588
2007 03 06 3 49 32.445 -0.5271 100.465 22.5 0.3429 30.0384 1.648 270.548 70.4308 307.681 681.556 672.40 -9.156 6.109 0.1 487469 22588
2007 04 07 7 9 22.958 37.348 -24.5125 9.1 0.3429 30.0384 1.648 112.99 62.2391 299.384 622.606 622.52 -0.086 6.695 0.1 488992 22588
2007 04 07 9 51 45.333 2.9207 95.6909 31.2 0.3429 30.0384 1.648 269.061 65.6673 303.586 646.253 641.24 -5.013 6.450 0.1 489001 22588
2007 04 28 14 2 20.912 -60.9376 -20.369 10 0.3429 30.0384 1.648 54.0377 72.1826 300.354 686.362 685.57 -0.792 5.976 0.1 489944 22588
2007 05 04 12 6 48.901 -1.3491 -15.0475 10 0.3429 30.0384 1.648 88.1838 45.1138 301.508 499.017 496.43 -2.587 7.949 0.1 553168 22588
2007 05 16 8 56 5.397 20.5752 100.758 1.3 0.3429 30.0384 1.648 263.366 71.8529 307.1 692.943 684.51 -8.433 6.009 0.1 490633 22588
2007 06 02 21 34 48.690 23.0653 101.024 11.6 0.3429 30.0384 1.648 262.68 72.3991 309.494 696.904 686.11 -10.794 5.965 0.1 552970 22588
2007 08 08 17 5 5.742 -5.8913 107.451 295.8 0.3429 30.0384 1.648 271.651 77.5154 293.578 678.296 683.25 4.954 5.504 0.1 493807 22588
2007 09 12 11 10 18.028 -4.4637 101.396 35.5 0.3429 30.0384 1.648 271.852 71.4435 307.106 685.278 676.69 -8.588 6.032 0.1 495373 22588
2007 09 12 23 48 59.819 -2.6161 100.726 36 0.3429 30.0384 1.648 271.271 70.7251 303.275 677.036 672.28 -4.756 6.083 0.1 495417 22588
2007 09 13 2 29 50.612 -1.6708 99.5879 24.8 0.3429 30.0384 1.648 270.982 69.5694 309.216 677.464 666.78 -10.684 6.170 0.1 495434 22588
2007 09 13 16 9 12.648 -3.2096 101.365 50.9 0.3429 30.0384 1.648 271.436 71.3772 304.758 680.81 674.57 -6.24 6.032 0.1 495466 22588
2007 09 20 8 31 3.807 -2.0214 100.059 30.9 0.3429 30.0384 1.648 271.092 70.0466 310.214 680.527 668.84 -11.687 6.135 0.1 553171 22588
2007 06 24 0 25 10.924 -55.6106 -2.4337 10 0.3206 30.492 1.285 38.0552 61.8568 306.244 626.58 620.30 -6.28 6.718 0.1 491970 22589
2007 07 03 8 25 57.671 0.72 -30.2614 10 0.3206 30.492 1.285 90.0355 60.7518 300.424 613.633 611.85 -1.783 6.812 0.1 492281 22589
2006 07 17 15 45 47.503 -9.4343 108.327 19.1 0.0845 29.8952 1.221 271.994 78.6019 309.762 731.619 720.38 -11.239 5.508 0.1 478349 22590
2006 07 19 10 57 32.398 -6.5781 105.386 49.3 0.0845 29.8952 1.221 271.773 75.5969 303.14 704.182 699.55 -4.632 5.719 0.1 478478 22590
2006 08 11 20 54 11.910 2.3825 96.3657 30.2 0.0845 29.8952 1.221 269.061 66.488 303.548 651.638 646.65 -4.988 6.391 0.1 479284 22590
2006 09 21 18 54 40.568 -9.1324 110.35 19.4 0.0845 29.8952 1.221 271.603 80.5883 308.47 741.062 731.13 -9.932 5.362 0.1 480611 22590
2007 01 08 12 48 39.466 8.0486 92.4527 17.4 0.0845 29.8952 1.221 265.962 62.8333 301.806 627.86 624.70 -3.16 6.653 0.1 485134 22590
2007 01 08 17 21 39.111 39.823 70.309 18.4 0.0845 29.8952 1.221 233.226 54.0342 310.126 574.275 563.94 -10.335 7.291 0.1 485144 22590
2007 01 20 6 21 3.496 -55.321 -29.4544 10 0.0845 29.8952 1.221 64.0235 73.1313 302.581 694.285 691.09 -3.195 5.908 0.1 485767 22590
2007 02 12 10 35 19.070 35.9176 -10.2442 30.4 0.0845 29.8952 1.221 124.635 51.5813 302.341 546.671 544.08 -2.591 7.466 0.1 486691 22590
2007 02 28 23 13 6.053 -55.2878 -29.2147 21.4 0.0845 29.8952 1.221 63.8176 72.9936 311.761 700.808 688.44 -12.368 5.916 0.1 487296 22590
2007 04 03 3 34 56.465 36.5173 70.6851 213 0.0845 29.8952 1.221 235.595 52.3539 307.626 538.741 530.85 -7.891 7.331 0.1 488696 22590
2007 04 05 3 56 43.888 37.3777 -24.6318 4.3 0.0845 29.8952 1.221 113.235 62.4079 302.407 627.539 624.44 -3.099 6.683 0.1 488877 22590
2007 04 07 7 9 10.348 37.348 -24.5125 9.1 0.0845 29.8952 1.221 113.312 62.3088 313.332 637.024 623.00 -14.024 6.690 0.1 488992 22590
2007 04 07 9 51 47.320 2.9207 95.6909 31.2 0.0845 29.8952 1.221 268.789 65.8241 303.467 647.147 642.25 -4.897 6.439 0.1 489001 22590
2007 05 04 12 6 44.327 -1.3491 -15.0475 10 0.0845 29.8952 1.221 88.5389 44.9612 305.813 502.106 495.22 -6.886 7.960 0.1 553168 22590
2007 05 16 8 56 8.231 20.5752 100.758 1.3 0.0845 29.8952 1.221 263.169 72.0802 304.291 691.5 685.88 -5.62 5.992 0.1 490633 22590
2007 06 02 21 34 56.445 23.0653 101.024 11.6 0.0845 29.8952 1.221 262.495 72.6344 301.77 690.585 687.52 -3.065 5.949 0.1 552970 22590
2007 06 26 22 22 58.395 -10.4979 108.214 18.2 0.0845 29.8952 1.221 272.228 78.5297 305.145 726.75 720.14 -6.61 5.513 0.1 492054 22590
2007 08 08 17 4 58.948 -5.8913 107.451 295.8 0.0845 29.8952 1.221 271.374 77.6308 300.461 685.813 683.88 -1.933 5.496 0.1 493806 22590
2007 08 08 17 4 57.991 -6.089 107.584 293.8 0.0845 29.8952 1.221 271.403 77.7674 300.12 686.429 684.84 -1.589 5.487 0.1 493806 22590
2007 04 03 3 34 59.720 36.5173 70.6851 213 -0.0315 30.1493 0.916 235.258 52.2716 305.452 535.962 530.25 -5.712 7.337 0.1 488696 22591
2007 04 05 3 56 45.186 37.3777 -24.6318 4.3 -0.0315 30.1493 0.916 113.135 62.6724 302.385 629.289 626.20 -3.089 6.663 0.1 488877 22591
2007 04 07 7 9 12.234 37.348 -24.5125 9.1 -0.0315 30.1493 0.916 113.212 62.5733 312.292 637.758 624.77 -12.988 6.669 0.1 488992 22591
2007 04 07 9 51 45.398 2.9207 95.6909 31.2 -0.0315 30.1493 0.916 268.647 65.5767 308.839 650.921 640.66 -10.261 6.456 0.1 489001 22591
2007 04 28 14 2 35.780 -60.9376 -20.369 10 -0.0315 30.1493 0.916 54.2996 71.885 301.847 686.067 683.77 -2.297 5.999 0.1 489944 22591
2007 05 04 12 6 45.215 -1.3491 -15.0475 10 -0.0315 30.1493 0.916 88.7135 45.2113 305.653 503.938 497.21 -6.728 7.942 0.1 553168 22591
2006 07 17 9 13 2.747 -9.093 107.857 48.7 0.93 30.24 0.686 272.907 77.9225 306.865 721.078 712.75 -8.328 5.552 0.1 478304 22592
2006 07 17 15 45 53.457 -9.4343 108.327 19.1 0.93 30.24 0.686 272.898 78.4031 303.23 723.993 719.30 -4.693 5.523 0.1 478349 22592
2006 08 11 20 54 14.343 2.3825 96.3657 30.2 0.93 30.24 0.686 269.962 66.1089 300.923 646.58 644.22 -2.36 6.419 0.1 479284 22592
2006 09 09 4 13 0.417 -7.2509 120.128 579.1 0.6823 30.4606 1.524 270.714 89.7547 310.522 729.125 717.29 -11.835 4.628 0.1 480240 22593
2006 09 21 18 54 39.829 -9.1324 110.35 19.4 0.6823 30.4606 1.524 272.29 80.126 309.249 739.36 728.65 -10.71 5.398 0.1 480611 22593
2006 10 09 10 1 35.165 20.7439 120.074 18.4 0.6823 30.4606 1.524 270.498 89.3999 311.881 788.656 775.50 -13.156 4.673 0.1 481250 22593
2006 12 01 3 58 21.140 3.4287 99.113 206.1 0.6823 30.4606 1.524 269.396 68.6503 298.316 640.656 640.89 0.234 6.176 0.1 483673 22593
2007 01 08 17 21 37.927 39.823 70.309 18.4 0.6823 30.4606 1.524 233.127 53.2181 309.596 567.749 557.95 -9.799 7.350 0.1 485144 22593
2007 01 20 6 20 56.841 -55.321 -29.4544 10 0.6823 30.4606 1.524 64.2107 73.9313 308.59 705.009 695.81 -9.199 5.850 0.1 485767 22593
2007 02 12 10 35 14.981 35.9176 -10.2442 30.4 0.6823 30.4606 1.524 123.591 51.5216 306.492 550.371 543.59 -6.781 7.471 0.1 486691 22593
2007 02 28 23 13 9.493 -55.2878 -29.2147 21.4 0.6823 30.4606 1.524 64.0054 73.7935 307.74 701.507 693.17 -8.337 5.857 0.1 487296 22593
2007 03 06 5 49 24.882 -0.501 100.474 30.1 0.6823 30.4606 1.524 270.902 70.0221 303.305 673.583 668.80 -4.783 6.137 0.1 487471 22593
2007 04 03 3 34 51.659 36.5173 70.6851 213 0.6823 30.4606 1.524 235.56 51.5345 311.815 536.876 524.79 -12.086 7.391 0.1 488696 22593
2007 04 05 3 56 48.369 37.3777 -24.6318 4.3 0.6823 30.4606 1.524 112.31 62.4202 298.448 623.659 624.48 0.821 6.683 0.1 488877 22593
2007 04 07 7 9 14.070 37.348 -24.5125 9.1 0.6823 30.4606 1.524 112.386 62.321 308.889 632.659 623.05 -9.609 6.689 0.1 488992 22593
2007 04 07 9 51 41.498 2.9207 95.6909 31.2 0.6823 30.4606 1.524 269.407 65.2283 308.416 648.238 638.40 -9.838 6.483 0.1 489001 22593
2007 05 16 8 56 8.103 20.5752 100.758 1.3 0.6823 30.4606 1.524 263.534 71.3368 303.756 686.483 681.39 -5.093 6.047 0.1 490633 22593
2007 06 26 22 23 0.853 -10.4979 108.214 18.2 0.6823 30.4606 1.524 272.931 78.0848 302.238 721.385 717.69 -3.695 5.548 0.1 492054 22593
2007 08 08 17 4 49.264 -6.089 107.584 293.8 0.6823 30.4606 1.524 272.071 77.2703 309.706 693.282 682.11 -11.172 5.521 0.1 493806 22593
2007 09 12 11 10 13.321 -4.4637 101.396 35.5 0.6823 30.4606 1.524 272.245 71.0513 312.598 688.397 674.33 -14.067 6.059 0.1 495373 22593
2007 09 13 3 35 9.601 -2.1573 99.5731 20 0.6823 30.4606 1.524 271.542 69.1564 306.976 673.355 664.91 -8.445 6.202 0.1 495438 22593
2007 09 13 16 9 9.933 -3.2096 101.365 50.9 0.6823 30.4606 1.524 271.819 70.9767 306.829 680.456 672.15 -8.306 6.060 0.1 495466 22593
2006 12 01 14 1 42.970 -8.347 118.738 46.8 0.5107 30.1262 1.7 270.702 88.6993 305.158 774.868 768.37 -6.498 4.721 0.1 483689 22594
2007 01 08 12 48 31.308 8.0486 92.4527 17.4 0.5107 30.1262 1.7 266.393 62.5399 309.078 633.17 622.73 -10.44 6.675 0.1 485134 22594
2007 02 12 10 35 14.807 35.9176 -10.2442 30.4 0.5107 30.1262 1.7 124.053 51.422 305.821 548.954 542.86 -6.094 7.479 0.1 486691 22594
2007 03 01 23 11 44.918 26.5904 -44.6219 10 0.5107 30.1262 1.7 96.457 76.1438 305.337 714.819 708.19 -6.629 5.687 0.1 487325 22594
2007 03 08 11 14 17.948 -58.1609 -7.6718 4 0.5107 30.1262 1.7 42.2506 65.7107 314.247 660.979 646.55 -14.429 6.445 0.1 553170 22594
2007 04 03 3 34 54.990 36.5173 70.6851 213 0.5107 30.1262 1.7 235.734 51.8842 308.913 536.563 527.38 -9.183 7.365 0.1 488696 22594
2007 04 05 3 56 48.625 37.3777 -24.6318 4.3 0.5107 30.1262 1.7 112.707 62.2895 297.941 622.276 623.62 1.344 6.693 0.1 488877 22594
2007 04 07 7 9 22.416 37.348 -24.5125 9.1 0.5107 30.1262 1.7 112.784 62.1904 301.458 624.352 622.19 -2.162 6.699 0.1 488992 22594
2007 04 28 14 2 24.408 -60.9376 -20.369 10 0.5107 30.1262 1.7 54.0532 72.3704 312.503 699.635 686.69 -12.945 5.962 0.1 489944 22594
2007 05 04 12 6 46.379 -1.3491 -15.0475 10 0.5107 30.1262 1.7 87.954 45.2082 301.391 499.652 497.19 -2.462 7.942 0.1 553168 22594
2007 05 16 8 56 6.097 20.5752 100.758 1.3 0.5107 30.1262 1.7 263.495 71.7103 303.162 688.145 683.65 -4.495 6.020 0.1 490633 22594
2007 06 24 0 25 7.907 -55.6106 -2.4337 10 0.5107 30.1262 1.7 37.5919 61.9066 310.237 630.91 620.65 -10.26 6.714 0.1 491970 22594
2007 08 08 17 4 52.275 -5.8913 107.451 295.8 0.5107 30.1262 1.7 271.831 77.4457 307.169 691.504 682.87 -8.634 5.508 0.1 493806 22594
2007 09 12 23 49 0.541 -2.6161 100.726 36 0.5107 30.1262 1.7 271.452 70.6458 303.498 676.777 671.80 -4.977 6.089 0.1 495417 22594
2007 09 13 2 29 54.339 -1.6708 99.5879 24.8 0.5107 30.1262 1.7 271.163 69.4872 307.581 675.322 666.27 -9.052 6.176 0.1 495434 22594
2006 12 01 3 58 17.401 3.4287 99.113 206.1 0.206 30.4474 1.302 268.89 68.6922 302.794 645.393 641.15 -4.243 6.172 0.1 483673 22595
2006 12 01 14 1 40.474 -8.347 118.738 46.8 0.206 30.4474 1.302 270.449 88.3378 307.477 775.483 766.66 -8.823 4.750 0.1 483689 22595
2006 12 22 19 50 31.100 10.6955 92.4049 31 0.206 30.4474 1.302 264.616 62.4372 313.205 634.625 620.10 -14.525 6.679 0.1 484480 22595
2007 01 08 12 48 34.123 8.0486 92.4527 17.4 0.206 30.4474 1.302 265.999 62.269 306.675 628.952 620.93 -8.022 6.696 0.1 485134 22595
2007 01 20 6 21 3.547 -55.321 -29.4544 10 0.206 30.4474 1.302 64.4529 73.519 302.458 696.451 693.38 -3.071 5.880 0.1 485767 22595
2007 02 12 10 35 20.832 35.9176 -10.2442 30.4 0.206 30.4474 1.302 124.01 51.862 300.498 546.926 546.15 -0.776 7.446 0.1 486691 22595
2007 03 06 3 49 37.382 -0.5271 100.465 22.5 0.206 30.4474 1.302 270.408 70.0203 302.458 673.816 669.88 -3.936 6.139 0.1 487469 22595
2007 04 07 7 9 12.506 37.348 -24.5125 9.1 0.206 30.4474 1.302 112.789 62.6317 310.644 636.498 625.14 -11.358 6.665 0.1 488992 22595
2007 05 04 12 6 46.703 -1.3491 -15.0475 10 0.206 30.4474 1.302 88.3966 45.5174 301.682 502.399 499.64 -2.759 7.919 0.1 553168 22595
2007 05 05 8 51 26.157 34.2694 82.0337 14.2 0.206 30.4474 1.302 246.217 58.8983 312.602 612.185 598.92 -13.265 6.939 0.1 553169 22595
2007 05 16 8 55 58.130 20.5752 100.758 1.3 0.206 30.4474 1.302 263.074 71.5222 313.668 697.518 682.53 -14.988 6.034 0.1 490633 22595
2006 07 17 15 45 52.872 -9.4343 108.327 19.1 0.6309 30.6498 1.355 272.669 77.9489 304.238 722.486 716.78 -5.706 5.558 0.1 478349 22596
2006 07 19 10 57 22.913 -6.5781 105.386 49.3 0.6309 30.6498 1.355 272.423 74.9125 312.225 709.332 695.63 -13.702 5.771 0.1 478478 22596
2006 08 11 20 54 1.367 2.3825 96.3657 30.2 0.6309 30.6498 1.355 269.62 65.7111 312.204 655.297 641.66 -13.637 6.447 0.1 479284 22596
2006 09 09 4 13 6.176 -7.2509 120.128 579.1 0.6309 30.6498 1.355 270.687 89.5606 305.215 722.919 716.39 -6.529 4.631 0.1 480240 22596
2006 09 21 18 54 39.941 -9.1324 110.35 19.4 0.6309 30.6498 1.355 272.27 79.931 309.069 738.128 727.60 -10.528 5.412 0.1 480611 22596
2006 10 09 10 1 45.245 20.7439 120.074 18.4 0.6309 30.6498 1.355 270.384 89.2408 301.534 777.569 774.76 -2.809 4.685 0.1 481250 22596
2006 10 22 8 55 3.289 -45.821 96.0662 10 0.6309 30.6498 1.355 288.543 73.5553 310.109 704.42 693.50 -10.92 5.878 0.1 553167 22596
2006 12 22 19 50 36.729 10.6955 92.4049 31 0.6309 30.6498 1.355 265.036 62.1528 307.368 626.879 618.19 -8.689 6.701 0.1 484480 22596
2006 12 26 12 26 15.862 21.8643 120.545 6.6 0.6309 30.6498 1.355 270.543 89.6703 303.776 783.774 778.74 -5.034 4.653 0.1 484630 22596
2006 12 26 12 34 1.463 22.0298 120.498 30.2 0.6309 30.6498 1.355 270.525 89.6255 313.432 789.469 774.78 -14.689 4.652 0.1 553173 22596
2007 01 08 12 48 29.184 8.0486 92.4527 17.4 0.6309 30.6498 1.355 266.436 62.0042 311.645 632.141 619.15 -12.991 6.716 0.1 485134 22596
2007 01 08 17 21 47.048 39.823 70.309 18.4 0.6309 30.6498 1.355 232.902 53.142 300.423 558.015 557.39 -0.625 7.356 0.1 485144 22596
2007 01 20 6 21 1.608 -55.321 -29.4544 10 0.6309 30.6498 1.355 64.4068 73.985 302.76 699.492 696.12 -3.372 5.846 0.1 485767 22596
2007 02 12 10 35 23.620 35.9176 -10.2442 30.4 0.6309 30.6498 1.355 123.457 51.6872 298.954 544.074 544.82 0.746 7.459 0.1 486691 22596
2007 04 03 3 35 1.787 36.5173 70.6851 213 0.6309 30.6498 1.355 235.336 51.4471 301.935 526.348 524.15 -2.198 7.397 0.1 488696 22596
2007 04 05 3 56 39.244 37.3777 -24.6318 4.3 0.6309 30.6498 1.355 112.208 62.5942 307.593 633.969 625.65 -8.319 6.669 0.1 488877 22596
2007 04 07 7 9 19.703 37.348 -24.5125 9.1 0.6309 30.6498 1.355 112.285 62.495 303.187 628.124 624.21 -3.914 6.676 0.1 488992 22596
2007 04 07 9 51 43.329 2.9207 95.6909 31.2 0.6309 30.6498 1.355 269.341 65.0419 305.974 644.585 637.19 -7.395 6.497 0.1 489001 22596
2007 05 16 8 56 10.467 20.5752 100.758 1.3 0.6309 30.6498 1.355 263.411 71.1793 301.349 683.122 680.44 -2.682 6.057 0.1 490633 22596
2007 07 25 23 37 30.032 7.0991 92.5074 27.7 0.6309 30.6498 1.355 266.946 62.0039 302.324 621.312 617.63 -3.682 6.713 0.1 493212 22596
2007 08 08 17 4 45.530 -5.8913 107.451 295.8 0.6309 30.6498 1.355 272.01 76.9379 312.425 693.955 680.06 -13.895 5.546 0.1 493806 22596
2007 08 20 22 42 18.886 8.1252 -39.2485 0.7 0.6309 30.6498 1.355 92.2823 70.0135 307.109 681.923 673.36 -8.563 6.144 0.1 553174 22596
2006 07 17 8 19 19.620 -9.3178 107.424 20 -0.1905 29.8996 0.959 271.847 77.6581 309.06 725.54 715.00 -10.54 5.580 0.1 478297 22597
2006 07 17 9 13 1.646 -9.093 107.857 48.7 -0.1905 29.8996 0.959 271.728 78.0783 308.791 723.865 713.60 -10.265 5.540 0.1 478304 22597
2006 07 19 10 57 33.787 -6.5781 105.386 49.3 -0.1905 29.8996 0.959 271.493 75.5605 302.007 702.84 699.34 -3.5 5.722 0.1 478478 22597
2006 07 27 11 16 35.764 1.7056 97.1228 31.8 -0.1905 29.8996 0.959 269.084 67.2399 306.363 659.019 651.21 -7.809 6.337 0.1 478761 22597
2006 08 11 20 54 11.858 2.3825 96.3657 30.2 -0.1905 29.8996 0.959 268.764 66.496 304.598 652.74 646.70 -6.04 6.390 0.1 479284 22597
2006 08 20 3 41 42.466 -61.016 -34.2851 0.5 -0.1905 29.8996 0.959 67.1833 77.5854 305.593 724.407 718.15 -6.257 5.585 0.1 553166 22597
2007 01 08 17 21 43.757 39.823 70.309 18.4 -0.1905 29.8996 0.959 233.014 54.2467 305.664 571.367 565.50 -5.867 7.275 0.1 485144 22597
2007 01 17 23 18 37.827 10.0953 58.7229 10 -0.1905 29.8996 0.959 252.088 30.4419 313.416 386.9492 372.83 -14.1192 8.837 0.1 485686 22597
2007 01 20 6 21 4.393 -55.321 -29.4544 10 -0.1905 29.8996 0.959 64.1743 72.8993 303.366 693.693 689.71 -3.983 5.926 0.1 485767 22597
2007 02 12 10 35 20.044 35.9176 -10.2442 30.4 -0.1905 29.8996 0.959 124.863 51.7878 301.763 547.639 545.63 -2.009 7.451 0.1 486691 22597
2007 03 06 3 49 33.360 -0.5271 100.465 22.5 -0.1905 29.8996 0.959 269.984 70.5642 306.975 681.665 673.21 -8.455 6.099 0.1 487469 22597
2007 08 20 22 42 26.458 8.1252 -39.2485 0.7 -0.1905 29.8996 0.959 93.2613 69.3926 299.525 670.507 669.54 -0.967 6.189 0.1 553174 22597
2007 09 12 23 49 2.971 -2.6161 100.726 36 -0.1905 29.8996 0.959 270.703 70.838 301.486 675.935 672.97 -2.965 6.075 0.1 495417 22597
2006 07 27 11 16 32.051 1.7056 97.1228 31.8 0.6585 30.5689 1.377 269.978 66.5453 308.391 656.62 646.79 -9.83 6.386 0.1 478761 22598
2006 08 11 20 54 6.172 2.3825 96.3657 30.2 0.6585 30.5689 1.377 269.653 65.7908 307.803 651.411 642.17 -9.241 6.442 0.1 479284 22598
2006 08 20 3 41 44.234 -61.016 -34.2851 0.5 0.6585 30.5689 1.377 67.4071 78.6396 302.175 726.841 724.02 -2.821 5.505 0.1 553166 22598
2006 12 01 3 58 18.321 3.4287 99.113 206.1 0.6585 30.5689 1.377 269.364 68.5436 300.942 642.621 640.23 -2.391 6.183 0.1 483673 22598
2006 12 01 14 1 42.254 -8.347 118.738 46.8 0.6585 30.5689 1.377 270.912 88.2825 305.453 773.199 766.40 -6.799 4.754 0.1 483689 22598
2007 01 08 12 48 38.094 8.0486 92.4527 17.4 0.6585 30.5689 1.377 266.481 62.08 302.415 623.421 619.66 -3.761 6.710 0.1 485134 22598
2007 01 08 17 21 42.601 39.823 70.309 18.4 0.6585 30.5689 1.377 233.003 53.1701 306.043 563.842 557.60 -6.242 7.354 0.1 485144 22598
2007 01 20 6 20 52.774 -55.321 -29.4544 10 0.6585 30.5689 1.377 64.32 73.9668 312.079 708.705 696.02 -12.685 5.847 0.1 485767 22598
2007 02 12 10 35 11.721 35.9176 -10.2442 30.4 0.6585 30.5689 1.377 123.509 51.6123 309.795 554.354 544.27 -10.084 7.465 0.1 486691 22598
2007 03 06 5 49 17.790 -0.501 100.474 30.1 0.6585 30.5689 1.377 270.878 69.9135 310.455 680.065 668.13 -11.935 6.145 0.1 487471 22598
2007 04 03 3 34 49.721 36.5173 70.6851 213 0.6585 30.5689 1.377 235.436 51.4803 306.713 531.372 524.40 -6.972 7.395 0.1 488696 22598
2007 04 05 3 56 37.207 37.3777 -24.6318 4.3 0.6585 30.5689 1.377 112.247 62.516 309.754 635.607 625.12 -10.487 6.675 0.1 488877 22598
2007 04 07 7 9 16.337 37.348 -24.5125 9.1 0.6585 30.5689 1.377 112.323 62.4168 303.789 628.202 623.69 -4.512 6.682 0.1 488992 22598
2007 04 07 9 51 41.893 2.9207 95.6909 31.2 0.6585 30.5689 1.377 269.375 65.1213 307.395 646.522 637.70 -8.822 6.491 0.1 489001 22598
2007 04 28 14 2 24.917 -60.9376 -20.369 10 0.6585 30.5689 1.377 54.4184 72.6806 311.493 700.476 688.54 -11.936 5.940 0.1 489944 22598
2007 05 05 8 51 39.425 34.2694 82.0337 14.2 0.6585 30.5689 1.377 246.524 58.5133 301.023 597.918 596.22 -1.698 6.965 0.1 553169 22598
2007 06 02 21 34 55.120 23.0653 101.024 11.6 0.6585 30.5689 1.377 262.754 71.787 302.641 686.381 682.44 -3.941 6.012 0.1 552970 22598
2007 08 08 17 4 56.828 -5.8913 107.451 295.8 0.6585 30.5689 1.377 272.029 77.0213 301.606 683.598 680.52 -3.078 5.540 0.1 493806 22598
2007 08 08 17 4 55.853 -6.089 107.584 293.8 0.6585 30.5689 1.377 272.059 77.1601 301.708 684.675 681.50 -3.175 5.530 0.1 493806 22598
2007 08 20 22 42 21.503 8.1252 -39.2485 0.7 0.6585 30.5689 1.377 92.266 69.9295 304.358 678.655 672.84 -5.815 6.150 0.1 553174 22598
2007 09 14 6 1 25.679 -4.1551 101.1 32.9 0.6585 30.5689 1.377 272.149 70.6344 306.787 680.408 672.15 -8.258 6.091 0.1 495507 22598
2006 07 17 15 45 47.554 -9.4343 108.327 19.1 0.5938 30.7424 1.294 272.648 77.8515 308.965 726.671 716.24 -10.431 5.565 0.1 478349 22599
2006 07 19 10 57 27.250 -6.5781 105.386 49.3 0.5938 30.7424 1.294 272.397 74.8161 307.799 704.349 695.07 -9.279 5.778 0.1 478478 22599
2006 08 11 20 54 9.095 2.3825 96.3657 30.2 0.5938 30.7424 1.294 269.575 65.6201 304.044 646.549 641.07 -5.479 6.454 0.1 479284 22599
2006 09 21 18 54 44.628 -9.1324 110.35 19.4 0.5938 30.7424 1.294 272.248 79.8337 304.325 732.857 727.07 -5.787 5.420 0.1 480611 22599
2006 10 09 10 1 37.309 20.7439 120.074 18.4 0.5938 30.7424 1.294 270.317 89.1671 309.966 785.657 774.42 -11.237 4.691 0.1 481250 22599
2006 12 22 19 50 41.048 10.6955 92.4049 31 0.5938 30.7424 1.294 264.974 62.0696 303.024 621.976 617.63 -4.346 6.707 0.1 484480 22599
2006 12 26 12 26 16.379 21.8643 120.545 6.6 0.5938 30.7424 1.294 270.475 89.5979 302.29 781.951 778.40 -3.551 4.659 0.1 484630 22599
2007 01 08 12 48 39.763 8.0486 92.4527 17.4 0.5938 30.7424 1.294 266.379 61.9183 300.732 620.649 618.57 -2.079 6.722 0.1 485134 22599
2007 01 08 17 21 49.133 39.823 70.309 18.4 0.5938 30.7424 1.294 232.782 53.1142 299.606 556.993 557.19 0.197 7.358 0.1 485144 22599
2007 01 20 6 21 3.263 -55.321 -29.4544 10 0.5938 30.7424 1.294 64.5091 74.0012 302.619 699.446 696.21 -3.236 5.845 0.1 485767 22599
2007 02 12 10 35 9.028 35.9176 -10.2442 30.4 0.5938 30.7424 1.294 123.402 51.7771 311.794 557.586 545.49 -12.096 7.452 0.1 486691 22599
2007 02 28 23 13 15.845 -55.2878 -29.2147 21.4 0.5938 30.7424 1.294 64.3041 73.8632 301.704 695.879 693.57 -2.309 5.852 0.1 487296 22599
2007 03 01 23 11 50.501 26.5904 -44.6219 10 0.5938 30.7424 1.294 96.0925 76.6546 299.178 711.557 711.08 -0.477 5.654 0.1 487325 22599
2007 03 06 5 49 18.624 -0.501 100.474 30.1 0.5938 30.7424 1.294 270.812 69.7392 310.25 678.786 667.06 -11.726 6.156 0.1 487471 22599
2007 04 03 3 34 52.937 36.5173 70.6851 213 0.5938 30.7424 1.294 235.216 51.4134 310.708 534.871 523.91 -10.961 7.399 0.1 488696 22599
2007 04 05 3 56 44.380 37.3777 -24.6318 4.3 0.5938 30.7424 1.294 112.168 62.6874 302.029 629.029 626.27 -2.759 6.662 0.1 488877 22599
2007 04 07 7 9 11.969 37.348 -24.5125 9.1 0.5938 30.7424 1.294 112.245 62.5882 303.154 628.715 624.83 -3.885 6.669 0.1 488992 22599
2007 04 07 9 51 49.579 2.9207 95.6909 31.2 0.5938 30.7424 1.294 269.295 64.9513 298.758 636.779 636.60 -0.179 6.503 0.1 489001 22599
2007 04 28 14 2 32.839 -60.9376 -20.369 10 0.5938 30.7424 1.294 54.6119 72.6906 303.242 692.283 688.60 -3.683 5.940 0.1 489944 22599
2007 05 04 12 6 40.186 -1.3491 -15.0475 10 0.5938 30.7424 1.294 87.8748 45.8273 310.718 513.892 502.09 -11.802 7.897 0.1 553168 22599
2007 05 05 8 51 29.272 34.2694 82.0337 14.2 0.5938 30.7424 1.294 246.334 58.4235 309.428 605.696 595.60 -10.096 6.969 0.1 553169 22599
2007 05 16 8 56 9.728 20.5752 100.758 1.3 0.5938 30.7424 1.294 263.339 71.1066 301.99 683.322 680.00 -3.322 6.062 0.1 490633 22599
2007 06 24 0 25 2.200 -55.6106 -2.4337 10 0.5938 30.7424 1.294 38.2131 62.1987 314.864 637.504 622.60 -14.904 6.692 0.1 491970 22599
2007 07 03 8 25 45.112 0.72 -30.2614 10 0.5938 30.7424 1.294 89.722 60.9995 313.54 628.438 613.54 -14.898 6.794 0.1 492281 22599
2007 07 31 22 55 22.608 -0.1853 -17.7754 17.6 0.5938 30.7424 1.294 89.05 48.5233 298.044 521.096 521.92 0.824 7.701 0.1 493455 22599
2007 08 08 17 5 6.623 -5.8913 107.451 295.8 0.5938 30.7424 1.294 271.982 76.8419 291.726 672.723 679.53 6.807 5.553 0.1 493807 22599
2007 09 12 11 10 25.633 -4.4637 101.396 35.5 0.5938 30.7424 1.294 272.177 70.7631 308.393 682.44 672.58 -9.86 6.081 0.1 495373 22599
2007 09 13 2 29 51.444 -1.6708 99.5879 24.8 0.5938 30.7424 1.294 271.274 68.8743 310.246 674.182 662.47 -11.712 6.221 0.1 495434 22599
2007 09 13 3 35 14.117 -2.1573 99.5731 20 0.5938 30.7424 1.294 271.461 68.871 313.262 677.865 663.14 -14.725 6.222 0.1 495438 22599
2007 09 13 16 9 6.935 -3.2096 101.365 50.9 0.5938 30.7424 1.294 271.744 70.6899 308.448 680.333 670.41 -9.923 6.081 0.1 495466 22599
2007 09 14 6 1 26.906 -4.1551 101.1 32.9 0.5938 30.7424 1.294 272.096 70.4564 305.409 677.943 671.07 -6.873 6.105 0.1 495507 22599
2006 06 18 18 27 54.977 33.0195 -39.6579 9.2 0.7632 30.0392 0.816 100.692 72.6224 306.286 695.329 687.91 -7.419 5.950 0.1 553175 22600
2006 08 11 20 54 13.013 2.3825 96.3657 30.2 0.7632 30.0392 0.816 269.79 66.3159 303.671 650.658 645.55 -5.108 6.404 0.1 479284 22600
2006 08 20 3 41 39.330 -61.016 -34.2851 0.5 0.7632 30.0392 0.816 66.8766 78.4948 307.789 731.659 723.23 -8.429 5.515 0.1 553166 22600
2006 07 17 8 19 15.091 -9.3178 107.424 20 0.7425 30.3844 1.556 272.866 77.3337 311.68 726.349 713.20 -13.149 5.604 0.1 478297 22601
2006 07 19 10 57 23.236 -6.5781 105.386 49.3 0.7425 30.3844 1.556 272.504 75.1893 312.101 710.805 697.22 -13.585 5.750 0.1 478478 22601
2006 07 27 11 16 37.307 1.7056 97.1228 31.8 0.7425 30.3844 1.556 270.074 66.7275 302.81 652.203 647.95 -4.253 6.373 0.1 478761 22601
2006 08 11 20 54 15.225 2.3825 96.3657 30.2 0.7425 30.3844 1.556 269.753 65.9718 299.802 644.577 643.34 -1.237 6.429 0.1 479284 22601
2006 08 20 3 41 45.259 -61.016 -34.2851 0.5 0.7425 30.3844 1.556 67.2008 78.6312 301.319 725.94 723.98 -1.96 5.505 0.1 553166 22601
2006 09 09 4 13 5.773 -7.2509 120.128 579.1 0.7425 30.3844 1.556 270.764 89.8378 305.495 724.482 717.68 -6.802 4.627 0.1 480240 22601
2006 10 22 8 55 11.447 -45.821 96.0662 10 0.7425 30.3844 1.556 288.413 73.8143 302.174 698.007 695.02 -2.987 5.860 0.1 553167 22601
2006 12 01 14 1 39.615 -8.347 118.738 46.8 0.7425 30.3844 1.556 270.968 88.4772 308.056 776.721 767.32 -9.401 4.739 0.1 483689 22601
2006 12 26 12 26 13.447 21.8643 120.545 6.6 0.7425 30.3844 1.556 270.744 89.8757 305.029 785.982 779.69 -6.292 4.643 0.1 484630 22601
2007 01 08 12 48 36.953 8.0486 92.4527 17.4 0.7425 30.3844 1.556 266.605 62.2498 303.537 625.684 620.79 -4.894 6.698 0.1 485134 22601
2007 02 12 10 35 10.418 35.9176 -10.2442 30.4 0.7425 30.3844 1.556 123.611 51.426 310.505 553.667 542.87 -10.797 7.478 0.1 486691 22601
2007 03 01 23 11 47.529 26.5904 -44.6219 10 0.7425 30.3844 1.556 96.1248 76.2686 302.372 712.563 708.89 -3.673 5.680 0.1 487325 22601
2007 03 08 11 14 19.284 -58.1609 -7.6718 4 0.7425 30.3844 1.556 42.4247 66.0179 312.656 661.372 648.54 -12.832 6.422 0.1 553170 22601
2007 04 05 3 56 35.318 37.3777 -24.6318 4.3 0.7425 30.3844 1.556 112.318 62.3236 311.033 635.595 623.84 -11.755 6.690 0.1 488877 22601
2007 04 07 7 9 13.979 37.348 -24.5125 9.1 0.7425 30.3844 1.556 112.395 62.2245 310.148 633.269 622.40 -10.869 6.697 0.1 488992 22601
2007 04 07 9 51 48.003 2.9207 95.6909 31.2 0.7425 30.3844 1.556 269.477 65.3014 302.355 642.652 638.87 -3.782 6.477 0.1 489001 22601
2007 04 28 14 2 31.436 -60.9376 -20.369 10 0.7425 30.3844 1.556 54.2063 72.684 302.463 691.467 688.57 -2.897 5.940 0.1 489944 22601
2007 05 04 12 6 37.949 -1.3491 -15.0475 10 0.7425 30.3844 1.556 87.6464 45.4762 311.479 511.87 499.31 -12.56 7.922 0.1 553168 22601
2007 05 16 8 56 12.736 20.5752 100.758 1.3 0.7425 30.3844 1.556 263.622 71.3859 299.242 682.266 681.69 -0.576 6.044 0.1 490633 22601
2007 06 24 0 25 14.689 -55.6106 -2.4337 10 0.7425 30.3844 1.556 37.7756 62.2121 302.716 625.447 622.70 -2.747 6.691 0.1 491970 22601
2007 06 26 22 23 0.376 -10.4979 108.214 18.2 0.7425 30.3844 1.556 272.976 78.1709 302.608 722.232 718.16 -4.072 5.541 0.1 492054 22601
2007 08 08 17 4 55.984 -5.8913 107.451 295.8 0.7425 30.3844 1.556 272.093 77.2137 302.578 685.634 681.59 -4.044 5.525 0.1 493806 22601
2007 09 13 3 35 18.092 -2.1573 99.5731 20 0.7425 30.3844 1.556 271.602 69.2352 308.859 675.727 665.40 -10.327 6.196 0.1 495438 22601
2007 09 13 16 9 4.568 -3.2096 101.365 50.9 0.7425 30.3844 1.556 271.877 71.0565 311.595 685.707 672.63 -13.077 6.055 0.1 495466 22601
2007 09 19 7 27 41.605 -2.7753 100.83 38.4 0.7425 30.3844 1.556 271.76 70.5088 311.405 683.58 670.70 -12.88 6.099 0.1 495719 22601
2007 09 20 8 31 11.075 -2.0214 100.059 30.9 0.7425 30.3844 1.556 271.529 69.7171 303.499 671.784 666.81 -4.974 6.157 0.1 553171 22601
2006 06 18 18 27 54.618 33.0195 -39.6579 9.2 0.6424 30.0342 0.987 100.798 72.686 305.84 695.262 688.30 -6.962 5.945 0.1 553175 22602
2006 07 17 8 19 25.575 -9.3178 107.424 20 0.6424 30.0342 0.987 272.705 77.6623 302.275 718.78 715.03 -3.75 5.579 0.1 478297 22602
2006 08 11 20 54 12.950 2.3825 96.3657 30.2 0.6424 30.0342 0.987 269.659 66.3257 301.985 649.035 645.61 -3.425 6.403 0.1 479284 22602
2006 08 20 3 41 32.896 -61.016 -34.2851 0.5 0.6424 30.0342 0.987 66.9269 78.3853 313.709 736.973 722.62 -14.353 5.523 0.1 553166 22602
2008 04 28 15 57 50.925 -58.8452 -24.8411 10 0.2057 30.008 1.349 58.878 72.766 301.908 691.413 688.99 -2.423 5.935 0.1 498687 22603
2008 05 12 6 27 59.277 31.0636 103.372 7.6 0.2057 30.008 1.349 261.457 75.6701 297.422 704.555 705.94 1.385 5.723 0.1 550881 22603
2008 05 19 14 26 45.914 1.6754 99.0534 14.8 0.2057 30.008 1.349 269.581 69.0484 300.324 666.88 665.09 -1.79 6.211 0.1 499120 22603
2008 05 23 19 35 34.158 7.3593 -34.891 10 0.2057 30.008 1.349 93.1883 65.0885 300.88 643.002 640.72 -2.282 6.499 0.1 550883 22603
2008 05 25 8 21 47.947 32.6031 105.377 14 0.2057 30.008 1.349 262.206 77.5781 299.24 716.093 715.66 -0.433 5.586 0.1 550741 22603
2008 05 29 15 45 58.737 63.9564 -20.9875 10 0.2057 30.008 1.349 125.931 73.6782 300.018 694.861 694.36 -0.501 5.868 0.1 553046 22603
2008 05 31 4 37 53.362 -41.2531 80.4853 0.5 0.2057 30.008 1.349 298.609 61.4788 300.594 620.042 618.94 -1.102 6.753 0.1 499270 22603
2008 06 08 12 25 29.574 37.9608 21.4486 15.8 0.2057 30.008 1.349 166.133 38.3897 298.59 439.916 442.01 2.094 8.401 0.1 551184 22603
2006 07 17 8 19 14.767 -9.3178 107.424 20 0.8687 30.4739 1.3 273.008 77.2666 312.603 726.896 712.82 -14.076 5.609 0.1 478297 22604
2006 07 17 15 45 54.148 -9.4343 108.327 19.1 0.8687 30.4739 1.3 272.877 78.1623 301.32 720.752 717.97 -2.782 5.541 0.1 478349 22604
2006 07 19 10 57 25.700 -6.5781 105.386 49.3 0.8687 30.4739 1.3 272.644 75.1157 309.333 707.613 696.80 -10.813 5.756 0.1 478478 22604
2006 09 09 4 12 56.191 -7.2509 120.128 579.1 0.8687 30.4739 1.3 270.899 89.7648 309.099 727.748 717.34 -10.408 4.628 0.1 480240 22604
2006 09 21 18 54 42.938 -9.1324 110.35 19.4 0.8687 30.4739 1.3 272.477 80.1429 304.859 735.061 728.75 -6.311 5.396 0.1 480611 22604
2006 10 09 10 1 39.507 20.7439 120.074 18.4 0.8687 30.4739 1.3 270.667 89.3223 306.926 783.339 775.14 -8.199 4.679 0.1 481250 22604
2006 10 22 8 55 14.643 -45.821 96.0662 10 0.8687 30.4739 1.3 288.569 73.8487 298.738 694.775 695.23 0.455 5.857 0.1 553167 22604
2006 12 01 3 58 17.210 3.4287 99.113 206.1 0.8687 30.4739 1.3 269.594 68.6262 301.471 643.661 640.74 -2.921 6.177 0.1 483673 22604
2007 01 20 6 20 54.991 -55.321 -29.4544 10 0.8687 30.4739 1.3 64.1235 74.0969 310.889 708.278 696.79 -11.488 5.837 0.1 485767 22604
2007 02 12 10 35 10.666 35.9176 -10.2442 30.4 0.8687 30.4739 1.3 123.418 51.3943 310.783 553.707 542.63 -11.077 7.481 0.1 486691 22604
2007 03 06 3 49 35.492 -0.5271 100.465 22.5 0.8687 30.4739 1.3 271.109 70.0024 304.185 675.433 669.77 -5.663 6.140 0.1 487469 22604
2007 03 08 11 14 26.483 -58.1609 -7.6718 4 0.8687 30.4739 1.3 42.4671 66.167 305.071 654.748 649.50 -5.248 6.411 0.1 553170 22604
2007 04 28 14 2 29.780 -60.9376 -20.369 10 0.8687 30.4739 1.3 54.2403 72.8345 307.072 696.972 689.47 -7.502 5.929 0.1 489944 22604
2007 05 04 12 6 50.034 -1.3491 -15.0475 10 0.8687 30.4739 1.3 87.4767 45.5714 299.208 500.354 500.07 -0.284 7.915 0.1 553168 22604
2007 05 16 8 56 6.438 20.5752 100.758 1.3 0.8687 30.4739 1.3 263.711 71.2569 305.49 687.732 680.90 -6.832 6.053 0.1 490633 22604
2007 06 24 0 25 13.950 -55.6106 -2.4337 10 0.8687 30.4739 1.3 37.8212 62.3607 304.948 628.678 623.70 -4.978 6.680 0.1 491970 22604
2007 06 26 22 23 0.732 -10.4979 108.214 18.2 0.8687 30.4739 1.3 273.119 78.1066 302.324 721.592 717.81 -3.782 5.546 0.1 492054 22604
2007 07 03 8 25 57.167 0.72 -30.2614 10 0.8687 30.4739 1.3 89.4116 60.7291 301.681 614.734 611.70 -3.034 6.814 0.1 492281 22604
2007 08 08 17 4 49.581 -5.8913 107.451 295.8 0.8687 30.4739 1.3 272.231 77.1382 309.446 692.085 681.17 -10.915 5.531 0.1 493806 22604
2007 08 08 17 4 48.603 -6.089 107.584 293.8 0.8687 30.4739 1.3 272.261 77.2777 309.509 693.126 682.15 -10.976 5.521 0.1 493806 22604
2007 09 13 16 9 14.142 -3.2096 101.365 50.9 0.8687 30.4739 1.3 272.015 70.9751 301.53 675.148 672.14 -3.008 6.060 0.1 495466 22604
2007 09 19 7 27 48.328 -2.7753 100.83 38.4 0.8687 30.4739 1.3 271.898 70.4264 304.516 676.188 670.20 -5.988 6.105 0.1 495719 22604
2007 09 20 8 31 0.794 -2.0214 100.059 30.9 0.8687 30.4739 1.3 271.667 69.6331 312.46 680.226 666.29 -13.936 6.164 0.1 553171 22604
2006 05 16 15 28 27.397 0.1165 97.1062 30.7 0.8609 30.1708 0.98 270.88 66.9363 299.686 650.569 649.43 -1.139 6.357 0.1 475990 22605
2006 06 18 18 27 52.277 33.0195 -39.6579 9.2 0.8609 30.1708 0.98 100.53 72.6763 309.444 698.807 688.23 -10.577 5.946 0.1 553175 22605
2006 07 17 8 19 15.163 -9.3178 107.424 20 0.8609 30.1708 0.98 272.948 77.564 312.526 728.483 714.49 -13.993 5.587 0.1 478297 22605
2006 08 11 20 54 13.882 2.3825 96.3657 30.2 0.8609 30.1708 0.98 269.89 66.1807 301.568 647.686 644.68 -3.006 6.414 0.1 479284 22605
2006 07 17 8 19 25.605 -9.3178 107.424 20 0.0002 29.7611 1.096 272.015 77.8259 300.452 717.867 715.94 -1.927 5.567 0.1 478297 22606
2006 07 17 9 13 7.902 -9.093 107.857 48.7 0.0002 29.7611 1.096 271.896 78.2453 302.183 718.181 714.52 -3.661 5.527 0.1 478304 22606
2006 07 17 15 45 57.712 -9.4343 108.327 19.1 0.0002 29.7611 1.096 271.887 78.7202 299.706 722.214 721.03 -1.184 5.501 0.1 478349 22606
2006 07 27 11 16 28.965 1.7056 97.1228 31.8 0.0002 29.7611 1.096 269.294 67.3721 313.147 666.642 652.04 -14.602 6.327 0.1 478761 22606
2006 08 11 20 54 11.029 2.3825 96.3657 30.2 0.0002 29.7611 1.096 268.977 66.6257 304.672 653.643 647.53 -6.113 6.381 0.1 479284 22606
2007 01 20 6 20 55.581 -55.321 -29.4544 10 -0.2552 30.1026 1.359 64.391 72.9487 310.613 701.232 690.00 -11.232 5.922 0.1 485767 22607
2007 03 08 11 14 28.181 -58.1609 -7.6718 4 -0.2552 30.1026 1.359 42.5254 64.9917 305.177 647.236 641.87 -5.366 6.498 0.1 553170 22607
2007 06 26 22 22 59.865 -10.4979 108.214 18.2 -0.2552 30.1026 1.359 271.928 78.2637 303.291 723.426 718.66 -4.766 5.534 0.1 492054 22607
2007 07 03 8 25 49.120 0.72 -30.2614 10 -0.2552 30.1026 1.359 90.6984 60.3705 310.23 620.83 609.25 -11.58 6.840 0.1 492281 22607
2007 09 12 11 10 22.929 -4.4637 101.396 35.5 -0.2552 30.1026 1.359 271.233 71.3309 311.363 688.854 676.01 -12.844 6.040 0.1 495373 22607
2007 09 13 2 29 55.163 -1.6708 99.5879 24.8 -0.2552 30.1026 1.359 270.35 69.4867 307.139 674.876 666.26 -8.616 6.176 0.1 495434 22607
2007 09 13 3 35 26.164 -2.1573 99.5731 20 -0.2552 30.1026 1.359 270.532 69.4756 301.378 669.734 666.88 -2.854 6.178 0.1 495438 22607
2007 09 14 6 1 27.959 -4.1551 101.1 32.9 -0.2552 30.1026 1.359 271.153 71.0291 306.651 682.672 674.54 -8.132 6.062 0.1 495507 22607
2006 06 21 12 34 41.222 6.9374 92.4882 21.5 0.844 30.2293 1.037 267.327 62.3661 311.973 634.271 620.93 -13.341 6.688 0.1 477331 22608
2006 07 17 15 45 54.179 -9.4343 108.327 19.1 0.844 30.2293 1.037 272.81 78.3991 302.388 723.129 719.28 -3.849 5.523 0.1 478349 22608
2006 08 11 20 54 14.253 2.3825 96.3657 30.2 0.844 30.2293 1.037 269.869 66.1229 300.845 646.592 644.31 -2.282 6.418 0.1 479284 22608
2007 02 28 23 13 16.479 -55.2878 -29.2147 21.4 0.7893 30.2208 1.11 63.7343 73.7615 300.883 694.464 692.99 -1.474 5.860 0.1 487296 22609
2007 03 06 3 49 26.156 -0.5271 100.465 22.5 0.7893 30.2208 1.11 271.021 70.2543 313.308 686.102 671.32 -14.782 6.122 0.1 487469 22609
2007 03 06 5 49 27.482 -0.501 100.474 30.1 0.7893 30.2208 1.11 271.012 70.2633 300.836 672.594 670.28 -2.314 6.120 0.1 487471 22609
2007 03 08 11 14 18.310 -58.1609 -7.6718 4 0.7893 30.2208 1.11 42.2393 66.003 313.351 661.971 648.45 -13.521 6.423 0.1 553170 22609
2007 04 03 3 35 1.905 36.5173 70.6851 213 0.7893 30.2208 1.11 235.879 51.6148 302.26 527.915 525.38 -2.535 7.385 0.1 488696 22609
2007 04 07 7 9 17.061 37.348 -24.5125 9.1 0.7893 30.2208 1.11 112.481 62.0725 305.543 627.642 621.38 -6.262 6.708 0.1 488992 22609
2007 04 07 9 51 49.819 2.9207 95.6909 31.2 0.7893 30.2208 1.11 269.537 65.4624 299.068 640.409 639.91 -0.499 6.465 0.1 489001 22609
2007 05 16 8 55 59.338 20.5752 100.758 1.3 0.7893 30.2208 1.11 263.73 71.5214 312.329 696.171 682.50 -13.671 6.034 0.1 490633 22609
2007 06 24 0 25 14.997 -55.6106 -2.4337 10 0.7893 30.2208 1.11 37.584 62.1989 303.137 625.78 622.62 -3.16 6.692 0.1 491970 22609
2007 06 26 22 22 59.439 -10.4979 108.214 18.2 0.7893 30.2208 1.11 272.992 78.3403 304.655 725.216 719.10 -6.116 5.528 0.1 492054 22609
2007 07 03 8 25 51.954 0.72 -30.2614 10 0.7893 30.2208 1.11 89.504 60.4765 306.083 617.409 609.97 -7.439 6.833 0.1 492281 22609
2007 08 08 17 4 58.320 -5.8913 107.451 295.8 0.7893 30.2208 1.11 272.123 77.3813 300.431 684.411 682.51 -1.901 5.512 0.1 493806 22609
2007 09 12 11 10 20.419 -4.4637 101.396 35.5 0.7893 30.2208 1.11 272.335 71.2994 313.506 690.807 675.83 -14.977 6.043 0.1 495373 22609
2007 09 12 23 48 55.009 -2.6161 100.726 36 0.7893 30.2208 1.11 271.75 70.5658 308.995 681.786 671.31 -10.476 6.096 0.1 495417 22609
2007 09 13 3 35 23.986 -2.1573 99.5731 20 0.7893 30.2208 1.11 271.644 69.4007 304.542 672.436 666.42 -6.016 6.184 0.1 495438 22609
2007 09 13 16 9 13.662 -3.2096 101.365 50.9 0.7893 30.2208 1.11 271.915 71.2227 301.821 676.939 673.64 -3.299 6.043 0.1 495466 22609
2007 09 14 6 1 19.844 -4.1551 101.1 32.9 0.7893 30.2208 1.11 272.256 70.9919 311.568 687.364 674.33 -13.034 6.064 0.1 495507 22609
