2012 10 17 04 42 31.60 4.179 124.561 338.4 1.0368 36.31 0.871 270.901 88.1813 300.837 733.777 733.15 -0.627 4.680 0.1 524317 22610
2012 11 02 18 17 34.680 9.235 126.281 55.5 1.0368 36.31 0.871 271.012 89.8072 301.887 773.207 772.52 -0.687 4.643 0.1 524608 22610
2012 11 11 01 12 39.150 22.89 95.848 14.2 1.0368 36.31 0.871 258.237 61.6802 301.089 617.939 617.63 -0.309 6.740 0.1 524746 22610
2012 12 11 06 18 28.980 0.56 126.223 43.8 1.0368 36.31 0.871 271.029 89.903 302.924 775.944 774.34 -1.604 4.643 0.1 525266 22610
2012 12 17 09 16 31.250 -0.693 123.883 46.4 1.0368 36.31 0.871 271.06 87.586 304.033 766.783 763.11 -3.673 4.809 0.1 525356 22610
2013 01 28 16 38 53.840 42.582 79.721 14.3 1.0368 36.31 0.871 235.265 56.7318 300.659 582.824 583.93 1.106 7.095 0.1 525963 22610
2013 02 16 04 37 37.320 5.778 125.779 116.4 1.0368 36.31 0.871 270.972 89.3688 301.236 763.921 763.37 -0.551 4.650 0.1 526624 22610
2013 03 19 03 29 02.700 -58.981 -24.569 52 1.0368 36.31 0.871 64.0241 76.3137 303.189 705.494 703.78 -1.714 5.663 0.1 527097 22610
2013 03 27 02 03 19.940 23.881 121.135 18.6 1.0368 36.31 0.871 268.858 84.8486 301.377 753.442 753.40 -0.042 5.035 0.1 527207 22610
2013 04 09 11 52 50.190 28.446 51.629 12.8 1.0368 36.31 0.871 210.914 30.9415 302.301 378.116 377.79 -0.326 8.818 0.1 527405 22610
2013 04 16 10 44 19.30 27.97 62.136 63.1 1.0368 36.31 0.871 227.154 36.4469 302.55 420.525 419.53 -0.995 8.511 0.1 527535 22610
2013 04 20 00 02 47.980 30.268 103.02 18 1.0368 36.31 0.871 258.748 69.45 302.161 668.186 667.23 -0.956 6.179 0.1 553182 22610
2011 05 14 21 07 21.810 36.425 70.723 207.6 -0.18225 36.2446 2.73 229.128 48.4719 302.903 503.098 502.51 -0.588 7.611 0.1 516197 22611
2011 07 11 20 47 04.890 9.527 122.245 21.6 -0.18225 36.2446 2.73 269.162 86.0848 301.426 759.536 759.10 -0.436 4.933 0.1 517208 22611
2011 07 19 19 35 43.380 40.156 71.501 19.5 -0.18225 36.2446 2.73 227.608 51.4051 302.713 545.333 544.47 -0.863 7.481 0.1 551088 22611
2012 09 14 04 51 48.60 -3.3 100.67 23.3 -0.18225 36.2446 2.73 271.367 64.4589 302.303 636.243 634.51 -1.733 6.541 0.1 523871 22611
2012 10 17 04 42 31.60 4.179 124.561 338.4 -0.18225 36.2446 2.73 269.697 88.3339 302.477 735.417 733.87 -1.547 4.668 0.1 524317 22611
2012 11 11 01 12 39.150 22.89 95.848 14.2 -0.18225 36.2446 2.73 257.034 62.2648 301.212 622.062 621.61 -0.452 6.695 0.1 524746 22611
2013 06 02 05 43 03.800 23.831 121.059 17 -0.18225 36.2446 2.73 267.746 85.3254 306.681 761.881 756.09 -5.791 4.997 0.1 528376 22611
2013 06 13 16 47 25.800 -9.951 107.302 20.6 -0.18225 36.2446 2.73 273.184 71.3164 302.751 679.951 678.07 -1.881 6.045 0.1 528532 22611
2013 06 15 16 11 02.90 34.45 25.044 21.5 -0.18225 36.2446 2.73 160.71 36.015 302.686 421.596 420.95 -0.646 8.551 0.1 528549 22611
2013 06 16 21 39 06.600 34.424 25.186 25 -0.18225 36.2446 2.73 160.931 35.9519 302.03 419.43 419.95 0.52 8.554 0.1 528583 22611
2013 06 24 22 04 14.180 10.69 -42.668 17.5 -0.18225 36.2446 2.73 92.2494 79.1389 302.037 724.857 723.60 -1.257 5.471 0.1 528673 22611
2013 07 02 07 37 05.90 4.69 96.582 25.4 -0.18225 36.2446 2.73 267.144 60.4622 304.424 611.334 607.52 -3.814 6.829 0.1 528755 22611
2013 07 06 05 05 06.960 -3.294 100.531 26.1 -0.18225 36.2446 2.73 271.374 64.32 303.973 636.013 633.21 -2.803 6.550 0.1 528806 22611
2013 07 15 14 03 41.730 -61.052 -25.227 19.9 -0.18225 36.2446 2.73 64.6775 76.4018 301.899 708.169 708.33 0.161 5.666 0.1 553183 22611
2013 07 21 23 45 55.920 34.504 104.26 5.1 -0.18225 36.2446 2.73 257.022 72.0984 301.699 685.779 685.53 -0.249 5.988 0.1 529026 22611
2013 07 22 07 01 41.750 -46.094 34.861 3.2 -0.18225 36.2446 2.73 1.93223 45.7369 302.219 503.469 503.95 0.481 7.893 0.1 529033 22611
2013 11 03 11 03 40.460 4.641 123.4 556.8 -0.18225 36.2446 2.73 269.591 87.1792 302.06 708.6 707.34 -1.26 4.680 0.1 530630 22611
2013 11 16 03 34 34.790 -60.307 -47.199 24 -0.18225 36.2446 2.73 84.3977 86.5839 303.049 763.259 761.27 -1.989 4.891 0.1 530792 22611
2013 11 17 09 04 56.260 -60.378 -46.587 7.9 -0.18225 36.2446 2.73 83.8604 86.2884 302.293 764.033 762.43 -1.603 4.917 0.1 530832 22611
2013 12 01 06 29 58.320 2.017 96.848 21.6 -0.18225 36.2446 2.73 268.664 60.6305 303.276 611.956 609.19 -2.766 6.818 0.1 531087 22611
2011 03 20 08 26 11.110 19.074 121.306 39.9 -0.14386 36.1573 2.118 268.285 85.459 302.228 755.118 753.47 -1.648 4.980 0.1 553180 22612
2011 03 24 13 55 13.390 20.629 99.917 12.8 -0.14386 36.1573 2.118 260.06 65.5905 302.977 645.587 643.65 -1.937 6.458 0.1 514977 22612
2011 04 01 13 29 11.510 35.731 26.546 75.5 -0.14386 36.1573 2.118 163.815 36.7984 301.582 421.072 421.93 0.858 8.478 0.1 515229 22612
2011 04 03 20 06 43.260 -9.734 107.769 31.9 -0.14386 36.1573 2.118 273.048 71.857 302.327 681.067 679.70 -1.367 6.002 0.1 515284 22612
2011 04 24 23 07 54.700 -4.48 122.864 28.3 -0.14386 36.1573 2.118 270.113 86.7056 302.986 763.286 761.15 -2.136 4.882 0.1 515785 22612
2011 05 14 21 07 21.810 36.425 70.723 207.6 -0.14386 36.1573 2.118 229.251 48.495 301.862 502.052 502.68 0.628 7.610 0.1 516197 22612
2011 05 15 13 08 15.420 0.458 -25.608 18.9 -0.14386 36.1573 2.118 90.4065 61.7676 313.92 630.5 617.30 -13.2 6.734 0.1 516209 22612
2011 07 11 20 47 04.890 9.527 122.245 21.6 -0.14386 36.1573 2.118 269.214 86.1646 302.062 760.177 759.49 -0.687 4.926 0.1 517208 22612
2011 07 15 13 26 02.850 -60.986 -23.662 8.6 -0.14386 36.1573 2.118 63.144 75.6842 304.6 708.755 706.13 -2.625 5.718 0.1 550951 22612
2011 07 19 19 35 43.380 40.156 71.501 19.5 -0.14386 36.1573 2.118 227.728 51.4232 301.18 543.805 544.60 0.795 7.480 0.1 551088 22612
2012 07 25 00 27 45.820 2.625 96.11 28.6 -0.14386 36.1573 2.118 268.328 59.9947 307.759 609.944 603.86 -6.084 6.862 0.1 523007 22612
2012 07 26 05 33 33.860 -17.55 66.29 16.2 -0.14386 36.1573 2.118 297.094 34.3248 302.667 406.812 406.15 -0.662 8.662 0.1 523026 22612
2012 08 11 12 23 17.670 38.402 46.838 8.7 -0.14386 36.1573 2.118 196.904 39.5976 303.086 453.421 453.21 -0.211 8.321 0.1 523253 22612
2012 08 11 12 34 36.600 38.379 46.795 18.9 -0.14386 36.1573 2.118 196.847 39.5658 302.664 451.059 451.36 0.301 8.320 0.1 523255 22612
2012 08 12 10 47 07.390 35.652 82.541 14 -0.14386 36.1573 2.118 240.939 55.9194 300.739 577.354 578.09 0.736 7.157 0.1 523270 22612
2012 08 18 09 41 55.160 -1.351 120.127 27.9 -0.14386 36.1573 2.118 269.998 83.968 301.002 747.847 747.55 -0.297 5.102 0.1 523332 22612
2012 08 30 13 43 25.300 71.446 -11.034 11.1 -0.14386 36.1573 2.118 131.304 77.5741 301.035 716.735 716.42 -0.315 5.582 0.1 553178 22612
2012 09 03 18 23 08.350 -10.677 113.964 34.8 -0.14386 36.1573 2.118 272.134 77.9914 302.735 716.385 714.71 -1.675 5.551 0.1 523642 22612
2012 09 14 04 51 48.60 -3.3 100.67 23.3 -0.14386 36.1573 2.118 271.403 64.5485 300.3 635.24 635.10 -0.14 6.535 0.1 523871 22612
2012 10 17 04 42 31.60 4.179 124.561 338.4 -0.14386 36.1573 2.118 269.742 88.4183 301.5 735.44 734.26 -1.18 4.661 0.1 524317 22612
2012 11 11 01 12 39.150 22.89 95.848 14.2 -0.14386 36.1573 2.118 257.115 62.3266 301.362 622.212 622.02 -0.192 6.690 0.1 524746 22612
2013 03 19 03 29 02.700 -58.981 -24.569 52 -0.14386 36.1573 2.118 64.4491 75.2051 302.782 699.082 697.41 -1.672 5.743 0.1 527097 22612
2013 03 27 02 03 19.940 23.881 121.135 18.6 -0.14386 36.1573 2.118 267.843 85.4614 301.024 756.084 756.50 0.416 4.985 0.1 527207 22612
2013 04 09 11 52 50.190 28.446 51.629 12.8 -0.14386 36.1573 2.118 210.171 32.0587 301.583 387.393 387.69 0.297 8.777 0.1 527405 22612
2013 04 16 10 44 19.30 27.97 62.136 63.1 -0.14386 36.1573 2.118 226.094 37.4434 301.166 428.136 428.05 -0.086 8.446 0.1 527535 22612
2013 04 20 00 02 47.980 30.268 103.02 18 -0.14386 36.1573 2.118 257.776 70.2027 301.964 671.984 671.90 -0.084 6.124 0.1 553182 22612
2013 05 11 02 08 11.290 26.658 57.843 15.1 -0.14386 36.1573 2.118 221.551 33.8549 304.295 405.005 402.82 -2.185 8.686 0.1 527912 22612
2013 06 02 05 43 03.800 23.831 121.059 17 -0.14386 36.1573 2.118 267.816 85.3899 303.845 759.045 756.41 -2.635 4.992 0.1 528376 22612
2013 06 13 16 47 25.800 -9.951 107.302 20.6 -0.14386 36.1573 2.118 273.207 71.4092 302.68 679.88 678.63 -1.25 6.038 0.1 528532 22612
2013 06 15 16 11 02.90 34.45 25.044 21.5 -0.14386 36.1573 2.118 160.835 35.9545 302.09 420 420.43 0.43 8.555 0.1 528549 22612
2013 06 16 21 39 06.600 34.424 25.186 25 -0.14386 36.1573 2.118 161.057 35.8917 301.473 417.873 419.43 1.557 8.557 0.1 528583 22612
2013 06 24 22 04 14.180 10.69 -42.668 17.5 -0.14386 36.1573 2.118 92.228 79.0459 300.942 723.762 723.09 -0.672 5.478 0.1 528673 22612
2013 07 02 07 37 05.90 4.69 96.582 25.4 -0.14386 36.1573 2.118 267.198 60.5455 303.454 611.364 608.08 -3.284 6.823 0.1 528755 22612
2013 07 06 05 05 06.960 -3.294 100.531 26.1 -0.14386 36.1573 2.118 271.41 64.4096 302.16 634.2 633.79 -0.41 6.544 0.1 528806 22612
2013 07 15 14 03 41.730 -61.052 -25.227 19.9 -0.14386 36.1573 2.118 64.5795 76.3976 303.28 709.55 708.31 -1.24 5.666 0.1 553183 22612
2013 08 17 16 32 31.830 -34.886 54.127 10.9 -0.14386 36.1573 2.118 330.238 38.4267 301.918 442.088 442.88 0.792 8.402 0.1 529414 22612
2013 09 05 04 01 36.70 15.251 -45.213 10.4 -0.14386 36.1573 2.118 92.4112 81.7103 301.048 738.978 738.60 -0.378 5.274 0.1 529693 22612
2013 09 06 11 33 54.790 20.186 122.333 189.4 -0.14386 36.1573 2.118 268.552 86.4572 301.548 741.758 741.17 -0.588 4.857 0.1 529722 22612
2013 09 21 01 39 15.480 -7.267 119.95 550.1 -0.14386 36.1573 2.118 270.64 83.8241 303.194 693.714 691.81 -1.904 4.936 0.1 529928 22612
2013 09 24 11 29 48.230 26.91 65.531 15.5 -0.14386 36.1573 2.118 231.189 39.0117 302.952 447.722 446.58 -1.142 8.365 0.1 529974 22612
2013 09 28 07 34 07.460 27.161 65.619 18.7 -0.14386 36.1573 2.118 231.05 39.2298 303.896 449.436 447.92 -1.516 8.349 0.1 530039 22612
2013 10 04 17 26 14.250 -38.707 78.5 11 -0.14386 36.1573 2.118 304.235 54.5604 300.838 568.588 568.89 0.302 7.255 0.1 530134 22612
2013 10 12 13 11 53.650 35.527 23.371 46.9 -0.14386 36.1573 2.118 158.65 37.4382 302.326 429.676 430.09 0.414 8.450 0.1 530236 22612
2013 10 15 00 12 33.250 9.833 124.123 23.2 -0.14386 36.1573 2.118 269.514 88.0195 302.221 769.971 768.26 -1.711 4.781 0.1 530266 22612
2013 10 31 12 02 09.350 23.543 121.458 14.8 -0.14386 36.1573 2.118 267.999 85.745 300.897 758.547 758.54 -0.007 4.961 0.1 530577 22612
2013 11 03 11 03 40.460 4.641 123.4 556.8 -0.14386 36.1573 2.118 269.636 87.2632 300.883 707.423 707.73 0.307 4.674 0.1 530630 22612
2013 11 13 23 45 48.200 -60.309 -47.287 10 -0.14386 36.1573 2.118 84.3792 86.6176 302.605 765.405 763.69 -1.715 4.891 0.1 530766 22612
2013 11 16 03 34 34.790 -60.307 -47.199 24 -0.14386 36.1573 2.118 84.3027 86.5738 302.453 762.663 761.22 -1.443 4.892 0.1 530792 22612
2013 11 17 09 04 56.260 -60.378 -46.587 7.9 -0.14386 36.1573 2.118 83.7654 86.2785 301.563 763.303 762.39 -0.913 4.918 0.1 530832 22612
2013 12 01 06 29 58.320 2.017 96.848 21.6 -0.14386 36.1573 2.118 268.712 60.7162 302.153 610.833 609.77 -1.063 6.811 0.1 531087 22612
2012 04 11 08 38 37.800 2.237 93.014 26.3 -0.11447 36.1599 2.173 268.414 56.8876 306.517 587.722 582.51 -5.212 7.087 0.1 521291 22613
2012 04 11 09 27 57.30 1.218 91.714 10 -0.11447 36.1599 2.173 269.032 55.5659 301.879 576.854 575.55 -1.304 7.188 0.1 521296 22613
2012 04 11 10 43 10.530 0.767 92.428 21.6 -0.11447 36.1599 2.173 269.355 56.2734 304.991 582.466 578.80 -3.666 7.135 0.1 521308 22613
2012 04 15 05 57 40.120 2.581 90.335 25 -0.11447 36.1599 2.173 268.011 54.2229 304.381 567.266 563.55 -3.716 7.283 0.1 521481 22613
2012 04 17 19 03 57.120 -59.187 -16.807 13.6 -0.11447 36.1599 2.173 57.1562 71.8359 300.372 682.257 682.86 0.603 6.002 0.1 553177 22613
2012 05 20 02 03 53.990 44.873 11.222 17.7 -0.11447 36.1599 2.173 146.582 49.9581 303.374 534.389 534.10 -0.289 7.584 0.1 522040 22613
2012 05 24 22 47 46.470 73.027 5.505 8.2 -0.11447 36.1599 2.173 148.218 75.4766 301.636 705.171 705.12 -0.051 5.732 0.1 553179 22613
2013 03 19 03 29 02.700 -58.981 -24.569 52 -0.11447 36.1599 2.173 64.4374 75.2321 302.396 698.701 697.57 -1.131 5.741 0.1 527097 22613
2013 03 27 02 03 19.940 23.881 121.135 18.6 -0.11447 36.1599 2.173 267.868 85.4472 302.83 757.895 756.43 -1.465 4.987 0.1 527207 22613
2013 04 09 11 52 50.190 28.446 51.629 12.8 -0.11447 36.1599 2.173 210.191 32.0313 304.264 390.079 387.45 -2.629 8.778 0.1 527405 22613
2013 04 16 10 44 19.30 27.97 62.136 63.1 -0.11447 36.1599 2.173 226.122 37.4193 305.588 431.563 427.84 -3.723 8.448 0.1 527535 22613
2013 04 20 00 02 47.980 30.268 103.02 18 -0.11447 36.1599 2.173 257.801 70.1849 302.173 672.198 671.79 -0.408 6.126 0.1 553182 22613
2013 05 11 02 08 11.290 26.658 57.843 15.1 -0.11447 36.1599 2.173 221.579 33.8299 307.06 407.775 402.60 -5.175 8.688 0.1 527912 22613
2013 06 02 05 43 03.800 23.831 121.059 17 -0.11447 36.1599 2.173 267.842 85.3758 306.281 761.486 756.34 -5.146 4.993 0.1 528376 22613
2013 06 13 16 47 25.800 -9.951 107.302 20.6 -0.11447 36.1599 2.173 273.238 71.4119 301.907 679.112 678.65 -0.462 6.038 0.1 528532 22613
2013 06 15 16 11 02.90 34.45 25.044 21.5 -0.11447 36.1599 2.173 160.818 35.9271 304.034 421.949 420.20 -1.749 8.556 0.1 528549 22613
2013 06 16 21 39 06.600 34.424 25.186 25 -0.11447 36.1599 2.173 161.039 35.8643 303.092 419.497 419.20 -0.297 8.559 0.1 528583 22613
2013 06 24 22 04 14.180 10.69 -42.668 17.5 -0.11447 36.1599 2.173 92.1983 79.043 300.749 723.574 723.07 -0.504 5.478 0.1 528673 22613
2013 07 02 07 37 05.90 4.69 96.582 25.4 -0.11447 36.1599 2.173 267.231 60.5402 306.267 613.182 608.05 -5.132 6.824 0.1 528755 22613
2013 07 06 05 05 06.960 -3.294 100.531 26.1 -0.11447 36.1599 2.173 271.443 64.4088 305.373 637.418 633.79 -3.628 6.544 0.1 528806 22613
2013 07 15 14 03 41.730 -61.052 -25.227 19.9 -0.11447 36.1599 2.173 64.5687 76.425 301.709 708.984 708.46 -0.524 5.664 0.1 553183 22613
2013 07 21 23 45 55.920 34.504 104.26 5.1 -0.11447 36.1599 2.173 257.132 72.1267 303.053 687.138 685.69 -1.448 5.986 0.1 529026 22613
2013 07 22 07 01 41.750 -46.094 34.861 3.2 -0.11447 36.1599 2.173 1.81182 45.8023 302.589 503.844 504.47 0.626 7.888 0.1 529033 22613
2013 07 26 21 33 00.60 -58.035 -24.28 17 -0.11447 36.1599 2.173 64.4038 74.6855 301.242 699.187 699.01 -0.177 5.791 0.1 553176 22613
2013 08 17 16 32 31.830 -34.886 54.127 10.9 -0.11447 36.1599 2.173 330.261 38.4523 302.04 442.21 443.09 0.88 8.400 0.1 529414 22613
2013 09 05 04 01 36.70 15.251 -45.213 10.4 -0.11447 36.1599 2.173 92.382 81.7051 301.577 739.507 738.57 -0.937 5.275 0.1 529693 22613
2013 09 06 11 33 54.790 20.186 122.333 189.4 -0.11447 36.1599 2.173 268.579 86.4447 304.149 744.359 741.11 -3.249 4.858 0.1 529722 22613
2013 09 21 01 39 15.480 -7.267 119.95 550.1 -0.11447 36.1599 2.173 270.67 83.8252 304.41 694.93 691.82 -3.11 4.936 0.1 529928 22613
2013 09 24 11 29 48.230 26.91 65.531 15.5 -0.11447 36.1599 2.173 231.219 38.989 305.464 450.234 446.39 -3.844 8.367 0.1 529974 22613
2013 09 28 07 34 07.460 27.161 65.619 18.7 -0.11447 36.1599 2.173 231.079 39.2069 305.32 450.86 447.72 -3.14 8.350 0.1 530039 22613
2013 10 04 17 26 14.250 -38.707 78.5 11 -0.11447 36.1599 2.173 304.261 54.581 301.935 569.685 569.04 -0.645 7.254 0.1 530134 22613
2013 10 12 13 11 53.650 35.527 23.371 46.9 -0.11447 36.1599 2.173 158.632 37.4111 302.541 429.896 429.86 -0.036 8.452 0.1 530236 22613
2013 10 15 00 12 33.250 9.833 124.123 23.2 -0.11447 36.1599 2.173 269.542 88.012 303.44 771.195 768.22 -2.975 4.781 0.1 530266 22613
2013 10 24 19 25 10.300 -58.259 -12.802 10 -0.11447 36.1599 2.173 53.5915 69.5881 313.181 681.886 669.84 -12.046 6.165 0.1 530474 22613
2013 10 31 12 02 09.350 23.543 121.458 14.8 -0.11447 36.1599 2.173 268.024 85.731 302.965 760.62 758.47 -2.15 4.963 0.1 530577 22613
2013 11 03 11 03 40.460 4.641 123.4 556.8 -0.11447 36.1599 2.173 269.665 87.2582 303.02 709.565 707.71 -1.855 4.674 0.1 530630 22613
2013 11 13 23 45 48.200 -60.309 -47.287 10 -0.11447 36.1599 2.173 84.3669 86.6442 302.559 765.364 763.82 -1.544 4.889 0.1 530766 22613
2013 11 16 03 34 34.790 -60.307 -47.199 24 -0.11447 36.1599 2.173 84.2905 86.6004 302.446 762.661 761.35 -1.311 4.890 0.1 530792 22613
2013 11 17 09 04 56.260 -60.378 -46.587 7.9 -0.11447 36.1599 2.173 83.7532 86.3051 302.407 764.152 762.52 -1.632 4.916 0.1 530832 22613
2012 04 11 08 38 37.800 2.237 93.014 26.3 -0.09644 35.9846 1.7 268.445 57.0619 304.917 587.117 583.75 -3.367 7.074 0.1 521291 22614
2012 04 11 09 27 57.30 1.218 91.714 10 -0.09644 35.9846 1.7 269.06 55.7406 301.508 577.478 576.81 -0.668 7.177 0.1 521296 22614
2012 04 11 10 43 10.530 0.767 92.428 21.6 -0.09644 35.9846 1.7 269.38 56.4484 303.524 581.994 580.05 -1.944 7.122 0.1 521308 22614
2012 04 15 05 57 40.120 2.581 90.335 25 -0.09644 35.9846 1.7 268.045 54.3969 302.634 566.514 564.81 -1.704 7.271 0.1 521481 22614
2012 04 17 19 03 57.120 -59.187 -16.807 13.6 -0.09644 35.9846 1.7 56.9817 71.7763 302.393 683.273 682.51 -0.763 6.006 0.1 553177 22614
2012 05 20 02 03 53.990 44.873 11.222 17.7 -0.09644 35.9846 1.7 146.784 49.8731 301.165 532.175 533.46 1.285 7.590 0.1 522040 22614
2012 06 10 12 44 16.360 36.384 28.967 32 -0.09644 35.9846 1.7 168.253 36.8773 302.849 427.489 426.99 -0.499 8.493 0.1 522378 22614
2012 06 16 22 18 49.330 15.542 119.603 44.9 -0.09644 35.9846 1.7 268.201 83.8754 302.842 746.512 744.90 -1.612 5.105 0.1 522454 22614
2012 06 23 04 34 53.600 3.002 97.911 101.9 -0.09644 35.9846 1.7 268.302 61.9735 300.449 608.849 609.14 0.291 6.688 0.1 553181 22614
2012 06 29 21 07 32.950 43.433 84.612 17.1 -0.09644 35.9846 1.7 238.826 61.2921 302.15 615.2 615.05 -0.15 6.762 0.1 522641 22614
2012 07 25 00 27 45.820 2.625 96.11 28.6 -0.09644 35.9846 1.7 268.393 60.1646 303.619 606.799 605.02 -1.779 6.850 0.1 523007 22614
2012 07 26 05 33 33.860 -17.55 66.29 16.2 -0.09644 35.9846 1.7 297.004 34.4963 301.658 407.798 407.64 -0.158 8.651 0.1 523026 22614
2012 08 11 12 23 17.670 38.402 46.838 8.7 -0.09644 35.9846 1.7 197.185 39.5915 302.264 452.594 453.16 0.566 8.322 0.1 523253 22614
2012 08 11 12 34 36.600 38.379 46.795 18.9 -0.09644 35.9846 1.7 197.127 39.5596 303.036 451.436 451.31 -0.126 8.321 0.1 523255 22614
2012 08 12 10 47 07.390 35.652 82.541 14 -0.09644 35.9846 1.7 241.125 56.0094 300.063 577.673 578.73 1.057 7.150 0.1 523270 22614
2012 10 17 04 42 31.60 4.179 124.561 338.4 1.1852 36.1052 0.723 271.063 88.3749 300.471 734.416 734.05 -0.366 4.665 0.1 524317 22615
2012 11 02 18 17 34.680 9.235 126.281 55.5 1.1852 36.1052 0.723 271.19 89.9858 307.511 779.836 773.35 -6.486 4.643 0.1 524608 22615
2012 11 11 01 12 39.150 22.89 95.848 14.2 1.1852 36.1052 0.723 258.488 61.802 301.77 619.625 618.45 -1.175 6.731 0.1 524746 22615
2012 12 17 09 16 31.250 -0.693 123.883 46.4 1.1852 36.1052 0.723 271.205 87.7926 301.096 764.851 764.10 -0.751 4.793 0.1 525356 22615
2013 01 28 16 38 53.840 42.582 79.721 14.3 1.1852 36.1052 0.723 235.567 56.7393 298.581 580.741 583.98 3.239 7.095 0.1 525963 22615
2013 02 16 04 37 37.320 5.778 125.779 116.4 1.1852 36.1052 0.723 271.139 89.5578 302.755 766.435 764.25 -2.185 4.643 0.1 526624 22615
2013 03 19 03 29 02.700 -58.981 -24.569 52 1.1852 36.1052 0.723 63.767 76.3489 302.913 705.213 703.99 -1.223 5.661 0.1 527097 22615
2013 03 27 02 03 19.940 23.881 121.135 18.6 1.1852 36.1052 0.723 269.076 84.9767 301.947 755.007 754.04 -0.967 5.025 0.1 527207 22615
2013 04 09 11 52 50.190 28.446 51.629 12.8 1.1852 36.1052 0.723 211.399 30.9036 302.132 377.942 377.44 -0.502 8.819 0.1 527405 22615
2013 04 16 10 44 19.30 27.97 62.136 63.1 1.1852 36.1052 0.723 227.577 36.4683 302.815 420.785 419.70 -1.085 8.510 0.1 527535 22615
2013 04 20 00 02 47.980 30.268 103.02 18 1.1852 36.1052 0.723 258.997 69.546 302.725 668.745 667.82 -0.925 6.172 0.1 553182 22615
2013 07 26 21 33 00.60 -58.035 -24.28 17 1.1852 36.1052 0.723 63.7154 75.7931 302.955 706.895 705.43 -1.465 5.707 0.1 553176 22615
2013 08 17 16 32 31.830 -34.886 54.127 10.9 1.1852 36.1052 0.723 331.008 39.6558 301.825 451.995 453.23 1.235 8.317 0.1 529414 22615
2013 09 05 04 01 36.70 15.251 -45.213 10.4 1.1852 36.1052 0.723 91.1372 81.3129 300.033 735.963 736.48 0.517 5.307 0.1 529693 22615
2013 09 06 11 33 54.790 20.186 122.333 189.4 1.1852 36.1052 0.723 269.813 86.0531 302.319 740.529 739.18 -1.349 4.889 0.1 529722 22615
2013 09 21 01 39 15.480 -7.267 119.95 550.1 1.1852 36.1052 0.723 271.951 84.0438 301.918 693.438 692.91 -0.528 4.919 0.1 529928 22615
2013 09 24 11 29 48.230 26.91 65.531 15.5 1.1852 36.1052 0.723 232.738 38.1099 301.605 439.375 438.93 -0.445 8.425 0.1 529974 22615
2013 09 28 07 34 07.460 27.161 65.619 18.7 1.1852 36.1052 0.723 232.586 38.3239 302.377 440.917 440.25 -0.667 8.410 0.1 530039 22615
2013 10 04 17 26 14.250 -38.707 78.5 11 1.1852 36.1052 0.723 305.222 55.6049 303.489 578.239 576.50 -1.739 7.178 0.1 530134 22615
2013 10 12 13 11 53.650 35.527 23.371 46.9 1.1852 36.1052 0.723 158.07 36.1635 300.357 416.707 419.18 2.473 8.533 0.1 530236 22615
2013 10 15 00 12 33.250 9.833 124.123 23.2 1.1852 36.1052 0.723 270.825 87.8471 301.952 768.702 767.42 -1.282 4.794 0.1 530266 22615
2011 04 01 13 29 11.510 35.731 26.546 75.5 -0.26634 36.0248 1.946 164.076 36.8872 301.603 422.093 422.69 0.597 8.472 0.1 515229 22616
2011 04 03 20 06 43.260 -9.734 107.769 31.9 -0.26634 36.0248 1.946 272.898 71.966 301.743 681.483 680.35 -1.133 5.994 0.1 515284 22616
2011 05 14 21 07 21.810 36.425 70.723 207.6 -0.26634 36.0248 1.946 229.292 48.6723 302.556 503.746 504.03 0.284 7.596 0.1 516197 22616
2011 07 11 20 47 04.890 9.527 122.245 21.6 -0.26634 36.0248 1.946 269.116 86.3153 302.628 761.743 760.24 -1.503 4.914 0.1 517208 22616
2011 07 19 19 35 43.380 40.156 71.501 19.5 -0.26634 36.0248 1.946 227.779 51.5985 302.064 545.689 545.91 0.221 7.467 0.1 551088 22616
2012 06 10 12 44 16.360 36.384 28.967 32 -0.26634 36.0248 1.946 168.233 37.0504 304.167 429.807 428.46 -1.347 8.481 0.1 522378 22616
2012 06 16 22 18 49.330 15.542 119.603 44.9 -0.26634 36.0248 1.946 268.027 83.8818 303.249 746.919 744.94 -1.979 5.104 0.1 522454 22616
2012 06 23 04 34 53.600 3.002 97.911 101.9 -0.26634 36.0248 1.946 268.109 61.9435 303.124 610.524 608.94 -1.584 6.690 0.1 553181 22616
2012 06 29 21 07 32.950 43.433 84.612 17.1 -0.26634 36.0248 1.946 238.67 61.399 302.167 616.217 615.79 -0.427 6.754 0.1 522641 22616
2012 07 25 00 27 45.820 2.625 96.11 28.6 -0.26634 36.0248 1.946 268.196 60.1335 302.814 605.999 604.81 -1.189 6.853 0.1 523007 22616
2012 07 26 05 33 33.860 -17.55 66.29 16.2 -0.26634 36.0248 1.946 296.787 34.3734 302.6 407.74 406.57 -1.17 8.659 0.1 523026 22616
2012 10 17 04 42 31.60 4.179 124.561 338.4 0.90176 36.257 1.216 270.771 88.2438 309.001 741.941 733.44 -8.501 4.675 0.1 524317 22617
2012 11 02 18 17 34.680 9.235 126.281 55.5 0.90176 36.257 1.216 270.888 89.8809 300.521 771.841 772.86 1.019 4.643 0.1 524608 22617
2012 11 11 01 12 39.150 22.89 95.848 14.2 0.90176 36.257 1.216 258.125 61.7857 300.556 618.406 618.35 -0.056 6.732 0.1 524746 22617
2012 12 11 06 18 28.980 0.56 126.223 43.8 0.90176 36.257 1.216 270.895 89.9573 302.996 776.016 774.59 -1.426 4.643 0.1 525266 22617
2012 12 17 09 16 31.250 -0.693 123.883 46.4 0.90176 36.257 1.216 270.925 87.6373 302.558 765.308 763.35 -1.958 4.805 0.1 525356 22617
2013 01 28 16 38 53.840 42.582 79.721 14.3 0.90176 36.257 1.216 235.218 56.8706 300.337 583.497 584.92 1.423 7.084 0.1 525963 22617
2013 02 16 04 37 37.320 5.778 125.779 116.4 0.90176 36.257 1.216 270.843 89.4349 304.086 766.766 763.68 -3.086 4.645 0.1 526624 22617
2013 03 19 03 29 02.700 -58.981 -24.569 52 0.90176 36.257 1.216 64.0401 76.1703 302.915 704.215 702.96 -1.255 5.673 0.1 527097 22617
2013 03 27 02 03 19.940 23.881 121.135 18.6 0.90176 36.257 1.216 268.756 84.9511 302.4 754.46 753.92 -0.54 5.027 0.1 527207 22617
2013 04 09 11 52 50.190 28.446 51.629 12.8 0.90176 36.257 1.216 210.888 31.0851 302.292 379.102 379.06 -0.042 8.813 0.1 527405 22617
2013 04 16 10 44 19.30 27.97 62.136 63.1 0.90176 36.257 1.216 227.076 36.5835 298.207 417.177 420.70 3.523 8.503 0.1 527535 22617
2013 04 20 00 02 47.980 30.268 103.02 18 0.90176 36.257 1.216 258.656 69.566 294.849 660.869 667.95 7.081 6.170 0.1 553182 22617
2012 04 11 08 38 37.800 2.237 93.014 26.3 -0.22224 36.1767 2.068 268.285 56.8759 304.323 585.523 582.43 -3.093 7.088 0.1 521291 22618
2012 04 11 09 27 57.30 1.218 91.714 10 -0.22224 36.1767 2.068 268.902 55.552 301.972 576.942 575.45 -1.492 7.189 0.1 521296 22618
2012 04 11 10 43 10.530 0.767 92.428 21.6 -0.22224 36.1767 2.068 269.226 56.2585 303.163 580.633 578.69 -1.943 7.136 0.1 521308 22618
2012 04 15 05 57 40.120 2.581 90.335 25 -0.22224 36.1767 2.068 267.878 54.2122 302.384 565.264 563.47 -1.794 7.284 0.1 521481 22618
2012 04 17 19 03 57.120 -59.187 -16.807 13.6 -0.22224 36.1767 2.068 57.221 71.7467 301.67 682.55 682.32 -0.23 6.009 0.1 553177 22618
2012 05 20 02 03 53.990 44.873 11.222 17.7 -0.22224 36.1767 2.068 146.616 50.0632 301.412 533.422 534.90 1.478 7.576 0.1 522040 22618
2012 05 24 22 47 46.470 73.027 5.505 8.2 -0.22224 36.1767 2.068 148.217 75.5849 302.321 706.851 705.74 -1.111 5.724 0.1 553179 22618
2012 06 10 12 44 16.360 36.384 28.967 32 -0.22224 36.1767 2.068 167.973 37.0324 302.883 428.523 428.31 -0.213 8.482 0.1 522378 22618
2012 06 16 22 18 49.330 15.542 119.603 44.9 -0.22224 36.1767 2.068 268.028 83.7238 302.664 746.334 744.13 -2.204 5.117 0.1 522454 22618
2012 06 23 04 34 53.600 3.002 97.911 101.9 -0.22224 36.1767 2.068 268.148 61.7892 302.863 609.263 607.90 -1.363 6.702 0.1 553181 22618
2012 06 29 21 07 32.950 43.433 84.612 17.1 -0.22224 36.1767 2.068 238.566 61.2703 302.691 615.741 614.92 -0.821 6.764 0.1 522641 22618
2012 07 25 00 27 45.820 2.625 96.11 28.6 -0.22224 36.1767 2.068 268.237 59.9795 304.445 606.625 603.75 -2.875 6.863 0.1 523007 22618
2012 07 26 05 33 33.860 -17.55 66.29 16.2 -0.22224 36.1767 2.068 296.995 34.2672 302.374 406.514 405.65 -0.864 8.665 0.1 523026 22618
2012 08 11 12 23 17.670 38.402 46.838 8.7 -0.22224 36.1767 2.068 196.847 39.669 303.211 454.541 453.81 -0.731 8.316 0.1 523253 22618
2012 08 11 12 34 36.600 38.379 46.795 18.9 -0.22224 36.1767 2.068 196.789 39.6372 303.246 452.646 451.96 -0.686 8.315 0.1 523255 22618
2012 08 12 10 47 07.390 35.652 82.541 14 -0.22224 36.1767 2.068 240.855 55.9603 301.352 577.962 578.39 0.428 7.154 0.1 523270 22618
2012 08 18 09 41 55.160 -1.351 120.127 27.9 -0.22224 36.1767 2.068 269.92 83.9468 300.348 747.188 747.44 0.252 5.104 0.1 523332 22618
2012 08 30 13 43 25.300 71.446 -11.034 11.1 -0.22224 36.1767 2.068 131.304 77.6543 301.905 717.605 716.87 -0.735 5.576 0.1 553178 22618
2012 09 03 18 23 08.350 -10.677 113.964 34.8 -0.22224 36.1767 2.068 272.06 77.9576 302.213 715.863 714.52 -1.343 5.554 0.1 523642 22618
2012 09 14 04 51 48.60 -3.3 100.67 23.3 -0.22224 36.1767 2.068 271.319 64.5242 302.228 636.168 634.94 -1.228 6.537 0.1 523871 22618
2012 10 17 04 42 31.60 4.179 124.561 338.4 -0.22224 36.1767 2.068 269.663 88.4045 301.329 735.269 734.20 -1.069 4.662 0.1 524317 22618
2012 11 11 01 12 39.150 22.89 95.848 14.2 -0.22224 36.1767 2.068 257.027 62.3433 301.399 622.249 622.13 -0.119 6.689 0.1 524746 22618
2011 03 24 13 55 13.390 20.629 99.917 12.8 -0.1937 36.0829 1.872 260.041 65.6782 300.635 644.245 644.22 -0.025 6.452 0.1 514977 22619
2011 04 01 13 29 11.510 35.731 26.546 75.5 -0.1937 36.0829 1.872 163.955 36.8298 301.686 421.176 422.20 1.024 8.476 0.1 515229 22619
2011 04 03 20 06 43.260 -9.734 107.769 31.9 -0.1937 36.0829 1.872 272.983 71.9214 301.87 681.61 680.08 -1.53 5.998 0.1 515284 22619
2011 04 24 23 07 54.700 -4.48 122.864 28.3 -0.1937 36.0829 1.872 270.058 86.7758 305.024 765.324 761.50 -3.824 4.877 0.1 515785 22619
2011 05 14 21 07 21.810 36.425 70.723 207.6 -0.1937 36.0829 1.872 229.289 48.5796 302.184 503.374 503.33 -0.044 7.603 0.1 516197 22619
2011 05 15 13 08 15.420 0.458 -25.608 18.9 -0.1937 36.0829 1.872 90.4636 61.6938 314.537 630.117 616.80 -13.317 6.739 0.1 516209 22619
2011 07 15 13 26 02.850 -60.986 -23.662 8.6 -0.1937 36.0829 1.872 63.0971 75.6073 306.221 710.371 705.69 -4.681 5.724 0.1 550951 22619
2011 07 19 19 35 43.380 40.156 71.501 19.5 -0.1937 36.0829 1.872 227.77 51.5062 301.457 545.077 545.22 0.143 7.474 0.1 551088 22619
2012 04 11 08 38 37.800 2.237 93.014 26.3 -0.1937 36.0829 1.872 268.325 56.9682 304.032 586.237 583.08 -3.157 7.081 0.1 521291 22619
2012 04 11 09 27 57.30 1.218 91.714 10 -0.1937 36.0829 1.872 268.94 55.6449 301.473 577.448 576.12 -1.328 7.183 0.1 521296 22619
2012 04 11 10 43 10.530 0.767 92.428 21.6 -0.1937 36.0829 1.872 269.262 56.3517 302.923 581.398 579.36 -2.038 7.129 0.1 521308 22619
2012 04 15 05 57 40.120 2.581 90.335 25 -0.1937 36.0829 1.872 267.919 54.3042 302.949 566.834 564.14 -2.694 7.277 0.1 521481 22619
2012 04 17 19 03 57.120 -59.187 -16.807 13.6 -0.1937 36.0829 1.872 57.119 71.7317 302.39 683.275 682.23 -1.045 6.010 0.1 553177 22619
2012 06 16 22 18 49.330 15.542 119.603 44.9 -0.1937 36.0829 1.872 268.081 83.8065 302.701 746.376 744.56 -1.816 5.110 0.1 522454 22619
2012 06 23 04 34 53.600 3.002 97.911 101.9 -0.1937 36.0829 1.872 268.186 61.8811 302.213 609.618 608.52 -1.098 6.695 0.1 553181 22619
2012 06 29 21 07 32.950 43.433 84.612 17.1 -0.1937 36.0829 1.872 238.669 61.3064 302.347 615.402 615.16 -0.242 6.761 0.1 522641 22619
2012 07 25 00 27 45.820 2.625 96.11 28.6 -0.1937 36.0829 1.872 268.275 60.0716 305.066 608.251 604.38 -3.871 6.857 0.1 523007 22619
2012 07 26 05 33 33.860 -17.55 66.29 16.2 -0.1937 36.0829 1.872 296.95 34.3619 309.269 413.414 406.47 -6.944 8.660 0.1 523026 22619
2012 08 11 12 23 17.670 38.402 46.838 8.7 -0.1937 36.0829 1.872 197 39.6628 303.808 455.143 453.76 -1.383 8.317 0.1 523253 22619
2012 08 11 12 34 36.600 38.379 46.795 18.9 -0.1937 36.0829 1.872 196.942 39.631 301.835 451.23 451.91 0.68 8.316 0.1 523255 22619
2012 08 12 10 47 07.390 35.652 82.541 14 -0.1937 36.0829 1.872 240.959 56.0071 302.034 578.649 578.72 0.071 7.150 0.1 523270 22619
2012 08 18 09 41 55.160 -1.351 120.127 27.9 -0.1937 36.0829 1.872 269.947 84.0412 300.706 747.551 747.92 0.369 5.096 0.1 523332 22619
2013 03 19 03 29 02.700 -58.981 -24.569 52 -0.1937 36.0829 1.872 64.405 75.1266 304.089 699.389 696.96 -2.429 5.749 0.1 527097 22619
2013 03 27 02 03 19.940 23.881 121.135 18.6 -0.1937 36.0829 1.872 267.827 85.5493 301.911 756.971 756.94 -0.031 4.977 0.1 527207 22619
2013 04 09 11 52 50.190 28.446 51.629 12.8 -0.1937 36.0829 1.872 210.255 32.136 301.769 388.579 388.37 -0.209 8.774 0.1 527405 22619
2013 04 16 10 44 19.30 27.97 62.136 63.1 -0.1937 36.0829 1.872 226.136 37.5289 302.71 429.68 428.77 -0.91 8.440 0.1 527535 22619
2013 04 20 00 02 47.980 30.268 103.02 18 -0.1937 36.0829 1.872 257.774 70.2919 300.334 671.354 672.45 1.096 6.118 0.1 553182 22619
2013 06 13 16 47 25.800 -9.951 107.302 20.6 -0.1937 36.0829 1.872 273.142 71.4734 301.209 679.414 679.02 -0.394 6.034 0.1 528532 22619
2013 06 15 16 11 02.90 34.45 25.044 21.5 -0.1937 36.0829 1.872 160.98 35.9821 301.253 420.168 420.67 0.502 8.553 0.1 528549 22619
2013 06 16 21 39 06.600 34.424 25.186 25 -0.1937 36.0829 1.872 161.202 35.9195 301.591 418.996 419.67 0.674 8.556 0.1 528583 22619
2013 06 24 22 04 14.180 10.69 -42.668 17.5 -0.1937 36.0829 1.872 92.2918 78.9823 302.639 724.464 722.74 -1.724 5.482 0.1 528673 22619
2013 07 02 07 37 05.90 4.69 96.582 25.4 -0.1937 36.0829 1.872 267.149 60.6242 303.506 611.421 608.62 -2.801 6.817 0.1 528755 22619
2013 07 06 05 05 06.960 -3.294 100.531 26.1 -0.1937 36.0829 1.872 271.35 64.4807 303.306 636.351 634.26 -2.091 6.539 0.1 528806 22619
2013 07 15 14 03 41.730 -61.052 -25.227 19.9 -0.1937 36.0829 1.872 64.5332 76.3205 302.119 708.394 707.87 -0.524 5.671 0.1 553183 22619
2013 07 21 23 45 55.920 34.504 104.26 5.1 -0.1937 36.0829 1.872 257.113 72.2353 300.687 685.772 686.34 0.568 5.977 0.1 529026 22619
2012 04 11 08 38 37.800 2.237 93.014 26.3 -0.21789 35.9466 1.991 268.304 57.1056 305.282 587.482 584.06 -3.422 7.071 0.1 521291 22620
2012 04 11 09 27 57.30 1.218 91.714 10 -0.21789 35.9466 1.991 268.915 55.7819 301.145 578.115 577.11 -1.005 7.174 0.1 521296 22620
2012 04 11 10 43 10.530 0.767 92.428 21.6 -0.21789 35.9466 1.991 269.236 56.4885 303.031 582.501 580.33 -2.171 7.119 0.1 521308 22620
2012 04 15 05 57 40.120 2.581 90.335 25 -0.21789 35.9466 1.991 267.899 54.4417 302.003 566.883 565.14 -1.743 7.267 0.1 521481 22620
2012 04 17 19 03 57.120 -59.187 -16.807 13.6 -0.21789 35.9466 1.991 57.0004 71.6511 302.433 683.313 681.75 -1.563 6.016 0.1 553177 22620
2012 06 10 12 44 16.360 36.384 28.967 32 -0.21789 35.9466 1.991 168.348 36.9901 301.338 426.983 427.95 0.967 8.485 0.1 522378 22620
2012 06 16 22 18 49.330 15.542 119.603 44.9 -0.21789 35.9466 1.991 268.095 83.9443 304.123 748.798 745.26 -3.538 5.099 0.1 522454 22620
2012 06 23 04 34 53.600 3.002 97.911 101.9 -0.21789 35.9466 1.991 268.169 62.0187 303.221 611.626 609.44 -2.186 6.684 0.1 553181 22620
2012 06 29 21 07 32.950 43.433 84.612 17.1 -0.21789 35.9466 1.991 238.774 61.4101 302.358 616.413 615.86 -0.553 6.753 0.1 522641 22620
2012 07 25 00 27 45.820 2.625 96.11 28.6 -0.21789 35.9466 1.991 268.256 60.209 303.92 608.105 605.33 -2.775 6.847 0.1 523007 22620
2012 07 26 05 33 33.860 -17.55 66.29 16.2 -0.21789 35.9466 1.991 296.787 34.4653 302.347 407.492 407.36 -0.132 8.653 0.1 523026 22620
2012 08 30 13 43 25.300 71.446 -11.034 11.1 -0.21789 35.9466 1.991 131.531 77.5949 301.33 717.035 716.54 -0.495 5.581 0.1 553178 22620
2012 09 03 18 23 08.350 -10.677 113.964 34.8 -0.21789 35.9466 1.991 272.02 78.1845 301.092 715.747 715.77 0.023 5.536 0.1 523642 22620
2012 09 14 04 51 48.60 -3.3 100.67 23.3 -0.21789 35.9466 1.991 271.308 64.7542 304.205 640.15 636.44 -3.71 6.520 0.1 523871 22620
2012 10 17 04 42 31.60 4.179 124.561 338.4 -0.21789 35.9466 1.991 269.684 88.6337 301.566 736.511 735.27 -1.241 4.644 0.1 524317 22620
2013 03 19 03 29 02.700 -58.981 -24.569 52 -0.21789 35.9466 1.991 64.2918 75.0417 303.978 699.278 696.47 -2.808 5.755 0.1 527097 22620
2013 03 27 02 03 19.940 23.881 121.135 18.6 -0.21789 35.9466 1.991 267.861 85.6838 303.18 759.24 757.61 -1.63 4.966 0.1 527207 22620
2013 04 09 11 52 50.190 28.446 51.629 12.8 -0.21789 35.9466 1.991 210.464 32.2182 303.36 390.17 389.09 -1.08 8.770 0.1 527405 22620
2013 04 16 10 44 19.30 27.97 62.136 63.1 -0.21789 35.9466 1.991 226.283 37.6345 302.675 430.645 429.66 -0.985 8.433 0.1 527535 22620
2013 04 20 00 02 47.980 30.268 103.02 18 -0.21789 35.9466 1.991 257.829 70.4201 300.431 672.451 673.23 0.779 6.108 0.1 553182 22620
2013 05 11 02 08 11.290 26.658 57.843 15.1 -0.21789 35.9466 1.991 221.776 34.0394 303.383 406.093 404.42 -1.673 8.675 0.1 527912 22620
2013 06 02 05 43 03.800 23.831 121.059 17 -0.21789 35.9466 1.991 267.834 85.6124 304.013 760.213 757.52 -2.693 4.972 0.1 528376 22620
2013 06 13 16 47 25.800 -9.951 107.302 20.6 -0.21789 35.9466 1.991 273.091 71.6032 303.472 681.672 679.80 -1.872 6.024 0.1 528532 22620
2013 06 15 16 11 02.90 34.45 25.044 21.5 -0.21789 35.9466 1.991 161.215 35.9687 301.532 420.442 420.56 0.118 8.554 0.1 528549 22620
2013 06 16 21 39 06.600 34.424 25.186 25 -0.21789 35.9466 1.991 161.437 35.9066 301.155 418.555 419.57 1.015 8.556 0.1 528583 22620
2013 06 24 22 04 14.180 10.69 -42.668 17.5 -0.21789 35.9466 1.991 92.342 78.8529 301.465 723.285 722.03 -1.255 5.491 0.1 528673 22620
2013 07 02 07 37 05.90 4.69 96.582 25.4 -0.21789 35.9466 1.991 267.136 60.7623 303.967 612.877 609.56 -3.317 6.807 0.1 528755 22620
2013 07 06 05 05 06.960 -3.294 100.531 26.1 -0.21789 35.9466 1.991 271.314 64.6153 304.485 638.525 635.14 -3.385 6.529 0.1 528806 22620
2012 10 17 04 42 31.60 4.179 124.561 338.4 0.89619 36.0859 0.883 270.778 88.4148 301.053 734.998 734.24 -0.758 4.661 0.1 524317 22621
2012 11 11 01 12 39.150 22.89 95.848 14.2 0.89619 36.0859 0.883 258.203 61.9425 300.746 619.601 619.40 -0.201 6.720 0.1 524746 22621
2013 07 26 21 33 00.60 -58.035 -24.28 17 0.89619 36.0859 0.883 63.8394 75.5316 304.151 707.096 703.92 -3.176 5.727 0.1 553176 22621
2013 08 17 16 32 31.830 -34.886 54.127 10.9 0.89619 36.0859 0.883 330.8 39.4003 301.136 449.311 451.09 1.779 8.335 0.1 529414 22621
2013 09 05 04 01 36.70 15.251 -45.213 10.4 0.89619 36.0859 0.883 91.4226 81.3695 301.672 737.607 736.78 -0.827 5.302 0.1 529693 22621
2013 09 06 11 33 54.790 20.186 122.333 189.4 0.89619 36.0859 0.883 269.549 86.1695 302.622 740.837 739.75 -1.087 4.880 0.1 529722 22621
2013 09 21 01 39 15.480 -7.267 119.95 550.1 0.89619 36.0859 0.883 271.662 84.0261 302.313 693.838 692.82 -1.018 4.920 0.1 529928 22621
2013 09 24 11 29 48.230 26.91 65.531 15.5 0.89619 36.0859 0.883 232.431 38.3258 302.638 441.413 440.77 -0.643 8.411 0.1 529974 22621
2013 09 28 07 34 07.460 27.161 65.619 18.7 0.89619 36.0859 0.883 232.282 38.5407 303.057 443.602 442.08 -1.522 8.396 0.1 530039 22621
2013 10 04 17 26 14.250 -38.707 78.5 11 0.89619 36.0859 0.883 304.981 55.3967 302.088 575.843 574.98 -0.863 7.191 0.1 530134 22621
2013 10 12 13 11 53.650 35.527 23.371 46.9 0.89619 36.0859 0.883 158.248 36.4312 301.635 419.99 421.48 1.49 8.516 0.1 530236 22621
2013 12 01 06 29 58.320 2.017 96.848 21.6 0.89619 36.0859 0.883 269.898 60.7499 302.745 611.43 610.00 -1.43 6.809 0.1 531087 22621
2012 10 17 04 42 31.60 4.179 124.561 338.4 0.77006 36.165 1.031 270.647 88.3449 301.554 734.494 733.92 -0.574 4.667 0.1 524317 22622
2012 11 02 18 17 34.680 9.235 126.281 55.5 0.77006 36.165 1.031 270.774 89.9925 301.337 773.657 773.38 -0.277 4.642 0.1 524608 22622
2012 11 11 01 12 39.150 22.89 95.848 14.2 0.77006 36.165 1.031 258.037 61.9251 300.6 619.45 619.29 -0.16 6.721 0.1 524746 22622
2013 01 28 16 38 53.840 42.582 79.721 14.3 0.77006 36.165 1.031 235.211 57.0303 309.992 594.152 586.06 -8.092 7.072 0.1 525963 22622
2013 02 16 04 37 37.320 5.778 125.779 116.4 0.77006 36.165 1.031 270.722 89.5394 310.356 774.036 764.16 -9.876 4.643 0.1 526624 22622
2013 03 19 03 29 02.700 -58.981 -24.569 52 0.77006 36.165 1.031 64.0191 76.0117 312.109 712.409 702.06 -10.349 5.683 0.1 527097 22622
2013 03 27 02 03 19.940 23.881 121.135 18.6 0.77006 36.165 1.031 268.673 85.0879 311.745 764.805 754.61 -10.195 5.016 0.1 527207 22622
2013 04 09 11 52 50.190 28.446 51.629 12.8 0.77006 36.165 1.031 210.932 31.2434 311.236 390.046 380.46 -9.586 8.808 0.1 527405 22622
2013 04 16 10 44 19.30 27.97 62.136 63.1 0.77006 36.165 1.031 227.051 36.7427 311.329 432.299 422.06 -10.239 8.492 0.1 527535 22622
2013 04 20 00 02 47.980 30.268 103.02 18 0.77006 36.165 1.031 258.59 69.7132 309.528 676.548 668.86 -7.688 6.159 0.1 553182 22622
2012 10 17 04 42 31.60 4.179 124.561 338.4 1.17194 36.3591 0.936 271.031 88.1227 301.509 733.454 732.88 -0.574 4.684 0.1 524317 22623
2012 11 02 18 17 34.680 9.235 126.281 55.5 1.17194 36.3591 0.936 271.137 89.7374 301.141 772.466 772.19 -0.276 4.643 0.1 524608 22623
2012 11 11 01 12 39.150 22.89 95.848 14.2 1.17194 36.3591 0.936 258.351 61.5783 299.876 615.731 616.94 1.209 6.747 0.1 524746 22623
2013 01 28 16 38 53.840 42.582 79.721 14.3 1.17194 36.3591 0.936 235.316 56.5954 300.151 581.316 582.96 1.644 7.105 0.1 525963 22623
2013 02 16 04 37 37.320 5.778 125.779 116.4 1.17194 36.3591 0.936 271.1 89.3065 299.425 762.11 763.08 0.97 4.655 0.1 526624 22623
2013 03 19 03 29 02.700 -58.981 -24.569 52 1.17194 36.3591 0.936 64.0045 76.4553 303.047 706.352 704.58 -1.772 5.653 0.1 527097 22623
2013 03 27 02 03 19.940 23.881 121.135 18.6 1.17194 36.3591 0.936 268.961 84.7496 302.844 753.909 752.90 -1.009 5.043 0.1 527207 22623
2013 04 09 11 52 50.190 28.446 51.629 12.8 1.17194 36.3591 0.936 210.947 30.7996 302.182 376.997 376.53 -0.467 8.823 0.1 527405 22623
2013 04 16 10 44 19.30 27.97 62.136 63.1 1.17194 36.3591 0.936 227.238 36.313 300.834 417.809 418.38 0.571 8.520 0.1 527535 22623
2013 04 20 00 02 47.980 30.268 103.02 18 1.17194 36.3591 0.936 258.842 69.3374 300.268 665.293 666.53 1.237 6.187 0.1 553182 22623
2013 05 11 02 08 11.290 26.658 57.843 15.1 1.17194 36.3591 0.936 222.687 32.6884 304.039 394.754 392.57 -2.184 8.751 0.1 527912 22623
2012 10 17 04 42 31.60 4.179 124.561 338.4 1.04099 36.1226 0.799 270.919 88.3679 301.349 734.289 734.02 -0.269 4.665 0.1 524317 22624
2012 11 02 18 17 34.680 9.235 126.281 55.5 1.04099 36.1226 0.799 271.046 89.9915 300.907 773.227 773.37 0.143 4.643 0.1 524608 22624
2012 11 11 01 12 39.150 22.89 95.848 14.2 1.04099 36.1226 0.799 258.333 61.8476 300.696 618.546 618.76 0.214 6.727 0.1 524746 22624
2012 12 17 09 16 31.250 -0.693 123.883 46.4 1.04099 36.1226 0.799 271.062 87.7734 304.612 767.362 764.01 -3.352 4.794 0.1 525356 22624
2013 01 21 22 22 54.780 4.962 95.921 24.6 1.04099 36.1226 0.799 268.327 59.8243 303.152 605.372 603.25 -2.122 6.876 0.1 525877 22624
2013 01 28 16 38 53.840 42.582 79.721 14.3 1.04099 36.1226 0.799 235.446 56.8424 301.475 583.64 584.71 1.07 7.087 0.1 525963 22624
2013 02 16 04 37 37.320 5.778 125.779 116.4 1.04099 36.1226 0.799 270.995 89.5548 300.831 764.516 764.23 -0.286 4.643 0.1 526624 22624
2013 03 27 02 03 19.940 23.881 121.135 18.6 1.04099 36.1226 0.799 268.937 85.0184 294.438 747.503 754.26 6.757 5.022 0.1 527207 22624
2013 04 09 11 52 50.190 28.446 51.629 12.8 1.04099 36.1226 0.799 211.242 31.023 304.988 381.803 378.50 -3.303 8.815 0.1 527405 22624
2013 04 16 10 44 19.30 27.97 62.136 63.1 1.04099 36.1226 0.799 227.398 36.5656 303.679 422.654 420.53 -2.124 8.504 0.1 527535 22624
2013 04 20 00 02 47.980 30.268 103.02 18 1.04099 36.1226 0.799 258.857 69.6069 301.769 668.794 668.20 -0.594 6.167 0.1 553182 22624
2013 05 11 02 08 11.290 26.658 57.843 15.1 1.04099 36.1226 0.799 222.888 32.9354 308.868 401.583 394.73 -6.853 8.740 0.1 527912 22624
2013 07 26 21 33 00.60 -58.035 -24.28 17 1.04099 36.1226 0.799 63.8018 75.6755 302.307 706.247 704.75 -1.497 5.716 0.1 553176 22624
2013 08 17 16 32 31.830 -34.886 54.127 10.9 1.04099 36.1226 0.799 330.943 39.5175 300.236 449.406 452.07 2.664 8.327 0.1 529414 22624
2013 09 05 04 01 36.70 15.251 -45.213 10.4 1.04099 36.1226 0.799 91.2725 81.3671 302.351 738.281 736.77 -1.511 5.302 0.1 529693 22624
2013 09 06 11 33 54.790 20.186 122.333 189.4 1.04099 36.1226 0.799 269.672 86.0858 302.553 740.763 739.34 -1.423 4.886 0.1 529722 22624
2013 09 21 01 39 15.480 -7.267 119.95 550.1 1.04099 36.1226 0.799 271.81 84.0082 301.618 693.138 692.73 -0.408 4.922 0.1 529928 22624
2013 09 24 11 29 48.230 26.91 65.531 15.5 1.04099 36.1226 0.799 232.554 38.1984 302.644 440.414 439.69 -0.724 8.419 0.1 529974 22624
2013 09 28 07 34 07.460 27.161 65.619 18.7 1.04099 36.1226 0.799 232.403 38.4129 302.961 442.501 441.00 -1.501 8.405 0.1 530039 22624
2013 10 04 17 26 14.250 -38.707 78.5 11 1.04099 36.1226 0.799 305.127 55.4837 302.69 576.44 575.62 -0.82 7.186 0.1 530134 22624
2013 10 12 13 11 53.650 35.527 23.371 46.9 1.04099 36.1226 0.799 158.116 36.3053 301.805 419.155 420.40 1.245 8.524 0.1 530236 22624
2013 10 15 00 12 33.250 9.833 124.123 23.2 1.04099 36.1226 0.799 270.68 87.8542 301.978 768.728 767.45 -1.278 4.794 0.1 530266 22624
2013 10 31 12 02 09.350 23.543 121.458 14.8 1.04099 36.1226 0.799 269.095 85.3086 300.638 756.288 756.34 0.052 4.999 0.1 530577 22624
2013 11 03 11 03 40.460 4.641 123.4 556.8 1.04099 36.1226 0.799 270.813 87.2035 301.215 707.755 707.45 -0.305 4.679 0.1 530630 22624
2013 11 13 23 45 48.200 -60.309 -47.287 10 1.04099 36.1226 0.799 83.7654 87.6229 302.962 770.762 768.61 -2.152 4.811 0.1 530766 22624
2013 11 16 03 34 34.790 -60.307 -47.199 24 1.04099 36.1226 0.799 83.689 87.5791 304.125 768.335 766.14 -2.195 4.812 0.1 530792 22624
2013 11 17 09 04 56.260 -60.378 -46.587 7.9 1.04099 36.1226 0.799 83.1533 87.2849 303.429 770.169 767.34 -2.829 4.838 0.1 530832 22624
2013 12 01 06 29 58.320 2.017 96.848 21.6 1.04099 36.1226 0.799 270.062 60.7088 302.219 610.904 609.72 -1.184 6.812 0.1 531087 22624
2012 10 17 04 42 31.60 4.179 124.561 338.4 1.02678 36.2187 0.873 270.898 88.273 300.852 733.797 733.58 -0.217 4.672 0.1 524317 22625
2012 11 02 18 17 34.680 9.235 126.281 55.5 1.02678 36.2187 0.873 271.017 89.8989 301.777 773.102 772.94 -0.162 4.643 0.1 524608 22625
2012 11 11 01 12 39.150 22.89 95.848 14.2 1.02678 36.2187 0.873 258.271 61.7669 300.317 618.172 618.22 0.048 6.733 0.1 524746 22625
2012 04 11 08 38 37.800 2.237 93.014 26.3 -0.10642 36.0594 2.068 268.429 56.9875 304.305 586.505 583.22 -3.285 7.080 0.1 521291 22626
2012 04 11 09 27 57.30 1.218 91.714 10 -0.10642 36.0594 2.068 269.045 55.666 301.696 577.666 576.27 -1.396 7.182 0.1 521296 22626
2012 04 11 10 43 10.530 0.767 92.428 21.6 -0.10642 36.0594 2.068 269.366 56.3737 302.847 581.317 579.51 -1.807 7.127 0.1 521308 22626
2012 04 15 05 57 40.120 2.581 90.335 25 -0.10642 36.0594 2.068 268.027 54.3227 302.122 566.002 564.27 -1.732 7.276 0.1 521481 22626
2012 04 17 19 03 57.120 -59.187 -16.807 13.6 -0.10642 36.0594 2.068 57.0573 71.7997 301.612 683.492 682.65 -0.842 6.005 0.1 553177 22626
2012 05 20 02 03 53.990 44.873 11.222 17.7 -0.10642 36.0594 2.068 146.699 49.9114 301.386 532.396 533.75 1.354 7.588 0.1 522040 22626
2012 05 24 22 47 46.470 73.027 5.505 8.2 -0.10642 36.0594 2.068 148.319 75.4532 302.52 706.05 704.98 -1.07 5.734 0.1 553179 22626
2012 06 10 12 44 16.360 36.384 28.967 32 -0.10642 36.0594 2.068 168.133 36.8994 303.186 427.831 427.17 -0.661 8.491 0.1 522378 22626
2012 06 16 22 18 49.330 15.542 119.603 44.9 -0.10642 36.0594 2.068 268.172 83.8059 302.211 745.886 744.55 -1.336 5.110 0.1 522454 22626
2012 06 23 04 34 53.600 3.002 97.911 101.9 -0.10642 36.0594 2.068 268.286 61.8993 301.802 609.207 608.64 -0.567 6.693 0.1 553181 22626
2012 08 11 12 23 17.670 38.402 46.838 8.7 -0.10642 36.0594 2.068 197.067 39.5839 302.421 452.756 453.09 0.334 8.322 0.1 523253 22626
2012 08 11 12 34 36.600 38.379 46.795 18.9 -0.10642 36.0594 2.068 197.009 39.552 300.257 448.652 451.25 2.598 8.321 0.1 523255 22626
2012 08 12 10 47 07.390 35.652 82.541 14 -0.10642 36.0594 2.068 241.054 55.963 300.635 577.25 578.40 1.15 7.153 0.1 523270 22626
2012 08 18 09 41 55.160 -1.351 120.127 27.9 -0.10642 36.0594 2.068 270.033 84.0667 299.901 747.746 748.05 0.304 5.094 0.1 523332 22626
2012 08 30 13 43 25.300 71.446 -11.034 11.1 -0.10642 36.0594 2.068 131.392 77.5144 301.227 715.932 716.09 0.158 5.587 0.1 553178 22626
2012 09 03 18 23 08.350 -10.677 113.964 34.8 -0.10642 36.0594 2.068 272.153 78.0944 300.703 715.358 715.28 -0.078 5.543 0.1 523642 22626
2012 09 14 04 51 48.60 -3.3 100.67 23.3 -0.10642 36.0594 2.068 271.438 64.6484 301.767 636.707 635.75 -0.957 6.528 0.1 523871 22626
2012 10 17 04 42 31.60 4.179 124.561 338.4 -0.10642 36.0594 2.068 269.786 88.5131 301.606 735.546 734.70 -0.846 4.654 0.1 524317 22626
2012 11 11 01 12 39.150 22.89 95.848 14.2 -0.10642 36.0594 2.068 257.202 62.3983 300.747 622.597 622.49 -0.107 6.685 0.1 524746 22626
2011 03 20 08 26 11.110 19.074 121.306 39.9 -0.156 36.049 1.94 268.309 85.5653 302.377 755.272 754.00 -1.272 4.971 0.1 553180 22627
2011 03 24 13 55 13.390 20.629 99.917 12.8 -0.156 36.049 1.94 260.093 65.695 301.293 644.908 644.32 -0.588 6.451 0.1 514977 22627
2011 04 01 13 29 11.510 35.731 26.546 75.5 -0.156 36.049 1.94 163.996 36.7857 302.253 421.748 421.82 0.072 8.479 0.1 515229 22627
2011 04 03 20 06 43.260 -9.734 107.769 31.9 -0.156 36.049 1.94 273.016 71.9614 301.752 681.497 680.32 -1.177 5.995 0.1 515284 22627
2011 04 24 23 07 54.700 -4.48 122.864 28.3 -0.156 36.049 1.94 270.093 86.8126 304.957 765.262 761.68 -3.582 4.874 0.1 515785 22627
2011 05 14 21 07 21.810 36.425 70.723 207.6 -0.156 36.049 1.94 229.356 48.5708 302.083 503.278 503.26 -0.018 7.604 0.1 516197 22627
2011 05 15 13 08 15.420 0.458 -25.608 18.9 -0.156 36.049 1.94 90.4214 61.6595 314.038 629.623 616.57 -13.053 6.742 0.1 516209 22627
2011 07 11 20 47 04.890 9.527 122.245 21.6 -0.156 36.049 1.94 269.22 86.2734 303.804 762.914 760.03 -2.884 4.917 0.1 517208 22627
2011 07 15 13 26 02.850 -60.986 -23.662 8.6 -0.156 36.049 1.94 63.0487 75.6263 305.554 709.704 705.80 -3.904 5.722 0.1 550951 22627
2011 07 19 19 35 43.380 40.156 71.501 19.5 -0.156 36.049 1.94 227.833 51.4946 301.276 544.896 545.13 0.234 7.475 0.1 551088 22627
2012 04 11 08 38 37.800 2.237 93.014 26.3 -0.156 36.049 1.94 268.371 57.0003 304.245 586.445 583.31 -3.135 7.079 0.1 521291 22627
2012 04 11 09 27 57.30 1.218 91.714 10 -0.156 36.049 1.94 268.986 55.6778 301.918 577.888 576.36 -1.528 7.181 0.1 521296 22627
2012 04 11 10 43 10.530 0.767 92.428 21.6 -0.156 36.049 1.94 269.307 56.385 303.067 581.537 579.59 -1.947 7.127 0.1 521308 22627
2012 04 15 05 57 40.120 2.581 90.335 25 -0.156 36.049 1.94 267.968 54.3359 301.649 565.529 564.37 -1.159 7.275 0.1 521481 22627
2012 04 17 19 03 57.120 -59.187 -16.807 13.6 -0.156 36.049 1.94 57.0698 71.7508 302.428 683.308 682.35 -0.958 6.008 0.1 553177 22627
2012 06 16 22 18 49.330 15.542 119.603 44.9 -0.156 36.049 1.94 268.127 83.8292 302.943 746.618 744.67 -1.948 5.108 0.1 522454 22627
2012 06 23 04 34 53.600 3.002 97.911 101.9 -0.156 36.049 1.94 268.231 61.9127 302.936 610.341 608.73 -1.611 6.692 0.1 553181 22627
2012 06 29 21 07 32.950 43.433 84.612 17.1 -0.156 36.049 1.94 238.726 61.2982 302.225 615.28 615.10 -0.18 6.762 0.1 522641 22627
2012 07 25 00 27 45.820 2.625 96.11 28.6 -0.156 36.049 1.94 268.321 60.1034 303.688 606.873 604.60 -2.273 6.855 0.1 523007 22627
2012 07 26 05 33 33.860 -17.55 66.29 16.2 -0.156 36.049 1.94 296.975 34.4104 301.539 406.684 406.89 0.206 8.657 0.1 523026 22627
2012 08 11 12 23 17.670 38.402 46.838 8.7 -0.156 36.049 1.94 197.065 39.6342 303.107 453.442 453.52 0.078 8.319 0.1 523253 22627
2012 08 11 12 34 36.600 38.379 46.795 18.9 -0.156 36.049 1.94 197.008 39.6023 302.275 451.67 451.67 0.0 8.318 0.1 523255 22627
2012 08 12 10 47 07.390 35.652 82.541 14 -0.156 36.049 1.94 241.02 56.005 300.756 577.371 578.70 1.329 7.150 0.1 523270 22627
2012 08 18 09 41 55.160 -1.351 120.127 27.9 -0.156 36.049 1.94 269.983 84.076 300.056 747.901 748.10 0.199 5.093 0.1 523332 22627
2012 09 03 18 23 08.350 -10.677 113.964 34.8 -0.156 36.049 1.94 272.101 78.0954 302.188 716.838 715.28 -1.558 5.543 0.1 523642 22627
2012 09 14 04 51 48.60 -3.3 100.67 23.3 -0.156 36.049 1.94 271.383 64.6558 301.479 636.419 635.80 -0.619 6.527 0.1 523871 22627
2012 10 17 04 42 31.60 4.179 124.561 338.4 -0.156 36.049 1.94 269.738 88.5271 301.611 735.551 734.77 -0.781 4.652 0.1 524317 22627
2012 11 11 01 12 39.150 22.89 95.848 14.2 -0.156 36.049 1.94 257.157 62.4292 300.872 622.722 622.70 -0.022 6.682 0.1 524746 22627
2013 05 11 02 08 11.290 26.658 57.843 15.1 -0.156 36.049 1.94 221.695 33.929 303.728 405.438 403.46 -1.978 8.682 0.1 527912 22627
2013 06 02 05 43 03.800 23.831 121.059 17 -0.156 36.049 1.94 267.849 85.4939 303.838 759.038 756.93 -2.108 4.983 0.1 528376 22627
2013 06 13 16 47 25.800 -9.951 107.302 20.6 -0.156 36.049 1.94 273.174 71.5135 302.303 680.503 679.26 -1.243 6.031 0.1 528532 22627
2013 06 15 16 11 02.90 34.45 25.044 21.5 -0.156 36.049 1.94 161.019 35.9369 302.286 420.196 420.29 0.094 8.556 0.1 528549 22627
2013 06 16 21 39 06.600 34.424 25.186 25 -0.156 36.049 1.94 161.24 35.8744 301.661 418.061 419.29 1.229 8.558 0.1 528583 22627
2013 06 24 22 04 14.180 10.69 -42.668 17.5 -0.156 36.049 1.94 92.2608 78.9419 302.167 723.987 722.52 -1.467 5.485 0.1 528673 22627
2013 07 02 07 37 05.90 4.69 96.582 25.4 -0.156 36.049 1.94 267.195 60.6545 304.04 611.95 608.83 -3.12 6.815 0.1 528755 22627
2013 07 06 05 05 06.960 -3.294 100.531 26.1 -0.156 36.049 1.94 271.389 64.5169 303.72 636.76 634.49 -2.27 6.536 0.1 528806 22627
2013 07 15 14 03 41.730 -61.052 -25.227 19.9 -0.156 36.049 1.94 64.4849 76.3392 302.453 708.723 707.98 -0.743 5.670 0.1 553183 22627
2013 07 21 23 45 55.920 34.504 104.26 5.1 -0.156 36.049 1.94 257.166 72.2404 300.864 685.944 686.37 0.426 5.977 0.1 529026 22627
2013 07 22 07 01 41.750 -46.094 34.861 3.2 -0.156 36.049 1.94 1.65838 45.7587 302.11 503.36 504.12 0.76 7.891 0.1 529033 22627
2013 08 17 16 32 31.830 -34.886 54.127 10.9 -0.156 36.049 1.94 330.072 38.46 302.341 442.511 443.15 0.639 8.400 0.1 529414 22627
2013 09 05 04 01 36.70 15.251 -45.213 10.4 -0.156 36.049 1.94 92.4519 81.6091 301.497 739.427 738.07 -1.357 5.282 0.1 529693 22627
2013 09 06 11 33 54.790 20.186 122.333 189.4 -0.156 36.049 1.94 268.578 86.563 303.154 743.364 741.69 -1.674 4.848 0.1 529722 22627
2013 09 21 01 39 15.480 -7.267 119.95 550.1 -0.156 36.049 1.94 270.615 83.93 301.209 692.729 692.34 -0.389 4.928 0.1 529928 22627
2013 09 24 11 29 48.230 26.91 65.531 15.5 -0.156 36.049 1.94 231.299 39.0958 301.945 447.715 447.29 -0.425 8.359 0.1 529974 22627
2013 09 28 07 34 07.460 27.161 65.619 18.7 -0.156 36.049 1.94 231.16 39.3135 302.334 448.874 448.62 -0.254 8.343 0.1 530039 22627
2012 10 17 04 42 31.60 4.179 124.561 338.4 1.14922 36.2379 1.001 271.018 88.2452 300.89 733.83 733.45 -0.38 4.675 0.1 524317 22628
2012 11 02 18 17 34.680 9.235 126.281 55.5 1.14922 36.2379 1.001 271.134 89.8605 301.613 772.933 772.76 -0.173 4.643 0.1 524608 22628
2012 11 11 01 12 39.150 22.89 95.848 14.2 1.14922 36.2379 1.001 258.387 61.6974 300.952 617.802 617.75 -0.052 6.738 0.1 524746 22628
2012 12 11 06 18 28.980 0.56 126.223 43.8 1.14922 36.2379 1.001 271.141 89.974 303.635 776.655 774.67 -1.985 4.643 0.1 525266 22628
2012 12 17 09 16 31.250 -0.693 123.883 46.4 1.14922 36.2379 1.001 271.171 87.6595 304.184 766.934 763.46 -3.474 4.803 0.1 525356 22628
2013 02 16 04 37 37.320 5.778 125.779 116.4 1.14922 36.2379 1.001 271.09 89.4293 301.191 763.876 763.65 -0.226 4.645 0.1 526624 22628
2013 03 19 03 29 02.700 -58.981 -24.569 52 1.14922 36.2379 1.001 63.905 76.379 302.324 704.629 704.15 -0.479 5.659 0.1 527097 22628
2013 03 27 02 03 19.940 23.881 121.135 18.6 1.14922 36.2379 1.001 268.99 84.8696 300.78 752.845 753.50 0.655 5.033 0.1 527207 22628
2013 04 09 11 52 50.190 28.446 51.629 12.8 1.14922 36.2379 1.001 211.138 30.8748 301.636 377.451 377.19 -0.261 8.820 0.1 527405 22628
2013 07 26 21 33 00.60 -58.035 -24.28 17 1.14922 36.2379 1.001 63.8533 75.825 302.332 707.272 705.61 -1.662 5.704 0.1 553176 22628
2013 08 17 16 32 31.830 -34.886 54.127 10.9 1.14922 36.2379 1.001 331.177 39.5702 301.009 451.179 452.52 1.341 8.323 0.1 529414 22628
2013 09 05 04 01 36.70 15.251 -45.213 10.4 1.14922 36.2379 1.001 91.137 81.4503 299.972 736.902 737.20 0.298 5.296 0.1 529693 22628
2013 09 06 11 33 54.790 20.186 122.333 189.4 1.14922 36.2379 1.001 269.733 85.9406 302.265 739.475 738.63 -0.845 4.896 0.1 529722 22628
2013 09 21 01 39 15.480 -7.267 119.95 550.1 1.14922 36.2379 1.001 271.932 83.9076 301.859 693.379 692.24 -1.139 4.930 0.1 529928 22628
2013 09 24 11 29 48.230 26.91 65.531 15.5 1.14922 36.2379 1.001 232.546 38.0408 302.444 439.214 438.36 -0.854 8.429 0.1 529974 22628
2013 09 28 07 34 07.460 27.161 65.619 18.7 1.14922 36.2379 1.001 232.394 38.2554 302.473 440.013 439.67 -0.343 8.415 0.1 530039 22628
2012 04 11 08 38 37.800 2.237 93.014 26.3 -0.09995 36.1278 1.869 268.433 56.919 304.706 585.911 582.73 -3.181 7.085 0.1 521291 22629
2012 04 11 09 27 57.30 1.218 91.714 10 -0.09995 36.1278 1.869 269.051 55.5976 302.01 576.985 575.78 -1.205 7.186 0.1 521296 22629
2012 04 11 10 43 10.530 0.767 92.428 21.6 -0.09995 36.1278 1.869 269.373 56.3052 303.549 581.024 579.03 -1.994 7.133 0.1 521308 22629
2012 04 15 05 57 40.120 2.581 90.335 25 -0.09995 36.1278 1.869 268.031 54.2541 301.508 564.393 563.77 -0.623 7.281 0.1 521481 22629
2012 04 17 19 03 57.120 -59.187 -16.807 13.6 -0.09995 36.1278 1.869 57.1192 71.8351 301.787 683.672 682.86 -0.812 6.002 0.1 553177 22629
2012 05 20 02 03 53.990 44.873 11.222 17.7 -0.09995 36.1278 1.869 146.613 49.9322 301.813 532.828 533.90 1.072 7.586 0.1 522040 22629
2012 05 24 22 47 46.470 73.027 5.505 8.2 -0.09995 36.1278 1.869 148.248 75.4574 300.941 704.476 705.01 0.534 5.734 0.1 553179 22629
2012 06 10 12 44 16.360 36.384 28.967 32 -0.09995 36.1278 1.869 168.019 36.9045 303.256 427.901 427.22 -0.681 8.491 0.1 522378 22629
2012 06 16 22 18 49.330 15.542 119.603 44.9 -0.09995 36.1278 1.869 268.159 83.7383 301.68 745.355 744.20 -1.155 5.116 0.1 522454 22629
2012 06 23 04 34 53.600 3.002 97.911 101.9 -0.09995 36.1278 1.869 268.289 61.8307 302.592 609.997 608.18 -1.817 6.698 0.1 553181 22629
2012 06 29 21 07 32.950 43.433 84.612 17.1 -0.09995 36.1278 1.869 238.695 61.2056 302.543 614.598 614.47 -0.128 6.769 0.1 522641 22629
2012 07 25 00 27 45.820 2.625 96.11 28.6 -0.09995 36.1278 1.869 268.38 60.0217 303.67 606.855 604.04 -2.815 6.860 0.1 523007 22629
2012 07 26 05 33 33.860 -17.55 66.29 16.2 -0.09995 36.1278 1.869 297.132 34.3728 302.449 407.594 406.57 -1.024 8.659 0.1 523026 22629
2012 08 11 12 23 17.670 38.402 46.838 8.7 -0.09995 36.1278 1.869 196.965 39.5619 302.924 453.259 452.91 -0.349 8.324 0.1 523253 22629
2012 08 11 12 34 36.600 38.379 46.795 18.9 -0.09995 36.1278 1.869 196.907 39.5301 301.193 449.588 451.06 1.472 8.323 0.1 523255 22629
2012 08 12 10 47 07.390 35.652 82.541 14 -0.09995 36.1278 1.869 241.001 55.9098 300.45 577.065 578.02 0.955 7.157 0.1 523270 22629
2012 08 18 09 41 55.160 -1.351 120.127 27.9 -0.09995 36.1278 1.869 270.041 83.9985 300.548 747.393 747.70 0.307 5.099 0.1 523332 22629
2012 08 30 13 43 25.300 71.446 -11.034 11.1 -0.09995 36.1278 1.869 131.322 77.5246 301.06 715.765 716.14 0.375 5.586 0.1 553178 22629
2012 09 03 18 23 08.350 -10.677 113.964 34.8 -0.09995 36.1278 1.869 272.172 78.0285 301.576 715.231 714.91 -0.321 5.548 0.1 523642 22629
2012 09 14 04 51 48.60 -3.3 100.67 23.3 -0.09995 36.1278 1.869 271.45 64.5806 301.487 636.432 635.31 -1.122 6.533 0.1 523871 22629
2012 10 17 04 42 31.60 4.179 124.561 338.4 -0.09995 36.1278 1.869 269.788 88.4445 301.18 735.125 734.38 -0.745 4.659 0.1 524317 22629
2012 11 11 01 12 39.150 22.89 95.848 14.2 -0.09995 36.1278 1.869 257.174 62.334 301.406 622.261 622.06 -0.201 6.690 0.1 524746 22629
2011 03 20 08 26 11.110 19.074 121.306 39.9 -0.17793 36.0068 1.942 268.302 85.6122 301.986 755.876 754.23 -1.646 4.967 0.1 553180 22630
2011 03 24 13 55 13.390 20.629 99.917 12.8 -0.17793 36.0068 1.942 260.089 65.7423 302.332 645.942 644.63 -1.312 6.448 0.1 514977 22630
2011 04 01 13 29 11.510 35.731 26.546 75.5 -0.17793 36.0068 1.942 164.073 36.7975 301.013 420.503 421.92 1.417 8.478 0.1 515229 22630
2011 04 03 20 06 43.260 -9.734 107.769 31.9 -0.17793 36.0068 1.942 272.985 71.9991 302.105 681.845 680.55 -1.295 5.992 0.1 515284 22630
2011 04 24 23 07 54.700 -4.48 122.864 28.3 -0.17793 36.0068 1.942 270.068 86.8529 304.309 764.609 761.87 -2.739 4.870 0.1 515785 22630
2011 05 15 13 08 15.420 0.458 -25.608 18.9 -0.17793 36.0068 1.942 90.4467 61.6175 295.697 611.277 616.28 5.003 6.745 0.1 516209 22630
2011 07 11 20 47 04.890 9.527 122.245 21.6 -0.17793 36.0068 1.942 269.206 86.3186 304.067 763.177 760.25 -2.927 4.913 0.1 517208 22630
2011 07 15 13 26 02.850 -60.986 -23.662 8.6 -0.17793 36.0068 1.942 63.0193 75.5883 305.868 710.018 705.58 -4.438 5.725 0.1 550951 22630
2011 07 19 19 35 43.380 40.156 71.501 19.5 -0.17793 36.0068 1.942 227.861 51.5365 301.677 545.297 545.45 0.153 7.471 0.1 551088 22630
2012 05 20 02 03 53.990 44.873 11.222 17.7 -0.17793 36.0068 1.942 146.798 49.9563 301.829 532.839 534.09 1.251 7.584 0.1 522040 22630
2012 05 24 22 47 46.470 73.027 5.505 8.2 -0.17793 36.0068 1.942 148.384 75.5152 304.049 707.579 705.34 -2.239 5.729 0.1 553179 22630
2012 06 10 12 44 16.360 36.384 28.967 32 -0.17793 36.0068 1.942 168.239 36.9608 302.609 428.249 427.70 -0.549 8.487 0.1 522378 22630
2012 06 16 22 18 49.330 15.542 119.603 44.9 -0.17793 36.0068 1.942 268.117 83.8756 303.463 747.133 744.91 -2.223 5.105 0.1 522454 22630
2012 06 23 04 34 53.600 3.002 97.911 101.9 -0.17793 36.0068 1.942 268.209 61.9561 302.486 610.886 609.02 -1.866 6.689 0.1 553181 22630
2012 06 29 21 07 32.950 43.433 84.612 17.1 -0.17793 36.0068 1.942 238.748 61.3415 302.699 615.749 615.39 -0.359 6.758 0.1 522641 22630
2013 03 19 03 29 02.700 -58.981 -24.569 52 -0.17793 36.0068 1.942 64.3278 75.1049 303.196 698.501 696.84 -1.661 5.750 0.1 527097 22630
2013 03 27 02 03 19.940 23.881 121.135 18.6 -0.17793 36.0068 1.942 267.873 85.6126 303.21 759.275 757.25 -2.025 4.972 0.1 527207 22630
2013 04 09 11 52 50.190 28.446 51.629 12.8 -0.17793 36.0068 1.942 210.396 32.1558 302.001 388.816 388.54 -0.276 8.773 0.1 527405 22630
2013 04 16 10 44 19.30 27.97 62.136 63.1 -0.17793 36.0068 1.942 226.249 37.5655 300.797 428.772 429.08 0.308 8.438 0.1 527535 22630
2013 04 20 00 02 47.980 30.268 103.02 18 -0.17793 36.0068 1.942 257.831 70.3479 301.176 672.201 672.79 0.589 6.114 0.1 553182 22630
2013 05 11 02 08 11.290 26.658 57.843 15.1 -0.17793 36.0068 1.942 221.732 33.9716 304.608 406.323 403.83 -2.493 8.679 0.1 527912 22630
2013 06 02 05 43 03.800 23.831 121.059 17 -0.17793 36.0068 1.942 267.846 85.5412 303.929 760.134 757.17 -2.964 4.979 0.1 528376 22630
2013 06 13 16 47 25.800 -9.951 107.302 20.6 -0.17793 36.0068 1.942 273.143 71.5511 302.755 680.96 679.48 -1.48 6.028 0.1 528532 22630
2013 06 15 16 11 02.90 34.45 25.044 21.5 -0.17793 36.0068 1.942 161.098 35.9466 301.936 419.851 420.37 0.519 8.555 0.1 528549 22630
2013 06 16 21 39 06.600 34.424 25.186 25 -0.17793 36.0068 1.942 161.32 35.8842 303.394 419.799 419.37 -0.429 8.558 0.1 528583 22630
2013 06 24 22 04 14.180 10.69 -42.668 17.5 -0.17793 36.0068 1.942 92.2907 78.9046 301.764 723.589 722.32 -1.269 5.488 0.1 528673 22630
2013 07 02 07 37 05.90 4.69 96.582 25.4 -0.17793 36.0068 1.942 267.175 60.6985 303.536 612.451 609.13 -3.321 6.812 0.1 528755 22630
2013 07 06 05 05 06.960 -3.294 100.531 26.1 -0.17793 36.0068 1.942 271.362 64.5576 301.417 634.462 634.76 0.298 6.533 0.1 528806 22630
2013 07 15 14 03 41.730 -61.052 -25.227 19.9 -0.17793 36.0068 1.942 64.4557 76.3011 302.474 708.749 707.76 -0.989 5.673 0.1 553183 22630
2011 03 20 08 26 11.110 19.074 121.306 39.9 -0.25943 36.0926 2.009 268.198 85.5576 302.251 755.141 753.96 -1.181 4.971 0.1 553180 22631
2011 03 24 13 55 13.390 20.629 99.917 12.8 -0.25943 36.0926 2.009 259.971 65.6945 301.724 645.334 644.32 -1.014 6.451 0.1 514977 22631
2011 04 01 13 29 11.510 35.731 26.546 75.5 -0.25943 36.0926 2.009 163.964 36.8956 301.71 422.2 422.76 0.56 8.472 0.1 515229 22631
2011 04 03 20 06 43.260 -9.734 107.769 31.9 -0.25943 36.0926 2.009 272.917 71.9005 302.526 681.266 679.96 -1.306 5.999 0.1 515284 22631
2011 04 24 23 07 54.700 -4.48 122.864 28.3 -0.25943 36.0926 2.009 269.993 86.7612 302.553 762.853 761.42 -1.433 4.878 0.1 515785 22631
2011 05 14 21 07 21.810 36.425 70.723 207.6 -0.25943 36.0926 2.009 229.226 48.6254 301.874 503.064 503.68 0.616 7.600 0.1 516197 22631
2011 05 15 13 08 15.420 0.458 -25.608 18.9 -0.25943 36.0926 2.009 90.5376 61.7042 312.341 627.921 616.87 -11.051 6.739 0.1 516209 22631
2011 07 11 20 47 04.890 9.527 122.245 21.6 -0.25943 36.0926 2.009 269.112 86.2474 303.67 761.785 759.90 -1.885 4.919 0.1 517208 22631
2011 07 15 13 26 02.850 -60.986 -23.662 8.6 -0.25943 36.0926 2.009 63.1354 75.5527 304.427 708.582 705.37 -3.212 5.728 0.1 550951 22631
2011 07 19 19 35 43.380 40.156 71.501 19.5 -0.25943 36.0926 2.009 227.713 51.5545 300.931 544.556 545.59 1.034 7.470 0.1 551088 22631
2012 06 10 12 44 16.360 36.384 28.967 32 -0.25943 36.0926 2.009 168.121 37.0548 302.647 428.287 428.50 0.213 8.481 0.1 522378 22631
2012 06 16 22 18 49.330 15.542 119.603 44.9 -0.25943 36.0926 2.009 268.015 83.8148 302.544 746.214 744.60 -1.614 5.109 0.1 522454 22631
2012 06 23 04 34 53.600 3.002 97.911 101.9 -0.25943 36.0926 2.009 268.112 61.8755 302.65 610.05 608.48 -1.57 6.695 0.1 553181 22631
2012 06 29 21 07 32.950 43.433 84.612 17.1 -0.25943 36.0926 2.009 238.614 61.3515 303.094 616.144 615.46 -0.684 6.757 0.1 522641 22631
2012 07 25 00 27 45.820 2.625 96.11 28.6 -0.25943 36.0926 2.009 268.2 60.0655 303.137 606.317 604.34 -1.977 6.857 0.1 523007 22631
2012 07 26 05 33 33.860 -17.55 66.29 16.2 -0.25943 36.0926 2.009 296.86 34.3194 302.165 406.305 406.10 -0.205 8.662 0.1 523026 22631
2012 08 11 12 23 17.670 38.402 46.838 8.7 -0.25943 36.0926 2.009 196.962 39.7242 302.396 453.726 454.27 0.544 8.312 0.1 523253 22631
2012 08 11 12 34 36.600 38.379 46.795 18.9 -0.25943 36.0926 2.009 196.904 39.6924 301.359 450.759 452.42 1.661 8.311 0.1 523255 22631
2012 08 12 10 47 07.390 35.652 82.541 14 -0.25943 36.0926 2.009 240.895 56.0461 299.386 576.996 579.00 2.004 7.147 0.1 523270 22631
2013 03 19 03 29 02.700 -58.981 -24.569 52 -0.25943 36.0926 2.009 64.4454 75.0733 303.975 699.28 696.65 -2.63 5.753 0.1 527097 22631
2013 03 27 02 03 19.940 23.881 121.135 18.6 -0.25943 36.0926 2.009 267.764 85.5669 302.734 757.799 757.03 -0.769 4.976 0.1 527207 22631
2013 04 09 11 52 50.190 28.446 51.629 12.8 -0.25943 36.0926 2.009 210.184 32.1902 302.627 389.442 388.85 -0.592 8.771 0.1 527405 22631
2013 04 16 10 44 19.30 27.97 62.136 63.1 -0.25943 36.0926 2.009 226.056 37.5731 300.882 428.857 429.15 0.293 8.437 0.1 527535 22631
2013 04 20 00 02 47.980 30.268 103.02 18 -0.25943 36.0926 2.009 257.709 70.3187 301.546 672.571 672.62 0.049 6.116 0.1 553182 22631
2013 05 11 02 08 11.290 26.658 57.843 15.1 -0.25943 36.0926 2.009 221.523 33.9857 304.903 406.618 403.96 -2.658 8.678 0.1 527912 22631
2013 06 02 05 43 03.800 23.831 121.059 17 -0.25943 36.0926 2.009 267.737 85.4954 304.478 759.683 756.94 -2.743 4.983 0.1 528376 22631
2013 06 13 16 47 25.800 -9.951 107.302 20.6 -0.25943 36.0926 2.009 273.076 71.4522 303.347 680.552 678.89 -1.662 6.035 0.1 528532 22631
2013 06 15 16 11 02.90 34.45 25.044 21.5 -0.25943 36.0926 2.009 160.994 36.0476 302.552 421.467 421.24 -0.227 8.549 0.1 528549 22631
2013 06 16 21 39 06.600 34.424 25.186 25 -0.25943 36.0926 2.009 161.215 35.985 301.668 419.073 420.24 1.167 8.552 0.1 528583 22631
2013 06 24 22 04 14.180 10.69 -42.668 17.5 -0.25943 36.0926 2.009 92.3553 79.004 301.494 723.319 722.86 -0.459 5.481 0.1 528673 22631
2013 07 02 07 37 05.90 4.69 96.582 25.4 -0.25943 36.0926 2.009 267.073 60.6209 303.031 610.946 608.60 -2.346 6.817 0.1 528755 22631
2013 07 06 05 05 06.960 -3.294 100.531 26.1 -0.25943 36.0926 2.009 271.279 64.4671 300.996 634.041 634.17 0.129 6.540 0.1 528806 22631
2013 07 15 14 03 41.730 -61.052 -25.227 19.9 -0.25943 36.0926 2.009 64.5716 76.2661 301.439 707.714 707.56 -0.154 5.675 0.1 553183 22631
2013 07 21 23 45 55.920 34.504 104.26 5.1 -0.25943 36.0926 2.009 257.052 72.2663 301.313 686.398 686.53 0.132 5.975 0.1 529026 22631
2013 07 22 07 01 41.750 -46.094 34.861 3.2 -0.25943 36.0926 2.009 1.72218 45.6569 302.467 502.722 503.31 0.588 7.898 0.1 529033 22631
2013 08 17 16 32 31.830 -34.886 54.127 10.9 -0.25943 36.0926 2.009 330.068 38.3484 302.194 441.369 442.21 0.841 8.407 0.1 529414 22631
2013 09 05 04 01 36.70 15.251 -45.213 10.4 -0.25943 36.0926 2.009 92.5404 81.6783 301.203 739.138 738.44 -0.698 5.277 0.1 529693 22631
2013 09 06 11 33 54.790 20.186 122.333 189.4 -0.25943 36.0926 2.009 268.466 86.5574 301.682 741.897 741.66 -0.237 4.849 0.1 529722 22631
2013 09 21 01 39 15.480 -7.267 119.95 550.1 -0.25943 36.0926 2.009 270.518 83.8738 302.558 694.083 692.06 -2.023 4.932 0.1 529928 22631
2013 09 24 11 29 48.230 26.91 65.531 15.5 -0.25943 36.0926 2.009 231.136 39.1392 302.744 448.519 447.66 -0.859 8.356 0.1 529974 22631
2013 09 28 07 34 07.460 27.161 65.619 18.7 -0.25943 36.0926 2.009 230.998 39.3574 302.356 449.901 448.99 -0.911 8.340 0.1 530039 22631
