2011 07 11 20 47 04.890 9.527 122.245 21.6 13.0628 42.6545 0.019 281.361 77.8425 303.778 717.888 715.66 -2.228 5.567 0.1 517208 22658
2011 07 19 19 35 43.380 40.156 71.501 19.5 13.0628 42.6545 0.019 231.338 37.0196 301.998 429.618 428.78 -0.838 8.496 0.1 551088 22658
2011 07 23 04 34 24.500 38.914 141.922 45.9 13.0628 42.6545 0.019 285.868 88.9646 301.226 769.726 769.22 -0.506 4.708 0.1 517415 22658
2011 07 30 18 53 51.870 36.964 141.077 48.1 13.0628 42.6545 0.019 285.39 88.8456 301.505 768.635 768.43 -0.205 4.717 0.1 517525 22658
2011 08 01 14 58 10.610 34.671 138.522 23.1 13.0628 42.6545 0.019 283.99 87.4168 300.911 765.301 764.93 -0.371 4.834 0.1 517560 22658
2011 08 10 23 45 43.80 -7.102 -12.805 11.7 13.0628 42.6545 0.019 70.089 58.6182 301.241 597.161 597.16 -0.001 6.961 0.1 517677 22658
2011 08 16 11 03 57.630 -2.302 128.036 38.7 13.0628 42.6545 0.019 283.184 86.0181 303.229 758.599 756.40 -2.199 4.933 0.1 517747 22658
2011 09 03 04 48 58.780 -56.561 -26.923 96.3 13.0628 42.6545 0.019 65.9523 89.9299 302.713 769.933 769.00 -0.933 4.642 0.1 518020 22658
2011 09 05 17 55 12.930 3.025 97.999 106.6 13.0628 42.6545 0.019 283.688 55.589 304.183 567.253 564.47 -2.783 7.152 0.1 553194 22658
2011 09 15 08 00 08.900 36.264 141.434 24.3 13.0628 42.6545 0.019 285.612 89.3092 302.229 775.329 773.72 -1.609 4.686 0.1 518174 22658
2011 09 18 12 40 49.580 27.803 88.153 29.6 13.0628 42.6545 0.019 260.367 44.8258 302.637 493.057 491.18 -1.877 7.965 0.1 518230 22658
2011 11 08 02 59 08.670 27.25 125.723 228.2 13.0628 42.6545 0.019 278.605 78.0546 301.36 693.69 693.04 -0.65 5.492 0.1 518921 22658
2011 11 14 04 05 12.500 -0.953 126.879 24.4 13.0628 42.6545 0.019 283.131 84.5869 301.548 752.048 751.23 -0.818 5.054 0.1 518995 22658
2011 12 13 07 52 12.30 0.047 123.063 167.4 13.0628 42.6545 0.019 283.148 80.6451 300.667 714.637 714.07 -0.567 5.313 0.1 550665 22658
2011 12 27 15 21 57.570 51.834 95.964 12.8 13.0628 42.6545 0.019 247.904 57.4935 300.158 587.588 588.84 1.252 7.046 0.1 519571 22658
2012 05 20 02 03 53.990 44.873 11.222 17.7 13.0628 42.6545 0.019 129.904 41.4863 302.938 466.948 466.37 -0.578 8.199 0.1 522040 22658
2012 05 23 15 02 27.110 41.356 142.126 64.1 13.0628 42.6545 0.019 285.945 88.4465 300.497 765.387 764.63 -0.757 4.745 0.1 522116 22658
2012 05 24 22 47 46.470 73.027 5.505 8.2 13.0628 42.6545 0.019 138.98 63.7168 305.152 636.682 632.00 -4.682 6.598 0.1 553179 22658
2012 06 05 19 31 34.840 34.976 141.282 20.8 13.0628 42.6545 0.019 285.536 89.5349 303.399 777.559 775.31 -2.249 4.669 0.1 522294 22658
2012 06 16 22 18 49.330 15.542 119.603 44.9 13.0628 42.6545 0.019 279.443 74.2218 301.678 693.348 691.90 -1.448 5.828 0.1 522454 22658
2012 06 17 20 32 21.10 38.915 142.049 45.1 13.0628 42.6545 0.019 285.947 89.0596 300.616 770.606 769.76 -0.846 4.701 0.1 553184 22658
2012 06 23 04 34 53.600 3.002 97.911 101.9 13.0628 42.6545 0.019 283.713 55.509 301.809 565.209 564.40 -0.809 7.159 0.1 553181 22658
2012 06 29 21 07 32.950 43.433 84.612 17.1 13.0628 42.6545 0.019 242.939 47.02 303.311 512.361 510.53 -1.831 7.807 0.1 522641 22658
2012 08 12 10 47 07.390 35.652 82.541 14 13.0628 42.6545 0.019 248.118 42.3304 299.487 472.097 473.52 1.423 8.145 0.1 523270 22658
2012 08 14 02 59 38.860 49.75 145.305 590.7 13.0628 42.6545 0.019 287.954 88.1376 301.15 708.29 708.18 -0.11 4.642 0.1 523282 22658
2012 08 26 15 05 37.160 2.198 126.869 90.9 13.0628 42.6545 0.019 282.823 83.8741 303.184 742.024 739.55 -2.474 5.092 0.1 523406 22658
2012 08 30 13 43 25.300 71.446 -11.034 11.1 13.0628 42.6545 0.019 121.159 66.5786 306.048 655.748 650.00 -5.748 6.391 0.1 553178 22658
2012 08 31 12 47 35.540 10.81 126.826 44.4 13.0628 42.6545 0.019 281.782 82.0058 301.631 736.091 735.12 -0.971 5.245 0.1 523494 22658
2012 09 03 18 23 08.350 -10.677 113.964 34.8 13.0628 42.6545 0.019 286.774 74.5977 301.793 696.443 695.68 -0.763 5.796 0.1 523642 22658
2012 10 08 11 43 34.100 -4.541 129.234 29.6 13.0628 42.6545 0.019 283.217 87.6905 301.646 766.546 765.80 -0.746 4.804 0.1 524192 22658
2011 07 11 20 47 04.890 9.527 122.245 21.6 14.862 39.3051 2.435 283.584 80.8428 301.071 732.181 732.00 -0.181 5.344 0.1 517208 22659
2011 07 19 19 35 43.380 40.156 71.501 19.5 14.862 39.3051 2.435 237.339 37.733 301.185 434.805 434.65 -0.155 8.451 0.1 551088 22659
2011 08 01 14 58 10.610 34.671 138.522 23.1 14.862 39.3051 2.435 287.327 89.0442 300.113 772.503 772.61 0.107 4.708 0.1 517560 22659
2011 08 10 23 45 43.80 -7.102 -12.805 11.7 14.862 39.3051 2.435 66.8749 56.0782 302.903 580.823 579.31 -1.513 7.148 0.1 517677 22659
2011 08 16 11 03 57.630 -2.302 128.036 38.7 14.862 39.3051 2.435 284.806 89.3566 301.804 773.174 772.43 -0.744 4.671 0.1 517747 22659
2011 08 22 20 12 21.270 -6.356 104.004 33.4 14.862 39.3051 2.435 288.869 67.4976 302.791 654.521 652.83 -1.691 6.315 0.1 517851 22659
2011 08 30 06 57 41.540 -6.359 126.75 467.2 14.862 39.3051 2.435 284.958 89.1519 301.046 724.506 724.90 0.394 4.639 0.1 517955 22659
2011 09 03 04 48 58.780 -56.561 -26.923 96.3 14.862 39.3051 2.435 62.2437 89.7975 303.278 769.498 768.48 -1.018 4.642 0.1 518020 22659
2011 09 05 17 55 12.930 3.025 97.999 106.6 14.862 39.3051 2.435 285.441 58.9947 302.665 589.735 588.40 -1.335 6.905 0.1 553194 22659
2011 09 18 12 40 49.580 27.803 88.153 29.6 14.862 39.3051 2.435 264.551 47.004 301.092 508.512 508.25 -0.262 7.808 0.1 518230 22659
2011 10 13 03 16 32.90 -9.363 114.555 63.2 14.862 39.3051 2.435 287.304 78.3601 301.761 714.671 713.71 -0.961 5.511 0.1 518533 22659
2011 10 14 06 10 14.730 54.073 123.813 13.9 14.862 39.3051 2.435 274.482 74.9026 299.558 698.828 699.82 0.992 5.788 0.1 551442 22659
2011 10 21 08 02 37.620 43.872 142.531 189 14.862 39.3051 2.435 289.705 89.0814 301.542 753.922 753.06 -0.862 4.663 0.1 518640 22659
2011 11 08 02 59 08.670 27.25 125.723 228.2 14.862 39.3051 2.435 281.674 80.2196 299.851 704.181 704.69 0.509 5.334 0.1 518921 22659
2011 11 14 04 05 12.500 -0.953 126.879 24.4 14.862 39.3051 2.435 284.815 87.8959 301.013 767.513 767.51 -0.003 4.790 0.1 518995 22659
2011 11 24 10 25 34.930 41.891 142.797 48.2 14.862 39.3051 2.435 289.9 89.9362 301.465 773.535 773.37 -0.165 4.643 0.1 519133 22659
2011 11 30 00 27 08.880 15.429 119.098 21.1 14.862 39.3051 2.435 281.898 76.5472 301.824 708.944 708.35 -0.594 5.663 0.1 519198 22659
2011 12 13 07 52 12.30 0.047 123.063 167.4 14.862 39.3051 2.435 284.846 83.9529 300.451 731.421 731.23 -0.191 5.063 0.1 550665 22659
2011 12 27 15 21 57.570 51.834 95.964 12.8 14.862 39.3051 2.435 252.248 58.0174 299.175 590.605 592.38 1.775 7.007 0.1 519571 22659
2012 01 01 05 27 55.800 31.468 138.183 359.7 14.862 39.3051 2.435 287.177 89.7199 299.258 736.458 737.61 1.152 4.639 0.1 519643 22659
2012 01 10 18 37 00.190 2.43 93.208 20.9 14.862 39.3051 2.435 286.448 54.5547 303.378 569.188 566.59 -2.598 7.260 0.1 519785 22659
2012 01 22 05 53 43.130 -56.931 -25.229 18.7 14.862 39.3051 2.435 60.8228 89.1539 302.496 776.366 775.11 -1.256 4.678 0.1 519966 22659
2012 02 06 03 49 13.920 9.919 123.216 17.5 14.862 39.3051 2.435 283.654 81.6814 301.905 737.985 737.10 -0.885 5.278 0.1 520221 22659
2012 02 06 10 10 19.820 9.899 123.174 12.6 14.862 39.3051 2.435 283.651 81.6459 304.621 740.801 737.72 -3.081 5.282 0.1 520226 22659
2012 02 26 06 17 19.920 51.8 95.98 13 14.862 39.3051 2.435 252.283 58.0165 300.294 591.374 592.34 0.966 7.007 0.1 520525 22659
2012 04 11 08 38 37.800 2.237 93.014 26.3 14.862 39.3051 2.435 286.61 54.4234 304.018 567.218 564.89 -2.328 7.268 0.1 521291 22659
2012 04 11 09 27 57.30 1.218 91.714 10 14.862 39.3051 2.435 287.554 53.4786 301.422 561.392 560.49 -0.902 7.341 0.1 521296 22659
2012 04 11 10 43 10.530 0.767 92.428 21.6 14.862 39.3051 2.435 287.72 54.2946 302.414 565.884 564.65 -1.234 7.278 0.1 521308 22659
2012 04 15 05 57 40.120 2.581 90.335 25 14.862 39.3051 2.435 286.831 51.7616 300.561 545.441 545.47 0.029 7.462 0.1 521481 22659
2012 04 17 19 03 57.120 -59.187 -16.807 13.6 14.862 39.3051 2.435 53.5247 86.6162 301.588 763.468 763.92 0.452 4.877 0.1 553177 22659
2012 05 20 02 03 53.990 44.873 11.222 17.7 14.862 39.3051 2.435 132.604 38.2026 301.09 438.1 439.05 0.95 8.421 0.1 522040 22659
2012 05 23 15 02 27.110 41.356 142.126 64.1 14.862 39.3051 2.435 289.459 89.6425 300.668 770.558 770.16 -0.398 4.652 0.1 522116 22659
2012 05 24 22 47 46.470 73.027 5.505 8.2 14.862 39.3051 2.435 142.19 61.3369 298.896 614.426 616.06 1.634 6.769 0.1 553179 22659
2012 06 16 22 18 49.330 15.542 119.603 44.9 14.862 39.3051 2.435 281.982 77.0003 300.611 708.281 707.77 -0.511 5.625 0.1 522454 22659
2012 06 23 04 34 53.600 3.002 97.911 101.9 14.862 39.3051 2.435 285.463 58.9161 301.981 589.381 588.36 -1.021 6.912 0.1 553181 22659
2012 06 29 21 07 32.950 43.433 84.612 17.1 14.862 39.3051 2.435 247.822 47.93 301.482 517.532 517.45 -0.082 7.744 0.1 522641 22659
2012 07 25 00 27 45.820 2.625 96.11 28.6 14.862 39.3051 2.435 285.903 57.2853 304.063 587.243 585.04 -2.203 7.057 0.1 523007 22659
2012 07 26 05 33 33.860 -17.55 66.29 16.2 14.862 39.3051 2.435 318.812 41.7813 313.954 481.094 469.85 -11.244 8.171 0.1 523026 22659
2012 08 12 10 47 07.390 35.652 82.541 14 14.862 39.3051 2.435 253.103 43.8096 300.152 484.762 485.35 0.588 8.040 0.1 523270 22659
2012 08 14 02 59 38.860 49.75 145.305 590.7 14.862 39.3051 2.435 291.609 88.7907 300.615 710.755 711.11 0.355 4.639 0.1 523282 22659
2012 08 18 09 41 55.160 -1.351 120.127 27.9 14.862 39.3051 2.435 285.148 81.476 300.548 734.388 734.64 0.252 5.289 0.1 523332 22659
2012 08 26 15 05 37.160 2.198 126.869 90.9 14.862 39.3051 2.435 284.682 87.0892 301.186 756.026 755.50 -0.526 4.835 0.1 523406 22659
2012 08 30 13 43 25.300 71.446 -11.034 11.1 14.862 39.3051 2.435 124.052 63.9573 298.728 631.428 632.96 1.532 6.582 0.1 553178 22659
2012 08 31 12 47 35.540 10.81 126.826 44.4 14.862 39.3051 2.435 284.098 84.9176 302.123 751.583 750.05 -1.533 5.026 0.1 523494 22659
2012 09 03 18 23 08.350 -10.677 113.964 34.8 14.862 39.3051 2.435 287.701 78.1976 301.267 715.917 716.08 0.163 5.532 0.1 523642 22659
2012 09 14 04 51 48.60 -3.3 100.67 23.3 14.862 39.3051 2.435 288.317 63.3802 301.524 628.464 627.58 -0.884 6.616 0.1 523871 22659
2011 10 13 03 16 32.90 -9.363 114.555 63.2 15.0968 39.9806 0.088 287.688 77.7773 302.522 712.432 710.49 -1.942 5.556 0.1 518533 22660
2011 11 08 02 59 08.670 27.25 125.723 228.2 15.0968 39.9806 0.088 281.602 79.5299 301.125 701.455 700.99 -0.465 5.386 0.1 518921 22660
2011 11 14 04 05 12.500 -0.953 126.879 24.4 15.0968 39.9806 0.088 285.067 87.2499 301.778 765.278 764.40 -0.878 4.839 0.1 518995 22660
2011 11 24 10 25 34.930 41.891 142.797 48.2 15.0968 39.9806 0.088 289.622 89.3013 301.155 770.225 770.42 0.195 4.684 0.1 519133 22660
2011 11 30 00 27 08.880 15.429 119.098 21.1 15.0968 39.9806 0.088 281.987 75.8593 302.371 705.491 704.44 -1.051 5.710 0.1 519198 22660
2011 12 13 07 52 12.30 0.047 123.063 167.4 15.0968 39.9806 0.088 285.1 83.3071 300.478 727.448 727.95 0.502 5.114 0.1 550665 22660
2011 12 27 15 21 57.570 51.834 95.964 12.8 15.0968 39.9806 0.088 251.805 57.4338 299.172 586.602 588.28 1.678 7.052 0.1 519571 22660
2012 01 01 05 27 55.800 31.468 138.183 359.7 15.0968 39.9806 0.088 287.025 89.0433 301.406 734.606 734.47 -0.136 4.642 0.1 519643 22660
2012 01 10 18 37 00.190 2.43 93.208 20.9 15.0968 39.9806 0.088 286.844 53.9402 303.396 564.206 562.12 -2.086 7.303 0.1 519785 22660
2012 02 06 03 49 13.920 9.919 123.216 17.5 15.0968 39.9806 0.088 283.796 81.0024 302.922 735.002 733.50 -1.502 5.334 0.1 520221 22660
2012 02 06 10 10 19.820 9.899 123.174 12.6 15.0968 39.9806 0.088 283.794 80.967 304.125 737.305 734.12 -3.185 5.337 0.1 520226 22660
2012 02 26 06 17 19.920 51.8 95.98 13 15.0968 39.9806 0.088 251.84 57.4326 299.907 586.987 588.24 1.253 7.052 0.1 520525 22660
2012 04 11 08 38 37.800 2.237 93.014 26.3 15.0968 39.9806 0.088 287.011 53.8106 303.465 562.665 560.43 -2.235 7.310 0.1 521291 22660
2012 04 11 09 27 57.30 1.218 91.714 10 15.0968 39.9806 0.088 287.981 52.8755 301.42 556.39 556.05 -0.34 7.385 0.1 521296 22660
2012 04 11 10 43 10.530 0.767 92.428 21.6 15.0968 39.9806 0.088 288.146 53.6931 302.975 562.445 560.26 -2.185 7.321 0.1 521308 22660
2012 04 15 05 57 40.120 2.581 90.335 25 15.0968 39.9806 0.088 287.254 51.152 302.035 541.915 540.91 -1.005 7.507 0.1 521481 22660
2012 04 17 19 03 57.120 -59.187 -16.807 13.6 15.0968 39.9806 0.088 54.0147 87.1075 301.998 766.878 766.31 -0.568 4.838 0.1 553177 22660
2012 05 20 02 03 53.990 44.873 11.222 17.7 15.0968 39.9806 0.088 131.516 38.3637 301.987 439.997 440.38 0.383 8.411 0.1 522040 22660
2012 05 23 15 02 27.110 41.356 142.126 64.1 15.0968 39.9806 0.088 289.188 89.0044 300.339 767.229 767.18 -0.049 4.702 0.1 522116 22660
2012 05 24 22 47 46.470 73.027 5.505 8.2 15.0968 39.9806 0.088 141.409 61.2303 298.97 613.5 615.32 1.82 6.778 0.1 553179 22660
2012 06 16 22 18 49.330 15.542 119.603 44.9 15.0968 39.9806 0.088 282.069 76.312 301.077 704.747 703.88 -0.867 5.674 0.1 522454 22660
2012 06 17 20 32 21.10 38.915 142.049 45.1 15.0968 39.9806 0.088 289.164 89.7495 301.731 774.721 772.90 -1.821 4.648 0.1 553184 22660
2012 06 23 04 34 53.600 3.002 97.911 101.9 15.0968 39.9806 0.088 285.811 58.2896 301.598 583.998 584.02 0.022 6.955 0.1 553181 22660
2012 06 29 21 07 32.950 43.433 84.612 17.1 15.0968 39.9806 0.088 247.408 47.3075 302.523 513.573 512.61 -0.963 7.787 0.1 522641 22660
2012 07 25 00 27 45.820 2.625 96.11 28.6 15.0968 39.9806 0.088 286.27 56.6642 304.359 583.539 580.65 -2.889 7.103 0.1 523007 22660
2012 08 12 10 47 07.390 35.652 82.541 14 15.0968 39.9806 0.088 252.815 43.1453 300.989 479.599 479.99 0.391 8.089 0.1 523270 22660
2012 08 14 02 59 38.860 49.75 145.305 590.7 15.0968 39.9806 0.088 291.245 88.2005 300.741 707.881 708.37 0.489 4.642 0.1 523282 22660
2012 08 18 09 41 55.160 -1.351 120.127 27.9 15.0968 39.9806 0.088 285.427 80.8399 298.991 729.831 731.26 1.429 5.340 0.1 523332 22660
2012 08 26 15 05 37.160 2.198 126.869 90.9 15.0968 39.9806 0.088 284.9 86.4308 301.736 753.576 752.30 -1.276 4.887 0.1 523406 22660
2012 08 30 13 43 25.300 71.446 -11.034 11.1 15.0968 39.9806 0.088 123.282 63.9128 299.284 630.984 632.65 1.666 6.585 0.1 553178 22660
2012 08 31 12 47 35.540 10.81 126.826 44.4 15.0968 39.9806 0.088 284.219 84.2347 302.088 747.548 746.60 -0.948 5.079 0.1 523494 22660
2012 09 03 18 23 08.350 -10.677 113.964 34.8 15.0968 39.9806 0.088 288.1 77.6245 301.613 713.263 712.91 -0.353 5.576 0.1 523642 22660
2012 09 14 04 51 48.60 -3.3 100.67 23.3 15.0968 39.9806 0.088 288.721 62.7877 304.573 627.513 623.66 -3.853 6.653 0.1 523871 22660
2011 07 11 20 47 04.890 9.527 122.245 21.6 15.2359 38.7779 2.171 284.024 81.2993 302.737 735.847 734.43 -1.417 5.308 0.1 517208 22661
2011 07 19 19 35 43.380 40.156 71.501 19.5 15.2359 38.7779 2.171 238.363 37.7997 301.759 435.379 435.19 -0.189 8.446 0.1 551088 22661
2011 08 01 14 58 10.610 34.671 138.522 23.1 15.2359 38.7779 2.171 287.926 89.2419 299.889 773.279 773.53 0.251 4.693 0.1 517560 22661
2011 08 10 23 45 43.80 -7.102 -12.805 11.7 15.2359 38.7779 2.171 66.2462 55.7225 301.274 577.194 576.78 -0.414 7.174 0.1 517677 22661
2011 08 16 11 03 57.630 -2.302 128.036 38.7 15.2359 38.7779 2.171 285.156 89.8814 301.921 775.291 774.88 -0.411 4.643 0.1 517747 22661
2011 08 22 20 12 21.270 -6.356 104.004 33.4 15.2359 38.7779 2.171 289.132 68.0793 302.317 658.047 656.50 -1.547 6.273 0.1 517851 22661
2011 08 30 06 57 41.540 -6.359 126.75 467.2 15.2359 38.7779 2.171 285.268 89.7011 300.824 727.284 727.45 0.166 4.635 0.1 517955 22661
2011 09 03 04 48 58.780 -56.561 -26.923 96.3 15.2359 38.7779 2.171 61.6163 89.8607 303.07 769.29 768.79 -0.5 4.642 0.1 518020 22661
2011 09 05 17 55 12.930 3.025 97.999 106.6 15.2359 38.7779 2.171 285.814 59.5372 302.367 593.437 592.14 -1.297 6.866 0.1 553194 22661
2011 09 18 12 40 49.580 27.803 88.153 29.6 15.2359 38.7779 2.171 265.297 47.3177 301.831 511.251 510.68 -0.571 7.784 0.1 518230 22661
2011 10 13 03 16 32.90 -9.363 114.555 63.2 15.2359 38.7779 2.171 287.557 78.9398 301.828 717.738 716.90 -0.838 5.471 0.1 518533 22661
2011 10 14 06 10 14.730 54.073 123.813 13.9 15.2359 38.7779 2.171 275.135 74.917 300.449 699.719 699.88 0.161 5.787 0.1 551442 22661
2011 10 21 08 02 37.620 43.872 142.531 189 15.2359 38.7779 2.171 290.328 89.1754 299.838 753.218 753.48 0.262 4.656 0.1 518640 22661
2011 11 08 02 59 08.670 27.25 125.723 228.2 15.2359 38.7779 2.171 282.237 80.5179 300.534 705.864 706.26 0.396 5.310 0.1 518921 22661
2011 11 14 04 05 12.500 -0.953 126.879 24.4 15.2359 38.7779 2.171 285.174 88.4146 301.544 770.044 769.98 -0.064 4.749 0.1 518995 22661
2011 11 30 00 27 08.880 15.429 119.098 21.1 15.2359 38.7779 2.171 282.385 76.9631 303.028 712.148 710.69 -1.458 5.634 0.1 519198 22661
2011 12 13 07 52 12.30 0.047 123.063 167.4 15.2359 38.7779 2.171 285.206 84.4718 300.334 733.304 733.85 0.546 5.023 0.1 550665 22661
2011 12 27 15 21 57.570 51.834 95.964 12.8 15.2359 38.7779 2.171 252.991 58.0358 298.624 590.054 592.48 2.426 7.006 0.1 519571 22661
2012 01 01 05 27 55.800 31.468 138.183 359.7 15.2359 38.7779 2.171 287.764 89.9499 299.467 737.667 738.66 0.993 4.638 0.1 519643 22661
2012 02 26 06 17 19.920 51.8 95.98 13 15.2359 38.7779 2.171 253.025 58.0354 300.093 591.173 592.45 1.277 7.006 0.1 520525 22661
2012 04 11 08 38 37.800 2.237 93.014 26.3 15.2359 38.7779 2.171 286.974 54.9798 304.115 571.315 568.92 -2.395 7.227 0.1 521291 22661
2012 04 11 09 27 57.30 1.218 91.714 10 15.2359 38.7779 2.171 287.901 54.0433 301.403 565.373 564.62 -0.753 7.299 0.1 521296 22661
2012 04 11 10 43 10.530 0.767 92.428 21.6 15.2359 38.7779 2.171 288.061 54.8606 302.761 570.231 568.76 -1.471 7.237 0.1 521308 22661
2012 04 15 05 57 40.120 2.581 90.335 25 15.2359 38.7779 2.171 287.201 52.3208 301.257 550.137 549.63 -0.507 7.419 0.1 521481 22661
2012 04 17 19 03 57.120 -59.187 -16.807 13.6 15.2359 38.7779 2.171 52.9044 86.735 301.543 764.423 764.52 0.097 4.868 0.1 553177 22661
2012 05 20 02 03 53.990 44.873 11.222 17.7 15.2359 38.7779 2.171 132.975 37.6146 300.532 432.542 434.08 1.538 8.458 0.1 522040 22661
2012 05 23 15 02 27.110 41.356 142.126 64.1 15.2359 38.7779 2.171 290.078 89.7633 298.626 769.516 770.71 1.194 4.643 0.1 522116 22661
2012 05 24 22 47 46.470 73.027 5.505 8.2 15.2359 38.7779 2.171 142.683 60.8772 299.864 611.394 612.93 1.536 6.804 0.1 553179 22661
2012 06 16 22 18 49.330 15.542 119.603 44.9 15.2359 38.7779 2.171 282.47 77.4144 301.032 710.702 710.08 -0.622 5.595 0.1 522454 22661
2012 06 23 04 34 53.600 3.002 97.911 101.9 15.2359 38.7779 2.171 285.837 59.4589 301.328 592.728 592.11 -0.618 6.873 0.1 553181 22661
2012 06 29 21 07 32.950 43.433 84.612 17.1 15.2359 38.7779 2.171 248.662 48.0213 302.058 518.108 518.12 0.012 7.738 0.1 522641 22661
2012 07 25 00 27 45.820 2.625 96.11 28.6 15.2359 38.7779 2.171 286.271 57.8337 304.14 591.32 588.90 -2.42 7.015 0.1 523007 22661
2012 07 26 05 33 33.860 -17.55 66.29 16.2 15.2359 38.7779 2.171 318.597 42.3951 313.426 485.566 474.86 -10.706 8.130 0.1 523026 22661
2012 08 12 10 47 07.390 35.652 82.541 14 15.2359 38.7779 2.171 253.969 44.0025 301.878 487.488 486.87 -0.618 8.027 0.1 523270 22661
2012 08 14 02 59 38.860 49.75 145.305 590.7 15.2359 38.7779 2.171 292.239 88.8171 300.418 710.558 711.22 0.662 4.638 0.1 523282 22661
2012 08 18 09 41 55.160 -1.351 120.127 27.9 15.2359 38.7779 2.171 285.49 82.0078 299.879 736.719 737.44 0.721 5.246 0.1 523332 22661
2012 08 26 15 05 37.160 2.198 126.869 90.9 15.2359 38.7779 2.171 285.068 87.5883 302.379 759.219 757.90 -1.319 4.798 0.1 523406 22661
2012 08 30 13 43 25.300 71.446 -11.034 11.1 15.2359 38.7779 2.171 124.485 63.4603 299.209 627.909 629.67 1.761 6.617 0.1 553178 22661
2012 08 31 12 47 35.540 10.81 126.826 44.4 15.2359 38.7779 2.171 284.553 85.3559 301.779 753.239 752.24 -0.999 4.991 0.1 523494 22661
2012 09 03 18 23 08.350 -10.677 113.964 34.8 15.2359 38.7779 2.171 287.939 78.7834 300.291 718.941 719.32 0.379 5.490 0.1 523642 22661
2012 09 14 04 51 48.60 -3.3 100.67 23.3 15.2359 38.7779 2.171 288.611 63.9531 303.912 634.852 631.37 -3.482 6.575 0.1 523871 22661
2011 07 19 19 35 43.380 40.156 71.501 19.5 13.5684 41.5196 0.622 233.287 37.3149 301.667 431.287 431.23 -0.057 8.477 0.1 551088 22662
2011 07 23 04 34 24.500 38.914 141.922 45.9 13.5684 41.5196 0.622 286.961 89.4925 299.898 771.398 771.67 0.272 4.668 0.1 517415 22662
2011 07 24 18 51 24.910 37.739 141.559 41.1 13.5684 41.5196 0.622 286.747 89.5594 299.46 771.55 772.56 1.01 4.663 0.1 550372 22662
2011 07 30 18 53 51.870 36.964 141.077 48.1 13.5684 41.5196 0.622 286.464 89.4124 302.155 772.285 771.06 -1.225 4.673 0.1 517525 22662
2011 08 01 14 58 10.610 34.671 138.522 23.1 13.5684 41.5196 0.622 285.036 88.0344 300.615 768.005 767.88 -0.125 4.787 0.1 517560 22662
2011 08 10 23 45 43.80 -7.102 -12.805 11.7 13.5684 41.5196 0.622 69.1407 57.7104 302.596 592.516 590.83 -1.686 7.027 0.1 517677 22662
2011 08 16 11 03 57.630 -2.302 128.036 38.7 13.5684 41.5196 0.622 283.626 87.1489 303.648 764.018 761.93 -2.088 4.844 0.1 517747 22662
2011 08 19 05 36 32.900 37.669 141.693 48.6 13.5684 41.5196 0.622 286.829 89.6813 301.697 772.797 772.25 -0.547 4.651 0.1 550379 22662
2011 08 22 20 12 21.270 -6.356 104.004 33.4 13.5684 41.5196 0.622 288.053 65.1086 302.609 639.339 637.53 -1.809 6.489 0.1 517851 22662
2011 08 30 06 57 41.540 -6.359 126.75 467.2 13.5684 41.5196 0.622 283.943 86.8633 301.119 714.579 714.22 -0.359 4.736 0.1 517955 22662
2011 09 03 04 48 58.780 -56.561 -26.923 96.3 13.5684 41.5196 0.622 64.7468 89.7891 303.203 769.423 768.37 -1.053 4.642 0.1 518020 22662
2011 09 05 17 55 12.930 3.025 97.999 106.6 13.5684 41.5196 0.622 284.167 56.7356 302.577 573.647 572.62 -1.027 7.067 0.1 553194 22662
2011 09 16 21 08 05.980 40.231 143.118 25.4 13.5684 41.5196 0.622 287.713 89.983 300.514 776.534 776.63 0.096 4.643 0.1 550381 22662
2011 09 18 12 40 49.580 27.803 88.153 29.6 13.5684 41.5196 0.622 261.686 45.5985 301.047 497.467 497.28 -0.187 7.907 0.1 518230 22662
2011 10 13 03 16 32.90 -9.363 114.555 63.2 13.5684 41.5196 0.622 286.523 75.9758 302.001 701.911 700.35 -1.561 5.685 0.1 518533 22662
2011 11 08 02 59 08.670 27.25 125.723 228.2 13.5684 41.5196 0.622 279.552 78.8364 301.345 697.675 697.29 -0.385 5.437 0.1 518921 22662
2011 11 14 04 05 12.500 -0.953 126.879 24.4 13.5684 41.5196 0.622 283.594 85.7095 301.956 757.456 756.85 -0.606 4.962 0.1 518995 22662
2011 11 23 19 24 32.250 37.376 141.462 42.7 13.5684 41.5196 0.622 286.691 89.5898 300.121 771.871 772.51 0.639 4.660 0.1 519125 22662
2011 11 24 10 25 34.930 41.891 142.797 48.2 13.5684 41.5196 0.622 287.493 89.25 301.578 770.648 770.24 -0.408 4.687 0.1 519133 22662
2011 11 30 00 27 08.880 15.429 119.098 21.1 13.5684 41.5196 0.622 280.121 74.73 302.383 699.503 697.97 -1.533 5.795 0.1 519198 22662
2011 12 13 07 52 12.30 0.047 123.063 167.4 13.5684 41.5196 0.622 283.617 81.767 301.238 720.208 719.98 -0.228 5.228 0.1 550665 22662
2011 12 27 15 21 57.570 51.834 95.964 12.8 13.5684 41.5196 0.622 249.31 57.7447 299.632 589.062 590.57 1.508 7.027 0.1 519571 22662
2012 01 01 05 27 55.800 31.468 138.183 359.7 13.5684 41.5196 0.622 284.945 88.5858 301.542 732.742 732.39 -0.352 4.648 0.1 519643 22662
2012 01 10 18 37 00.190 2.43 93.208 20.9 13.5684 41.5196 0.622 285.215 52.2556 304.399 553.209 549.70 -3.509 7.426 0.1 519785 22662
2012 02 06 03 49 13.920 9.919 123.216 17.5 13.5684 41.5196 0.622 282.063 79.7314 302.927 728.007 726.67 -1.337 5.430 0.1 520221 22662
2012 02 26 06 17 19.920 51.8 95.98 13 13.5684 41.5196 0.622 249.345 57.742 300.521 589.601 590.51 0.909 7.027 0.1 520525 22662
2012 03 14 12 05 06.00 35.747 140.824 19.7 13.5684 41.5196 0.622 286.325 89.5593 301.684 776.684 775.56 -1.124 4.668 0.1 520872 22662
2012 03 27 11 00 44.80 39.856 142.204 14.4 13.5684 41.5196 0.622 287.13 89.4257 300.709 776.629 775.78 -0.849 4.680 0.1 521101 22662
2012 04 11 08 38 37.800 2.237 93.014 26.3 13.5684 41.5196 0.622 285.39 52.1192 304.192 550.392 547.94 -2.452 7.435 0.1 521291 22662
2012 04 11 09 27 57.30 1.218 91.714 10 13.5684 41.5196 0.622 286.404 51.1466 301.115 543.085 543.16 0.075 7.511 0.1 521296 22662
2012 04 11 10 43 10.530 0.767 92.428 21.6 13.5684 41.5196 0.622 286.596 51.9584 303.304 549.774 547.43 -2.344 7.448 0.1 521308 22662
2012 04 17 19 03 57.120 -59.187 -16.807 13.6 13.5684 41.5196 0.622 56.0221 86.3885 304.323 765.203 762.74 -2.463 4.895 0.1 553177 22662
2012 05 20 02 03 53.990 44.873 11.222 17.7 13.5684 41.5196 0.622 130.878 40.454 300.948 456.958 457.86 0.902 8.270 0.1 522040 22662
2012 05 23 15 02 27.110 41.356 142.126 64.1 13.5684 41.5196 0.622 287.06 88.9284 300.561 767.451 766.88 -0.571 4.707 0.1 522116 22662
2012 05 24 22 47 46.470 73.027 5.505 8.2 13.5684 41.5196 0.622 140.082 63.0076 301.752 628.282 627.30 -0.982 6.646 0.1 553179 22662
2012 06 16 22 18 49.330 15.542 119.603 44.9 13.5684 41.5196 0.622 280.202 75.1894 301.467 698.137 697.49 -0.647 5.754 0.1 522454 22662
2012 06 17 20 32 21.10 38.915 142.049 45.1 13.5684 41.5196 0.622 287.041 89.587 301.713 773.703 772.20 -1.503 4.660 0.1 553184 22662
2012 06 23 04 34 53.600 3.002 97.911 101.9 13.5684 41.5196 0.622 284.191 56.656 302.253 573.653 572.56 -1.093 7.074 0.1 553181 22662
2012 06 29 21 07 32.950 43.433 84.612 17.1 13.5684 41.5196 0.622 244.515 47.3887 302.192 514.242 513.35 -0.892 7.780 0.1 522641 22662
2012 07 25 00 27 45.820 2.625 96.11 28.6 13.5684 41.5196 0.622 284.654 55.0071 304.027 571.207 568.77 -2.437 7.224 0.1 523007 22662
2012 08 12 10 47 07.390 35.652 82.541 14 13.5684 41.5196 0.622 249.718 42.8787 301.094 477.704 477.93 0.226 8.107 0.1 523270 22662
2012 08 14 02 59 38.860 49.75 145.305 590.7 13.5684 41.5196 0.622 289.129 88.446 300.337 709.477 709.58 0.103 4.641 0.1 523282 22662
2012 08 18 09 41 55.160 -1.351 120.127 27.9 13.5684 41.5196 0.622 283.993 79.247 302.13 723.97 722.65 -1.32 5.461 0.1 523332 22662
2012 09 14 04 51 48.60 -3.3 100.67 23.3 13.5684 41.5196 0.622 287.376 61.0195 304.666 615.606 611.76 -3.846 6.787 0.1 523871 22662
2011 07 11 20 47 04.890 9.527 122.245 21.6 14.6651 40.8666 0.043 283.192 79.3692 300.569 723.679 724.05 0.371 5.456 0.1 517208 22663
2011 07 19 19 35 43.380 40.156 71.501 19.5 14.6651 40.8666 0.043 235.252 36.8846 301.121 427.741 427.50 -0.241 8.506 0.1 551088 22663
2011 07 23 04 34 24.500 38.914 141.922 45.9 14.6651 40.8666 0.043 288.204 89.278 300.032 770.532 770.63 0.098 4.685 0.1 517415 22663
2011 07 24 18 51 24.910 37.739 141.559 41.1 14.6651 40.8666 0.043 287.994 89.3711 299.927 771.017 771.64 0.623 4.679 0.1 550372 22663
2011 07 30 18 53 51.870 36.964 141.077 48.1 14.6651 40.8666 0.043 287.713 89.2426 302.847 771.977 770.23 -1.747 4.687 0.1 517525 22663
2011 08 01 14 58 10.610 34.671 138.522 23.1 14.6651 40.8666 0.043 286.293 87.9255 300.524 766.914 767.32 0.406 4.796 0.1 517560 22663
2011 08 10 23 45 43.80 -7.102 -12.805 11.7 14.6651 40.8666 0.043 67.6805 57.4444 302.906 590.826 588.99 -1.836 7.047 0.1 517677 22663
2011 08 16 11 03 57.630 -2.302 128.036 38.7 14.6651 40.8666 0.043 284.683 87.8383 302.486 766.856 765.26 -1.596 4.791 0.1 517747 22663
2011 08 19 05 36 32.900 37.669 141.693 48.6 14.6651 40.8666 0.043 288.076 89.4938 302.146 772.246 771.33 -0.916 4.667 0.1 550379 22663
2011 08 22 20 12 21.270 -6.356 104.004 33.4 14.6651 40.8666 0.043 289.051 65.9835 299.37 641.1 643.19 2.09 6.424 0.1 517851 22663
2011 08 30 06 57 41.540 -6.359 126.75 467.2 14.6651 40.8666 0.043 284.947 87.6287 301.609 718.069 717.82 -0.249 4.677 0.1 517955 22663
2011 09 05 17 55 12.930 3.025 97.999 106.6 14.6651 40.8666 0.043 285.386 57.4721 302.444 578.514 577.82 -0.694 7.011 0.1 553194 22663
2011 09 16 21 08 05.980 40.231 143.118 25.4 14.6651 40.8666 0.043 288.95 89.7353 300.755 774.775 775.44 0.665 4.654 0.1 550381 22663
2011 09 18 12 40 49.580 27.803 88.153 29.6 14.6651 40.8666 0.043 263.442 45.7092 300.72 498.14 498.11 -0.03 7.901 0.1 518230 22663
2011 10 13 03 16 32.90 -9.363 114.555 63.2 14.6651 40.8666 0.043 287.463 76.8447 300.711 705.621 705.28 -0.341 5.625 0.1 518533 22663
2011 11 08 02 59 08.670 27.25 125.723 228.2 14.6651 40.8666 0.043 280.833 78.9405 300.766 698.096 697.82 -0.276 5.429 0.1 518921 22663
2011 11 14 04 05 12.500 -0.953 126.879 24.4 14.6651 40.8666 0.043 284.665 86.38 300.567 760.067 760.16 0.093 4.907 0.1 518995 22663
2011 11 24 10 25 34.930 41.891 142.797 48.2 14.6651 40.8666 0.043 288.723 88.97 301.741 769.811 768.88 -0.931 4.709 0.1 519133 22663
2011 12 13 07 52 12.30 0.047 123.063 167.4 14.6651 40.8666 0.043 284.695 82.437 301.073 724.043 723.47 -0.573 5.181 0.1 550665 22663
2011 12 27 15 21 57.570 51.834 95.964 12.8 14.6651 40.8666 0.043 250.687 57.2541 299.607 586.037 587.05 1.013 7.065 0.1 519571 22663
2012 01 01 05 27 55.800 31.468 138.183 359.7 14.6651 40.8666 0.043 286.206 88.5461 300.938 732.138 732.18 0.042 4.652 0.1 519643 22663
2012 01 10 18 37 00.190 2.43 93.208 20.9 14.6651 40.8666 0.043 286.465 53.0315 304.021 558.831 555.45 -3.381 7.371 0.1 519785 22663
2012 02 06 03 49 13.920 9.919 123.216 17.5 14.6651 40.8666 0.043 283.247 80.212 302.064 730.144 729.26 -0.884 5.394 0.1 520221 22663
2012 02 26 06 17 19.920 51.8 95.98 13 14.6651 40.8666 0.043 250.722 57.2522 301.472 587.552 587.00 -0.552 7.065 0.1 520525 22663
2012 04 11 08 38 37.800 2.237 93.014 26.3 14.6651 40.8666 0.043 286.638 52.9003 304.431 556.631 553.74 -2.891 7.379 0.1 521291 22663
2012 04 11 10 43 10.530 0.767 92.428 21.6 14.6651 40.8666 0.043 287.811 52.7732 303.116 555.586 553.49 -2.096 7.389 0.1 521308 22663
2012 04 15 05 57 40.120 2.581 90.335 25 14.6651 40.8666 0.043 286.879 50.2388 302.202 535.082 534.02 -1.062 7.572 0.1 521481 22663
2012 04 17 19 03 57.120 -59.187 -16.807 13.6 14.6651 40.8666 0.043 54.9739 87.092 302.944 767.824 766.21 -1.614 4.840 0.1 553177 22663
2012 05 20 02 03 53.990 44.873 11.222 17.7 14.6651 40.8666 0.043 130.757 39.1955 302.061 447.071 447.36 0.289 8.355 0.1 522040 22663
2012 05 23 15 02 27.110 41.356 142.126 64.1 14.6651 40.8666 0.043 288.292 88.6627 299.895 765.785 765.59 -0.195 4.729 0.1 522116 22663
2012 05 24 22 47 46.470 73.027 5.505 8.2 14.6651 40.8666 0.043 140.545 61.8155 301.087 619.617 619.28 -0.337 6.734 0.1 553179 22663
2012 06 16 22 18 49.330 15.542 119.603 44.9 14.6651 40.8666 0.043 281.445 75.5694 301.212 699.882 699.66 -0.222 5.726 0.1 522454 22663
2012 06 17 20 32 21.10 38.915 142.049 45.1 14.6651 40.8666 0.043 288.283 89.3718 300.879 771.869 771.16 -0.709 4.678 0.1 553184 22663
2012 06 23 04 34 53.600 3.002 97.911 101.9 14.6651 40.8666 0.043 285.411 57.3935 302.193 578.593 577.76 -0.833 7.019 0.1 553181 22663
2012 06 29 21 07 32.950 43.433 84.612 17.1 14.6651 40.8666 0.043 246.16 47.024 302.211 511.261 510.44 -0.821 7.808 0.1 522641 22663
2012 07 25 00 27 45.820 2.625 96.11 28.6 14.6651 40.8666 0.043 285.881 55.7622 302.992 576.172 574.21 -1.962 7.169 0.1 523007 22663
2012 08 12 10 47 07.390 35.652 82.541 14 14.6651 40.8666 0.043 251.558 42.7148 301.353 476.963 476.54 -0.423 8.119 0.1 523270 22663
2012 08 14 02 59 38.860 49.75 145.305 590.7 14.6651 40.8666 0.043 290.308 87.9975 300.102 707.242 707.46 0.218 4.642 0.1 523282 22663
2012 08 18 09 41 55.160 -1.351 120.127 27.9 14.6651 40.8666 0.043 285.053 79.9556 300.492 726.332 726.51 0.178 5.408 0.1 523332 22663
2012 08 26 15 05 37.160 2.198 126.869 90.9 14.6651 40.8666 0.043 284.452 85.5834 301.699 749.539 748.14 -1.399 4.955 0.1 523406 22663
2012 08 30 13 43 25.300 71.446 -11.034 11.1 14.6651 40.8666 0.043 122.5 64.5633 299.305 636.005 636.92 0.915 6.539 0.1 553178 22663
2012 08 31 12 47 35.540 10.81 126.826 44.4 14.6651 40.8666 0.043 283.651 83.4608 303.354 744.814 742.66 -2.154 5.141 0.1 523494 22663
2012 09 03 18 23 08.350 -10.677 113.964 34.8 14.6651 40.8666 0.043 287.899 76.6867 301.491 708.141 707.64 -0.501 5.644 0.1 523642 22663
2012 09 14 04 51 48.60 -3.3 100.67 23.3 14.6651 40.8666 0.043 288.445 61.8612 304.122 621.062 617.46 -3.602 6.723 0.1 523871 22663
2012 10 08 11 43 34.100 -4.541 129.234 29.6 14.6651 40.8666 0.043 284.654 89.5586 301.017 774.917 774.64 -0.277 4.656 0.1 524192 22663
