2011 01 27 8 38 28.384 28.151 59.052 18.5 -20.3636 13.5201 0.436 227.482 65.2903 302.864 644.84 641.92 -2.92 6.466 0.1 550844 22664
2011 02 14 3 40 5.455 -35.4868 -73.1011 17 -20.3636 13.5201 0.436 104.964 75.8152 301.068 707.213 704.42 -2.793 5.720 0.1 512991 22664
2011 03 06 12 31 56.849 -18.2064 -69.5006 114.5 -20.3636 13.5201 0.436 107.487 77.5375 301.397 705.788 702.74 -3.048 5.566 0.1 551065 22664
2011 03 06 14 32 41.536 -56.41 -26.68 101.2 -20.3636 13.5201 0.436 56.3278 46.694 294.992 494.116 498.44 4.324 7.797 0.1 553192 22664
2011 12 07 22 23 0.872 -27.9324 -71.1344 13.8 -20.3636 13.5201 0.436 105.857 76.2 304.837 713.805 707.25 -6.555 5.690 0.1 519310 22664
2012 01 10 18 36 53.108 2.4307 93.2081 20.9 -20.3636 13.5201 0.436 249.089 81.1856 307.857 743.349 734.18 -9.169 5.313 0.1 519785 22664
2012 01 22 5 53 36.463 -56.9317 -25.2293 18.7 -20.3636 13.5201 0.436 54.2778 46.3333 300.15 505.447 504.65 -0.797 7.860 0.1 519966 22664
2012 03 05 7 46 1.464 -28.2579 -63.2916 551.9 -20.3636 13.5201 0.436 102.608 69.4049 305.623 619.599 612.34 -7.259 5.983 0.1 520700 22664
2010 11 10 4 5 17.654 -45.5992 96.3646 15.3 -21.352 15.4404 0.96 260.78 68.8381 307.058 671.664 662.96 -8.704 6.234 0.1 551220 17959
2010 12 08 5 24 18.744 -56.4318 -25.64 29 -21.352 15.4404 0.96 57.9712 46.2646 313.54 516.856 502.59 -14.266 7.862 0.1 511733 17959
2010 12 20 18 41 45.466 28.3681 59.15 14.5 -21.352 15.4404 0.96 225.297 64.994 312.44 653.134 640.72 -12.414 6.489 0.1 550837 17959
2011 01 02 20 20 17.388 -38.3907 -73.3993 24.4 -21.352 15.4404 0.96 106.314 76.1901 299.082 706.174 705.35 -0.824 5.690 0.1 512363 17959
2011 01 18 20 23 16.905 28.6831 63.9948 79.9 -21.352 15.4404 0.96 228.756 68.3276 309.146 663.141 653.87 -9.271 6.228 0.1 550843 17959
2011 01 27 8 38 29.787 28.151 59.052 18.5 -21.352 15.4404 0.96 225.295 64.7804 299.954 638.607 638.68 0.073 6.504 0.1 550844 17959
2011 02 11 23 39 18.044 -37.2361 -73.4875 16.5 -21.352 15.4404 0.96 106.63 76.5839 302.766 713.322 708.81 -4.512 5.668 0.1 512965 17959
2011 02 12 1 16 48.919 -37.0037 -73.1547 10 -21.352 15.4404 0.96 106.502 76.3951 311.498 722.059 708.81 -13.249 5.681 0.1 512968 17959
2011 02 14 3 40 8.351 -35.4868 -73.1011 17 -21.352 15.4404 0.96 106.819 76.7876 301.164 712.813 709.90 -2.913 5.653 0.1 512991 17959
2011 03 06 12 31 55.414 -18.2064 -69.5006 114.5 -21.352 15.4404 0.96 108.935 79.0151 299.199 711.705 710.86 -0.845 5.459 0.1 551065 17959
2011 03 06 14 32 31.548 -56.3864 -27.0253 92 -21.352 15.4404 0.96 59.5376 46.8993 301.862 503.514 500.89 -2.624 7.787 0.1 553192 17959
2011 03 06 14 32 33.680 -56.41 -26.68 101.2 -21.352 15.4404 0.96 59.1396 46.7462 301.969 501.489 498.77 -2.719 7.794 0.1 553192 17959
2011 06 20 16 35 49.639 -21.771 -68.3834 126.2 -21.352 15.4404 0.96 107.908 76.8969 306.56 706.001 697.75 -8.251 5.611 0.1 516819 17959
2011 07 15 13 25 58.634 -60.9862 -23.6628 8.6 -21.352 15.4404 0.96 52.2566 48.0323 301.315 521.421 519.40 -2.021 7.741 0.1 550951 17959
2011 07 19 19 35 37.665 40.1562 71.5011 19.5 -21.352 15.4404 0.96 231.656 80.4231 303.792 735.327 731.38 -3.947 5.358 0.1 551088 17959
2011 09 02 13 46 58.762 -28.4135 -63.136 592.7 -21.352 15.4404 0.96 104.215 70.4894 309.664 626.702 615.38 -11.322 5.888 0.1 551097 17959
2011 09 03 4 48 55.194 -56.5611 -26.9231 96.3 -21.352 15.4404 0.96 59.2846 46.9396 301.641 503.167 500.77 -2.397 7.781 0.1 518020 17959
2011 09 05 17 55 12.856 3.0253 97.9991 106.6 -21.352 15.4404 0.96 248.301 84.1695 299.136 739.76 739.37 -0.39 5.063 0.1 553194 17959
2011 09 18 12 40 40.178 27.8039 88.1536 29.6 -21.352 15.4404 0.96 243.222 85.5596 308.052 764.694 756.01 -8.684 4.962 0.1 518230 17959
2011 10 23 10 41 19.567 38.7294 43.4465 7.6 -21.352 15.4404 0.96 208.808 65.2797 299.333 642.946 644.17 1.224 6.463 0.1 518671 17959
2011 11 22 18 48 1.332 -15.3083 -65.1634 560.3 -21.352 15.4404 0.96 108.592 76.0055 312.259 663.567 649.73 -13.837 5.511 0.1 519114 17959
2011 12 07 22 23 6.655 -27.9324 -71.1344 13.8 -21.352 15.4404 0.96 107.552 77.4113 299.364 715.149 714.05 -1.099 5.607 0.1 519310 17959
2011 12 11 9 54 47.717 -56.049 -28.2135 130.6 -21.352 15.4404 0.96 61.1016 47.3085 306.091 506.994 500.12 -6.874 7.742 0.1 550967 17959
2012 01 10 18 36 48.420 2.4307 93.2081 20.9 -21.352 15.4404 0.96 247.897 79.5088 311.616 738.096 725.17 -12.926 5.442 0.1 519785 17959
2012 01 23 16 4 51.845 -36.4552 -73.1816 23.5 -21.352 15.4404 0.96 106.643 76.5719 299.233 708.648 707.66 -0.988 5.667 0.1 550970 17959
2012 01 30 5 10 54.060 -14.2139 -75.6584 34.2 -21.352 15.4404 0.96 110.873 85.9294 304.062 761.742 756.16 -5.582 4.947 0.1 520094 17959
2012 03 05 7 46 2.782 -28.2579 -63.2916 551.9 -21.352 15.4404 0.96 104.329 70.6606 304.041 625.459 619.76 -5.699 5.896 0.1 520700 17959
2012 03 25 22 36 55.556 -35.2035 -72.1268 28.2 -21.352 15.4404 0.96 106.378 76.105 309.301 715.405 704.36 -11.045 5.696 0.1 553198 17959
2012 04 11 10 43 1.447 0.7675 92.4284 21.6 -21.352 15.4404 0.96 248.12 78.1674 308.024 727.037 717.67 -9.367 5.540 0.1 521308 17959
2012 05 14 10 0 33.941 -17.7968 -69.7926 108.7 -21.352 15.4404 0.96 109.081 79.4105 302.716 718.035 713.68 -4.355 5.432 0.1 521959 17959
2012 06 07 16 3 10.036 -15.9117 -72.4723 106.7 -21.352 15.4404 0.96 109.998 82.4558 307.27 738.974 730.11 -8.864 5.202 0.1 522329 17959
2012 06 10 12 44 11.864 36.3847 28.9676 32 -21.352 15.4404 0.96 194.764 58.8309 304.761 601.297 597.45 -3.847 6.923 0.1 522378 17959
2012 09 30 16 31 26.931 1.9079 -76.3716 155.2 -21.352 15.4404 0.96 111.169 92.3745 306.339 780.408 772.84 -7.568 4.616 0.1 524079 17959
2011 07 16 0 25 59.061 -33.8756 -72.1007 20.5 -19.1245 13.6138 0.592 103.809 76.1452 306.636 714.135 705.80 -8.335 5.693 0.1 517320 22665
2011 08 24 17 45 57.572 -7.6203 -74.538 149.3 -19.1245 13.6138 0.592 108.643 85.8063 313.267 757.075 742.38 -14.695 4.922 0.1 517876 22665
2011 09 02 13 47 0.158 -28.4135 -63.136 592.7 -19.1245 13.6138 0.592 101.323 69.8153 308.191 621.273 611.47 -9.803 5.934 0.1 551097 22665
2011 09 03 4 48 41.996 -56.5611 -26.9231 96.3 -19.1245 13.6138 0.592 55.7696 48.0092 314.028 523.872 509.19 -14.682 7.705 0.1 518020 22665
2011 09 05 17 54 58.181 3.0253 97.9991 106.6 -19.1245 13.6138 0.592 250.67 85.6812 312.914 761.093 746.91 -14.183 4.941 0.1 553194 22665
2011 10 23 10 41 5.418 38.7294 43.4465 7.6 -19.1245 13.6138 0.592 211.559 63.9852 314.848 649.99 635.64 -14.35 6.559 0.1 518671 22665
2012 03 05 7 45 58.399 -28.2579 -63.2916 551.9 -19.1245 13.6138 0.592 101.442 69.9804 308.863 626.284 615.80 -10.484 5.943 0.1 520700 22665
2012 04 11 8 38 32.656 2.2376 93.0144 26.3 -19.1245 13.6138 0.592 250.333 80.7261 307.205 739.469 730.93 -8.539 5.349 0.1 521291 22665
2012 04 11 10 42 56.437 0.7675 92.4284 21.6 -19.1245 13.6138 0.592 250.521 79.6849 312.12 739.463 725.97 -13.493 5.430 0.1 521308 22665
2012 04 17 3 50 3.824 -32.6374 -71.5641 29.7 -19.1245 13.6138 0.592 103.84 76.0037 309.275 714.651 703.67 -10.981 5.702 0.1 521513 22665
2012 05 14 10 0 38.402 -17.7968 -69.7926 108.7 -19.1245 13.6138 0.592 106.448 78.3246 299.761 709.179 707.78 -1.399 5.508 0.1 521959 22665
2012 06 07 16 3 11.758 -15.9117 -72.4723 106.7 -19.1245 13.6138 0.592 107.408 81.3254 305.646 731.468 724.23 -7.238 5.283 0.1 522329 22665
2012 06 23 4 34 39.861 3.0022 97.9116 101.9 -19.1245 13.6138 0.592 250.665 85.5912 313.174 761.453 747.01 -14.443 4.949 0.1 553181 22665
2012 08 02 9 38 28.269 -8.454 -74.2726 148.8 -19.1245 13.6138 0.592 108.551 85.293 301.211 742.542 739.88 -2.662 4.964 0.1 523107 22665
2011 09 18 12 40 45.104 27.8039 88.1536 29.6 -19.8895 10.7935 -1.257 246.718 88.5388 303.345 774.401 770.37 -4.031 4.728 0.1 518230 22666
2011 10 23 10 41 19.958 38.7294 43.4465 7.6 -19.8895 10.7935 -1.257 213.809 65.8571 300.466 647.818 647.77 -0.048 6.423 0.1 518671 22666
2011 11 22 18 48 7.877 -15.3083 -65.1634 560.3 -19.8895 10.7935 -1.257 106.269 71.9959 306.369 635.042 627.11 -7.932 5.793 0.1 519114 22666
2010 12 08 5 24 25.373 -56.4318 -25.64 29 -19.8747 12.977 0.006 54.1942 46.4087 306.346 510.813 503.83 -6.983 7.851 0.1 511733 19904
2011 01 01 9 56 41.983 -26.8513 -63.2373 584.3 -19.8747 12.977 0.006 102.412 69.3785 313.349 624.526 609.56 -14.966 5.967 0.1 512345 19904
2011 03 06 12 31 55.374 -18.2064 -69.5006 114.5 -19.8747 12.977 0.006 106.871 77.1693 302.221 704.567 700.70 -3.867 5.594 0.1 551065 19904
2011 07 16 0 26 0.740 -33.8756 -72.1007 20.5 -19.8747 12.977 0.006 104.148 75.245 309.995 712.335 700.63 -11.705 5.762 0.1 517320 19904
2011 09 02 13 46 56.299 -28.4135 -63.136 592.7 -19.8747 12.977 0.006 101.793 68.9643 311.202 619.203 606.38 -12.823 5.993 0.1 551097 19904
2011 09 05 17 54 59.418 3.0253 97.9991 106.6 -19.8747 12.977 0.006 249.973 86.3399 311.781 763.183 750.15 -13.033 4.888 0.1 553194 19904
2011 10 28 18 54 20.533 -14.5572 -76.1207 29 -19.8747 12.977 0.006 108.973 84.3322 312.144 762.631 748.94 -13.691 5.077 0.1 518760 19904
2011 11 22 18 48 0.992 -15.3083 -65.1634 560.3 -19.8747 12.977 0.006 106.644 74.0193 312.257 652.505 638.67 -13.835 5.653 0.1 519114 19904
2012 01 10 18 36 52.438 2.4307 93.2081 20.9 -19.8747 12.977 0.006 249.631 81.6446 309.116 747.038 736.60 -10.438 5.276 0.1 519785 19904
2012 01 22 5 53 34.973 -56.9317 -25.2293 18.7 -19.8747 12.977 0.006 53.3403 46.5221 303.828 510.615 506.16 -4.455 7.846 0.1 519966 19904
2012 01 23 16 4 40.839 -36.4552 -73.1816 23.5 -19.8747 12.977 0.006 104.059 75.4769 310.512 713.713 701.49 -12.223 5.745 0.1 550970 19904
2012 01 30 5 10 47.299 -14.2139 -75.6584 34.2 -19.8747 12.977 0.006 108.907 84.0192 310.205 758.346 746.59 -11.756 5.101 0.1 520094 19904
2012 03 25 22 36 53.159 -35.2035 -72.1268 28.2 -19.8747 12.977 0.006 103.819 74.9458 311.222 710.703 697.77 -12.933 5.783 0.1 553198 19904
2012 04 11 8 38 35.779 2.2376 93.0144 26.3 -19.8747 12.977 0.006 249.64 81.3964 303.54 739.361 734.50 -4.861 5.295 0.1 521291 19904
2012 04 11 10 42 56.763 0.7675 92.4284 21.6 -19.8747 12.977 0.006 249.812 80.3409 311.219 742.096 729.52 -12.576 5.380 0.1 521308 19904
2012 04 17 3 50 14.665 -32.6374 -71.5641 29.7 -19.8747 12.977 0.006 104.201 75.1115 297.985 698.24 698.54 0.3 5.770 0.1 521513 19904
2012 09 30 16 31 30.669 1.9079 -76.3716 155.2 -19.8747 12.977 0.006 109.762 90.0276 301.822 765.033 761.98 -3.053 4.641 0.1 524079 19904
2011 11 22 18 48 14.911 -15.3083 -65.1634 560.3 -19.3302 13.157 0.222 106.125 74.2883 298.485 640.254 640.20 -0.054 5.634 0.1 519114 22667
2011 12 07 22 23 1.915 -27.9324 -71.1344 13.8 -19.3302 13.157 0.222 104.749 76.3239 304.803 714.488 707.98 -6.508 5.683 0.1 519310 22667
2012 04 11 10 43 7.869 0.7675 92.4284 21.6 -19.3302 13.157 0.222 250.347 80.1309 302.06 731.811 728.39 -3.421 5.396 0.1 521308 22667
2012 05 28 5 7 21.922 -28.021 -63.1134 591.1 -19.3302 13.157 0.222 101.471 69.3955 300.229 610.947 609.10 -1.847 5.963 0.1 553199 22667
2012 06 23 4 34 50.245 3.0022 97.9116 101.9 -19.3302 13.157 0.222 250.495 86.0379 303.29 753.765 749.21 -4.555 4.913 0.1 553181 22667
2011 01 18 20 23 12.893 28.6831 63.9948 79.9 -17.7497 9.899 -4.09 235.371 69.7353 312.035 674.762 662.36 -12.402 6.130 0.1 550843 22668
2011 03 06 14 32 35.700 -56.41 -26.68 101.2 -17.7497 9.899 -4.09 50.5235 47.3706 300.024 504.444 503.89 -0.554 7.748 0.1 553192 22668
2011 06 20 16 35 59.289 -21.771 -68.3834 126.2 -17.7497 9.899 -4.09 102.7 73.0441 297.96 675.311 675.71 0.399 5.890 0.1 516819 22668
2011 07 15 13 25 50.928 -60.9862 -23.6628 8.6 -17.7497 9.899 -4.09 43.9964 49.3299 310.606 540.748 529.63 -11.118 7.644 0.1 550951 22668
2011 06 01 12 55 15.894 -37.5547 -73.8322 10 -18.2288 13.2738 0.75 102.933 76.8884 302.099 715.485 711.71 -3.775 5.646 0.1 516484 22669
2011 06 20 16 35 49.183 -21.771 -68.3834 126.2 -18.2288 13.2738 0.75 104.212 75.9458 309.094 703.211 692.46 -10.751 5.677 0.1 516819 22669
2011 09 03 4 48 52.785 -56.5611 -26.9231 96.3 -18.2288 13.2738 0.75 54.8183 48.6359 304.603 519.278 514.05 -5.228 7.657 0.1 518020 22669
2011 09 05 17 55 10.846 3.0253 97.9991 106.6 -18.2288 13.2738 0.75 251.587 85.9312 300.357 749.771 748.14 -1.631 4.920 0.1 553194 22669
2011 10 23 20 45 24.336 38.5893 43.1165 10.1 -18.2288 13.2738 0.75 212.039 63.0683 310.11 638.774 629.15 -9.624 6.624 0.1 550958 22669
2012 08 02 9 38 28.968 -8.454 -74.2726 148.8 -18.2288 13.2738 0.75 107.623 85.0858 300.512 740.824 738.86 -1.964 4.982 0.1 523107 22669
2012 08 11 12 23 1.738 38.4023 46.838 8.7 -18.2288 13.2738 0.75 215.591 64.5386 313.744 652.346 638.98 -13.366 6.521 0.1 523253 22669
2012 08 11 12 34 35.377 38.3798 46.7958 18.9 -18.2288 13.2738 0.75 215.558 64.5011 298.731 635.434 637.08 1.646 6.521 0.1 523255 22669
2012 09 30 16 31 27.154 1.9079 -76.3716 155.2 -18.2288 13.2738 0.75 108.116 90.2522 305.975 770.241 763.01 -7.231 4.640 0.1 524079 22669
2010 12 08 5 24 21.164 -56.4318 -25.64 29 -21.3047 14.4751 0.677 56.8574 45.8534 310.716 510.792 499.37 -11.422 7.891 0.1 511733 21977
2011 01 02 20 20 11.831 -38.3907 -73.3993 24.4 -21.3047 14.4751 0.677 105.73 75.4886 304.435 707.524 701.35 -6.174 5.744 0.1 512363 21977
2011 03 06 12 31 51.662 -18.2064 -69.5006 114.5 -21.3047 14.4751 0.677 108.649 78.1587 305.739 713.557 706.17 -7.387 5.519 0.1 551065 21977
2011 05 15 13 8 12.883 0.4584 -25.6088 18.9 -21.3047 14.4751 0.677 121.425 44.7202 302.91 495.827 492.33 -3.497 7.971 0.1 516209 21977
2011 06 20 16 35 49.328 -21.771 -68.3834 126.2 -21.3047 14.4751 0.677 107.572 76.0571 308.476 703.188 693.02 -10.168 5.671 0.1 516819 21977
2011 10 23 10 41 7.432 38.7294 43.4465 7.6 -21.3047 14.4751 0.677 209.732 65.6059 310.823 656.551 646.26 -10.291 6.441 0.1 518671 21977
2011 12 07 22 23 1.847 -27.9324 -71.1344 13.8 -21.3047 14.4751 0.677 107.117 76.6159 304.346 715.659 709.58 -6.079 5.664 0.1 519310 21977
2012 03 05 7 45 55.480 -28.2579 -63.2916 551.9 -21.3047 14.4751 0.677 103.903 69.8534 311.865 628.505 614.99 -13.515 5.952 0.1 520700 21977
2012 03 25 22 36 54.252 -35.2035 -72.1268 28.2 -21.3047 14.4751 0.677 105.839 75.3708 310.049 711.957 700.17 -11.787 5.752 0.1 553198 21977
2012 04 14 10 56 6.840 -57.5759 -65.3721 8.4 -21.3047 14.4751 0.677 93.4991 66.8671 309.54 662.7 651.66 -11.04 6.377 0.1 521454 21977
2012 06 23 4 34 40.089 3.0022 97.9116 101.9 -21.3047 14.4751 0.677 248.427 84.9715 313.136 758.327 743.94 -14.387 5.001 0.1 553181 21977
2012 09 30 16 31 22.212 1.9079 -76.3716 155.2 -21.3047 14.4751 0.677 111.142 91.4737 309.455 779.363 768.68 -10.683 4.629 0.1 524079 21977
2011 02 11 20 5 21.438 -36.4604 -73.1552 12.8 -18.0783 13.8847 1.211 103.015 77.1677 307.762 722.274 712.84 -9.434 5.625 0.1 512958 22670
2011 03 06 12 31 56.696 -18.2064 -69.5006 114.5 -18.0783 13.8847 1.211 105.337 78.4664 299.659 709.203 707.91 -1.293 5.497 0.1 551065 22670
2011 05 15 13 8 14.164 0.4584 -25.6088 18.9 -18.0783 13.8847 1.211 117.45 42.9795 302.618 481.534 478.26 -3.274 8.096 0.1 516209 22670
2011 09 05 17 55 3.400 3.0253 97.9991 106.6 -18.0783 13.8847 1.211 251.69 85.3402 308.365 754.865 745.22 -9.645 4.969 0.1 553194 22670
2011 09 18 12 40 33.862 27.8039 88.1536 29.6 -18.0783 13.8847 1.211 246.776 85.104 313.77 768.148 753.65 -14.498 5.003 0.1 518230 22670
2011 10 23 10 41 19.855 38.7294 43.4465 7.6 -18.0783 13.8847 1.211 211.804 62.936 299.216 627.401 628.68 1.279 6.634 0.1 518671 22670
2011 10 23 20 45 32.258 38.5893 43.1165 10.1 -18.0783 13.8847 1.211 211.524 62.6813 302.586 628.668 626.58 -2.088 6.649 0.1 550958 22670
2011 12 11 9 54 42.285 -56.049 -28.2135 130.6 -18.0783 13.8847 1.211 57.1858 49.3583 310.746 527.421 516.01 -11.411 7.592 0.1 550967 22670
2012 01 10 18 36 54.578 2.4307 93.2081 20.9 -18.0783 13.8847 1.211 251.345 80.6141 307.05 739.512 731.12 -8.392 5.359 0.1 519785 22670
2012 01 15 13 40 17.032 -60.701 -55.8579 17.3 -18.0783 13.8847 1.211 81.3946 64.4977 303.282 639.71 635.19 -4.52 6.545 0.1 553208 22670
2012 01 30 5 10 46.994 -14.2139 -75.6584 34.2 -18.0783 13.8847 1.211 107.355 85.2612 310.839 765.245 752.88 -12.365 5.003 0.1 520094 22670
2012 04 11 8 38 30.879 2.2376 93.0144 26.3 -18.0783 13.8847 1.211 251.357 80.3694 308.794 739.155 729.01 -10.145 5.377 0.1 521291 22670
2012 04 17 3 50 5.313 -32.6374 -71.5641 29.7 -18.0783 13.8847 1.211 103.046 76.7476 307.298 716.905 707.92 -8.985 5.651 0.1 521513 22670
2012 05 14 10 0 24.493 -17.7968 -69.7926 108.7 -18.0783 13.8847 1.211 105.491 78.8425 313.192 725.459 710.64 -14.819 5.472 0.1 521959 22670
2012 06 02 7 52 48.669 -22.1017 -63.6574 539.4 -18.0783 13.8847 1.211 102.697 72.2005 302.799 634.37 629.97 -4.4 5.789 0.1 553200 22670
2012 06 10 12 44 15.122 36.3847 28.9676 32 -18.0783 13.8847 1.211 197.369 56.0138 302.26 578.898 577.53 -1.368 7.130 0.1 522378 22670
2012 08 11 12 23 16.265 38.4023 46.838 8.7 -18.0783 13.8847 1.211 215.104 64.1294 299.804 635.719 636.31 0.591 6.550 0.1 523253 22670
2010 12 20 18 41 43.259 28.3681 59.15 14.5 -20.5439 14.4625 0.604 226.64 65.0224 314.646 655.527 640.86 -14.667 6.487 0.1 550837 18254
2011 01 02 20 20 7.678 -38.3907 -73.3993 24.4 -20.5439 14.4625 0.604 105.09 75.9225 306.992 712.574 703.86 -8.714 5.711 0.1 512363 18254
2011 01 18 20 23 16.726 28.6831 63.9948 79.9 -20.5439 14.4625 0.604 230.062 68.4169 308.219 662.773 654.38 -8.393 6.222 0.1 550843 18254
2011 03 06 12 31 41.873 -18.2064 -69.5006 114.5 -20.5439 14.4625 0.604 107.899 78.3444 309.393 718.24 707.20 -11.04 5.506 0.1 551065 18254
2011 03 06 14 32 21.311 -56.41 -26.68 101.2 -20.5439 14.4625 0.604 57.5015 46.9771 313.713 515.042 500.62 -14.422 7.776 0.1 553192 18254
2011 05 14 21 7 6.416 36.4257 70.7231 207.6 -20.5439 14.4625 0.604 232.914 77.6685 314.395 709.219 694.59 -14.629 5.506 0.1 516197 18254
2011 07 15 13 25 59.071 -60.9862 -23.6628 8.6 -20.5439 14.4625 0.604 50.6973 48.3934 299.479 522.388 522.24 -0.148 7.714 0.1 550951 18254
2011 07 19 19 35 32.429 40.1562 71.5011 19.5 -20.5439 14.4625 0.604 232.89 80.4039 307.089 738.52 731.24 -7.28 5.361 0.1 551088 18254
2011 08 24 17 46 8.513 -7.6203 -74.538 149.3 -20.5439 14.4625 0.604 110.141 86.436 301.395 748.262 745.45 -2.812 4.873 0.1 517876 18254
2011 09 02 13 47 1.068 -28.4135 -63.136 592.7 -20.5439 14.4625 0.604 103.042 69.975 306.581 620.593 612.37 -8.223 5.923 0.1 551097 18254
2011 10 23 10 41 21.830 38.7294 43.4465 7.6 -20.5439 14.4625 0.604 210.092 64.9229 297.057 638.347 641.82 3.473 6.491 0.1 518671 18254
2011 10 23 20 45 34.628 38.5893 43.1165 10.1 -20.5439 14.4625 0.604 209.814 64.6727 300.366 639.618 639.79 0.172 6.509 0.1 550958 18254
2012 01 10 18 36 47.699 2.4307 93.2081 20.9 -20.5439 14.4625 0.604 248.814 80.3259 312.193 743.094 729.59 -13.504 5.381 0.1 519785 18254
2012 01 15 14 21 20.356 -60.8685 -56.0334 23 -20.5439 14.4625 0.604 83.4021 62.7837 312.113 636.317 622.90 -13.417 6.662 0.1 553209 18254
2012 01 23 16 4 50.038 -36.4552 -73.1816 23.5 -20.5439 14.4625 0.604 105.431 76.2639 301.68 709.362 705.95 -3.412 5.686 0.1 550970 18254
2012 03 05 7 45 56.186 -28.2579 -63.2916 551.9 -20.5439 14.4625 0.604 103.159 70.1438 309.246 627.62 616.73 -10.89 5.932 0.1 520700 18254
2012 04 11 8 38 30.493 2.2376 93.0144 26.3 -20.5439 14.4625 0.604 248.825 80.0761 308.123 736.89 727.45 -9.44 5.399 0.1 521291 18254
2012 05 14 10 0 30.871 -17.7968 -69.7926 108.7 -20.5439 14.4625 0.604 108.05 78.7344 305.502 717.151 710.01 -7.141 5.480 0.1 521959 18254
2012 05 28 5 7 18.063 -28.021 -63.1134 591.1 -20.5439 14.4625 0.604 103.172 70.0443 304.244 618.801 612.92 -5.881 5.919 0.1 553199 18254
2012 06 02 7 52 44.921 -22.1017 -63.6574 539.4 -20.5439 14.4625 0.604 105.327 71.9752 306.05 636.289 628.61 -7.679 5.807 0.1 553200 18254
2012 06 23 4 34 43.683 3.0022 97.9116 101.9 -20.5439 14.4625 0.604 249.185 84.9156 309.457 754.374 743.66 -10.714 5.006 0.1 553181 18254
2012 08 11 12 23 10.571 38.4023 46.838 8.7 -20.5439 14.4625 0.604 213.308 66.0423 305.399 653.768 648.81 -4.958 6.409 0.1 523253 18254
2012 08 11 12 34 29.105 38.3798 46.7958 18.9 -20.5439 14.4625 0.604 213.275 66.0053 304.685 651.16 646.91 -4.25 6.410 0.1 523255 18254
2011 03 06 14 32 25.774 -56.3864 -27.0253 92 -20.7347 11.214 -1.789 54.3699 45.4614 308.261 498.637 489.73 -8.907 7.891 0.1 553192 22671
2011 03 06 14 32 27.826 -56.41 -26.68 101.2 -20.7347 11.214 -1.789 53.9531 45.3196 308.287 496.611 487.69 -8.921 7.896 0.1 553192 22671
2011 01 01 9 56 41.924 -26.8513 -63.2373 584.3 -21.2304 14.9014 0.863 104.462 70.5455 313.116 631.192 616.43 -14.762 5.887 0.1 512345 22672
2011 01 02 20 20 13.959 -38.3907 -73.3993 24.4 -21.2304 14.9014 0.863 105.909 75.8542 302.418 707.599 703.44 -4.159 5.717 0.1 512363 22672
2011 01 18 20 23 22.006 28.6831 63.9948 79.9 -21.2304 14.9014 0.863 229.228 68.5999 303.15 658.844 655.55 -3.294 6.209 0.1 550843 22672
2011 03 06 14 32 21.465 -56.3864 -27.0253 92 -21.2304 14.9014 0.863 58.8606 46.7457 311.984 512.439 499.71 -12.729 7.798 0.1 553192 22672
2011 03 06 14 32 23.586 -56.41 -26.68 101.2 -21.2304 14.9014 0.863 58.4604 46.594 311.536 509.87 497.60 -12.27 7.805 0.1 553192 22672
2011 06 20 16 35 46.583 -21.771 -68.3834 126.2 -21.2304 14.9014 0.863 107.628 76.4579 311.648 708.625 695.29 -13.335 5.643 0.1 516819 22672
2011 08 24 17 46 8.459 -7.6203 -74.538 149.3 -21.2304 14.9014 0.863 110.869 86.7626 301.873 750.314 747.03 -3.284 4.847 0.1 517876 22672
2011 09 02 13 47 10.651 -28.4135 -63.136 592.7 -21.2304 14.9014 0.863 103.883 70.0773 297.949 612.558 612.96 0.402 5.916 0.1 551097 22672
2011 09 05 17 55 7.736 3.0253 97.9991 106.6 -21.2304 14.9014 0.863 248.47 84.6585 304.143 747.227 741.83 -5.397 5.025 0.1 553194 22672
2011 11 22 18 48 15.826 -15.3083 -65.1634 560.3 -21.2304 14.9014 0.863 108.37 75.5354 297.64 646.354 647.14 0.786 5.546 0.1 519114 22672
2011 12 07 22 22 59.598 -27.9324 -71.1344 13.8 -21.2304 14.9014 0.863 107.221 77.0075 307.578 721.1 711.79 -9.31 5.636 0.1 519310 22672
2011 12 11 9 54 40.344 -56.049 -28.2135 130.6 -21.2304 14.9014 0.863 60.4322 47.1475 313.254 512.91 498.89 -14.02 7.753 0.1 550967 22672
2012 01 15 13 40 17.644 -60.701 -55.8579 17.3 -21.2304 14.9014 0.863 84.1273 62.3111 303.88 625.776 620.58 -5.196 6.700 0.1 553208 22672
2012 03 25 22 37 5.480 -35.2035 -72.1268 28.2 -21.2304 14.9014 0.863 105.995 75.7461 299.275 703.335 702.32 -1.015 5.723 0.1 553198 22672
2012 04 11 8 38 26.257 2.2376 93.0144 26.3 -21.2304 14.9014 0.863 248.09 79.743 313.629 740.592 725.65 -14.942 5.424 0.1 521291 22672
2012 04 14 10 56 10.456 -57.5759 -65.3721 8.4 -21.2304 14.9014 0.863 93.8058 67.1567 306.217 661.221 653.50 -7.721 6.355 0.1 521454 22672
2012 04 17 19 3 44.057 -59.1876 -16.8077 13.6 -21.2304 14.9014 0.863 44.7231 44.1753 309.842 498.765 488.38 -10.385 8.016 0.1 553177 22672
2012 05 14 10 0 32.329 -17.7968 -69.7926 108.7 -21.2304 14.9014 0.863 108.83 78.956 305.87 718.721 711.21 -7.511 5.465 0.1 521959 22672
2012 05 28 5 7 14.273 -28.021 -63.1134 591.1 -21.2304 14.9014 0.863 104.012 70.1522 308.258 623.445 613.54 -9.905 5.912 0.1 553199 22672
2012 06 02 7 52 48.056 -22.1017 -63.6574 539.4 -21.2304 14.9014 0.863 106.141 72.1636 304.129 635.453 629.69 -5.763 5.793 0.1 553200 22672
2010 12 08 5 24 29.703 -56.4318 -25.64 29 -19.0438 14.4791 1.277 55.3479 47.815 302.095 517.552 514.81 -2.742 7.749 0.1 511733 22673
2011 01 27 8 38 27.367 28.151 59.052 18.5 -19.0438 14.4791 1.277 227.767 63.7174 302.275 633.948 631.62 -2.328 6.581 0.1 550844 22673
2011 02 11 23 39 12.899 -37.2361 -73.4875 16.5 -19.0438 14.4791 1.277 104.167 77.1612 306.799 720.64 712.15 -8.49 5.625 0.1 512965 22673
2011 02 14 3 40 5.501 -35.4868 -73.1011 17 -19.0438 14.4791 1.277 104.34 77.2888 301.892 716.391 712.80 -3.591 5.616 0.1 512991 22673
2011 03 06 14 32 26.360 -56.3864 -27.0253 92 -19.0438 14.4791 1.277 56.9181 48.429 306.964 520.484 512.84 -7.644 7.676 0.1 553192 22673
2011 03 06 14 32 28.438 -56.41 -26.68 101.2 -19.0438 14.4791 1.277 56.5198 48.2815 306.882 518.324 510.77 -7.554 7.683 0.1 553192 22673
2011 06 01 12 55 16.058 -37.5547 -73.8322 10 -19.0438 14.4791 1.277 104.291 77.3492 302.867 718.829 714.27 -4.559 5.613 0.1 516484 22673
2011 06 20 16 35 50.480 -21.771 -68.3834 126.2 -19.0438 14.4791 1.277 105.377 76.7705 307.676 706.436 697.09 -9.346 5.619 0.1 516819 22673
2011 07 15 13 25 59.684 -60.9862 -23.6628 8.6 -19.0438 14.4791 1.277 49.9294 49.7684 302.793 536.269 532.84 -3.429 7.613 0.1 550951 22673
2011 07 16 0 26 6.650 -33.8756 -72.1007 20.5 -19.0438 14.4791 1.277 104.177 76.8855 304.732 716.422 709.99 -6.432 5.644 0.1 517320 22673
2011 08 24 17 46 1.507 -7.6203 -74.538 149.3 -19.0438 14.4791 1.277 108.659 86.6284 308.661 756.474 746.40 -10.074 4.858 0.1 517876 22673
2011 09 18 12 40 44.397 27.8039 88.1536 29.6 -19.0438 14.4791 1.277 245.658 85.1211 306.482 760.945 753.76 -7.185 5.001 0.1 518230 22673
2011 11 22 18 48 11.076 -15.3083 -65.1634 560.3 -19.0438 14.4791 1.277 106.087 75.5694 303.254 652.178 647.35 -4.828 5.543 0.1 519114 22673
2011 12 07 22 22 58.285 -27.9324 -71.1344 13.8 -19.0438 14.4791 1.277 105.03 77.5758 308.296 725.031 715.04 -9.991 5.595 0.1 519310 22673
2011 12 11 9 54 46.381 -56.049 -28.2135 130.6 -19.0438 14.4791 1.277 58.468 48.8092 306.677 519.156 511.77 -7.386 7.633 0.1 550967 22673
2012 01 10 18 36 53.551 2.4307 93.2081 20.9 -19.0438 14.4791 1.277 250.318 80.1507 306.861 736.83 728.63 -8.2 5.394 0.1 519785 22673
2012 01 15 13 40 9.996 -60.701 -55.8579 17.3 -19.0438 14.4791 1.277 82.4794 63.963 310.045 642.949 631.64 -11.309 6.584 0.1 553208 22673
2012 01 15 14 21 25.595 -60.8685 -56.0334 23 -19.0438 14.4791 1.277 82.5566 64.0703 307.162 639.907 631.48 -8.427 6.575 0.1 553209 22673
2012 01 22 5 53 36.094 -56.9317 -25.2293 18.7 -19.0438 14.4791 1.277 54.5164 47.9174 301.612 519.298 517.05 -2.248 7.745 0.1 519966 22673
2012 01 23 16 4 46.978 -36.4552 -73.1816 23.5 -19.0438 14.4791 1.277 104.171 77.1141 305.185 717.687 710.81 -6.877 5.627 0.1 550970 22673
2012 01 30 5 10 58.383 -14.2139 -75.6584 34.2 -19.0438 14.4791 1.277 108.423 85.5875 299.472 755.489 754.50 -0.989 4.976 0.1 520094 22673
2012 03 05 7 46 8.845 -28.2579 -63.2916 551.9 -19.0438 14.4791 1.277 101.717 70.7607 298.468 620.503 620.41 -0.093 5.888 0.1 520700 22673
2012 03 25 22 36 54.141 -35.2035 -72.1268 28.2 -19.0438 14.4791 1.277 103.888 76.5852 309.864 718.723 707.16 -11.563 5.664 0.1 553198 22673
2012 04 11 8 38 26.552 2.2376 93.0144 26.3 -19.0438 14.4791 1.277 250.33 79.9039 312.583 740.431 726.51 -13.921 5.412 0.1 521291 22673
2012 04 17 3 50 5.401 -32.6374 -71.5641 29.7 -19.0438 14.4791 1.277 104.19 76.7522 307.639 717.258 707.92 -9.338 5.651 0.1 521513 22673
2012 04 17 19 3 50.019 -59.1876 -16.8077 13.6 -19.0438 14.4791 1.277 43.0385 46.037 302.48 506.241 503.28 -2.961 7.881 0.1 553177 22673
2012 05 14 10 0 25.006 -17.7968 -69.7926 108.7 -19.0438 14.4791 1.277 106.585 79.1358 312.611 726.465 712.22 -14.245 5.451 0.1 521959 22673
2012 05 28 5 7 21.308 -28.021 -63.1134 591.1 -19.0438 14.4791 1.277 101.726 70.6546 300.985 619.157 616.55 -2.607 5.876 0.1 553199 22673
2012 06 02 7 52 39.166 -22.1017 -63.6574 539.4 -19.0438 14.4791 1.277 103.838 72.4416 313.093 646.047 631.34 -14.707 5.772 0.1 553200 22673
2012 06 07 4 4 52.312 -36.0516 -70.8547 5.8 -19.0438 14.4791 1.277 103.005 75.3805 309.765 715.273 703.82 -11.453 5.755 0.1 553201 22673
2012 06 07 16 3 17.377 -15.9117 -72.4723 106.7 -19.0438 14.4791 1.277 107.529 82.1389 299.628 729.711 728.50 -1.211 5.223 0.1 522329 22673
2012 06 10 12 44 4.035 36.3847 28.9676 32 -19.0438 14.4791 1.277 196.428 56.805 311.445 593.73 583.19 -10.54 7.070 0.1 522378 22673
2011 06 20 16 35 45.215 -21.771 -68.3834 126.2 -18.7766 12.9329 0.306 104.64 75.4666 312.804 704.189 689.72 -14.469 5.710 0.1 516819 22674
2011 09 03 4 48 49.481 -56.5611 -26.9231 96.3 -18.7766 12.9329 0.306 54.7854 48.0028 306.724 516.523 509.17 -7.353 7.705 0.1 518020 22674
2011 09 05 17 54 59.664 3.0253 97.9991 106.6 -18.7766 12.9329 0.306 251.067 86.2962 312.559 763.755 749.93 -13.825 4.891 0.1 553194 22674
2011 09 18 12 40 47.858 27.8039 88.1536 29.6 -18.7766 12.9329 0.306 246.646 86.2363 302.72 762.702 759.27 -3.432 4.908 0.1 518230 22674
2011 10 23 10 41 16.411 38.7294 43.4465 7.6 -18.7766 12.9329 0.306 212.373 63.956 302.282 637.231 635.42 -1.811 6.562 0.1 518671 22674
2011 10 23 20 45 24.786 38.5893 43.1165 10.1 -18.7766 12.9329 0.306 212.097 63.6999 310.825 643.679 633.34 -10.339 6.580 0.1 550958 22674
2011 10 28 18 54 21.368 -14.5572 -76.1207 29 -18.7766 12.9329 0.306 107.896 84.5449 311.517 763.089 750.03 -13.059 5.061 0.1 518760 22674
2011 12 11 9 54 55.401 -56.049 -28.2135 130.6 -18.7766 12.9329 0.306 56.5996 48.3075 297.525 506.164 507.98 1.816 7.667 0.1 550967 22674
2012 01 15 14 21 20.242 -60.8685 -56.0334 23 -18.7766 12.9329 0.306 81.0033 63.5499 311.013 640.331 628.08 -12.251 6.611 0.1 553209 22674
2012 04 11 8 38 34.638 2.2376 93.0144 26.3 -18.7766 12.9329 0.306 250.743 81.3347 304.728 740.23 734.17 -6.06 5.300 0.1 521291 22674
2012 04 17 19 3 47.969 -59.1876 -16.8077 13.6 -18.7766 12.9329 0.306 41.005 45.7519 305.491 507.002 501.07 -5.932 7.900 0.1 553177 22674
2011 10 23 10 41 19.887 38.7294 43.4465 7.6 -18.8785 10.2985 -3.68 214.779 65.1858 299.664 642.667 643.40 0.733 6.473 0.1 518671 22675
2011 10 23 10 41 8.541 38.7294 43.4465 7.6 -21.7995 9.0005 -4.117 214.449 68.3222 308.857 671.896 663.43 -8.466 6.245 0.1 518671 22676
2011 10 28 18 54 27.079 -14.5572 -76.1207 29 -21.7995 9.0005 -4.117 110.041 80.2847 306.787 736.148 727.76 -8.388 5.388 0.1 518760 22676
2011 11 22 18 48 10.295 -15.3083 -65.1634 560.3 -21.7995 9.0005 -4.117 107.956 70.0262 303.269 620.374 615.55 -4.824 5.933 0.1 519114 22676
2010 12 08 5 24 27.136 -56.4318 -25.64 29 -19.6217 14.8483 1.233 56.1383 47.4822 303.701 516.565 512.19 -4.375 7.772 0.1 511733 18257
2010 12 20 18 41 55.385 28.3681 59.15 14.5 -19.6217 14.8483 1.233 227.042 64.105 302.626 637.501 634.85 -2.651 6.554 0.1 550837 18257
2011 01 02 20 20 6.359 -38.3907 -73.3993 24.4 -19.6217 14.8483 1.233 104.547 76.7559 308.541 718.862 708.61 -10.252 5.653 0.1 512363 18257
2011 02 11 20 5 27.872 -36.4604 -73.1552 12.8 -19.6217 14.8483 1.233 104.844 77.0568 301.2 715.068 712.16 -2.908 5.634 0.1 512958 18257
2011 03 06 14 32 28.459 -56.3864 -27.0253 92 -19.6217 14.8483 1.233 57.7057 48.1025 304.428 515.429 510.30 -5.129 7.701 0.1 553192 18257
2011 03 06 14 32 30.553 -56.41 -26.68 101.2 -19.6217 14.8483 1.233 57.308 47.9533 304.412 513.319 508.21 -5.109 7.708 0.1 553192 18257
2011 04 01 13 29 4.741 35.7317 26.5466 75.5 -19.6217 14.8483 1.233 193.304 56.1559 306.81 579.749 573.90 -5.849 7.101 0.1 550945 18257
2011 06 20 16 35 58.145 -21.771 -68.3834 126.2 -19.6217 14.8483 1.233 106.051 76.9172 299.536 699.111 697.90 -1.211 5.609 0.1 516819 18257
2011 07 15 13 26 2.503 -60.9862 -23.6628 8.6 -19.6217 14.8483 1.233 50.6497 49.3793 298.307 528.804 529.84 1.036 7.642 0.1 550951 18257
2011 07 16 0 26 2.954 -33.8756 -72.1007 20.5 -19.6217 14.8483 1.233 104.867 76.8828 308.275 719.941 709.95 -9.991 5.645 0.1 517320 18257
2011 08 24 17 46 2.515 -7.6203 -74.538 149.3 -19.6217 14.8483 1.233 109.272 86.9055 307.914 757.059 747.73 -9.329 4.835 0.1 517876 18257
2011 09 03 4 48 49.807 -56.5611 -26.9231 96.3 -19.6217 14.8483 1.233 57.4609 48.1486 307.139 518.052 510.21 -7.842 7.695 0.1 518020 18257
2011 09 05 17 55 6.927 3.0253 97.9991 106.6 -19.6217 14.8483 1.233 250.076 84.5624 305.484 748.097 741.34 -6.757 5.032 0.1 553194 18257
2011 10 23 10 41 8.470 38.7294 43.4465 7.6 -19.6217 14.8483 1.233 210.151 63.9378 310.314 645.144 635.36 -9.784 6.563 0.1 518671 18257
2011 11 22 18 48 10.661 -15.3083 -65.1634 560.3 -19.6217 14.8483 1.233 106.74 75.7974 302.424 652.603 648.61 -3.993 5.526 0.1 519114 18257
2011 12 07 22 22 59.570 -27.9324 -71.1344 13.8 -19.6217 14.8483 1.233 105.715 77.6444 307.09 724.2 715.40 -8.8 5.590 0.1 519310 18257
2012 01 10 18 37 0.175 2.4307 93.2081 20.9 -19.6217 14.8483 1.233 249.7 79.8654 300.036 728.461 727.10 -1.361 5.416 0.1 519785 18257
2012 01 15 14 21 29.330 -60.8685 -56.0334 23 -19.6217 14.8483 1.233 83.2186 63.7565 302.325 632.995 629.38 -3.615 6.597 0.1 553209 18257
2012 01 22 5 53 24.964 -56.9317 -25.2293 18.7 -19.6217 14.8483 1.233 55.2999 47.5772 312.292 527.328 514.37 -12.958 7.769 0.1 519966 18257
2012 01 30 5 10 54.795 -14.2139 -75.6584 34.2 -19.6217 14.8483 1.233 109.065 85.7928 302.82 759.845 755.51 -4.335 4.958 0.1 520094 18257
2012 04 11 8 38 29.447 2.2376 93.0144 26.3 -19.6217 14.8483 1.233 249.712 79.6174 309.595 735.888 724.96 -10.928 5.433 0.1 521291 18257
2012 04 17 19 3 54.866 -59.1876 -16.8077 13.6 -19.6217 14.8483 1.233 43.7894 45.6347 297.839 498.413 500.08 1.667 7.908 0.1 553177 18257
2012 05 14 10 0 33.461 -17.7968 -69.7926 108.7 -19.6217 14.8483 1.233 107.243 79.3222 304.615 719.474 713.23 -6.244 5.438 0.1 521959 18257
2012 05 28 5 7 15.619 -28.021 -63.1134 591.1 -19.6217 14.8483 1.233 102.432 70.7425 306.261 624.942 617.05 -7.892 5.870 0.1 553199 18257
2012 08 11 12 34 20.042 38.3798 46.7958 18.9 -19.6217 14.8483 1.233 213.384 65.0238 313.488 653.606 640.56 -13.046 6.482 0.1 523255 18257
2012 09 30 16 31 25.573 1.9079 -76.3716 155.2 -19.6217 14.8483 1.233 109.459 91.782 306.462 777.809 770.10 -7.709 4.625 0.1 524079 18257
2011 01 18 20 23 10.882 28.6831 63.9948 79.9 -18.78 9.39 -4.549 234.88 70.7699 313.424 682.472 668.69 -13.782 6.054 0.1 550843 22677
2011 08 24 17 46 4.751 -7.6203 -74.538 149.3 -18.78 9.39 -4.549 107.885 81.8655 306.205 730.074 722.38 -7.694 5.228 0.1 517876 22677
2011 10 28 18 54 24.337 -14.5572 -76.1207 29 -18.78 9.39 -4.549 107.143 81.2726 309.03 743.693 733.08 -10.613 5.310 0.1 518760 22677
2012 01 10 18 36 50.295 2.4307 93.2081 20.9 -18.78 9.39 -4.549 251.017 84.9255 308.755 763.55 753.49 -10.06 5.027 0.1 519785 22677
2011 02 11 20 5 24.665 -36.4604 -73.1552 12.8 -17.2173 12.4278 0.265 101.485 76.5024 304.291 715.066 709.12 -5.946 5.672 0.1 512958 22678
2011 02 14 3 40 7.444 -35.4868 -73.1011 17 -17.2173 12.4278 0.265 101.683 76.6545 300.755 711.711 709.30 -2.411 5.661 0.1 512991 22678
2011 03 06 14 32 32.166 -56.3864 -27.0253 92 -17.2173 12.4278 0.265 53.4821 49.0858 300.482 519.056 517.99 -1.066 7.629 0.1 553192 22678
2011 03 06 14 32 34.181 -56.41 -26.68 101.2 -17.2173 12.4278 0.265 53.0789 48.9461 300.526 517.085 515.98 -1.105 7.635 0.1 553192 22678
2011 04 01 13 28 59.099 35.7317 26.5466 75.5 -17.2173 12.4278 0.265 196.677 54.3326 310.849 570.65 560.71 -9.94 7.235 0.1 550945 22678
2011 07 16 0 26 7.252 -33.8756 -72.1007 20.5 -17.2173 12.4278 0.265 101.537 76.1703 303.776 711.444 706.01 -5.434 5.690 0.1 517320 22678
2011 07 19 19 35 26.006 40.1562 71.5011 19.5 -17.2173 12.4278 0.265 236.581 79.1933 313.8 738.674 724.56 -14.114 5.454 0.1 551088 22678
2011 08 24 17 45 57.855 -7.6203 -74.538 149.3 -17.2173 12.4278 0.265 106.624 84.8995 312.439 751.784 737.90 -13.884 4.997 0.1 517876 22678
2011 09 02 13 47 3.621 -28.4135 -63.136 592.7 -17.2173 12.4278 0.265 98.9852 69.5653 304.232 615.851 610.04 -5.811 5.951 0.1 551097 22678
2011 10 23 10 41 8.947 38.7294 43.4465 7.6 -17.2173 12.4278 0.265 213.63 62.7843 310.652 637.825 627.61 -10.215 6.644 0.1 518671 22678
2011 10 28 18 54 22.090 -14.5572 -76.1207 29 -17.2173 12.4278 0.265 106.268 84.4381 310.417 761.467 749.51 -11.957 5.069 0.1 518760 22678
2011 12 11 9 54 50.353 -56.049 -28.2135 130.6 -17.2173 12.4278 0.265 55.0382 49.427 302.816 520.023 516.60 -3.423 7.586 0.1 550967 22678
2012 01 15 14 21 21.913 -60.8685 -56.0334 23 -17.2173 12.4278 0.265 79.6688 64.6432 310.407 646.934 635.34 -11.594 6.533 0.1 553209 22678
2012 01 23 16 4 48.515 -36.4552 -73.1816 23.5 -17.2173 12.4278 0.265 101.501 76.5243 303.068 712.273 707.55 -4.723 5.668 0.1 550970 22678
2012 04 11 10 43 6.093 0.7675 92.4284 21.6 -17.2173 12.4278 0.265 252.522 80.6755 303.084 735.771 731.30 -4.471 5.355 0.1 521308 22678
2012 05 28 5 7 20.638 -28.021 -63.1134 591.1 -17.2173 12.4278 0.265 99.1195 69.6071 301.366 613.368 610.42 -2.948 5.949 0.1 553199 22678
2012 06 02 7 52 49.758 -22.1017 -63.6574 539.4 -17.2173 12.4278 0.265 101.388 71.1434 301.924 627.346 623.83 -3.516 5.865 0.1 553200 22678
2012 06 07 4 4 57.564 -36.0516 -70.8547 5.8 -17.2173 12.4278 0.265 100.323 74.7537 302.783 704.699 700.27 -4.429 5.801 0.1 553201 22678
2012 09 30 16 31 19.641 1.9079 -76.3716 155.2 -17.2173 12.4278 0.265 107.14 89.4107 311.482 771.841 759.11 -12.731 4.643 0.1 524079 22678
2011 01 18 20 23 18.268 28.6831 63.9948 79.9 -19 8 -5.034 235.603 71.9149 305.92 681.872 675.56 -6.312 5.970 0.1 550843 22679
2011 02 11 20 5 20.787 -36.4604 -73.1552 12.8 -19 8 -5.034 100.591 72.0152 307.151 691.744 682.93 -8.814 6.003 0.1 512958 22679
2011 03 06 14 32 27.880 -56.41 -26.68 101.2 -19 8 -5.034 49.0637 45.4521 306.551 495.941 488.87 -7.071 7.886 0.1 553192 22679
2011 06 20 16 35 47.622 -21.771 -68.3834 126.2 -19 8 -5.034 103.376 70.9501 306.86 671.708 663.20 -8.508 6.043 0.1 516819 22679
2011 07 16 0 26 10.750 -33.8756 -72.1007 20.5 -19 8 -5.034 100.87 71.6464 298.114 679.274 679.49 0.216 6.028 0.1 517320 22679
2011 09 02 13 47 4.439 -28.4135 -63.136 592.7 -19 8 -5.034 98.9026 64.9969 300.301 583.992 582.13 -1.862 6.265 0.1 551097 22679
2011 09 05 17 55 9.601 3.0253 97.9991 106.6 -19 8 -5.034 251.142 90.9712 301.067 774.316 772.01 -2.306 4.636 0.1 553194 22679
2011 10 23 10 41 8.791 38.7294 43.4465 7.6 -19 8 -5.034 216.804 66.3431 310.01 660.489 650.81 -9.679 6.389 0.1 518671 22679
2011 11 22 18 47 59.693 -15.3083 -65.1634 560.3 -19 8 -5.034 104.865 69.5516 312.97 627.277 612.76 -14.517 5.965 0.1 519114 22679
2010 12 08 5 24 31.289 -56.4318 -25.64 29 -19.1753 15.8845 1.117 56.9925 48.3493 298.685 518.276 518.91 0.634 7.710 0.1 511733 22680
2011 01 18 20 23 17.498 28.6831 63.9948 79.9 -19.1753 15.8845 1.117 230.105 66.5081 306.977 649.479 642.35 -7.129 6.358 0.1 550843 22680
2011 01 27 8 38 17.337 28.151 59.052 18.5 -19.1753 15.8845 1.117 226.583 62.9025 310.295 636.558 626.27 -10.288 6.638 0.1 550844 22680
2011 02 12 1 16 51.148 -37.0037 -73.1547 10 -19.1753 15.8845 1.117 104.923 77.9741 308.737 728.189 717.75 -10.439 5.567 0.1 512968 22680
2011 03 06 12 31 45.175 -18.2064 -69.5006 114.5 -19.1753 15.8845 1.117 106.927 79.998 311.935 729.78 716.22 -13.56 5.386 0.1 551065 22680
2011 03 06 14 32 35.225 -56.3864 -27.0253 92 -19.1753 15.8845 1.117 58.5392 48.9764 298.96 516.675 517.00 0.325 7.638 0.1 553192 22680
2011 03 06 14 32 37.327 -56.41 -26.68 101.2 -19.1753 15.8845 1.117 58.1468 48.8254 297.273 512.886 514.91 2.024 7.644 0.1 553192 22680
2011 04 01 13 29 8.998 35.7317 26.5466 75.5 -19.1753 15.8845 1.117 192.246 55.5336 301.624 570.106 569.45 -0.656 7.147 0.1 550945 22680
2011 06 20 16 36 0.218 -21.771 -68.3834 126.2 -19.1753 15.8845 1.117 105.944 77.9862 297.782 703.304 703.86 0.556 5.529 0.1 516819 22680
2011 07 19 19 35 28.249 40.1562 71.5011 19.5 -19.1753 15.8845 1.117 232.753 78.4995 312.81 733.881 720.87 -13.011 5.502 0.1 551088 22680
2011 09 02 13 46 54.043 -28.4135 -63.136 592.7 -19.1753 15.8845 1.117 102.304 71.7523 313.03 637.467 622.81 -14.657 5.797 0.1 551097 22680
2011 09 03 4 48 53.077 -56.5611 -26.9231 96.3 -19.1753 15.8845 1.117 58.2987 49.0198 303.918 521.521 516.89 -4.631 7.633 0.1 518020 22680
2011 09 18 12 40 49.325 27.8039 88.1536 29.6 -19.1753 15.8845 1.117 244.845 84.0592 299.996 749.111 748.43 -0.681 5.084 0.1 518230 22680
2011 10 23 20 45 27.953 38.5893 43.1165 10.1 -19.1753 15.8845 1.117 209.074 62.8826 307.815 635.242 627.99 -7.252 6.636 0.1 550958 22680
2011 11 22 18 48 7.597 -15.3083 -65.1634 560.3 -19.1753 15.8845 1.117 106.494 76.8447 305.794 661.717 654.36 -7.357 5.455 0.1 519114 22680
2012 01 10 18 36 58.794 2.4307 93.2081 20.9 -19.1753 15.8845 1.117 250.038 78.8441 301.331 724.197 721.53 -2.667 5.490 0.1 519785 22680
2012 01 15 14 21 23.518 -60.8685 -56.0334 23 -19.1753 15.8845 1.117 83.8957 64.6409 300.305 636.787 635.19 -1.597 6.534 0.1 553209 22680
2012 01 30 5 10 46.414 -14.2139 -75.6584 34.2 -19.1753 15.8845 1.117 108.864 86.8481 310.738 772.934 760.70 -12.234 4.874 0.1 520094 22680
2012 03 05 7 46 8.916 -28.2579 -63.2916 551.9 -19.1753 15.8845 1.117 102.418 71.9195 298.303 627.107 627.17 0.063 5.805 0.1 520700 22680
2012 03 25 22 37 5.283 -35.2035 -72.1268 28.2 -19.1753 15.8845 1.117 104.742 77.6293 299.302 714.019 713.01 -1.009 5.589 0.1 553198 22680
2012 04 14 10 56 10.956 -57.5759 -65.3721 8.4 -19.1753 15.8845 1.117 93.3604 69.3616 305.279 674.143 667.40 -6.743 6.197 0.1 521454 22680
2012 05 14 10 0 31.228 -17.7968 -69.7926 108.7 -19.1753 15.8845 1.117 107.071 80.3828 306.542 727.114 718.95 -8.164 5.358 0.1 521959 22680
2012 08 12 10 47 5.216 35.6526 82.5417 14 -19.1753 15.8845 1.117 240.89 83.3646 298.868 746.792 747.47 0.678 5.140 0.1 523270 22680
2011 07 15 13 25 58.749 -60.9862 -23.6628 8.6 -17.8076 12.3305 0.749 46.8518 50.1207 303.184 539.355 535.61 -3.745 7.586 0.1 550951 22681
2011 09 18 12 40 44.061 27.8039 88.1536 29.6 -17.8076 12.3305 0.749 247.769 86.2358 304.119 764.098 759.24 -4.858 4.909 0.1 518230 22681
2011 10 23 10 41 20.661 38.7294 43.4465 7.6 -17.8076 12.3305 0.749 213.425 63.3498 299.099 630.038 631.38 1.342 6.606 0.1 518671 22681
2011 10 28 18 54 23.241 -14.5572 -76.1207 29 -17.8076 12.3305 0.749 106.82 84.2116 306.937 756.836 748.36 -8.476 5.086 0.1 518760 22681
2011 11 22 18 48 12.516 -15.3083 -65.1634 560.3 -17.8076 12.3305 0.749 104.422 73.8101 301.991 641.075 637.52 -3.555 5.666 0.1 519114 22681
2012 01 10 18 36 55.312 2.4307 93.2081 20.9 -17.8076 12.3305 0.749 251.757 82.062 303.912 744.04 738.78 -5.26 5.243 0.1 519785 22681
2012 01 30 5 10 56.579 -14.2139 -75.6584 34.2 -17.8076 12.3305 0.749 106.754 83.8813 301.457 748.918 745.92 -2.998 5.112 0.1 520094 22681
2012 03 25 22 37 3.425 -35.2035 -72.1268 28.2 -17.8076 12.3305 0.749 101.685 75.5343 300.452 703.347 701.23 -2.117 5.738 0.1 553198 22681
2012 04 11 10 43 2.057 0.7675 92.4284 21.6 -17.8076 12.3305 0.749 251.935 80.8065 307.46 740.843 732.00 -8.843 5.344 0.1 521308 22681
2012 06 02 7 52 45.262 -22.1017 -63.6574 539.4 -17.8076 12.3305 0.749 101.948 70.8749 306.611 630.449 622.24 -8.209 5.884 0.1 553200 22681
2012 08 11 12 34 34.953 38.3798 46.7958 18.9 -17.8076 12.3305 0.749 216.653 64.572 298.916 636.083 637.51 1.427 6.517 0.1 523255 22681
2010 12 08 5 24 34.281 -56.4318 -25.64 29 -18.6871 14.946 1.139 55.6375 48.3393 297.846 517.365 518.87 1.505 7.711 0.1 511733 22682
2010 12 20 18 41 58.674 28.3681 59.15 14.5 -18.6871 14.946 1.139 227.678 63.3651 299.5 629.486 629.95 0.464 6.608 0.1 550837 22682
2011 01 02 20 20 18.097 -38.3907 -73.3993 24.4 -18.6871 14.946 1.139 103.834 77.3807 298.542 712.385 712.16 -0.225 5.608 0.1 512363 22682
2011 01 17 19 20 52.273 -5.1037 102.602 39.1 -18.6871 14.946 1.139 251.669 86.1724 304.951 763.338 756.98 -6.358 4.923 0.1 512592 22682
2011 02 14 3 39 58.807 -35.4868 -73.1011 17 -18.6871 14.946 1.139 104.286 77.8531 306.999 724.652 715.96 -8.692 5.574 0.1 512991 22682
2011 04 01 13 29 8.188 35.7317 26.5466 75.5 -18.6871 14.946 1.139 193.418 55.2265 303.127 569.399 567.23 -2.169 7.169 0.1 550945 22682
2011 06 20 16 35 49.138 -21.771 -68.3834 126.2 -18.6871 14.946 1.139 105.179 77.3032 309.182 710.924 700.08 -10.844 5.581 0.1 516819 22682
2011 07 15 13 26 0.214 -60.9862 -23.6628 8.6 -18.6871 14.946 1.139 50.2766 50.269 299.547 536.833 536.65 -0.183 7.576 0.1 550951 22682
2011 08 24 17 46 7.463 -7.6203 -74.538 149.3 -18.6871 14.946 1.139 108.359 87.1101 302.871 753.008 748.73 -4.278 4.819 0.1 517876 22682
2011 09 02 13 47 8.994 -28.4135 -63.136 592.7 -18.6871 14.946 1.139 101.451 71.144 298.992 619.898 619.29 -0.608 5.841 0.1 551097 22682
2011 09 03 4 48 49.358 -56.5611 -26.9231 96.3 -18.6871 14.946 1.139 56.9576 49.0032 308.368 525.85 516.80 -9.05 7.634 0.1 518020 22682
2011 09 05 17 55 1.578 3.0253 97.9991 106.6 -18.6871 14.946 1.139 250.998 84.3876 310.348 752.09 740.45 -11.64 5.046 0.1 553194 22682
2011 09 18 12 40 36.278 27.8039 88.1536 29.6 -18.6871 14.946 1.139 245.73 84.5587 313.566 765.208 750.93 -14.278 5.046 0.1 518230 22682
2011 10 23 10 41 11.784 38.7294 43.4465 7.6 -18.6871 14.946 1.139 210.491 63.0546 308.371 637.347 629.50 -7.847 6.625 0.1 518671 22682
2011 10 23 20 45 32.983 38.5893 43.1165 10.1 -18.6871 14.946 1.139 210.208 62.8033 302.827 629.724 627.43 -2.294 6.641 0.1 550958 22682
2011 11 22 18 48 8.292 -15.3083 -65.1634 560.3 -18.6871 14.946 1.139 105.82 76.0735 305.111 656.819 650.14 -6.679 5.506 0.1 519114 22682
2011 12 07 22 22 54.493 -27.9324 -71.1344 13.8 -18.6871 14.946 1.139 104.897 78.1275 312.569 732.376 718.12 -14.256 5.553 0.1 519310 22682
2012 01 15 14 21 18.688 -60.8685 -56.0334 23 -18.6871 14.946 1.139 82.776 64.6015 313.47 649.702 634.97 -14.732 6.537 0.1 553209 22682
2012 01 22 5 53 38.896 -56.9317 -25.2293 18.7 -18.6871 14.946 1.139 54.8145 48.439 299.473 521.197 521.08 -0.117 7.707 0.1 519966 22682
2012 01 23 16 4 40.392 -36.4552 -73.1816 23.5 -18.6871 14.946 1.139 104.126 77.6793 311.377 727.045 713.98 -13.065 5.586 0.1 550970 22682
2012 01 30 5 10 53.570 -14.2139 -75.6584 34.2 -18.6871 14.946 1.139 108.18 86.1003 304.641 763.191 757.04 -6.151 4.933 0.1 520094 22682
2012 03 05 7 46 1.964 -28.2579 -63.2916 551.9 -18.6871 14.946 1.139 101.566 71.3093 305.012 630.268 623.64 -6.628 5.849 0.1 520700 22682
2012 04 11 10 43 7.542 0.7675 92.4284 21.6 -18.6871 14.946 1.139 250.86 78.393 301.857 722.135 718.90 -3.235 5.522 0.1 521308 22682
2012 04 14 10 56 6.522 -57.5759 -65.3721 8.4 -18.6871 14.946 1.139 92.284 69.2561 310.32 678.538 666.78 -11.758 6.205 0.1 521454 22682
2012 05 14 10 0 35.887 -17.7968 -69.7926 108.7 -18.6871 14.946 1.139 106.355 79.6556 301.978 718.651 715.05 -3.601 5.413 0.1 521959 22682
2012 05 28 5 7 16.517 -28.021 -63.1134 591.1 -18.6871 14.946 1.139 101.572 71.2025 306.043 627.426 619.77 -7.656 5.838 0.1 553199 22682
2012 06 02 7 52 38.534 -22.1017 -63.6574 539.4 -18.6871 14.946 1.139 103.628 72.9715 313.041 649.047 634.39 -14.657 5.734 0.1 553200 22682
2012 06 07 16 3 11.459 -15.9117 -72.4723 106.7 -18.6871 14.946 1.139 107.291 82.6544 305.57 738.331 731.19 -7.141 5.187 0.1 522329 22682
2012 06 23 4 34 48.529 3.0022 97.9116 101.9 -18.6871 14.946 1.139 250.992 84.2975 302.97 744.801 740.54 -4.261 5.054 0.1 553181 22682
2012 07 26 5 33 31.142 -17.5507 66.2905 16.2 -18.6871 14.946 1.139 260.312 48.6739 302.859 527.157 523.04 -4.117 7.692 0.1 523026 22682
2012 08 12 10 46 59.551 35.6526 82.5417 14 -18.6871 14.946 1.139 241.845 83.7171 304.492 754.221 749.25 -4.971 5.112 0.1 523270 22682
2011 08 24 17 46 3.139 -7.6203 -74.538 149.3 -18.5625 13.6774 1.538 108.093 85.9303 307.411 751.832 742.99 -8.842 4.912 0.1 517876 22683
2011 10 23 10 41 7.761 38.7294 43.4465 7.6 -18.5625 13.6774 1.538 211.769 63.4554 312.491 644.13 632.13 -12.0 6.598 0.1 518671 22683
2012 01 30 5 10 57.928 -14.2139 -75.6584 34.2 -18.5625 13.6774 1.538 107.78 84.9589 299.913 752.805 751.36 -1.445 5.027 0.1 520094 22683
2012 03 05 7 46 0.401 -28.2579 -63.2916 551.9 -18.5625 13.6774 1.538 100.925 70.2624 305.993 625.092 617.49 -7.602 5.923 0.1 520700 22683
2012 04 11 10 43 7.030 0.7675 92.4284 21.6 -18.5625 13.6774 1.538 251.083 79.5823 303.032 729.822 725.41 -4.412 5.437 0.1 521308 22683
2012 06 02 7 52 46.260 -22.1017 -63.6574 539.4 -18.5625 13.6774 1.538 103.115 71.865 305.655 635.275 628.01 -7.265 5.814 0.1 553200 22683
2012 06 07 16 3 8.519 -15.9117 -72.4723 106.7 -18.5625 13.6774 1.538 106.874 81.5178 304.27 731.111 725.25 -5.861 5.267 0.1 522329 22683
2012 06 23 4 34 52.959 3.0022 97.9116 101.9 -18.5625 13.6774 1.538 251.219 85.4856 301.41 749.171 746.48 -2.691 4.958 0.1 553181 22683
2012 08 02 9 38 27.158 -8.454 -74.2726 148.8 -18.5625 13.6774 1.538 108.002 85.4238 303.961 745.943 740.54 -5.403 4.953 0.1 523107 22683
2012 08 11 12 23 7.010 38.4023 46.838 8.7 -18.5625 13.6774 1.538 215.043 64.6468 308.07 647.38 639.70 -7.68 6.513 0.1 523253 22683
2012 08 11 12 34 27.868 38.3798 46.7958 18.9 -18.5625 13.6774 1.538 215.01 64.6094 306.604 644.016 637.81 -6.206 6.513 0.1 523255 22683
2011 06 01 12 55 6.066 -37.5547 -73.8322 10 -17.434 13.2736 1.084 102.273 77.3471 313.205 729.179 714.32 -14.859 5.613 0.1 516484 22684
2011 08 24 17 45 57.508 -7.6203 -74.538 149.3 -17.434 13.2736 1.084 106.93 85.6779 313.038 756.23 741.76 -14.47 4.932 0.1 517876 22684
2011 09 02 13 47 9.896 -28.4135 -63.136 592.7 -17.434 13.2736 1.084 99.5506 70.2112 298.537 613.981 613.86 -0.121 5.905 0.1 551097 22684
2011 09 05 17 55 0.144 3.0253 97.9991 106.6 -17.434 13.2736 1.084 252.377 85.8697 311.847 760.963 747.83 -13.133 4.925 0.1 553194 22684
2011 09 18 12 40 39.980 27.8039 88.1536 29.6 -17.434 13.2736 1.084 247.628 85.2728 310.412 765.632 754.47 -11.162 4.989 0.1 518230 22684
2011 10 28 18 54 29.585 -14.5572 -76.1207 29 -17.434 13.2736 1.084 106.669 85.173 302.541 757.276 753.21 -4.066 5.011 0.1 518760 22684
2011 11 22 18 48 10.537 -15.3083 -65.1634 560.3 -17.434 13.2736 1.084 104.228 74.7651 302.822 647.285 642.90 -4.385 5.601 0.1 519114 22684
2011 12 11 9 54 52.136 -56.049 -28.2135 130.6 -17.434 13.2736 1.084 56.1045 49.6298 301.372 520.116 518.11 -2.006 7.571 0.1 550967 22684
2012 01 10 18 36 51.512 2.4307 93.2081 20.9 -17.434 13.2736 1.084 252.048 81.1324 307.953 743.181 733.88 -9.301 5.318 0.1 519785 22684
2012 01 15 13 40 17.719 -60.701 -55.8579 17.3 -17.434 13.2736 1.084 80.4786 64.7522 301.712 639.813 636.89 -2.923 6.527 0.1 553208 22684
2012 01 15 14 21 25.670 -60.8685 -56.0334 23 -17.434 13.2736 1.084 80.5602 64.8648 307.259 645.229 636.76 -8.469 6.517 0.1 553209 22684
2012 01 22 5 53 27.549 -56.9317 -25.2293 18.7 -17.434 13.2736 1.084 52.166 48.8067 310.604 535.175 524.00 -11.175 7.678 0.1 519966 22684
2012 03 05 7 45 58.498 -28.2579 -63.2916 551.9 -17.434 13.2736 1.084 99.6706 70.3724 304.973 624.735 618.17 -6.565 5.914 0.1 520700 22684
2012 05 14 10 0 33.367 -17.7968 -69.7926 108.7 -17.434 13.2736 1.084 104.705 78.4478 304.315 714.428 708.49 -5.938 5.500 0.1 521959 22684
2012 06 07 4 4 59.745 -36.0516 -70.8547 5.8 -17.434 13.2736 1.084 100.971 75.3083 299.474 704.589 703.46 -1.129 5.759 0.1 553201 22684
2012 06 07 16 3 7.386 -15.9117 -72.4723 106.7 -17.434 13.2736 1.084 105.679 81.4155 309.904 736.218 724.73 -11.488 5.275 0.1 522329 22684
2012 06 23 4 34 47.983 3.0022 97.9116 101.9 -17.434 13.2736 1.084 252.372 85.7794 304.949 754.166 747.93 -6.236 4.934 0.1 553181 22684
2012 07 26 5 33 29.539 -17.5507 66.2905 16.2 -17.434 13.2736 1.084 261.647 50.4214 301.899 539.56 536.38 -3.18 7.564 0.1 523026 22684
2012 09 30 16 31 21.832 1.9079 -76.3716 155.2 -17.434 13.2736 1.084 107.326 90.2257 306.568 770.716 762.89 -7.826 4.640 0.1 524079 22684
2011 01 01 9 56 42.611 -26.8513 -63.2373 584.3 -18.7522 12.369 0.068 101.075 69.2678 312.798 623.327 608.93 -14.397 5.975 0.1 512345 22685
2011 01 02 20 20 3.872 -38.3907 -73.3993 24.4 -18.7522 12.369 0.068 102.405 75.3704 313.319 715.767 700.77 -14.997 5.752 0.1 512363 22685
2011 01 18 20 23 16.193 28.6831 63.9948 79.9 -18.7522 12.369 0.068 232.909 68.6368 309.578 665.505 655.65 -9.855 6.208 0.1 550843 22685
2011 03 06 12 31 51.778 -18.2064 -69.5006 114.5 -18.7522 12.369 0.068 105.612 76.9018 306.802 707.664 699.22 -8.444 5.613 0.1 551065 22685
2011 03 06 14 32 33.752 -56.3864 -27.0253 92 -18.7522 12.369 0.068 54.3805 47.7138 299.953 507.961 507.39 -0.571 7.728 0.1 553192 22685
2011 03 06 14 32 35.791 -56.41 -26.68 101.2 -18.7522 12.369 0.068 53.9736 47.5719 298.949 504.918 505.36 0.442 7.734 0.1 553192 22685
2012 08 11 12 23 7.315 38.4023 46.838 8.7 -18.7522 12.369 0.068 216.141 65.4104 306.027 650.312 644.64 -5.672 6.456 0.1 523253 22685
2012 08 11 12 34 20.635 38.3798 46.7958 18.9 -18.7522 12.369 0.068 216.109 65.3727 313.212 655.597 642.74 -12.857 6.456 0.1 523255 22685
2011 06 20 16 35 51.240 -21.771 -68.3834 126.2 -19.8846 13.9487 0.908 106.03 76.0307 306.704 701.284 692.90 -8.384 5.672 0.1 516819 22686
2011 07 19 19 35 28.319 40.1562 71.5011 19.5 -19.8846 13.9487 0.908 233.696 80.2235 312.903 743.364 730.25 -13.114 5.375 0.1 551088 22686
2011 09 02 13 46 56.771 -28.4135 -63.136 592.7 -19.8846 13.9487 0.908 102.196 69.7977 311.475 624.444 611.34 -13.104 5.936 0.1 551097 22686
2011 09 18 12 40 43.781 27.8039 88.1536 29.6 -19.8846 13.9487 0.908 245.203 85.9837 304.818 763.557 758.06 -5.497 4.928 0.1 518230 22686
2011 11 22 18 48 6.480 -15.3083 -65.1634 560.3 -19.8846 13.9487 0.908 106.834 74.9154 306.656 651.936 643.71 -8.226 5.591 0.1 519114 22686
2011 12 11 9 54 44.433 -56.049 -28.2135 130.6 -19.8846 13.9487 0.908 58.458 47.8345 308.982 513.969 504.27 -9.699 7.703 0.1 550967 22686
2012 01 15 13 40 6.940 -60.701 -55.8579 17.3 -19.8846 13.9487 0.908 82.4837 62.9883 313.674 640.114 625.16 -14.954 6.650 0.1 553208 22686
2012 01 15 14 21 32.170 -60.8685 -56.0334 23 -19.8846 13.9487 0.908 82.5576 63.0956 299.594 625.884 625.01 -0.874 6.642 0.1 553209 22686
2012 01 22 5 53 29.907 -56.9317 -25.2293 18.7 -19.8846 13.9487 0.908 54.4549 46.9438 308.156 518.249 509.44 -8.809 7.815 0.1 519966 22686
2012 01 30 5 10 52.957 -14.2139 -75.6584 34.2 -19.8846 13.9487 0.908 109.124 84.908 305.391 758.014 751.09 -6.924 5.032 0.1 520094 22686
2012 03 05 7 46 0.762 -28.2579 -63.2916 551.9 -19.8846 13.9487 0.908 102.314 69.9646 306.007 623.325 615.69 -7.635 5.944 0.1 520700 22686
2012 03 25 22 36 53.834 -35.2035 -72.1268 28.2 -19.8846 13.9487 0.908 104.334 75.7124 310.775 714.661 702.17 -12.491 5.725 0.1 553198 22686
2012 04 11 8 38 35.278 2.2376 93.0144 26.3 -19.8846 13.9487 0.908 249.538 80.4873 304.284 735.266 729.66 -5.606 5.367 0.1 521291 22686
2012 04 11 10 43 8.568 0.7675 92.4284 21.6 -19.8846 13.9487 0.908 249.729 79.4299 300.394 726.346 724.59 -1.756 5.449 0.1 521308 22686
2012 04 17 19 3 43.995 -59.1876 -16.8077 13.6 -19.8846 13.9487 0.908 42.8231 45.0746 309.413 505.538 495.64 -9.898 7.950 0.1 553177 22686
2012 05 14 10 0 28.178 -17.7968 -69.7926 108.7 -19.8846 13.9487 0.908 107.277 78.4361 309.524 719.546 708.38 -11.166 5.501 0.1 521959 22686
2012 08 11 12 34 35.110 38.3798 46.7958 18.9 -19.8846 13.9487 0.908 214.077 65.6482 299.146 643.316 644.59 1.274 6.436 0.1 523255 22686
2011 11 22 18 48 9.069 -15.3083 -65.1634 560.3 -19.922 9.7697 -2.03 106.126 71.0416 305.81 628.921 621.55 -7.371 5.862 0.1 519114 22687
2010 12 20 18 41 53.928 28.3681 59.15 14.5 -20.2142 15.0128 1.08 226.47 64.4304 304.2 641.212 637.01 -4.202 6.531 0.1 550837 22688
2011 01 02 20 20 13.647 -38.3907 -73.3993 24.4 -20.2142 15.0128 1.08 105.13 76.533 302.789 711.842 707.33 -4.512 5.669 0.1 512363 22688
2011 01 18 20 23 10.958 28.6831 63.9948 79.9 -20.2142 15.0128 1.08 229.928 67.818 313.87 664.672 650.64 -14.032 6.265 0.1 550843 22688
2011 01 27 8 38 23.525 28.151 59.052 18.5 -20.2142 15.0128 1.08 226.471 64.2188 307.595 642.57 634.97 -7.6 6.545 0.1 550844 22688
2011 02 11 20 5 23.845 -36.4604 -73.1552 12.8 -20.2142 15.0128 1.08 105.434 76.8534 305.447 718.162 710.99 -7.172 5.649 0.1 512958 22688
2011 02 12 1 16 57.285 -37.0037 -73.1547 10 -20.2142 15.0128 1.08 105.311 76.7093 303.332 715.687 710.63 -5.057 5.660 0.1 512968 22688
2011 03 06 14 32 27.327 -56.3864 -27.0253 92 -20.2142 15.0128 1.08 58.2844 47.6701 305.724 513.377 506.93 -6.447 7.733 0.1 553192 22688
2011 03 06 14 32 29.434 -56.41 -26.68 101.2 -20.2142 15.0128 1.08 57.8864 47.5196 305.729 511.275 504.84 -6.435 7.739 0.1 553192 22688
2011 06 20 16 35 55.542 -21.771 -68.3834 126.2 -20.2142 15.0128 1.08 106.676 76.876 302.341 701.679 697.66 -4.019 5.612 0.1 516819 22688
2011 07 15 13 25 50.551 -60.9862 -23.6628 8.6 -20.2142 15.0128 1.08 51.1503 48.9019 308.498 535.327 526.16 -9.167 7.676 0.1 550951 22688
2011 08 24 17 45 56.584 -7.6203 -74.538 149.3 -20.2142 15.0128 1.08 109.877 86.9878 313.517 763.053 748.13 -14.923 4.829 0.1 517876 22688
2011 09 03 4 48 51.327 -56.5611 -26.9231 96.3 -20.2142 15.0128 1.08 58.0368 47.7143 304.66 512.213 506.84 -5.373 7.727 0.1 518020 22688
2011 09 05 17 55 8.736 3.0253 97.9991 106.6 -20.2142 15.0128 1.08 249.472 84.4617 303.043 745.147 740.83 -4.317 5.040 0.1 553194 22688
2011 09 18 12 40 48.595 27.8039 88.1536 29.6 -20.2142 15.0128 1.08 244.398 85.3022 300.754 756.119 754.70 -1.419 4.986 0.1 518230 22688
2011 10 23 10 41 6.105 38.7294 43.4465 7.6 -20.2142 15.0128 1.08 209.723 64.4099 313.815 651.75 638.48 -13.27 6.529 0.1 518671 22688
2012 01 22 5 53 25.099 -56.9317 -25.2293 18.7 -20.2142 15.0128 1.08 55.8695 47.1347 312.765 524.346 510.90 -13.446 7.801 0.1 519966 22688
2012 01 23 16 4 46.997 -36.4552 -73.1816 23.5 -20.2142 15.0128 1.08 105.449 76.8753 304.031 715.174 709.42 -5.754 5.645 0.1 550970 22688
2012 03 25 22 37 3.928 -35.2035 -72.1268 28.2 -20.2142 15.0128 1.08 105.175 76.3784 300.856 708.528 705.95 -2.578 5.678 0.1 553198 22688
2012 05 14 10 0 33.751 -17.7968 -69.7926 108.7 -20.2142 15.0128 1.08 107.863 79.3179 304.328 719.157 713.20 -5.957 5.438 0.1 521959 22688
2012 06 07 4 5 3.853 -36.0516 -70.8547 5.8 -20.2142 15.0128 1.08 104.296 75.1609 297.701 701.928 702.51 0.582 5.772 0.1 553201 22688
2012 06 07 16 3 14.207 -15.9117 -72.4723 106.7 -20.2142 15.0128 1.08 108.792 82.3433 303.046 734.179 729.55 -4.629 5.209 0.1 522329 22688
2012 06 23 4 34 48.165 3.0022 97.9116 101.9 -20.2142 15.0128 1.08 249.466 84.3718 304.228 746.423 740.92 -5.503 5.049 0.1 553181 22688
2011 03 06 14 32 29.242 -56.3864 -27.0253 92 -21.31 10.2297 -3.512 53.6199 44.5169 304.052 486.93 482.24 -4.69 7.958 0.1 553192 22689
2011 03 06 14 32 31.285 -56.41 -26.68 101.2 -21.31 10.2297 -3.512 53.1968 44.3769 303.989 484.824 480.20 -4.624 7.964 0.1 553192 22689
2011 09 02 13 47 4.705 -28.4135 -63.136 592.7 -21.31 10.2297 -3.512 102.123 66.0367 302.812 592.957 588.53 -4.427 6.196 0.1 551097 22689
2011 09 05 17 55 12.722 3.0253 97.9991 106.6 -21.31 10.2297 -3.512 248.73 89.0087 298.259 762.367 762.91 0.543 4.680 0.1 553194 22689
2011 10 23 10 41 5.577 38.7294 43.4465 7.6 -21.31 10.2297 -3.512 213.606 67.3543 312.852 669.785 657.35 -12.435 6.315 0.1 518671 22689
2011 10 28 18 54 26.093 -14.5572 -76.1207 29 -21.31 10.2297 -3.512 109.8 81.5055 306.22 742.087 734.28 -7.807 5.292 0.1 518760 22689
2011 11 22 18 48 1.806 -15.3083 -65.1634 560.3 -21.31 10.2297 -3.512 107.641 71.2339 311.935 636.159 622.66 -13.499 5.849 0.1 519114 22689
2010 11 10 4 5 11.692 -45.5992 96.3646 15.3 -17.8654 13.0282 1.186 261.855 72.859 312.696 701.804 687.52 -14.284 5.941 0.1 551220 22690
2010 12 08 5 24 29.719 -56.4318 -25.64 29 -17.8654 13.0282 1.186 52.9683 48.1934 301.813 520.214 517.82 -2.394 7.720 0.1 511733 22690
2011 01 02 20 20 8.370 -38.3907 -73.3993 24.4 -17.8654 13.0282 1.186 102.05 76.3958 308.552 716.862 706.65 -10.212 5.677 0.1 512363 22690
2011 01 18 20 23 19.297 28.6831 63.9948 79.9 -17.8654 13.0282 1.186 233.157 67.5798 305.241 654.544 649.03 -5.514 6.284 0.1 550843 22690
2011 01 27 8 38 23.893 28.151 59.052 18.5 -17.8654 13.0282 1.186 229.778 63.8435 305.597 638.104 632.38 -5.724 6.573 0.1 550844 22690
2011 02 11 20 5 17.207 -36.4604 -73.1552 12.8 -17.8654 13.0282 1.186 102.364 76.6133 311.499 722.892 709.72 -13.172 5.665 0.1 512958 22690
2011 03 06 12 31 48.877 -18.2064 -69.5006 114.5 -17.8654 13.0282 1.186 104.907 77.7366 308.478 714.001 703.89 -10.111 5.550 0.1 551065 22690
2011 03 06 14 32 23.575 -56.3864 -27.0253 92 -17.8654 13.0282 1.186 54.5552 48.7876 310.574 526.859 515.67 -11.189 7.650 0.1 553192 22690
2011 03 06 14 32 25.610 -56.41 -26.68 101.2 -17.8654 13.0282 1.186 54.1531 48.6453 310.834 525.084 513.64 -11.444 7.655 0.1 553192 22690
2011 04 01 13 29 4.148 35.7317 26.5466 75.5 -17.8654 13.0282 1.186 195.805 54.8221 307.168 570.52 564.27 -6.25 7.197 0.1 550945 22690
2011 07 19 19 35 39.890 40.1562 71.5011 19.5 -17.8654 13.0282 1.186 235.709 79.2914 300.895 726.305 725.13 -1.175 5.446 0.1 551088 22690
2011 09 02 13 46 57.371 -28.4135 -63.136 592.7 -17.8654 13.0282 1.186 99.8634 69.8208 311.214 624.343 611.54 -12.803 5.933 0.1 551097 22690
2011 10 23 10 41 9.599 38.7294 43.4465 7.6 -17.8654 13.0282 1.186 212.73 63.1035 308.846 638.147 629.77 -8.377 6.623 0.1 518671 22690
2011 10 28 18 54 20.052 -14.5572 -76.1207 29 -17.8654 13.0282 1.186 107.032 84.8445 312.865 765.953 751.56 -14.393 5.037 0.1 518760 22690
2012 01 22 5 53 42.619 -56.9317 -25.2293 18.7 -17.8654 13.0282 1.186 52.1477 48.3182 295.889 516.69 520.23 3.54 7.715 0.1 519966 22690
2012 01 30 5 10 56.665 -14.2139 -75.6584 34.2 -17.8654 13.0282 1.186 106.961 84.5159 301.814 752.489 749.14 -3.349 5.062 0.1 520094 22690
2012 04 14 10 56 8.982 -57.5759 -65.3721 8.4 -17.8654 13.0282 1.186 90.1809 68.8965 307.852 673.85 664.60 -9.25 6.230 0.1 521454 22690
2010 12 08 5 24 28.503 -56.4318 -25.64 29 -18.1599 12.5579 0.895 52.6182 47.7261 303.138 517.915 514.20 -3.715 7.755 0.1 511733 22691
2011 01 18 20 23 17.317 28.6831 63.9948 79.9 -18.1599 12.5579 0.895 233.248 68.1078 307.765 660.388 652.34 -8.048 6.246 0.1 550843 22691
2011 02 11 20 5 25.625 -36.4604 -73.1552 12.8 -18.1599 12.5579 0.895 102.355 76.0785 303.576 711.931 706.68 -5.251 5.700 0.1 512958 22691
2011 02 12 1 16 52.451 -37.0037 -73.1547 10 -18.1599 12.5579 0.895 102.223 75.9627 309.045 717.194 706.48 -10.714 5.710 0.1 512968 22691
2011 03 06 14 32 28.769 -56.3864 -27.0253 92 -18.1599 12.5579 0.895 54.2155 48.3172 304.191 516.862 512.06 -4.802 7.684 0.1 553192 22691
2011 03 06 14 32 30.801 -56.41 -26.68 101.2 -18.1599 12.5579 0.895 53.8107 48.1758 304.18 514.819 510.04 -4.779 7.690 0.1 553192 22691
2011 06 20 16 35 57.714 -21.771 -68.3834 126.2 -18.1599 12.5579 0.895 103.922 75.3221 300.214 690.78 688.91 -1.87 5.721 0.1 516819 22691
2011 07 15 13 25 59.686 -60.9862 -23.6628 8.6 -18.1599 12.5579 0.895 47.2853 49.877 299.737 534.051 533.74 -0.311 7.604 0.1 550951 22691
2011 09 02 13 46 58.117 -28.4135 -63.136 592.7 -18.1599 12.5579 0.895 99.9524 69.2925 309.172 619.155 608.39 -10.765 5.969 0.1 551097 22691
2011 10 23 10 41 4.773 38.7294 43.4465 7.6 -18.1599 12.5579 0.895 213.032 63.5652 313.624 645.991 632.82 -13.171 6.590 0.1 518671 22691
2011 10 23 20 45 32.606 38.5893 43.1165 10.1 -18.1599 12.5579 0.895 212.757 63.3075 302.663 632.917 630.72 -2.197 6.608 0.1 550958 22691
2011 10 28 18 54 31.070 -14.5572 -76.1207 29 -18.1599 12.5579 0.895 107.213 84.3411 301.529 752.079 749.01 -3.069 5.076 0.1 518760 22691
2011 12 07 22 23 7.657 -27.9324 -71.1344 13.8 -18.1599 12.5579 0.895 103.416 76.3034 298.353 707.936 707.90 -0.036 5.683 0.1 519310 22691
2011 12 11 9 54 56.379 -56.049 -28.2135 130.6 -18.1599 12.5579 0.895 55.7832 48.6669 296.958 508.359 510.76 2.401 7.642 0.1 550967 22691
2012 01 10 18 36 55.399 2.4307 93.2081 20.9 -18.1599 12.5579 0.895 251.384 81.878 304.498 743.659 737.82 -5.839 5.257 0.1 519785 22691
2012 01 15 14 21 23.902 -60.8685 -56.0334 23 -18.1599 12.5579 0.895 80.3136 63.8969 307.389 639.007 630.40 -8.607 6.586 0.1 553209 22691
2012 01 23 16 4 39.373 -36.4552 -73.1816 23.5 -18.1599 12.5579 0.895 102.371 76.1004 312.257 719.044 705.11 -13.934 5.696 0.1 550970 22691
2012 03 05 7 46 6.742 -28.2579 -63.2916 551.9 -18.1599 12.5579 0.895 100.074 69.4545 299.538 613.836 612.70 -1.136 5.978 0.1 520700 22691
2012 03 25 22 36 51.469 -35.2035 -72.1268 28.2 -18.1599 12.5579 0.895 102.111 75.5275 313.117 715.968 701.18 -14.788 5.739 0.1 553198 22691
2012 04 11 8 38 24.377 2.2376 93.0144 26.3 -18.1599 12.5579 0.895 251.394 81.6333 313.305 750.388 735.74 -14.648 5.276 0.1 521291 22691
2012 04 17 19 3 49.644 -59.1876 -16.8077 13.6 -18.1599 12.5579 0.895 40.2407 46.2 303.429 508.485 504.64 -3.845 7.869 0.1 553177 22691
2012 05 14 10 0 28.801 -17.7968 -69.7926 108.7 -18.1599 12.5579 0.895 105.238 77.6026 308.537 713.976 703.81 -10.166 5.562 0.1 521959 22691
2012 06 02 7 52 41.740 -22.1017 -63.6574 539.4 -18.1599 12.5579 0.895 102.371 70.9744 310.15 634.57 622.82 -11.75 5.877 0.1 553200 22691
2012 06 07 16 3 17.132 -15.9117 -72.4723 106.7 -18.1599 12.5579 0.895 106.224 80.5808 299.408 721.296 720.29 -1.006 5.342 0.1 522329 22691
2012 08 11 12 34 31.171 38.3798 46.7958 18.9 -18.1599 12.5579 0.895 216.254 64.7711 303.159 641.628 638.83 -2.798 6.502 0.1 523255 22691
2012 09 30 16 31 27.787 1.9079 -76.3716 155.2 -18.1599 12.5579 0.895 108.072 89.5697 303.511 764.604 759.85 -4.754 4.643 0.1 524079 22691
2010 12 08 5 24 26.525 -56.4318 -25.64 29 -17.0036 13.2443 0.637 52.6823 49.0485 305.074 530.069 524.43 -5.639 7.656 0.1 511733 22692
2010 12 20 18 41 44.922 28.3681 59.15 14.5 -17.0036 13.2443 0.637 230.285 63.2974 313.065 642.603 629.41 -13.193 6.613 0.1 550837 22692
2011 01 02 20 20 10.837 -38.3907 -73.3993 24.4 -17.0036 13.2443 0.637 101.466 77.0695 305.394 717.517 710.48 -7.037 5.630 0.1 512363 22692
2011 01 18 20 23 24.619 28.6831 63.9948 79.9 -17.0036 13.2443 0.637 233.693 66.8499 299.781 644.462 644.39 -0.072 6.337 0.1 550843 22692
2011 01 24 2 45 27.940 38.4018 72.8467 101.9 -17.0036 13.2443 0.637 237.397 78.4274 301.275 712.075 710.45 -1.625 5.487 0.1 512688 22692
2011 01 27 8 38 19.668 28.151 59.052 18.5 -17.0036 13.2443 0.637 230.295 63.0927 311.1 638.632 627.40 -11.232 6.626 0.1 550844 22692
2011 02 11 20 5 18.236 -36.4604 -73.1552 12.8 -17.0036 13.2443 0.637 101.757 77.267 311.174 726.258 713.44 -12.818 5.617 0.1 512958 22692
2011 02 14 3 40 4.699 -35.4868 -73.1011 17 -17.0036 13.2443 0.637 101.941 77.4236 303.725 719.006 713.63 -5.376 5.605 0.1 512991 22692
2011 03 06 12 31 53.729 -18.2064 -69.5006 114.5 -17.0036 13.2443 0.637 104.119 78.1635 303.933 711.824 706.27 -5.554 5.517 0.1 551065 22692
2011 03 06 14 32 27.119 -56.3864 -27.0253 92 -17.0036 13.2443 0.637 54.2589 49.6402 306.715 529.516 522.20 -7.316 7.588 0.1 553192 22692
2011 03 06 14 32 29.144 -56.41 -26.68 101.2 -17.0036 13.2443 0.637 53.8596 49.4986 306.812 527.588 520.19 -7.398 7.594 0.1 553192 22692
2011 04 01 13 28 56.376 35.7317 26.5466 75.5 -17.0036 13.2443 0.637 195.803 53.9404 314.119 571.063 557.86 -13.203 7.263 0.1 550945 22692
2011 06 20 16 35 44.671 -21.771 -68.3834 126.2 -17.0036 13.2443 0.637 103.014 76.3096 313.131 709.32 694.54 -14.78 5.652 0.1 516819 22692
2011 07 15 13 26 0.487 -60.9862 -23.6628 8.6 -17.0036 13.2443 0.637 47.5107 51.1889 299.851 544.104 543.69 -0.414 7.509 0.1 550951 22692
2011 07 16 0 26 1.057 -33.8756 -72.1007 20.5 -17.0036 13.2443 0.637 101.771 76.9469 307.838 719.901 710.41 -9.491 5.639 0.1 517320 22692
2011 08 24 17 46 4.799 -7.6203 -74.538 149.3 -17.0036 13.2443 0.637 106.501 85.6993 305.444 748.745 741.87 -6.875 4.930 0.1 517876 22692
2011 09 02 13 47 2.151 -28.4135 -63.136 592.7 -17.0036 13.2443 0.637 99.1247 70.3638 305.032 621.381 614.77 -6.611 5.895 0.1 551097 22692
2011 09 03 4 48 46.314 -56.5611 -26.9231 96.3 -17.0036 13.2443 0.637 54.0252 49.6968 310.541 533.327 522.19 -11.137 7.582 0.1 518020 22692
2011 09 05 17 55 12.806 3.0253 97.9991 106.6 -17.0036 13.2443 0.637 252.807 85.8645 298.048 747.142 747.80 0.658 4.926 0.1 553194 22692
2011 12 11 9 54 39.363 -56.049 -28.2135 130.6 -17.0036 13.2443 0.637 55.7999 49.9902 313.96 535.437 520.85 -14.587 7.544 0.1 550967 22692
2012 01 10 18 36 53.372 2.4307 93.2081 20.9 -17.0036 13.2443 0.637 252.482 81.1205 305.765 740.933 733.81 -7.123 5.319 0.1 519785 22692
2012 01 22 5 53 35.370 -56.9317 -25.2293 18.7 -17.0036 13.2443 0.637 51.8765 49.1759 302.233 529.643 526.85 -2.793 7.651 0.1 519966 22692
2012 01 30 5 10 56.546 -14.2139 -75.6584 34.2 -17.0036 13.2443 0.637 106.17 84.9121 301.428 754.102 751.15 -2.952 5.031 0.1 520094 22692
2012 06 23 4 34 40.306 3.0022 97.9116 101.9 -17.0036 13.2443 0.637 252.802 85.7742 312.433 761.627 747.90 -13.727 4.935 0.1 553181 22692
2012 08 12 10 47 3.466 35.6526 82.5417 14 -17.0036 13.2443 0.637 244.184 83.8675 301.14 751.634 749.95 -1.684 5.101 0.1 523270 22692
2010 11 10 4 5 17.769 -45.5992 96.3646 15.3 -21.0225 14.6821 0.47 260.533 69.5831 307.081 676.312 667.58 -8.732 6.180 0.1 551220 22693
2010 12 20 18 41 58.545 28.3681 59.15 14.5 -21.0225 14.6821 0.47 226.117 65.2306 299.542 641.777 642.23 0.453 6.471 0.1 550837 22693
2011 01 01 9 56 49.783 -26.8513 -63.2373 584.3 -21.0225 14.6821 0.47 104.177 70.4331 305.565 622.982 615.77 -7.212 5.895 0.1 512345 22693
2011 01 27 8 38 20.434 28.151 59.052 18.5 -21.0225 14.6821 0.47 226.115 65.0184 309.282 649.488 640.20 -9.288 6.487 0.1 550844 22693
2011 03 06 14 32 28.165 -56.3864 -27.0253 92 -21.0225 14.6821 0.47 58.4743 46.8196 305.991 507.026 500.30 -6.726 7.792 0.1 553192 22693
2011 03 06 14 32 30.280 -56.41 -26.68 101.2 -21.0225 14.6821 0.47 58.0734 46.6688 305.903 504.823 498.20 -6.623 7.799 0.1 553192 22693
2011 05 14 21 7 12.002 36.4257 70.7231 207.6 -21.0225 14.6821 0.47 232.427 77.8743 310.417 706.375 695.74 -10.635 5.493 0.1 516197 22693
2011 09 05 17 55 6.850 3.0253 97.9991 106.6 -21.0225 14.6821 0.47 248.696 84.8434 303.889 747.899 742.76 -5.139 5.010 0.1 553194 22693
2011 09 18 12 40 35.420 27.8039 88.1536 29.6 -21.0225 14.6821 0.47 243.875 85.9882 311.786 770.546 758.12 -12.426 4.928 0.1 518230 22693
2011 12 11 9 54 39.800 -56.049 -28.2135 130.6 -21.0225 14.6821 0.47 60.047 47.2172 312.919 513.119 499.44 -13.679 7.748 0.1 550967 22693
2012 04 11 8 38 37.740 2.2376 93.0144 26.3 -21.0225 14.6821 0.47 248.322 79.9234 301.677 729.617 726.63 -2.987 5.410 0.1 521291 22693
2012 04 11 10 43 4.730 0.7675 92.4284 21.6 -21.0225 14.6821 0.47 248.521 78.8416 304.726 727.456 721.38 -6.076 5.491 0.1 521308 22693
2012 04 14 10 56 4.668 -57.5759 -65.3721 8.4 -21.0225 14.6821 0.47 93.4949 67.2079 311.876 667.208 653.84 -13.368 6.351 0.1 521454 22693
2012 06 02 7 52 38.671 -22.1017 -63.6574 539.4 -21.0225 14.6821 0.47 105.87 72.0296 313.089 643.638 628.92 -14.718 5.803 0.1 553200 22693
2011 01 01 9 56 42.276 -26.8513 -63.2373 584.3 -19.1094 12.5911 0.016 101.512 69.3278 311.873 622.757 609.27 -13.487 5.971 0.1 512345 22694
2011 03 06 14 32 35.391 -56.3864 -27.0253 92 -19.1094 12.5911 0.016 54.8608 47.5026 298.346 504.715 505.73 1.015 7.744 0.1 553192 22694
2011 03 06 14 32 37.440 -56.41 -26.68 101.2 -19.1094 12.5911 0.016 54.454 47.3597 296.975 501.295 503.69 2.395 7.750 0.1 553192 22694
2011 06 20 16 35 55.010 -21.771 -68.3834 126.2 -19.1094 12.5911 0.016 104.86 75.0557 303.141 692.171 687.37 -4.801 5.741 0.1 516819 22694
2012 01 30 5 10 44.914 -14.2139 -75.6584 34.2 -19.1094 12.5911 0.016 108.079 83.8338 311.784 758.99 745.66 -13.33 5.116 0.1 520094 22694
2012 04 11 8 38 35.798 2.2376 93.0144 26.3 -19.1094 12.5911 0.016 250.44 81.6874 303.565 740.927 736.03 -4.897 5.272 0.1 521291 22694
2012 04 17 19 3 50.457 -59.1876 -16.8077 13.6 -19.1094 12.5911 0.016 40.7464 45.3274 301.859 500.002 497.70 -2.302 7.931 0.1 553177 22694
2012 07 26 5 33 30.125 -17.5507 66.2905 16.2 -19.1094 12.5911 0.016 259.396 50.8321 306.295 547.05 539.45 -7.6 7.534 0.1 523026 22694
2012 08 11 12 34 31.708 38.3798 46.7958 18.9 -19.1094 12.5911 0.016 215.717 65.5806 301.85 645.582 644.10 -1.482 6.442 0.1 523255 22694
2011 01 18 20 23 18.834 28.6831 63.9948 79.9 -18.0997 10.9997 -2.389 234.357 69.1728 305.561 664.817 658.93 -5.887 6.169 0.1 550843 22695
2011 10 28 18 54 21.624 -14.5572 -76.1207 29 -18.0997 10.9997 -2.389 106.815 82.912 310.588 753.834 741.68 -12.154 5.189 0.1 518760 22695
2011 11 22 18 48 11.235 -15.3083 -65.1634 560.3 -18.0997 10.9997 -2.389 104.468 72.5112 302.598 634.263 630.10 -4.163 5.756 0.1 519114 22695
2011 01 02 20 20 16.734 -38.3907 -73.3993 24.4 -17.3336 13.8379 0.727 102.082 77.3313 298.482 712.068 711.94 -0.128 5.611 0.1 512363 22696
2011 06 20 16 35 57.189 -21.771 -68.3834 126.2 -17.3336 13.8379 0.727 103.521 76.7406 300.809 699.42 696.96 -2.46 5.621 0.1 516819 22696
2011 09 03 4 48 44.166 -56.5611 -26.9231 96.3 -17.3336 13.8379 0.727 54.8844 49.6747 312.344 534.958 522.00 -12.958 7.584 0.1 518020 22696
2011 10 23 10 41 13.867 38.7294 43.4465 7.6 -17.3336 13.8379 0.727 212.212 62.2885 305.754 629.607 624.34 -5.267 6.678 0.1 518671 22696
2011 11 22 18 48 14.581 -15.3083 -65.1634 560.3 -17.3336 13.8379 0.727 104.239 75.313 298.705 646.224 645.96 -0.264 5.561 0.1 519114 22696
2011 12 07 22 23 5.090 -27.9324 -71.1344 13.8 -17.3336 13.8379 0.727 103.19 77.7577 301.525 719.295 716.10 -3.195 5.580 0.1 519310 22696
2012 01 15 13 40 10.113 -60.701 -55.8579 17.3 -17.3336 13.8379 0.727 80.9348 65.1121 310.544 650.991 639.23 -11.761 6.500 0.1 553208 22696
2012 01 15 14 21 29.856 -60.8685 -56.0334 23 -17.3336 13.8379 0.727 81.0171 65.2235 302.02 642.324 639.09 -3.234 6.491 0.1 553209 22696
2012 06 23 4 34 52.396 3.0022 97.9116 101.9 -17.3336 13.8379 0.727 252.429 85.2344 301.43 747.954 745.23 -2.724 4.980 0.1 553181 22696
2012 07 25 0 27 44.326 2.6255 96.1109 28.6 -17.3336 13.8379 0.727 252.322 83.407 301.497 747.471 744.64 -2.831 5.146 0.1 523007 22696
2012 08 11 12 23 6.684 38.4023 46.838 8.7 -17.3336 13.8379 0.727 215.541 63.4996 309.243 640.999 632.14 -8.859 6.595 0.1 523253 22696
2012 09 30 16 31 28.965 1.9079 -76.3716 155.2 -17.3336 13.8379 0.727 107.209 90.7611 302.888 769.523 765.37 -4.153 4.636 0.1 524079 22696
