2010 07 29 7 31 50.234 6.5583 123.36 615.8 11.5101 42.1061 0.226 280.53 80.1793 305.644 674.637 667.55 -7.087 5.187 0.1 510108 22697
2010 08 16 3 30 39.752 -17.8076 65.6026 14.7 11.5101 42.1061 0.226 319.78 37.2421 314.428 446.333 432.19 -14.143 8.477 0.1 510398 22697
2010 09 17 19 21 6.324 36.5352 70.9695 215.4 11.5101 42.1061 0.226 233.577 36.0154 308.199 409.453 400.97 -8.483 8.468 0.1 510751 22697
2011 03 10 17 8 25.927 -6.8567 116.73 518.6 11.5101 42.1061 0.226 283.545 76.4353 311.495 668.961 656.15 -12.811 5.495 0.1 550944 22697
2011 02 10 14 39 24.705 4.1297 123.062 532.8 11.5101 42.1061 0.226 280.919 80.3369 302.889 679.932 675.61 -4.322 5.209 0.1 551436 22697
2011 03 20 8 25 59.242 19.0747 121.307 39.9 11.5101 42.1061 0.226 277.564 76.2257 310.683 716.241 703.98 -12.261 5.680 0.1 553180 22697
2010 12 15 11 29 17.757 -7.2664 128.794 140.4 11.5101 42.1061 0.226 281.765 88.2081 312.425 768.91 755.24 -13.67 4.733 0.1 511818 22697
2011 03 06 14 32 29.227 -56.3864 -27.0253 92 11.5101 42.1061 0.226 66.3837 88.3139 307.85 770.123 761.91 -8.213 4.729 0.1 553192 22697
2011 02 04 13 53 45.295 24.6094 94.7347 86.5 11.5101 42.1061 0.226 265.163 51.4189 300.825 537.955 535.97 -1.985 7.463 0.1 512855 22697
2011 03 06 14 32 31.084 -56.41 -26.68 101.2 11.5101 42.1061 0.226 66.0936 88.1477 307.712 768.128 760.05 -8.078 4.740 0.1 553192 22697
2010 07 23 22 51 9.535 6.4232 123.58 584.7 11.5844 42.4986 0 280.614 80.0288 302.245 673.128 669.44 -3.688 5.209 0.1 510022 22698
2010 02 26 20 31 14.870 25.9843 128.508 24.2 11.5844 42.4986 0 278.716 81.4702 312.634 748.996 734.82 -14.176 5.295 0.1 507693 22698
2010 05 31 10 15 49.225 6.9374 123.962 34.3 11.5844 42.4986 0 280.559 80.3085 312.436 741.301 727.35 -13.951 5.382 0.1 553189 22698
2010 02 18 1 13 9.391 42.6027 130.699 573.7 11.5844 42.4986 0 277.363 80.9508 308.542 684.774 674.85 -9.924 5.154 0.1 507582 22698
2010 04 06 22 14 58.049 2.3601 97.1113 33.4 11.5844 42.4986 0 282.434 54.8903 307.782 576.226 567.24 -8.986 7.232 0.1 508706 22698
2010 04 05 10 5 32.562 -0.0893 125.105 28.1 11.6424 42.5781 0.466 281.674 82.6971 312.25 754.659 740.98 -13.679 5.200 0.1 550443 22699
2010 04 24 7 40 49.216 -1.8988 128.112 38.7 11.6424 42.5781 0.466 281.736 86.0062 312.121 769.814 756.34 -13.474 4.935 0.1 550444 22699
2010 03 05 16 6 57.771 -3.8389 100.916 24.2 11.6424 42.5781 0.466 285.692 60.0145 302.664 608.601 604.76 -3.841 6.861 0.1 508158 22699
2010 02 26 20 31 19.092 25.9843 128.508 24.2 11.6424 42.5781 0.466 278.736 81.3754 308.547 744.407 734.31 -10.097 5.303 0.1 507693 22699
2010 02 15 21 51 36.266 -7.2679 128.767 134.7 11.6424 42.5781 0.466 281.962 87.7414 311.935 766.871 753.68 -13.191 4.772 0.1 550539 22699
2010 03 14 0 57 38.074 -1.6485 128.082 63.6 11.6424 42.5781 0.466 281.72 85.9262 307.549 761.956 753.05 -8.906 4.934 0.1 508374 22699
2011 02 10 14 39 26.612 4.1297 123.062 532.8 11.6424 42.5781 0.466 281.034 79.8696 300.286 674.892 673.17 -1.722 5.239 0.1 551436 22699
2010 04 26 2 59 41.084 22.2406 123.816 23.2 11.6424 42.5781 0.466 277.624 77.6591 310.999 726.86 714.28 -12.58 5.583 0.1 550445 22699
2010 05 26 8 52 56.689 25.7386 129.955 12 11.6424 42.5781 0.466 279.369 82.7016 311.408 756.159 743.21 -12.949 5.207 0.1 550453 22699
2010 03 30 16 54 35.912 13.6128 92.8746 38.5 11.6424 42.5781 0.466 273.688 49.0516 311.623 535.872 523.05 -12.822 7.655 0.1 508622 22699
2011 03 06 14 32 22.281 -56.3864 -27.0253 92 11.6424 42.5781 0.466 66.7102 88.667 313.611 777.545 763.57 -13.975 4.701 0.1 553192 22699
2011 03 06 14 32 24.137 -56.41 -26.68 101.2 11.6424 42.5781 0.466 66.4208 88.5003 313.466 775.544 761.72 -13.824 4.711 0.1 553192 22699
2010 07 21 9 15 53.948 3.0029 128.179 111.9 11.7603 42.1404 0.148 281.497 85.5209 304.817 751.612 745.39 -6.222 4.954 0.1 550234 22700
2011 03 10 17 8 33.272 -6.8567 116.73 518.6 11.7603 42.1404 0.148 283.803 76.4454 303.823 661.344 656.21 -5.134 5.494 0.1 550944 22700
2011 02 10 14 39 14.615 4.1297 123.062 532.8 11.7603 42.1404 0.148 281.169 80.2935 313.019 689.836 675.38 -14.456 5.212 0.1 551436 22700
2010 12 15 11 29 29.905 -7.2664 128.794 140.4 11.7603 42.1404 0.148 282.016 88.2083 299.28 755.765 755.24 -0.525 4.733 0.1 511818 22700
2011 03 06 14 32 29.240 -56.3864 -27.0253 92 11.7603 42.1404 0.148 66.2831 88.5438 307.648 771.005 763.00 -8.005 4.710 0.1 553192 22700
2011 02 15 13 33 44.914 -2.4897 121.469 26.8 11.7603 42.1404 0.148 282.318 80.0704 307.473 736.186 727.30 -8.886 5.400 0.1 513004 22700
2011 02 04 13 53 35.564 24.6094 94.7347 86.5 11.7603 42.1404 0.148 265.442 51.2939 310.057 546.25 535.03 -11.22 7.473 0.1 512855 22700
2011 03 06 14 32 31.094 -56.41 -26.68 101.2 11.7603 42.1404 0.148 65.9934 88.3778 307.309 768.812 761.15 -7.662 4.721 0.1 553192 22700
2010 10 04 13 28 25.797 24.2175 125.249 32.8 11.288 42.2234 0.265 277.546 79.1598 311.785 734.508 721.16 -13.348 5.470 0.1 551209 22701
2011 01 29 6 55 17.741 70.8684 -6.9088 6.4 11.288 42.2234 0.265 126.145 66.7203 306.517 659.096 651.79 -7.306 6.379 0.1 550705 22701
2010 07 23 23 15 8.998 6.7403 123.327 633.7 11.288 42.2234 0.265 280.263 80.0182 300.229 666.871 665.20 -1.671 5.190 0.1 510027 22701
2010 09 17 19 21 1.621 36.5352 70.9695 215.4 11.288 42.2234 0.265 233.183 36.1056 313.506 415.525 401.75 -13.775 8.462 0.1 510751 22701
2011 02 10 14 39 15.348 4.1297 123.062 532.8 11.288 42.2234 0.265 280.69 80.2307 311.413 687.905 675.06 -12.845 5.216 0.1 551436 22701
2011 03 11 18 59 11.638 36.9993 138.542 14.6 11.288 42.2234 0.265 282.738 88.2745 307.888 779.73 770.44 -9.29 4.769 0.1 513616 22701
2011 03 06 14 32 33.296 -56.3864 -27.0253 92 11.288 42.2234 0.265 66.5968 88.1852 304.146 765.81 761.29 -4.52 4.739 0.1 553192 22701
2011 02 15 13 33 49.726 -2.4897 121.469 26.8 11.288 42.2234 0.265 281.85 79.9516 303.175 731.249 726.65 -4.599 5.409 0.1 513004 22701
2011 03 06 14 32 35.157 -56.41 -26.68 101.2 11.288 42.2234 0.265 66.3066 88.0187 304.206 764.009 759.43 -4.579 4.750 0.1 553192 22701
2010 10 04 13 28 36.278 24.2175 125.249 32.8 11.5188 42.4221 0.162 277.685 78.8917 301.496 722.75 719.68 -3.07 5.489 0.1 551209 22702
2010 03 25 5 29 22.159 13.8293 120.014 24.6 11.5188 42.4221 0.162 278.479 75.4216 306.096 709.169 701.50 -7.669 5.742 0.1 550442 22702
2010 10 08 5 43 4.438 2.7637 128.221 140.8 11.5188 42.4221 0.162 281.267 85.3416 305.833 748.41 741.17 -7.24 4.960 0.1 551210 22702
2010 09 17 19 21 5.645 36.5352 70.9695 215.4 11.5188 42.4221 0.162 233.19 35.8046 308.277 407.7417 399.19 -8.5517 8.482 0.1 510751 22702
2010 03 14 0 57 37.060 -1.6485 128.082 63.6 11.5188 42.4221 0.162 281.591 86.0736 309.6 764.732 753.78 -10.952 4.922 0.1 508374 22702
2010 08 03 12 8 19.583 1.2978 126.279 50.6 11.5188 42.4221 0.162 281.372 83.7242 307.803 752.677 743.45 -9.227 5.115 0.1 550540 22702
2010 03 30 16 54 37.236 13.6128 92.8746 38.5 11.5188 42.4221 0.162 273.555 49.2202 310.498 536.039 524.34 -11.699 7.644 0.1 508622 22702
2010 07 29 7 31 49.662 6.5583 123.36 615.8 11.5349 42.4453 0.379 280.527 79.8459 306.309 673.574 665.82 -7.754 5.209 0.1 510108 22703
2010 03 14 0 57 38.091 -1.6485 128.082 63.6 11.5349 42.4453 0.379 281.608 86.0515 309.016 764.04 753.67 -10.37 4.924 0.1 508374 22703
2010 04 13 23 49 31.392 33.1928 96.7466 13.8 11.5349 42.4453 0.379 259.674 53.9994 306.225 570.829 563.53 -7.299 7.302 0.1 508820 22703
2010 03 30 16 54 45.270 13.6128 92.8746 38.5 11.5349 42.4453 0.379 273.572 49.1954 302.291 527.642 524.15 -3.492 7.646 0.1 508622 22703
2009 11 10 2 48 43.677 8.0283 91.9514 22.7 11.8472 42.6625 0.881 278.69 48.65 303.513 526.75 522.08 -4.67 7.690 0.1 506357 22704
2010 05 09 5 59 31.847 3.7328 96.0278 42.3 11.8472 42.6625 0.881 281.916 53.4065 312.253 568.866 555.42 -13.446 7.336 0.1 509134 22704
2010 05 26 8 53 6.860 25.7386 129.955 12 11.8472 42.6625 0.881 279.521 82.5415 301.546 745.463 742.37 -3.093 5.218 0.1 550453 22704
2010 04 13 23 49 30.754 33.1928 96.7466 13.8 11.8472 42.6625 0.881 259.856 53.653 305.673 567.735 560.99 -6.745 7.328 0.1 508820 22704
2010 03 14 8 8 0.675 37.7839 141.655 40.1 11.8472 42.6625 0.881 284.772 89.8156 302.167 777.481 773.93 -3.551 4.643 0.1 551429 22704
2010 01 05 4 55 27.535 -58.464 -14.8595 10 11.8472 42.6625 0.881 56.1249 84.1021 312.03 764.155 751.89 -12.265 5.082 0.1 507018 22704
2010 10 04 13 28 34.631 24.2175 125.249 32.8 11.6174 42.5559 0.47 277.726 78.733 303.147 723.53 718.81 -4.72 5.500 0.1 551209 22705
2010 04 24 7 40 58.856 -1.8988 128.112 38.7 11.6174 42.5559 0.47 281.71 86.0267 302.985 760.779 756.44 -4.339 4.933 0.1 550444 22705
2010 03 25 5 29 17.091 13.8293 120.014 24.6 11.6174 42.5559 0.47 278.552 75.2737 310.336 712.558 700.65 -11.908 5.753 0.1 550442 22705
2010 02 26 20 31 16.767 25.9843 128.508 24.2 11.6174 42.5559 0.47 278.723 81.4055 311.062 747.081 734.47 -12.611 5.301 0.1 507693 22705
2010 07 29 7 31 52.150 6.5583 123.36 615.8 11.6174 42.5559 0.47 280.601 79.7312 303.593 670.261 665.22 -5.041 5.217 0.1 510108 22705
2010 02 18 1 13 13.390 42.6027 130.699 573.7 11.6174 42.5559 0.47 277.35 80.8871 305.1 681.004 674.52 -6.484 5.159 0.1 507582 22705
2010 10 08 5 42 59.044 2.7637 128.221 140.8 11.6174 42.5559 0.47 281.361 85.2074 310.013 751.925 740.51 -11.415 4.971 0.1 551210 22705
2010 09 17 19 21 4.024 36.5352 70.9695 215.4 11.6174 42.5559 0.47 233.131 35.6446 311.063 409.1667 397.83 -11.3367 8.492 0.1 510751 22705
2010 08 03 12 8 23.199 1.2978 126.279 50.6 11.6174 42.5559 0.47 281.47 83.593 304.119 748.323 742.77 -5.553 5.126 0.1 550540 22705
2010 04 26 2 59 47.820 22.2406 123.816 23.2 11.6174 42.5559 0.47 277.608 77.6881 304.626 720.649 714.45 -6.199 5.580 0.1 550445 22705
2010 05 26 8 53 6.822 25.7386 129.955 12 11.6174 42.5559 0.47 279.356 82.7318 300.922 745.83 743.37 -2.46 5.205 0.1 550453 22705
2010 10 25 14 42 8.835 -3.5248 100.104 20 11.6174 42.5559 0.47 285.663 59.167 310.548 611.22 599.50 -11.72 6.923 0.1 511191 22705
2010 04 11 22 8 7.283 37.0075 -3.4764 619.6 11.5573 42.4545 0.12 109.487 48.3233 305.039 472.782 466.97 -5.812 7.380 0.1 553188 22706
2010 05 31 10 15 50.006 6.9374 123.962 34.3 11.5573 42.4545 0.12 280.535 80.354 305.224 734.333 727.59 -6.743 5.378 0.1 553189 22706
2010 02 15 21 51 41.852 -7.2679 128.767 134.7 11.5573 42.4545 0.12 281.862 87.8499 305.93 761.381 754.20 -7.181 4.763 0.1 550539 22706
2010 07 23 23 15 2.041 6.7403 123.327 633.7 11.5573 42.4545 0.12 280.514 79.7696 307.162 672.514 663.91 -8.604 5.207 0.1 510027 22706
2010 03 14 0 57 45.527 -1.6485 128.082 63.6 11.5573 42.4545 0.12 281.63 86.0435 301.627 756.611 753.63 -2.981 4.924 0.1 508374 22706
2010 08 03 12 8 17.150 1.2978 126.279 50.6 11.5573 42.4545 0.12 281.41 83.6924 310.178 754.89 743.28 -11.61 5.118 0.1 550540 22706
2010 04 26 2 59 47.424 22.2406 123.816 23.2 11.5573 42.4545 0.12 277.586 77.8021 304.943 721.601 715.08 -6.521 5.572 0.1 550445 22706
2010 05 26 8 53 5.087 25.7386 129.955 12 11.5573 42.4545 0.12 279.343 82.847 302.362 747.867 743.97 -3.897 5.197 0.1 550453 22706
2010 02 05 6 59 7.116 -47.9345 99.5103 16 11.5573 42.4545 0.12 302.716 77.8163 300.871 718.644 717.45 -1.194 5.556 0.1 507438 22706
2009 12 26 8 57 23.050 -5.4255 131.324 64.9 11.5894 42.5065 0.1 281.573 89.9203 301.705 774.988 772.02 -2.968 4.643 0.1 506882 22707
2010 10 08 5 43 1.327 2.7637 128.221 140.8 11.5894 42.5065 0.1 281.335 85.2567 307.689 749.846 740.75 -9.096 4.967 0.1 551210 22707
2010 08 03 12 8 24.315 1.2978 126.279 50.6 11.5894 42.5065 0.1 281.443 83.6414 302.923 747.375 743.02 -4.355 5.122 0.1 550540 22707
2010 04 11 22 8 8.489 37.0075 -3.4764 619.6 11.5783 42.4945 0.107 109.432 48.3402 303.017 470.885 467.10 -3.785 7.379 0.1 553188 22708
2010 07 23 23 14 58.159 6.7403 123.327 633.7 11.5783 42.4945 0.107 280.532 79.7288 311.29 676.43 663.70 -12.73 5.210 0.1 510027 22708
2009 12 24 0 23 26.721 42.2375 134.772 395.7 11.5783 42.4945 0.107 280.086 83.9938 305.156 713.154 706.61 -6.544 4.993 0.1 551395 22708
2010 05 26 8 53 1.219 25.7386 129.955 12 11.5783 42.4945 0.107 279.345 82.8027 306.66 751.935 743.74 -8.195 5.200 0.1 550453 22708
2010 04 06 22 14 52.313 2.3601 97.1113 33.4 11.5783 42.4945 0.107 282.426 54.8938 313.515 581.984 567.27 -14.714 7.231 0.1 508706 22708
