2010 04 13 23 49 30.380 33.1928 96.7466 13.8 36.037 0.6561 0.594 303.725 75.6974 309.041 714.831 703.83 -11.001 5.736 0.1 508820 22757
2013 02 14 13 13 51.740 67.5173 142.702 8.9 36.037 0.6561 0.594 328.554 72.8499 299.509 689.009 687.39 -1.619 5.957 0.1 526587 22757
2013 09 25 16 42 37.886 -15.9001 -74.6012 38.2 36.037 0.6561 0.594 51.6675 87.7652 303.678 769.832 765.54 -4.292 4.787 0.1 530007 22757
2013 09 07 0 13 24.112 14.6678 -92.0911 74.1 36.037 0.6561 0.594 54.5383 83.697 303.399 745.057 740.11 -4.947 5.118 0.1 553544 22757
2011 05 14 21 7 7.403 36.4257 70.7231 207.6 36.037 0.6561 0.594 292.077 55.3099 311.265 563.982 551.01 -12.972 7.139 0.1 516197 22757
2013 10 01 3 38 21.148 53.1368 152.896 578.4 36.037 0.6561 0.594 337.806 87.9733 297.737 707.089 707.48 0.391 4.643 0.1 553292 22757
2014 03 15 23 51 27.935 -5.6717 -80.9351 26.5 36.037 0.6561 0.594 53.4432 86.5343 305.525 767.32 760.84 -6.48 4.891 0.1 532639 22757
2014 03 22 12 59 54.682 -19.8225 -70.9441 4.4 36.037 0.6561 0.594 50.336 87.5117 302.538 772.676 769.66 -3.016 4.811 0.1 532786 22757
2010 05 06 2 42 33.522 -18.0961 -70.5865 46.8 36.037 0.6561 0.594 50.2817 86.1545 313.545 770.903 756.84 -14.063 4.908 0.1 553545 22757
2014 03 17 5 11 31.850 -20.06 -70.8284 5.3 36.037 0.6561 0.594 50.286 87.5788 300.473 770.783 769.84 -0.943 4.805 0.1 553377 22757
2009 11 13 3 5 40.740 -19.469 -70.4181 36 36.037 0.6561 0.594 50.158 86.9057 314.319 776.599 761.80 -14.799 4.852 0.1 551028 22757
2010 05 23 22 46 43.961 -14 -74.4319 102.6 36.037 0.6561 0.594 51.6936 86.4654 302.25 754.639 751.72 -2.919 4.872 0.1 553546 22757
2009 11 17 15 30 46.247 51.9622 -131.598 8.7 36.037 0.6561 0.594 37.1925 82.9396 300.759 746.492 743.67 -2.822 5.209 0.1 506425 22757
2013 02 09 14 15 54.138 1.0345 -77.462 144.2 36.037 0.6561 0.594 53.6994 79.7841 312.059 725.361 712.14 -13.221 5.387 0.1 526478 22757
2011 04 07 13 11 22.619 17.2651 -94.1439 165.1 36.037 0.6561 0.594 54.3329 83.8015 299.244 730.955 730.12 -0.835 5.084 0.1 550715 22757
2012 11 15 9 20 13.646 18.1995 -100.525 57.9 36.037 0.6561 0.594 52.7068 88.1416 305.246 770.58 763.78 -6.8 4.773 0.1 524840 22757
2014 01 13 4 0 52.927 18.9922 -66.8685 30.9 36.037 0.6561 0.594 58.7766 61.1405 311.853 624.196 610.86 -13.336 6.783 0.1 531704 22757
2014 04 01 23 46 32.379 -19.6193 -70.7877 17.1 36.037 0.6561 0.594 50.2864 87.2692 312.034 778.885 766.37 -12.515 4.826 0.1 532955 22757
2010 02 27 15 45 20.295 -24.7957 -65.4619 31.8 36.037 0.6561 0.594 47.9189 86.9072 301.646 764.521 762.59 -1.931 4.849 0.1 507813 22757
2009 10 22 19 51 19.579 36.5187 71.0121 188.6 36.037 0.6561 0.594 292.128 55.4908 305.878 561.809 554.22 -7.589 7.134 0.1 553187 22757
2013 09 05 4 1 34.821 15.2518 -45.2139 10.4 36.037 0.6561 0.594 54.3137 45.7457 299.074 501.283 501.29 0.007 7.902 0.1 529693 22757
2010 03 04 22 39 17.108 -22.2651 -68.4579 108.4 36.037 0.6561 0.594 49.2963 87.3052 308.738 764.52 755.40 -9.12 4.800 0.1 508136 22757
2013 09 24 11 29 40.431 26.9109 65.5315 15.5 36.037 0.6561 0.594 296.638 55.1818 306.879 579.618 571.18 -8.438 7.223 0.1 529974 22757
2010 03 30 16 54 34.456 13.6128 92.8746 38.5 36.037 0.6561 0.594 305.459 83.8877 311.521 758.275 745.23 -13.045 5.113 0.1 508622 22757
2013 07 22 7 1 29.119 -46.0946 34.8615 3.2 36.037 0.6561 0.594 332.863 87.3737 314.244 783.835 770.06 -13.775 4.808 0.1 529033 22757
2014 04 10 23 27 33.495 12.4342 -86.3301 12.6 36.037 0.6561 0.594 55.176 80.3901 310.628 742.943 730.79 -12.153 5.385 0.1 533172 22757
2014 04 03 2 43 9.232 -20.5887 -70.4905 12 36.037 0.6561 0.594 50.1442 87.6717 303.026 772.664 769.19 -3.474 4.797 0.1 533012 22757
