1995 09 17 17 09 20.490 -17.122 66.69 8.5 -1.1268 37.2523 1.94 295.663 33.0357 305.314 399.829 396.06 -3.769 8.740 0.1 256556 22758
1995 10 06 18 09 46.670 -2.009 101.501 36.7 -1.1268 37.2523 1.94 269.72 64.2275 304.226 634.563 631.15 -3.413 6.554 0.1 257991 22758
1995 10 18 09 30 39.730 36.448 70.39 234.8 -1.1268 37.2523 1.94 226.927 48.4344 302.68 499.977 499.67 -0.307 7.600 0.1 258692 22758
1995 10 23 22 46 49.700 25.992 102.236 2.9 -1.1268 37.2523 1.94 257.439 68.1606 303.343 663.671 661.71 -1.961 6.274 0.1 259060 22758
1995 10 29 19 24 32.200 0.825 126.033 63.7 -1.1268 37.2523 1.94 268.863 88.7971 303.657 769.485 766.85 -2.635 4.709 0.1 553878 22758
1995 11 05 16 29 59.280 -4.926 103.233 44.1 -1.1268 37.2523 1.94 270.957 65.9741 301.73 642.478 641.67 -0.808 6.424 0.1 259759 22758
1995 11 08 07 14 18.260 1.821 95.059 29.2 -1.1268 37.2523 1.94 267.541 57.8733 303.416 591.184 589.06 -2.124 7.012 0.1 259870 22758
1995 11 08 16 01 21.300 1.266 121.659 35.2 -1.1268 37.2523 1.94 268.753 84.4338 302.593 750.321 748.85 -1.471 5.064 0.1 259885 22758
1995 11 13 02 17 53.20 3.592 126.782 52.8 -1.1268 37.2523 1.94 268.854 89.6003 302.748 773.776 771.89 -1.886 4.648 0.1 260074 22758
1995 12 05 06 32 06.930 -9.001 124.688 37.7 -1.1268 37.2523 1.94 269.292 87.2932 305.657 766.727 762.70 -4.027 4.833 0.1 553879 22758
1996 01 01 08 05 09.560 0.684 119.984 15.4 -1.1268 37.2523 1.94 268.785 82.747 303.408 745.875 743.18 -2.695 5.199 0.1 263007 22758
1996 01 22 23 19 57.590 -60.6 -25.968 10.1 -1.1268 37.2523 1.94 66.8203 76.1572 304.22 711.67 708.49 -3.18 5.684 0.1 264288 22758
1996 02 03 11 14 20.40 27.287 100.294 10 -1.1268 37.2523 1.94 255.886 66.7667 303.191 654.191 651.78 -2.411 6.372 0.1 264824 22758
1996 02 07 07 57 18.290 1.023 120.209 13.8 -1.1268 37.2523 1.94 268.747 82.9792 302.186 745.936 744.65 -1.286 5.183 0.1 265074 22758
1996 02 12 09 08 12.150 -11.074 118.742 42.5 -1.1268 37.2523 1.94 270.525 81.4329 303.555 735.445 732.46 -2.985 5.289 0.1 265344 22758
1996 02 18 23 49 28.260 -1.238 -14.292 10 -1.1268 37.2523 1.94 90.4526 51.5328 303.431 548.209 545.96 -2.249 7.484 0.1 265786 22758
1996 02 28 09 44 09.340 1.717 126.134 107.1 -1.1268 37.2523 1.94 268.848 88.9157 303.339 765.002 762.35 -2.652 4.688 0.1 266311 22758
1996 03 05 14 52 30.40 24.083 122.266 41.8 -1.1268 37.2523 1.94 266.947 85.8999 301.927 756.89 755.47 -1.42 4.942 0.1 553880 22758
1996 03 19 15 00 25.940 40.01 76.707 25 -1.1268 37.2523 1.94 231.28 54.5204 302.021 566.084 566.61 0.526 7.253 0.1 553881 22758
1996 05 03 03 32 44.760 40.765 109.647 9.5 -1.1268 37.2523 1.94 257.485 77.468 302.403 716.645 715.92 -0.725 5.593 0.1 270137 22758
1996 06 02 02 52 09.620 10.794 -42.272 10 -1.1268 37.2523 1.94 93.0867 79.9228 305.141 733.524 729.12 -4.404 5.415 0.1 271741 22758
1996 06 06 17 35 36.80 -41.28 80.672 10 -1.1268 37.2523 1.94 303.945 55.9328 302.832 580.755 578.91 -1.845 7.156 0.1 272002 22758
1996 06 11 18 22 53.430 12.65 125.202 16.4 -1.1268 37.2523 1.94 268.461 88.2429 301.687 771.26 770.41 -0.85 4.764 0.1 272401 22758
1996 07 16 10 07 35.860 1.028 120.33 24.9 -1.1268 37.2523 1.94 268.749 83.1002 302.543 744.687 743.53 -1.157 5.172 0.1 553882 22758
1996 07 20 00 00 41.570 36.13 27.052 26.8 -1.1268 37.2523 1.94 163.388 38.2657 304.34 440.794 439.43 -1.364 8.406 0.1 274652 22758
1996 07 22 14 19 35.700 1.017 120.476 33.9 -1.1268 37.2523 1.94 268.753 83.2459 303.063 744.396 742.96 -1.436 5.159 0.1 274836 22758
1996 08 12 17 00 28.590 -0.249 125.134 51.2 -1.1268 37.2523 1.94 268.889 87.8773 303.804 766.218 763.94 -2.278 4.785 0.1 276314 22758
1996 08 22 05 35 43.160 -7.159 123.35 614 -1.1268 37.2523 1.94 269.371 85.9896 302.226 698.069 696.63 -1.439 4.748 0.1 276939 22758
1996 08 27 10 50 49.100 -36.79 78.571 10 -1.1268 37.2523 1.94 303.207 52.0885 300.633 550.535 550.82 0.285 7.435 0.1 277210 22758
1996 09 05 23 42 07.150 21.926 121.512 24.5 -1.1268 37.2523 1.94 266.82 85.0894 303.287 756.165 753.77 -2.395 5.014 0.1 277709 22758
1996 09 20 00 03 19.970 9.591 126.346 51.1 -1.1268 37.2523 1.94 268.746 89.2916 303.049 772.108 770.66 -1.448 4.673 0.1 278617 22758
1996 09 20 04 10 28.220 9.474 126.323 39.5 -1.1268 37.2523 1.94 268.744 89.2664 302.176 772.985 771.89 -1.095 4.678 0.1 278629 22758
1996 09 20 12 24 38.470 9.472 126.481 6.7 -1.1268 37.2523 1.94 268.77 89.4222 304.058 780.617 777.59 -3.027 4.672 0.1 278657 22758
1996 09 28 14 10 41.230 10.074 125.39 223.5 -1.1268 37.2523 1.94 268.574 88.361 302.011 747.813 746.44 -1.373 4.699 0.1 279194 22758
1996 10 02 09 48 03.100 11.772 125.517 46.8 -1.1268 37.2523 1.94 268.552 88.528 301.183 768.089 767.57 -0.519 4.734 0.1 279417 22758
1996 10 08 01 36 54.190 -45.809 96.103 10 -1.1268 37.2523 1.94 292.587 67.9325 301.054 658.893 659.32 0.427 6.287 0.1 553883 22758
1996 10 09 13 10 50.420 34.528 32.095 19 -1.1268 37.2523 1.94 171.161 35.7964 303.166 419.78 419.56 -0.22 8.564 0.1 279808 22758
1996 10 10 15 21 02.830 3.485 97.876 19.7 -1.1268 37.2523 1.94 266.774 60.7661 303.931 613.131 610.40 -2.731 6.808 0.1 279962 22758
1997 02 04 10 37 51.190 37.738 57.289 35.7 -1.1268 37.2523 1.94 210.226 42.881 303.893 477.734 476.20 -1.534 8.088 0.1 286448 22758
1997 02 27 21 08 02.710 29.961 68.202 33.6 -1.1268 37.2523 1.94 229.252 42.7432 306.293 478.631 474.91 -3.721 8.102 0.1 287556 22758
1997 02 27 21 30 37.990 30.037 67.974 43.4 -1.1268 37.2523 1.94 228.936 42.6433 304.158 475.175 473.08 -2.095 8.105 0.1 553884 22758
1997 02 28 12 57 22.780 38.088 48.04 39.2 -1.1268 37.2523 1.94 196.828 40.2726 302.589 454.822 454.67 -0.152 8.266 0.1 553885 22758
1997 03 17 08 05 50.550 -6.66 105.483 50.9 -1.1268 37.2523 1.94 271.439 68.2486 302.524 656.98 655.34 -1.64 6.257 0.1 288982 22758
1997 04 11 05 34 43.830 39.555 76.947 20 -1.1268 37.2523 1.94 231.77 54.3825 303.239 567.421 566.29 -1.131 7.264 0.1 290565 22758
1997 05 08 02 53 14.530 24.889 92.276 33.7 -1.1268 37.2523 1.94 252.544 59.1803 303.509 599.995 597.85 -2.145 6.916 0.1 292156 22758
1997 05 10 07 57 29.580 33.878 59.823 6.7 -1.1268 37.2523 1.94 215.984 40.778 304.64 465.075 463.06 -2.015 8.245 0.1 292280 22758
1997 06 02 21 24 39.40 -57.862 -25.642 33 -1.1268 37.2523 1.94 67.1757 74.9294 303.088 700.063 697.96 -2.103 5.770 0.1 293691 22758
1997 08 13 04 45 03.180 25.132 125.866 39.5 -1.1268 37.2523 1.94 268.4 89.2165 302.283 773.141 771.68 -1.461 4.682 0.1 297412 22758
1997 08 20 07 15 14.480 4.308 96.505 24.7 -1.1268 37.2523 1.94 266.164 59.4512 305.527 605.05 600.68 -4.37 6.903 0.1 297743 22758
1997 09 17 14 50 36.350 2.099 126.61 45.2 -1.1268 37.2523 1.94 268.858 89.399 303.312 773.968 771.84 -2.128 4.666 0.1 299171 22758
1997 09 25 14 20 48.940 -13.749 66.255 10 -1.1268 37.2523 1.94 291.149 31.3167 302.2 381.288 380.62 -0.668 8.809 0.1 299563 22758
1997 09 26 09 40 25.280 43.092 12.818 0.5 -1.1268 37.2523 1.94 146.88 49.1933 301.2 529.948 531.04 1.092 7.645 0.1 553886 22758
1997 10 05 18 04 31.140 -59.737 -29.439 274.3 -1.1268 37.2523 1.94 70.1646 77.4543 302.394 687.282 685.43 -1.852 5.511 0.1 300321 22758
1997 10 06 12 30 07.540 9.761 125.803 124 -1.1268 37.2523 1.94 268.652 88.7602 302.695 761.183 759.66 -1.523 4.696 0.1 300372 22758
1997 11 08 10 02 53.380 35.116 87.374 38.1 -1.1268 37.2523 1.94 243.467 59.0469 301.291 596.92 596.68 -0.24 6.922 0.1 553887 22758
1997 11 18 13 07 38.330 37.482 20.692 10 -1.1268 37.2523 1.94 154.454 41.3634 302.696 467.379 467.55 0.171 8.201 0.1 302799 22758
1997 11 21 11 23 03.490 22.219 92.683 29.6 -1.1268 37.2523 1.94 254.302 58.7799 303.282 597.823 595.60 -2.223 6.946 0.1 302978 22758
1997 11 25 12 14 36.120 1.208 122.562 46.3 -1.1268 37.2523 1.94 268.779 85.3351 301.774 753.685 752.10 -1.585 4.989 0.1 303209 22758
1998 03 29 07 15 00.200 -0.05 -17.966 10 -1.1268 37.2523 1.94 91.3282 55.2247 302.523 575.342 573.10 -2.242 7.213 0.1 309866 22758
1998 04 01 17 56 23.960 -0.502 99.322 61.6 -1.1268 37.2523 1.94 268.998 62.0656 302.977 616.023 614.11 -1.913 6.696 0.1 310031 22758
1998 04 10 16 40 39.570 -1.215 -15.65 10 -1.1268 37.2523 1.94 90.4905 52.8906 302.836 557.28 556.06 -1.22 7.385 0.1 310528 22758
1998 06 18 04 17 55.600 -11.476 -14.073 10 -1.1268 37.2523 1.94 82.385 51.9527 305.376 552.814 549.16 -3.654 7.452 0.1 314667 22758
1998 06 27 13 55 53.470 36.845 35.325 46.6 -1.1268 37.2523 1.94 176.857 37.8222 298.099 428.658 433.54 4.882 8.425 0.1 315163 22758
1998 09 21 06 52 44.650 0.194 122.468 181.3 -1.1268 37.2523 1.94 268.861 85.2204 302.144 736.521 736.00 -0.521 4.957 0.1 319822 22758
1998 09 28 13 34 30.360 -8.174 112.444 157.2 -1.1268 37.2523 1.94 270.993 75.1829 303.873 688.547 685.05 -3.497 5.716 0.1 320166 22758
1998 09 28 19 23 24.460 3.832 126.41 45.1 -1.1268 37.2523 1.94 268.827 89.234 302.486 773.051 771.08 -1.971 4.679 0.1 320184 22758
1998 10 28 16 25 04.690 0.82 125.956 46 -1.1268 37.2523 1.94 268.862 88.72 303.726 771.06 768.56 -2.5 4.719 0.1 321671 22758
1998 11 08 07 25 49.740 -9.133 121.45 46.9 -1.1268 37.2523 1.94 269.807 84.0942 305.861 750.121 745.77 -4.351 5.087 0.1 322182 22758
1998 11 19 15 39 21.350 22.673 125.771 23 -1.1268 37.2523 1.94 268.398 89.0611 301.764 774.427 773.25 -1.177 4.698 0.1 322736 22758
1998 12 06 00 47 14.210 1.295 126.272 42.9 -1.1268 37.2523 1.94 268.859 89.0453 303.444 773.265 770.45 -2.815 4.695 0.1 323464 22758
1998 12 16 17 45 06.750 1.114 126.126 51.8 -1.1268 37.2523 1.94 268.859 88.8957 304.469 771.753 768.71 -3.043 4.704 0.1 323947 22758
1998 12 26 15 39 10.420 -1.415 123.63 60.7 -1.1268 37.2523 1.94 268.968 86.352 305.178 759.798 755.45 -4.348 4.900 0.1 324431 22758
1999 02 06 17 45 27.80 19.246 121.253 52.1 -1.1268 37.2523 1.94 266.966 84.7025 302.381 750.328 748.29 -2.038 5.038 0.1 326037 22758
1999 02 23 07 27 58.230 0.145 119.483 50.4 -1.1268 37.2523 1.94 268.851 82.2351 304.589 739.374 735.78 -3.594 5.227 0.1 326657 22758
1999 02 25 18 58 29.600 51.632 104.914 10 -1.1268 37.2523 1.94 251.505 77.1988 301.454 714.901 714.43 -0.471 5.611 0.1 326761 22758
1999 03 04 05 38 26.810 28.277 57.203 36.9 -1.1268 37.2523 1.94 216.554 34.9458 303.95 411.18 409.50 -1.68 8.611 0.1 327021 22758
1999 03 04 08 51 59.380 5.394 121.923 15 -1.1268 37.2523 1.94 268.382 84.8 302.388 755.008 753.76 -1.248 5.039 0.1 327031 22758
1999 03 04 08 52 01.00 5.413 122.077 33 -1.1268 37.2523 1.94 268.395 84.9538 303.504 754.504 751.80 -2.704 5.023 0.1 553888 22758
1999 03 28 19 05 12.270 30.511 79.421 22.9 -1.1268 37.2523 1.94 239.764 50.9754 303.215 541.973 540.47 -1.503 7.514 0.1 328135 22758
1995 04 14 13 15 17.600 -60.773 -20.021 10 -1.2739 36.8037 1.692 60.8967 73.2781 305.807 696.21 691.92 -4.29 5.898 0.1 247737 7342
1995 04 17 07 14 35.320 33.758 -38.58 10 -1.2739 36.8037 1.692 99.2723 78.582 303.003 723.687 721.95 -1.737 5.509 0.1 247882 7342
1995 04 21 00 09 54.420 12.007 125.668 20.1 -1.2739 36.8037 1.692 268.527 89.1507 300.752 774.335 774.09 -0.245 4.691 0.1 553889 7342
1995 04 21 00 30 10.730 11.943 125.584 15.3 -1.2739 36.8037 1.692 268.511 89.0669 303.436 776.659 774.49 -2.169 4.699 0.1 248042 7342
1995 04 21 00 34 46.460 12.072 125.58 20.7 -1.2739 36.8037 1.692 268.508 89.0663 303.87 776.363 773.60 -2.763 4.698 0.1 553890 7342
1995 04 23 05 07 58.60 12.374 125.492 0.9 -1.2739 36.8037 1.692 268.484 88.9882 303.065 779.009 776.53 -2.479 4.707 0.1 248258 7342
1995 05 05 03 53 43.590 12.627 125.28 5.3 -1.2739 36.8037 1.692 268.434 88.788 303.383 776.797 774.85 -1.947 4.722 0.1 248991 7342
1995 05 06 01 59 07.40 24.96 95.294 117.6 -1.2739 36.8037 1.692 254.316 62.2891 302.085 611.048 609.83 -1.218 6.654 0.1 249084 7342
1995 05 13 08 47 13.60 40.167 21.686 13.9 -1.2739 36.8037 1.692 157.74 43.4971 302.646 484.59 484.36 -0.23 8.050 0.1 553891 7342
1995 05 14 11 33 18.810 -8.409 125.105 11.2 -1.2739 36.8037 1.692 268.994 88.1358 303.72 772.914 770.74 -2.174 4.774 0.1 249629 7342
1995 05 15 04 05 57.940 41.589 88.816 0 -1.2739 36.8037 1.692 241.744 63.4495 303.137 633.201 632.22 -0.981 6.612 0.1 249675 7342
1995 05 18 00 06 27.680 -0.844 -22.012 12.2 -1.2739 36.8037 1.692 90.9717 58.8062 304.302 601.625 598.11 -3.515 6.951 0.1 249946 7342
1995 05 23 22 10 12.110 -55.878 -3.377 10 -1.2739 36.8037 1.692 46.2014 63.3404 296.273 625.166 630.00 4.834 6.616 0.1 250304 7342
1995 06 15 00 15 47.220 38.404 22.271 2.9 -1.2739 36.8037 1.692 157.843 41.6955 304.693 473.476 471.44 -2.036 8.179 0.1 251548 7342
1995 07 27 05 51 20.190 -12.577 79.226 23.9 -1.2739 36.8037 1.692 281.574 43.5054 302.359 483.172 481.57 -1.602 8.058 0.1 253782 7342
1995 08 17 00 59 57.930 41.563 88.791 0 -1.2739 36.8037 1.692 241.735 63.4207 302.976 633.05 632.03 -1.02 6.614 0.1 254991 7342
1995 08 18 02 16 26.770 -55.791 -28.841 37.9 -1.2739 36.8037 1.692 70.2077 75.4582 304.318 703.551 700.35 -3.201 5.730 0.1 255094 7342
1995 08 29 07 25 48.900 -48.01 99.49 10 -1.2739 36.8037 1.692 290.103 71.0704 304.48 681.584 678.64 -2.944 6.060 0.1 553892 7342
2002 01 03 07 05 26.100 36.039 70.679 115 32.1224 13.0885 0.65 282.781 47.2693 301.332 502.254 500.79 -1.464 7.757 0.1 553893 3804
2002 03 03 12 08 06.650 36.472 70.45 194.7 32.1224 13.0885 0.65 282.292 46.9948 302.206 492.578 490.70 -1.878 7.740 0.1 405583 3804
2002 03 03 12 08 18.00 36.496 70.517 208.9 32.1224 13.0885 0.65 282.299 47.0424 301.309 491.281 489.69 -1.591 7.729 0.1 405583 3804
2002 06 28 17 19 30.610 43.763 130.665 568 32.1224 13.0885 0.65 311.014 85.4038 300.985 697.421 696.66 -0.761 4.828 0.1 413475 3804
2002 10 12 20 09 09.920 -8.315 -71.669 516.4 32.1224 13.0885 0.65 57.6684 89.9598 303.612 725.732 724.22 -1.512 4.629 0.1 419185 3804
2002 10 23 11 27 20.130 63.554 -148.067 19.7 32.1224 13.0885 0.65 16.0131 83.4773 302.218 748.128 744.60 -3.528 5.168 0.1 419555 3804
2002 11 02 01 26 11.830 2.979 96.114 31 32.1224 13.0885 0.65 301.846 82.5181 304.061 742.271 739.58 -2.691 5.213 0.1 420009 3804
2002 11 03 22 12 41.130 63.628 -147.611 10.8 32.1224 13.0885 0.65 16.4008 83.3491 300.487 747.389 745.41 -1.979 5.180 0.1 420097 3804
2000 01 08 11 59 24.700 -23.219 -70.189 61.5 35.2899 -2.9392 0.04 49.1168 86.24 301.774 755.117 755.72 0.603 4.894 0.1 346120 22759
2000 04 23 09 27 23.30 -28.289 -62.944 603.6 35.2899 -2.9392 0.04 45.3452 84.8639 300.087 692.09 693.26 1.17 4.818 0.1 354473 22759
2000 04 23 17 01 17.290 -28.332 -62.926 604.6 35.2899 -2.9392 0.04 45.333 84.8827 300.986 692.729 693.27 0.541 4.816 0.1 354496 22759
2000 05 12 18 43 15.160 -23.779 -66.74 193.5 35.2899 -2.9392 0.04 47.539 84.2451 301.963 730.836 730.75 -0.086 5.017 0.1 356203 22759
2000 05 12 23 10 26.540 35.911 70.683 77.3 35.2899 -2.9392 0.04 292.94 58.4597 301.937 588.43 586.80 -1.63 6.962 0.1 356220 22759
2000 12 06 17 11 06.610 39.493 54.811 33 35.2899 -2.9392 0.04 283.689 45.405 301.166 495.596 494.48 -1.116 7.929 0.1 375510 22759
2000 12 12 05 26 46.290 6.028 -82.66 10 35.2899 -2.9392 0.04 55.3289 78.16 301.985 720.734 719.32 -1.414 5.545 0.1 553894 22759
2001 01 10 16 02 43.580 56.986 -153.462 33 35.2899 -2.9392 0.04 23.8438 84.753 301.821 751.281 749.08 -2.201 5.066 0.1 377730 22759
2001 01 26 03 16 40.260 23.442 70.31 16 35.2899 -2.9392 0.04 299.041 63.6375 302.691 632.47 629.55 -2.92 6.609 0.1 378754 22759
2001 06 23 20 33 09.330 -16.303 -73.561 2.2 35.2899 -2.9392 0.04 50.8615 84.249 301.296 753.997 753.81 -0.187 5.074 0.1 389221 22759
2001 06 23 21 27 35.800 -17.181 -72.642 33 35.2899 -2.9392 0.04 50.4728 84.1212 303.069 749.3 748.33 -0.97 5.077 0.1 389237 22759
2001 06 26 04 18 32.670 -17.831 -71.63 33 35.2899 -2.9392 0.04 50.0523 83.7918 303.776 748.109 746.68 -1.429 5.103 0.1 389554 22759
2001 07 07 09 38 43.700 -17.568 -72.007 33 35.2899 -2.9392 0.04 50.2127 83.9 301.682 747.018 747.22 0.202 5.094 0.1 553895 22759
2001 07 28 07 32 43.440 59.014 -155.089 134.1 35.2899 -2.9392 0.04 22.6347 83.226 302.799 733.396 729.58 -3.816 5.157 0.1 553896 22759
2002 03 03 12 08 18.00 36.496 70.517 208.9 35.2899 -2.9392 0.04 292.542 58.1102 300.114 571.065 570.54 -0.525 6.937 0.1 405583 22759
2002 04 18 16 08 36.920 -27.52 -70.494 61.2 35.2899 -2.9392 0.04 49.1264 89.2523 302.781 770.9 770.24 -0.66 4.657 0.1 408823 22759
2002 06 22 02 58 21.470 35.589 49.022 10 35.2899 -2.9392 0.04 285.337 41.9201 303.461 473.014 469.88 -3.134 8.181 0.1 413047 22759
2002 09 13 22 28 29.380 13.005 93.105 21 35.2899 -2.9392 0.04 305.479 87.4412 302.26 766.903 765.35 -1.553 4.832 0.1 418127 22759
2002 10 12 20 09 09.920 -8.315 -71.669 516.4 35.2899 -2.9392 0.04 51.2519 77.8155 303.505 665.608 664.25 -1.358 5.393 0.1 419185 22759
2002 10 24 06 08 38.730 -1.951 29.05 19.2 35.2899 -2.9392 0.04 324.081 47.624 303.462 516.755 515.77 -0.985 7.756 0.1 419655 22759
2002 11 03 22 12 41.130 63.628 -147.611 10.8 35.2899 -2.9392 0.04 28.9828 77.4952 302.147 717.04 713.86 -3.18 5.616 0.1 420097 22759
2003 01 22 02 06 35.950 18.896 -104.081 27.4 35.2899 -2.9392 0.04 53.4319 87.9671 302.482 768.573 766.73 -1.843 4.795 0.1 423637 22759
2003 05 14 06 03 33.630 18.36 -58.627 20.3 35.2899 -2.9392 0.04 59.2603 51.828 301.697 547.108 546.19 -0.918 7.463 0.1 427423 22759
2003 07 27 11 41 27.20 -20.136 -65.125 345 35.2899 -2.9392 0.04 47.1566 80.6858 300.938 695.961 696.19 0.229 5.237 0.1 553897 22759
2003 09 22 04 45 36.540 19.798 -70.659 10 35.2899 -2.9392 0.04 59.9958 60.9422 302.659 615.162 612.63 -2.532 6.803 0.1 432311 22759
2003 09 27 11 33 25.130 50.008 87.778 16 35.2899 -2.9392 0.04 294.854 64.3551 303.058 636.971 633.59 -3.381 6.565 0.1 553898 22759
2003 10 01 01 03 26.310 50.159 87.707 17.7 35.2899 -2.9392 0.04 294.743 64.2501 302.764 635.497 632.63 -2.867 6.572 0.1 432824 22759
2004 01 16 18 07 53.950 7.664 -37.659 10 35.2899 -2.9392 0.04 44.0903 42.0403 301.922 472.015 472.16 0.145 8.161 0.1 437001 22759
2004 04 05 21 24 00.960 36.557 71.003 168.5 35.2938 -2.935 0.005 292.704 58.4434 300.723 577.77 577.00 -0.77 6.930 0.1 553899 22759
2004 05 28 12 38 43.40 36.321 51.587 17 35.2938 -2.935 0.005 285.484 43.728 299.703 483.67 483.41 -0.26 8.053 0.1 442040 22759
2004 11 15 09 06 55.390 4.741 -77.47 15 35.2938 -2.935 0.005 54.8401 74.656 302.246 699.857 698.72 -1.137 5.800 0.1 446200 22759
2004 11 20 08 07 22.00 9.59 -84.149 24.5 35.2938 -2.935 0.005 55.9377 77.3835 303.533 715.534 712.55 -2.984 5.603 0.1 553900 22759
2004 11 21 11 41 07.290 15.733 -61.678 21.2 35.2938 -2.935 0.005 57.8491 55.6845 306.411 580.122 574.36 -5.762 7.180 0.1 446253 22759
2005 03 21 12 23 53.70 -24.941 -63.456 576.6 35.2938 -2.935 0.005 45.8632 82.8633 300.888 684.867 685.75 0.883 4.985 0.1 459738 22759
2005 03 21 12 43 11.350 -24.68 -63.508 567.1 35.2938 -2.935 0.005 45.9127 82.7163 300.982 684.631 685.84 1.209 5.001 0.1 459740 22759
2005 04 11 14 54 05.410 -7.313 -77.962 128.6 35.2938 -2.935 0.005 52.9171 82.1304 301.482 727.121 726.65 -0.471 5.208 0.1 461293 22759
2005 06 13 22 44 32.420 -19.917 -69.215 111.9 35.2938 -2.935 0.005 48.93 83.4055 302.473 736.102 735.64 -0.462 5.109 0.1 463689 22759
2005 07 24 15 42 05.00 7.906 92.145 17.5 35.2938 -2.935 0.005 305.429 89.608 303.476 779.525 776.36 -3.165 4.661 0.1 465097 22759
2005 09 26 01 55 37.710 -5.736 -76.475 129.1 35.2938 -2.935 0.005 52.8053 80.0067 302.346 715.685 715.32 -0.365 5.370 0.1 467418 22759
2005 10 08 03 50 35.990 34.523 73.64 7.9 35.2938 -2.935 0.005 294.807 61.2293 304.106 618.165 614.43 -3.735 6.788 0.1 467848 22759
2005 11 17 19 26 54.800 -22.367 -67.942 161.7 35.2938 -2.935 0.005 48.1878 84.1282 302.376 733.623 733.69 0.067 5.037 0.1 469487 22759
2006 04 20 23 25 02.960 61.039 167.097 26.6 35.2938 -2.935 0.005 351.809 83.6655 299.852 744.915 744.43 -0.485 5.155 0.1 553901 22759
2006 04 29 16 58 06.870 60.581 167.535 13.4 35.2938 -2.935 0.005 352.175 84.1505 300.31 749.463 748.98 -0.483 5.118 0.1 475244 22759
2006 08 25 00 44 46.530 -24.345 -67.009 184.9 35.2938 -2.935 0.005 47.6229 84.8118 299.61 732.093 734.56 2.467 4.973 0.1 479749 22759
2006 09 22 02 32 24.600 -26.845 -63.114 583 35.2938 -2.935 0.005 45.5332 83.9672 300.417 688.836 690.69 1.854 4.894 0.1 480624 22759
2006 10 20 10 48 57.800 -13.496 -76.667 34.3 35.2938 -2.935 0.005 52.0397 84.8639 301.319 751.524 751.73 0.206 5.021 0.1 481681 22759
2006 11 13 01 26 36.370 -26.16 -63.291 581.9 35.2938 -2.935 0.005 45.6769 83.6032 301.325 687.996 688.98 0.984 4.923 0.1 553902 22759
