2014 01 13 04 01 04.530 18.992 -66.868 30.9 33.9881 -6.8569 0.05 61.4117 55.042 301.878 569.368 568.24 -1.128 7.226 0.1 531704 22815
2014 02 01 03 58 45.70 -56.933 -27.345 142.9 33.9881 -6.8569 0.05 16.9202 92.2181 301.952 774.901 775.09 0.189 4.614 0.1 531990 22815
2014 02 12 09 19 48.420 35.876 82.58 4.1 33.9881 -6.8569 0.05 298.288 70.6532 299.373 674.972 675.62 0.648 6.110 0.1 532175 22815
2014 02 18 09 27 14.830 14.596 -58.971 28.3 33.9881 -6.8569 0.05 57.9267 50.704 301.576 536.765 536.85 0.085 7.538 0.1 532249 22815
2014 03 10 05 18 13.590 40.723 -125.086 6.1 33.9881 -6.8569 0.05 47.1822 86.3925 303.416 765.846 761.87 -3.976 4.932 0.1 532532 22815
2014 03 15 08 59 20.160 -14.101 -76.352 10 33.9881 -6.8569 0.05 51.8942 81.5075 301.178 738.037 738.24 0.203 5.281 0.1 532623 22815
2014 03 16 21 16 28.980 -19.905 -70.615 9.4 33.9881 -6.8569 0.05 48.9954 80.945 301.085 734.124 735.61 1.486 5.323 0.1 532652 22815
2014 03 22 12 59 57.00 -19.822 -70.944 4.4 33.9881 -6.8569 0.05 49.1484 81.1249 301.785 737.805 737.39 -0.415 5.309 0.1 532786 22815
2014 04 01 23 46 47.380 -19.619 -70.787 17.1 33.9881 -6.8569 0.05 49.1046 80.8809 301.284 733.923 733.98 0.057 5.327 0.1 532955 22815
2014 04 03 02 43 14.260 -20.588 -70.49 12 33.9881 -6.8569 0.05 48.8604 81.303 301.994 737.753 737.10 -0.653 5.293 0.1 533012 22815
2014 04 10 23 27 45.30 12.434 -86.33 12.6 33.9881 -6.8569 0.05 57.9686 74.4945 300.832 698.822 697.86 -0.962 5.817 0.1 533172 22815
2014 04 11 20 29 13.610 11.719 -86.014 142.3 33.9881 -6.8569 0.05 57.8226 74.6104 302.997 685.406 683.11 -2.296 5.768 0.1 533219 22815
2014 04 15 03 57 01.840 -53.609 8.709 10 33.9881 -6.8569 0.05 347.111 88.2762 301.921 772.101 773.31 1.209 4.735 0.1 533357 22815
2014 04 18 14 27 24.690 17.321 -100.993 24.4 33.9881 -6.8569 0.05 56.4648 83.834 301.096 747.425 746.80 -0.625 5.122 0.1 533427 22815
2014 04 24 03 10 11.720 49.648 -127.652 9.8 33.9881 -6.8569 0.05 46.1788 81.5846 298.931 736.23 736.54 0.31 5.308 0.1 533604 22815
2014 05 08 17 00 15.920 17.148 -100.811 24.9 33.9881 -6.8569 0.05 56.4924 83.784 300.688 746.787 746.48 -0.307 5.126 0.1 533841 22815
2014 05 10 07 36 00.600 17.057 -100.932 23.3 33.9881 -6.8569 0.05 56.4558 83.9305 299.936 747.355 747.47 0.115 5.115 0.1 533868 22815
2014 07 07 11 23 54.780 14.724 -92.461 53 33.9881 -6.8569 0.05 57.7696 78.3366 299.004 712.244 714.08 1.836 5.525 0.1 534879 22815
2014 07 20 18 32 47.790 44.641 148.783 61 33.9881 -6.8569 0.05 339.716 98.6668 298.993 810.222 810.87 0.648 4.482 0.1 535086 22815
2014 08 18 02 32 04.100 32.711 47.638 10 33.9881 -6.8569 0.05 287.215 45.082 301.684 497.603 495.42 -2.183 7.959 0.1 535475 22815
2014 09 24 11 16 13.260 -23.784 -66.588 204.5 33.9881 -6.8569 0.05 46.6388 80.7631 301.236 710.995 711.64 0.645 5.276 0.1 536099 22815
2014 09 25 17 51 17.940 61.986 -151.915 106.9 33.9881 -6.8569 0.05 28.8702 80.2745 301.991 719.07 717.25 -1.82 5.385 0.1 536121 22815
2014 12 06 17 21 49.20 7.982 -82.733 15 33.9881 -6.8569 0.05 57.0062 73.8845 299.349 693.349 694.09 0.741 5.860 0.1 537419 22815
2014 12 08 08 54 52.520 7.94 -82.686 20 33.9881 -6.8569 0.05 56.9952 73.8681 301.468 693.968 693.18 -0.788 5.860 0.1 537452 22815
2015 02 11 18 57 20.460 -23.065 -66.662 203.6 33.9881 -6.8569 0.05 46.7626 80.3217 300.462 708.022 709.38 1.358 5.312 0.1 553525 22815
2015 03 23 04 51 37.830 -18.354 -69.188 127.1 33.9881 -6.8569 0.05 48.5788 78.9136 300.976 709.166 710.18 1.014 5.445 0.1 539087 22815
2015 04 25 06 11 26.630 28.13 84.716 13.4 33.9881 -6.8569 0.05 301.156 76.0642 299.363 705.752 706.20 0.448 5.705 0.1 539594 22815
2015 04 25 06 45 21.360 28.16 84.843 14.7 33.9881 -6.8569 0.05 301.195 76.1447 300.092 706.751 706.44 -0.311 5.699 0.1 539604 22815
2015 04 26 07 09 09.310 27.736 85.978 13.4 33.9881 -6.8569 0.05 301.685 77.2217 300.712 713.422 712.75 -0.672 5.625 0.1 539668 22815
2015 05 12 07 05 18.830 27.801 86.126 12.3 33.9881 -6.8569 0.05 301.726 77.2992 300.914 714.104 713.36 -0.744 5.619 0.1 539984 22815
2017 11 12 18 18 17.290 34.905 45.956 19 33.9881 -6.8569 0.05 284.506 43.1364 298.2 476.93 478.38 1.45 8.095 0.1 553227 22815
2017 11 13 02 28 23.680 9.514 -84.486 19.36 33.9881 -6.8569 0.05 57.3691 74.5162 298.887 695.227 696.99 1.763 5.812 0.1 553730 22815
2017 11 17 22 34 19.500 29.832 94.977 8 33.9881 -6.8569 0.05 304.925 82.6836 300.166 743.686 743.10 -0.586 5.218 0.1 553212 22815
2017 12 01 02 32 46.10 30.743 57.313 9 33.9881 -6.8569 0.05 291.523 53.507 300.544 560.553 559.95 -0.603 7.348 0.1 553229 22815
2017 12 03 11 19 05.260 -0.489 -80.31 16 33.9881 -6.8569 0.05 54.965 76.5904 301.286 710.045 709.83 -0.215 5.656 0.1 553806 22815
2017 12 12 08 43 17.950 30.719 57.27 10 33.9881 -6.8569 0.05 291.527 53.4813 299.795 558.864 559.61 0.746 7.349 0.1 553230 22815
2017 12 12 21 41 31.160 30.822 57.286 8 33.9881 -6.8569 0.05 291.461 53.4565 299.485 559.344 559.74 0.396 7.352 0.1 553231 22815
2018 01 10 02 51 31.860 17.474 -83.519 10 33.9881 -6.8569 0.05 59.624 69.5732 301.519 669.678 668.63 -1.048 6.179 0.1 553810 22815
2018 01 14 09 18 45.540 -15.758 -74.709 39 33.9881 -6.8569 0.05 51.1289 81.2895 299.642 731.121 732.85 1.729 5.291 0.1 553235 22815
2018 01 23 09 31 42.940 56.046 -149.072 25 33.9881 -6.8569 0.05 30.7477 84.714 304.689 754.768 750.13 -4.638 5.069 0.1 553812 22815
2018 02 16 23 39 39.700 16.388 -97.978 25.98 33.9881 -6.8569 0.05 57.0391 81.9278 301.014 737.333 736.73 -0.603 5.262 0.1 553818 22815
2018 04 02 13 40 34.840 -20.658 -63.005 559 33.9881 -6.8569 0.05 45.2759 76.2143 300.782 650.962 652.38 1.418 5.481 0.1 553240 22815
2018 08 12 14 58 54.286 69.561 -145.299 2.2 33.9881 -6.8569 0.05 35.331 72.3875 300.372 687.105 685.83 -1.275 5.990 0.1 553842 22815
2018 08 14 03 29 53.440 -58.11 -25.258 35 33.9881 -6.8569 0.05 15.2276 93.0404 300.999 789.578 791.48 1.902 4.606 0.1 553243 22815
2018 08 17 23 22 24.900 8.769 -83.153 15 33.9881 -6.8569 0.05 57.201 73.8087 299.557 691.677 693.61 1.933 5.866 0.1 553844 22815
2018 08 21 21 31 47.540 10.779 -62.907 146.18 33.9881 -6.8569 0.05 56.2506 55.9901 299.943 562.422 563.10 0.678 7.106 0.1 553244 22815
2018 08 24 09 04 06.780 -11.042 -70.816 609.48 33.9881 -6.8569 0.05 50.4869 75.3912 299.164 640.404 643.16 2.756 5.520 0.1 553245 22815
2018 08 25 22 13 25.620 34.611 46.242 10 33.9881 -6.8569 0.05 284.906 43.4386 302.13 483.53 482.23 -1.3 8.076 0.1 553246 22815
2018 09 18 07 27 41.330 -37.811 49.782 10 33.9881 -6.8569 0.05 316.041 88.7285 301.084 773.774 775.03 1.256 4.705 0.1 553224 22815
2018 10 13 11 10 22.400 52.854 153.242 461 33.9881 -6.8569 0.05 343.562 91.7955 301.165 737.785 735.99 -1.795 4.612 0.1 553982 22815
2018 11 11 14 03 59.560 15.565 -49.871 10 33.9881 -6.8569 0.05 56.562 42.7842 301.557 478.017 477.64 -0.377 8.116 0.1 553248 22815
2018 11 25 16 37 32.710 34.346 45.743 18 33.9881 -6.8569 0.05 285.009 43.1086 301.409 478.718 478.33 -0.388 8.097 0.1 553250 22815
2018 11 30 17 29 29.330 61.346 -149.955 46.7 33.9881 -6.8569 0.05 30.4 80.3704 297.621 723.311 724.65 1.339 5.396 0.1 553876 22815
2018 12 11 02 26 32.730 -58.598 -26.465 164.66 33.9881 -6.8569 0.05 16.225 93.684 305.91 782.199 779.31 -2.889 4.585 0.1 553368 22815
2018 12 20 17 01 55.150 55.099 164.699 16.56 33.9881 -6.8569 0.05 352.991 90.9752 300.364 783.234 781.49 -1.744 4.640 0.1 553631 22815
2019 01 05 19 25 38.580 -8.148 -71.583 571.18 33.9881 -6.8569 0.05 51.3512 74.1653 300.028 637.468 639.43 1.962 5.627 0.1 553371 22815
2019 01 20 01 32 51.480 -30.073 -71.423 53.04 33.9881 -6.8569 0.05 48.6546 88.1724 298.329 762.868 766.19 3.322 4.744 0.1 553372 22815
2019 01 22 19 01 43.580 -43.115 42.324 13 33.9881 -6.8569 0.05 321.03 88.9243 301.494 774.934 775.59 0.656 4.687 0.1 553543 22815
