2012 09 03 18 23 08. -10.677 113.965 0.0348 -24.9242 34.1887 2.011 246.838 76.376 299.846 705.526 710.83 5.304 5.679 0.1 523642 22816
2011 11 23 12 17 50. 34.2821 25.0778 0.0112 -21.4214 33.8632 2.011 170.118 56.0218 302.419 580.963 582.60 1.637 7.137 0.1 519121 22817
2011 11 29 00 30 28. -1.512 -15.4962 0.0077 -21.4214 33.8632 2.011 116.146 51.9632 300.717 550.158 551.00 0.842 7.452 0.1 519183 22817
2011 11 30 19 42 37. 7.7779 93.8231 0.0392 -21.4214 33.8632 2.011 242.353 65.5822 302.221 641.908 645.96 4.052 6.459 0.1 519211 22817
2011 12 02 05 19 27. 0.052 120.424 0.0857 -21.4214 33.8632 2.011 248.671 86.8148 300.213 754.997 766.24 11.243 4.879 0.1 519229 22817
2011 12 11 09 54 56. -56.049 -28.2135 0.1306 -21.4214 33.8632 2.011 79.1726 56.9497 300.518 572.021 586.50 14.479 7.096 0.1 550967 22817
2011 12 23 19 12 34. -52.1914 27.9077 0.01 -21.4214 33.8632 2.011 10.7999 31.0595 299.99 378.0639 380.10 2.0361 8.819 0.1 551388 22817
2012 01 10 18 37 00. 2.4307 93.2081 0.0209 -21.4214 33.8632 2.011 244.472 62.6547 301.859 624.776 626.56 1.784 6.668 0.1 519785 22817
2012 01 12 14 11 08. -52.0922 28.2421 0.01 -21.4214 33.8632 2.011 10.2294 30.9242 300.434 377.313 378.91 1.597 8.823 0.1 550580 22817
2012 01 15 13 40 17. -60.8875 -56.1146 0.01 -21.4214 33.8632 2.011 100.771 71.5244 304.259 685.319 681.80 -3.519 6.045 0.1 553208 22817
2012 01 15 13 40 21. -60.701 -55.8579 0.0173 -21.4214 33.8632 2.011 100.617 71.4354 301.697 681.027 681.26 0.233 6.051 0.1 553208 22817
2012 01 15 14 21 34. -60.8685 -56.0334 0.023 -21.4214 33.8632 2.011 100.709 71.4889 301.291 680.069 681.58 1.511 6.047 0.1 553209 22817
2012 03 08 22 50 07. 39.412 81.2585 0.0332 -21.4214 33.8632 2.011 225.238 74.9883 300.664 698.64 704.49 5.85 5.759 0.1 520762 22817
2012 03 12 06 06 43. 36.7552 73.1493 0.0298 -21.4214 33.8632 2.011 219.281 68.7251 300.642 661.485 667.05 5.565 6.219 0.1 520824 22817
2012 04 11 08 38 37. 2.2376 93.0144 0.0263 -21.4214 33.8632 2.011 244.511 62.3974 299.978 620.413 624.83 4.417 6.688 0.1 521291 22817
2012 04 11 10 43 10. 0.7675 92.4284 0.0216 -21.4214 33.8632 2.011 245.07 61.2454 301.497 614.832 617.03 2.198 6.775 0.1 521308 22817
2012 04 14 10 56 18. -57.5759 -65.3721 0.0084 -21.4214 33.8632 2.011 109.274 76.9772 301.559 714.7 713.52 -1.18 5.646 0.1 521454 22817
2012 04 15 05 57 40. 2.581 90.3359 0.025 -21.4214 33.8632 2.011 243.589 60.1402 300.209 605.529 609.58 4.051 6.856 0.1 521481 22817
2012 04 16 02 17 52. -2.6335 121.893 0.0279 -21.4214 33.8632 2.011 248.796 87.2155 301.64 765.311 768.14 2.829 4.848 0.1 521491 22817
2012 04 17 19 03 57. -59.1876 -16.8077 0.0136 -21.4214 33.8632 2.011 66.1018 52.0278 298.314 547.301 550.92 3.619 7.453 0.1 553177 22817
2012 04 20 23 14 31. 2.1742 93.3767 0.0327 -21.4214 33.8632 2.011 244.635 62.6974 301.941 623.47 626.83 3.36 6.665 0.1 521582 22817
2012 04 21 01 19 28. -35.3309 -16.1128 0.012 -21.4214 33.8632 2.011 86.1446 45.6537 301.571 501.841 501.88 0.039 7.916 0.1 521586 22817
2012 05 07 04 40 28. 41.5229 46.7652 0.0174 -21.4214 33.8632 2.011 193.412 63.7568 300.643 631.428 635.67 4.242 6.574 0.1 521862 22817
2012 05 09 14 49 50. -0.9879 -13.5537 0.0088 -21.4214 33.8632 2.011 117.178 50.4611 300.432 538.417 539.76 1.343 7.561 0.1 553504 22817
2012 05 12 23 28 43. 38.6559 70.3729 0.0131 -21.4214 33.8632 2.011 216.463 68.8708 301.743 666.023 668.03 2.007 6.208 0.1 521934 22817
2012 06 23 04 34 53. 3.0022 97.9116 0.1019 -21.4214 33.8632 2.011 245.386 67.1511 301.597 644.423 655.80 11.377 6.347 0.1 553181 22817
2012 06 29 15 31 47. -24.7381 -9.6814 0.0142 -21.4214 33.8632 2.011 94.3749 40.0739 300.549 455.251 456.68 1.429 8.306 0.1 522638 22817
2012 06 29 21 07 32. 43.4335 84.6125 0.0171 -21.4214 33.8632 2.011 227.19 79.5891 301.016 727.165 730.22 3.055 5.424 0.1 522641 22817
2012 08 11 12 23 17. 38.4023 46.838 0.0087 -21.4214 33.8632 2.011 193.874 60.741 301.421 613.364 615.49 2.126 6.792 0.1 523253 22817
2012 08 11 12 34 36. 38.3798 46.7958 0.0189 -21.4214 33.8632 2.011 193.833 60.7113 300.671 610.768 615.29 4.522 6.795 0.1 523255 22817
2012 08 30 12 18 42. -50.3044 114.166 0.0057 -21.4214 33.8632 2.011 263.022 67.7121 300.418 658.635 658.38 -0.255 6.319 0.1 523481 22817
2012 09 03 18 23 08. -10.677 113.965 0.0348 -21.4214 33.8632 2.011 250.368 77.0399 300.727 710.159 714.60 4.441 5.632 0.1 523642 22817
2012 09 14 04 51 48. -3.3008 100.67 0.0233 -21.4214 33.8632 2.011 248.26 67.2249 300.259 652.596 656.07 3.474 6.345 0.1 523871 22817
2012 11 06 01 36 22. 1.2999 122.248 0.0319 -21.4214 33.8632 2.011 248.675 88.9645 300.976 772.381 776.58 4.199 4.709 0.1 524663 22817
2012 12 29 17 50 52. 35.6651 70.563 0.1178 -21.4214 33.8632 2.011 217.362 66.5748 301.72 639.153 653.52 14.367 6.373 0.1 525544 22817
2013 01 09 01 41 53. 25.322 95.0088 0.0926 -21.4214 33.8632 2.011 237.501 75.3749 301.516 694.949 706.23 11.281 5.737 0.1 553511 22817
2013 04 09 11 52 50. 28.4463 51.629 0.0128 -21.4214 33.8632 2.011 201.011 52.4606 301.227 553.557 556.49 2.933 7.399 0.1 527405 22817
2013 04 10 01 58 28. 28.4184 51.7244 0.0148 -21.4214 33.8632 2.011 201.124 52.4648 300.532 552.576 556.52 3.944 7.399 0.1 527434 22817
2013 04 24 09 25 30. 34.5122 70.2109 0.0675 -21.4214 33.8632 2.011 217.369 65.4854 300.514 636.473 646.52 10.047 6.452 0.1 527730 22817
2013 05 14 19 18 18. 0.7872 92.4259 0.0268 -21.4214 33.8632 2.011 245.059 61.2514 301.24 613.883 617.07 3.187 6.775 0.1 527980 22817
2013 05 26 06 08 15. 39.9496 67.4358 0.0155 -21.4214 33.8632 2.011 213.596 68.6203 300.131 662.456 666.54 4.084 6.225 0.1 528288 22817
2013 05 27 03 36 29. 14.6508 53.8151 0.0031 -21.4214 33.8632 2.011 209.085 40.848 300.582 463.412 465.04 1.628 8.239 0.1 528300 22817
2013 06 07 20 13 14. -43.8504 -16.3007 0.01 -21.4214 33.8632 2.011 78.2085 46.9615 300.262 511.13 512.21 1.08 7.822 0.1 528464 22817
2013 06 13 16 47 25. -9.9513 107.302 0.0206 -21.4214 33.8632 2.011 250.737 71.0964 301.341 678.097 679.89 1.793 6.066 0.1 528532 22817
2013 06 15 16 11 02. 34.4507 25.044 0.0215 -21.4214 33.8632 2.011 170.1 56.1923 302.331 580.481 583.82 3.339 7.124 0.1 528549 22817
2013 06 16 21 39 06. 34.4242 25.1864 0.025 -21.4214 33.8632 2.011 170.255 56.1462 301.541 578.872 583.49 4.618 7.127 0.1 528583 22817
2013 06 24 22 04 14. 10.6905 -42.6687 0.0175 -21.4214 33.8632 2.011 113.653 81.5834 301.912 738.668 739.96 1.292 5.282 0.1 528673 22817
2013 07 15 14 03 41. -61.0527 -25.2274 0.0199 -21.4214 33.8632 2.011 73.1898 56.6272 299.06 580.546 584.27 3.724 7.119 0.1 553183 22817
2012 02 04 21 50 51. 13.0894 57.5871 0.0144 -19.002 34.2327 2.011 216.289 39.3267 300.264 448.704 452.15 3.446 8.343 0.1 553500 22818
2012 02 23 05 08 12. -17.7691 -13.2008 0.01 -19.002 34.2327 2.011 99.3118 44.9232 300.419 495.207 496.23 1.023 7.968 0.1 520467 22818
2012 02 26 06 17 19. 51.8008 95.9804 0.013 -19.002 34.2327 2.011 236.482 88.6005 299.142 771.767 775.79 4.023 4.723 0.1 520525 22818
2012 03 08 22 50 07. 39.412 81.2585 0.0332 -19.002 34.2327 2.011 226.429 72.8426 300.6 686.009 691.88 5.871 5.921 0.1 520762 22818
2012 03 12 06 06 43. 36.7552 73.1493 0.0298 -19.002 34.2327 2.011 220.393 66.5213 300.881 647.814 653.09 5.276 6.378 0.1 520824 22818
2012 04 11 08 38 37. 2.2376 93.0144 0.0263 -19.002 34.2327 2.011 247.063 61.4789 299.635 613.888 618.62 4.732 6.757 0.1 521291 22818
2012 04 11 10 43 10. 0.7675 92.4284 0.0216 -19.002 34.2327 2.011 247.672 60.3762 301.223 608.632 611.08 2.448 6.841 0.1 521308 22818
2012 04 14 10 56 18. -57.5759 -65.3721 0.0084 -19.002 34.2327 2.011 108.236 79.1866 301.163 726.558 725.89 -0.668 5.482 0.1 521454 22818
2012 04 15 05 57 40. 2.581 90.3359 0.025 -19.002 34.2327 2.011 246.167 59.1577 299.235 597.778 602.76 4.982 6.927 0.1 521481 22818
2012 04 16 02 17 52. -2.6335 121.893 0.0279 -19.002 34.2327 2.011 251.216 86.9409 300.714 763.051 766.81 3.759 4.870 0.1 521491 22818
2012 04 17 19 03 57. -59.1876 -16.8077 0.0136 -19.002 34.2327 2.011 64.9766 54.287 298.618 564.254 567.67 3.416 7.288 0.1 553177 22818
2012 04 20 23 14 31. 2.1742 93.3767 0.0327 -19.002 34.2327 2.011 247.184 61.788 300.029 615.465 620.70 5.235 6.735 0.1 521582 22818
2012 04 21 01 19 28. -35.3309 -16.1128 0.012 -19.002 34.2327 2.011 83.5009 47.1536 300.201 512.254 513.76 1.506 7.807 0.1 521586 22818
2012 04 25 07 42 24. 9.0095 93.9099 0.016 -19.002 34.2327 2.011 244.245 65.0688 302.385 641.988 642.63 0.642 6.498 0.1 553502 22818
2012 04 30 08 00 10. 1.7083 89.5917 0.0146 -19.002 34.2327 2.011 246.441 58.1284 300.644 593.573 595.58 2.007 6.998 0.1 521758 22818
2012 05 07 04 40 28. 41.5229 46.7652 0.0174 -19.002 34.2327 2.011 193.533 61.3273 300.084 614.621 619.41 4.789 6.749 0.1 521862 22818
2012 05 12 23 28 43. 38.6559 70.3729 0.0131 -19.002 34.2327 2.011 217.442 66.6139 300.132 650.176 653.76 3.584 6.370 0.1 521934 22818
2012 05 13 01 19 10. -3.3709 89.3661 0.0136 -19.002 34.2327 2.011 249.419 56.0217 300.273 578.433 580.50 2.067 7.159 0.1 521936 22818
2012 05 20 02 03 53. 44.873 11.2227 0.0177 -19.002 34.2327 2.011 156.299 66.9419 300.093 651.483 656.08 4.597 6.345 0.1 522040 22818
2012 05 22 00 00 32. 42.6205 23.0074 0.0108 -19.002 34.2327 2.011 167.98 62.1817 300.762 622.126 625.16 3.034 6.684 0.1 553505 22818
2012 06 01 05 07 01. -77.1883 -148.867 0.0078 -19.002 34.2327 2.011 182.949 83.9935 301.352 752.229 751.13 -1.099 5.122 0.1 553507 22818
2012 06 10 12 44 16. 36.3847 28.9676 0.032 -19.002 34.2327 2.011 173.939 55.3097 302.649 573.007 577.46 4.453 7.188 0.1 522378 22818
2012 06 23 04 34 53. 3.0022 97.9116 0.1019 -19.002 34.2327 2.011 247.861 66.2886 299.783 637.134 650.27 13.136 6.411 0.1 553181 22818
2012 06 29 15 31 47. -24.7381 -9.6814 0.0142 -19.002 34.2327 2.011 90.9287 41.0209 300.171 462.699 464.57 1.871 8.243 0.1 522638 22818
2012 06 29 21 07 32. 43.4335 84.6125 0.0171 -19.002 34.2327 2.011 228.31 77.4192 301.283 715.47 718.21 2.74 5.585 0.1 522641 22818
2012 11 06 01 36 22. 1.2999 122.248 0.0319 -19.002 34.2327 2.011 251.07 88.5409 300.473 769.888 774.57 4.682 4.743 0.1 524663 22818
2012 11 06 06 17 28. 9.967 57.1825 0.0153 -19.002 34.2327 2.011 218.211 36.6159 301.435 426.866 429.12 2.254 8.522 0.1 524668 22818
2011 12 23 19 12 34. -52.1914 27.9077 0.01 -19.5253 34.6075 2.011 11.6502 33.0197 299.717 394.9861 397.39 2.4039 8.741 0.1 551388 22819
2012 01 10 18 37 00. 2.4307 93.2081 0.0209 -19.5253 34.6075 2.011 246.345 61.512 302.762 618.002 618.86 0.858 6.755 0.1 519785 22819
2012 01 10 18 37 00. 2.4307 93.2081 0.0209 -19.7158 35.0109 2.011 246.03 61.1896 303.737 616.791 616.69 -0.101 6.779 0.1 519785 22820
2012 04 17 19 03 57. -59.1876 -16.8077 0.0136 -19.7158 35.0109 2.011 66.1982 54.0354 298.976 562.779 565.79 3.011 7.305 0.1 553177 22820
2011 11 21 03 15 42. 24.9306 95.1664 0.1189 -20.6361 34.0642 2.011 238.23 74.6889 301.038 687.574 702.24 14.666 5.789 0.1 519095 22821
2011 11 23 12 17 50. 34.2821 25.0778 0.0112 -20.6361 34.0642 2.011 169.747 55.279 302.056 575.272 577.25 1.978 7.189 0.1 519121 22821
2011 11 30 19 42 37. 7.7779 93.8231 0.0392 -20.6361 34.0642 2.011 243.095 65.1446 302.741 639.591 643.11 3.519 6.492 0.1 519211 22821
2011 12 02 05 19 27. 0.052 120.424 0.0857 -20.6361 34.0642 2.011 249.45 86.6092 300.172 753.957 765.24 11.283 4.894 0.1 519229 22821
2011 12 11 09 54 56. -56.049 -28.2135 0.1306 -20.6361 34.0642 2.011 78.8055 57.6916 300.885 577.589 591.78 14.191 7.040 0.1 550967 22821
2012 01 10 18 37 00. 2.4307 93.2081 0.0209 -20.6361 34.0642 2.011 245.272 62.2776 301.96 622.355 624.03 1.675 6.697 0.1 519785 22821
2012 01 12 14 11 08. -52.0922 28.2421 0.01 -20.6361 34.0642 2.011 10.4103 31.7223 300.309 384.2192 385.97 1.7508 8.795 0.1 550580 22821
2012 01 15 13 40 17. -60.8875 -56.1146 0.01 -20.6361 34.0642 2.011 100.517 72.2911 303.958 689.626 686.44 -3.186 5.988 0.1 553208 22821
2012 01 15 13 40 21. -60.701 -55.8579 0.0173 -20.6361 34.0642 2.011 100.36 72.2012 301.418 685.351 685.90 0.549 5.995 0.1 553208 22821
2012 02 23 05 08 12. -17.7691 -13.2008 0.01 -20.6361 34.0642 2.011 101.588 44.6084 300.682 492.953 493.71 0.757 7.991 0.1 520467 22821
2012 03 08 22 50 07. 39.412 81.2585 0.0332 -20.6361 34.0642 2.011 225.559 74.2468 300.975 694.636 700.18 5.544 5.816 0.1 520762 22821
2012 03 12 06 06 43. 36.7552 73.1493 0.0298 -20.6361 34.0642 2.011 219.571 67.968 301.27 657.378 662.30 4.922 6.273 0.1 520824 22821
2012 04 11 08 38 37. 2.2376 93.0144 0.0263 -20.6361 34.0642 2.011 245.314 62.0216 300.078 617.992 622.30 4.308 6.716 0.1 521291 22821
2012 04 11 10 43 10. 0.7675 92.4284 0.0216 -20.6361 34.0642 2.011 245.89 60.8849 301.637 612.514 614.57 2.056 6.802 0.1 521308 22821
2012 04 14 10 56 18. -57.5759 -65.3721 0.0084 -20.6361 34.0642 2.011 108.999 77.7347 301.361 718.735 717.80 -0.935 5.591 0.1 521454 22821
2012 04 16 02 17 52. -2.6335 121.893 0.0279 -20.6361 34.0642 2.011 249.584 87.0511 301.512 764.384 767.34 2.956 4.861 0.1 521491 22821
2012 04 17 19 03 57. -59.1876 -16.8077 0.0136 -20.6361 34.0642 2.011 65.8103 52.7976 298.154 552.857 556.66 3.803 7.398 0.1 553177 22821
2012 04 20 23 14 31. 2.1742 93.3767 0.0327 -20.6361 34.0642 2.011 245.438 62.3245 301.768 620.809 624.33 3.521 6.694 0.1 521582 22821
2012 04 21 01 19 28. -35.3309 -16.1128 0.012 -20.6361 34.0642 2.011 85.3229 46.199 301.395 505.964 506.21 0.246 7.878 0.1 521586 22821
2012 04 30 08 00 10. 1.7083 89.5917 0.0146 -20.6361 34.0642 2.011 244.644 58.6995 300.921 597.842 599.59 1.748 6.958 0.1 521758 22821
2012 05 07 04 40 28. 41.5229 46.7652 0.0174 -20.6361 34.0642 2.011 193.368 62.9541 299.824 625.278 630.35 5.072 6.631 0.1 521862 22821
2012 05 12 23 28 43. 38.6559 70.3729 0.0131 -20.6361 34.0642 2.011 216.708 68.1001 300.699 660.165 663.20 3.035 6.263 0.1 521934 22821
2012 05 20 02 03 53. 44.873 11.2227 0.0177 -20.6361 34.0642 2.011 156.989 68.4455 299.3 660.175 665.60 5.425 6.236 0.1 522040 22821
2012 06 23 04 34 53. 3.0022 97.9116 0.1019 -20.6361 34.0642 2.011 246.168 66.794 301.552 642.119 653.52 11.401 6.373 0.1 553181 22821
2012 06 29 15 31 47. -24.7381 -9.6814 0.0142 -20.6361 34.0642 2.011 93.2698 40.4425 300.531 458.286 459.75 1.464 8.282 0.1 522638 22821
2012 06 29 21 07 32. 43.4335 84.6125 0.0171 -20.6361 34.0642 2.011 227.489 78.8413 301.207 723.275 726.12 2.845 5.479 0.1 522641 22821
2012 07 29 02 21 12. 22.9263 94.2784 0.0811 -20.6361 34.0642 2.011 238.24 72.9476 301.635 682.242 692.00 9.758 5.920 0.1 523062 22821
2012 08 11 12 23 17. 38.4023 46.838 0.0087 -20.6361 34.0642 2.011 193.844 59.9378 300.705 607.154 609.99 2.836 6.852 0.1 523253 22821
2012 08 11 12 34 36. 38.3798 46.7958 0.0189 -20.6361 34.0642 2.011 193.802 59.9081 302.275 606.879 609.78 2.901 6.854 0.1 523255 22821
2012 08 30 12 18 42. -50.3044 114.166 0.0057 -20.6361 34.0642 2.011 263.745 68.1556 300.721 661.741 661.21 -0.531 6.286 0.1 523481 22821
2012 09 03 18 23 08. -10.677 113.965 0.0348 -20.6361 34.0642 2.011 251.187 76.9424 300.37 709.254 714.06 4.806 5.639 0.1 523642 22821
2012 11 06 01 36 22. 1.2999 122.248 0.0319 -20.6361 34.0642 2.011 249.45 88.7521 300.92 771.33 775.58 4.25 4.726 0.1 524663 22821
2012 11 06 06 17 28. 9.967 57.1825 0.0153 -20.6361 34.0642 2.011 216.705 37.971 301.764 438.704 440.69 1.986 8.432 0.1 524668 22821
2012 11 11 01 12 39. 22.8908 95.848 0.0142 -20.6361 34.0642 2.011 239.078 74.1653 299.136 695.182 699.15 3.968 5.830 0.1 524746 22821
2011 12 23 19 12 34. -52.1914 27.9077 0.01 -20.4561 32.7705 2.011 8.65133 31.9004 299.377 384.8473 387.55 2.7027 8.789 0.1 551388 22822
2012 01 10 18 37 00. 2.4307 93.2081 0.0209 -20.4561 32.7705 2.011 245.797 63.4109 301.085 629.028 631.56 2.532 6.619 0.1 519785 22822
2012 03 08 22 50 07. 39.412 81.2585 0.0332 -20.4561 32.7705 2.011 226.68 74.8254 300.813 697.845 703.51 5.665 5.773 0.1 520762 22822
2012 03 25 22 37 06. -35.2035 -72.1268 0.0282 -20.4561 32.7705 2.011 115.016 89.8871 300.207 776.457 780.15 3.693 4.649 0.1 553198 22822
2011 12 11 09 54 56. -56.049 -28.2135 0.1306 -21.0061 34.9597 2.011 79.8618 57.8879 300.635 578.711 593.12 14.409 7.025 0.1 550967 22823
2012 01 10 18 37 00. 2.4307 93.2081 0.0209 -21.0061 34.9597 2.011 244.629 61.5601 304.514 620.078 619.21 -0.868 6.751 0.1 519785 22823
2011 12 23 19 12 34. -52.1914 27.9077 0.01 -20.2906 33.6515 2.011 10.1677 32.1528 298.262 385.9428 389.77 3.8272 8.779 0.1 551388 22824
2012 01 10 18 37 00. 2.4307 93.2081 0.0209 -20.2906 33.6515 2.011 245.755 62.5689 301.747 624.093 625.96 1.867 6.675 0.1 519785 22824
2012 03 08 22 50 07. 39.412 81.2585 0.0332 -20.2906 33.6515 2.011 226.095 74.1992 300.525 693.908 699.88 5.972 5.820 0.1 520762 22824
2012 04 14 19 26 42. -6.8563 105.349 0.0581 -20.2906 33.6515 2.011 250.973 70.5137 301.15 669.705 676.42 6.715 6.109 0.1 521467 22824
2012 04 17 19 03 57. -59.1876 -16.8077 0.0136 -20.2906 33.6515 2.011 65.1743 52.902 298.294 553.765 557.46 3.695 7.390 0.1 553177 22824
2012 04 20 22 28 58. 3.2537 93.7682 0.0184 -20.2906 33.6515 2.011 245.521 63.4158 299.882 628.243 631.62 3.377 6.618 0.1 521581 22824
2012 04 20 23 14 31. 2.1742 93.3767 0.0327 -20.2906 33.6515 2.011 245.918 62.6183 301.226 622.229 626.28 4.051 6.671 0.1 521582 22824
2012 05 12 23 28 43. 38.6559 70.3729 0.0131 -20.2906 33.6515 2.011 217.255 67.9972 301.492 660.308 662.54 2.232 6.271 0.1 521934 22824
2012 05 23 22 59 54. -50.4928 139.591 0.0191 -20.2906 33.6515 2.011 245.123 84.2262 300.591 750.773 752.44 1.667 5.101 0.1 522121 22824
2012 06 29 21 07 32. 43.4335 84.6125 0.0171 -20.2906 33.6515 2.011 228.014 78.7826 300.826 722.572 725.78 3.208 5.484 0.1 522641 22824
2012 09 03 18 23 08. -10.677 113.965 0.0348 -20.2906 33.6515 2.011 251.491 77.3669 299.96 711.225 716.45 5.225 5.609 0.1 523642 22824
2013 01 21 22 22 54. 4.9625 95.9215 0.0246 -20.2906 33.6515 2.011 245.367 66.0748 301.807 646.617 649.00 2.383 6.425 0.1 525877 22824
2011 11 29 00 30 28. -1.512 -15.4962 0.0077 -22.6348 33.2637 2.011 117.818 51.7668 300.9 548.874 549.56 0.686 7.467 0.1 519183 22825
2011 11 30 19 42 37. 7.7779 93.8231 0.0392 -22.6348 33.2637 2.011 241.314 66.5129 303.283 648.958 651.96 3.002 6.391 0.1 519211 22825
2011 12 02 05 19 27. 0.052 120.424 0.0857 -22.6348 33.2637 2.011 247.475 87.3967 300.682 758.277 769.07 10.793 4.832 0.1 519229 22825
2011 12 11 09 54 56. -56.049 -28.2135 0.1306 -22.6348 33.2637 2.011 79.4974 55.648 300.142 562.4 577.17 14.77 7.190 0.1 550967 22825
2012 01 10 18 37 00. 2.4307 93.2081 0.0209 -22.6348 33.2637 2.011 243.322 63.5005 302.643 631.182 632.19 1.008 6.612 0.1 519785 22825
2012 01 15 13 40 17. -60.8875 -56.1146 0.01 -22.6348 33.2637 2.011 100.929 70.2033 303.592 676.61 673.72 -2.89 6.142 0.1 553208 22825
2012 01 15 13 40 21. -60.701 -55.8579 0.0173 -22.6348 33.2637 2.011 100.78 70.1149 301.05 672.335 673.18 0.845 6.148 0.1 553208 22825
2012 01 20 20 32 54. -8.5214 119.653 0.1384 -22.6348 33.2637 2.011 248.14 83.461 302.426 734.446 749.22 14.774 5.152 0.1 519945 22825
2012 02 11 02 58 21. -37.3559 -73.3273 0.0285 -22.6348 33.2637 2.011 117.672 88.7975 301.852 772.979 774.93 1.951 4.737 0.1 520299 22825
2012 03 08 22 50 07. 39.412 81.2585 0.0332 -22.6348 33.2637 2.011 224.964 76.291 300.837 706.268 711.96 5.692 5.665 0.1 520762 22825
2012 03 12 06 06 43. 36.7552 73.1493 0.0298 -22.6348 33.2637 2.011 219.073 70.0403 300.892 669.873 675.20 5.327 6.124 0.1 520824 22825
2012 03 25 22 37 06. -35.2035 -72.1268 0.0282 -22.6348 33.2637 2.011 117.011 88.9223 302.818 774.574 775.56 0.986 4.726 0.1 553198 22825
2012 04 11 08 38 37. 2.2376 93.0144 0.0263 -22.6348 33.2637 2.011 243.356 63.2415 300.33 626.382 630.47 4.088 6.630 0.1 521291 22825
2012 04 11 10 43 10. 0.7675 92.4284 0.0216 -22.6348 33.2637 2.011 243.883 62.0678 301.783 620.671 622.59 1.919 6.713 0.1 521308 22825
2012 04 14 10 56 18. -57.5759 -65.3721 0.0084 -22.6348 33.2637 2.011 109.476 75.6622 301.047 706.711 706.01 -0.701 5.740 0.1 521454 22825
2012 04 15 05 57 40. 2.581 90.3359 0.025 -22.6348 33.2637 2.011 242.439 61.0144 300.529 611.81 615.56 3.75 6.792 0.1 521481 22825
2012 04 16 02 17 52. -2.6335 121.893 0.0279 -22.6348 33.2637 2.011 247.57 87.7334 301.935 768.093 770.64 2.547 4.808 0.1 521491 22825
2012 04 17 03 50 15. -32.6374 -71.5641 0.0297 -22.6348 33.2637 2.011 116.73 89.6619 301.82 776.804 779.08 2.276 4.667 0.1 521513 22825
2012 04 17 19 03 57. -59.1876 -16.8077 0.0136 -22.6348 33.2637 2.011 66.2729 50.7051 297.762 536.829 540.96 4.131 7.549 0.1 553177 22825
2012 04 20 23 14 31. 2.1742 93.3767 0.0327 -22.6348 33.2637 2.011 243.479 63.5371 300.923 628.033 632.42 4.387 6.610 0.1 521582 22825
2012 04 21 01 19 28. -35.3309 -16.1128 0.012 -22.6348 33.2637 2.011 87.2708 44.5903 299.491 491.305 493.38 2.075 7.994 0.1 521586 22825
2012 04 30 08 00 10. 1.7083 89.5917 0.0146 -22.6348 33.2637 2.011 242.653 59.9547 301.869 607.486 608.30 0.814 6.869 0.1 521758 22825
2012 05 07 04 40 28. 41.5229 46.7652 0.0174 -22.6348 33.2637 2.011 193.763 65.0481 301.185 640.426 644.13 3.704 6.480 0.1 521862 22825
2012 05 12 23 28 43. 38.6559 70.3729 0.0131 -22.6348 33.2637 2.011 216.332 70.1946 300.783 673.241 676.22 2.979 6.112 0.1 521934 22825
2012 06 29 15 31 47. -24.7381 -9.6814 0.0142 -22.6348 33.2637 2.011 96.0312 39.2679 300.063 448.042 449.95 1.908 8.362 0.1 522638 22825
2012 06 29 21 07 32. 43.4335 84.6125 0.0171 -22.6348 33.2637 2.011 226.947 80.8969 301.224 734.416 737.28 2.864 5.323 0.1 522641 22825
2012 07 25 00 27 45. 2.6255 96.1109 0.0286 -22.6348 33.2637 2.011 243.972 66.1851 300.526 645.475 649.66 4.185 6.418 0.1 523007 22825
2012 08 11 12 23 17. 38.4023 46.838 0.0087 -22.6348 33.2637 2.011 194.212 62.0371 301.307 622.04 624.27 2.23 6.694 0.1 523253 22825
2012 08 11 12 34 36. 38.3798 46.7958 0.0189 -22.6348 33.2637 2.011 194.171 62.0072 300.808 619.693 624.07 4.377 6.697 0.1 523255 22825
2012 08 12 10 47 07. 35.6526 82.5417 0.014 -22.6348 33.2637 2.011 226.632 74.4055 299.474 696.953 701.08 4.127 5.805 0.1 523270 22825
2012 08 18 09 41 55. -1.3518 120.128 0.0279 -22.6348 33.2637 2.011 247.54 86.589 301.983 762.609 765.12 2.511 4.896 0.1 523332 22825
2012 08 30 12 18 42. -50.3044 114.166 0.0057 -22.6348 33.2637 2.011 261.688 67.2133 300.519 655.582 655.17 -0.412 6.354 0.1 523481 22825
2012 09 03 18 23 08. -10.677 113.965 0.0348 -22.6348 33.2637 2.011 249.074 77.4568 301.328 713.093 716.93 3.837 5.602 0.1 523642 22825
2012 11 06 01 36 22. 1.2999 122.248 0.0319 -22.6348 33.2637 2.011 247.484 89.5561 299.614 773.782 779.35 5.568 4.663 0.1 524663 22825
2012 11 06 06 17 28. 9.967 57.1825 0.0153 -22.6348 33.2637 2.011 215.653 39.9891 302.147 455.974 457.65 1.676 8.298 0.1 524668 22825
2012 11 11 18 19 44. 23.1988 95.7996 0.0198 -22.6348 33.2637 2.011 237.663 75.9858 300.248 705.889 709.69 3.801 5.690 0.1 524769 22825
2012 12 05 17 08 13. 33.5052 59.6055 0.013 -22.6348 33.2637 2.011 207.889 61.2139 300.288 614.761 618.50 3.739 6.759 0.1 525127 22825
2012 12 23 13 31 40. 42.4407 41.0577 0.0129 -22.6348 33.2637 2.011 187.937 65.1471 301.846 642.459 644.82 2.361 6.472 0.1 525447 22825
2012 12 29 17 50 52. 35.6651 70.563 0.1178 -22.6348 33.2637 2.011 217.177 67.8933 301.923 647.675 661.89 14.215 6.278 0.1 525544 22825
2013 01 09 01 41 53. 25.322 95.0088 0.0926 -22.6348 33.2637 2.011 236.809 76.5228 301.547 701.509 712.79 11.281 5.655 0.1 553511 22825
2013 01 10 13 47 05. 4.7427 95.0989 0.0517 -22.6348 33.2637 2.011 242.879 66.2227 300.901 643.343 649.98 6.637 6.414 0.1 525739 22825
2013 01 18 12 42 51. 30.9699 99.4687 0.0149 -22.6348 33.2637 2.011 238.425 82.8629 300.24 744.126 747.23 3.104 5.181 0.1 525838 22825
2013 01 21 22 22 54. 4.9625 95.9215 0.0246 -22.6348 33.2637 2.011 243.025 67.052 303.424 654.482 655.28 0.798 6.352 0.1 525877 22825
2013 01 28 16 38 53. 42.5824 79.7217 0.0143 -22.6348 33.2637 2.011 223.258 77.7556 301.103 717.62 720.24 2.62 5.557 0.1 525963 22825
2013 03 19 03 29 02. -58.9815 -24.5697 0.052 -22.6348 33.2637 2.011 74.1116 54.404 299.191 560.78 568.24 7.46 7.282 0.1 527097 22825
2013 04 09 11 52 50. 28.4463 51.629 0.0128 -22.6348 33.2637 2.011 201.149 53.7855 301.254 563.348 566.26 2.912 7.301 0.1 527405 22825
2013 04 10 01 58 28. 28.4184 51.7244 0.0148 -22.6348 33.2637 2.011 201.259 53.7899 300.594 562.403 566.29 3.887 7.301 0.1 527434 22825
2013 04 16 10 44 19. 27.9704 62.136 0.0631 -22.6348 33.2637 2.011 211.928 57.5162 300.701 583.37 592.81 9.44 7.029 0.1 527535 22825
2013 04 20 00 02 47. 30.2688 103.02 0.018 -22.6348 33.2637 2.011 240.452 85.1442 299.437 754.417 758.79 4.373 5.002 0.1 553182 22825
2013 04 24 09 25 30. 34.5122 70.2109 0.0675 -22.6348 33.2637 2.011 217.17 66.8023 301.038 645.446 654.99 9.544 6.356 0.1 527730 22825
2013 04 30 06 25 24. 37.5889 -24.9594 0.0197 -22.6348 33.2637 2.011 127.355 81.1377 300.39 734.426 738.40 3.974 5.306 0.1 527794 22825
2013 05 02 19 40 52. 2.7526 91.5409 0.0174 -22.6348 33.2637 2.011 242.713 62.1613 301.848 622.01 623.30 1.29 6.705 0.1 527822 22825
2013 05 11 02 08 11. 26.6583 57.8438 0.0151 -22.6348 33.2637 2.011 208.178 54.472 302.423 569.167 571.11 1.943 7.253 0.1 527912 22825
2013 05 14 19 18 18. 0.7872 92.4259 0.0268 -22.6348 33.2637 2.011 243.873 62.0741 301.603 619.798 622.64 2.842 6.712 0.1 527980 22825
2013 05 16 05 57 00. -57.5817 -7.0183 0.01 -22.6348 33.2637 2.011 57.0152 45.4081 300.451 499.086 500.15 1.064 7.932 0.1 553382 22825
2013 05 26 06 08 15. 39.9496 67.4358 0.0155 -22.6348 33.2637 2.011 213.533 69.9485 300.139 670.701 674.77 4.069 6.129 0.1 528288 22825
2013 06 07 20 13 14. -43.8504 -16.3007 0.01 -22.6348 33.2637 2.011 78.9883 45.7577 300.548 501.956 502.70 0.744 7.908 0.1 528464 22825
2013 06 13 16 47 25. -9.9513 107.302 0.0206 -22.6348 33.2637 2.011 249.43 71.5797 301.219 680.888 682.80 1.912 6.033 0.1 528532 22825
2013 06 15 16 11 02. 34.4507 25.044 0.0215 -22.6348 33.2637 2.011 170.97 57.3054 301.519 587.588 591.75 4.162 7.040 0.1 528549 22825
2013 06 16 21 39 06. 34.4242 25.1864 0.025 -22.6348 33.2637 2.011 171.122 57.261 301.854 587.119 591.44 4.321 7.044 0.1 528583 22825
2013 06 24 22 04 14. 10.6905 -42.6687 0.0175 -22.6348 33.2637 2.011 114.979 81.3618 301.348 736.933 738.81 1.877 5.300 0.1 528673 22825
2013 07 02 07 37 05. 4.6907 96.5824 0.0254 -22.6348 33.2637 2.011 243.305 67.5178 302.18 656.07 658.22 2.15 6.321 0.1 528755 22825
2013 07 02 13 55 42. 4.6193 96.6844 0.0324 -22.6348 33.2637 2.011 243.359 67.5768 302.178 655.441 658.59 3.149 6.317 0.1 528763 22825
2013 07 15 14 03 41. -61.0527 -25.2274 0.0199 -22.6348 33.2637 2.011 73.341 55.3036 298.938 570.943 574.75 3.807 7.216 0.1 553183 22825
2013 07 16 19 41 54. -63.3294 -62.5926 0.0133 -22.6348 33.2637 2.011 105.611 72.6061 300.49 687.498 688.18 0.682 5.966 0.1 528943 22825
2013 07 21 23 45 55. 34.5047 104.261 0.0051 -22.6348 33.2637 2.011 240.928 88.128 300.211 771.905 773.41 1.505 4.763 0.1 529026 22825
2013 07 26 21 33 00. -58.0352 -24.28 0.017 -22.6348 33.2637 2.011 74.4943 54.0008 298.368 561.376 565.31 3.934 7.310 0.1 553176 22825
2012 01 10 18 37 00. 2.4307 93.2081 0.0209 -23.0973 34.3782 2.011 242.519 62.6306 302.815 625.571 626.43 0.859 6.669 0.1 519785 22826
2012 04 17 19 03 57. -59.1876 -16.8077 0.0136 -23.0973 34.3782 2.011 67.7167 50.8382 298.64 538.711 541.92 3.209 7.539 0.1 553177 22826
2012 05 12 23 28 43. 38.6559 70.3729 0.0131 -23.0973 34.3782 2.011 215.14 70.0847 302.056 673.842 675.58 1.738 6.120 0.1 521934 22826
2012 06 29 21 07 32. 43.4335 84.6125 0.0171 -23.0973 34.3782 2.011 225.826 80.6868 301.364 733.433 736.18 2.747 5.339 0.1 522641 22826
2012 03 08 22 50 07. 39.412 81.2585 0.0332 -19.8632 34.4667 2.011 225.714 73.403 300.955 689.683 695.22 5.537 5.879 0.1 520762 22827
2012 04 17 19 03 57. -59.1876 -16.8077 0.0136 -19.8632 34.4667 2.011 65.739 53.6525 299.084 560.073 562.99 2.917 7.334 0.1 553177 22827
2012 04 20 23 14 31. 2.1742 93.3767 0.0327 -19.8632 34.4667 2.011 246.18 61.7732 302.296 617.632 620.62 2.988 6.736 0.1 521582 22827
2012 05 12 23 28 43. 38.6559 70.3729 0.0131 -19.8632 34.4667 2.011 216.769 67.2451 301.211 655.27 657.80 2.53 6.326 0.1 521934 22827
2011 12 23 19 12 34. -52.1914 27.9077 0.01 -20.8239 33.3682 2.011 9.78253 31.5955 299.188 381.9871 384.85 2.8629 8.800 0.1 551388 22828
2012 01 10 18 37 00. 2.4307 93.2081 0.0209 -20.8239 33.3682 2.011 245.248 62.955 302.087 627 628.54 1.54 6.648 0.1 519785 22828
2012 03 08 22 50 07. 39.412 81.2585 0.0332 -20.8239 33.3682 2.011 225.989 74.7836 300.582 697.371 703.29 5.919 5.776 0.1 520762 22828
2012 09 03 18 23 08. -10.677 113.965 0.0348 -20.8239 33.3682 2.011 250.919 77.5676 294.604 706.984 717.57 10.586 5.594 0.1 523642 22828
2012 09 03 18 23 08. -10.677 113.965 0.0348 -24.9242 34.1887 2.011 246.838 76.376 299.846 705.526 710.83 5.304 5.679 0.1 523642 22816
2011 11 23 12 17 50. 34.2821 25.0778 0.0112 -21.4214 33.8632 2.011 170.118 56.0218 302.419 580.963 582.60 1.637 7.137 0.1 519121 22817
2011 11 29 00 30 28. -1.512 -15.4962 0.0077 -21.4214 33.8632 2.011 116.146 51.9632 300.717 550.158 551.00 0.842 7.452 0.1 519183 22817
2011 11 30 19 42 37. 7.7779 93.8231 0.0392 -21.4214 33.8632 2.011 242.353 65.5822 302.221 641.908 645.96 4.052 6.459 0.1 519211 22817
2011 12 02 05 19 27. 0.052 120.424 0.0857 -21.4214 33.8632 2.011 248.671 86.8148 300.213 754.997 766.24 11.243 4.879 0.1 519229 22817
2011 12 11 09 54 56. -56.049 -28.2135 0.1306 -21.4214 33.8632 2.011 79.1726 56.9497 300.518 572.021 586.50 14.479 7.096 0.1 550967 22817
2011 12 23 19 12 34. -52.1914 27.9077 0.01 -21.4214 33.8632 2.011 10.7999 31.0595 299.99 378.0639 380.10 2.0361 8.819 0.1 551388 22817
2012 01 10 18 37 00. 2.4307 93.2081 0.0209 -21.4214 33.8632 2.011 244.472 62.6547 301.859 624.776 626.56 1.784 6.668 0.1 519785 22817
2012 01 12 14 11 08. -52.0922 28.2421 0.01 -21.4214 33.8632 2.011 10.2294 30.9242 300.434 377.313 378.91 1.597 8.823 0.1 550580 22817
2012 01 15 13 40 17. -60.8875 -56.1146 0.01 -21.4214 33.8632 2.011 100.771 71.5244 304.259 685.319 681.80 -3.519 6.045 0.1 553208 22817
2012 01 15 13 40 21. -60.701 -55.8579 0.0173 -21.4214 33.8632 2.011 100.617 71.4354 301.697 681.027 681.26 0.233 6.051 0.1 553208 22817
2012 01 15 14 21 34. -60.8685 -56.0334 0.023 -21.4214 33.8632 2.011 100.709 71.4889 301.291 680.069 681.58 1.511 6.047 0.1 553209 22817
2012 03 08 22 50 07. 39.412 81.2585 0.0332 -21.4214 33.8632 2.011 225.238 74.9883 300.664 698.64 704.49 5.85 5.759 0.1 520762 22817
2012 03 12 06 06 43. 36.7552 73.1493 0.0298 -21.4214 33.8632 2.011 219.281 68.7251 300.642 661.485 667.05 5.565 6.219 0.1 520824 22817
2012 04 11 08 38 37. 2.2376 93.0144 0.0263 -21.4214 33.8632 2.011 244.511 62.3974 299.978 620.413 624.83 4.417 6.688 0.1 521291 22817
2012 04 11 10 43 10. 0.7675 92.4284 0.0216 -21.4214 33.8632 2.011 245.07 61.2454 301.497 614.832 617.03 2.198 6.775 0.1 521308 22817
2012 04 14 10 56 18. -57.5759 -65.3721 0.0084 -21.4214 33.8632 2.011 109.274 76.9772 301.559 714.7 713.52 -1.18 5.646 0.1 521454 22817
2012 04 15 05 57 40. 2.581 90.3359 0.025 -21.4214 33.8632 2.011 243.589 60.1402 300.209 605.529 609.58 4.051 6.856 0.1 521481 22817
2012 04 16 02 17 52. -2.6335 121.893 0.0279 -21.4214 33.8632 2.011 248.796 87.2155 301.64 765.311 768.14 2.829 4.848 0.1 521491 22817
2012 04 17 19 03 57. -59.1876 -16.8077 0.0136 -21.4214 33.8632 2.011 66.1018 52.0278 298.314 547.301 550.92 3.619 7.453 0.1 553177 22817
2012 04 20 23 14 31. 2.1742 93.3767 0.0327 -21.4214 33.8632 2.011 244.635 62.6974 301.941 623.47 626.83 3.36 6.665 0.1 521582 22817
2012 04 21 01 19 28. -35.3309 -16.1128 0.012 -21.4214 33.8632 2.011 86.1446 45.6537 301.571 501.841 501.88 0.039 7.916 0.1 521586 22817
2012 05 07 04 40 28. 41.5229 46.7652 0.0174 -21.4214 33.8632 2.011 193.412 63.7568 300.643 631.428 635.67 4.242 6.574 0.1 521862 22817
2012 05 09 14 49 50. -0.9879 -13.5537 0.0088 -21.4214 33.8632 2.011 117.178 50.4611 300.432 538.417 539.76 1.343 7.561 0.1 553504 22817
2012 05 12 23 28 43. 38.6559 70.3729 0.0131 -21.4214 33.8632 2.011 216.463 68.8708 301.743 666.023 668.03 2.007 6.208 0.1 521934 22817
2012 06 23 04 34 53. 3.0022 97.9116 0.1019 -21.4214 33.8632 2.011 245.386 67.1511 301.597 644.423 655.80 11.377 6.347 0.1 553181 22817
2012 06 29 15 31 47. -24.7381 -9.6814 0.0142 -21.4214 33.8632 2.011 94.3749 40.0739 300.549 455.251 456.68 1.429 8.306 0.1 522638 22817
2012 06 29 21 07 32. 43.4335 84.6125 0.0171 -21.4214 33.8632 2.011 227.19 79.5891 301.016 727.165 730.22 3.055 5.424 0.1 522641 22817
2012 08 11 12 23 17. 38.4023 46.838 0.0087 -21.4214 33.8632 2.011 193.874 60.741 301.421 613.364 615.49 2.126 6.792 0.1 523253 22817
2012 08 11 12 34 36. 38.3798 46.7958 0.0189 -21.4214 33.8632 2.011 193.833 60.7113 300.671 610.768 615.29 4.522 6.795 0.1 523255 22817
2012 08 30 12 18 42. -50.3044 114.166 0.0057 -21.4214 33.8632 2.011 263.022 67.7121 300.418 658.635 658.38 -0.255 6.319 0.1 523481 22817
2012 09 03 18 23 08. -10.677 113.965 0.0348 -21.4214 33.8632 2.011 250.368 77.0399 300.727 710.159 714.60 4.441 5.632 0.1 523642 22817
2012 09 14 04 51 48. -3.3008 100.67 0.0233 -21.4214 33.8632 2.011 248.26 67.2249 300.259 652.596 656.07 3.474 6.345 0.1 523871 22817
2012 11 06 01 36 22. 1.2999 122.248 0.0319 -21.4214 33.8632 2.011 248.675 88.9645 300.976 772.381 776.58 4.199 4.709 0.1 524663 22817
2012 12 29 17 50 52. 35.6651 70.563 0.1178 -21.4214 33.8632 2.011 217.362 66.5748 301.72 639.153 653.52 14.367 6.373 0.1 525544 22817
2013 01 09 01 41 53. 25.322 95.0088 0.0926 -21.4214 33.8632 2.011 237.501 75.3749 301.516 694.949 706.23 11.281 5.737 0.1 553511 22817
2013 04 09 11 52 50. 28.4463 51.629 0.0128 -21.4214 33.8632 2.011 201.011 52.4606 301.227 553.557 556.49 2.933 7.399 0.1 527405 22817
2013 04 10 01 58 28. 28.4184 51.7244 0.0148 -21.4214 33.8632 2.011 201.124 52.4648 300.532 552.576 556.52 3.944 7.399 0.1 527434 22817
2013 04 24 09 25 30. 34.5122 70.2109 0.0675 -21.4214 33.8632 2.011 217.369 65.4854 300.514 636.473 646.52 10.047 6.452 0.1 527730 22817
2013 05 14 19 18 18. 0.7872 92.4259 0.0268 -21.4214 33.8632 2.011 245.059 61.2514 301.24 613.883 617.07 3.187 6.775 0.1 527980 22817
2013 05 26 06 08 15. 39.9496 67.4358 0.0155 -21.4214 33.8632 2.011 213.596 68.6203 300.131 662.456 666.54 4.084 6.225 0.1 528288 22817
2013 05 27 03 36 29. 14.6508 53.8151 0.0031 -21.4214 33.8632 2.011 209.085 40.848 300.582 463.412 465.04 1.628 8.239 0.1 528300 22817
2013 06 07 20 13 14. -43.8504 -16.3007 0.01 -21.4214 33.8632 2.011 78.2085 46.9615 300.262 511.13 512.21 1.08 7.822 0.1 528464 22817
2013 06 13 16 47 25. -9.9513 107.302 0.0206 -21.4214 33.8632 2.011 250.737 71.0964 301.341 678.097 679.89 1.793 6.066 0.1 528532 22817
2013 06 15 16 11 02. 34.4507 25.044 0.0215 -21.4214 33.8632 2.011 170.1 56.1923 302.331 580.481 583.82 3.339 7.124 0.1 528549 22817
2013 06 16 21 39 06. 34.4242 25.1864 0.025 -21.4214 33.8632 2.011 170.255 56.1462 301.541 578.872 583.49 4.618 7.127 0.1 528583 22817
2013 06 24 22 04 14. 10.6905 -42.6687 0.0175 -21.4214 33.8632 2.011 113.653 81.5834 301.912 738.668 739.96 1.292 5.282 0.1 528673 22817
2013 07 15 14 03 41. -61.0527 -25.2274 0.0199 -21.4214 33.8632 2.011 73.1898 56.6272 299.06 580.546 584.27 3.724 7.119 0.1 553183 22817
2012 02 04 21 50 51. 13.0894 57.5871 0.0144 -19.002 34.2327 2.011 216.289 39.3267 300.264 448.704 452.15 3.446 8.343 0.1 553500 22818
2012 02 23 05 08 12. -17.7691 -13.2008 0.01 -19.002 34.2327 2.011 99.3118 44.9232 300.419 495.207 496.23 1.023 7.968 0.1 520467 22818
2012 02 26 06 17 19. 51.8008 95.9804 0.013 -19.002 34.2327 2.011 236.482 88.6005 299.142 771.767 775.79 4.023 4.723 0.1 520525 22818
2012 03 08 22 50 07. 39.412 81.2585 0.0332 -19.002 34.2327 2.011 226.429 72.8426 300.6 686.009 691.88 5.871 5.921 0.1 520762 22818
2012 03 12 06 06 43. 36.7552 73.1493 0.0298 -19.002 34.2327 2.011 220.393 66.5213 300.881 647.814 653.09 5.276 6.378 0.1 520824 22818
2012 04 11 08 38 37. 2.2376 93.0144 0.0263 -19.002 34.2327 2.011 247.063 61.4789 299.635 613.888 618.62 4.732 6.757 0.1 521291 22818
2012 04 11 10 43 10. 0.7675 92.4284 0.0216 -19.002 34.2327 2.011 247.672 60.3762 301.223 608.632 611.08 2.448 6.841 0.1 521308 22818
2012 04 14 10 56 18. -57.5759 -65.3721 0.0084 -19.002 34.2327 2.011 108.236 79.1866 301.163 726.558 725.89 -0.668 5.482 0.1 521454 22818
2012 04 15 05 57 40. 2.581 90.3359 0.025 -19.002 34.2327 2.011 246.167 59.1577 299.235 597.778 602.76 4.982 6.927 0.1 521481 22818
2012 04 16 02 17 52. -2.6335 121.893 0.0279 -19.002 34.2327 2.011 251.216 86.9409 300.714 763.051 766.81 3.759 4.870 0.1 521491 22818
2012 04 17 19 03 57. -59.1876 -16.8077 0.0136 -19.002 34.2327 2.011 64.9766 54.287 298.618 564.254 567.67 3.416 7.288 0.1 553177 22818
2012 04 20 23 14 31. 2.1742 93.3767 0.0327 -19.002 34.2327 2.011 247.184 61.788 300.029 615.465 620.70 5.235 6.735 0.1 521582 22818
2012 04 21 01 19 28. -35.3309 -16.1128 0.012 -19.002 34.2327 2.011 83.5009 47.1536 300.201 512.254 513.76 1.506 7.807 0.1 521586 22818
2012 04 25 07 42 24. 9.0095 93.9099 0.016 -19.002 34.2327 2.011 244.245 65.0688 302.385 641.988 642.63 0.642 6.498 0.1 553502 22818
2012 04 30 08 00 10. 1.7083 89.5917 0.0146 -19.002 34.2327 2.011 246.441 58.1284 300.644 593.573 595.58 2.007 6.998 0.1 521758 22818
2012 05 07 04 40 28. 41.5229 46.7652 0.0174 -19.002 34.2327 2.011 193.533 61.3273 300.084 614.621 619.41 4.789 6.749 0.1 521862 22818
2012 05 12 23 28 43. 38.6559 70.3729 0.0131 -19.002 34.2327 2.011 217.442 66.6139 300.132 650.176 653.76 3.584 6.370 0.1 521934 22818
2012 05 13 01 19 10. -3.3709 89.3661 0.0136 -19.002 34.2327 2.011 249.419 56.0217 300.273 578.433 580.50 2.067 7.159 0.1 521936 22818
2012 05 20 02 03 53. 44.873 11.2227 0.0177 -19.002 34.2327 2.011 156.299 66.9419 300.093 651.483 656.08 4.597 6.345 0.1 522040 22818
2012 05 22 00 00 32. 42.6205 23.0074 0.0108 -19.002 34.2327 2.011 167.98 62.1817 300.762 622.126 625.16 3.034 6.684 0.1 553505 22818
2012 06 01 05 07 01. -77.1883 -148.867 0.0078 -19.002 34.2327 2.011 182.949 83.9935 301.352 752.229 751.13 -1.099 5.122 0.1 553507 22818
2012 06 10 12 44 16. 36.3847 28.9676 0.032 -19.002 34.2327 2.011 173.939 55.3097 302.649 573.007 577.46 4.453 7.188 0.1 522378 22818
2012 06 23 04 34 53. 3.0022 97.9116 0.1019 -19.002 34.2327 2.011 247.861 66.2886 299.783 637.134 650.27 13.136 6.411 0.1 553181 22818
2012 06 29 15 31 47. -24.7381 -9.6814 0.0142 -19.002 34.2327 2.011 90.9287 41.0209 300.171 462.699 464.57 1.871 8.243 0.1 522638 22818
2012 06 29 21 07 32. 43.4335 84.6125 0.0171 -19.002 34.2327 2.011 228.31 77.4192 301.283 715.47 718.21 2.74 5.585 0.1 522641 22818
2012 11 06 01 36 22. 1.2999 122.248 0.0319 -19.002 34.2327 2.011 251.07 88.5409 300.473 769.888 774.57 4.682 4.743 0.1 524663 22818
2012 11 06 06 17 28. 9.967 57.1825 0.0153 -19.002 34.2327 2.011 218.211 36.6159 301.435 426.866 429.12 2.254 8.522 0.1 524668 22818
2011 12 23 19 12 34. -52.1914 27.9077 0.01 -19.5253 34.6075 2.011 11.6502 33.0197 299.717 394.9861 397.39 2.4039 8.741 0.1 551388 22819
2012 01 10 18 37 00. 2.4307 93.2081 0.0209 -19.5253 34.6075 2.011 246.345 61.512 302.762 618.002 618.86 0.858 6.755 0.1 519785 22819
2012 01 10 18 37 00. 2.4307 93.2081 0.0209 -19.7158 35.0109 2.011 246.03 61.1896 303.737 616.791 616.69 -0.101 6.779 0.1 519785 22820
2012 04 17 19 03 57. -59.1876 -16.8077 0.0136 -19.7158 35.0109 2.011 66.1982 54.0354 298.976 562.779 565.79 3.011 7.305 0.1 553177 22820
2011 11 21 03 15 42. 24.9306 95.1664 0.1189 -20.6361 34.0642 2.011 238.23 74.6889 301.038 687.574 702.24 14.666 5.789 0.1 519095 22821
2011 11 23 12 17 50. 34.2821 25.0778 0.0112 -20.6361 34.0642 2.011 169.747 55.279 302.056 575.272 577.25 1.978 7.189 0.1 519121 22821
2011 11 30 19 42 37. 7.7779 93.8231 0.0392 -20.6361 34.0642 2.011 243.095 65.1446 302.741 639.591 643.11 3.519 6.492 0.1 519211 22821
2011 12 02 05 19 27. 0.052 120.424 0.0857 -20.6361 34.0642 2.011 249.45 86.6092 300.172 753.957 765.24 11.283 4.894 0.1 519229 22821
2011 12 11 09 54 56. -56.049 -28.2135 0.1306 -20.6361 34.0642 2.011 78.8055 57.6916 300.885 577.589 591.78 14.191 7.040 0.1 550967 22821
2012 01 10 18 37 00. 2.4307 93.2081 0.0209 -20.6361 34.0642 2.011 245.272 62.2776 301.96 622.355 624.03 1.675 6.697 0.1 519785 22821
2012 01 12 14 11 08. -52.0922 28.2421 0.01 -20.6361 34.0642 2.011 10.4103 31.7223 300.309 384.2192 385.97 1.7508 8.795 0.1 550580 22821
2012 01 15 13 40 17. -60.8875 -56.1146 0.01 -20.6361 34.0642 2.011 100.517 72.2911 303.958 689.626 686.44 -3.186 5.988 0.1 553208 22821
2012 01 15 13 40 21. -60.701 -55.8579 0.0173 -20.6361 34.0642 2.011 100.36 72.2012 301.418 685.351 685.90 0.549 5.995 0.1 553208 22821
2012 02 23 05 08 12. -17.7691 -13.2008 0.01 -20.6361 34.0642 2.011 101.588 44.6084 300.682 492.953 493.71 0.757 7.991 0.1 520467 22821
2012 03 08 22 50 07. 39.412 81.2585 0.0332 -20.6361 34.0642 2.011 225.559 74.2468 300.975 694.636 700.18 5.544 5.816 0.1 520762 22821
2012 03 12 06 06 43. 36.7552 73.1493 0.0298 -20.6361 34.0642 2.011 219.571 67.968 301.27 657.378 662.30 4.922 6.273 0.1 520824 22821
2012 04 11 08 38 37. 2.2376 93.0144 0.0263 -20.6361 34.0642 2.011 245.314 62.0216 300.078 617.992 622.30 4.308 6.716 0.1 521291 22821
2012 04 11 10 43 10. 0.7675 92.4284 0.0216 -20.6361 34.0642 2.011 245.89 60.8849 301.637 612.514 614.57 2.056 6.802 0.1 521308 22821
2012 04 14 10 56 18. -57.5759 -65.3721 0.0084 -20.6361 34.0642 2.011 108.999 77.7347 301.361 718.735 717.80 -0.935 5.591 0.1 521454 22821
2012 04 16 02 17 52. -2.6335 121.893 0.0279 -20.6361 34.0642 2.011 249.584 87.0511 301.512 764.384 767.34 2.956 4.861 0.1 521491 22821
2012 04 17 19 03 57. -59.1876 -16.8077 0.0136 -20.6361 34.0642 2.011 65.8103 52.7976 298.154 552.857 556.66 3.803 7.398 0.1 553177 22821
2012 04 20 23 14 31. 2.1742 93.3767 0.0327 -20.6361 34.0642 2.011 245.438 62.3245 301.768 620.809 624.33 3.521 6.694 0.1 521582 22821
2012 04 21 01 19 28. -35.3309 -16.1128 0.012 -20.6361 34.0642 2.011 85.3229 46.199 301.395 505.964 506.21 0.246 7.878 0.1 521586 22821
2012 04 30 08 00 10. 1.7083 89.5917 0.0146 -20.6361 34.0642 2.011 244.644 58.6995 300.921 597.842 599.59 1.748 6.958 0.1 521758 22821
2012 05 07 04 40 28. 41.5229 46.7652 0.0174 -20.6361 34.0642 2.011 193.368 62.9541 299.824 625.278 630.35 5.072 6.631 0.1 521862 22821
2012 05 12 23 28 43. 38.6559 70.3729 0.0131 -20.6361 34.0642 2.011 216.708 68.1001 300.699 660.165 663.20 3.035 6.263 0.1 521934 22821
2012 05 20 02 03 53. 44.873 11.2227 0.0177 -20.6361 34.0642 2.011 156.989 68.4455 299.3 660.175 665.60 5.425 6.236 0.1 522040 22821
2012 06 23 04 34 53. 3.0022 97.9116 0.1019 -20.6361 34.0642 2.011 246.168 66.794 301.552 642.119 653.52 11.401 6.373 0.1 553181 22821
2012 06 29 15 31 47. -24.7381 -9.6814 0.0142 -20.6361 34.0642 2.011 93.2698 40.4425 300.531 458.286 459.75 1.464 8.282 0.1 522638 22821
2012 06 29 21 07 32. 43.4335 84.6125 0.0171 -20.6361 34.0642 2.011 227.489 78.8413 301.207 723.275 726.12 2.845 5.479 0.1 522641 22821
2012 07 29 02 21 12. 22.9263 94.2784 0.0811 -20.6361 34.0642 2.011 238.24 72.9476 301.635 682.242 692.00 9.758 5.920 0.1 523062 22821
2012 08 11 12 23 17. 38.4023 46.838 0.0087 -20.6361 34.0642 2.011 193.844 59.9378 300.705 607.154 609.99 2.836 6.852 0.1 523253 22821
2012 08 11 12 34 36. 38.3798 46.7958 0.0189 -20.6361 34.0642 2.011 193.802 59.9081 302.275 606.879 609.78 2.901 6.854 0.1 523255 22821
2012 08 30 12 18 42. -50.3044 114.166 0.0057 -20.6361 34.0642 2.011 263.745 68.1556 300.721 661.741 661.21 -0.531 6.286 0.1 523481 22821
2012 09 03 18 23 08. -10.677 113.965 0.0348 -20.6361 34.0642 2.011 251.187 76.9424 300.37 709.254 714.06 4.806 5.639 0.1 523642 22821
2012 11 06 01 36 22. 1.2999 122.248 0.0319 -20.6361 34.0642 2.011 249.45 88.7521 300.92 771.33 775.58 4.25 4.726 0.1 524663 22821
2012 11 06 06 17 28. 9.967 57.1825 0.0153 -20.6361 34.0642 2.011 216.705 37.971 301.764 438.704 440.69 1.986 8.432 0.1 524668 22821
2012 11 11 01 12 39. 22.8908 95.848 0.0142 -20.6361 34.0642 2.011 239.078 74.1653 299.136 695.182 699.15 3.968 5.830 0.1 524746 22821
2011 12 23 19 12 34. -52.1914 27.9077 0.01 -20.4561 32.7705 2.011 8.65133 31.9004 299.377 384.8473 387.55 2.7027 8.789 0.1 551388 22822
2012 01 10 18 37 00. 2.4307 93.2081 0.0209 -20.4561 32.7705 2.011 245.797 63.4109 301.085 629.028 631.56 2.532 6.619 0.1 519785 22822
2012 03 08 22 50 07. 39.412 81.2585 0.0332 -20.4561 32.7705 2.011 226.68 74.8254 300.813 697.845 703.51 5.665 5.773 0.1 520762 22822
2012 03 25 22 37 06. -35.2035 -72.1268 0.0282 -20.4561 32.7705 2.011 115.016 89.8871 300.207 776.457 780.15 3.693 4.649 0.1 553198 22822
2011 12 11 09 54 56. -56.049 -28.2135 0.1306 -21.0061 34.9597 2.011 79.8618 57.8879 300.635 578.711 593.12 14.409 7.025 0.1 550967 22823
2012 01 10 18 37 00. 2.4307 93.2081 0.0209 -21.0061 34.9597 2.011 244.629 61.5601 304.514 620.078 619.21 -0.868 6.751 0.1 519785 22823
2011 12 23 19 12 34. -52.1914 27.9077 0.01 -20.2906 33.6515 2.011 10.1677 32.1528 298.262 385.9428 389.77 3.8272 8.779 0.1 551388 22824
2012 01 10 18 37 00. 2.4307 93.2081 0.0209 -20.2906 33.6515 2.011 245.755 62.5689 301.747 624.093 625.96 1.867 6.675 0.1 519785 22824
2012 03 08 22 50 07. 39.412 81.2585 0.0332 -20.2906 33.6515 2.011 226.095 74.1992 300.525 693.908 699.88 5.972 5.820 0.1 520762 22824
2012 04 14 19 26 42. -6.8563 105.349 0.0581 -20.2906 33.6515 2.011 250.973 70.5137 301.15 669.705 676.42 6.715 6.109 0.1 521467 22824
2012 04 17 19 03 57. -59.1876 -16.8077 0.0136 -20.2906 33.6515 2.011 65.1743 52.902 298.294 553.765 557.46 3.695 7.390 0.1 553177 22824
2012 04 20 22 28 58. 3.2537 93.7682 0.0184 -20.2906 33.6515 2.011 245.521 63.4158 299.882 628.243 631.62 3.377 6.618 0.1 521581 22824
2012 04 20 23 14 31. 2.1742 93.3767 0.0327 -20.2906 33.6515 2.011 245.918 62.6183 301.226 622.229 626.28 4.051 6.671 0.1 521582 22824
2012 05 12 23 28 43. 38.6559 70.3729 0.0131 -20.2906 33.6515 2.011 217.255 67.9972 301.492 660.308 662.54 2.232 6.271 0.1 521934 22824
2012 05 23 22 59 54. -50.4928 139.591 0.0191 -20.2906 33.6515 2.011 245.123 84.2262 300.591 750.773 752.44 1.667 5.101 0.1 522121 22824
2012 06 29 21 07 32. 43.4335 84.6125 0.0171 -20.2906 33.6515 2.011 228.014 78.7826 300.826 722.572 725.78 3.208 5.484 0.1 522641 22824
2012 09 03 18 23 08. -10.677 113.965 0.0348 -20.2906 33.6515 2.011 251.491 77.3669 299.96 711.225 716.45 5.225 5.609 0.1 523642 22824
2013 01 21 22 22 54. 4.9625 95.9215 0.0246 -20.2906 33.6515 2.011 245.367 66.0748 301.807 646.617 649.00 2.383 6.425 0.1 525877 22824
2011 11 29 00 30 28. -1.512 -15.4962 0.0077 -22.6348 33.2637 2.011 117.818 51.7668 300.9 548.874 549.56 0.686 7.467 0.1 519183 22825
2011 11 30 19 42 37. 7.7779 93.8231 0.0392 -22.6348 33.2637 2.011 241.314 66.5129 303.283 648.958 651.96 3.002 6.391 0.1 519211 22825
2011 12 02 05 19 27. 0.052 120.424 0.0857 -22.6348 33.2637 2.011 247.475 87.3967 300.682 758.277 769.07 10.793 4.832 0.1 519229 22825
2011 12 11 09 54 56. -56.049 -28.2135 0.1306 -22.6348 33.2637 2.011 79.4974 55.648 300.142 562.4 577.17 14.77 7.190 0.1 550967 22825
2012 01 10 18 37 00. 2.4307 93.2081 0.0209 -22.6348 33.2637 2.011 243.322 63.5005 302.643 631.182 632.19 1.008 6.612 0.1 519785 22825
2012 01 15 13 40 17. -60.8875 -56.1146 0.01 -22.6348 33.2637 2.011 100.929 70.2033 303.592 676.61 673.72 -2.89 6.142 0.1 553208 22825
2012 01 15 13 40 21. -60.701 -55.8579 0.0173 -22.6348 33.2637 2.011 100.78 70.1149 301.05 672.335 673.18 0.845 6.148 0.1 553208 22825
2012 01 20 20 32 54. -8.5214 119.653 0.1384 -22.6348 33.2637 2.011 248.14 83.461 302.426 734.446 749.22 14.774 5.152 0.1 519945 22825
2012 02 11 02 58 21. -37.3559 -73.3273 0.0285 -22.6348 33.2637 2.011 117.672 88.7975 301.852 772.979 774.93 1.951 4.737 0.1 520299 22825
2012 03 08 22 50 07. 39.412 81.2585 0.0332 -22.6348 33.2637 2.011 224.964 76.291 300.837 706.268 711.96 5.692 5.665 0.1 520762 22825
2012 03 12 06 06 43. 36.7552 73.1493 0.0298 -22.6348 33.2637 2.011 219.073 70.0403 300.892 669.873 675.20 5.327 6.124 0.1 520824 22825
2012 03 25 22 37 06. -35.2035 -72.1268 0.0282 -22.6348 33.2637 2.011 117.011 88.9223 302.818 774.574 775.56 0.986 4.726 0.1 553198 22825
2012 04 11 08 38 37. 2.2376 93.0144 0.0263 -22.6348 33.2637 2.011 243.356 63.2415 300.33 626.382 630.47 4.088 6.630 0.1 521291 22825
2012 04 11 10 43 10. 0.7675 92.4284 0.0216 -22.6348 33.2637 2.011 243.883 62.0678 301.783 620.671 622.59 1.919 6.713 0.1 521308 22825
2012 04 14 10 56 18. -57.5759 -65.3721 0.0084 -22.6348 33.2637 2.011 109.476 75.6622 301.047 706.711 706.01 -0.701 5.740 0.1 521454 22825
2012 04 15 05 57 40. 2.581 90.3359 0.025 -22.6348 33.2637 2.011 242.439 61.0144 300.529 611.81 615.56 3.75 6.792 0.1 521481 22825
2012 04 16 02 17 52. -2.6335 121.893 0.0279 -22.6348 33.2637 2.011 247.57 87.7334 301.935 768.093 770.64 2.547 4.808 0.1 521491 22825
2012 04 17 03 50 15. -32.6374 -71.5641 0.0297 -22.6348 33.2637 2.011 116.73 89.6619 301.82 776.804 779.08 2.276 4.667 0.1 521513 22825
2012 04 17 19 03 57. -59.1876 -16.8077 0.0136 -22.6348 33.2637 2.011 66.2729 50.7051 297.762 536.829 540.96 4.131 7.549 0.1 553177 22825
2012 04 20 23 14 31. 2.1742 93.3767 0.0327 -22.6348 33.2637 2.011 243.479 63.5371 300.923 628.033 632.42 4.387 6.610 0.1 521582 22825
2012 04 21 01 19 28. -35.3309 -16.1128 0.012 -22.6348 33.2637 2.011 87.2708 44.5903 299.491 491.305 493.38 2.075 7.994 0.1 521586 22825
2012 04 30 08 00 10. 1.7083 89.5917 0.0146 -22.6348 33.2637 2.011 242.653 59.9547 301.869 607.486 608.30 0.814 6.869 0.1 521758 22825
2012 05 07 04 40 28. 41.5229 46.7652 0.0174 -22.6348 33.2637 2.011 193.763 65.0481 301.185 640.426 644.13 3.704 6.480 0.1 521862 22825
2012 05 12 23 28 43. 38.6559 70.3729 0.0131 -22.6348 33.2637 2.011 216.332 70.1946 300.783 673.241 676.22 2.979 6.112 0.1 521934 22825
2012 06 29 15 31 47. -24.7381 -9.6814 0.0142 -22.6348 33.2637 2.011 96.0312 39.2679 300.063 448.042 449.95 1.908 8.362 0.1 522638 22825
2012 06 29 21 07 32. 43.4335 84.6125 0.0171 -22.6348 33.2637 2.011 226.947 80.8969 301.224 734.416 737.28 2.864 5.323 0.1 522641 22825
2012 07 25 00 27 45. 2.6255 96.1109 0.0286 -22.6348 33.2637 2.011 243.972 66.1851 300.526 645.475 649.66 4.185 6.418 0.1 523007 22825
2012 08 11 12 23 17. 38.4023 46.838 0.0087 -22.6348 33.2637 2.011 194.212 62.0371 301.307 622.04 624.27 2.23 6.694 0.1 523253 22825
2012 08 11 12 34 36. 38.3798 46.7958 0.0189 -22.6348 33.2637 2.011 194.171 62.0072 300.808 619.693 624.07 4.377 6.697 0.1 523255 22825
2012 08 12 10 47 07. 35.6526 82.5417 0.014 -22.6348 33.2637 2.011 226.632 74.4055 299.474 696.953 701.08 4.127 5.805 0.1 523270 22825
2012 08 18 09 41 55. -1.3518 120.128 0.0279 -22.6348 33.2637 2.011 247.54 86.589 301.983 762.609 765.12 2.511 4.896 0.1 523332 22825
2012 08 30 12 18 42. -50.3044 114.166 0.0057 -22.6348 33.2637 2.011 261.688 67.2133 300.519 655.582 655.17 -0.412 6.354 0.1 523481 22825
2012 09 03 18 23 08. -10.677 113.965 0.0348 -22.6348 33.2637 2.011 249.074 77.4568 301.328 713.093 716.93 3.837 5.602 0.1 523642 22825
2012 11 06 01 36 22. 1.2999 122.248 0.0319 -22.6348 33.2637 2.011 247.484 89.5561 299.614 773.782 779.35 5.568 4.663 0.1 524663 22825
2012 11 06 06 17 28. 9.967 57.1825 0.0153 -22.6348 33.2637 2.011 215.653 39.9891 302.147 455.974 457.65 1.676 8.298 0.1 524668 22825
2012 11 11 18 19 44. 23.1988 95.7996 0.0198 -22.6348 33.2637 2.011 237.663 75.9858 300.248 705.889 709.69 3.801 5.690 0.1 524769 22825
2012 12 05 17 08 13. 33.5052 59.6055 0.013 -22.6348 33.2637 2.011 207.889 61.2139 300.288 614.761 618.50 3.739 6.759 0.1 525127 22825
2012 12 23 13 31 40. 42.4407 41.0577 0.0129 -22.6348 33.2637 2.011 187.937 65.1471 301.846 642.459 644.82 2.361 6.472 0.1 525447 22825
2012 12 29 17 50 52. 35.6651 70.563 0.1178 -22.6348 33.2637 2.011 217.177 67.8933 301.923 647.675 661.89 14.215 6.278 0.1 525544 22825
2013 01 09 01 41 53. 25.322 95.0088 0.0926 -22.6348 33.2637 2.011 236.809 76.5228 301.547 701.509 712.79 11.281 5.655 0.1 553511 22825
2013 01 10 13 47 05. 4.7427 95.0989 0.0517 -22.6348 33.2637 2.011 242.879 66.2227 300.901 643.343 649.98 6.637 6.414 0.1 525739 22825
2013 01 18 12 42 51. 30.9699 99.4687 0.0149 -22.6348 33.2637 2.011 238.425 82.8629 300.24 744.126 747.23 3.104 5.181 0.1 525838 22825
2013 01 21 22 22 54. 4.9625 95.9215 0.0246 -22.6348 33.2637 2.011 243.025 67.052 303.424 654.482 655.28 0.798 6.352 0.1 525877 22825
2013 01 28 16 38 53. 42.5824 79.7217 0.0143 -22.6348 33.2637 2.011 223.258 77.7556 301.103 717.62 720.24 2.62 5.557 0.1 525963 22825
2013 03 19 03 29 02. -58.9815 -24.5697 0.052 -22.6348 33.2637 2.011 74.1116 54.404 299.191 560.78 568.24 7.46 7.282 0.1 527097 22825
2013 04 09 11 52 50. 28.4463 51.629 0.0128 -22.6348 33.2637 2.011 201.149 53.7855 301.254 563.348 566.26 2.912 7.301 0.1 527405 22825
2013 04 10 01 58 28. 28.4184 51.7244 0.0148 -22.6348 33.2637 2.011 201.259 53.7899 300.594 562.403 566.29 3.887 7.301 0.1 527434 22825
2013 04 16 10 44 19. 27.9704 62.136 0.0631 -22.6348 33.2637 2.011 211.928 57.5162 300.701 583.37 592.81 9.44 7.029 0.1 527535 22825
2013 04 20 00 02 47. 30.2688 103.02 0.018 -22.6348 33.2637 2.011 240.452 85.1442 299.437 754.417 758.79 4.373 5.002 0.1 553182 22825
2013 04 24 09 25 30. 34.5122 70.2109 0.0675 -22.6348 33.2637 2.011 217.17 66.8023 301.038 645.446 654.99 9.544 6.356 0.1 527730 22825
2013 04 30 06 25 24. 37.5889 -24.9594 0.0197 -22.6348 33.2637 2.011 127.355 81.1377 300.39 734.426 738.40 3.974 5.306 0.1 527794 22825
2013 05 02 19 40 52. 2.7526 91.5409 0.0174 -22.6348 33.2637 2.011 242.713 62.1613 301.848 622.01 623.30 1.29 6.705 0.1 527822 22825
2013 05 11 02 08 11. 26.6583 57.8438 0.0151 -22.6348 33.2637 2.011 208.178 54.472 302.423 569.167 571.11 1.943 7.253 0.1 527912 22825
2013 05 14 19 18 18. 0.7872 92.4259 0.0268 -22.6348 33.2637 2.011 243.873 62.0741 301.603 619.798 622.64 2.842 6.712 0.1 527980 22825
2013 05 16 05 57 00. -57.5817 -7.0183 0.01 -22.6348 33.2637 2.011 57.0152 45.4081 300.451 499.086 500.15 1.064 7.932 0.1 553382 22825
2013 05 26 06 08 15. 39.9496 67.4358 0.0155 -22.6348 33.2637 2.011 213.533 69.9485 300.139 670.701 674.77 4.069 6.129 0.1 528288 22825
2013 06 07 20 13 14. -43.8504 -16.3007 0.01 -22.6348 33.2637 2.011 78.9883 45.7577 300.548 501.956 502.70 0.744 7.908 0.1 528464 22825
2013 06 13 16 47 25. -9.9513 107.302 0.0206 -22.6348 33.2637 2.011 249.43 71.5797 301.219 680.888 682.80 1.912 6.033 0.1 528532 22825
2013 06 15 16 11 02. 34.4507 25.044 0.0215 -22.6348 33.2637 2.011 170.97 57.3054 301.519 587.588 591.75 4.162 7.040 0.1 528549 22825
2013 06 16 21 39 06. 34.4242 25.1864 0.025 -22.6348 33.2637 2.011 171.122 57.261 301.854 587.119 591.44 4.321 7.044 0.1 528583 22825
2013 06 24 22 04 14. 10.6905 -42.6687 0.0175 -22.6348 33.2637 2.011 114.979 81.3618 301.348 736.933 738.81 1.877 5.300 0.1 528673 22825
2013 07 02 07 37 05. 4.6907 96.5824 0.0254 -22.6348 33.2637 2.011 243.305 67.5178 302.18 656.07 658.22 2.15 6.321 0.1 528755 22825
2013 07 02 13 55 42. 4.6193 96.6844 0.0324 -22.6348 33.2637 2.011 243.359 67.5768 302.178 655.441 658.59 3.149 6.317 0.1 528763 22825
2013 07 15 14 03 41. -61.0527 -25.2274 0.0199 -22.6348 33.2637 2.011 73.341 55.3036 298.938 570.943 574.75 3.807 7.216 0.1 553183 22825
2013 07 16 19 41 54. -63.3294 -62.5926 0.0133 -22.6348 33.2637 2.011 105.611 72.6061 300.49 687.498 688.18 0.682 5.966 0.1 528943 22825
2013 07 21 23 45 55. 34.5047 104.261 0.0051 -22.6348 33.2637 2.011 240.928 88.128 300.211 771.905 773.41 1.505 4.763 0.1 529026 22825
2013 07 26 21 33 00. -58.0352 -24.28 0.017 -22.6348 33.2637 2.011 74.4943 54.0008 298.368 561.376 565.31 3.934 7.310 0.1 553176 22825
2012 01 10 18 37 00. 2.4307 93.2081 0.0209 -23.0973 34.3782 2.011 242.519 62.6306 302.815 625.571 626.43 0.859 6.669 0.1 519785 22826
2012 04 17 19 03 57. -59.1876 -16.8077 0.0136 -23.0973 34.3782 2.011 67.7167 50.8382 298.64 538.711 541.92 3.209 7.539 0.1 553177 22826
2012 05 12 23 28 43. 38.6559 70.3729 0.0131 -23.0973 34.3782 2.011 215.14 70.0847 302.056 673.842 675.58 1.738 6.120 0.1 521934 22826
2012 06 29 21 07 32. 43.4335 84.6125 0.0171 -23.0973 34.3782 2.011 225.826 80.6868 301.364 733.433 736.18 2.747 5.339 0.1 522641 22826
2012 03 08 22 50 07. 39.412 81.2585 0.0332 -19.8632 34.4667 2.011 225.714 73.403 300.955 689.683 695.22 5.537 5.879 0.1 520762 22827
2012 04 17 19 03 57. -59.1876 -16.8077 0.0136 -19.8632 34.4667 2.011 65.739 53.6525 299.084 560.073 562.99 2.917 7.334 0.1 553177 22827
2012 04 20 23 14 31. 2.1742 93.3767 0.0327 -19.8632 34.4667 2.011 246.18 61.7732 302.296 617.632 620.62 2.988 6.736 0.1 521582 22827
2012 05 12 23 28 43. 38.6559 70.3729 0.0131 -19.8632 34.4667 2.011 216.769 67.2451 301.211 655.27 657.80 2.53 6.326 0.1 521934 22827
2011 12 23 19 12 34. -52.1914 27.9077 0.01 -20.8239 33.3682 2.011 9.78253 31.5955 299.188 381.9871 384.85 2.8629 8.800 0.1 551388 22828
2012 01 10 18 37 00. 2.4307 93.2081 0.0209 -20.8239 33.3682 2.011 245.248 62.955 302.087 627 628.54 1.54 6.648 0.1 519785 22828
2012 03 08 22 50 07. 39.412 81.2585 0.0332 -20.8239 33.3682 2.011 225.989 74.7836 300.582 697.371 703.29 5.919 5.776 0.1 520762 22828
2012 09 03 18 23 08. -10.677 113.965 0.0348 -20.8239 33.3682 2.011 250.919 77.5676 294.604 706.984 717.57 10.586 5.594 0.1 523642 22828
2011 11 29 00 30 28. -1.512 -15.4962 0.0077 -24.5103 33.0078 2.011 120.168 52.109 301.363 551.894 552.16 0.266 7.441 0.1 519183 22829
2011 12 11 09 54 56. -56.049 -28.2135 0.1306 -24.5103 33.0078 2.011 80.6439 54.0163 300.895 551.409 565.27 13.861 7.310 0.1 550967 22829
2012 01 10 18 37 00. 2.4307 93.2081 0.0209 -24.5103 33.0078 2.011 241.385 64.2195 302.914 636.198 636.96 0.762 6.560 0.1 519785 22829
2012 01 20 20 32 54. -8.5214 119.653 0.1384 -24.5103 33.0078 2.011 246.246 83.4853 302.427 734.571 749.33 14.759 5.150 0.1 519945 22829
2012 03 25 22 37 06. -35.2035 -72.1268 0.0282 -24.5103 33.0078 2.011 118.344 87.5932 302.457 767.902 769.17 1.268 4.831 0.1 553198 22829
2012 04 11 08 38 37. 2.2376 93.0144 0.0263 -24.5103 33.0078 2.011 241.414 63.9578 303.097 633.891 635.23 1.339 6.579 0.1 521291 22829
2012 04 11 10 43 10. 0.7675 92.4284 0.0216 -24.5103 33.0078 2.011 241.904 62.7489 302.082 625.525 627.18 1.655 6.661 0.1 521308 22829
2012 04 17 03 50 15. -32.6374 -71.5641 0.0297 -24.5103 33.0078 2.011 118.118 88.3917 301.981 771.012 773.04 2.028 4.769 0.1 521513 22829
2012 04 17 19 03 57. -59.1876 -16.8077 0.0136 -24.5103 33.0078 2.011 67.2692 48.9843 300.42 526.389 527.79 1.401 7.676 0.1 553177 22829
2012 04 21 01 19 28. -35.3309 -16.1128 0.012 -24.5103 33.0078 2.011 89.5091 43.533 301.696 485.033 484.83 -0.203 8.069 0.1 521586 22829
2012 05 12 23 28 43. 38.6559 70.3729 0.0131 -24.5103 33.0078 2.011 215.558 71.928 300.408 683.386 686.76 3.374 5.984 0.1 521934 22829
2012 06 23 04 34 53. 3.0022 97.9116 0.1019 -24.5103 33.0078 2.011 242.355 68.6308 302.263 654.374 665.16 10.786 6.241 0.1 553181 22829
2012 06 29 21 07 32. 43.4335 84.6125 0.0171 -24.5103 33.0078 2.011 226.055 82.5584 301.554 743.497 746.06 2.563 5.198 0.1 522641 22829
2012 02 23 05 08 12. -17.7691 -13.2008 0.01 -17.9578 34.1723 2.011 97.8428 44.9907 300.135 495.459 496.78 1.321 7.963 0.1 520467 22830
2012 02 26 06 17 19. 51.8008 95.9804 0.013 -17.9578 34.1723 2.011 237.098 87.7627 299.191 767.824 771.77 3.946 4.790 0.1 520525 22830
2012 03 08 22 50 07. 39.412 81.2585 0.0332 -17.9578 34.1723 2.011 227.125 72.0418 300.61 681.242 687.08 5.838 5.980 0.1 520762 22830
2012 03 12 06 06 43. 36.7552 73.1493 0.0298 -17.9578 34.1723 2.011 221.073 65.6871 300.907 642.474 647.70 5.226 6.440 0.1 520824 22830
2012 04 11 08 38 37. 2.2376 93.0144 0.0263 -17.9578 34.1723 2.011 248.23 61.2983 298.766 611.799 617.38 5.581 6.771 0.1 521291 22830
2012 04 11 10 43 10. 0.7675 92.4284 0.0216 -17.9578 34.1723 2.011 248.855 60.2188 301.257 607.594 609.98 2.386 6.852 0.1 521308 22830
2012 04 14 10 56 18. -57.5759 -65.3721 0.0084 -17.9578 34.1723 2.011 107.616 80.0297 301.136 731.109 730.52 -0.589 5.420 0.1 521454 22830
2012 04 15 05 57 40. 2.581 90.3359 0.025 -17.9578 34.1723 2.011 247.355 58.9494 300.067 597.166 601.30 4.134 6.942 0.1 521481 22830
2012 04 16 02 17 52. -2.6335 121.893 0.0279 -17.9578 34.1723 2.011 252.253 87.03 301.223 763.993 767.25 3.257 4.863 0.1 521491 22830
2012 04 17 19 03 57. -59.1876 -16.8077 0.0136 -17.9578 34.1723 2.011 64.2919 55.1642 298.654 570.656 574.08 3.424 7.223 0.1 553177 22830
2012 04 20 22 19 46. 3.2303 93.7633 0.0216 -17.9578 34.1723 2.011 247.925 62.3604 301.16 622.012 624.56 2.548 6.691 0.1 521580 22830
2012 04 20 23 14 31. 2.1742 93.3767 0.0327 -17.9578 34.1723 2.011 248.348 61.6113 300.95 615.194 619.49 4.296 6.748 0.1 521582 22830
2012 04 21 01 19 28. -35.3309 -16.1128 0.012 -17.9578 34.1723 2.011 82.2542 47.6434 300.813 516.683 517.61 0.927 7.772 0.1 521586 22830
2012 04 25 07 42 24. 9.0095 93.9099 0.016 -17.9578 34.1723 2.011 245.347 64.7735 301.346 639.031 640.68 1.649 6.520 0.1 553502 22830
2012 04 29 08 09 06. 2.688 94.4735 0.022 -17.9578 34.1723 2.011 248.357 62.8181 300.682 624.529 627.59 3.061 6.656 0.1 521739 22830
2012 04 30 08 00 10. 1.7083 89.5917 0.0146 -17.9578 34.1723 2.011 247.645 57.9305 300.588 592.135 594.17 2.035 7.014 0.1 521758 22830
2012 05 07 04 40 28. 41.5229 46.7652 0.0174 -17.9578 34.1723 2.011 193.82 60.3177 299.918 607.573 612.52 4.947 6.825 0.1 521862 22830
2012 05 12 23 28 43. 38.6559 70.3729 0.0131 -17.9578 34.1723 2.011 218.07 65.7465 299.935 644.401 648.16 3.759 6.435 0.1 521934 22830
2012 05 13 01 19 10. -3.3709 89.3661 0.0136 -17.9578 34.1723 2.011 250.669 55.9227 300.225 577.675 579.77 2.095 7.166 0.1 521936 22830
2012 05 20 02 03 53. 44.873 11.2227 0.0177 -17.9578 34.1723 2.011 156.015 65.9347 299.709 644.648 649.62 4.972 6.418 0.1 522040 22830
2012 05 22 00 00 32. 42.6205 23.0074 0.0108 -17.9578 34.1723 2.011 167.852 61.1476 300.075 614.451 618.17 3.719 6.762 0.1 553505 22830
2012 05 23 22 59 54. -50.4928 139.591 0.0191 -17.9578 34.1723 2.011 246.95 85.7478 301.356 759.164 760.18 1.016 4.979 0.1 522121 22830
2012 06 01 05 07 01. -77.1883 -148.867 0.0078 -17.9578 34.1723 2.011 182.904 85.0328 301.197 757.314 756.44 -0.874 5.040 0.1 553507 22830
2012 06 23 04 34 53. 3.0022 97.9116 0.1019 -17.9578 34.1723 2.011 248.985 66.1305 300.671 637.012 649.24 12.228 6.422 0.1 553181 22830
2012 06 29 15 31 47. -24.7381 -9.6814 0.0142 -17.9578 34.1723 2.011 89.3913 41.2635 299.862 464.384 466.59 2.206 8.226 0.1 522638 22830
2012 06 29 21 07 32. 43.4335 84.6125 0.0171 -17.9578 34.1723 2.011 228.973 76.6033 300.302 709.894 713.59 3.696 5.645 0.1 522641 22830
2012 08 12 10 47 07. 35.6526 82.5417 0.014 -17.9578 34.1723 2.011 229.09 70.2949 298.409 671.333 676.44 5.107 6.109 0.1 523270 22830
2012 08 18 09 41 55. -1.3518 120.128 0.0279 -17.9578 34.1723 2.011 252.204 85.7387 301.136 757.586 760.93 3.344 4.966 0.1 523332 22830
2012 08 30 12 18 42. -50.3044 114.166 0.0057 -17.9578 34.1723 2.011 265.754 70.0496 300.329 673.11 673.08 -0.03 6.149 0.1 523481 22830
2012 09 03 18 23 08. -10.677 113.965 0.0348 -17.9578 34.1723 2.011 253.914 77.1607 299.938 710.049 715.31 5.261 5.623 0.1 523642 22830
2012 09 07 03 19 43. 27.4842 104.05 0.0145 -17.9578 34.1723 2.011 244.695 81.3588 299.787 735.853 739.12 3.267 5.295 0.1 553509 22830
2012 09 14 04 51 48. -3.3008 100.67 0.0233 -17.9578 34.1723 2.011 251.964 66.6404 299.263 647.884 652.33 4.446 6.387 0.1 523871 22830
2012 09 15 16 32 24. -10.7365 113.935 0.0293 -17.9578 34.1723 2.011 253.93 77.116 300.097 710.756 715.06 4.304 5.626 0.1 523888 22830
2012 10 18 01 27 16. -54.3051 144.208 0.0113 -17.9578 34.1723 2.011 243.604 86.7221 300.419 764.308 764.93 0.622 4.899 0.1 524323 22830
2012 11 06 01 36 22. 1.2999 122.248 0.0319 -17.9578 34.1723 2.011 252.11 88.5648 299.585 769.113 774.69 5.577 4.741 0.1 524663 22830
2012 11 06 06 17 28. 9.967 57.1825 0.0153 -17.9578 34.1723 2.011 219.428 35.8645 301.697 420.731 422.65 1.919 8.567 0.1 524668 22830
2012 11 07 06 26 32. 38.4775 46.6148 0.006 -17.9578 34.1723 2.011 194.1 57.3379 300.782 589.534 591.84 2.306 7.039 0.1 524683 22830
2012 11 11 01 12 39. 22.8908 95.848 0.0142 -17.9578 34.1723 2.011 241.378 72.6646 299.731 686.938 690.24 3.302 5.942 0.1 524746 22830
2012 11 11 10 54 43. 22.6992 95.7655 0.0175 -17.9578 34.1723 2.011 241.387 72.5064 299.523 685.25 689.29 4.04 5.953 0.1 524762 22830
2012 12 05 17 08 13. 33.5052 59.6055 0.013 -17.9578 34.1723 2.011 209.303 56.6409 299.208 581.896 586.66 4.764 7.094 0.1 525127 22830
2012 12 23 13 31 40. 42.4407 41.0577 0.0129 -17.9578 34.1723 2.011 187.539 60.4296 300.508 609.651 613.32 3.669 6.816 0.1 525447 22830
2012 12 29 17 50 52. 35.6651 70.563 0.1178 -17.9578 34.1723 2.011 219.124 63.5078 301.437 619.017 633.50 14.483 6.598 0.1 525544 22830
2013 01 08 14 16 09. 39.6681 25.5372 0.0111 -17.9578 34.1723 2.011 170.286 57.8895 301.553 593.374 595.75 2.376 6.996 0.1 525686 22830
2013 01 09 01 41 53. 25.322 95.0088 0.0926 -17.9578 34.1723 2.011 240.272 73.1748 301.142 681.803 693.32 11.517 5.903 0.1 553511 22830
2013 01 10 13 47 05. 4.7427 95.0989 0.0517 -17.9578 34.1723 2.011 247.571 64.1626 301.91 630.993 636.53 5.537 6.565 0.1 525739 22830
2013 01 18 12 42 51. 30.9699 99.4687 0.0149 -17.9578 34.1723 2.011 241.634 79.351 299.52 724.736 728.45 3.714 5.449 0.1 525838 22830
2013 01 21 22 22 54. 4.9625 95.9215 0.0246 -17.9578 34.1723 2.011 247.692 65.0037 302.498 640.375 642.04 1.665 6.505 0.1 525877 22830
2013 01 28 16 38 53. 42.5824 79.7217 0.0143 -17.9578 34.1723 2.011 225.159 73.3977 299.963 691.501 695.19 3.689 5.880 0.1 525963 22830
2013 03 19 03 29 02. -58.9815 -24.5697 0.052 -17.9578 34.1723 2.011 72.035 58.8059 298.013 590.886 599.75 8.864 6.957 0.1 527097 22830
2013 04 09 11 52 50. 28.4463 51.629 0.0128 -17.9578 34.1723 2.011 202.188 49.125 300.949 528.125 531.26 3.135 7.644 0.1 527405 22830
2013 04 10 01 58 28. 28.4184 51.7244 0.0148 -17.9578 34.1723 2.011 202.309 49.1311 299.914 526.821 531.31 4.489 7.643 0.1 527434 22830
2013 04 16 10 44 19. 27.9704 62.136 0.0631 -17.9578 34.1723 2.011 213.937 53.083 300.764 551.515 560.74 9.225 7.356 0.1 527535 22830
2013 04 17 03 15 52. 28.1233 62.3378 0.0599 -17.9578 34.1723 2.011 214.079 53.309 300.618 553.366 562.41 9.044 7.340 0.1 553380 22830
2013 04 20 00 02 47. 30.2688 103.02 0.018 -17.9578 34.1723 2.011 243.771 81.7514 298.962 736.523 741.25 4.727 5.262 0.1 553182 22830
2013 05 02 19 40 52. 2.7526 91.5409 0.0174 -17.9578 34.1723 2.011 247.59 60.1265 300.337 606.685 609.42 2.735 6.858 0.1 527822 22830
2013 05 12 00 07 03. 26.7051 57.7788 0.024 -17.9578 34.1723 2.011 209.859 49.9643 300.406 532.296 537.49 5.194 7.583 0.1 527941 22830
2013 05 12 10 54 49. 26.7261 57.7834 0.0144 -17.9578 34.1723 2.011 209.855 49.9845 300.673 534.153 537.65 3.497 7.582 0.1 527948 22830
2013 05 14 19 18 18. 0.7872 92.4259 0.0268 -17.9578 34.1723 2.011 248.844 60.2236 300.639 606.275 610.02 3.745 6.852 0.1 527980 22830
2013 05 16 05 57 00. -57.5817 -7.0183 0.01 -17.9578 34.1723 2.011 55.0311 49.9061 300.722 534.3 535.28 0.98 7.605 0.1 553382 22830
2013 05 18 04 05 42. -53.1208 22.0981 0.01 -17.9578 34.1723 2.011 19.636 36.3364 298.632 422.502 426.07 3.568 8.544 0.1 553383 22830
2013 05 18 10 03 17. 26.6877 57.8209 0.0088 -17.9578 34.1723 2.011 209.912 49.9681 299.979 534.22 537.52 3.3 7.583 0.1 528054 22830
2013 05 18 10 57 49. 26.6654 57.8031 0.0126 -17.9578 34.1723 2.011 209.902 49.9409 300.958 534.39 537.31 2.92 7.585 0.1 528055 22830
2013 05 26 06 08 15. 39.9496 67.4358 0.0155 -17.9578 34.1723 2.011 215.036 65.4268 300.126 642.13 646.17 4.04 6.456 0.1 528288 22830
2013 05 27 03 36 29. 14.6508 53.8151 0.0031 -17.9578 34.1723 2.011 211.511 37.7497 299.882 436.841 439.03 2.189 8.445 0.1 528300 22830
2013 06 07 20 13 14. -43.8504 -16.3007 0.01 -17.9578 34.1723 2.011 75.015 49.4696 300.224 530.475 531.75 1.275 7.639 0.1 528464 22830
2013 06 13 16 47 25. -9.9513 107.302 0.0206 -17.9578 34.1723 2.011 254.392 71.0495 300.299 676.769 679.62 2.851 6.070 0.1 528532 22830
2013 06 15 16 11 02. 34.4507 25.044 0.0215 -17.9578 34.1723 2.011 169.077 52.8363 300.926 554.687 559.37 4.683 7.371 0.1 528549 22830
2013 06 16 21 39 06. 34.4242 25.1864 0.025 -17.9578 34.1723 2.011 169.241 52.7882 300.122 553.044 559.01 5.966 7.374 0.1 528583 22830
2013 06 24 22 04 14. 10.6905 -42.6687 0.0175 -17.9578 34.1723 2.011 110.206 80.9956 301.19 734.839 736.79 1.951 5.331 0.1 528673 22830
2013 07 02 07 37 05. 4.6907 96.5824 0.0254 -17.9578 34.1723 2.011 247.977 65.5117 302.525 643.582 645.32 1.738 6.466 0.1 528755 22830
2013 07 02 13 55 42. 4.6193 96.6844 0.0324 -17.9578 34.1723 2.011 248.033 65.5795 302.324 642.824 645.75 2.926 6.461 0.1 528763 22830
2012 02 04 21 50 51. 13.0894 57.5871 0.0144 -18.9481 32.8842 2.011 217.906 40.0772 300.946 455.644 458.36 2.716 8.293 0.1 553500 22831
2012 02 23 05 08 12. -17.7691 -13.2008 0.01 -18.9481 32.8842 2.011 99.0364 43.6605 299.945 484.621 486.12 1.499 8.058 0.1 520467 22831
2012 02 26 06 17 19. 51.8008 95.9804 0.013 -18.9481 32.8842 2.011 237.577 89.2582 298.985 774.693 778.86 4.167 4.671 0.1 520525 22831
2012 03 08 22 50 07. 39.412 81.2585 0.0332 -18.9481 32.8842 2.011 227.531 73.5634 300.688 690.361 696.11 5.749 5.868 0.1 520762 22831
2012 03 12 06 06 43. 36.7552 73.1493 0.0298 -18.9481 32.8842 2.011 221.579 67.1871 300.743 651.913 657.30 5.387 6.331 0.1 520824 22831
2012 04 11 10 43 10. 0.7675 92.4284 0.0216 -18.9481 32.8842 2.011 248.031 61.6141 301.529 617.359 619.48 2.121 6.748 0.1 521308 22831
2012 04 14 10 56 18. -57.5759 -65.3721 0.0084 -18.9481 32.8842 2.011 107.113 78.5394 299.751 721.594 722.35 0.756 5.528 0.1 521454 22831
2012 04 14 19 26 42. -6.8563 105.349 0.0581 -18.9481 32.8842 2.011 252.378 71.2508 301.675 674.711 680.90 6.189 6.055 0.1 521467 22831
2012 04 15 05 57 40. 2.581 90.3359 0.025 -18.9481 32.8842 2.011 246.602 60.3785 300.215 607.161 611.16 3.999 6.840 0.1 521481 22831
2012 04 16 02 17 52. -2.6335 121.893 0.0279 -18.9481 32.8842 2.011 251.226 88.2181 301.834 770.303 772.96 2.657 4.770 0.1 521491 22831
2012 04 17 19 03 57. -59.1876 -16.8077 0.0136 -18.9481 32.8842 2.011 63.5691 53.7084 297.794 559.194 563.46 4.266 7.329 0.1 553177 22831
2012 04 20 22 19 46. 3.2303 93.7633 0.0216 -18.9481 32.8842 2.011 247.172 63.78 301.179 631.469 633.99 2.521 6.593 0.1 521580 22831
2012 04 20 23 14 31. 2.1742 93.3767 0.0327 -18.9481 32.8842 2.011 247.565 63.0198 300.955 624.627 628.93 4.303 6.645 0.1 521582 22831
2012 04 21 01 19 28. -35.3309 -16.1128 0.012 -18.9481 32.8842 2.011 82.5346 46.0868 300.81 504.496 505.41 0.914 7.885 0.1 521586 22831
2012 05 07 04 40 28. 41.5229 46.7652 0.0174 -18.9481 32.8842 2.011 194.97 61.524 299.821 615.688 620.72 5.032 6.734 0.1 521862 22831
2012 05 12 23 28 43. 38.6559 70.3729 0.0131 -18.9481 32.8842 2.011 218.665 67.2186 300.209 654.101 657.58 3.479 6.328 0.1 521934 22831
2012 05 13 01 19 10. -3.3709 89.3661 0.0136 -18.9481 32.8842 2.011 249.713 57.2751 300.118 587.209 589.40 2.191 7.065 0.1 521936 22831
2012 05 22 00 00 32. 42.6205 23.0074 0.0108 -18.9481 32.8842 2.011 169.398 61.9334 300.068 619.765 623.51 3.745 6.703 0.1 553505 22831
2012 06 23 04 34 53. 3.0022 97.9116 0.1019 -18.9481 32.8842 2.011 248.203 67.5265 301.334 646.533 658.14 11.607 6.322 0.1 553181 22831
2012 06 29 15 31 47. -24.7381 -9.6814 0.0142 -18.9481 32.8842 2.011 90.3035 39.8097 300.049 452.556 454.55 1.994 8.324 0.1 522638 22831
2012 06 29 21 07 32. 43.4335 84.6125 0.0171 -18.9481 32.8842 2.011 229.406 78.1153 300.087 718.139 722.05 3.911 5.532 0.1 522641 22831
2012 08 11 12 23 17. 38.4023 46.838 0.0087 -18.9481 32.8842 2.011 195.521 58.5314 299.925 596.618 600.21 3.592 6.953 0.1 523253 22831
2012 08 11 12 34 36. 38.3798 46.7958 0.0189 -18.9481 32.8842 2.011 195.479 58.5009 300.158 595.001 599.99 4.989 6.955 0.1 523255 22831
2012 08 12 10 47 07. 35.6526 82.5417 0.014 -18.9481 32.8842 2.011 229.395 71.8381 298.744 681.034 685.80 4.766 5.996 0.1 523270 22831
2012 08 30 12 18 42. -50.3044 114.166 0.0057 -18.9481 32.8842 2.011 264.087 70.1437 300.347 673.703 673.60 -0.103 6.143 0.1 523481 22831
2012 09 03 18 23 08. -10.677 113.965 0.0348 -18.9481 32.8842 2.011 252.756 78.2492 300.442 716.607 721.37 4.763 5.542 0.1 523642 22831
2012 09 14 04 51 48. -3.3008 100.67 0.0233 -18.9481 32.8842 2.011 250.996 67.9321 300.283 657.093 660.52 3.427 6.294 0.1 523871 22831
2012 09 15 16 32 24. -10.7365 113.935 0.0293 -18.9481 32.8842 2.011 252.771 78.2035 301.032 717.744 721.12 3.376 5.545 0.1 523888 22831
2012 11 06 06 17 28. 9.967 57.1825 0.0153 -18.9481 32.8842 2.011 219.87 37.4122 300.639 432.85 435.86 3.01 8.470 0.1 524668 22831
2012 11 07 06 26 32. 38.4775 46.6148 0.006 -18.9481 32.8842 2.011 195.267 58.5573 300.545 597.852 600.39 2.538 6.951 0.1 524683 22831
2012 11 11 01 12 39. 22.8908 95.848 0.0142 -18.9481 32.8842 2.011 241.17 74.222 298.861 695.237 699.42 4.183 5.826 0.1 524746 22831
2012 12 23 13 31 40. 42.4407 41.0577 0.0129 -18.9481 32.8842 2.011 188.804 61.5441 301.333 618.062 620.90 2.838 6.732 0.1 525447 22831
2012 12 29 17 50 52. 35.6651 70.563 0.1178 -18.9481 32.8842 2.011 219.667 64.9997 301.387 628.7 643.28 14.58 6.490 0.1 525544 22831
2013 01 08 14 16 09. 39.6681 25.5372 0.0111 -18.9481 32.8842 2.011 171.858 58.7123 301.526 599.098 601.53 2.432 6.940 0.1 525686 22831
2013 01 09 01 41 53. 25.322 95.0088 0.0926 -18.9481 32.8842 2.011 240.139 74.7396 301.171 690.958 702.48 11.522 5.786 0.1 553511 22831
2013 01 10 13 47 05. 4.7427 95.0989 0.0517 -18.9481 32.8842 2.011 246.857 65.5933 302 640.389 645.86 5.471 6.460 0.1 525739 22831
2013 01 18 12 42 51. 30.9699 99.4687 0.0149 -18.9481 32.8842 2.011 241.589 80.9204 299.501 733.182 736.92 3.738 5.330 0.1 525838 22831
2013 01 21 22 22 54. 4.9625 95.9215 0.0246 -18.9481 32.8842 2.011 246.979 66.433 302.618 649.729 651.27 1.541 6.399 0.1 525877 22831
2013 03 19 03 29 02. -58.9815 -24.5697 0.052 -18.9481 32.8842 2.011 71.4039 57.33 298.636 581.174 589.39 8.216 7.066 0.1 527097 22831
2012 02 04 21 50 51. 13.0894 57.5871 0.0144 -19.4219 33.2916 2.011 216.983 40.2031 301.202 456.943 459.44 2.497 8.285 0.1 553500 22832
2012 02 23 05 08 12. -17.7691 -13.2008 0.01 -19.4219 33.2916 2.011 99.7709 43.9947 300.212 487.576 488.81 1.234 8.033 0.1 520467 22832
2012 02 26 06 17 19. 51.8008 95.9804 0.013 -19.4219 33.2916 2.011 236.995 89.4381 299.045 775.593 779.72 4.127 4.656 0.1 520525 22832
2012 03 08 22 50 07. 39.412 81.2585 0.0332 -19.4219 33.2916 2.011 226.915 73.7082 300.805 691.326 696.98 5.654 5.858 0.1 520762 22832
2012 03 12 06 06 43. 36.7552 73.1493 0.0298 -19.4219 33.2916 2.011 220.946 67.3617 300.887 653.161 658.42 5.259 6.318 0.1 520824 22832
2012 04 11 08 38 37. 2.2376 93.0144 0.0263 -19.4219 33.2916 2.011 246.835 62.4406 300.041 620.766 625.08 4.314 6.685 0.1 521291 22832
2012 04 11 10 43 10. 0.7675 92.4284 0.0216 -19.4219 33.2916 2.011 247.417 61.3332 301.562 615.495 617.59 2.095 6.769 0.1 521308 22832
2012 04 14 10 56 18. -57.5759 -65.3721 0.0084 -19.4219 33.2916 2.011 107.705 78.3533 300.973 721.783 721.30 -0.483 5.543 0.1 521454 22832
2012 04 15 05 57 40. 2.581 90.3359 0.025 -19.4219 33.2916 2.011 245.965 60.1247 300.398 605.611 609.43 3.819 6.858 0.1 521481 22832
2012 04 16 02 17 52. -2.6335 121.893 0.0279 -19.4219 33.2916 2.011 250.769 87.8162 300.398 766.951 771.04 4.089 4.801 0.1 521491 22832
2012 04 17 19 03 57. -59.1876 -16.8077 0.0136 -19.4219 33.2916 2.011 64.2728 53.4857 297.923 557.685 561.80 4.115 7.346 0.1 553177 22832
2012 04 20 23 14 31. 2.1742 93.3767 0.0327 -19.4219 33.2916 2.011 246.952 62.7489 302.067 623.938 627.14 3.202 6.661 0.1 521582 22832
2012 04 21 01 19 28. -35.3309 -16.1128 0.012 -19.4219 33.2916 2.011 83.3697 46.1757 299.115 503.501 506.08 2.579 7.879 0.1 521586 22832
2012 05 07 04 40 28. 41.5229 46.7652 0.0174 -19.4219 33.2916 2.011 194.434 61.9079 300.722 619.182 623.32 4.138 6.705 0.1 521862 22832
2012 05 12 23 28 43. 38.6559 70.3729 0.0131 -19.4219 33.2916 2.011 218.045 67.425 300.068 655.265 658.90 3.635 6.313 0.1 521934 22832
2012 05 13 01 19 10. -3.3709 89.3661 0.0136 -19.4219 33.2916 2.011 249.09 56.965 300.392 585.286 587.22 1.934 7.088 0.1 521936 22832
2012 05 20 02 03 53. 44.873 11.2227 0.0177 -19.4219 33.2916 2.011 157.356 67.0776 300.077 652.329 656.97 4.641 6.335 0.1 522040 22832
2012 05 22 00 00 32. 42.6205 23.0074 0.0108 -19.4219 33.2916 2.011 169.045 62.4559 301.489 624.693 627.02 2.327 6.662 0.1 553505 22832
2012 06 10 12 44 16. 36.3847 28.9676 0.032 -19.4219 33.2916 2.011 175.056 55.6532 302.453 575.273 579.95 4.677 7.164 0.1 522378 22832
2012 06 23 04 34 53. 3.0022 97.9116 0.1019 -19.4219 33.2916 2.011 247.618 67.2455 301.454 644.876 656.37 11.494 6.341 0.1 553181 22832
2012 06 29 15 31 47. -24.7381 -9.6814 0.0142 -19.4219 33.2916 2.011 91.1737 40.0514 300.326 454.841 456.54 1.699 8.307 0.1 522638 22832
2012 06 29 21 07 32. 43.4335 84.6125 0.0171 -19.4219 33.2916 2.011 228.806 78.274 301.134 720.068 722.95 2.882 5.520 0.1 522641 22832
2012 08 11 12 23 17. 38.4023 46.838 0.0087 -19.4219 33.2916 2.011 194.961 58.9072 299.759 599.079 602.84 3.761 6.927 0.1 523253 22832
2012 08 11 12 34 36. 38.3798 46.7958 0.0189 -19.4219 33.2916 2.011 194.919 58.8769 300.357 597.828 602.63 4.802 6.929 0.1 523255 22832
2012 08 30 12 18 42. -50.3044 114.166 0.0057 -19.4219 33.2916 2.011 264.051 69.536 300.177 669.8 669.85 0.05 6.187 0.1 523481 22832
2012 09 03 18 23 08. -10.677 113.965 0.0348 -19.4219 33.2916 2.011 252.327 77.8079 300.392 714.107 718.92 4.813 5.576 0.1 523642 22832
2012 09 14 04 51 48. -3.3008 100.67 0.0233 -19.4219 33.2916 2.011 250.457 67.584 299.722 654.33 658.33 4.0 6.320 0.1 523871 22832
2012 09 15 16 32 24. -10.7365 113.935 0.0293 -19.4219 33.2916 2.011 252.343 77.7619 300.473 714.732 718.66 3.928 5.579 0.1 523888 22832
2012 11 06 01 36 22. 1.2999 122.248 0.0319 -19.4219 33.2916 2.011 250.679 89.4423 299.373 773.01 778.82 5.81 4.672 0.1 524663 22832
2012 11 06 06 17 28. 9.967 57.1825 0.0153 -19.4219 33.2916 2.011 218.883 37.5112 301.846 434.9 436.73 1.83 8.464 0.1 524668 22832
2012 11 11 01 12 39. 22.8908 95.848 0.0142 -19.4219 33.2916 2.011 240.543 74.1404 299.131 695.032 698.96 3.928 5.832 0.1 524746 22832
2012 12 05 17 08 13. 33.5052 59.6055 0.013 -19.4219 33.2916 2.011 209.449 58.3149 299.941 594.431 598.47 4.039 6.968 0.1 525127 22832
2012 12 23 13 31 40. 42.4407 41.0577 0.0129 -19.4219 33.2916 2.011 188.307 61.9674 300.1 619.687 623.76 4.073 6.700 0.1 525447 22832
2012 12 29 17 50 52. 35.6651 70.563 0.1178 -19.4219 33.2916 2.011 219.028 65.1842 301.545 630.054 644.50 14.446 6.476 0.1 525544 22832
2013 01 08 14 16 09. 39.6681 25.5372 0.0111 -19.4219 33.2916 2.011 171.477 59.2259 300.303 601.451 605.10 3.649 6.903 0.1 525686 22832
2013 01 09 01 41 53. 25.322 95.0088 0.0926 -19.4219 33.2916 2.011 239.51 74.6853 301.422 690.896 702.18 11.284 5.790 0.1 553511 22832
2013 01 10 13 47 05. 4.7427 95.0989 0.0517 -19.4219 33.2916 2.011 246.248 65.3402 301.772 638.52 644.24 5.72 6.479 0.1 525739 22832
2013 01 18 12 42 51. 30.9699 99.4687 0.0149 -19.4219 33.2916 2.011 240.973 80.8982 299.807 733.37 736.82 3.45 5.331 0.1 525838 22832
2013 01 21 22 22 54. 4.9625 95.9215 0.0246 -19.4219 33.2916 2.011 246.376 66.1786 302.16 647.636 649.65 2.014 6.418 0.1 525877 22832
2013 01 28 16 38 53. 42.5824 79.7217 0.0143 -19.4219 33.2916 2.011 225.047 75.0728 300.088 701.399 704.97 3.571 5.754 0.1 525963 22832
2013 03 19 03 29 02. -58.9815 -24.5697 0.052 -19.4219 33.2916 2.011 72.0866 57.1278 299.366 580.478 587.93 7.452 7.080 0.1 527097 22832
2013 04 09 11 52 50. 28.4463 51.629 0.0128 -19.4219 33.2916 2.011 202.536 50.7824 300.621 540.399 543.88 3.481 7.522 0.1 527405 22832
2013 04 16 10 44 19. 27.9704 62.136 0.0631 -19.4219 33.2916 2.011 213.881 54.7609 300.78 563.785 573.03 9.245 7.234 0.1 527535 22832
2013 04 17 03 15 52. 28.1233 62.3378 0.0599 -19.4219 33.2916 2.011 214.02 54.9869 301.115 566.093 574.66 8.567 7.216 0.1 553380 22832
2013 04 20 00 02 47. 30.2688 103.02 0.018 -19.4219 33.2916 2.011 243.059 83.2742 299.006 744.504 749.21 4.706 5.152 0.1 553182 22832
2013 04 24 09 25 30. 34.5122 70.2109 0.0675 -19.4219 33.2916 2.011 219.063 64.1089 300.588 627.594 637.49 9.896 6.554 0.1 527730 22832
2013 04 30 06 25 24. 37.5889 -24.9594 0.0197 -19.4219 33.2916 2.011 125.109 78.8293 301.054 722.627 725.84 3.213 5.483 0.1 527794 22832
2013 05 11 02 08 11. 26.6583 57.8438 0.0151 -19.4219 33.2916 2.011 210.013 51.6308 302.115 547.899 550.07 2.171 7.462 0.1 527912 22832
2013 05 12 00 07 03. 26.7051 57.7788 0.024 -19.4219 33.2916 2.011 209.926 51.6421 300.255 544.793 550.16 5.367 7.461 0.1 527941 22832
2013 05 12 10 54 49. 26.7261 57.7834 0.0144 -19.4219 33.2916 2.011 209.922 51.6623 301.097 547.227 550.31 3.083 7.459 0.1 527948 22832
2013 05 14 19 18 18. 0.7872 92.4259 0.0268 -19.4219 33.2916 2.011 247.406 61.3384 301.324 614.558 617.63 3.072 6.769 0.1 527980 22832
2013 05 16 05 57 00. -57.5817 -7.0183 0.01 -19.4219 33.2916 2.011 54.9503 48.2286 300.694 521.412 522.37 0.958 7.728 0.1 553382 22832
2013 05 18 04 05 42. -53.1208 22.0981 0.01 -19.4219 33.2916 2.011 18.7552 34.7378 297.666 407.831 412.28 4.449 8.641 0.1 553383 22832
2013 05 26 06 08 15. 39.9496 67.4358 0.0155 -19.4219 33.2916 2.011 215.102 67.1043 300.081 652.86 656.94 4.08 6.335 0.1 528288 22832
2013 05 27 03 36 29. 14.6508 53.8151 0.0031 -19.4219 33.2916 2.011 211.4 39.4269 300.305 451.336 453.16 1.824 8.335 0.1 528300 22832
2013 06 07 20 13 14. -43.8504 -16.3007 0.01 -19.4219 33.2916 2.011 75.6976 47.8712 299.589 517.538 519.39 1.852 7.756 0.1 528464 22832
2013 06 13 16 47 25. -9.9513 107.302 0.0206 -19.4219 33.2916 2.011 252.792 71.7681 300.632 681.433 683.95 2.517 6.019 0.1 528532 22832
2013 06 15 16 11 02. 34.4507 25.044 0.0215 -19.4219 33.2916 2.011 170.384 54.1452 301.3 564.674 569.01 4.336 7.274 0.1 528549 22832
2013 06 16 21 39 06. 34.4242 25.1864 0.025 -19.4219 33.2916 2.011 170.545 54.0996 300.903 563.459 568.68 5.221 7.278 0.1 528583 22832
2013 06 24 22 04 14. 10.6905 -42.6687 0.0175 -19.4219 33.2916 2.011 111.846 80.5541 301.527 732.82 734.45 1.63 5.365 0.1 528673 22832
2013 07 02 07 37 05. 4.6907 96.5824 0.0254 -19.4219 33.2916 2.011 246.653 66.675 302.261 650.803 652.81 2.007 6.381 0.1 528755 22832
2013 07 02 13 55 42. 4.6193 96.6844 0.0324 -19.4219 33.2916 2.011 246.707 66.7403 302.884 650.844 653.22 2.376 6.376 0.1 528763 22832
2013 07 15 14 03 41. -61.0527 -25.2274 0.0199 -19.4219 33.2916 2.011 71.4686 58.0916 298.886 590.708 594.71 4.002 7.007 0.1 553183 22832
