2012 06 29 21 07 32.950 43.433 84.612 17.1 6.243 7.112 0.05 265.95 76.6585 306.765 714.836 709.77 -5.066 5.654 0.1 522641 22833
2012 04 11 08 38 37.800 2.237 93.014 26.3 7.55 4.547 0.289 277.439 88.1912 304.358 771.56 768.60 -2.96 4.767 0.1 521291 22532
2012 04 11 10 43 10.530 0.767 92.428 21.6 7.55 4.547 0.289 277.477 87.7998 302.673 769.145 767.43 -1.715 4.798 0.1 521308 22532
2012 04 14 10 56 18.310 -57.575 -65.372 8.4 7.55 4.547 0.289 69.0182 85.7886 302.33 761.022 760.32 -0.702 4.950 0.1 521454 22532
2012 04 17 03 50 15.280 -32.637 -71.564 29.7 7.55 4.547 0.289 76.1176 82.4876 302.578 741.3 740.01 -1.29 5.209 0.1 521513 22532
2012 04 17 19 03 57.120 -59.187 -16.807 13.6 7.55 4.547 0.289 22.7998 68.6889 299.798 662.68 664.32 1.64 6.222 0.1 553177 22532
2012 05 14 10 00 39.800 -17.796 -69.792 108.7 7.55 4.547 0.289 77.8425 77.5646 302.248 704.467 704.15 -0.317 5.558 0.1 521959 22532
2012 05 28 05 07 23.520 -28.021 -63.113 591.1 7.55 4.547 0.289 72.3652 74.2069 302.341 638.84 637.85 -0.99 5.617 0.1 553199 22532
2012 06 02 07 52 54.600 -22.101 -63.657 539.4 7.55 4.547 0.289 74.3002 72.9879 302.097 635.515 635.21 -0.305 5.724 0.1 553200 22532
2012 06 04 00 45 16.380 5.294 -82.632 15 7.55 4.547 0.289 82.7767 86.5285 303.25 764.888 762.30 -2.588 4.898 0.1 522270 22532
2012 06 04 03 15 24.590 5.45 -82.563 9.5 7.55 4.547 0.289 82.7921 86.4408 304.801 766.229 762.79 -3.439 4.906 0.1 522271 22532
2012 06 07 04 05 04.70 -36.051 -70.854 5.8 7.55 4.547 0.289 75.2726 82.7598 302.438 746.386 745.24 -1.146 5.195 0.1 553201 22532
2012 06 07 16 03 18.520 -15.911 -72.472 106.7 7.55 4.547 0.289 79.0873 79.7048 301.667 716.166 716.07 -0.096 5.402 0.1 522329 22532
2012 06 10 12 44 16.360 36.384 28.967 32 7.55 4.547 0.289 223.772 36.3347 302.531 422.19 421.61 -0.58 8.533 0.1 522378 22532
2012 06 29 21 07 32.950 43.433 84.612 17.1 7.55 4.547 0.289 268.704 77.6414 302.494 716.563 715.21 -1.353 5.584 0.1 522641 22532
2011 05 15 13 08 15.420 0.458 -25.608 18.9 10.435 7.6414 0.668 72.1761 34.5084 303.223 408.813 407.04 -1.773 8.652 0.1 516209 22464
2011 11 07 22 35 25.320 11.691 -85.783 177.2 10.435 7.6414 0.668 79.1561 91.2219 302.143 765.827 764.82 -1.007 4.631 0.1 518915 22464
2011 11 17 01 57 04.790 -1.747 -81.705 19.6 10.435 7.6414 0.668 79.6182 89.6696 306.106 781.32 776.59 -4.73 4.650 0.1 519021 22464
2011 11 22 18 48 16.290 -15.308 -65.163 560.3 10.435 7.6414 0.668 75.1055 76.5021 301.286 653 653.03 0.03 5.471 0.1 519114 22464
2011 12 07 22 23 07.780 -27.932 -71.134 13.8 10.435 7.6414 0.668 75.5607 85.0912 303.42 757.644 755.79 -1.854 5.011 0.1 519310 22464
2011 12 11 09 54 56.480 -56.049 -28.213 130.6 10.435 7.6414 0.668 37.1327 72.6403 301.173 673.697 674.43 0.733 5.899 0.1 550967 22464
2011 12 27 15 21 57.570 51.834 95.964 12.8 10.435 7.6414 0.668 275.177 80.8522 301.349 733.783 733.25 -0.533 5.349 0.1 519571 22464
2012 05 14 10 00 39.800 -17.796 -69.792 108.7 6.867 7.417 0.43 79.4725 80.0168 304.92 721.131 717.53 -3.601 5.378 0.1 521959 22534
2012 05 28 05 07 23.520 -28.021 -63.113 591.1 6.867 7.417 0.43 74.4966 76.2857 303.801 652.292 649.33 -2.962 5.472 0.1 553199 22534
2012 06 02 07 52 54.600 -22.101 -63.657 539.4 6.867 7.417 0.43 76.2044 75.2716 304.909 651.319 648.06 -3.259 5.567 0.1 553200 22534
2012 06 04 03 15 24.590 5.45 -82.563 9.5 6.867 7.417 0.43 83.2105 89.3382 308.278 783.699 776.68 -7.019 4.680 0.1 522271 22534
2012 06 07 04 05 04.70 -36.051 -70.854 5.8 6.867 7.417 0.43 77.5569 84.6077 305.85 759.79 754.65 -5.14 5.051 0.1 553201 22534
2012 06 07 16 03 18.520 -15.911 -72.472 106.7 6.867 7.417 0.43 80.6029 82.2206 304.095 732.586 729.39 -3.196 5.211 0.1 522329 22534
2012 03 25 22 37 06.560 -35.203 -72.126 28.2 10.986 8.118 0.882 75.4846 88.4184 300.834 769.28 769.83 0.55 4.741 0.1 553198 22834
2012 04 11 08 38 37.800 2.237 93.014 26.3 10.986 8.118 0.882 280.757 84.57 300.476 749.696 750.82 1.124 5.056 0.1 521291 22834
2012 04 11 10 43 10.530 0.767 92.428 21.6 10.986 8.118 0.882 280.893 84.2688 297.584 747.075 750.00 2.925 5.079 0.1 521308 22834
2012 04 14 10 56 18.310 -57.575 -65.372 8.4 10.986 8.118 0.882 70.2994 90.5256 300.8 782.511 782.98 0.469 4.640 0.1 521454 22834
2012 04 15 05 57 40.120 2.581 90.335 25 10.986 8.118 0.882 280.665 81.8764 295.809 732.71 737.11 4.4 5.258 0.1 521481 22834
2012 04 17 03 50 15.280 -32.637 -71.564 29.7 10.986 8.118 0.882 75.2602 87.3197 303.147 765.888 764.34 -1.548 4.826 0.1 521513 22834
2012 04 17 19 03 57.120 -59.187 -16.807 13.6 10.986 8.118 0.882 25.6728 72.7788 296.131 683.032 689.27 6.238 5.923 0.1 553177 22834
2012 05 01 22 43 35.30 14.454 -93.042 28.7 10.986 8.118 0.882 76.5403 97.8828 308.641 820.636 812.73 -7.906 4.499 0.1 553196 22834
2012 05 14 10 00 39.800 -17.796 -69.792 108.7 10.986 8.118 0.882 75.8048 82.0433 304.099 731.301 728.35 -2.951 5.222 0.1 521959 22834
2012 05 20 02 03 53.990 44.873 11.222 17.7 10.986 8.118 0.882 185.474 33.8718 306.164 406.186 402.60 -3.586 8.684 0.1 522040 22834
2012 05 28 05 07 23.520 -28.021 -63.113 591.1 10.986 8.118 0.882 71.2804 78.9991 305.305 667.801 664.03 -3.771 5.270 0.1 553199 22834
2012 06 02 07 52 54.600 -22.101 -63.657 539.4 10.986 8.118 0.882 72.7012 77.6449 305.136 664.552 661.18 -3.372 5.398 0.1 553200 22834
2012 06 04 00 45 16.380 5.294 -82.632 15 10.986 8.118 0.882 79.0634 89.739 305.407 782.043 777.60 -4.443 4.647 0.1 522270 22834
2012 06 04 03 15 24.590 5.45 -82.563 9.5 10.986 8.118 0.882 79.0706 89.6422 308.133 785.559 778.07 -7.489 4.656 0.1 522271 22834
2012 06 07 04 05 04.70 -36.051 -70.854 5.8 10.986 8.118 0.882 74.7096 87.6346 303.118 772.071 769.69 -2.381 4.806 0.1 553201 22834
2012 06 07 16 03 18.520 -15.911 -72.472 106.7 10.986 8.118 0.882 76.8724 84.0948 305.331 742.834 739.10 -3.734 5.066 0.1 522329 22834
2012 06 10 12 44 16.360 36.384 28.967 32 10.986 8.118 0.882 221.924 31.5369 303.144 381.8068 379.87 -1.9368 8.796 0.1 522378 22834
2012 06 23 04 34 53.600 3.002 97.911 101.9 10.986 8.118 0.882 280.889 89.2327 298.579 761.993 764.40 2.407 4.665 0.1 553181 22834
2012 06 29 21 07 32.950 43.433 84.612 17.1 10.986 8.118 0.882 268.85 72.7365 299.485 685.55 686.86 1.31 5.945 0.1 522641 22834
2012 07 25 00 27 45.820 2.625 96.11 28.6 10.986 8.118 0.882 280.822 87.5365 299.337 763.519 765.11 1.591 4.817 0.1 523007 22834
2012 07 26 05 33 33.860 -17.55 66.29 16.2 10.986 8.118 0.882 291.927 64.0693 298.184 630.326 633.52 3.194 6.566 0.1 523026 22834
2013 07 15 14 03 41.730 -61.052 -25.227 19.9 10.986 8.118 0.882 33.7176 76.4883 297.177 704.46 709.59 5.13 5.650 0.1 553183 22834
2013 07 17 02 37 43.740 -15.666 -71.745 13 10.986 8.118 0.882 76.6843 83.3577 306.899 752.172 746.97 -5.202 5.151 0.1 528946 22834
2013 07 21 23 45 55.920 34.504 104.26 5.1 10.986 8.118 0.882 282.454 88.8539 300.3 774.402 774.80 0.398 4.724 0.1 529026 22834
2013 07 22 07 01 41.750 -46.094 34.861 3.2 10.986 8.118 0.882 329.876 61.6901 294.384 612.656 620.88 8.224 6.726 0.1 529033 22834
2013 07 26 21 33 00.60 -58.035 -24.28 17 10.986 8.118 0.882 33.2398 73.6975 297.39 689.338 694.06 4.722 5.856 0.1 553176 22834
2013 08 13 15 43 15.910 5.718 -78.125 18.6 10.986 8.118 0.882 79.4748 85.2526 309.297 763.388 755.36 -8.028 5.004 0.1 529340 22834
2013 08 17 16 32 31.830 -34.886 54.127 10.9 10.986 8.118 0.882 307.596 63.0735 293.188 619.359 628.41 9.051 6.630 0.1 529414 22834
2013 10 04 17 26 14.250 -38.707 78.5 11 10.986 8.118 0.882 290.914 81.951 314.65 753.41 740.35 -13.06 5.245 0.1 530134 22834
