2010 05 31 19 51 47.690 11.21 93.651 131.6 32.5787 10.5292 0.55 301.131 78.3042 301.163 705.5 705.11 -0.39 5.503 0.1 509381 20725
2010 06 01 03 26 17.170 9.32 -84.189 28.4 32.5787 10.5292 0.55 57.305 88.987 299.674 771.531 771.77 0.239 4.708 0.1 509385 20725
2010 06 12 19 26 50.50 7.85 91.954 31.4 32.5787 10.5292 0.55 301.612 78.6129 300.516 718.493 718.44 -0.053 5.507 0.1 509523 20725
2010 08 12 11 54 15.20 -1.277 -77.369 206.5 32.5787 10.5292 0.55 57.5514 88.9059 299.245 749.272 750.94 1.668 4.661 0.1 510310 20725
2010 08 21 05 42 54.130 2.198 96.723 33.2 32.5787 10.5292 0.55 302.339 85.6172 301.91 756.787 755.04 -1.747 4.969 0.1 510452 20725
2010 09 17 19 21 15.200 36.535 70.969 215.4 32.5787 10.5292 0.55 284.119 49.224 298.74 504.547 505.69 1.143 7.569 0.1 551205 20725
2012 06 02 07 52 54.600 -22.101 -63.657 539.4 32.5787 10.5292 0.55 54.3312 89.2602 301.236 718.663 719.32 0.657 4.634 0.1 553200 20725
2012 06 04 00 45 16.380 5.294 -82.632 15 32.5787 10.5292 0.55 57.4589 89.8422 301.673 779.32 777.97 -1.35 4.643 0.1 522270 20725
2012 06 04 03 15 24.590 5.45 -82.563 9.5 32.5787 10.5292 0.55 57.4657 89.701 301.253 778.69 778.23 -0.46 4.653 0.1 522271 20725
2012 06 23 04 34 53.600 3.002 97.911 101.9 32.5787 10.5292 0.55 302.299 86.1932 302.919 751.366 749.82 -1.546 4.903 0.1 553181 20725
2012 06 24 03 15 01.980 57.501 163.414 16 32.5787 10.5292 0.55 337.343 87.3982 297.578 762.645 764.81 2.165 4.856 0.1 522562 20725
2012 07 25 00 27 45.820 2.625 96.11 28.6 32.5787 10.5292 0.55 302.311 84.8728 302.238 753.445 751.98 -1.465 5.032 0.1 523007 20725
2012 07 26 05 33 33.860 -17.55 66.29 16.2 32.5787 10.5292 0.55 313.121 72.9866 303.798 690.965 689.78 -1.185 5.911 0.1 523026 20725
2012 08 12 10 47 07.390 35.652 82.541 14 32.5787 10.5292 0.55 289.549 58.4454 297.712 592.349 594.37 2.021 6.982 0.1 523270 20725
2012 08 14 02 59 38.860 49.75 145.305 590.7 32.5787 10.5292 0.55 323.167 88.7318 297.647 707.794 710.09 2.296 4.640 0.1 523282 20725
2012 09 30 16 31 34.70 1.907 -76.371 155.2 32.5787 10.5292 0.55 57.645 86.3682 300.167 744.104 744.57 0.466 4.875 0.1 524079 20725
2012 10 28 03 04 07.790 52.677 -132.172 7.4 32.5787 10.5292 0.55 30.7759 89.0738 298.227 772.464 774.31 1.846 4.725 0.1 524471 20725
2012 10 30 02 49 01.320 52.145 -132.111 9.5 32.5787 10.5292 0.55 30.8203 89.5125 297.261 773.968 776.03 2.062 4.691 0.1 524556 20725
2012 11 11 01 12 39.150 22.89 95.848 14.2 32.5787 10.5292 0.55 299.058 74.2883 303.957 699.834 696.03 -3.804 5.837 0.1 524746 20725
2012 11 12 20 42 15.870 57.557 -142.859 19 32.5787 10.5292 0.55 22.245 87.45 296.739 761.896 764.56 2.664 4.851 0.1 524794 20725
2013 01 05 08 58 19.180 55.234 -134.8 3.1 32.5787 10.5292 0.55 28.7309 87.6204 299.819 768.666 768.07 -0.596 4.840 0.1 525642 20725
2013 01 21 22 22 54.780 4.962 95.921 24.6 32.5787 10.5292 0.55 302.108 83.4757 302.188 746.445 745.39 -1.055 5.144 0.1 525877 20725
2013 02 14 13 13 52.720 67.517 142.701 8.9 32.5787 10.5292 0.55 319.372 73.9385 297.132 691.429 693.97 2.541 5.875 0.1 526587 20725
2013 06 24 22 04 14.180 10.69 -42.668 17.5 32.5787 10.5292 0.55 57.3301 53.4246 300.952 558.799 558.78 -0.019 7.344 0.1 528673 20725
2013 07 02 07 37 05.90 4.69 96.582 25.4 32.5787 10.5292 0.55 302.151 84.1772 301.046 748.983 748.87 -0.113 5.087 0.1 528755 20725
2010 04 06 22 15 02.130 2.36 97.111 33.4 37.0469 9.1091 0.093 306.803 86.9958 305.977 766.849 761.76 -5.089 4.859 0.1 508706 22835
2010 04 13 23 49 37.10 33.192 96.746 13.8 37.0469 9.1091 0.093 301.248 69.2356 301.368 667.36 665.33 -2.03 6.210 0.1 508820 22835
2010 04 14 01 25 16.450 33.149 96.489 12.2 37.0469 9.1091 0.093 301.164 69.0735 299.566 664.118 664.59 0.472 6.222 0.1 508826 22835
2010 04 30 23 11 43.690 60.47 -177.85 13.3 37.0469 9.1091 0.093 354.391 82.6647 298.312 740.624 741.28 0.656 5.230 0.1 509025 22835
2010 04 30 23 16 29.210 60.467 -177.606 16 37.0469 9.1091 0.093 354.588 82.6793 300.579 742.361 740.90 -1.461 5.228 0.1 509026 22835
2010 05 09 05 59 42.340 3.732 96.027 42.3 37.0469 9.1091 0.093 306.716 85.3129 300.996 752.658 752.35 -0.308 4.994 0.1 509134 22835
2010 05 24 16 18 28.810 -8.115 -71.641 582.1 37.0469 9.1091 0.093 52.2245 87.5235 300.934 706.126 707.00 0.874 4.643 0.1 509297 22835
2010 05 25 10 09 06.280 35.283 -35.936 15.4 37.0469 9.1091 0.093 73.685 36.1531 299.11 419.832 420.84 1.008 8.560 0.1 550452 22835
2010 06 01 03 26 17.170 9.32 -84.189 28.4 37.0469 9.1091 0.093 53.1112 87.0716 301.405 763.237 762.60 -0.637 4.858 0.1 509385 22835
2010 06 12 19 26 50.50 7.85 91.954 31.4 37.0469 9.1091 0.093 306.191 79.6228 299.408 723.36 723.94 0.58 5.436 0.1 509523 22835
2010 07 30 03 56 14.650 52.421 159.922 30.3 37.0469 9.1091 0.093 337.009 87.3376 299.855 762.207 762.24 0.033 4.859 0.1 510120 22835
2010 08 12 11 54 15.20 -1.277 -77.369 206.5 37.0469 9.1091 0.093 53.0429 87.9451 299.107 745.089 746.44 1.351 4.736 0.1 510310 22835
2010 08 16 03 30 54.210 -17.807 65.602 14.7 37.0469 9.1091 0.093 316.612 76.2054 305.909 712.701 708.75 -3.951 5.672 0.1 510398 22835
2010 09 17 19 21 15.200 36.535 70.969 215.4 37.0469 9.1091 0.093 290.194 48.7394 300.665 502.467 501.92 -0.547 7.606 0.1 551205 22835
2012 04 11 08 38 37.800 2.237 93.014 26.3 37.0469 9.1091 0.093 306.846 83.7915 304.178 749.38 746.86 -2.52 5.117 0.1 521291 22835
2012 04 11 10 43 10.530 0.767 92.428 21.6 37.0469 9.1091 0.093 306.99 84.2002 302.254 750.726 749.69 -1.036 5.084 0.1 521308 22835
2012 06 04 03 15 24.590 5.45 -82.563 9.5 37.0469 9.1091 0.093 53.148 88.0885 303.181 772.593 770.62 -1.973 4.781 0.1 522271 22835
2012 06 23 04 34 53.600 3.002 97.911 101.9 37.0469 9.1091 0.093 306.791 87.2537 302.54 756.942 754.96 -1.982 4.820 0.1 553181 22835
2012 06 24 03 15 01.980 57.501 163.414 16 37.0469 9.1091 0.093 339.559 83.3533 300.106 745.128 744.44 -0.688 5.180 0.1 522562 22835
2012 06 29 21 07 32.950 43.433 84.612 17.1 37.0469 9.1091 0.093 291.158 56.1605 301.484 578.536 577.48 -1.056 7.157 0.1 522641 22835
2012 07 20 06 10 27.340 49.247 156.109 37.9 37.0469 9.1091 0.093 334.164 89.2315 302.982 773.644 770.29 -3.354 4.708 0.1 553185 22835
2012 07 25 00 27 45.820 2.625 96.11 28.6 37.0469 9.1091 0.093 306.784 86.0372 301.226 757.408 757.77 0.362 4.936 0.1 523007 22835
2012 07 26 05 33 33.860 -17.55 66.29 16.2 37.0469 9.1091 0.093 316.246 76.4723 306.388 714.53 709.99 -4.54 5.654 0.1 523026 22835
2012 08 02 09 38 31.250 -8.454 -74.272 148.8 37.0469 9.1091 0.093 52.6321 89.7927 302.349 763.101 761.90 -1.201 4.642 0.1 523107 22835
2012 08 12 10 47 07.390 35.652 82.541 14 37.0469 9.1091 0.093 294.913 57.73 298.901 588.513 589.26 0.747 7.039 0.1 523270 22835
2012 08 14 02 59 38.860 49.75 145.305 590.7 37.0469 9.1091 0.093 326.242 85.2953 299.884 694.026 693.81 -0.216 4.832 0.1 523282 22835
2012 08 30 13 43 25.300 71.446 -11.034 11.1 37.0469 9.1091 0.093 152.064 36.023 299.465 420.167 420.46 0.293 8.568 0.1 553178 22835
2012 09 05 14 42 07.730 10.024 -85.388 20.7 37.0469 9.1091 0.093 52.9702 87.5957 301.184 766.456 766.23 -0.226 4.819 0.1 523691 22835
2012 09 09 05 39 39.410 49.297 155.695 54 37.0469 9.1091 0.093 333.854 89.0677 301.556 770.148 767.64 -2.508 4.717 0.1 523773 22835
2012 10 24 00 45 33.800 10.074 -85.371 22.3 37.0469 9.1091 0.093 52.9744 87.5524 299.085 764.287 765.79 1.503 4.822 0.1 553202 22835
2012 10 30 02 49 01.320 52.145 -132.111 9.5 37.0469 9.1091 0.093 30.2035 84.9457 302.576 757.258 753.73 -3.528 5.055 0.1 524556 22835
2012 11 12 20 42 15.870 57.557 -142.859 19 37.0469 9.1091 0.093 22.2695 82.8419 299.279 741.411 741.30 -0.111 5.216 0.1 524794 22835
2012 11 16 18 12 43.260 49.236 155.654 50.8 37.0469 9.1091 0.093 333.824 89.1106 300.49 769.232 768.22 -1.012 4.714 0.1 524862 22835
2013 01 05 08 58 19.180 55.234 -134.8 3.1 37.0469 9.1091 0.093 28.3472 83.0282 305.278 751.1 744.95 -6.15 5.205 0.1 525642 22835
2013 02 28 14 05 50.870 50.786 157.485 52.8 37.0469 9.1091 0.093 335.183 88.2186 301.067 765.199 763.74 -1.459 4.785 0.1 526847 22835
2013 06 24 22 04 14.180 10.69 -42.668 17.5 37.0469 9.1091 0.093 51.5889 53.337 299.713 557.535 558.20 0.665 7.349 0.1 528673 22835
2013 07 02 07 37 05.90 4.69 96.582 25.4 37.0469 9.1091 0.093 306.666 85.1881 300.333 754.245 753.95 -0.295 5.009 0.1 528755 22835
2010 03 30 16 54 47.370 13.612 92.874 38.5 35.5616 8.6881 1.095 303.83 77.5431 300.223 710.855 711.36 0.505 5.590 0.1 552744 16385
2010 04 06 22 15 02.130 2.36 97.111 33.4 35.5616 8.6881 1.095 305.324 87.3575 301.657 764.529 763.51 -1.019 4.830 0.1 508706 16385
2010 04 13 23 49 37.10 33.192 96.746 13.8 35.5616 8.6881 1.095 299.999 70.2056 301.085 673.077 671.34 -1.737 6.140 0.1 508820 16385
2010 04 14 01 25 16.450 33.149 96.489 12.2 35.5616 8.6881 1.095 299.911 70.0402 300.77 671.322 670.59 -0.732 6.152 0.1 508826 16385
2010 04 30 23 11 43.690 60.47 -177.85 13.3 35.5616 8.6881 1.095 354.645 84.1643 302.044 751.356 749.05 -2.306 5.117 0.1 509025 16385
2010 04 30 23 16 29.210 60.467 -177.606 16 35.5616 8.6881 1.095 354.845 84.1784 303.477 753.259 748.68 -4.579 5.115 0.1 509026 16385
2010 05 09 05 59 42.340 3.732 96.027 42.3 35.5616 8.6881 1.095 305.238 85.6867 300.514 754.176 754.21 0.034 4.962 0.1 509134 16385
2010 05 19 04 15 42.630 -5.125 -77.496 129 35.5616 8.6881 1.095 54.4421 89.847 301.26 764.632 764.31 -0.322 4.642 0.1 509236 16385
2010 05 24 16 18 28.810 -8.115 -71.641 582.1 35.5616 8.6881 1.095 53.6043 86.8805 301.694 703.886 704.00 0.114 4.688 0.1 509297 16385
2010 05 25 10 09 06.280 35.283 -35.936 15.4 35.5616 8.6881 1.095 76.2635 36.1284 302.778 423.5 420.65 -2.85 8.561 0.1 550452 16385
2010 05 31 19 51 47.690 11.21 93.651 131.6 35.5616 8.6881 1.095 304.311 79.5095 300.785 712.097 711.66 -0.437 5.417 0.1 509381 16385
2010 06 01 03 26 17.170 9.32 -84.189 28.4 35.5616 8.6881 1.095 54.631 86.9754 299.268 761.1 762.14 1.04 4.866 0.1 509385 16385
2010 06 12 19 26 50.50 7.85 91.954 31.4 35.5616 8.6881 1.095 304.7 80.0213 299.29 725.242 726.10 0.858 5.406 0.1 509523 16385
2010 07 30 03 56 14.650 52.421 159.922 30.3 35.5616 8.6881 1.095 336.893 88.854 298.746 769.098 769.54 0.442 4.740 0.1 510120 16385
2010 08 12 11 54 15.20 -1.277 -77.369 206.5 35.5616 8.6881 1.095 54.5048 87.5221 299.23 743.212 744.43 1.218 4.769 0.1 510310 16385
2010 08 16 03 30 54.210 -17.807 65.602 14.7 35.5616 8.6881 1.095 315.157 75.6382 303.959 707.751 705.49 -2.261 5.712 0.1 510398 16385
2010 09 17 19 21 15.200 36.535 70.969 215.4 35.5616 8.6881 1.095 288.502 49.5617 300.97 508.772 508.16 -0.612 7.545 0.1 551205 16385
2012 04 11 08 38 37.800 2.237 93.014 26.3 35.5616 8.6881 1.095 305.346 84.088 304.092 751.294 748.37 -2.924 5.093 0.1 521291 16385
2012 04 11 10 43 10.530 0.767 92.428 21.6 35.5616 8.6881 1.095 305.484 84.4568 304.117 753.589 750.99 -2.599 5.065 0.1 521308 16385
2012 04 15 05 57 40.120 2.581 90.335 25 35.5616 8.6881 1.095 305.392 81.7075 300.097 735.979 736.24 0.261 5.272 0.1 521481 16385
2012 06 02 07 52 54.600 -22.101 -63.657 539.4 35.5616 8.6881 1.095 50.9862 89.2702 299.663 717.065 719.42 2.355 4.634 0.1 553200 16385
2012 06 04 03 15 24.590 5.45 -82.563 9.5 35.5616 8.6881 1.095 54.656 87.8851 301.695 770.107 769.66 -0.447 4.797 0.1 522271 16385
2012 06 23 04 34 53.600 3.002 97.911 101.9 35.5616 8.6881 1.095 305.319 87.6409 303.214 758.616 756.82 -1.796 4.792 0.1 553181 16385
2012 06 24 03 15 01.980 57.501 163.414 16 35.5616 8.6881 1.095 339.543 84.874 300.267 752.289 752.24 -0.049 5.060 0.1 522562 16385
2012 07 25 00 27 45.820 2.625 96.11 28.6 35.5616 8.6881 1.095 305.301 86.3893 301.896 760.078 759.50 -0.578 4.907 0.1 523007 16385
2012 07 26 05 33 33.860 -17.55 66.29 16.2 35.5616 8.6881 1.095 314.786 75.9216 307.692 711.834 706.84 -4.994 5.689 0.1 523026 16385
2012 08 11 12 23 17.670 38.402 46.838 8.7 35.5616 8.6881 1.095 276.6 30.4648 300.092 372.4239 372.39 -0.0339 8.839 0.1 523253 16385
2012 08 11 12 34 36.600 38.379 46.795 18.9 35.5616 8.6881 1.095 276.619 30.4338 302.243 372.6348 370.56 -2.0748 8.839 0.1 523255 16385
2012 08 12 10 47 07.390 35.652 82.541 14 35.5616 8.6881 1.095 293.465 58.6246 299.6 595.212 595.54 0.328 6.970 0.1 523270 16385
2012 08 14 02 59 38.860 49.75 145.305 590.7 35.5616 8.6881 1.095 325.881 86.7728 299.199 700.341 700.89 0.549 4.722 0.1 523282 16385
2012 09 05 14 42 07.730 10.024 -85.388 20.7 35.5616 8.6881 1.095 54.4911 87.533 300.3 765.572 765.94 0.368 4.823 0.1 523691 16385
2012 09 30 16 31 34.70 1.907 -76.371 155.2 35.5616 8.6881 1.095 54.6431 84.8753 299.232 736.164 737.22 1.056 4.995 0.1 524079 16385
2012 10 24 00 45 33.800 10.074 -85.371 22.3 35.5616 8.6881 1.095 54.4953 87.4905 300.321 764.523 765.50 0.977 4.826 0.1 553202 16385
2012 10 28 03 04 07.790 52.677 -132.172 7.4 35.5616 8.6881 1.095 31.0694 85.742 299.862 758.074 758.11 0.036 4.992 0.1 524471 16385
2012 10 30 02 49 01.320 52.145 -132.111 9.5 35.5616 8.6881 1.095 31.0959 86.1791 301.399 762.081 759.93 -2.151 4.954 0.1 524556 16385
2012 11 08 02 01 49.700 49.126 -128.541 11 35.5616 8.6881 1.095 33.6548 87.5141 302.43 768.732 766.25 -2.482 4.847 0.1 553204 16385
2013 01 05 08 58 19.180 55.234 -134.8 3.1 35.5616 8.6881 1.095 29.1777 84.3055 302.793 755.615 751.56 -4.055 5.106 0.1 525642 16385
2013 01 21 22 22 54.780 4.962 95.921 24.6 35.5616 8.6881 1.095 305.152 84.8961 304.19 755.412 752.60 -2.812 5.032 0.1 525877 16385
2013 01 28 16 38 53.840 42.582 79.721 14.3 35.5616 8.6881 1.095 287.895 54.1216 302.905 566.066 563.30 -2.766 7.303 0.1 525963 16385
2013 02 09 14 16 06.960 1.034 -77.462 144.2 35.5616 8.6881 1.095 54.6094 86.2666 301.515 745.559 745.37 -0.189 4.885 0.1 526478 16385
2013 02 14 13 13 52.720 67.517 142.701 8.9 35.5616 8.6881 1.095 321.818 71.5442 298.985 679.269 679.63 0.361 6.051 0.1 526587 16385
2013 04 05 13 00 02.360 42.735 131.064 571.3 35.5616 8.6881 1.095 316.348 85.9963 300.323 699.965 699.11 -0.855 4.786 0.1 527339 16385
2013 04 16 10 44 19.30 27.97 62.136 63.1 35.5616 8.6881 1.095 293.557 45.6036 299.428 492.4 493.19 0.79 7.898 0.1 527535 16385
2013 04 20 00 02 47.980 30.268 103.02 18 35.5616 8.6881 1.095 303.189 76.2847 301.523 707.545 706.59 -0.955 5.688 0.1 553182 16385
2013 05 21 01 55 06.670 52.414 160.573 23.4 35.5616 8.6881 1.095 337.401 89.0153 301.42 772.752 771.31 -1.442 4.729 0.1 528158 16385
2013 05 21 05 43 22.120 52.216 160.224 45.9 35.5616 8.6881 1.095 337.13 89.1155 300.436 770.318 768.80 -1.518 4.715 0.1 528176 16385
2013 05 24 05 44 49.880 54.815 153.391 607 35.5616 8.6881 1.095 331.777 85.0098 299.272 690.394 690.96 0.566 4.848 0.1 528250 16385
2013 05 24 14 56 31.600 52.135 151.568 632 35.5616 8.6881 1.095 330.476 86.8349 299.463 696.865 697.50 0.635 4.701 0.1 528265 16385
2013 06 15 17 34 29.170 11.741 -87.045 41.4 35.5616 8.6881 1.095 54.2741 87.8626 300.285 764.117 764.61 0.493 4.795 0.1 528559 16385
2013 06 24 22 04 14.180 10.69 -42.668 17.5 35.5616 8.6881 1.095 53.2667 52.6169 301.434 553.256 552.88 -0.376 7.403 0.1 528673 16385
2013 07 02 07 37 05.90 4.69 96.582 25.4 35.5616 8.6881 1.095 305.194 85.5901 300.16 756.072 755.96 -0.112 4.975 0.1 528755 16385
