2007 07 21 13 26 56.523 -8.0859 -71.2071 633.7 33.2981 -7.4133 0.23 51.7329 73.1501 306.041 635.313 628.52 -6.793 5.668 0.1 493050 22836
2007 07 21 15 34 45.260 -22.2136 -65.7495 290.6 33.2981 -7.4133 0.23 46.7062 78.3458 305.677 695.362 689.40 -5.962 5.433 0.1 493053 22836
2007 07 31 22 55 28.873 -0.1853 -17.7754 17.6 33.2981 -7.4133 0.23 15.3422 34.7052 302.72 412.342 410.25 -2.092 8.631 0.1 493455 22836
2007 08 15 23 40 52.429 -13.3836 -76.5555 41.2 33.2981 -7.4133 0.23 52.508 80.5304 305.37 734.536 728.46 -6.076 5.352 0.1 494141 22836
2007 08 16 5 16 52.215 -14.2784 -76.0919 24.7 33.2981 -7.4133 0.23 52.2362 80.7168 302.913 735.293 731.71 -3.583 5.341 0.1 494189 22836
2007 08 16 11 35 33.835 -14.2544 -76.2006 31.8 33.2981 -7.4133 0.23 52.2764 80.7856 296.49 728.2 731.03 2.83 5.335 0.1 494222 22836
2007 09 10 1 49 13.961 3.0005 -77.9001 29 33.2981 -7.4133 0.23 56.0663 72.0744 298.677 681.361 681.49 0.129 5.986 0.1 553936 22836
2007 10 02 17 59 56.397 54.5424 -161.776 44.5 33.2981 -7.4133 0.23 21.2456 89.7645 309.308 783.206 772.03 -11.176 4.664 0.1 496151 22836
2007 11 14 15 40 39.502 -22.3208 -69.7803 33.6 33.2981 -7.4133 0.23 48.6652 81.1789 308.689 742.232 733.18 -9.052 5.297 0.1 496527 22836
2007 12 13 5 20 13.104 -23.1885 -70.4177 41.7 33.2981 -7.4133 0.23 48.8721 82.1907 311.886 749.777 737.54 -12.237 5.219 0.1 550862 22836
2007 12 13 7 23 39.087 -23.2335 -70.5276 30.6 33.2981 -7.4133 0.23 48.9196 82.2963 301.67 741.528 739.51 -2.018 5.214 0.1 550863 22836
2007 12 16 8 9 15.244 -22.8877 -70.1289 57 33.2981 -7.4133 0.23 48.7668 81.7933 303.353 737.404 733.70 -3.704 5.241 0.1 551132 22836
2008 01 09 8 26 34.709 32.4042 85.2551 27.7 33.2981 -7.4133 0.23 300 75.0227 309.898 709.734 697.92 -11.814 5.782 0.1 497275 22836
2008 02 04 17 1 15.506 -20.1855 -69.9476 42.8 33.2981 -7.4133 0.23 49.0092 79.8978 313.843 739.432 725.17 -14.262 5.396 0.1 553966 22836
2008 02 08 9 38 10.254 10.7251 -41.902 4.1 33.2981 -7.4133 0.23 49.1989 38.791 301.288 447.779 445.98 -1.799 8.388 0.1 497646 22836
2008 02 16 14 45 0.639 -21.3193 -68.3628 131.8 33.2981 -7.4133 0.23 48.1193 79.5323 312.653 726.109 713.10 -13.009 5.397 0.1 497726 22836
2008 02 21 2 46 15.901 77.0612 18.5685 10.5 33.2981 -7.4133 0.23 211.011 45.4108 300.703 499.697 497.90 -1.797 7.935 0.1 550476 22836
2008 02 21 14 15 50.458 41.1003 -114.876 10 33.2981 -7.4133 0.23 54.1368 80.3343 310.487 742.524 730.06 -12.464 5.402 0.1 551273 22836
2008 05 12 6 27 53.197 31.0636 103.372 7.6 33.2981 -7.4133 0.23 308.44 88.5375 305.27 779.268 772.26 -7.008 4.759 0.1 550881 22836
2008 05 23 19 35 24.959 7.3593 -34.891 10 33.2981 -7.4133 0.23 40.8162 36.2424 309.441 433.427 423.82 -9.607 8.546 0.1 550883 22836
2008 05 25 8 21 47.588 32.6031 105.377 14 33.2981 -7.4133 0.23 309.442 88.9008 301.203 775.81 772.86 -2.95 4.730 0.1 550741 22836
2008 05 29 15 45 58.782 63.9564 -20.9875 10 33.2981 -7.4133 0.23 158.113 31.823 300.672 385.8852 384.54 -1.3452 8.793 0.1 553046 22836
2008 06 27 11 40 13.882 10.996 91.841 27.6 33.2981 -7.4133 0.23 304.213 91.6442 298.704 784.267 784.16 -0.107 4.633 0.1 551189 22836
2008 07 05 2 11 56.985 53.9462 152.863 646.1 33.2981 -7.4133 0.23 343.577 91.4499 306.717 726.127 717.58 -8.547 4.602 0.1 499789 22836
2008 07 08 9 12 55.951 -15.9861 -71.7482 122.6 33.2981 -7.4133 0.23 50.3846 78.5023 309.794 718.688 708.33 -10.358 5.477 0.1 499837 22836
2008 08 05 9 49 8.540 32.8105 105.503 10.8 33.2981 -7.4133 0.23 309.505 88.8508 308.575 783.48 773.16 -10.32 4.735 0.1 500169 22836
2008 08 11 23 38 34.048 -0.9785 -21.7975 16.2 33.2981 -7.4133 0.23 20.3781 36.6908 303.494 430.391 427.47 -2.921 8.511 0.1 553946 22836
2008 08 25 13 21 49.922 31.0612 83.6521 25.5 33.2981 -7.4133 0.23 299.663 74.5038 308.888 706.061 695.28 -10.781 5.822 0.1 553963 22836
2008 08 28 15 22 10.851 -0.0245 -17.4395 4.5 33.2981 -7.4133 0.23 14.9318 34.4633 312.565 422.109 410.17 -11.939 8.649 0.1 500463 22836
2008 08 30 8 30 46.180 26.3088 101.895 2.4 33.2981 -7.4133 0.23 307.774 90.4404 305.678 789.493 782.16 -7.333 4.642 0.1 500488 22836
2008 09 03 11 25 7.695 -26.83 -63.1933 570.6 33.2981 -7.4133 0.23 44.7045 79.8889 303.569 674.869 671.18 -3.689 5.208 0.1 500549 22836
2008 09 10 11 0 29.406 26.7723 55.8332 12 33.2981 -7.4133 0.23 293.139 54.418 302.379 570.168 566.25 -3.918 7.280 0.1 550898 22836
2008 09 10 13 8 3.189 8.1265 -38.6802 3.1 33.2981 -7.4133 0.23 44.6213 38.232 309.114 451.07 441.64 -9.43 8.422 0.1 500636 22836
2008 09 24 2 33 2.998 17.5209 -105.455 10 33.2981 -7.4133 0.23 56.1384 87.0365 301.208 767.855 765.08 -2.775 4.869 0.1 500793 22836
2008 10 06 8 30 41.373 29.8445 90.3787 6.4 33.2981 -7.4133 0.23 302.614 80.1017 300.809 732.381 729.70 -2.681 5.416 0.1 550905 22836
2008 10 11 10 40 1.113 19.1935 -64.826 25.7 33.2981 -7.4133 0.23 62.3937 52.7804 312.871 566.653 552.46 -14.193 7.393 0.1 501027 22836
2008 10 12 20 55 36.378 -20.1808 -64.9821 357.8 33.2981 -7.4133 0.23 46.6496 76.437 303.44 675.757 672.00 -3.757 5.547 0.1 550909 22836
2008 10 16 19 41 31.106 14.541 -92.3345 83.5 33.2981 -7.4133 0.23 58.5285 77.9874 300.39 710.679 708.69 -1.989 5.542 0.1 501081 22836
2008 10 28 23 9 42.800 30.5928 67.3746 18.8 33.2981 -7.4133 0.23 294.004 62.2118 313.137 634.332 619.43 -14.902 6.710 0.1 501217 22836
2008 10 29 11 32 28.173 30.4973 67.5633 2.9 33.2981 -7.4133 0.23 294.11 62.3993 311.933 636.955 623.26 -13.695 6.700 0.1 501224 22836
2008 11 22 18 49 37.717 -1.1892 -14.0194 8 33.2981 -7.4133 0.23 9.70363 34.8642 306.636 419.114 413.21 -5.904 8.623 0.1 553098 22836
2008 11 24 9 2 56.359 54.2201 154.293 505.3 33.2981 -7.4133 0.23 344.754 91.4157 300.454 732.39 730.09 -2.3 4.615 0.1 501578 22836
2009 03 06 10 50 23.939 80.3143 -1.9637 14.2 33.2981 -7.4133 0.23 186.225 47.1786 304.84 517.146 511.15 -5.996 7.807 0.1 502990 22836
2009 03 12 23 23 30.420 5.518 -82.7165 10.7 33.2981 -7.4133 0.23 57.1229 74.7101 302.64 703.665 699.70 -3.965 5.797 0.1 551295 22836
2009 04 17 2 7 55.785 -19.5806 -70.5024 28.7 33.2981 -7.4133 0.23 49.3388 79.8995 313.542 740.952 726.97 -13.982 5.400 0.1 503568 22836
2009 06 06 20 33 17.141 23.8302 -46.2162 14.6 33.2981 -7.4133 0.23 65.5917 35.1929 300.708 414.862 413.10 -1.762 8.614 0.1 550918 22836
2009 07 04 6 49 34.499 9.7523 -79.0221 48.6 33.2981 -7.4133 0.23 58.127 69.3643 300.398 664.144 662.36 -1.784 6.180 0.1 553965 22836
2009 10 29 17 44 24.210 36.3822 70.7684 213.9 33.2981 -7.4133 0.23 292.505 62.5401 304.876 606.711 600.01 -6.701 6.619 0.1 551019 22836
2009 11 14 19 44 16.450 -22.9595 -66.5863 214.3 33.2981 -7.4133 0.23 47.0232 79.4177 309.856 713.501 703.36 -10.141 5.378 0.1 506399 22836
2009 11 17 15 30 46.667 51.9622 -131.598 8.7 33.2981 -7.4133 0.23 44.388 82.0623 301.648 742.876 739.21 -3.666 5.269 0.1 506425 22836
2010 03 04 22 39 9.737 -22.2651 -68.4579 108.4 33.2981 -7.4133 0.23 48.04 80.2269 314.573 734.431 719.52 -14.911 5.350 0.1 508136 22836
2010 03 08 2 32 31.798 38.7884 40.044 12.2 33.2981 -7.4133 0.23 276.815 38.4219 300.141 442.038 440.58 -1.458 8.417 0.1 508208 22836
2010 03 26 14 51 59.075 -28.0601 -70.9122 41.4 33.2981 -7.4133 0.23 48.7295 85.723 306.458 762.328 755.64 -6.688 4.940 0.1 553947 22836
2010 03 30 16 54 44.159 13.6128 92.8746 38.5 33.2981 -7.4133 0.23 304.495 91.0105 302.496 783.582 779.63 -3.952 4.638 0.1 508622 22836
2010 06 01 3 26 5.562 9.3208 -84.1898 28.4 33.2981 -7.4133 0.23 58.0499 73.9184 311.46 705.093 692.20 -12.893 5.855 0.1 551339 22836
2010 07 12 0 11 15.626 -22.2789 -68.3159 109.4 33.2981 -7.4133 0.23 47.9695 80.1384 302.81 722.079 718.94 -3.139 5.357 0.1 509853 22836
2010 08 12 11 54 15.020 -1.2779 -77.3694 206.5 33.2981 -7.4133 0.23 54.9154 74.0455 298.463 672.888 673.36 0.472 5.781 0.1 510310 22836
2011 01 01 9 56 49.360 -26.8513 -63.2373 584.3 33.2981 -7.4133 0.23 44.7265 79.9317 306.222 676.557 670.22 -6.337 5.200 0.1 512345 22836
2011 01 18 20 23 8.717 28.6831 63.9948 79.9 33.2981 -7.4133 0.23 293.951 60.2958 312.094 613.172 599.38 -13.792 6.830 0.1 512610 22836
2011 02 04 13 53 43.777 24.6094 94.7347 86.5 33.2981 -7.4133 0.23 304.861 86.2236 300.648 753.366 751.03 -2.336 4.917 0.1 512855 22836
2011 02 25 13 7 23.259 17.8214 -95.1708 130.6 33.2981 -7.4133 0.23 58.6135 78.613 303.312 711.648 706.67 -4.978 5.485 0.1 550714 22836
2011 03 06 12 31 56.753 -18.2064 -69.5006 114.5 33.2981 -7.4133 0.23 49.0963 78.2885 299.983 708.625 708.18 -0.445 5.494 0.1 551065 22836
2011 08 24 17 46 2.932 -7.6203 -74.538 149.3 33.2981 -7.4133 0.23 52.8549 75.4785 307.378 696.341 688.12 -8.221 5.689 0.1 517876 22836
2011 09 02 13 47 2.195 -28.4135 -63.136 592.7 33.2981 -7.4133 0.23 44.4853 80.9766 306.308 681.308 674.92 -6.388 5.119 0.1 551097 22836
2011 09 09 19 41 25.037 49.3886 -127.065 15.4 33.2981 -7.4133 0.23 47.3398 81.7854 307.436 746.144 736.70 -9.444 5.290 0.1 553197 22836
2011 09 18 12 40 43.983 27.8039 88.1536 29.6 33.2981 -7.4133 0.23 302.043 79.5389 306.917 731.829 723.07 -8.759 5.452 0.1 518230 22836
2011 10 28 18 54 21.970 -14.5572 -76.1207 29 33.2981 -7.4133 0.23 52.2106 80.9087 311.417 744.192 732.11 -12.082 5.325 0.1 518760 22836
2011 11 17 1 56 47.766 -1.7479 -81.7057 19.6 33.2981 -7.4133 0.23 55.5518 77.8731 313.142 730.721 716.46 -14.261 5.561 0.1 519021 22836
2011 11 22 18 48 15.005 -15.3083 -65.1634 560.3 33.2981 -7.4133 0.23 47.6991 73.2684 301.068 637.108 635.60 -1.508 5.686 0.1 519114 22836
2011 12 07 22 23 7.078 -27.9324 -71.1344 13.8 33.2981 -7.4133 0.23 48.85 85.787 300.155 760.327 759.94 -0.387 4.941 0.1 519310 22836
2011 12 11 1 47 15.171 17.9024 -99.9298 65.4 33.2981 -7.4133 0.23 57.5737 82.4186 308.226 744.305 734.44 -9.865 5.218 0.1 519351 22836
2011 12 27 15 21 49.031 51.8349 95.9643 12.8 33.2981 -7.4133 0.23 301.074 72.0448 308.13 692.448 682.30 -10.148 6.011 0.1 551440 22836
2012 01 30 5 10 50.746 -14.2139 -75.6584 34.2 33.2981 -7.4133 0.23 52.0956 80.3455 308.041 737.045 728.33 -8.715 5.368 0.1 520094 22836
2012 02 26 6 17 17.857 51.8008 95.9804 13 33.2981 -7.4133 0.23 301.095 72.071 299.692 684.135 682.42 -1.715 6.009 0.1 520525 22836
2012 03 05 7 45 57.858 -28.2579 -63.2916 551.9 33.2981 -7.4133 0.23 44.5915 80.9623 308.496 686.988 678.41 -8.578 5.138 0.1 520700 22836
2012 03 20 18 2 37.419 16.4734 -98.3694 19.4 33.2981 -7.4133 0.23 57.7572 81.9183 308.71 747.991 737.66 -10.331 5.264 0.1 520986 22836
2012 04 02 17 36 33.683 16.3729 -98.4615 16.3 33.2981 -7.4133 0.23 57.7261 82.0464 306.965 747.432 738.85 -8.582 5.254 0.1 521195 22836
2012 04 11 22 41 37.824 43.5513 -127.629 16.4 33.2981 -7.4133 0.23 46.5054 86.0601 308.42 768.796 758.48 -10.316 4.958 0.1 521362 22836
2012 04 11 22 55 2.160 18.2042 -102.876 27.6 33.2981 -7.4133 0.23 56.8672 84.6131 307.152 759.042 750.27 -8.772 5.061 0.1 521364 22836
2012 04 12 7 15 45.847 28.8386 -113.127 10 33.2981 -7.4133 0.23 53.8841 86.3764 304.291 767.544 761.50 -6.044 4.927 0.1 521380 22836
2012 05 14 10 0 30.256 -17.7968 -69.7926 108.7 33.2981 -7.4133 0.23 49.2878 78.2326 308.21 717.204 708.51 -8.694 5.499 0.1 521959 22836
2012 05 28 5 7 18.314 -28.021 -63.1134 591.1 33.2981 -7.4133 0.23 44.5166 80.6837 303.958 677.594 673.55 -4.044 5.142 0.1 553199 22836
2012 06 02 7 52 43.531 -22.1017 -63.6574 539.4 33.2981 -7.4133 0.23 45.6441 76.8694 308.91 666.829 657.68 -9.149 5.444 0.1 553200 22836
2012 06 04 3 15 11.360 5.4503 -82.5631 9.5 33.2981 -7.4133 0.23 57.0992 74.6184 313.293 713.983 699.37 -14.613 5.804 0.1 522271 22836
2012 06 07 16 3 13.065 -15.9117 -72.4723 106.7 33.2981 -7.4133 0.23 50.6818 78.993 304.31 717.695 712.81 -4.885 5.447 0.1 522329 22836
2012 06 24 3 14 55.920 57.5012 163.415 16 33.2981 -7.4133 0.23 352.327 89.2205 304.21 779.54 773.44 -6.1 4.714 0.1 522562 22836
2012 06 29 21 7 22.360 43.4335 84.6125 17.1 33.2981 -7.4133 0.23 296.556 69.3431 308.889 676.179 665.32 -10.859 6.203 0.1 522641 22836
2012 08 02 9 38 17.964 -8.454 -74.2726 148.8 33.2981 -7.4133 0.23 52.6083 75.771 313.403 704.089 689.87 -14.219 5.671 0.1 523107 22836
2012 08 11 12 23 8.081 38.4023 46.838 8.7 33.2981 -7.4133 0.23 280.553 43.7417 306.842 493.111 484.83 -8.281 8.054 0.1 523253 22836
2012 08 11 12 34 33.806 38.3798 46.7958 18.9 33.2981 -7.4133 0.23 280.557 43.7132 301.385 485.829 483.01 -2.819 8.053 0.1 523255 22836
2012 08 30 13 43 14.929 71.4464 -11.0341 11.1 33.2981 -7.4133 0.23 175.1 38.2578 313.806 454.227 439.61 -14.617 8.426 0.1 553178 22836
2012 09 05 14 41 58.612 10.0242 -85.3884 20.7 33.2981 -7.4133 0.23 58.1935 74.5528 307.914 706.352 696.98 -9.372 5.809 0.1 523691 22836
2012 09 25 23 45 19.402 24.7742 -110.184 8.1 33.2981 -7.4133 0.23 54.9091 86.5934 303.772 768.47 763.00 -5.47 4.907 0.1 524027 22836
2012 09 30 16 31 31.129 1.9079 -76.3716 155.2 33.2981 -7.4133 0.23 55.5522 71.421 302.401 666.922 663.38 -3.542 5.992 0.1 524079 22836
2012 10 24 0 45 22.329 10.0745 -85.3716 22.3 33.2981 -7.4133 0.23 58.2058 74.5124 308.497 706.468 696.51 -9.958 5.812 0.1 553202 22836
2012 10 28 3 4 7.323 52.6777 -132.172 7.4 33.2981 -7.4133 0.23 44.0416 81.7943 297.668 737.695 738.01 0.315 5.292 0.1 524471 22836
2012 10 28 18 54 10.934 52.5384 -132.659 5.1 33.2981 -7.4133 0.23 43.6725 82.1005 305.313 747.329 740.00 -7.329 5.267 0.1 524515 22836
2012 11 07 16 35 37.318 14.0318 -92.0669 38.7 33.2981 -7.4133 0.23 58.4737 78.0307 309.526 725.158 714.04 -11.118 5.553 0.1 553203 22836
2012 11 10 14 57 41.835 -8.9367 -75.0884 128.6 33.2981 -7.4133 0.23 52.7571 76.7031 307.203 705.418 697.40 -8.018 5.612 0.1 524739 22836
2012 11 14 19 2 3.287 -29.1789 -71.3863 61.5 33.2981 -7.4133 0.23 48.9184 86.7706 300.9 759.563 758.46 -1.103 4.851 0.1 553205 22836
2012 11 15 9 20 9.259 18.1995 -100.525 57.9 33.2981 -7.4133 0.23 57.4625 82.7376 311.333 749.924 736.95 -12.974 5.198 0.1 524840 22836
2013 01 05 8 58 15.750 55.2347 -134.801 3.1 33.2981 -7.4133 0.23 42.3576 80.9901 305.696 742.146 734.42 -7.726 5.357 0.1 525642 22836
2013 01 28 16 38 44.858 42.5824 79.7217 14.3 33.2981 -7.4133 0.23 294.167 66.4653 307.104 656.746 647.71 -9.036 6.410 0.1 525963 22836
2013 01 30 20 15 36.593 -28.1096 -70.8883 46.1 33.2981 -7.4133 0.23 48.7145 85.7396 304.76 760.167 755.18 -4.987 4.937 0.1 553207 22836
2013 02 09 14 15 54.645 1.0345 -77.462 144.2 33.2981 -7.4133 0.23 55.4927 72.8107 310.955 684.96 672.87 -12.09 5.895 0.1 526478 22836
2013 02 14 13 13 47.888 67.5173 142.702 8.9 33.2981 -7.4133 0.23 334.641 76.9904 301.415 714.877 711.41 -3.467 5.653 0.1 526587 22836
2013 02 22 12 1 53.793 -27.9052 -63.1349 585.6 33.2981 -7.4133 0.23 44.5422 80.6148 303.447 677.204 673.67 -3.534 5.150 0.1 526749 22836
2013 04 09 11 52 45.813 28.4463 51.629 12.8 33.2981 -7.4133 0.23 291.093 50.3342 303.151 540.438 535.80 -4.638 7.576 0.1 527405 22836
2013 04 16 10 44 9.235 27.9704 62.136 63.1 33.2981 -7.4133 0.23 293.841 59.0851 305.77 600.335 592.90 -7.435 6.923 0.1 527535 22836
2013 04 22 1 16 30.913 18.0412 -102.198 31.5 33.2981 -7.4133 0.23 57.0289 84.1611 300.676 749.713 747.41 -2.303 5.095 0.1 527690 22836
2013 05 11 2 8 2.706 26.6583 57.8438 15.1 33.2981 -7.4133 0.23 293.616 56.1138 311.461 591.004 577.97 -13.034 7.156 0.1 527912 22836
2013 05 24 5 44 38.296 54.815 153.391 607 33.2981 -7.4133 0.23 344.015 90.7 308.924 728.328 717.56 -10.768 4.618 0.1 528250 22836
2013 06 24 22 4 7.706 10.6905 -42.6687 17.5 33.2981 -7.4133 0.23 49.6287 39.3856 305.808 455.202 448.86 -6.342 8.343 0.1 528673 22836
2013 07 21 23 45 54.737 34.5047 104.261 5.1 33.2981 -7.4133 0.23 308.796 86.9807 299.397 766.31 765.10 -1.21 4.883 0.1 529026 22836
2013 07 22 7 1 38.076 -46.0946 34.8615 3.2 33.2981 -7.4133 0.23 325.68 87.775 304.892 776.416 771.87 -4.546 4.779 0.1 529033 22836
2013 08 12 9 49 29.054 -5.4117 -81.979 12.8 33.2981 -7.4133 0.23 55.0183 80.1705 303.376 734.672 730.29 -4.382 5.391 0.1 529326 22836
2013 08 13 15 43 14.146 5.718 -78.1251 18.6 33.2981 -7.4133 0.23 56.8474 70.7695 301.042 677.346 675.03 -2.316 6.085 0.1 529340 22836
2013 08 21 12 38 25.801 16.8572 -99.5188 18.9 33.2981 -7.4133 0.23 57.5532 82.6449 302.706 745.855 741.53 -4.325 5.213 0.1 529460 22836
2013 09 04 0 23 6.850 51.1711 -130.267 10 33.2981 -7.4133 0.23 45.2679 82.0383 304.003 744.903 738.89 -6.013 5.271 0.1 529664 22836
2013 09 05 4 1 32.026 15.2518 -45.2139 10.4 33.2981 -7.4133 0.23 55.3772 38.5935 302.36 446.184 443.05 -3.134 8.401 0.1 529693 22836
2014 02 12 9 19 46.113 35.8767 82.5807 4.1 33.2981 -7.4133 0.23 297.915 71.4045 300.143 682.28 680.20 -2.08 6.055 0.1 532175 22836
2014 02 18 9 27 2.244 14.596 -58.9719 28.3 33.2981 -7.4133 0.23 58.7142 50.1383 310.711 544.367 532.57 -11.797 7.581 0.1 532249 22836
2014 03 15 8 59 6.586 -14.1014 -76.352 10 33.2981 -7.4133 0.23 52.3473 80.8088 312.785 747.999 734.53 -13.469 5.338 0.1 532623 22836
2014 03 15 23 51 28.788 -5.6717 -80.9351 26.5 33.2981 -7.4133 0.23 54.7729 79.4689 303.586 728.948 724.37 -4.578 5.441 0.1 532639 22836
2014 03 16 21 16 16.345 -19.9051 -70.6156 9.4 33.2981 -7.4133 0.23 49.346 80.1907 311.134 743.139 731.57 -11.569 5.382 0.1 532652 22836
2014 03 17 5 11 26.760 -20.06 -70.8284 5.3 33.2981 -7.4133 0.23 49.4205 80.443 304.06 738.1 733.60 -4.5 5.363 0.1 553377 22836
2014 03 22 12 59 53.542 -19.8225 -70.9441 4.4 33.2981 -7.4133 0.23 49.5021 80.3721 300.951 734.759 733.36 -1.399 5.369 0.1 532786 22836
2014 03 23 18 19 58.055 -19.7033 -70.7814 13.9 33.2981 -7.4133 0.23 49.4458 80.1786 302.767 733.962 730.75 -3.212 5.382 0.1 532817 22836
2014 04 01 23 46 33.903 -19.6193 -70.7877 17.1 33.2981 -7.4133 0.23 49.4596 80.1288 313.517 743.914 729.95 -13.964 5.385 0.1 532955 22836
2014 04 03 1 58 17.731 -20.3644 -70.5007 10.6 33.2981 -7.4133 0.23 49.2354 80.4069 312.938 745.907 732.55 -13.357 5.365 0.1 533010 22836
2014 04 03 2 43 2.220 -20.5887 -70.4905 12 33.2981 -7.4133 0.23 49.2025 80.5455 312.975 746.455 733.06 -13.395 5.354 0.1 533012 22836
2014 04 03 5 26 2.286 -20.7493 -70.5408 13 33.2981 -7.4133 0.23 49.2052 80.6855 309.246 743.31 733.65 -9.66 5.342 0.1 533026 22836
2014 04 04 1 37 40.049 -20.6075 -70.5337 19.3 33.2981 -7.4133 0.23 49.2196 80.5883 310 742.501 732.08 -10.421 5.349 0.1 533056 22836
2014 04 10 23 27 40.184 12.4342 -86.3301 12.6 33.2981 -7.4133 0.23 58.7201 74.0872 303.811 700.827 695.49 -5.337 5.848 0.1 533172 22836
2014 04 11 0 1 34.485 -20.6954 -70.6616 10.4 33.2981 -7.4133 0.23 49.2664 80.7361 307.043 741.808 734.35 -7.458 5.339 0.1 533175 22836
2014 04 11 20 29 10.599 11.7198 -86.014 142.3 33.2981 -7.4133 0.23 58.5678 74.1927 301.852 684.052 680.70 -3.352 5.799 0.1 533219 22836
2014 04 15 3 56 47.499 -53.609 8.7098 10 33.2981 -7.4133 0.23 346.54 87.6729 313.941 783.792 770.43 -13.362 4.783 0.1 533357 22836
2014 04 18 14 27 23.492 17.3211 -100.994 24.4 33.2981 -7.4133 0.23 57.2611 83.585 300.154 747.312 745.54 -1.772 5.142 0.1 533427 22836
2014 04 24 3 10 6.172 49.6483 -127.652 9.8 33.2981 -7.4133 0.23 46.9587 81.8894 304.452 744.63 738.17 -6.46 5.283 0.1 533604 22836
2014 05 08 17 0 9.540 17.1486 -100.811 24.9 33.2981 -7.4133 0.23 57.2879 83.531 305.093 751.903 745.19 -6.713 5.146 0.1 533841 22836
2014 05 10 7 35 56.506 17.0579 -100.932 23.3 33.2981 -7.4133 0.23 57.251 83.6771 302.079 749.873 746.18 -3.693 5.135 0.1 533868 22836
2014 05 13 6 35 21.269 7.1451 -82.24 13.1 33.2981 -7.4133 0.23 57.4903 73.4383 299.259 692.44 691.82 -0.62 5.892 0.1 533921 22836
2014 07 07 11 23 48.440 14.724 -92.4614 53 33.2981 -7.4133 0.23 58.5433 77.9972 303.388 717.198 712.21 -4.988 5.551 0.1 534879 22836
2014 07 17 11 49 23.728 60.2995 -140.337 10 33.2981 -7.4133 0.23 38.6556 79.0577 310.607 735.429 722.77 -12.659 5.499 0.1 535033 22836
2014 07 25 10 54 49.189 58.3062 -136.96 10 33.2981 -7.4133 0.23 41.0597 79.4821 299.104 726.265 725.11 -1.155 5.469 0.1 553752 22836
2014 08 18 18 8 21.046 32.5827 47.7037 5 33.2981 -7.4133 0.23 286.584 45.795 300.91 504.214 501.86 -2.354 7.907 0.1 535494 22836
2014 08 24 23 21 30.656 -14.589 -73.45 74.4 33.2981 -7.4133 0.23 51.2531 78.8979 310.894 727.438 715.91 -11.528 5.464 0.1 535618 22836
2014 08 24 23 21 30.038 -14.52 -73.535 70 33.2981 -7.4133 0.23 51.2949 78.9192 310.887 728.049 716.53 -11.519 5.464 0.1 535618 22836
2014 09 24 11 16 10.914 -23.7849 -66.5888 204.5 33.2981 -7.4133 0.23 46.9153 79.9801 301.872 709.608 707.47 -2.138 5.338 0.1 536099 22836
2014 09 25 17 51 8.390 61.9863 -151.916 106.9 33.2981 -7.4133 0.23 29.5145 80.8077 308.547 730.707 720.13 -10.577 5.344 0.1 536121 22836
2014 10 07 13 49 37.561 23.3434 100.501 12.8 33.2981 -7.4133 0.23 307.147 91.2307 306.607 792.396 784.17 -8.226 4.638 0.1 536316 22836
2014 10 14 3 51 25.891 12.5893 -88.072 63.9 33.2981 -7.4133 0.23 58.6217 75.4602 309.205 707.514 696.77 -10.744 5.730 0.1 536453 22836
2014 11 22 8 55 21.264 30.314 101.803 2 33.2981 -7.4133 0.23 307.687 87.9342 303.829 775.915 770.34 -5.575 4.807 0.1 537173 22836
2014 12 06 17 21 47.129 7.9824 -82.7339 15 33.2981 -7.4133 0.23 57.7129 73.4061 298.627 691.298 691.28 -0.018 5.895 0.1 537419 22836
2014 12 08 8 54 50.601 7.9401 -82.6865 20 33.2981 -7.4133 0.23 57.7013 73.3888 300.673 692.422 690.36 -2.062 5.895 0.1 537452 22836
2015 02 02 10 49 46.068 -32.6484 -67.1501 172.7 33.2981 -7.4133 0.23 46.4523 86.4049 301.253 745.285 743.96 -1.325 4.847 0.1 538333 22836
2015 02 11 18 57 6.020 -23.0653 -66.6621 203.6 33.2981 -7.4133 0.23 47.0472 79.5406 312.127 717.607 705.20 -12.407 5.372 0.1 553525 22836
2015 03 23 4 51 31.439 -18.3544 -69.1883 127.1 33.2981 -7.4133 0.23 48.9352 78.161 305.579 712.09 706.06 -6.03 5.499 0.1 539087 22836
2015 04 24 13 56 6.880 51.642 -130.859 6.4 33.2981 -7.4133 0.23 44.8903 81.9678 299.415 740.535 739.11 -1.425 5.277 0.1 539589 22836
2015 04 25 6 11 13.703 28.1302 84.7168 13.4 33.2981 -7.4133 0.23 300.713 76.7743 310.388 722.485 710.23 -12.255 5.657 0.1 539594 22836
2015 04 25 6 45 16.463 28.1603 84.8433 14.7 33.2981 -7.4133 0.23 300.753 76.855 302.142 714.479 710.47 -4.009 5.651 0.1 539604 22836
2015 04 26 7 9 4.910 27.7365 85.9788 13.4 33.2981 -7.4133 0.23 301.248 77.9335 301.752 720.342 716.74 -3.602 5.572 0.1 539668 22836
2015 05 12 7 5 9.897 27.8014 86.126 12.3 33.2981 -7.4133 0.23 301.29 78.0115 307.553 726.756 717.35 -9.406 5.567 0.1 539984 22836
2015 05 12 7 36 52.980 27.5248 86.1418 13.8 33.2981 -7.4133 0.23 301.345 78.1667 299.138 718.958 717.97 -0.988 5.555 0.1 539990 22836
2015 05 24 4 53 16.836 -16.8146 -14.2615 11.7 33.2981 -7.4133 0.23 7.46234 50.2578 306.128 543.292 538.21 -5.082 7.554 0.1 540236 22836
2015 05 29 6 59 58.672 56.7079 -156.676 64.6 33.2981 -7.4133 0.23 25.3909 86.6277 308.447 765.125 754.74 -10.385 4.904 0.1 540317 22836
2015 06 10 13 52 7.530 -22.4098 -68.4519 121.8 33.2981 -7.4133 0.23 48.0187 80.3191 299.585 718.405 718.49 0.085 5.339 0.1 540537 22836
2015 06 17 12 51 25.105 -35.3709 -17.809 27.1 33.2981 -7.4133 0.23 9.3157 69.0023 308.721 672.966 665.12 -7.846 6.185 0.1 540638 22836
2015 07 16 15 16 29.722 13.8008 -58.5702 19.4 33.2981 -7.4133 0.23 58.0805 50.2207 303.367 538.895 534.47 -4.425 7.577 0.1 541050 22836
2015 07 29 2 35 56.636 59.9722 -153.325 121.2 33.2981 -7.4133 0.23 28.2307 82.9093 301.646 733.16 729.51 -3.65 5.183 0.1 541259 22836
2015 09 13 8 14 7.303 24.913 -109.623 10 33.2981 -7.4133 0.23 55.132 86.0965 303.339 765.286 760.24 -5.046 4.947 0.1 542038 22836
2015 09 18 15 59 37.558 15.2767 -45.9886 10 33.2981 -7.4133 0.23 55.7241 39.1961 303.611 452.553 448.15 -4.403 8.361 0.1 553253 22836
2015 09 28 15 27 54.860 -23.8 -66.6 219 33.2981 -7.4133 0.23 46.9191 79.9978 310.876 717.116 705.98 -11.136 5.333 0.1 542450 22836
2015 10 26 9 9 29.611 36.5244 70.3676 231 33.2981 -7.4133 0.23 292.264 62.1873 306.849 604.588 595.92 -8.668 6.636 0.1 542863 22836
2015 11 11 1 54 25.842 -29.5067 -72.0068 12 33.2981 -7.4133 0.23 49.2264 87.3939 310.768 779.076 768.10 -10.976 4.814 0.1 553256 22836
2015 11 11 2 46 15.135 -29.5097 -72.0585 10 33.2981 -7.4133 0.23 49.253 87.43 303.241 772.056 768.61 -3.446 4.811 0.1 553257 22836
2015 11 24 22 45 38.546 -10.5372 -70.9437 606.21 33.2981 -7.4133 0.23 51.0905 74.4663 299.425 638.379 638.28 -0.099 5.589 0.1 543408 22836
2015 11 24 22 50 51.929 -10.0598 -71.0184 620.56 33.2981 -7.4133 0.23 51.2202 74.226 301.539 637.96 635.73 -2.23 5.600 0.1 543409 22836
2015 11 26 5 45 14.487 -9.1825 -71.2574 602.75 33.2981 -7.4133 0.23 51.4967 73.8657 302.624 638.487 635.14 -3.347 5.633 0.1 543439 22836
2015 11 27 21 0 8.529 -24.828 -70.6009 34 33.2981 -7.4133 0.23 48.8047 83.3911 312.644 757.665 744.71 -12.955 5.131 0.1 543465 22836
2015 12 07 7 50 0.828 38.2107 72.7797 22 33.2981 -7.4133 0.23 292.543 63.3228 304.458 632.48 626.16 -6.32 6.633 0.1 553258 22836
2015 12 17 19 49 48.771 15.8009 -93.6294 85 33.2981 -7.4133 0.23 58.5515 78.4003 299.524 711.903 710.76 -1.143 5.511 0.1 543811 22836
2015 12 25 19 14 45.217 36.4935 71.1263 206 33.2981 -7.4133 0.23 292.607 62.764 298.845 602.978 602.31 -0.668 6.607 0.1 543913 22836
2016 01 03 23 5 14.009 24.83 93.66 55 33.2981 -7.4133 0.23 304.442 85.2947 306.109 757.9 750.08 -7.82 5.003 0.1 544017 22836
2016 01 03 23 5 13.970 24.8036 93.6505 55 33.2981 -7.4133 0.23 304.44 85.3025 306.246 758.076 750.12 -7.956 5.002 0.1 544017 22836
2016 01 14 3 25 14.695 -19.7597 -63.3288 582.56 33.2981 -7.4133 0.23 45.8918 75.0237 310.947 655.002 643.77 -11.232 5.555 0.1 544187 22836
2016 01 24 10 30 20.626 59.6204 -153.339 125.6 33.2981 -7.4133 0.23 28.1986 83.2238 308.431 741.055 730.62 -10.435 5.159 0.1 544330 22836
2016 03 19 11 26 27.695 17.996 -60.7019 26 33.2981 -7.4133 0.23 61.3853 49.8901 304.614 536.669 530.85 -5.819 7.602 0.1 545137 22836
2016 04 02 5 49 52.306 57.008 -157.932 11.4 33.2981 -7.4133 0.23 24.3858 86.6451 306.043 769.887 761.90 -7.987 4.916 0.1 553985 22836
2016 04 10 10 28 55.613 36.4725 71.1311 212 33.2981 -7.4133 0.23 292.619 62.7757 299.826 603.413 601.76 -1.653 6.604 0.1 545480 22836
2016 04 13 13 55 13.095 23.0944 94.8654 136 33.2981 -7.4133 0.23 304.981 87.1851 303.307 754.962 750.01 -4.952 4.827 0.1 553260 22836
2016 04 16 23 58 31.030 0.3819 -79.9218 20.59 33.2981 -7.4133 0.23 55.7075 75.2064 304.565 706.885 701.17 -5.715 5.755 0.1 545660 22836
2016 04 20 8 33 41.863 0.639 -80.2104 14 33.2981 -7.4133 0.23 55.8033 75.3012 304.099 708.036 702.77 -5.266 5.749 0.1 545747 22836
2016 04 22 3 3 30.328 -0.2921 -80.5039 10 33.2981 -7.4133 0.23 55.6495 76.0646 309.32 718.292 707.83 -10.462 5.691 0.1 545775 22836
2016 04 27 12 51 17.347 14.5178 -93.0882 16 33.2981 -7.4133 0.23 58.4156 78.6216 298.567 720.72 720.55 -0.17 5.513 0.1 553959 22836
2016 05 18 7 56 50.608 0.4261 -79.7899 16 33.2981 -7.4133 0.23 55.6984 75.0727 308.246 710.538 701.14 -9.398 5.766 0.1 546223 22836
2016 05 18 16 46 35.008 0.4947 -79.616 29.95 33.2981 -7.4133 0.23 55.6886 74.8906 306.82 705.962 697.99 -7.972 5.776 0.1 546230 22836
2016 06 07 10 51 33.022 18.3637 -105.173 10 33.2981 -7.4133 0.23 56.2564 86.3469 302.215 765.493 761.68 -3.813 4.924 0.1 546526 22836
2016 06 10 3 25 12.926 12.8318 -86.9633 10 33.2981 -7.4133 0.23 58.7682 74.4106 308.134 707.458 697.78 -9.678 5.824 0.1 546564 22836
2016 06 26 11 17 10.902 39.4793 73.3388 13 33.2981 -7.4133 0.23 292.219 63.2441 299.299 628.197 627.03 -1.167 6.640 0.1 546856 22836
2016 07 11 2 10 51.688 0.5812 -79.638 21 33.2981 -7.4133 0.23 55.7109 74.8604 311.253 711.515 699.11 -12.405 5.781 0.1 547094 22836
2016 07 25 17 26 46.153 -26.1049 -70.5074 72 33.2981 -7.4133 0.23 48.6545 84.1663 303.545 748.092 744.28 -3.812 5.058 0.1 553261 22836
2016 08 04 14 15 12.682 -22.3087 -66.0261 270 33.2981 -7.4133 0.23 46.8321 78.5973 298.766 691.984 692.93 0.946 5.421 0.1 553262 22836
2016 08 24 10 34 40.459 20.9224 94.5687 82 33.2981 -7.4133 0.23 304.948 88.1982 311.723 774.514 761.20 -13.314 4.763 0.1 547904 22836
2016 08 29 4 29 42.580 -0.0471 -17.8294 10 33.2981 -7.4133 0.23 15.4705 34.5872 314.995 424.765 410.39 -14.375 8.640 0.1 547979 22836
2016 09 10 10 8 19.324 -5.573 -76.9536 121 33.2981 -7.4133 0.23 53.9041 76.1918 297.895 694.071 695.23 1.159 5.652 0.1 548213 22836
2016 11 20 20 57 42.046 -31.6428 -68.7645 115.79 33.2981 -7.4133 0.23 47.4074 86.7208 300.103 752.207 751.99 -0.217 4.839 0.1 549319 22836
2016 11 24 18 43 42.610 11.9597 -88.8355 10.34 33.2981 -7.4133 0.23 58.4243 76.4234 304.092 714.932 709.31 -5.622 5.675 0.1 549430 22836
2016 11 25 14 24 27.383 39.23 74.0208 17 33.2981 -7.4133 0.23 292.664 63.8279 308.208 640.325 630.24 -10.085 6.599 0.1 549447 22836
2016 12 01 22 40 11.901 -15.2943 -70.8228 10 33.2981 -7.4133 0.23 50.1279 77.377 311.071 727.52 715.88 -11.64 5.592 0.1 549543 22836
2016 12 08 14 49 46.095 40.4753 -126.153 12.08 33.2981 -7.4133 0.23 47.3178 87.3566 305.491 772.946 765.60 -7.346 4.854 0.1 549628 22836
2016 12 18 13 30 1.578 -9.9661 -70.9698 622.53 33.2981 -7.4133 0.23 51.2239 74.1303 310.982 646.704 635.03 -11.674 5.606 0.1 553264 22836
2017 01 08 23 47 7.324 74.3918 -92.4041 31 33.2981 -7.4133 0.23 84.6902 56.9199 306.166 588.592 580.83 -7.762 7.097 0.1 553719 22836
2017 02 18 12 10 11.904 -23.8613 -66.6592 222 33.2981 -7.4133 0.23 46.9416 80.0791 305.393 711.739 706.09 -5.649 5.325 0.1 553266 22836
2017 02 21 14 8 51.632 -19.2814 -63.9047 595.98 33.2981 -7.4133 0.23 46.2751 75.0849 311.435 654.703 642.96 -11.743 5.544 0.1 553267 22836
2017 03 29 4 9 18.506 56.938 162.787 15.52 33.2981 -7.4133 0.23 351.804 89.7327 302.266 780.06 775.92 -4.14 4.674 0.1 553762 22836
2017 04 03 17 40 9.963 -22.6784 25.1558 29 33.2981 -7.4133 0.23 329.82 63.7423 306.214 636.5 630.74 -5.76 6.572 0.1 553763 22836
2017 04 05 6 9 8.135 35.7999 60.4364 13 33.2981 -7.4133 0.23 288.55 54.9061 301.888 572.953 569.39 -3.563 7.246 0.1 553268 22836
2017 04 15 8 19 40.876 -23.2706 -67.7655 155 33.2981 -7.4133 0.23 47.574 80.4256 301.5 717.124 715.33 -1.794 5.320 0.1 553269 22836
2017 05 01 12 31 50.302 59.8298 -136.676 8 33.2981 -7.4133 0.23 41.4795 78.2366 302.157 722.805 718.59 -4.215 5.560 0.1 553765 22836
2017 05 01 14 18 4.447 59.8295 -136.704 2.53 33.2981 -7.4133 0.23 41.4577 78.2461 312.299 733.902 719.55 -14.352 5.561 0.1 553766 22836
2017 06 14 7 29 5.614 14.9823 -91.9882 94 33.2981 -7.4133 0.23 58.6597 77.4729 294.302 700.538 704.63 4.092 5.578 0.1 553774 22836
2017 06 22 12 30 55.289 13.7527 -90.9488 46.82 33.2981 -7.4133 0.23 58.5644 77.2496 305.255 715.616 708.78 -6.836 5.609 0.1 553776 22836
2017 06 30 22 29 44.682 -0.2882 -80.4935 13 33.2981 -7.4133 0.23 55.6488 76.0538 298.313 706.73 707.27 0.54 5.691 0.1 553780 22836
2017 07 18 2 5 7.661 -16.4206 -73.6296 44.92 33.2981 -7.4133 0.23 51.0589 80.175 310.393 737.232 726.26 -10.972 5.377 0.1 553271 22836
2017 07 27 17 53 18.588 13.396 -49.3259 10 33.2981 -7.4133 0.23 55.2391 42.9206 304.628 484.29 478.85 -5.44 8.106 0.1 553273 22836
2017 08 08 13 19 45.839 33.1926 103.855 9 33.2981 -7.4133 0.23 308.63 87.5358 305.531 774.492 767.18 -7.312 4.837 0.1 553414 22836
2017 08 08 23 27 47.818 44.3014 82.8268 20 33.2981 -7.4133 0.23 295.238 67.8024 302.302 659.484 655.22 -4.264 6.313 0.1 553274 22836
2017 09 19 18 14 25.604 18.5678 -98.4808 51 33.2981 -7.4133 0.23 57.9989 80.9007 310.887 740.633 728.08 -12.553 5.339 0.1 553796 22836
2017 10 10 6 32 13.479 -18.5212 -69.6411 82.43 33.2981 -7.4133 0.23 49.1098 78.5943 303.782 717.753 713.51 -4.243 5.481 0.1 553225 22836
2017 10 10 18 53 16.888 -54.2584 8.6055 9 33.2981 -7.4133 0.23 346.631 88.2915 314.048 787.01 773.53 -13.48 4.734 0.1 553226 22836
2017 11 11 0 36 5.771 -11.7424 -14.1142 10 33.2981 -7.4133 0.23 7.91053 45.2416 307.508 505.937 499.43 -6.507 7.921 0.1 553223 22836
2017 11 12 18 18 13.672 34.9052 45.9563 19 33.2981 -7.4133 0.23 283.749 43.7831 300.585 485.613 483.61 -2.003 8.048 0.1 553227 22836
2017 11 13 2 28 9.543 9.5147 -84.4865 19.36 33.2981 -7.4133 0.23 58.093 74.0649 310.015 705.822 694.37 -11.452 5.846 0.1 553730 22836
2017 11 17 22 34 16.357 29.8327 94.9776 8 33.2981 -7.4133 0.23 304.573 83.4369 301.359 750.202 747.02 -3.182 5.164 0.1 553212 22836
2017 11 30 6 32 44.773 -1.0802 -23.4323 10 33.2981 -7.4133 0.23 22.376 37.3808 304.378 438.105 434.26 -3.845 8.468 0.1 553228 22836
2017 12 01 2 32 42.548 30.7431 57.3138 9 33.2981 -7.4133 0.23 290.859 54.1414 301.975 568.177 564.60 -3.577 7.301 0.1 553229 22836
2017 12 03 11 18 59.092 -0.4895 -80.3107 16 33.2981 -7.4133 0.23 55.5809 76.0159 303.828 711.536 706.57 -4.966 5.693 0.1 553806 22836
2017 12 12 21 41 19.258 30.8226 57.2861 8 33.2981 -7.4133 0.23 290.797 54.0909 308.776 574.768 564.39 -10.378 7.304 0.1 553231 22836
2018 01 10 2 51 29.532 17.4743 -83.5193 10 33.2981 -7.4133 0.23 60.4189 69.2053 300.67 668.638 666.36 -2.278 6.206 0.1 553810 22836
2018 01 14 9 18 35.494 -15.7589 -74.7095 39 33.2981 -7.4133 0.23 51.5535 80.574 308.712 738.368 729.04 -9.328 5.348 0.1 553235 22836
2018 01 21 1 6 35.541 -18.8524 -69.4564 116 33.2981 -7.4133 0.23 48.9779 78.678 303.279 713.888 710.16 -3.728 5.466 0.1 553236 22836
2018 01 23 9 31 37.235 56.0464 -149.073 25 33.2981 -7.4133 0.23 31.424 85.198 308.633 763.198 752.59 -10.608 5.031 0.1 553812 22836
2018 01 25 2 10 20.932 55.5419 166.446 11.17 33.2981 -7.4133 0.23 354.859 91.3596 303.005 789.072 784.18 -4.892 4.638 0.1 553607 22836
2018 01 28 16 2 52.528 -53.0623 9.6842 10 33.2981 -7.4133 0.23 345.729 87.2811 310.197 778.169 768.55 -9.619 4.812 0.1 553221 22836
2018 01 31 7 6 59.980 36.5432 70.8155 191.19 33.2981 -7.4133 0.23 292.448 62.5137 297.845 601.865 602.20 0.335 6.629 0.1 553238 22836
2018 02 16 23 39 30.023 16.3887 -97.9789 25.98 33.2981 -7.4133 0.23 57.8278 81.6461 308.749 745.626 735.26 -10.366 5.284 0.1 553818 22836
2018 04 02 13 40 32.181 -20.6588 -63.0058 559 33.2981 -7.4133 0.23 45.5561 75.4309 300.868 649.186 648.06 -1.126 5.536 0.1 553240 22836
2018 05 09 10 41 43.864 36.9916 71.3833 116 33.2981 -7.4133 0.23 292.483 62.7641 299.702 613.388 611.85 -1.538 6.639 0.1 553242 22836
2018 08 12 14 58 42.483 69.5619 -145.3 2.2 33.2981 -7.4133 0.23 35.9788 72.9402 309.975 701.142 689.15 -11.992 5.950 0.1 553842 22836
2018 08 12 21 15 1.813 69.5205 -144.36 1.7 33.2981 -7.4133 0.23 36.7688 72.7777 297.919 688.206 688.27 0.064 5.962 0.1 553843 22836
2018 08 17 23 22 18.373 8.7694 -83.1531 15 33.2981 -7.4133 0.23 57.9158 73.3406 304.104 696.381 690.87 -5.511 5.900 0.1 553844 22836
2018 08 21 21 31 33.967 10.7791 -62.907 146.18 33.2981 -7.4133 0.23 56.968 55.4088 311.905 571.938 558.96 -12.978 7.149 0.1 553244 22836
2018 08 22 9 31 43.594 43.6449 -127.603 10 33.2981 -7.4133 0.23 46.527 85.9821 300.935 761.991 759.15 -2.841 4.966 0.1 553740 22836
2018 08 24 9 3 53.042 -11.0424 -70.8169 609.48 33.2981 -7.4133 0.23 50.9376 74.6853 311.539 651.447 639.25 -12.197 5.572 0.1 553245 22836
2018 08 25 22 13 18.454 34.6111 46.2422 10 33.2981 -7.4133 0.23 284.148 44.0823 306.755 495.601 487.42 -8.181 8.029 0.1 553246 22836
2018 09 07 2 11 50.726 -2.3453 -78.8955 93.53 33.2981 -7.4133 0.23 54.9656 75.9031 311.042 708.666 696.56 -12.106 5.681 0.1 553853 22836
2018 10 22 5 39 31.294 49.2496 -129.478 10.96 33.2981 -7.4133 0.23 45.6461 83.0266 310.51 756.416 743.91 -12.506 5.200 0.1 553863 22836
2018 10 22 6 16 26.578 49.3468 -129.214 10 33.2981 -7.4133 0.23 45.8399 82.8345 304.985 750.057 743.08 -6.977 5.214 0.1 553864 22836
2018 11 01 22 19 42.108 -19.5882 -69.2923 102 33.2981 -7.4133 0.23 48.7955 79.0425 308.669 722.861 713.77 -9.091 5.443 0.1 553365 22836
2018 11 09 1 49 39.492 71.6264 -11.2502 10 33.2981 -7.4133 0.23 174.828 38.4441 297.895 440.053 441.34 1.287 8.415 0.1 553868 22836
2018 11 11 14 3 52.164 15.5653 -49.8719 10 33.2981 -7.4133 0.23 57.3788 42.1641 309.182 482.668 472.59 -10.078 8.158 0.1 553248 22836
2018 11 14 21 21 50.899 55.6324 162.001 50.21 33.2981 -7.4133 0.23 351.148 90.9622 299.02 777.771 776.87 -0.901 4.640 0.1 553869 22836
2018 11 25 16 37 23.547 34.3464 45.7432 18 33.2981 -7.4133 0.23 284.238 43.7474 308.362 493.265 483.49 -9.775 8.050 0.1 553250 22836
2018 11 30 17 29 28.349 61.3464 -149.955 46.7 33.2981 -7.4133 0.23 31.0553 80.8906 297.537 727.038 727.46 0.422 5.356 0.1 553876 22836
2018 12 24 12 41 14.912 55.4171 164.435 10 33.2981 -7.4133 0.23 353.178 91.3647 303.023 789.311 784.40 -4.911 4.638 0.1 553634 22836
2019 01 05 19 25 32.832 -8.1486 -71.5834 571.18 33.2981 -7.4133 0.23 51.8401 73.4814 303.377 639.695 635.56 -4.135 5.674 0.1 553371 22836
2019 01 20 1 32 51.334 -30.071 -71.4202 54.82 33.2981 -7.4133 0.23 48.9018 87.3772 297.455 759.821 762.18 2.359 4.806 0.1 553372 22836
2019 01 22 19 1 40.928 -43.1219 42.3568 13 33.2981 -7.4133 0.23 320.239 88.6316 302.298 776.27 774.20 -2.07 4.710 0.1 553543 22836
2019 02 22 10 17 13.104 -2.199 -77.0231 132.36 33.2981 -7.4133 0.23 54.6364 74.2905 306.106 690.102 682.96 -7.142 5.787 0.1 553986 22836
2019 03 01 8 50 34.427 -14.7016 -70.135 267 33.2981 -7.4133 0.23 49.9568 76.489 307.298 689.221 681.36 -7.861 5.579 0.1 553948 22836
2019 03 15 5 3 38.205 -17.8744 -65.9072 359 33.2981 -7.4133 0.23 47.518 75.5157 310.308 677.353 666.65 -10.703 5.615 0.1 553949 22836
2019 03 23 19 21 12.845 4.5629 -76.2231 122 33.2981 -7.4133 0.23 56.2998 69.8204 303.305 661.76 657.24 -4.52 6.121 0.1 553987 22836
2019 03 31 7 3 50.912 -1.944 -80.8089 18 33.2981 -7.4133 0.23 55.3756 77.2451 312.861 727.199 713.24 -13.959 5.608 0.1 553988 22836
2019 05 26 7 41 5.535 -5.8132 -75.2775 122.4 33.2981 -7.4133 0.23 53.4356 74.9894 308.562 697.727 688.26 -9.467 5.736 0.1 553989 22836
2019 05 30 9 3 16.126 13.1462 -89.3663 25 33.2981 -7.4133 0.23 58.62 76.2496 306.118 713.642 705.96 -7.682 5.683 0.1 553990 22836
2019 06 25 9 5 35.790 56.208 164.184 10 33.2981 -7.4133 0.23 352.97 90.5605 305.385 787.945 780.68 -7.265 4.642 0.1 553991 22836
2019 06 26 2 18 6.575 56.1779 164.11 10 33.2981 -7.4133 0.23 352.908 90.5854 299.898 782.573 780.80 -1.773 4.642 0.1 553992 22836
2019 06 26 5 23 45.794 8.449 -82.7677 26.22 33.2981 -7.4133 0.23 57.8311 73.1871 302.32 691.976 688.26 -3.716 5.908 0.1 553993 22836
2019 08 29 15 7 45.366 43.5436 -127.876 4.74 33.2981 -7.4133 0.23 46.3438 86.1956 310.63 773.614 761.09 -12.524 4.948 0.1 553994 22836
2019 09 24 3 23 25.939 19.077 -67.2701 10 33.2981 -7.4133 0.23 62.3062 54.8811 308.245 579.805 570.19 -9.615 7.244 0.1 553995 22836
2019 12 03 8 46 32.890 -18.5597 -70.6504 32.44 33.2981 -7.4133 0.23 49.5448 79.3456 299.081 722.941 723.38 0.439 5.441 0.1 553996 22836
2019 12 24 16 43 23.520 -26.9915 -63.3748 581.63 33.2981 -7.4133 0.23 44.7865 80.1173 307.54 679.07 671.41 -7.66 5.189 0.1 553997 22836
2019 12 24 19 3 38.781 3.5273 -74.0501 11 33.2981 -7.4133 0.23 55.6679 68.5989 312.378 676.547 663.02 -13.527 6.243 0.1 553998 22836
2019 12 25 3 35 57.881 50.6081 -129.966 6.38 33.2981 -7.4133 0.23 45.4276 82.2987 303.704 746.573 740.86 -5.713 5.250 0.1 553999 22836
2020 01 07 8 24 14.770 17.9161 -66.8125 10 33.2981 -7.4133 0.23 61.5927 55.0408 310.125 582.855 571.40 -11.455 7.231 0.1 554000 22836
2020 01 09 8 38 8.177 62.3408 171.06 10 33.2981 -7.4133 0.23 358.716 84.688 300.374 754.696 752.33 -2.366 5.075 0.1 554001 22836
2020 01 24 17 55 12.276 38.3898 39.0814 11.91 33.2981 -7.4133 0.23 276.836 37.7202 303.277 439.301 434.72 -4.581 8.462 0.1 553935 22836
2015 07 03 1 7 42.294 37.4703 78.1205 19 30.9267 -7.26167 1.335 293.079 68.6022 301.814 664.315 660.61 -3.705 6.253 0.1 540849 22837
2017 06 14 7 29 0.240 14.9823 -91.9882 94 30.9267 -7.26167 1.335 61.0193 78.0117 301.008 710.263 707.64 -2.623 5.537 0.1 553774 22837
2017 06 22 12 30 55.857 13.7527 -90.9488 46.82 30.9267 -7.26167 1.335 60.9408 77.7238 307.723 720.761 711.45 -9.311 5.573 0.1 553776 22837
2017 07 18 2 5 8.025 -16.4206 -73.6296 44.92 30.9267 -7.26167 1.335 53.2641 79.2265 310.319 732.039 721.08 -10.959 5.448 0.1 553271 22837
2017 08 08 13 19 44.385 33.1926 103.855 9 30.9267 -7.26167 1.335 306.7 88.9083 307 782.51 773.79 -8.72 4.729 0.1 553414 22837
2017 08 18 2 59 18.414 -1.0907 -13.6631 10 30.9267 -7.26167 1.335 10.2954 32.4178 303.423 394.304 391.56 -2.744 8.761 0.1 553275 22837
2017 10 10 6 32 19.646 -18.5212 -69.6411 82.43 30.9267 -7.26167 1.335 51.2528 77.4934 299.25 707.149 707.39 0.241 5.562 0.1 553225 22837
2017 11 11 0 36 13.771 -11.7424 -14.1142 10 30.9267 -7.26167 1.335 8.65784 42.9314 300.598 480.472 480.88 0.408 8.088 0.1 553223 22837
2017 11 12 18 18 5.124 34.9052 45.9563 19 30.9267 -7.26167 1.335 280.472 44.4207 310.045 500.216 488.77 -11.446 8.003 0.1 553227 22837
2017 11 17 22 34 12.761 29.8327 94.9776 8 30.9267 -7.26167 1.335 302.477 84.5587 306.162 760.746 752.80 -7.946 5.073 0.1 553212 22837
2017 11 30 6 32 49.062 -1.0802 -23.4323 10 30.9267 -7.26167 1.335 24.4336 35.3511 299.968 416.351 416.87 0.519 8.594 0.1 553228 22837
2017 12 01 2 32 33.299 30.7431 57.3138 9 30.9267 -7.26167 1.335 288.031 54.7062 309.523 579.869 568.75 -11.119 7.260 0.1 553229 22837
2017 12 12 8 43 8.714 30.7196 57.2705 10 30.9267 -7.26167 1.335 288.033 54.678 306.167 576.148 568.39 -7.758 7.262 0.1 553230 22837
2017 12 12 21 41 28.383 30.8226 57.2861 8 30.9267 -7.26167 1.335 287.969 54.6591 299.645 569.807 568.57 -1.237 7.264 0.1 553231 22837
2018 01 10 2 51 30.086 17.4743 -83.5193 10 30.9267 -7.26167 1.335 62.8994 69.6676 300.54 671.399 669.23 -2.169 6.172 0.1 553810 22837
2018 01 11 18 26 18.780 18.3629 96.0776 9 30.9267 -7.26167 1.335 303.229 91.6135 304.55 792.865 786.78 -6.085 4.634 0.1 553234 22837
2018 01 21 1 6 26.065 -18.8524 -69.4564 116 30.9267 -7.26167 1.335 51.1129 77.5635 312.838 717.318 703.98 -13.338 5.546 0.1 553236 22837
2018 01 25 2 10 33.519 55.5419 166.446 11.17 30.9267 -7.26167 1.335 354.585 93.7116 300.544 797.47 795.09 -2.38 4.607 0.1 553607 22837
2018 01 28 16 2 47.529 -53.0623 9.6842 10 30.9267 -7.26167 1.335 345.436 84.9313 314.235 770.651 756.98 -13.671 5.003 0.1 553221 22837
2018 01 31 7 6 47.822 36.5432 70.8155 191.19 30.9267 -7.26167 1.335 290.034 63.5028 309.433 620.006 608.77 -11.236 6.560 0.1 553238 22837
2018 02 16 23 39 34.636 16.3887 -97.9789 25.98 30.9267 -7.26167 1.335 60.1102 82.3525 304.678 745.287 738.99 -6.297 5.231 0.1 553818 22837
2018 04 02 13 40 25.348 -20.6588 -63.0058 559 30.9267 -7.26167 1.335 47.5999 74.1201 307.776 648.773 640.69 -8.083 5.630 0.1 553240 22837
2018 05 09 10 41 44.685 36.9916 71.3833 116 30.9267 -7.26167 1.335 290.086 63.7775 299.19 619.6 618.59 -1.01 6.568 0.1 553242 22837
2018 08 12 14 58 44.815 69.5619 -145.3 2.2 30.9267 -7.26167 1.335 36.4505 75.2643 307.909 712.689 702.82 -9.869 5.777 0.1 553842 22837
2018 08 17 23 22 18.777 8.7694 -83.1531 15 30.9267 -7.26167 1.335 60.383 73.4702 303.006 696.074 691.63 -4.444 5.891 0.1 553844 22837
2018 08 21 21 31 42.740 10.7791 -62.907 146.18 30.9267 -7.26167 1.335 59.8311 55.1438 303.176 561.331 557.04 -4.291 7.168 0.1 553244 22837
2018 08 22 9 31 38.186 43.6449 -127.603 10 30.9267 -7.26167 1.335 47.9136 87.9031 306.662 777.071 768.58 -8.491 4.812 0.1 553740 22837
2018 08 24 9 4 0.381 -11.0424 -70.8169 609.48 30.9267 -7.26167 1.335 53.2343 73.8364 304.695 639.859 634.45 -5.409 5.632 0.1 553245 22837
2018 08 25 22 13 19.376 34.6111 46.2422 10 30.9267 -7.26167 1.335 280.883 44.7064 304.834 498.703 492.46 -6.243 7.986 0.1 553246 22837
2018 09 18 7 27 29.027 -37.811 49.782 10 30.9267 -7.26167 1.335 313.757 86.672 310.198 775.316 765.13 -10.186 4.868 0.1 553224 22837
2018 10 22 5 39 35.617 49.2496 -129.478 10.96 30.9267 -7.26167 1.335 46.8651 85.0606 304.542 760.82 754.37 -6.45 5.041 0.1 553863 22837
2018 10 22 6 16 21.225 49.3468 -129.214 10 30.9267 -7.26167 1.335 47.0611 84.8675 310.628 766.098 753.56 -12.538 5.056 0.1 553864 22837
2018 11 01 22 19 50.992 -19.5882 -69.2923 102 30.9267 -7.26167 1.335 50.9143 77.9035 299.079 707.032 707.48 0.448 5.524 0.1 553365 22837
2018 11 09 1 49 39.285 71.6264 -11.2502 10 30.9267 -7.26167 1.335 174.753 40.8116 298.668 460.578 461.13 0.552 8.256 0.1 553868 22837
2018 11 11 14 3 47.937 15.5653 -49.8719 10 30.9267 -7.26167 1.335 60.8689 41.7612 310.667 480.875 469.26 -11.615 8.186 0.1 553248 22837
2018 11 30 17 29 24.746 61.3464 -149.955 46.7 30.9267 -7.26167 1.335 31.6367 83.1875 300.39 741.939 739.60 -2.339 5.182 0.1 553876 22837
2018 12 24 12 41 11.975 55.4171 164.435 10 30.9267 -7.26167 1.335 352.856 93.7107 306.921 804.041 795.29 -8.751 4.608 0.1 553634 22837
2019 01 05 19 25 37.169 -8.1486 -71.5834 571.18 30.9267 -7.26167 1.335 54.1916 72.7437 299.463 631.589 631.32 -0.269 5.724 0.1 553371 22837
2019 01 20 1 32 38.358 -30.071 -71.4202 54.82 30.9267 -7.26167 1.335 50.832 86.001 310.859 766.546 755.45 -11.096 4.914 0.1 553372 22837
2019 01 22 19 1 40.965 -43.1219 42.3568 13 30.9267 -7.26167 1.335 319.023 86.599 301.492 765.722 764.42 -1.302 4.871 0.1 553543 22837
2019 03 01 8 50 26.452 -14.7016 -70.135 267 30.9267 -7.26167 1.335 52.1796 75.5114 314.246 690.689 675.83 -14.859 5.650 0.1 553948 22837
2019 03 15 5 3 38.811 -17.8744 -65.9072 359 30.9267 -7.26167 1.335 49.6507 74.3468 310.202 670.636 659.99 -10.646 5.694 0.1 553949 22837
2019 05 26 7 41 5.002 -5.8132 -75.2775 122.4 30.9267 -7.26167 1.335 55.8181 74.4185 309.428 695.321 684.94 -10.381 5.779 0.1 553989 22837
2019 05 30 9 3 18.011 13.1462 -89.3663 25 30.9267 -7.26167 1.335 61.017 76.6698 304.273 714.207 708.36 -5.847 5.655 0.1 553990 22837
2019 06 25 9 5 27.721 56.208 164.184 10 30.9267 -7.26167 1.335 352.646 92.9063 312.954 806.378 791.58 -14.798 4.621 0.1 553991 22837
2019 06 26 5 23 41.966 8.449 -82.7677 26.22 30.9267 -7.26167 1.335 60.3015 73.2965 305.519 695.848 688.90 -6.948 5.900 0.1 553993 22837
2019 08 29 15 7 43.833 43.5436 -127.876 4.74 30.9267 -7.26167 1.335 47.728 88.1181 312.598 784.91 770.49 -14.42 4.797 0.1 553994 22837
2019 09 24 3 23 36.855 19.077 -67.2701 10 30.9267 -7.26167 1.335 65.1872 55.0819 298.237 571.277 571.65 0.373 7.229 0.1 553995 22837
2019 09 24 21 19 41.072 -33.8146 56.2955 10 30.9267 -7.26167 1.335 309.654 87.9761 304.53 775.953 771.27 -4.683 4.769 0.1 553917 22837
2019 10 23 16 7 57.070 -1.0987 -13.8367 10 30.9267 -7.26167 1.335 10.565 32.4571 314.947 406.1721 391.90 -14.2721 8.759 0.1 553920 22837
2019 11 20 4 27 1.965 13.8855 -93.2133 14.16 30.9267 -7.26167 1.335 60.6418 79.5795 301.216 728.946 726.14 -2.806 5.445 0.1 554002 22837
2019 12 03 8 46 27.389 -18.5597 -70.6504 32.44 30.9267 -7.26167 1.335 51.6934 78.2664 305.19 723.146 717.43 -5.716 5.518 0.1 553996 22837
2019 12 20 11 39 47.071 36.545 70.4485 212 30.9267 -7.26167 1.335 289.866 63.2243 303.293 609.867 604.78 -5.087 6.571 0.1 553924 22837
2019 12 24 16 43 25.908 -26.9915 -63.3748 581.63 30.9267 -7.26167 1.335 46.6841 78.6583 305.682 669.569 663.72 -5.849 5.291 0.1 553997 22837
2020 01 07 8 24 22.434 17.9161 -66.8125 10 30.9267 -7.26167 1.335 64.4746 55.1799 301.275 575.036 572.40 -2.636 7.221 0.1 554000 22837
2009 03 06 10 50 27.764 80.3143 -1.9637 14.2 36.4656 -6.2055 0.021 184.924 43.9993 302.497 489.592 485.91 -3.682 8.035 0.1 502990 22838
2009 05 28 8 24 47.524 16.8078 -86.243 29 36.4656 -6.2055 0.021 56.4396 72.3236 302.508 686.499 682.38 -4.119 5.974 0.1 553964 22838
2009 05 28 8 24 54.306 20.28 -86.6 10 36.4656 -6.2055 0.021 57.3557 70.7207 302.502 679.711 675.52 -4.191 6.098 0.1 553964 22838
2009 08 10 19 55 31.527 14.0522 92.8685 30.7 36.4656 -6.2055 0.021 307.233 88.8884 308.753 780.971 770.76 -10.211 4.718 0.1 550971 22838
2009 08 20 6 34 56.459 72.2089 0.9513 9.5 36.4656 -6.2055 0.021 189.837 36.0034 308.109 429.595 420.59 -9.005 8.569 0.1 551000 22838
2009 10 29 17 44 29.094 36.3822 70.7684 213.9 36.4656 -6.2055 0.021 295.239 60.2573 300.632 587.133 584.68 -2.453 6.782 0.1 551019 22838
2009 11 13 3 5 48.001 -19.469 -70.4181 36 36.4656 -6.2055 0.021 47.0987 82.2515 309.207 748.051 738.44 -9.611 5.217 0.1 551028 22838
2010 01 10 0 27 37.179 40.6654 -124.467 20.6 36.4656 -6.2055 0.021 45.4932 84.6193 300.254 752.77 750.56 -2.21 5.073 0.1 551464 22838
2010 01 12 21 53 5.906 18.3823 -72.588 15 36.4656 -6.2055 0.021 58.0459 60.517 305.108 615.547 608.99 -6.557 6.833 0.1 507104 22838
2010 04 04 22 40 37.677 32.2764 -115.263 5.2 36.4656 -6.2055 0.021 49.9198 84.7491 310.246 766.117 754.01 -12.107 5.063 0.1 508685 22838
2010 04 13 23 49 27.758 33.1928 96.7466 13.8 36.4656 -6.2055 0.021 307.123 80.1577 311.792 742.332 728.60 -13.732 5.412 0.1 508820 22838
2010 05 06 2 42 41.852 -18.0961 -70.5865 46.8 36.4656 -6.2055 0.021 47.3117 81.4408 306.382 739.728 732.91 -6.818 5.274 0.1 553545 22838
2010 05 24 16 18 22.397 -8.1152 -71.6412 582.1 36.4656 -6.2055 0.021 49.1973 75.5926 307.876 655.077 646.48 -8.597 5.520 0.1 509297 22838
2010 08 12 11 54 6.568 -1.2779 -77.3694 206.5 36.4656 -6.2055 0.021 51.9394 75.6945 307.765 691.601 682.81 -8.791 5.663 0.1 510310 22838
2011 01 01 9 56 57.023 -26.8513 -63.2373 584.3 36.4656 -6.2055 0.021 42.9803 82.7587 299.515 684.246 684.66 0.414 4.988 0.1 512345 22838
2011 01 18 20 23 24.591 28.6831 63.9948 79.9 36.4656 -6.2055 0.021 297.186 58.5015 297.476 586.139 586.99 0.851 6.957 0.1 512610 22838
2011 02 04 13 53 37.520 24.6094 94.7347 86.5 36.4656 -6.2055 0.021 307.257 83.9264 306.913 748.147 739.49 -8.657 5.102 0.1 512855 22838
2011 02 25 13 7 19.227 17.8214 -95.1708 130.6 36.4656 -6.2055 0.021 55.2426 78.821 308.665 718.092 707.77 -10.322 5.471 0.1 550714 22838
2011 08 24 17 46 3.059 -7.6203 -74.538 149.3 36.4656 -6.2055 0.021 50.1263 77.4621 308.517 708.612 699.29 -9.322 5.549 0.1 517876 22838
2011 09 02 13 47 3.524 -28.4135 -63.136 592.7 36.4656 -6.2055 0.021 42.8014 83.8377 307.456 696.786 689.29 -7.496 4.898 0.1 551097 22838
2011 09 18 12 40 43.379 27.8039 88.1536 29.6 36.4656 -6.2055 0.021 304.51 77.2734 300.635 713.01 710.50 -2.51 5.618 0.1 518230 22838
2011 10 23 10 41 20.901 38.7294 43.4465 7.6 36.4656 -6.2055 0.021 282.629 39.0203 298.474 446.077 446.22 0.143 8.380 0.1 518671 22838
2011 10 28 18 54 33.606 -14.5572 -76.1207 29 36.4656 -6.2055 0.021 49.6963 83.0933 300.431 744.629 743.59 -1.039 5.161 0.1 518760 22838
2011 11 07 22 35 22.223 11.6918 -85.7838 177.2 36.4656 -6.2055 0.021 55.2363 74.8123 302.866 684.747 680.41 -4.337 5.741 0.1 518915 22838
2011 11 22 18 48 14.263 -15.3083 -65.1634 560.3 36.4656 -6.2055 0.021 45.4423 75.7669 302.161 652.202 649.64 -2.562 5.513 0.1 519114 22838
2012 01 30 5 10 53.530 -14.2139 -75.6584 34.2 36.4656 -6.2055 0.021 49.5784 82.531 306.09 746.614 739.90 -6.714 5.201 0.1 520094 22838
2012 02 26 6 17 14.608 51.8008 95.9804 13 36.4656 -6.2055 0.021 302.441 69.0114 304.357 670.079 663.65 -6.429 6.231 0.1 520525 22838
2012 03 05 7 46 7.486 -28.2579 -63.2916 551.9 36.4656 -6.2055 0.021 42.8971 83.8173 301.667 694.511 692.80 -1.711 4.917 0.1 520700 22838
2012 03 20 18 2 47.187 16.4734 -98.3694 19.4 36.4656 -6.2055 0.021 54.417 82.0929 302.307 742.458 738.54 -3.918 5.250 0.1 520986 22838
2012 04 11 22 55 10.243 18.2042 -102.876 27.6 36.4656 -6.2055 0.021 53.5404 84.5638 300.376 751.971 749.98 -1.991 5.065 0.1 521364 22838
2012 05 14 10 0 32.890 -17.7968 -69.7926 108.7 36.4656 -6.2055 0.021 47.022 80.6842 306.161 728.403 721.81 -6.593 5.316 0.1 521959 22838
2012 05 28 5 7 18.838 -28.021 -63.1134 591.1 36.4656 -6.2055 0.021 42.8185 83.5373 305.07 693.064 687.95 -5.114 4.923 0.1 553199 22838
2012 06 02 7 52 48.520 -22.1017 -63.6574 539.4 36.4656 -6.2055 0.021 43.7013 79.5814 304.315 676.727 672.21 -4.517 5.241 0.1 553200 22838
2012 06 04 3 15 21.206 5.4503 -82.5631 9.5 36.4656 -6.2055 0.021 53.9032 75.8113 304.228 711.754 706.23 -5.524 5.714 0.1 522271 22838
2012 08 11 12 23 15.539 38.4023 46.838 8.7 36.4656 -6.2055 0.021 284.378 41.6816 299.165 468.658 468.05 -0.608 8.199 0.1 523253 22838
2012 08 11 12 34 34.346 38.3798 46.7958 18.9 36.4656 -6.2055 0.021 284.386 41.655 299.976 467.662 466.25 -1.412 8.198 0.1 523255 22838
2012 09 30 16 31 27.917 1.9079 -76.3716 155.2 36.4656 -6.2055 0.021 52.475 72.9665 305.963 679.632 672.56 -7.072 5.880 0.1 524079 22838
2012 11 10 14 57 43.432 -8.9367 -75.0884 128.6 36.4656 -6.2055 0.021 50.0671 78.7191 306.768 716.122 708.58 -7.542 5.464 0.1 524739 22838
2013 01 28 16 38 52.950 42.5824 79.7217 14.3 36.4656 -6.2055 0.021 296.36 63.8171 300.31 632.696 630.43 -2.266 6.603 0.1 525963 22838
2013 01 30 20 15 42.584 -28.1096 -70.8883 46.1 36.4656 -6.2055 0.021 46.7993 88.4441 300.201 768.653 768.28 -0.373 4.724 0.1 553207 22838
2013 02 09 14 15 59.415 1.0345 -77.462 144.2 36.4656 -6.2055 0.021 52.4402 74.3594 307.49 690.511 681.92 -8.591 5.780 0.1 526478 22838
2013 02 14 13 13 45.061 67.5173 142.702 8.9 36.4656 -6.2055 0.021 334.295 73.6951 305.523 699.998 692.35 -7.648 5.895 0.1 526587 22838
2013 04 16 10 44 11.461 27.9704 62.136 63.1 36.4656 -6.2055 0.021 297.173 57.368 304.503 587.028 580.89 -6.138 7.046 0.1 527535 22838
2013 05 24 5 44 44.791 54.815 153.391 607 36.4656 -6.2055 0.021 343.661 87.4066 303.252 707.397 702.26 -5.137 4.670 0.1 528250 22838
2013 06 24 22 4 9.396 10.6905 -42.6687 17.5 36.4656 -6.2055 0.021 46.0315 41.732 306.468 475.258 468.30 -6.958 8.182 0.1 528673 22838
2013 07 21 23 45 48.466 34.5047 104.261 5.1 36.4656 -6.2055 0.021 310.614 84.2085 306.444 759.564 751.22 -8.344 5.106 0.1 529026 22838
2013 09 05 4 1 32.476 15.2518 -45.2139 10.4 36.4656 -6.2055 0.021 51.2365 40.5966 303.474 463.984 459.78 -4.204 8.266 0.1 529693 22838
2013 09 24 11 29 40.448 26.9109 65.5315 15.5 36.4656 -6.2055 0.021 298.444 60.5295 306.44 616.778 608.66 -8.118 6.836 0.1 529974 22838
2013 09 25 16 42 40.395 -15.9001 -74.6012 38.2 36.4656 -6.2055 0.021 49.0569 82.8492 301.981 743.672 741.14 -2.532 5.176 0.1 530007 22838
2014 01 13 4 1 4.422 18.9922 -66.8685 30.9 36.4656 -6.2055 0.021 58.4088 55.5877 301.305 574.819 572.17 -2.649 7.185 0.1 531704 22838
2014 02 18 9 27 8.580 14.596 -58.9719 28.3 36.4656 -6.2055 0.021 54.9187 51.6546 305.881 550.937 543.99 -6.947 7.471 0.1 532249 22838
2014 03 15 8 59 13.487 -14.1014 -76.352 10 36.4656 -6.2055 0.021 49.8131 82.9717 306.374 752.923 745.92 -7.003 5.174 0.1 532623 22838
2014 03 16 21 16 25.673 -19.9051 -70.6156 9.4 36.4656 -6.2055 0.021 47.1395 82.6831 302.545 747.708 744.77 -2.938 5.192 0.1 532652 22838
2014 04 15 3 56 59.398 -53.609 8.7098 10 36.4656 -6.2055 0.021 348.024 90.6341 304.402 788.14 784.34 -3.8 4.638 0.1 533357 22838
2014 04 18 14 27 18.059 17.3211 -100.994 24.4 36.4656 -6.2055 0.021 53.9284 83.6369 306.609 753.986 745.76 -8.226 5.139 0.1 533427 22838
2014 04 24 3 10 3.112 49.6483 -127.652 9.8 36.4656 -6.2055 0.021 44.3199 79.8438 307.554 736.778 727.13 -9.648 5.443 0.1 533604 22838
2014 05 08 17 0 10.734 17.1486 -100.811 24.9 36.4656 -6.2055 0.021 53.9552 83.5968 306.196 753.298 745.49 -7.808 5.142 0.1 533841 22838
2014 05 10 7 35 57.949 17.0579 -100.932 23.3 36.4656 -6.2055 0.021 53.9193 83.7435 302.121 750.208 746.48 -3.728 5.130 0.1 533868 22838
2014 07 07 11 23 52.874 14.724 -92.4614 53 36.4656 -6.2055 0.021 55.19 78.44 300.306 716.518 714.63 -1.888 5.517 0.1 534879 22838
2014 09 25 17 51 15.993 61.9863 -151.916 106.9 36.4656 -6.2055 0.021 27.6599 78.0421 301.482 708.625 705.01 -3.615 5.549 0.1 536121 22838
2014 12 06 17 21 48.086 7.9824 -82.7339 15 36.4656 -6.2055 0.021 54.4508 74.4763 300.234 699.134 697.54 -1.594 5.815 0.1 537419 22838
2014 12 08 8 54 46.587 7.9401 -82.6865 20 36.4656 -6.2055 0.021 54.4403 74.4625 306.648 704.647 696.64 -8.007 5.815 0.1 537452 22838
2015 02 11 18 57 12.148 -23.0653 -66.6621 203.6 36.4656 -6.2055 0.021 45.0595 82.2091 299.854 719.392 719.30 -0.092 5.173 0.1 553525 22838
2015 03 23 4 51 33.644 -18.3544 -69.1883 127.1 36.4656 -6.2055 0.021 46.7045 80.6439 303.8 723.726 719.52 -4.206 5.313 0.1 539087 22838
2015 04 25 6 11 17.743 28.1302 84.7168 13.4 36.4656 -6.2055 0.021 303.264 74.5686 309.533 708.96 697.55 -11.41 5.819 0.1 539594 22838
2015 04 25 6 45 18.611 28.1603 84.8433 14.7 36.4656 -6.2055 0.021 303.299 74.6455 301.093 700.752 697.78 -2.972 5.813 0.1 539604 22838
2015 05 12 7 5 17.931 27.8014 86.126 12.3 36.4656 -6.2055 0.021 303.811 75.7886 300.217 706.856 704.76 -2.096 5.727 0.1 539984 22838
2015 05 24 4 53 12.883 -16.8146 -14.2615 11.7 36.4656 -6.2055 0.021 8.07513 53.5349 310.803 572.44 562.63 -9.81 7.315 0.1 540236 22838
2015 05 29 7 0 5.212 56.7079 -156.676 64.6 36.4656 -6.2055 0.021 23.5527 83.8679 303.618 746.526 740.84 -5.686 5.127 0.1 540317 22838
2015 07 29 2 35 54.208 59.9722 -153.325 121.2 36.4656 -6.2055 0.021 26.3707 80.1547 303.866 720.878 714.90 -5.978 5.391 0.1 541259 22838
2015 10 26 9 9 41.257 36.5244 70.3676 231 36.4656 -6.2055 0.021 295.007 59.9044 298 580.363 580.55 0.187 6.800 0.1 542863 22838
2015 11 24 22 45 36.306 -10.5372 -70.9437 606.21 36.4656 -6.2055 0.021 48.5253 76.6575 301.895 652.909 650.38 -2.529 5.435 0.1 543408 22838
2015 11 24 22 50 53.916 -10.0598 -71.0184 620.56 36.4656 -6.2055 0.021 48.6355 76.3988 298.838 647.242 647.76 0.518 5.447 0.1 543409 22838
2015 11 26 5 45 11.404 -9.1825 -71.2574 602.75 36.4656 -6.2055 0.021 48.8743 76.0012 306.257 653.973 647.04 -6.933 5.483 0.1 543439 22838
2015 11 27 21 0 19.682 -24.828 -70.6009 34 36.4656 -6.2055 0.021 46.7786 86.0182 300.906 759.111 757.95 -1.161 4.918 0.1 543465 22838
2016 01 03 23 5 14.184 24.83 93.66 55 36.4656 -6.2055 0.021 306.857 83.0141 307.095 747.297 738.43 -8.867 5.183 0.1 544017 22838
2016 01 03 23 5 14.138 24.8036 93.6505 55 36.4656 -6.2055 0.021 306.856 83.0229 306.522 746.77 738.48 -8.29 5.182 0.1 544017 22838
2016 01 14 3 25 17.289 -19.7597 -63.3288 582.56 36.4656 -6.2055 0.021 43.8641 77.6863 309.447 668.044 658.35 -9.694 5.366 0.1 544187 22838
2016 04 10 10 28 51.561 36.4725 71.1311 212 36.4656 -6.2055 0.021 295.336 60.4833 304.29 592.515 586.40 -6.115 6.766 0.1 545480 22838
2016 04 13 13 55 12.165 23.0944 94.8654 136 36.4656 -6.2055 0.021 307.419 84.9363 304.539 745.16 738.93 -6.23 5.008 0.1 553260 22838
2016 04 16 23 58 33.445 0.3819 -79.9218 20.59 36.4656 -6.2055 0.021 52.6632 76.7063 304.687 715.528 709.72 -5.808 5.647 0.1 545660 22838
2016 05 18 7 56 55.693 0.4261 -79.7899 16 36.4656 -6.2055 0.021 52.6534 76.5748 304.93 715.773 709.72 -6.053 5.658 0.1 546223 22838
2016 05 18 16 46 40.214 0.4947 -79.616 29.95 36.4656 -6.2055 0.021 52.6424 76.3952 302.405 710.127 706.60 -3.527 5.667 0.1 546230 22838
2016 11 24 18 43 41.704 11.9597 -88.8355 10.34 36.4656 -6.2055 0.021 55.0962 77.1129 306.48 721.171 713.18 -7.991 5.626 0.1 549430 22838
2017 02 21 14 9 3.701 -19.2814 -63.9047 595.98 36.4656 -6.2055 0.021 44.2126 77.7219 303.527 661.171 657.37 -3.801 5.358 0.1 553267 22838
2017 03 29 4 9 17.511 56.938 162.787 15.52 36.4656 -6.2055 0.021 351.129 86.4898 306.425 768.759 760.31 -8.449 4.930 0.1 553762 22838
2017 04 03 17 40 14.629 -22.6784 25.1558 29 36.4656 -6.2055 0.021 332.631 65.8642 302.5 646.616 644.60 -2.016 6.416 0.1 553763 22838
2017 05 01 12 31 53.832 59.8298 -136.676 8 36.4656 -6.2055 0.021 39.2539 75.7325 299.711 706.224 704.37 -1.854 5.743 0.1 553765 22838
2017 05 01 14 18 6.780 59.8295 -136.704 2.53 36.4656 -6.2055 0.021 39.2326 75.7417 311.253 718.718 705.33 -13.388 5.743 0.1 553766 22838
2017 06 14 7 28 54.982 14.9823 -91.9882 94 36.4656 -6.2055 0.021 55.3002 77.9177 306.054 714.717 707.07 -7.647 5.545 0.1 553774 22838
2017 07 18 2 5 12.357 -16.4206 -73.6296 44.92 36.4656 -6.2055 0.021 48.6589 82.4866 306.27 745.308 738.51 -6.798 5.200 0.1 553271 22838
2017 09 19 18 14 38.222 18.5678 -98.4808 51 36.4656 -6.2055 0.021 54.6454 80.9708 299.413 729.486 728.41 -1.076 5.334 0.1 553796 22838
2017 11 12 18 18 6.373 34.9052 45.9563 19 36.4656 -6.2055 0.021 287.823 41.9684 306.797 477.069 468.86 -8.209 8.175 0.1 553227 22838
2017 11 13 2 28 17.000 9.5147 -84.4865 19.36 36.4656 -6.2055 0.021 54.7983 75.0077 304.774 706.019 699.83 -6.189 5.775 0.1 553730 22838
2017 11 17 22 34 14.070 29.8327 94.9776 8 36.4656 -6.2055 0.021 306.799 80.9645 305.74 741.615 733.99 -7.625 5.351 0.1 553212 22838
2017 11 30 6 32 49.557 -1.0802 -23.4323 10 36.4656 -6.2055 0.021 21.4998 40.647 301.354 462.442 461.63 -0.812 8.252 0.1 553228 22838
2017 12 01 2 32 36.187 30.7431 57.3138 9 36.4656 -6.2055 0.021 294.357 52.3764 307.712 560.87 551.58 -9.29 7.429 0.1 553229 22838
2018 01 14 9 18 34.314 -15.7589 -74.7095 39 36.4656 -6.2055 0.021 49.1081 82.836 311.616 753.147 740.97 -12.177 5.177 0.1 553235 22838
2018 01 21 1 6 37.420 -18.8524 -69.4564 116 36.4656 -6.2055 0.021 46.7597 81.1686 302.281 726.256 723.58 -2.676 5.274 0.1 553236 22838
2018 02 16 23 39 29.109 16.3887 -97.9789 25.98 36.4656 -6.2055 0.021 54.4863 81.837 310.53 748.366 736.22 -12.146 5.269 0.1 553818 22838
2018 04 02 13 40 29.327 -20.6588 -63.0058 559 36.4656 -6.2055 0.021 43.5737 78.1232 306.218 669.186 662.75 -6.436 5.344 0.1 553240 22838
2018 08 17 23 22 21.127 8.7694 -83.1531 15 36.4656 -6.2055 0.021 54.6349 74.3606 302.412 700.63 696.83 -3.8 5.825 0.1 553844 22838
2018 08 21 21 31 37.520 10.7791 -62.907 146.18 36.4656 -6.2055 0.021 53.464 56.9884 309.499 580.724 570.17 -10.554 7.032 0.1 553244 22838
2018 08 24 9 3 59.603 -11.0424 -70.8169 609.48 36.4656 -6.2055 0.021 48.3941 76.8972 305.62 657.662 651.43 -6.232 5.416 0.1 553245 22838
2018 08 25 22 13 14.547 34.6111 46.2422 10 36.4656 -6.2055 0.021 288.213 42.283 308.871 483.119 472.83 -10.289 8.156 0.1 553246 22838
2018 09 07 2 11 51.145 -2.3453 -78.8955 93.53 36.4656 -6.2055 0.021 52.0122 77.5492 311.941 718.791 705.83 -12.961 5.563 0.1 553853 22838
2018 11 11 14 3 55.068 15.5653 -49.8719 10 36.4656 -6.2055 0.021 53.3027 43.9613 305.007 493.034 487.17 -5.864 8.030 0.1 553248 22838
2018 11 30 17 29 22.138 61.3464 -149.955 46.7 36.4656 -6.2055 0.021 29.1453 78.1621 305.047 719.704 712.52 -7.184 5.559 0.1 553876 22838
2019 02 22 10 17 20.152 -2.199 -77.0231 132.36 36.4656 -6.2055 0.021 51.6936 75.9881 299.569 693.262 692.69 -0.572 5.664 0.1 553986 22838
2019 03 01 8 50 41.080 -14.7016 -70.135 267 36.4656 -6.2055 0.021 47.5662 78.8382 301.273 696.088 694.29 -1.798 5.408 0.1 553948 22838
2019 06 26 2 18 6.811 56.1779 164.11 10 36.4656 -6.2055 0.021 352.198 87.3501 300.186 767.62 765.43 -2.19 4.863 0.1 553992 22838
2019 09 24 3 23 26.603 19.077 -67.2701 10 36.4656 -6.2055 0.021 58.4631 55.8672 309.325 587.967 577.28 -10.687 7.172 0.1 553995 22838
2019 11 20 4 26 57.989 13.8855 -93.2133 14.16 36.4656 -6.2055 0.021 54.9536 79.5149 305.449 732.755 725.74 -7.015 5.451 0.1 554002 22838
2020 01 24 17 55 11.254 38.3898 39.0814 11.91 36.4656 -6.2055 0.021 281.281 35.7425 304.812 423.953 417.83 -6.123 8.584 0.1 553935 22838
