2012 08 11 12 34 36.600 38.379 46.795 18.9 -22.2377 26.7184 1.236 200.88 63.1738 300.131 625.531 628.70 3.169 6.612 0.1 523255 22920
2012 09 03 18 23 08.350 -10.677 113.964 34.8 -22.2377 26.7184 1.236 248.655 83.5103 299.504 743.154 743.95 0.796 5.141 0.1 523642 22920
2012 10 09 12 32 08.820 -60.641 153.933 12.1 -22.2377 26.7184 1.236 227.631 87.0604 303.606 767.786 764.28 -3.506 4.876 0.1 524210 22920
2012 11 11 01 12 39.150 22.89 95.848 14.2 -22.2377 26.7184 1.236 241.265 80.859 299.384 732.234 734.14 1.906 5.333 0.1 524746 22920
2012 11 14 19 02 05.690 -29.178 -71.386 61.5 -22.2377 26.7184 1.236 113.161 86.0847 299.558 752.868 753.40 0.532 4.933 0.1 553205 22920
2012 08 11 12 34 36.600 38.379 46.795 18.9 -21.3928 25.5811 0.984 202.301 62.7037 300.293 622.693 625.54 2.847 6.644 0.1 523255 22921
2012 09 03 18 23 08.350 -10.677 113.964 34.8 -21.3928 25.5811 0.984 249.322 84.6867 299.156 748.826 749.95 1.124 5.048 0.1 523642 22921
2012 09 14 04 51 48.60 -3.3 100.67 23.3 -21.3928 25.5811 0.984 248.853 74.9212 299.146 698.106 698.96 0.854 5.778 0.1 523871 22921
2012 11 11 01 12 39.150 22.89 95.848 14.2 -21.3928 25.5811 0.984 242.527 81.3777 298.944 734.794 736.86 2.066 5.291 0.1 524746 22921
2012 11 14 19 02 05.690 -29.178 -71.386 61.5 -21.3928 25.5811 0.984 111.905 85.5818 299.566 749.896 750.94 1.044 4.974 0.1 553205 22921
2012 08 11 12 34 36.600 38.379 46.795 18.9 -21.1207 24.7635 0.906 203.212 62.6962 300.235 622.635 625.47 2.835 6.645 0.1 523255 22922
2012 08 12 10 47 07.390 35.652 82.541 14 -21.1207 24.7635 0.906 233.68 78.6056 299.3 719.91 722.33 2.42 5.496 0.1 523270 22922
2012 09 03 18 23 08.350 -10.677 113.964 34.8 -21.1207 24.7635 0.906 249.464 85.4835 299.378 753.028 753.94 0.912 4.984 0.1 523642 22922
2012 09 14 04 51 48.60 -3.3 100.67 23.3 -21.1207 24.7635 0.906 249.163 75.673 300.191 703.131 703.27 0.139 5.721 0.1 523871 22922
2012 11 11 01 12 39.150 22.89 95.848 14.2 -21.1207 24.7635 0.906 243.135 81.9197 298.428 737.278 739.70 2.422 5.247 0.1 524746 22922
2012 11 14 19 02 05.690 -29.178 -71.386 61.5 -21.1207 24.7635 0.906 111.293 85.0497 300.372 747.702 748.29 0.588 5.018 0.1 553205 22922
2012 08 11 12 34 36.600 38.379 46.795 18.9 -20.4742 24.5139 0.921 203.703 62.1681 300.882 619.282 621.93 2.648 6.681 0.1 523255 22923
2012 09 03 18 23 08.350 -10.677 113.964 34.8 -20.4742 24.5139 0.921 250.06 85.8222 300.372 755.042 755.63 0.588 4.954 0.1 523642 22923
2012 09 14 04 51 48.60 -3.3 100.67 23.3 -20.4742 24.5139 0.921 249.834 75.8854 299.644 703.584 704.48 0.896 5.705 0.1 523871 22923
2012 11 11 01 12 39.150 22.89 95.848 14.2 -20.4742 24.5139 0.921 243.819 81.8224 299.552 737.402 739.17 1.768 5.255 0.1 524746 22923
2012 11 14 19 02 05.690 -29.178 -71.386 61.5 -20.4742 24.5139 0.921 110.615 85.1598 300.013 748.323 748.86 0.537 5.009 0.1 553205 22923
2012 08 11 12 34 36.600 38.379 46.795 18.9 -20.2184 24.132 0.927 204.182 62.0506 299.669 618.069 621.13 3.061 6.691 0.1 523255 22924
2012 08 12 10 47 07.390 35.652 82.541 14 -20.2184 24.132 0.927 234.754 78.3866 298.799 718.409 721.09 2.681 5.511 0.1 523270 22924
2012 09 03 18 23 08.350 -10.677 113.964 34.8 -20.2184 24.132 0.927 250.25 86.2188 299.915 756.584 757.59 1.006 4.922 0.1 523642 22924
2012 09 14 04 51 48.60 -3.3 100.67 23.3 -20.2184 24.132 0.927 250.107 76.2364 300.294 706.254 706.48 0.226 5.681 0.1 523871 22924
2012 11 11 01 12 39.150 22.89 95.848 14.2 -20.2184 24.132 0.927 244.216 82.0197 299.078 737.948 740.20 2.252 5.240 0.1 524746 22924
2012 11 14 19 02 05.690 -29.178 -71.386 61.5 -20.2184 24.132 0.927 110.217 84.9707 300.083 747.393 747.92 0.527 5.024 0.1 553205 22924
2012 08 11 12 34 36.600 38.379 46.795 18.9 -19.9011 23.5269 0.937 204.91 61.9521 300.332 617.732 620.45 2.718 6.698 0.1 523255 22925
2012 08 12 10 47 07.390 35.652 82.541 14 -19.9011 23.5269 0.937 235.391 78.5684 299.443 720.053 722.07 2.017 5.499 0.1 523270 22925
2012 09 03 18 23 08.350 -10.677 113.964 34.8 -19.9011 23.5269 0.937 250.462 86.8339 300.153 759.803 760.60 0.797 4.874 0.1 523642 22925
2012 09 14 04 51 48.60 -3.3 100.67 23.3 -19.9011 23.5269 0.937 250.446 76.7973 299.77 708.71 709.65 0.94 5.643 0.1 523871 22925
2012 11 11 01 12 39.150 22.89 95.848 14.2 -19.9011 23.5269 0.937 244.765 82.3765 300.328 741.178 742.05 0.872 5.217 0.1 524746 22925
2012 11 14 19 02 05.690 -29.178 -71.386 61.5 -19.9011 23.5269 0.937 109.663 84.6264 300.627 745.937 746.20 0.263 5.051 0.1 553205 22925
2012 08 11 12 34 36.600 38.379 46.795 18.9 -20.549 22.7494 0.945 205.421 62.8144 300.701 624.101 626.21 2.109 6.637 0.1 523255 22926
2012 09 03 18 23 08.350 -10.677 113.964 34.8 -20.549 22.7494 0.945 249.697 87.4377 299.993 762.663 763.52 0.857 4.826 0.1 523642 22926
2012 09 14 04 51 48.60 -3.3 100.67 23.3 -20.549 22.7494 0.945 249.8 77.5408 301.195 714.135 713.83 -0.305 5.589 0.1 523871 22926
2012 11 11 01 12 39.150 22.89 95.848 14.2 -20.549 22.7494 0.945 244.527 83.3216 300.416 746.286 746.96 0.674 5.147 0.1 524746 22926
2012 11 14 19 02 05.690 -29.178 -71.386 61.5 -20.549 22.7494 0.945 109.877 83.676 300.772 741.102 741.36 0.258 5.125 0.1 553205 22926
2012 08 11 12 34 36.600 38.379 46.795 18.9 -20.1645 22.4588 0.948 205.864 62.5567 300.351 621.751 624.48 2.729 6.653 0.1 523255 22927
2012 08 12 10 47 07.390 35.652 82.541 14 -20.1645 22.4588 0.948 235.915 79.4698 299.678 725.308 726.99 1.682 5.434 0.1 523270 22927
2012 09 03 18 23 08.350 -10.677 113.964 34.8 -20.1645 22.4588 0.948 250.024 87.775 300.447 765.117 765.15 0.033 4.801 0.1 523642 22927
2012 09 14 04 51 48.60 -3.3 100.67 23.3 -20.1645 22.4588 0.948 250.197 77.8064 300.622 715.562 715.31 -0.252 5.568 0.1 523871 22927
2012 11 11 01 12 39.150 22.89 95.848 14.2 -20.1645 22.4588 0.948 244.995 83.3889 301.072 746.922 747.29 0.368 5.142 0.1 524746 22927
2012 11 14 19 02 05.690 -29.178 -71.386 61.5 -20.1645 22.4588 0.948 109.408 83.62 300.399 740.729 741.08 0.351 5.130 0.1 553205 22927
2012 08 11 12 34 36.600 38.379 46.795 18.9 -19.6626 22.1937 0.954 206.332 62.1839 299.441 618.841 621.97 3.129 6.681 0.1 523255 22928
2012 08 12 10 47 07.390 35.652 82.541 14 -19.6626 22.1937 0.954 236.457 79.3022 300.686 725.296 726.06 0.764 5.447 0.1 523270 22928
2012 09 03 18 23 08.350 -10.677 113.964 34.8 -19.6626 22.1937 0.954 250.47 88.1116 301.047 766.697 766.76 0.063 4.775 0.1 523642 22928
2012 09 14 04 51 48.60 -3.3 100.67 23.3 -19.6626 22.1937 0.954 250.711 78.0485 300.379 716.319 716.65 0.331 5.550 0.1 523871 22928
2012 11 11 01 12 39.150 22.89 95.848 14.2 -19.6626 22.1937 0.954 245.557 83.3835 301.128 746.978 747.25 0.272 5.143 0.1 524746 22928
2012 11 13 04 31 30.980 -45.669 -77.084 35 -19.6626 22.1937 0.954 110.236 82.4185 303.323 740.363 737.70 -2.663 5.229 0.1 524800 22928
2012 11 14 19 02 05.690 -29.178 -71.386 61.5 -19.6626 22.1937 0.954 108.846 83.6399 300.341 740.651 741.20 0.549 5.128 0.1 553205 22928
2012 08 11 12 34 36.600 38.379 46.795 18.9 -18.9132 22.5427 0.974 206.297 61.3694 300.086 613.486 616.48 2.994 6.743 0.1 523255 22929
2012 08 12 10 47 07.390 35.652 82.541 14 -18.9132 22.5427 0.974 236.771 78.5475 301.287 720.897 721.91 1.013 5.501 0.1 523270 22929
2012 09 03 18 23 08.350 -10.677 113.964 34.8 -18.9132 22.5427 0.974 251.263 87.9239 299.644 765.314 765.87 0.556 4.789 0.1 523642 22929
2012 09 14 04 51 48.60 -3.3 100.67 23.3 -18.9132 22.5427 0.974 251.469 77.7093 301.175 715.115 714.76 -0.355 5.576 0.1 523871 22929
2012 11 11 01 12 39.150 22.89 95.848 14.2 -18.9132 22.5427 0.974 246.075 82.7509 299.721 742.571 743.97 1.399 5.191 0.1 524746 22929
2012 11 14 19 02 05.690 -29.178 -71.386 61.5 -18.9132 22.5427 0.974 108.347 84.2867 299.628 743.958 744.51 0.552 5.076 0.1 553205 22929
2012 08 11 12 34 36.600 38.379 46.795 18.9 -19.0159 22.3165 0.974 206.48 61.5434 300.283 614.683 617.65 2.967 6.730 0.1 523255 22930
2012 08 12 10 47 07.390 35.652 82.541 14 -19.0159 22.3165 0.974 236.847 78.7725 300.828 722.438 723.15 0.712 5.485 0.1 523270 22930
2012 09 03 18 23 08.350 -10.677 113.964 34.8 -19.0159 22.3165 0.974 251.124 88.1157 300.852 766.502 766.79 0.288 4.774 0.1 523642 22930
2012 09 14 04 51 48.60 -3.3 100.67 23.3 -19.0159 22.3165 0.974 251.367 77.9246 299.49 715.45 715.96 0.51 5.559 0.1 523871 22930
2012 11 11 01 12 39.150 22.89 95.848 14.2 -19.0159 22.3165 0.974 246.081 82.988 300.856 744.706 745.20 0.494 5.174 0.1 524746 22930
2012 11 14 19 02 05.690 -29.178 -71.386 61.5 -19.0159 22.3165 0.974 108.334 84.0498 300.293 742.603 743.31 0.707 5.095 0.1 553205 22930
2012 08 11 12 34 36.600 38.379 46.795 18.9 -18.7462 22.1965 0.978 206.714 61.3366 300.231 613.631 616.25 2.619 6.745 0.1 523255 22931
2012 08 12 10 47 07.390 35.652 82.541 14 -18.7462 22.1965 0.978 237.125 78.6687 300.361 720.971 722.57 1.599 5.493 0.1 523270 22931
2012 09 03 18 23 08.350 -10.677 113.964 34.8 -18.7462 22.1965 0.978 251.367 88.2767 300.743 767.393 767.56 0.167 4.762 0.1 523642 22931
2012 09 14 04 51 48.60 -3.3 100.67 23.3 -18.7462 22.1965 0.978 251.643 78.0354 300.193 716.133 716.58 0.447 5.551 0.1 523871 22931
2012 11 11 01 12 39.150 22.89 95.848 14.2 -18.7462 22.1965 0.978 246.374 82.9677 301.02 744.87 745.08 0.21 5.176 0.1 524746 22931
2012 11 14 19 02 05.690 -29.178 -71.386 61.5 -18.7462 22.1965 0.978 108.043 84.0788 298.809 742.119 743.46 1.341 5.092 0.1 553205 22931
2012 08 11 12 34 36.600 38.379 46.795 18.9 -18.5794 21.9944 0.979 206.987 61.2545 300.673 613.073 615.69 2.617 6.752 0.1 523255 22932
2012 08 12 10 47 07.390 35.652 82.541 14 -18.5794 21.9944 0.979 237.382 78.6924 300.628 721.238 722.69 1.452 5.491 0.1 523270 22932
2012 09 03 18 23 08.350 -10.677 113.964 34.8 -18.5794 21.9944 0.979 251.494 88.4956 300.759 768.429 768.60 0.171 4.744 0.1 523642 22932
2012 11 11 01 12 39.150 22.89 95.848 14.2 -18.5794 21.9944 0.979 246.611 83.0636 302.276 747.126 745.57 -1.556 5.169 0.1 524746 22932
2012 11 14 19 02 05.690 -29.178 -71.386 61.5 -18.5794 21.9944 0.979 107.804 83.9902 300.698 743.008 743.02 0.012 5.099 0.1 553205 22932
2012 08 11 12 34 36.600 38.379 46.795 18.9 -18.295 21.7918 0.995 207.313 61.0652 300.434 611.834 614.39 2.556 6.766 0.1 523255 22933
2012 08 12 10 47 07.390 35.652 82.541 14 -18.295 21.7918 0.995 237.726 78.6365 300.267 720.877 722.37 1.493 5.495 0.1 523270 22933
2012 09 03 18 23 08.350 -10.677 113.964 34.8 -18.295 21.7918 0.995 251.737 88.7372 300.469 769.139 769.75 0.611 4.725 0.1 523642 22933
2012 09 14 04 51 48.60 -3.3 100.67 23.3 -18.295 21.7918 0.995 252.104 78.4159 299.752 717.712 718.68 0.968 5.522 0.1 523871 22933
2012 11 11 01 12 39.150 22.89 95.848 14.2 -18.295 21.7918 0.995 246.952 83.1078 299.737 744.607 745.79 1.183 5.165 0.1 524746 22933
2012 11 14 19 02 05.690 -29.178 -71.386 61.5 -18.295 21.7918 0.995 107.462 83.9568 300.272 742.602 742.86 0.258 5.102 0.1 553205 22933
2012 08 11 12 34 36.600 38.379 46.795 18.9 -19.6305 23.8268 0.942 204.717 61.601 299.848 615.248 618.09 2.842 6.725 0.1 523255 22934
2012 08 12 10 47 07.390 35.652 82.541 14 -19.6305 23.8268 0.942 235.384 78.1783 300.201 717.811 719.92 2.109 5.527 0.1 523270 22934
2012 09 03 18 23 08.350 -10.677 113.964 34.8 -19.6305 23.8268 0.942 250.777 86.603 300.095 758.765 759.48 0.715 4.892 0.1 523642 22934
2012 09 14 04 51 48.60 -3.3 100.67 23.3 -19.6305 23.8268 0.942 250.716 76.5089 299.102 707.042 708.02 0.978 5.663 0.1 523871 22934
2012 11 11 01 12 39.150 22.89 95.848 14.2 -19.6305 23.8268 0.942 244.873 82.0015 299.638 738.488 740.09 1.602 5.241 0.1 524746 22934
2012 11 14 19 02 05.690 -29.178 -71.386 61.5 -19.6305 23.8268 0.942 109.564 85.0039 300.627 747.937 748.11 0.173 5.021 0.1 553205 22934
2012 08 11 12 34 36.600 38.379 46.795 18.9 -22.8246 27.2286 0.953 200.181 63.5907 299.217 627.617 631.47 3.853 6.582 0.1 523255 22935
2012 09 03 18 23 08.350 -10.677 113.964 34.8 -22.8246 27.2286 0.953 248.146 82.9555 299.243 739.893 741.09 1.197 5.184 0.1 523642 22935
2012 11 11 01 12 39.150 22.89 95.848 14.2 -22.8246 27.2286 0.953 240.515 80.7345 299.668 731.518 733.49 1.972 5.342 0.1 524746 22935
2012 11 14 19 02 05.690 -29.178 -71.386 61.5 -22.8246 27.2286 0.953 113.905 86.2029 299.336 752.666 753.96 1.294 4.923 0.1 553205 22935
2012 08 11 12 34 36.600 38.379 46.795 18.9 -19.2938 22.9094 0.959 205.772 61.5954 299.404 614.804 618.02 3.216 6.725 0.1 523255 22936
2012 08 12 10 47 07.390 35.652 82.541 14 -19.2938 22.9094 0.959 236.247 78.5618 299.578 720.208 722.01 1.802 5.500 0.1 523270 22936
2012 09 03 18 23 08.350 -10.677 113.964 34.8 -19.2938 22.9094 0.959 250.954 87.5143 300.059 763.729 763.90 0.171 4.820 0.1 523642 22936
2012 09 14 04 51 48.60 -3.3 100.67 23.3 -19.2938 22.9094 0.959 251.077 77.368 300.766 712.726 712.86 0.134 5.601 0.1 523871 22936
2012 11 11 01 12 39.150 22.89 95.848 14.2 -19.2938 22.9094 0.959 245.576 82.6152 300.255 742.105 743.27 1.165 5.201 0.1 524746 22936
2012 11 14 19 02 05.690 -29.178 -71.386 61.5 -19.2938 22.9094 0.959 108.849 84.4083 300.681 745.011 745.12 0.109 5.067 0.1 553205 22936
2012 08 11 12 34 36.600 38.379 46.795 18.9 -13.4078 34.87 0.486 194.639 52.7114 300.1 552.5 555.28 2.78 7.376 0.1 523255 22937
2012 08 12 10 47 07.390 35.652 82.541 14 -13.4078 34.87 0.486 231.713 66.4242 299.18 646.79 649.81 3.02 6.387 0.1 523270 22937
2012 09 03 18 23 08.350 -10.677 113.964 34.8 -13.4078 34.87 0.486 258.605 77.0927 299.941 708.611 709.53 0.919 5.620 0.1 523642 22937
2012 09 14 04 51 48.60 -3.3 100.67 23.3 -13.4078 34.87 0.486 256.858 65.7062 300.083 642.043 642.60 0.557 6.450 0.1 523871 22937
2012 11 11 01 12 39.150 22.89 95.848 14.2 -13.4078 34.87 0.486 245.095 69.7422 299.075 667.945 670.10 2.155 6.153 0.1 524746 22937
2012 12 17 09 16 31.250 -0.693 123.883 46.4 -13.4078 34.87 0.486 256.689 88.881 300.041 768.791 769.26 0.469 4.707 0.1 525356 22937
2012 08 11 12 34 36.600 38.379 46.795 18.9 -13.2923 35.0304 0.994 194.476 52.5672 299.879 551.279 554.22 2.941 7.387 0.1 523255 22938
2012 08 12 10 47 07.390 35.652 82.541 14 -13.2923 35.0304 0.994 231.666 66.2351 299.059 645.669 648.60 2.931 6.401 0.1 523270 22938
2012 09 03 18 23 08.350 -10.677 113.964 34.8 -13.2923 35.0304 0.994 258.744 76.9542 300.251 707.921 708.75 0.829 5.630 0.1 523642 22938
2012 09 14 04 51 48.60 -3.3 100.67 23.3 -13.2923 35.0304 0.994 256.977 65.5454 299.923 640.883 641.57 0.687 6.461 0.1 523871 22938
2012 11 11 01 12 39.150 22.89 95.848 14.2 -13.2923 35.0304 0.994 245.115 69.5493 298.962 666.832 668.91 2.078 6.167 0.1 524746 22938
2012 12 17 09 16 31.250 -0.693 123.883 46.4 -13.2923 35.0304 0.994 256.805 88.7257 300.393 768.143 768.53 0.387 4.719 0.1 525356 22938
2012 08 11 12 34 36.600 38.379 46.795 18.9 -13.3088 35.2425 1.37 194.217 52.542 300.8 551.2 554.03 2.83 7.389 0.1 523255 22939
2012 08 12 10 47 07.390 35.652 82.541 14 -13.3088 35.2425 1.37 231.484 66.1122 299.086 644.716 647.82 3.104 6.410 0.1 523270 22939
2012 08 18 09 41 55.160 -1.351 120.127 27.9 -13.3088 35.2425 1.37 256.844 84.7137 299.875 750.715 751.32 0.605 5.044 0.1 523332 22939
2012 09 03 18 23 08.350 -10.677 113.964 34.8 -13.3088 35.2425 1.37 258.757 76.7474 300.103 706.753 707.58 0.827 5.645 0.1 523642 22939
2012 09 14 04 51 48.60 -3.3 100.67 23.3 -13.3088 35.2425 1.37 256.949 65.3398 298.406 638.346 640.24 1.894 6.477 0.1 523871 22939
2012 11 11 01 12 39.150 22.89 95.848 14.2 -13.3088 35.2425 1.37 244.987 69.3804 298.936 665.786 667.87 2.084 6.179 0.1 524746 22939
2012 12 17 09 16 31.250 -0.693 123.883 46.4 -13.3088 35.2425 1.37 256.79 88.5191 300.64 767.39 767.55 0.16 4.736 0.1 525356 22939
2012 08 11 12 34 36.600 38.379 46.795 18.9 -13.3309 35.6584 1.207 193.711 52.4847 300.143 550.543 553.61 3.067 7.393 0.1 523255 22940
2012 08 12 10 47 07.390 35.652 82.541 14 -13.3309 35.6584 1.207 231.133 65.8644 297.571 642.181 646.23 4.049 6.428 0.1 523270 22940
2012 08 18 09 41 55.160 -1.351 120.127 27.9 -13.3309 35.6584 1.207 256.822 84.3088 299.402 748.262 749.27 1.008 5.075 0.1 523332 22940
2012 09 03 18 23 08.350 -10.677 113.964 34.8 -13.3309 35.6584 1.207 258.792 76.3434 299.687 704.357 705.30 0.943 5.673 0.1 523642 22940
2012 09 14 04 51 48.60 -3.3 100.67 23.3 -13.3309 35.6584 1.207 256.905 64.9363 298.022 634.982 637.62 2.638 6.507 0.1 523871 22940
2012 10 17 04 42 31.60 4.179 124.561 338.4 -13.3309 35.6584 1.207 256.711 89.8849 298.893 739.853 741.13 1.277 4.638 0.1 524317 22940
2012 11 11 01 12 39.150 22.89 95.848 14.2 -13.3309 35.6584 1.207 244.745 69.0445 298.796 663.666 665.80 2.134 6.204 0.1 524746 22940
2012 12 17 09 16 31.250 -0.693 123.883 46.4 -13.3309 35.6584 1.207 256.77 88.1142 301.126 765.876 765.63 -0.246 4.768 0.1 525356 22940
2012 08 11 12 34 36.600 38.379 46.795 18.9 -13.3953 36.1257 0.661 193.133 52.4623 300.046 550.446 553.45 3.004 7.395 0.1 523255 22941
2012 08 12 10 47 07.390 35.652 82.541 14 -13.3953 36.1257 0.661 230.708 65.6176 298.977 641.587 644.65 3.063 6.445 0.1 523270 22941
2012 08 18 09 41 55.160 -1.351 120.127 27.9 -13.3953 36.1257 0.661 256.758 83.854 300.073 745.913 746.95 1.037 5.111 0.1 523332 22941
2012 09 03 18 23 08.350 -10.677 113.964 34.8 -13.3953 36.1257 0.661 258.79 75.8841 299.671 701.338 702.69 1.352 5.704 0.1 523642 22941
2012 09 14 04 51 48.60 -3.3 100.67 23.3 -13.3953 36.1257 0.661 256.811 64.4849 299.617 633.557 634.67 1.113 6.539 0.1 523871 22941
2012 11 11 01 12 39.150 22.89 95.848 14.2 -13.3953 36.1257 0.661 244.434 68.6883 299.719 661.589 663.59 2.001 6.229 0.1 524746 22941
2012 12 17 09 16 31.250 -0.693 123.883 46.4 -13.3953 36.1257 0.661 256.708 87.6591 300.743 763.493 763.45 -0.043 4.803 0.1 525356 22941
2012 08 11 12 34 36.600 38.379 46.795 18.9 -13.3496 36.7453 0.44 192.394 52.31 300.112 549.512 552.33 2.818 7.405 0.1 523255 22942
2012 08 12 10 47 07.390 35.652 82.541 14 -13.3496 36.7453 0.44 230.234 65.1937 299.158 638.788 641.92 3.132 6.476 0.1 523270 22942
2012 08 18 09 41 55.160 -1.351 120.127 27.9 -13.3496 36.7453 0.44 256.802 83.2509 299.937 742.797 743.86 1.063 5.160 0.1 523332 22942
2012 09 03 18 23 08.350 -10.677 113.964 34.8 -13.3496 36.7453 0.44 258.921 75.2927 299.808 698.458 699.30 0.842 5.749 0.1 523642 22942
2012 09 14 04 51 48.60 -3.3 100.67 23.3 -13.3496 36.7453 0.44 256.829 63.8804 300.072 630.012 630.71 0.698 6.582 0.1 523871 22942
2012 10 17 04 42 31.60 4.179 124.561 338.4 -13.3496 36.7453 0.44 256.611 88.8315 299.437 735.377 736.24 0.863 4.643 0.1 524317 22942
2012 11 11 01 12 39.150 22.89 95.848 14.2 -13.3496 36.7453 0.44 244.138 68.1499 297.842 656.712 660.23 3.518 6.267 0.1 524746 22942
2012 12 11 06 18 28.980 0.56 126.223 43.8 -13.3496 36.7453 0.44 256.732 89.6193 301.586 772.626 773.03 0.404 4.649 0.1 525266 22942
2012 12 17 09 16 31.250 -0.693 123.883 46.4 -13.3496 36.7453 0.44 256.754 87.0562 300.436 760.186 760.54 0.354 4.850 0.1 525356 22942
2012 08 11 12 34 36.600 38.379 46.795 18.9 -13.1967 37.4986 0.821 191.511 52.0376 300.247 547.647 550.31 2.663 7.423 0.1 523255 22943
2012 08 12 10 47 07.390 35.652 82.541 14 -13.1967 37.4986 0.821 229.719 64.6072 299.393 635.003 638.12 3.117 6.520 0.1 523270 22943
2012 08 18 09 41 55.160 -1.351 120.127 27.9 -13.1967 37.4986 0.821 256.951 82.5167 299.238 739.098 740.05 0.952 5.213 0.1 523332 22943
2012 08 26 15 05 37.160 2.198 126.869 90.9 -13.1967 37.4986 0.821 256.874 89.8824 300.785 768.625 768.77 0.145 4.642 0.1 523406 22943
2012 09 03 18 23 08.350 -10.677 113.964 34.8 -13.1967 37.4986 0.821 259.178 74.5859 300.156 694.806 695.22 0.414 5.802 0.1 523642 22943
2012 09 14 04 51 48.60 -3.3 100.67 23.3 -13.1967 37.4986 0.821 256.957 63.1402 299.156 624.096 625.82 1.724 6.634 0.1 523871 22943
2012 10 17 04 42 31.60 4.179 124.561 338.4 -13.1967 37.4986 0.821 256.703 88.0882 299.543 731.483 732.78 1.297 4.686 0.1 524317 22943
2012 11 11 01 12 39.150 22.89 95.848 14.2 -13.1967 37.4986 0.821 243.862 67.4458 298.829 653.699 655.81 2.111 6.319 0.1 524746 22943
2012 12 11 06 18 28.980 0.56 126.223 43.8 -13.1967 37.4986 0.821 256.874 88.8839 301.119 769.159 769.59 0.431 4.707 0.1 525266 22943
2012 12 17 09 16 31.250 -0.693 123.883 46.4 -13.1967 37.4986 0.821 256.906 86.3226 302.373 758.123 756.96 -1.163 4.907 0.1 525356 22943
2012 08 11 12 34 36.600 38.379 46.795 18.9 -13.7073 33.0061 1.136 196.771 53.3984 300.543 557.943 560.33 2.387 7.325 0.1 523255 22944
2012 08 12 10 47 07.390 35.652 82.541 14 -13.7073 33.0061 1.136 232.971 67.8488 299.608 656.218 658.82 2.602 6.284 0.1 523270 22944
2012 08 18 09 41 55.160 -1.351 120.127 27.9 -13.7073 33.0061 1.136 256.432 86.8863 300.352 762.192 762.08 -0.112 4.868 0.1 523332 22944
2012 09 03 18 23 08.350 -10.677 113.964 34.8 -13.7073 33.0061 1.136 258.039 78.8444 299.642 718.312 719.25 0.938 5.491 0.1 523642 22944
2012 09 14 04 51 48.60 -3.3 100.67 23.3 -13.7073 33.0061 1.136 256.612 67.5292 300.221 654.181 654.24 0.059 6.318 0.1 523871 22944
2012 11 11 01 12 39.150 22.89 95.848 14.2 -13.7073 33.0061 1.136 245.795 71.4563 299.579 678.449 680.54 2.091 6.029 0.1 524746 22944
2012 08 11 12 34 36.600 38.379 46.795 18.9 -13.724 33.5599 1.174 196.113 53.2914 300.766 557.166 559.55 2.384 7.333 0.1 523255 22945
2012 08 12 10 47 07.390 35.652 82.541 14 -13.724 33.5599 1.174 232.526 67.5022 299.328 653.938 656.64 2.702 6.309 0.1 523270 22945
2012 08 18 09 41 55.160 -1.351 120.127 27.9 -13.724 33.5599 1.174 256.42 86.348 300.008 758.848 759.45 0.602 4.910 0.1 523332 22945
2012 09 03 18 23 08.350 -10.677 113.964 34.8 -13.724 33.5599 1.174 258.102 78.3094 299.74 715.39 716.30 0.91 5.529 0.1 523642 22945
2012 09 14 04 51 48.60 -3.3 100.67 23.3 -13.724 33.5599 1.174 256.572 66.992 299.837 649.777 650.83 1.053 6.355 0.1 523871 22945
2012 11 11 01 12 39.150 22.89 95.848 14.2 -13.724 33.5599 1.174 245.495 70.9994 299.09 675.94 677.78 1.84 6.061 0.1 524746 22945
2012 08 11 12 34 36.600 38.379 46.795 18.9 -13.6788 33.8245 1.336 195.813 53.1904 301.169 556.569 558.81 2.241 7.341 0.1 523255 22946
2012 08 12 10 47 07.390 35.652 82.541 14 -13.6788 33.8245 1.336 232.35 67.2978 299.031 652.641 655.36 2.719 6.324 0.1 523270 22946
2012 09 03 18 23 08.350 -10.677 113.964 34.8 -13.6788 33.8245 1.336 258.185 78.0613 299.344 713.994 714.93 0.936 5.548 0.1 523642 22946
2012 09 14 04 51 48.60 -3.3 100.67 23.3 -13.6788 33.8245 1.336 256.61 66.7332 299.387 648.327 649.19 0.863 6.374 0.1 523871 22946
2012 11 11 01 12 39.150 22.89 95.848 14.2 -13.6788 33.8245 1.336 245.398 70.7547 299.338 674.188 676.30 2.112 6.079 0.1 524746 22946
2012 12 17 09 16 31.250 -0.693 123.883 46.4 -13.6788 33.8245 1.336 256.41 89.8951 301.382 774.132 773.99 -0.142 4.643 0.1 525356 22946
2012 08 11 12 34 36.600 38.379 46.795 18.9 -13.7212 34.1205 1.027 195.45 53.1689 300.864 556.264 558.66 2.396 7.342 0.1 523255 22947
2012 08 12 10 47 07.390 35.652 82.541 14 -13.7212 34.1205 1.027 232.086 67.1388 298.859 651.469 654.36 2.891 6.336 0.1 523270 22947
2012 08 18 09 41 55.160 -1.351 120.127 27.9 -13.7212 34.1205 1.027 256.427 85.8032 299.795 755.635 756.76 1.125 4.954 0.1 523332 22947
2012 09 03 18 23 08.350 -10.677 113.964 34.8 -13.7212 34.1205 1.027 258.184 77.7706 299.921 712.571 713.31 0.739 5.570 0.1 523642 22947
2012 09 14 04 51 48.60 -3.3 100.67 23.3 -13.7212 34.1205 1.027 256.551 66.4475 299.705 646.665 647.36 0.695 6.396 0.1 523871 22947
2012 11 11 01 12 39.150 22.89 95.848 14.2 -13.7212 34.1205 1.027 245.205 70.5281 298.817 672.687 674.92 2.233 6.096 0.1 524746 22947
2012 12 17 09 16 31.250 -0.693 123.883 46.4 -13.7212 34.1205 1.027 256.371 89.607 300.743 772.493 772.65 0.157 4.649 0.1 525356 22947
2012 08 11 12 34 36.600 38.379 46.795 18.9 -13.7627 34.3834 0.53 195.127 53.1547 300.447 555.847 558.56 2.713 7.343 0.1 523255 22948
2012 08 12 10 47 07.390 35.652 82.541 14 -13.7627 34.3834 0.53 231.848 67.0012 298.683 650.293 653.49 3.197 6.345 0.1 523270 22948
2012 08 18 09 41 55.160 -1.351 120.127 27.9 -13.7627 34.3834 0.53 256.387 85.5475 298.482 753.322 755.49 2.168 4.976 0.1 523332 22948
2012 09 03 18 23 08.350 -10.677 113.964 34.8 -13.7627 34.3834 0.53 258.179 77.5118 299.463 711.133 711.87 0.737 5.590 0.1 523642 22948
2012 09 14 04 51 48.60 -3.3 100.67 23.3 -13.7627 34.3834 0.53 256.495 66.194 300.06 645 645.74 0.74 6.414 0.1 523871 22948
2012 11 11 01 12 39.150 22.89 95.848 14.2 -13.7627 34.3834 0.53 245.029 70.3292 298.468 671.318 673.71 2.392 6.111 0.1 524746 22948
2012 12 17 09 16 31.250 -0.693 123.883 46.4 -13.7627 34.3834 0.53 256.332 89.3511 300.771 771.521 771.46 -0.061 4.670 0.1 525356 22948
2012 08 11 12 34 36.600 38.379 46.795 18.9 -13.7421 34.5959 0.514 194.88 53.0914 299.861 555.261 558.09 2.829 7.348 0.1 523255 22949
2012 08 12 10 47 07.390 35.652 82.541 14 -13.7421 34.5959 0.514 231.694 66.8498 298.844 649.454 652.53 3.076 6.355 0.1 523270 22949
2012 08 18 09 41 55.160 -1.351 120.127 27.9 -13.7421 34.5959 0.514 256.409 85.3411 301.342 755.202 754.46 -0.742 4.994 0.1 523332 22949
2012 09 03 18 23 08.350 -10.677 113.964 34.8 -13.7421 34.5959 0.514 258.229 77.3102 300.584 710.254 710.74 0.486 5.605 0.1 523642 22949
2012 09 14 04 51 48.60 -3.3 100.67 23.3 -13.7421 34.5959 0.514 256.507 65.9868 299.858 643.818 644.41 0.592 6.430 0.1 523871 22949
2012 08 11 12 34 36.600 38.379 46.795 18.9 -10.6838 34.1931 0.504 196.206 50.2079 301.25 534.65 536.45 1.8 7.559 0.1 523255 22950
2012 08 12 10 47 07.390 35.652 82.541 14 -10.6838 34.1931 0.504 234.231 64.8413 299.332 636.942 639.48 2.538 6.504 0.1 523270 22950
2012 08 30 13 43 25.300 71.446 -11.034 11.1 -10.6838 34.1931 0.504 135.691 87.2999 301.462 767.182 767.48 0.298 4.826 0.1 553178 22950
2012 09 03 18 23 08.350 -10.677 113.964 34.8 -10.6838 34.1931 0.504 261.248 78.1431 300.473 715.143 715.42 0.277 5.541 0.1 523642 22950
2012 09 14 04 51 48.60 -3.3 100.67 23.3 -10.6838 34.1931 0.504 259.843 66.2855 300.07 646.01 646.32 0.31 6.408 0.1 523871 22950
2012 12 17 09 16 31.250 -0.693 123.883 46.4 -10.6838 34.1931 0.504 259.39 89.5684 300.99 772.74 772.48 -0.26 4.652 0.1 525356 22950
2012 08 11 12 34 36.600 38.379 46.795 18.9 -11.61 34.2964 0.481 195.815 51.0832 300.535 540.935 543.09 2.155 7.496 0.1 523255 22951
2012 08 12 10 47 07.390 35.652 82.541 14 -11.61 34.2964 0.481 233.469 65.4566 297.231 638.861 643.51 4.649 6.457 0.1 523270 22951
2012 09 03 18 23 08.350 -10.677 113.964 34.8 -11.61 34.2964 0.481 260.333 77.9046 299.608 713.278 714.08 0.802 5.560 0.1 523642 22951
2012 09 14 04 51 48.60 -3.3 100.67 23.3 -11.61 34.2964 0.481 258.835 66.2048 299.833 644.773 645.80 1.027 6.414 0.1 523871 22951
2012 11 11 01 12 39.150 22.89 95.848 14.2 -11.61 34.2964 0.481 247.043 69.3233 299.528 665.378 667.45 2.072 6.184 0.1 524746 22951
2012 12 17 09 16 31.250 -0.693 123.883 46.4 -11.61 34.2964 0.481 258.471 89.4573 301.109 771.879 771.96 0.081 4.661 0.1 525356 22951
2012 08 11 12 34 36.600 38.379 46.795 18.9 -12.1085 34.0464 0.475 195.981 51.6203 300.384 544.784 547.12 2.336 7.456 0.1 523255 22952
2012 08 12 10 47 07.390 35.652 82.541 14 -12.1085 34.0464 0.475 233.305 65.9888 300.085 644.715 646.95 2.235 6.419 0.1 523270 22952
2012 08 18 09 41 55.160 -1.351 120.127 27.9 -12.1085 34.0464 0.475 258.034 85.8875 299.326 756.166 757.18 1.014 4.947 0.1 523332 22952
2012 09 03 18 23 08.350 -10.677 113.964 34.8 -12.1085 34.0464 0.475 259.795 78.0734 298.428 713.078 715.01 1.932 5.547 0.1 523642 22952
2012 09 14 04 51 48.60 -3.3 100.67 23.3 -12.1085 34.0464 0.475 258.302 66.4631 299.495 646.455 647.46 1.005 6.395 0.1 523871 22952
2012 11 11 01 12 39.150 22.89 95.848 14.2 -12.1085 34.0464 0.475 246.716 69.7828 299.524 668.394 670.30 1.906 6.151 0.1 524746 22952
2012 12 17 09 16 31.250 -0.693 123.883 46.4 -12.1085 34.0464 0.475 257.973 89.6967 300.576 773.326 773.07 -0.256 4.643 0.1 525356 22952
2012 08 11 12 34 36.600 38.379 46.795 18.9 -12.6208 34.1652 0.488 195.695 52.0916 300.879 548.279 550.65 2.371 7.420 0.1 523255 22953
2012 09 03 18 23 08.350 -10.677 113.964 34.8 -12.6208 34.1652 0.488 259.298 77.8841 299.534 713.184 713.96 0.776 5.561 0.1 523642 22953
2012 09 14 04 51 48.60 -3.3 100.67 23.3 -12.6208 34.1652 0.488 257.742 66.363 299.108 645.048 646.82 1.772 6.402 0.1 523871 22953
2012 11 11 01 12 39.150 22.89 95.848 14.2 -12.6208 34.1652 0.488 246.185 69.9377 299.268 669.118 671.27 2.152 6.140 0.1 524746 22953
2012 12 17 09 16 31.250 -0.693 123.883 46.4 -12.6208 34.1652 0.488 257.465 89.5751 301.407 773.157 772.51 -0.647 4.652 0.1 525356 22953
2012 08 11 12 34 36.600 38.379 46.795 18.9 -13.2166 34.3113 0.511 195.358 52.6391 301.079 552.479 554.74 2.261 7.382 0.1 523255 22954
2012 08 12 10 47 07.390 35.652 82.541 14 -13.2166 34.3113 0.511 232.295 66.6399 297.75 647.36 651.17 3.81 6.371 0.1 523270 22954
2012 08 18 09 41 55.160 -1.351 120.127 27.9 -13.2166 34.3113 0.511 256.932 85.6207 300.544 755.385 755.86 0.475 4.970 0.1 523332 22954
2012 09 03 18 23 08.350 -10.677 113.964 34.8 -13.2166 34.3113 0.511 258.719 77.658 300.115 711.785 712.69 0.905 5.579 0.1 523642 22954
2012 09 14 04 51 48.60 -3.3 100.67 23.3 -13.2166 34.3113 0.511 257.09 66.242 298.389 644.349 646.05 1.701 6.411 0.1 523871 22954
2012 11 11 01 12 39.150 22.89 95.848 14.2 -13.2166 34.3113 0.511 245.564 70.1137 299.462 670.312 672.37 2.058 6.127 0.1 524746 22954
2012 08 11 12 34 36.600 38.379 46.795 18.9 -14.0852 34.9112 0.481 194.419 53.3626 299.794 557.194 560.10 2.906 7.327 0.1 523255 22955
2012 09 03 18 23 08.350 -10.677 113.964 34.8 -14.0852 34.9112 0.481 257.926 76.9598 300.528 708.198 708.77 0.572 5.630 0.1 523642 22955
2012 09 14 04 51 48.60 -3.3 100.67 23.3 -14.0852 34.9112 0.481 256.118 65.6966 299.667 641.607 642.54 0.933 6.450 0.1 523871 22955
2012 11 11 01 12 39.150 22.89 95.848 14.2 -14.0852 34.9112 0.481 244.458 70.0531 298.634 669.484 672.04 2.556 6.131 0.1 524746 22955
2012 12 17 09 16 31.250 -0.693 123.883 46.4 -14.0852 34.9112 0.481 256.016 88.8359 303.713 772.463 769.05 -3.413 4.710 0.1 525356 22955
2012 08 11 12 34 36.600 38.379 46.795 18.9 -14.548 35.1806 0.487 193.987 53.7615 300.406 559.806 563.04 3.234 7.298 0.1 523255 22956
2012 08 12 10 47 07.390 35.652 82.541 14 -14.548 35.1806 0.487 230.658 67.0849 299.114 650.724 654.07 3.346 6.339 0.1 523270 22956
2012 08 18 09 41 55.160 -1.351 120.127 27.9 -14.548 35.1806 0.487 255.606 84.7719 300.215 751.055 751.61 0.555 5.039 0.1 523332 22956
2012 09 03 18 23 08.350 -10.677 113.964 34.8 -14.548 35.1806 0.487 257.494 76.6387 299.829 706.499 706.96 0.461 5.653 0.1 523642 22956
2012 09 14 04 51 48.60 -3.3 100.67 23.3 -14.548 35.1806 0.487 255.599 65.459 299.248 640.188 641.01 0.822 6.467 0.1 523871 22956
2012 11 11 01 12 39.150 22.89 95.848 14.2 -14.548 35.1806 0.487 243.895 70.0671 299.571 670.421 672.14 1.719 6.130 0.1 524746 22956
2012 08 11 12 34 36.600 38.379 46.795 18.9 -15.0626 35.2259 0.5 193.811 54.2547 300.01 563.41 566.65 3.24 7.262 0.1 523255 22957
2012 08 12 10 47 07.390 35.652 82.541 14 -15.0626 35.2259 0.5 230.262 67.4455 296.861 651.491 656.37 4.879 6.313 0.1 523270 22957
2012 08 18 09 41 55.160 -1.351 120.127 27.9 -15.0626 35.2259 0.5 255.093 84.728 298.422 749.262 751.39 2.128 5.043 0.1 523332 22957
2012 09 03 18 23 08.350 -10.677 113.964 34.8 -15.0626 35.2259 0.5 256.979 76.5273 300.253 705.923 706.32 0.397 5.661 0.1 523642 22957
2012 09 14 04 51 48.60 -3.3 100.67 23.3 -15.0626 35.2259 0.5 255.035 65.4433 299.525 639.485 640.91 1.425 6.469 0.1 523871 22957
2012 11 11 01 12 39.150 22.89 95.848 14.2 -15.0626 35.2259 0.5 243.406 70.2955 299.918 671.788 673.56 1.772 6.113 0.1 524746 22957
2012 12 17 09 16 31.250 -0.693 123.883 46.4 -15.0626 35.2259 0.5 255.046 88.5249 301.398 768.148 767.58 -0.568 4.735 0.1 525356 22957
2012 08 11 12 34 36.600 38.379 46.795 18.9 -15.6818 34.9747 0.777 193.955 54.9059 299.776 568.176 571.39 3.214 7.214 0.1 523255 22958
2012 08 12 10 47 07.390 35.652 82.541 14 -15.6818 34.9747 0.777 230.03 68.0714 297.155 655.785 660.33 4.545 6.267 0.1 523270 22958
2012 08 18 09 41 55.160 -1.351 120.127 27.9 -15.6818 34.9747 0.777 254.475 84.9704 300.301 752.141 752.61 0.469 5.024 0.1 523332 22958
2012 09 03 18 23 08.350 -10.677 113.964 34.8 -15.6818 34.9747 0.777 256.319 76.6868 299.939 706.609 707.22 0.611 5.650 0.1 523642 22958
2012 09 14 04 51 48.60 -3.3 100.67 23.3 -15.6818 34.9747 0.777 254.376 65.7215 300.122 642.062 642.71 0.648 6.448 0.1 523871 22958
2012 11 11 01 12 39.150 22.89 95.848 14.2 -15.6818 34.9747 0.777 242.983 70.8233 299.201 675.071 676.79 1.719 6.073 0.1 524746 22958
2012 12 17 09 16 31.250 -0.693 123.883 46.4 -15.6818 34.9747 0.777 254.429 88.7636 300.917 768.667 768.70 0.033 4.716 0.1 525356 22958
2012 08 11 12 34 36.600 38.379 46.795 18.9 -12.296 29.9948 1.17 200.771 52.8049 301.45 553.85 555.87 2.02 7.370 0.1 523255 22959
2012 08 12 10 47 07.390 35.652 82.541 14 -12.296 29.9948 1.17 236.311 68.8221 299.789 662.399 664.80 2.401 6.216 0.1 523270 22959
2012 08 30 13 43 25.300 71.446 -11.034 11.1 -12.296 29.9948 1.17 140.06 87.9621 302.396 771.097 770.74 -0.357 4.774 0.1 553178 22959
2012 09 03 18 23 08.350 -10.677 113.964 34.8 -12.296 29.9948 1.17 258.991 81.9591 299.077 734.727 735.99 1.263 5.251 0.1 523642 22959
2012 09 14 04 51 48.60 -3.3 100.67 23.3 -12.296 29.9948 1.17 258.195 70.4275 300.014 671.954 672.24 0.286 6.110 0.1 523871 22959
2012 11 11 01 12 39.150 22.89 95.848 14.2 -12.296 29.9948 1.17 248.586 73.3296 298.819 689.669 691.63 1.961 5.892 0.1 524746 22959
2012 08 11 12 34 36.600 38.379 46.795 18.9 -12.6965 30.1358 1.237 200.464 53.1476 300.439 555.839 558.41 2.571 7.345 0.1 523255 22960
2012 08 12 10 47 07.390 35.652 82.541 14 -12.6965 30.1358 1.237 235.909 69.014 297.518 662.128 666.01 3.882 6.202 0.1 523270 22960
2012 08 18 09 41 55.160 -1.351 120.127 27.9 -12.6965 30.1358 1.237 257.389 89.6984 299.193 774.034 775.45 1.416 4.647 0.1 523332 22960
2012 08 30 13 43 25.300 71.446 -11.034 11.1 -12.6965 30.1358 1.237 140.01 88.3802 300.619 771.319 772.74 1.421 4.741 0.1 553178 22960
2012 09 03 18 23 08.350 -10.677 113.964 34.8 -12.6965 30.1358 1.237 258.616 81.7599 299.166 733.816 734.94 1.124 5.267 0.1 523642 22960
2012 09 14 04 51 48.60 -3.3 100.67 23.3 -12.6965 30.1358 1.237 257.77 70.2963 299.392 670.352 671.44 1.088 6.119 0.1 523871 22960
2012 11 11 01 12 39.150 22.89 95.848 14.2 -12.6965 30.1358 1.237 248.152 73.3995 298.993 689.863 692.05 2.187 5.887 0.1 524746 22960
2012 08 11 12 34 36.600 38.379 46.795 18.9 -12.939 30.4424 1.433 200.021 53.2957 301.144 557.544 559.51 1.966 7.333 0.1 523255 22961
2012 08 18 09 41 55.160 -1.351 120.127 27.9 -12.939 30.4424 1.433 257.155 89.394 299.182 773.023 774.04 1.017 4.671 0.1 523332 22961
2012 09 03 18 23 08.350 -10.677 113.964 34.8 -12.939 30.4424 1.433 258.423 81.4267 299.844 732.514 733.18 0.666 5.294 0.1 523642 22961
2012 09 14 04 51 48.60 -3.3 100.67 23.3 -12.939 30.4424 1.433 257.508 70.002 299.885 668.825 669.63 0.805 6.140 0.1 523871 22961
2012 11 11 01 12 39.150 22.89 95.848 14.2 -12.939 30.4424 1.433 247.781 73.2535 299.463 689.313 691.20 1.887 5.898 0.1 524746 22961
2012 08 11 12 34 36.600 38.379 46.795 18.9 -13.075 30.6276 1.62 199.759 53.3762 300.38 557.78 560.11 2.33 7.327 0.1 523255 22962
2012 08 18 09 41 55.160 -1.351 120.127 27.9 -13.075 30.6276 1.62 257.024 89.2107 298.423 771.283 773.18 1.897 4.686 0.1 523332 22962
2012 08 30 13 43 25.300 71.446 -11.034 11.1 -13.075 30.6276 1.62 139.62 88.8495 301.533 775.233 774.96 -0.273 4.703 0.1 553178 22962
2012 09 03 18 23 08.350 -10.677 113.964 34.8 -13.075 30.6276 1.62 258.317 81.2273 299.765 731.415 732.12 0.705 5.310 0.1 523642 22962
2012 09 14 04 51 48.60 -3.3 100.67 23.3 -13.075 30.6276 1.62 257.36 69.8244 299.591 667.531 668.54 1.009 6.153 0.1 523871 22962
2012 11 11 01 12 39.150 22.89 95.848 14.2 -13.075 30.6276 1.62 247.567 73.1609 298.618 688.468 690.66 2.192 5.904 0.1 524746 22962
2012 08 11 12 34 36.600 38.379 46.795 18.9 -13.1667 30.8784 1.512 199.435 53.3979 300.688 558.068 560.28 2.212 7.326 0.1 523255 22963
2012 08 12 10 47 07.390 35.652 82.541 14 -13.1667 30.8784 1.512 235.002 68.855 298.46 662.07 665.05 2.98 6.213 0.1 523270 22963
2012 08 18 09 41 55.160 -1.351 120.127 27.9 -13.1667 30.8784 1.512 256.938 88.9646 300.183 771.023 772.02 0.997 4.705 0.1 523332 22963
2012 09 03 18 23 08.350 -10.677 113.964 34.8 -13.1667 30.8784 1.512 258.264 80.9717 300.228 729.898 730.76 0.862 5.332 0.1 523642 22963
2012 09 14 04 51 48.60 -3.3 100.67 23.3 -13.1667 30.8784 1.512 257.256 69.5822 297.897 664.857 667.05 2.193 6.170 0.1 523871 22963
2012 11 11 01 12 39.150 22.89 95.848 14.2 -13.1667 30.8784 1.512 247.359 72.9915 299.068 687.938 689.67 1.732 5.917 0.1 524746 22963
2012 08 11 12 34 36.600 38.379 46.795 18.9 -13.3218 31.0287 1.44 199.208 53.5073 300.368 558.768 561.09 2.322 7.317 0.1 523255 22964
2012 08 18 09 41 55.160 -1.351 120.127 27.9 -13.3218 31.0287 1.44 256.786 88.8152 299.727 770.567 771.32 0.753 4.716 0.1 523332 22964
2012 09 03 18 23 08.350 -10.677 113.964 34.8 -13.3218 31.0287 1.44 258.132 80.8034 299.349 729.018 729.86 0.842 5.344 0.1 523642 22964
2012 09 14 04 51 48.60 -3.3 100.67 23.3 -13.3218 31.0287 1.44 257.088 69.4397 299.3 665.26 666.17 0.91 6.180 0.1 523871 22964
2012 08 11 12 34 36.600 38.379 46.795 18.9 -13.1206 31.7754 0.523 198.398 53.1251 300.751 556.131 558.28 2.149 7.346 0.1 523255 22965
2012 08 12 10 47 07.390 35.652 82.541 14 -13.1206 31.7754 0.523 234.349 68.2255 298.044 657.654 661.14 3.486 6.257 0.1 523270 22965
2012 08 18 09 41 55.160 -1.351 120.127 27.9 -13.1206 31.7754 0.523 256.999 88.0917 301.602 768.462 767.89 -0.572 4.774 0.1 523332 22965
2012 09 03 18 23 08.350 -10.677 113.964 34.8 -13.1206 31.7754 0.523 258.445 80.1152 299.647 725.297 726.17 0.873 5.397 0.1 523642 22965
2012 09 14 04 51 48.60 -3.3 100.67 23.3 -13.1206 31.7754 0.523 257.282 68.7075 299.937 660.897 661.63 0.733 6.233 0.1 523871 22965
2012 11 11 01 12 39.150 22.89 95.848 14.2 -13.1206 31.7754 0.523 246.954 72.2068 299.593 683.463 685.01 1.547 5.973 0.1 524746 22965
2012 08 11 12 34 36.600 38.379 46.795 18.9 -13.2546 31.9314 0.46 198.172 53.2155 301.3 556.7 558.95 2.25 7.339 0.1 523255 22966
2012 08 12 10 47 07.390 35.652 82.541 14 -13.2546 31.9314 0.46 234.131 68.2202 299.039 658.668 661.11 2.442 6.257 0.1 523270 22966
2012 08 18 09 41 55.160 -1.351 120.127 27.9 -13.2546 31.9314 0.46 256.868 87.9377 299.346 766.206 767.15 0.944 4.786 0.1 523332 22966
2012 09 03 18 23 08.350 -10.677 113.964 34.8 -13.2546 31.9314 0.46 258.335 79.9449 299.837 724.487 725.25 0.763 5.410 0.1 523642 22966
2012 09 14 04 51 48.60 -3.3 100.67 23.3 -13.2546 31.9314 0.46 257.134 68.5594 299.961 659.921 660.70 0.779 6.244 0.1 523871 22966
2012 11 11 01 12 39.150 22.89 95.848 14.2 -13.2546 31.9314 0.46 246.753 72.14 298.443 682.293 684.62 2.327 5.978 0.1 524746 22966
2012 08 11 12 34 36.600 38.379 46.795 18.9 -13.3058 32.221 0.716 197.815 53.1944 301.201 556.601 558.81 2.209 7.341 0.1 523255 22967
2012 08 18 09 41 55.160 -1.351 120.127 27.9 -13.3058 32.221 0.716 256.822 87.655 298.563 763.423 765.80 2.377 4.808 0.1 523332 22967
2012 08 30 13 43 25.300 71.446 -11.034 11.1 -13.3058 32.221 0.716 138.155 89.4088 300.506 776.206 777.58 1.374 4.659 0.1 553178 22967
2012 09 03 18 23 08.350 -10.677 113.964 34.8 -13.3058 32.221 0.716 258.327 79.6585 300.131 722.781 723.70 0.919 5.432 0.1 523642 22967
2012 09 14 04 51 48.60 -3.3 100.67 23.3 -13.3058 32.221 0.716 257.07 68.2791 299.28 657.24 658.95 1.71 6.263 0.1 523871 22967
2012 11 11 01 12 39.150 22.89 95.848 14.2 -13.3058 32.221 0.716 246.561 71.9199 300.486 682.336 683.30 0.964 5.995 0.1 524746 22967
2012 08 11 12 34 36.600 38.379 46.795 18.9 -13.4991 32.3828 0.892 197.566 53.3421 301.081 557.481 559.90 2.419 7.329 0.1 523255 22968
2012 08 12 10 47 07.390 35.652 82.541 14 -13.4991 32.3828 0.892 233.606 68.1024 299.322 657.932 660.39 2.458 6.266 0.1 523270 22968
2012 08 18 09 41 55.160 -1.351 120.127 27.9 -13.4991 32.3828 0.892 256.632 87.4949 299.082 763.922 765.03 1.108 4.820 0.1 523332 22968
2012 08 30 13 43 25.300 71.446 -11.034 11.1 -13.4991 32.3828 0.892 138.043 89.6309 299.419 776.119 778.61 2.491 4.643 0.1 553178 22968
2012 09 03 18 23 08.350 -10.677 113.964 34.8 -13.4991 32.3828 0.892 258.157 79.4742 300.199 721.869 722.69 0.821 5.445 0.1 523642 22968
2012 09 14 04 51 48.60 -3.3 100.67 23.3 -13.4991 32.3828 0.892 256.858 68.1277 299.268 657.228 658.00 0.772 6.275 0.1 523871 22968
2012 11 11 01 12 39.150 22.89 95.848 14.2 -13.4991 32.3828 0.892 246.303 71.8784 300.223 682.093 683.06 0.967 5.998 0.1 524746 22968
2012 08 11 12 34 36.600 38.379 46.795 18.9 -13.5636 32.5889 1.022 197.304 53.3557 301.27 557.67 560.00 2.33 7.328 0.1 523255 22969
2012 08 12 10 47 07.390 35.652 82.541 14 -13.5636 32.5889 1.022 233.399 68.0149 299.493 657.103 659.85 2.747 6.272 0.1 523270 22969
2012 08 18 09 41 55.160 -1.351 120.127 27.9 -13.5636 32.5889 1.022 256.57 87.2936 299.166 763.006 764.05 1.044 4.835 0.1 523332 22969
2012 09 03 18 23 08.350 -10.677 113.964 34.8 -13.5636 32.5889 1.022 258.123 79.2665 300.245 720.895 721.56 0.665 5.461 0.1 523642 22969
2012 09 14 04 51 48.60 -3.3 100.67 23.3 -13.5636 32.5889 1.022 256.782 67.9295 299.902 655.842 656.76 0.918 6.289 0.1 523871 22969
2012 11 11 01 12 39.150 22.89 95.848 14.2 -13.5636 32.5889 1.022 246.139 71.7363 299.262 680.112 682.21 2.098 6.009 0.1 524746 22969
