2017 02 07 22 03 55.700 25.201 63.257 24.05 1.9487 34.9358 1.259 234.2 35.7741 300.194 416.494 417.76 1.266 8.569 0.1 553265 23003
2017 03 14 02 51 16.850 6.129 92.316 10 1.9487 34.9358 1.259 268.397 57.3641 300.15 587.3 588.36 1.06 7.057 0.1 553214 23003
2017 04 05 06 09 12.460 35.799 60.436 13 1.9487 34.9358 1.259 220.834 41.1499 300.492 463.032 464.94 1.908 8.219 0.1 553268 23003
2017 04 28 20 23 17.260 5.504 125.071 26 1.9487 34.9358 1.259 271.94 89.9501 300.034 775.774 776.91 1.136 4.643 0.1 553403 23003
2017 05 03 04 47 13.190 39.499 71.451 10 1.9487 34.9358 1.259 230.933 49.9925 298.665 532.475 535.18 2.705 7.588 0.1 553217 23003
2017 05 10 23 23 37.270 -56.427 -25.782 17.39 1.9487 34.9358 1.259 63.9976 75.9068 302.876 707.606 706.04 -1.566 5.697 0.1 553211 23003
2017 05 29 14 35 21.510 -1.287 120.433 12 1.9487 34.9358 1.259 272.042 85.5442 302.011 758.501 757.99 -0.511 4.980 0.1 553406 23003
2017 06 12 12 28 39.70 38.915 26.371 12 1.9487 34.9358 1.259 165.885 37.6153 299.507 433.437 435.99 2.553 8.451 0.1 553270 23003
2017 07 06 08 03 57.220 11.111 124.619 6.96 1.9487 34.9358 1.259 271.839 89.3187 299.404 776.184 777.03 0.846 4.681 0.1 553409 23003
2017 07 19 12 16 23.560 -17.415 66.483 10 1.9487 34.9358 1.259 298.643 36.5709 302.605 427.045 426.50 -0.545 8.527 0.1 553218 23003
2017 07 20 22 31 11.240 36.924 27.413 7 1.9487 34.9358 1.259 166.975 35.4898 300.135 416.895 418.63 1.735 8.585 0.1 553272 23003
2017 07 27 17 53 24.610 13.396 -49.325 10 1.9487 34.9358 1.259 89.4318 83.9708 301.823 751.213 750.36 -0.853 5.106 0.1 553273 23003
2017 08 08 13 19 49.540 33.192 103.855 9 1.9487 34.9358 1.259 259.815 71.3471 300.321 679.781 680.26 0.479 6.044 0.1 553414 23003
2017 08 08 23 27 53.80 44.301 82.826 20 1.9487 34.9358 1.259 239.188 59.6881 300.705 602.625 603.56 0.935 6.881 0.1 553274 23003
2017 08 11 05 28 25.720 13.998 120.678 172 1.9487 34.9358 1.259 270.859 85.4031 301.441 737.721 737.93 0.209 4.945 0.1 553415 23003
2017 08 13 03 08 10.560 -3.768 101.622 31 1.9487 34.9358 1.259 273.711 66.8903 303.926 652.366 649.12 -3.246 6.361 0.1 553219 23003
2017 08 18 02 59 21.950 -1.09 -13.663 10 1.9487 34.9358 1.259 86.4689 48.6853 303.15 526.2 524.37 -1.83 7.691 0.1 553275 23003
2017 08 31 17 06 55.750 -1.159 99.688 43.14 1.9487 34.9358 1.259 272.681 64.816 304.028 637.278 634.29 -2.988 6.509 0.1 553417 23003
2017 09 04 08 07 35.380 -57.788 -25.578 35 1.9487 34.9358 1.259 63.5129 76.4105 303.195 707.815 706.30 -1.515 5.661 0.1 553220 23003
2017 12 12 08 43 17.950 30.719 57.27 10 1.9487 34.9358 1.259 220.748 35.5809 301.482 417.532 418.52 0.988 8.582 0.1 553230 23003
2017 12 12 21 41 31.160 30.822 57.286 8 1.9487 34.9358 1.259 220.677 35.6677 298.697 416.537 419.57 3.033 8.577 0.1 553231 23003
2017 12 13 18 03 42.790 -54.217 2.168 10 1.9487 34.9358 1.259 37.6942 62.2105 305.185 625.395 622.76 -2.635 6.691 0.1 553232 23003
2017 12 15 16 47 58.230 -7.492 108.174 90 1.9487 34.9358 1.259 274.233 73.6547 299.989 682.759 683.76 1.001 5.853 0.1 553233 23003
2018 01 11 18 26 24.230 18.362 96.077 9 1.9487 34.9358 1.259 262.26 62.0503 300.224 619.994 620.87 0.876 6.714 0.1 553234 23003
2018 01 23 06 34 54.240 -7.195 105.918 43.91 1.9487 34.9358 1.259 274.48 71.401 302.181 676.941 675.53 -1.411 6.032 0.1 553237 23003
2018 01 28 16 03 03.970 -53.062 9.684 10 1.9487 34.9358 1.259 29.911 58.7607 302.38 599.41 599.35 -0.06 6.943 0.1 553221 23003
2018 01 31 07 07 00.230 36.543 70.815 191.19 1.9487 34.9358 1.259 232.29 47.7657 299.988 496.758 498.58 1.822 7.670 0.1 553238 23003
2018 02 04 13 56 41.950 24.157 121.707 12 1.9487 34.9358 1.259 270.456 86.2637 302.142 762.192 761.51 -0.682 4.920 0.1 553438 23003
2018 02 06 15 50 43.300 24.135 121.658 17 1.9487 34.9358 1.259 270.438 86.2191 301.331 761.031 760.46 -0.571 4.923 0.1 553439 23003
2018 03 24 19 58 33.380 -45.778 96.069 10 1.9487 34.9358 1.259 292.82 71.7269 301.633 683.253 682.76 -0.493 6.011 0.1 553239 23003
2018 04 19 21 09 17.00 -42.779 42.187 10 1.9487 34.9358 1.259 349.724 45.0017 300.755 495.755 497.14 1.385 7.943 0.1 553222 23003
2018 05 05 06 19 05.40 14.57 123.919 18 1.9487 34.9358 1.259 271.621 88.5321 299.33 770.29 771.47 1.18 4.742 0.1 553456 23003
2018 05 09 10 41 45.920 36.991 71.383 116 1.9487 34.9358 1.259 232.56 48.3998 299.209 508.289 510.99 2.701 7.658 0.1 553242 23003
2018 07 28 17 07 23.370 -7.122 122.747 577.48 1.9487 34.9358 1.259 272.192 88.0676 299.355 707.985 709.63 1.645 4.642 0.1 553351 23003
2018 07 28 22 47 38.740 -8.239 116.508 14 1.9487 34.9358 1.259 273.143 81.9418 298.755 737.015 739.23 2.215 5.255 0.1 553352 23003
2018 08 05 11 46 38.190 -8.259 116.436 31 1.9487 34.9358 1.259 273.157 81.8717 297.895 733.705 736.25 2.545 5.256 0.1 553353 23003
2018 08 14 03 29 53.440 -58.11 -25.258 35 1.9487 34.9358 1.259 63.1539 76.4029 301.137 705.697 706.26 0.563 5.661 0.1 553243 23003
2018 08 17 15 35 01.870 -7.426 119.834 529 1.9487 34.9358 1.259 272.583 85.1928 300.664 699.794 700.42 0.626 4.840 0.1 553355 23003
2018 08 19 04 10 23.490 -8.329 116.598 21.41 1.9487 34.9358 1.259 273.142 82.0357 299.481 736.991 738.52 1.529 5.245 0.1 553327 23003
2018 08 19 14 56 28.30 -8.33 116.631 25.21 1.9487 34.9358 1.259 273.137 82.0683 299.517 737.487 738.13 0.643 5.242 0.1 553356 23003
2018 08 25 22 13 25.620 34.611 46.242 10 1.9487 34.9358 1.259 200.421 34.1639 301.128 405.508 406.63 1.122 8.667 0.1 553246 23003
2018 08 28 07 08 11.270 -10.885 124.118 14 1.9487 34.9358 1.259 272.055 89.5603 302.242 777.972 777.03 -0.942 4.660 0.1 553684 23003
2018 09 18 07 27 41.330 -37.811 49.782 10 1.9487 34.9358 1.259 337.444 41.8814 299.211 468.881 471.87 2.989 8.163 0.1 553224 23003
2018 09 28 06 59 59.780 -0.399 119.77 5.19 1.9487 34.9358 1.259 271.979 84.8507 301.657 755.877 755.64 -0.237 5.037 0.1 553690 23003
2018 09 28 10 02 43.480 -0.178 119.84 10 1.9487 34.9358 1.259 271.959 84.9131 300.388 754.908 755.16 0.252 5.032 0.1 553359 23003
2018 10 01 23 59 42.730 -10.557 120.241 29 1.9487 34.9358 1.259 272.765 85.7398 301.473 756.743 756.33 -0.413 4.959 0.1 553978 23003
2018 10 10 18 44 55.280 -7.453 114.455 9 1.9487 34.9358 1.259 273.315 79.867 301.433 729.153 728.98 -0.173 5.419 0.1 553360 23003
2018 10 25 22 54 52.590 37.514 20.563 14 1.9487 34.9358 1.259 156.114 37.7838 298.439 432.849 437.00 4.151 8.440 0.1 553247 23003
2018 11 04 07 55 28.10 7.751 123.864 581 1.9487 34.9358 1.259 271.775 88.6791 298.579 710.569 712.12 1.551 4.639 0.1 553701 23003
2018 11 09 01 49 40.60 71.626 -11.25 10 1.9487 34.9358 1.259 131.831 75.4358 298.888 702.828 704.43 1.602 5.737 0.1 553868 23003
2018 11 11 14 03 59.560 15.565 -49.871 10 1.9487 34.9358 1.259 89.5147 84.4799 302.867 754.307 752.95 -1.357 5.066 0.1 553248 23003
2018 11 15 20 02 22.920 -56.706 -25.546 15 1.9487 34.9358 1.259 63.7236 75.9128 303.632 708.712 706.47 -2.242 5.697 0.1 553249 23003
2018 11 25 16 37 32.710 34.346 45.743 18 1.9487 34.9358 1.259 199.7 33.7741 303.381 402.671 402.02 -0.651 8.688 0.1 553250 23003
2017 02 07 22 03 55.700 25.201 63.257 24.05 2.8778 32.2848 1.059 238.299 37.165 300.294 427.614 429.51 1.896 8.484 0.1 553265 23004
2017 03 14 02 51 16.850 6.129 92.316 10 2.8778 32.2848 1.059 269.78 59.9085 300.065 605.235 606.07 0.835 6.874 0.1 553214 23004
2017 04 05 06 09 12.460 35.799 60.436 13 2.8778 32.2848 1.059 224.935 41.848 299.477 468.037 470.55 2.513 8.170 0.1 553268 23004
2017 05 03 04 47 13.190 39.499 71.451 10 2.8778 32.2848 1.059 234.377 50.8959 298.356 539.186 541.90 2.714 7.523 0.1 553217 23004
2017 05 10 23 23 37.270 -56.427 -25.782 17.39 2.8778 32.2848 1.059 61.1497 75.4023 300.944 702.694 703.24 0.546 5.735 0.1 553211 23004
2017 05 29 14 35 21.510 -1.287 120.433 12 2.8778 32.2848 1.059 272.901 88.2147 301.924 771.434 771.00 -0.434 4.767 0.1 553406 23004
2017 06 12 12 28 39.70 38.915 26.371 12 2.8778 32.2848 1.059 169.983 36.272 298.421 421.371 424.54 3.169 8.538 0.1 553270 23004
2017 10 10 18 53 27.840 -54.258 8.605 9 2.8778 32.2848 1.059 27.5185 60.2466 305.448 612.613 609.80 -2.813 6.837 0.1 553226 23004
2017 11 11 00 36 14.980 -11.742 -14.114 10 2.8778 32.2848 1.059 75.4211 48.3586 304.262 524.302 522.04 -2.262 7.713 0.1 553223 23004
2017 11 12 18 18 17.290 34.905 45.956 19 2.8778 32.2848 1.059 204.76 34.3072 299.036 403.766 406.40 2.634 8.656 0.1 553227 23004
2017 11 17 22 34 19.500 29.832 94.977 8 2.8778 32.2848 1.059 258.321 64.987 299.374 638.894 640.52 1.626 6.505 0.1 553212 23004
2017 11 30 06 32 50.760 -1.08 -23.432 10 2.8778 32.2848 1.059 85.8143 55.8369 300.095 576.355 577.51 1.155 7.170 0.1 553228 23004
2017 12 01 02 32 46.10 30.743 57.313 9 2.8778 32.2848 1.059 225.352 36.4359 299.226 423.236 425.87 2.634 8.533 0.1 553229 23004
2017 12 12 08 43 17.950 30.719 57.27 10 2.8778 32.2848 1.059 225.318 36.3927 300.691 423.741 425.35 1.609 8.535 0.1 553230 23004
2017 12 12 21 41 31.160 30.822 57.286 8 2.8778 32.2848 1.059 225.24 36.4748 299.477 424.317 426.36 2.043 8.531 0.1 553231 23004
2018 04 19 21 09 17.00 -42.779 42.187 10 2.8778 32.2848 1.059 346.262 46.32 299.246 504.246 507.58 3.334 7.848 0.1 553222 23004
2018 05 09 10 41 45.920 36.991 71.383 116 2.8778 32.2848 1.059 236.026 49.4226 299.537 515.617 518.68 3.063 7.587 0.1 553242 23004
2018 07 28 22 47 38.740 -8.239 116.508 14 2.8778 32.2848 1.059 273.666 84.6981 299.504 751.774 753.44 1.666 5.047 0.1 553352 23004
2018 08 05 11 46 38.190 -8.259 116.436 31 2.8778 32.2848 1.059 273.679 84.6282 297.622 747.442 750.47 3.028 5.049 0.1 553353 23004
2018 08 14 03 29 53.440 -58.11 -25.258 35 2.8778 32.2848 1.059 60.2987 75.9793 299.664 702.234 703.93 1.696 5.687 0.1 553243 23004
2018 08 17 15 35 01.870 -7.426 119.834 529 2.8778 32.2848 1.059 273.152 87.9397 300.493 712.633 713.44 0.807 4.643 0.1 553355 23004
2018 08 19 04 10 23.490 -8.329 116.598 21.41 2.8778 32.2848 1.059 273.661 84.7926 299.6 751.12 752.71 1.59 5.038 0.1 553327 23004
2018 08 19 14 56 28.30 -8.33 116.631 25.21 2.8778 32.2848 1.059 273.656 84.8253 299.416 751.396 752.32 0.924 5.035 0.1 553356 23004
2018 08 25 22 13 25.620 34.611 46.242 10 2.8778 32.2848 1.059 205.418 34.1414 298.345 402.735 406.34 3.605 8.669 0.1 553246 23004
2018 09 18 07 27 41.330 -37.811 49.782 10 2.8778 32.2848 1.059 334.194 43.6147 299.67 483.35 485.93 2.58 8.042 0.1 553224 23004
2018 09 28 06 59 59.780 -0.399 119.77 5.19 2.8778 32.2848 1.059 272.879 87.5082 301.389 768.619 768.74 0.121 4.823 0.1 553690 23004
2018 09 28 10 02 43.480 -0.178 119.84 10 2.8778 32.2848 1.059 272.869 87.5671 300.798 768.328 768.22 -0.108 4.817 0.1 553359 23004
2018 10 01 23 59 42.730 -10.557 120.241 29 2.8778 32.2848 1.059 273.184 88.5132 301.186 769.466 769.78 0.314 4.740 0.1 553978 23004
2018 10 10 18 44 55.280 -7.453 114.455 9 2.8778 32.2848 1.059 273.873 82.617 299.652 742.382 743.59 1.208 5.209 0.1 553360 23004
2018 10 25 22 54 52.590 37.514 20.563 14 2.8778 32.2848 1.059 159.862 36.1123 297.308 417.728 422.78 5.052 8.548 0.1 553247 23004
2018 11 09 01 49 40.60 71.626 -11.25 10 2.8778 32.2848 1.059 134.28 73.9238 298.865 693.815 695.65 1.835 5.852 0.1 553868 23004
2018 11 11 14 03 59.560 15.565 -49.871 10 2.8778 32.2848 1.059 89.3216 81.6817 300.517 737.967 738.46 0.493 5.277 0.1 553248 23004
2018 11 15 20 02 22.920 -56.706 -25.546 15 2.8778 32.2848 1.059 60.873 75.4236 303.082 705.172 703.75 -1.422 5.734 0.1 553249 23004
2017 02 07 22 03 55.700 25.201 63.257 24.05 3.5104 34.1433 1.556 237.1 35.3385 301.7 414.015 413.91 -0.105 8.596 0.1 553265 23005
2017 03 14 02 51 16.850 6.129 92.316 10 3.5104 34.1433 1.556 270.314 58.0036 299.496 590.661 592.84 2.179 7.008 0.1 553214 23005
2017 04 05 06 09 12.460 35.799 60.436 13 3.5104 34.1433 1.556 223.147 40.2796 300.497 456.052 457.65 1.598 8.279 0.1 553268 23005
2017 05 03 04 47 13.190 39.499 71.451 10 3.5104 34.1433 1.556 232.999 49.2463 299.197 527.022 529.39 2.368 7.643 0.1 553217 23005
2017 05 10 23 23 37.270 -56.427 -25.782 17.39 3.5104 34.1433 1.556 62.4979 76.8601 300.918 711.663 711.52 -0.143 5.632 0.1 553211 23005
2017 05 20 01 06 14.230 9.384 123.958 533 3.5104 34.1433 1.556 273.411 89.253 301.436 720.221 719.11 -1.111 4.636 0.1 553405 23005
2017 05 29 14 35 21.510 -1.287 120.433 12 3.5104 34.1433 1.556 273.576 86.3754 301.358 762.863 762.10 -0.763 4.911 0.1 553406 23005
2017 06 12 12 28 39.70 38.915 26.371 12 3.5104 34.1433 1.556 166.705 35.9443 299.436 419.381 421.69 2.309 8.559 0.1 553270 23005
2017 07 06 08 03 57.220 11.111 124.619 6.96 3.5104 34.1433 1.556 273.513 89.7988 302.352 781.147 779.25 -1.897 4.643 0.1 553409 23005
2017 07 19 12 16 23.560 -17.415 66.483 10 3.5104 34.1433 1.556 300.053 38.0884 304.066 441.521 439.43 -2.091 8.428 0.1 553218 23005
2017 07 20 22 31 11.240 36.924 27.413 7 3.5104 34.1433 1.556 167.869 33.824 299.738 401.513 404.16 2.647 8.688 0.1 553272 23005
2017 07 27 17 53 24.610 13.396 -49.325 10 3.5104 34.1433 1.556 88.0912 82.8484 301.806 745.211 744.56 -0.651 5.194 0.1 553273 23005
2017 08 08 13 19 49.540 33.192 103.855 9 3.5104 34.1433 1.556 261.64 71.1342 301.381 678.856 678.91 0.054 6.059 0.1 553414 23005
2017 08 08 23 27 53.80 44.301 82.826 20 3.5104 34.1433 1.556 241.032 58.9682 300.71 597.645 598.50 0.855 6.933 0.1 553274 23005
2017 08 11 05 28 25.720 13.998 120.678 172 3.5104 34.1433 1.556 272.559 85.8032 301.658 739.953 739.88 -0.073 4.914 0.1 553415 23005
2017 08 13 03 08 10.560 -3.768 101.622 31 3.5104 34.1433 1.556 275.307 67.8191 303.36 657.815 655.01 -2.805 6.294 0.1 553219 23005
2017 08 18 02 59 21.950 -1.09 -13.663 10 3.5104 34.1433 1.556 84.3257 48.0003 303.471 520.536 519.10 -1.436 7.741 0.1 553275 23005
2017 08 31 17 06 55.750 -1.159 99.688 43.14 3.5104 34.1433 1.556 274.35 65.675 303.311 641.576 639.86 -1.716 6.446 0.1 553417 23005
2017 09 04 08 07 35.380 -57.788 -25.578 35 3.5104 34.1433 1.556 62.0391 77.3966 301.775 712.41 711.92 -0.49 5.589 0.1 553220 23005
2017 10 10 18 53 27.840 -54.258 8.605 9 3.5104 34.1433 1.556 29.3579 61.3692 303.525 618.7 617.43 -1.27 6.753 0.1 553226 23005
2017 10 24 10 47 47.540 -7.236 123.04 549.19 3.5104 34.1433 1.556 273.598 89.3435 300.702 718.177 718.11 -0.067 4.634 0.1 553425 23005
2017 11 11 00 36 14.980 -11.742 -14.114 10 3.5104 34.1433 1.556 75.4042 50.3178 303.948 538.983 537.02 -1.963 7.570 0.1 553223 23005
2017 11 12 18 18 17.290 34.905 45.956 19 3.5104 34.1433 1.556 201.968 33.1072 300.594 394.319 395.96 1.641 8.730 0.1 553227 23005
2017 11 17 22 34 19.500 29.832 94.977 8 3.5104 34.1433 1.556 257.833 63.0774 300.772 627.287 627.96 0.673 6.640 0.1 553212 23005
2017 11 30 06 32 50.760 -1.08 -23.432 10 3.5104 34.1433 1.556 85.1945 57.7262 300.966 590.221 590.93 0.709 7.029 0.1 553228 23005
2017 12 01 02 32 46.10 30.743 57.313 9 3.5104 34.1433 1.556 223.462 34.815 300.424 410.429 411.96 1.531 8.630 0.1 553229 23005
2017 12 12 08 43 17.950 30.719 57.27 10 3.5104 34.1433 1.556 223.425 34.7721 301.464 410.529 411.44 0.911 8.633 0.1 553230 23005
2017 12 12 21 41 31.160 30.822 57.286 8 3.5104 34.1433 1.556 223.346 34.8562 301.028 411.883 412.48 0.597 8.628 0.1 553231 23005
2017 12 13 18 03 42.790 -54.217 2.168 10 3.5104 34.1433 1.556 36.2449 63.3817 307.336 635.561 630.63 -4.931 6.609 0.1 553232 23005
2017 12 15 16 47 58.230 -7.492 108.174 90 3.5104 34.1433 1.556 275.706 74.6674 300.861 689.646 689.66 0.014 5.776 0.1 553233 23005
2018 01 11 18 26 24.230 18.362 96.077 9 3.5104 34.1433 1.556 264.212 62.2865 300.705 622.49 622.41 -0.08 6.697 0.1 553234 23005
2018 01 23 06 34 54.240 -7.195 105.918 43.91 3.5104 34.1433 1.556 275.973 72.4113 302.482 683.257 681.60 -1.657 5.958 0.1 553237 23005
2018 01 28 16 03 03.970 -53.062 9.684 10 3.5104 34.1433 1.556 28.5006 60.0097 300.906 605.951 608.05 2.099 6.853 0.1 553221 23005
2018 01 31 07 07 00.230 36.543 70.815 191.19 3.5104 34.1433 1.556 234.473 47.0951 300.146 491.931 493.31 1.379 7.720 0.1 553238 23005
2018 02 04 13 56 41.950 24.157 121.707 12 3.5104 34.1433 1.556 272.199 86.3587 302.95 764.015 761.94 -2.075 4.913 0.1 553438 23005
2018 02 06 15 50 43.300 24.135 121.658 17 3.5104 34.1433 1.556 272.18 86.3149 301.791 761.506 760.89 -0.616 4.916 0.1 553439 23005
2018 03 24 19 58 33.380 -45.778 96.069 10 3.5104 34.1433 1.556 293.235 73.423 301.462 693.097 692.90 -0.197 5.886 0.1 553239 23005
2018 04 19 21 09 17.00 -42.779 42.187 10 3.5104 34.1433 1.556 348.926 46.6466 301.345 509.36 510.19 0.83 7.824 0.1 553222 23005
2018 05 05 06 19 05.40 14.57 123.919 18 3.5104 34.1433 1.556 273.321 88.912 298.168 771.143 773.24 2.097 4.711 0.1 553456 23005
2018 05 09 10 41 45.920 36.991 71.383 116 3.5104 34.1433 1.556 234.719 47.7259 300.304 503.399 505.71 2.311 7.710 0.1 553242 23005
2017 02 07 22 03 55.700 25.201 63.257 24.05 3.292 32.8798 0.959 238.198 36.4448 300.504 421.804 423.37 1.566 8.530 0.1 553265 23006
2017 03 14 02 51 16.850 6.129 92.316 10 3.292 32.8798 0.959 270.192 59.2791 299.77 599.92 601.73 1.81 6.919 0.1 553214 23006
2017 04 05 06 09 12.460 35.799 60.436 13 3.292 32.8798 0.959 224.556 41.1703 299.8 462.34 464.99 2.65 8.218 0.1 553268 23006
2017 05 03 04 47 13.190 39.499 71.451 10 3.292 32.8798 0.959 234.114 50.2024 299.695 534.52 536.66 2.14 7.573 0.1 553217 23006
2017 05 10 23 23 37.270 -56.427 -25.782 17.39 3.292 32.8798 0.959 61.4776 76.0514 301.797 707.542 706.95 -0.592 5.686 0.1 553211 23006
2017 05 29 14 35 21.510 -1.287 120.433 12 3.292 32.8798 0.959 273.327 87.6308 301.801 769.306 768.20 -1.106 4.812 0.1 553406 23006
2017 06 12 12 28 39.70 38.915 26.371 12 3.292 32.8798 0.959 168.885 35.9499 298.301 418.246 421.76 3.514 8.558 0.1 553270 23006
2017 07 19 12 16 23.560 -17.415 66.483 10 3.292 32.8798 0.959 298.645 39.0201 302.302 447.757 447.23 -0.527 8.368 0.1 553218 23006
2017 07 20 22 31 11.240 36.924 27.413 7 3.292 32.8798 0.959 170.167 33.8455 302.348 404.123 404.37 0.247 8.687 0.1 553272 23006
2017 07 27 17 53 24.610 13.396 -49.325 10 3.292 32.8798 0.959 88.5906 81.6682 301.116 738.521 738.39 -0.131 5.279 0.1 553273 23006
2017 08 08 13 19 49.540 33.192 103.855 9 3.292 32.8798 0.959 262.188 72.3036 303.579 688.054 685.94 -2.114 5.973 0.1 553414 23006
2017 08 08 23 27 53.80 44.301 82.826 20 3.292 32.8798 0.959 242.007 59.9337 299.947 603.882 605.15 1.268 6.864 0.1 553274 23006
2017 08 11 05 28 25.720 13.998 120.678 172 3.292 32.8798 0.959 272.649 87.0799 300.635 745.93 746.09 0.16 4.814 0.1 553415 23006
2017 08 13 03 08 10.560 -3.768 101.622 31 3.292 32.8798 0.959 274.948 69.0546 303.591 665.046 662.73 -2.316 6.206 0.1 553219 23006
2017 08 18 02 59 21.950 -1.09 -13.663 10 3.292 32.8798 0.959 84.4823 46.7257 302.637 510.702 509.17 -1.532 7.833 0.1 553275 23006
2017 08 31 17 06 55.750 -1.159 99.688 43.14 3.292 32.8798 0.959 274.047 66.9245 304.26 650.525 647.86 -2.665 6.354 0.1 553417 23006
2017 09 04 08 07 35.380 -57.788 -25.578 35 3.292 32.8798 0.959 61.0026 76.6105 303.759 709.394 707.51 -1.884 5.646 0.1 553220 23006
2017 10 10 18 53 27.840 -54.258 8.605 9 3.292 32.8798 0.959 28.0455 60.805 305.533 616.698 613.62 -3.078 6.795 0.1 553226 23006
2017 11 11 00 36 14.980 -11.742 -14.114 10 3.292 32.8798 0.959 75.1519 49.0525 303.01 529.035 527.38 -1.655 7.661 0.1 553223 23006
2017 11 12 18 18 17.290 34.905 45.956 19 3.292 32.8798 0.959 204.011 33.7183 299.619 398.334 401.28 2.946 8.692 0.1 553227 23006
2017 11 17 22 34 19.500 29.832 94.977 8 3.292 32.8798 0.959 258.365 64.2654 299.913 634.418 635.80 1.382 6.557 0.1 553212 23006
2017 11 30 06 32 50.760 -1.08 -23.432 10 3.292 32.8798 0.959 85.3615 56.4541 301.368 581.613 581.92 0.307 7.124 0.1 553228 23006
2017 12 01 02 32 46.10 30.743 57.313 9 3.292 32.8798 0.959 224.981 35.747 298.033 417.028 419.97 2.942 8.573 0.1 553229 23006
2017 12 12 08 43 17.950 30.719 57.27 10 3.292 32.8798 0.959 224.946 35.7039 300.688 417.743 419.44 1.697 8.575 0.1 553230 23006
2017 12 12 21 41 31.160 30.822 57.286 8 3.292 32.8798 0.959 224.867 35.7864 298.827 417.672 420.46 2.788 8.571 0.1 553231 23006
2017 12 13 18 03 42.790 -54.217 2.168 10 3.292 32.8798 0.959 34.9991 62.7457 306.263 630.478 626.42 -4.058 6.651 0.1 553232 23006
2017 12 15 16 47 58.230 -7.492 108.174 90 3.292 32.8798 0.959 275.289 75.8821 300.408 696.183 696.62 0.437 5.685 0.1 553233 23006
2018 01 11 18 26 24.230 18.362 96.077 9 3.292 32.8798 0.959 264.437 63.5505 300.839 630.614 630.81 0.196 6.609 0.1 553234 23006
2018 01 23 06 34 54.240 -7.195 105.918 43.91 3.292 32.8798 0.959 275.553 73.6264 300.797 688.562 688.78 0.218 5.869 0.1 553237 23006
2018 01 28 16 03 03.970 -53.062 9.684 10 3.292 32.8798 0.959 27.1705 59.4455 301.79 602.825 604.17 1.345 6.894 0.1 553221 23006
2018 01 31 07 07 00.230 36.543 70.815 191.19 3.292 32.8798 0.959 235.56 48.0916 298.952 498.727 500.96 2.233 7.648 0.1 553238 23006
2018 02 04 13 56 41.950 24.157 121.707 12 3.292 32.8798 0.959 272.512 87.5998 302.063 769.118 767.97 -1.148 4.816 0.1 553438 23006
2018 02 06 15 50 43.300 24.135 121.658 17 3.292 32.8798 0.959 272.493 87.556 301.868 767.573 766.93 -0.643 4.818 0.1 553439 23006
2018 03 24 19 58 33.380 -45.778 96.069 10 3.292 32.8798 0.959 292.087 74.0736 300.48 696.105 696.69 0.585 5.838 0.1 553239 23006
2018 04 19 21 09 17.00 -42.779 42.187 10 3.292 32.8798 0.959 347.165 46.6249 298.619 506.624 510.00 3.376 7.825 0.1 553222 23006
2018 05 09 10 41 45.920 36.991 71.383 116 3.292 32.8798 0.959 235.799 48.7204 298.868 509.953 513.33 3.377 7.639 0.1 553242 23006
2018 07 28 22 47 38.740 -8.239 116.508 14 3.292 32.8798 0.959 274.164 84.1716 298.923 748.188 750.78 2.592 5.088 0.1 553352 23006
2018 08 05 11 46 38.190 -8.259 116.436 31 3.292 32.8798 0.959 274.177 84.1019 298.17 744.985 747.81 2.825 5.090 0.1 553353 23006
2018 08 14 03 29 53.440 -58.11 -25.258 35 3.292 32.8798 0.959 60.645 76.6189 299.202 705.767 707.56 1.793 5.645 0.1 553243 23006
2018 08 17 15 35 01.870 -7.426 119.834 529 3.292 32.8798 0.959 273.638 87.4045 301.129 710.264 710.95 0.686 4.673 0.1 553355 23006
2018 08 19 04 10 23.490 -8.329 116.598 21.41 3.292 32.8798 0.959 274.159 84.2669 299.098 748.613 750.06 1.447 5.079 0.1 553327 23006
2018 08 19 14 56 28.30 -8.33 116.631 25.21 3.292 32.8798 0.959 274.154 84.2995 299.507 748.482 749.67 1.188 5.075 0.1 553356 23006
2018 08 25 22 13 25.620 34.611 46.242 10 3.292 32.8798 0.959 204.677 33.5481 299.874 398.259 401.17 2.911 8.705 0.1 553246 23006
2018 09 18 07 27 41.330 -37.811 49.782 10 3.292 32.8798 0.959 335.205 43.8004 300.475 485.15 487.46 2.31 8.029 0.1 553224 23006
2018 09 28 06 59 59.780 -0.399 119.77 5.19 3.292 32.8798 0.959 273.296 86.918 295.763 759.988 765.88 5.892 4.870 0.1 553690 23006
2018 09 28 10 02 43.480 -0.178 119.84 10 3.292 32.8798 0.959 273.284 86.9753 301.336 765.861 765.36 -0.501 4.864 0.1 553359 23006
2018 10 01 23 59 42.730 -10.557 120.241 29 3.292 32.8798 0.959 273.698 88.0049 302.627 768.902 767.37 -1.532 4.780 0.1 553978 23006
2018 10 10 18 44 55.280 -7.453 114.455 9 3.292 32.8798 0.959 274.367 82.0851 300.714 740.439 740.82 0.381 5.244 0.1 553360 23006
2018 10 25 22 54 52.590 37.514 20.563 14 3.292 32.8798 0.959 158.695 35.8849 297.734 416.149 420.81 4.661 8.562 0.1 553247 23006
2018 11 09 01 49 40.60 71.626 -11.25 10 3.292 32.8798 0.959 133.58 73.6591 299.521 692.466 694.08 1.614 5.871 0.1 553868 23006
2018 11 11 14 03 59.560 15.565 -49.871 10 3.292 32.8798 0.959 88.7632 82.1472 302.196 741.641 740.90 -0.741 5.241 0.1 553248 23006
2018 11 15 20 02 22.920 -56.706 -25.546 15 3.292 32.8798 0.959 61.2046 76.0709 303.305 708.39 707.46 -0.93 5.685 0.1 553249 23006
2018 11 25 16 37 32.710 34.346 45.743 18 3.292 32.8798 0.959 203.991 33.1374 301.876 396.171 396.36 0.189 8.729 0.1 553250 23006
2017 02 07 22 03 55.700 25.201 63.257 24.05 3.0002 34.1104 1.251 236.475 35.6933 301.343 416.643 416.99 0.347 8.574 0.1 553265 23007
2017 03 14 02 51 16.850 6.129 92.316 10 3.0002 34.1104 1.251 269.723 58.0819 300.916 593.066 593.40 0.334 7.001 0.1 553214 23007
2017 04 05 06 09 12.460 35.799 60.436 13 3.0002 34.1104 1.251 222.756 40.7194 300.242 459.782 461.32 1.538 8.249 0.1 553268 23007
2017 05 03 04 47 13.190 39.499 71.451 10 3.0002 34.1104 1.251 232.621 49.6653 299.087 529.897 532.62 2.723 7.613 0.1 553217 23007
2017 05 10 23 23 37.270 -56.427 -25.782 17.39 3.0002 34.1104 1.251 62.726 76.4032 302.089 709.819 708.92 -0.899 5.664 0.1 553211 23007
2017 05 20 01 06 14.230 9.384 123.958 533 3.0002 34.1104 1.251 272.916 89.3673 299.617 718.387 719.64 1.253 4.635 0.1 553405 23007
2017 05 29 14 35 21.510 -1.287 120.433 12 3.0002 34.1104 1.251 273.067 86.3951 301.232 762.722 762.20 -0.522 4.909 0.1 553406 23007
2017 06 12 12 28 39.70 38.915 26.371 12 3.0002 34.1104 1.251 166.913 36.4371 298.886 422.816 425.93 3.114 8.528 0.1 553270 23007
2017 07 06 08 03 57.220 11.111 124.619 6.96 3.0002 34.1104 1.251 273.022 89.9282 303.869 782.649 779.85 -2.799 4.643 0.1 553409 23007
2017 07 19 12 16 23.560 -17.415 66.483 10 3.0002 34.1104 1.251 299.338 37.8335 301.203 436.643 437.25 0.607 8.444 0.1 553218 23007
2017 07 20 22 31 11.240 36.924 27.413 7 3.0002 34.1104 1.251 168.078 34.3182 301.892 408.652 408.47 -0.182 8.658 0.1 553272 23007
2017 07 27 17 53 24.610 13.396 -49.325 10 3.0002 34.1104 1.251 88.5963 82.9306 300.834 745.224 744.99 -0.234 5.188 0.1 553273 23007
2017 08 08 13 19 49.540 33.192 103.855 9 3.0002 34.1104 1.251 261.215 71.4438 303.932 683.392 680.80 -2.592 6.037 0.1 553414 23007
2017 08 08 23 27 53.80 44.301 82.826 20 3.0002 34.1104 1.251 240.691 59.3832 300.504 600.424 601.40 0.976 6.903 0.1 553274 23007
2017 08 11 05 28 25.720 13.998 120.678 172 3.0002 34.1104 1.251 272.074 85.9554 301.235 740.515 740.63 0.115 4.901 0.1 553415 23007
2017 08 13 03 08 10.560 -3.768 101.622 31 3.0002 34.1104 1.251 274.759 67.8044 304.594 658.034 654.91 -3.124 6.295 0.1 553219 23007
2017 08 18 02 59 21.950 -1.09 -13.663 10 3.0002 34.1104 1.251 85.0026 47.9288 303.155 520.205 518.54 -1.665 7.746 0.1 553275 23007
2017 08 31 17 06 55.750 -1.159 99.688 43.14 3.0002 34.1104 1.251 273.792 65.6837 303.936 642.186 639.92 -2.266 6.445 0.1 553417 23007
2017 09 04 08 07 35.380 -57.788 -25.578 35 3.0002 34.1104 1.251 62.256 76.9349 303.074 710.694 709.31 -1.384 5.622 0.1 553220 23007
2017 10 10 18 53 27.840 -54.258 8.605 9 3.0002 34.1104 1.251 29.489 60.8745 304.184 615.344 614.06 -1.284 6.790 0.1 553226 23007
2017 10 24 10 47 47.540 -7.236 123.04 549.19 3.0002 34.1104 1.251 273.091 89.3122 301.493 717.953 717.96 0.007 4.635 0.1 553425 23007
2017 11 11 00 36 14.980 -11.742 -14.114 10 3.0002 34.1104 1.251 76.0178 50.1291 303.536 537.556 535.58 -1.976 7.584 0.1 553223 23007
2017 11 17 22 34 19.500 29.832 94.977 8 3.0002 34.1104 1.251 257.37 63.3723 301.315 629.815 629.94 0.125 6.620 0.1 553212 23007
2017 11 30 06 32 50.760 -1.08 -23.432 10 3.0002 34.1104 1.251 85.7909 57.6641 300.394 589.634 590.49 0.856 7.034 0.1 553228 23007
2017 12 01 02 32 46.10 30.743 57.313 9 3.0002 34.1104 1.251 222.987 35.2434 300.221 414.211 415.69 1.479 8.604 0.1 553229 23007
2017 12 12 08 43 17.950 30.719 57.27 10 3.0002 34.1104 1.251 222.95 35.2006 301.332 414.382 415.17 0.788 8.606 0.1 553230 23007
2017 12 12 21 41 31.160 30.822 57.286 8 3.0002 34.1104 1.251 222.873 35.2852 298.712 413.552 416.20 2.648 8.602 0.1 553231 23007
2017 12 13 18 03 42.790 -54.217 2.168 10 3.0002 34.1104 1.251 36.4084 62.8952 306.969 632.179 627.38 -4.799 6.642 0.1 553232 23007
2017 12 15 16 47 58.230 -7.492 108.174 90 3.0002 34.1104 1.251 275.181 74.6239 300.324 689.094 689.40 0.306 5.779 0.1 553233 23007
2018 01 11 18 26 24.230 18.362 96.077 9 3.0002 34.1104 1.251 263.683 62.482 301.013 623.783 623.73 -0.053 6.682 0.1 553234 23007
2018 01 23 06 34 54.240 -7.195 105.918 43.91 3.0002 34.1104 1.251 275.442 72.3684 301.923 682.683 681.34 -1.343 5.961 0.1 553237 23007
2018 01 28 16 03 03.970 -53.062 9.684 10 3.0002 34.1104 1.251 28.6338 59.5151 302.025 604.055 604.62 0.565 6.889 0.1 553221 23007
2018 01 31 07 07 00.230 36.543 70.815 191.19 3.0002 34.1104 1.251 234.055 47.4997 299.968 494.738 496.46 1.722 7.690 0.1 553238 23007
2018 02 04 13 56 41.950 24.157 121.707 12 3.0002 34.1104 1.251 271.748 86.594 302.121 764.171 763.10 -1.071 4.894 0.1 553438 23007
2018 02 06 15 50 43.300 24.135 121.658 17 3.0002 34.1104 1.251 271.729 86.5499 301.461 763.161 762.06 -1.101 4.896 0.1 553439 23007
2018 05 05 06 19 05.40 14.57 123.919 18 3.0002 34.1104 1.251 272.838 89.0702 299.806 772.771 774.00 1.229 4.699 0.1 553456 23007
2018 05 09 10 41 45.920 36.991 71.383 116 3.0002 34.1104 1.251 234.307 48.1312 299.974 507.059 508.85 1.791 7.680 0.1 553242 23007
2018 07 28 17 07 23.370 -7.122 122.747 577.48 3.0002 34.1104 1.251 273.126 89.0158 300.978 713.628 714.03 0.402 4.636 0.1 553351 23007
2018 07 28 22 47 38.740 -8.239 116.508 14 3.0002 34.1104 1.251 274.061 82.9133 299.281 742.561 744.31 1.749 5.187 0.1 553352 23007
2018 08 05 11 46 38.190 -8.259 116.436 31 3.0002 34.1104 1.251 274.074 82.8436 298.402 739.232 741.34 2.108 5.189 0.1 553353 23007
2018 08 14 03 29 53.440 -58.11 -25.258 35 3.0002 34.1104 1.251 61.9005 76.9353 301.02 708.6 709.32 0.72 5.622 0.1 553243 23007
2018 08 17 15 35 01.870 -7.426 119.834 529 3.0002 34.1104 1.251 273.512 86.1482 301.523 704.673 705.02 0.347 4.769 0.1 553355 23007
2018 08 19 04 10 23.490 -8.329 116.598 21.41 3.0002 34.1104 1.251 274.058 83.0084 299.953 742.483 743.60 1.117 5.179 0.1 553327 23007
2018 08 19 14 56 28.30 -8.33 116.631 25.21 3.0002 34.1104 1.251 274.053 83.0411 299.134 742.124 743.21 1.086 5.175 0.1 553356 23007
2018 08 25 22 13 25.620 34.611 46.242 10 3.0002 34.1104 1.251 202.401 33.4164 301.836 399.236 400.06 0.824 8.717 0.1 553246 23007
2018 09 18 07 27 41.330 -37.811 49.782 10 3.0002 34.1104 1.251 336.76 43.1293 301.396 481.086 482.05 0.964 8.077 0.1 553224 23007
2018 09 28 10 02 43.480 -0.178 119.84 10 3.0002 34.1104 1.251 273.002 85.7446 300.824 759.364 759.31 -0.054 4.963 0.1 553359 23007
2018 10 01 23 59 42.730 -10.557 120.241 29 3.0002 34.1104 1.251 273.64 86.7437 300.952 761.242 761.28 0.038 4.878 0.1 553978 23007
2018 10 10 18 44 55.280 -7.453 114.455 9 3.0002 34.1104 1.251 274.249 80.828 301.625 735.365 734.16 -1.205 5.346 0.1 553360 23007
2018 10 25 22 54 52.590 37.514 20.563 14 3.0002 34.1104 1.251 156.859 36.5315 298.594 422.024 426.33 4.306 8.523 0.1 553247 23007
2018 11 04 07 55 28.10 7.751 123.864 581 3.0002 34.1104 1.251 272.92 89.357 298.431 713.441 715.25 1.809 4.633 0.1 553701 23007
2018 11 09 01 49 40.60 71.626 -11.25 10 3.0002 34.1104 1.251 132.406 74.2265 299.864 696.824 697.40 0.576 5.829 0.1 553868 23007
2018 11 11 14 03 59.560 15.565 -49.871 10 3.0002 34.1104 1.251 88.7203 83.409 302.203 748.663 747.46 -1.203 5.151 0.1 553248 23007
2018 11 15 20 02 22.920 -56.706 -25.546 15 3.0002 34.1104 1.251 62.4548 76.416 304.611 711.711 709.39 -2.321 5.664 0.1 553249 23007
2018 11 25 16 37 32.710 34.346 45.743 18 3.0002 34.1104 1.251 201.688 33.0166 302.62 395.93 395.35 -0.58 8.734 0.1 553250 23007
2017 02 07 22 03 55.700 25.201 63.257 24.05 1.4769 33.8648 1.15 234.836 36.8804 301.237 426.547 427.21 0.663 8.502 0.1 553265 23008
2017 03 14 02 51 16.850 6.129 92.316 10 1.4769 33.8648 1.15 267.982 58.4785 300.763 595.923 596.18 0.257 6.970 0.1 553214 23008
2017 04 05 06 09 12.460 35.799 60.436 13 1.4769 33.8648 1.15 221.815 42.1201 300.121 470.671 472.89 2.219 8.151 0.1 553268 23008
2017 10 10 18 53 27.840 -54.258 8.605 9 1.4769 33.8648 1.15 29.7244 59.3552 303.424 604.594 603.59 -1.004 6.902 0.1 553226 23008
2017 10 24 10 47 47.540 -7.236 123.04 549.19 1.4769 33.8648 1.15 271.559 89.3655 299.951 717.421 718.20 0.779 4.634 0.1 553425 23008
2017 11 11 00 36 14.980 -11.742 -14.114 10 1.4769 33.8648 1.15 77.8137 49.4443 301.935 530.965 530.32 -0.645 7.635 0.1 553223 23008
2017 11 12 18 18 17.290 34.905 45.956 19 1.4769 33.8648 1.15 201.347 35.1163 299.744 411.464 413.50 2.036 8.606 0.1 553227 23008
2017 11 17 22 34 19.500 29.832 94.977 8 1.4769 33.8648 1.15 256.089 64.3859 300.062 635.572 636.67 1.098 6.547 0.1 553212 23008
2017 11 30 06 32 50.760 -1.08 -23.432 10 1.4769 33.8648 1.15 87.5693 57.3479 300.031 587.281 588.25 0.969 7.058 0.1 553228 23008
2017 12 01 02 32 46.10 30.743 57.313 9 1.4769 33.8648 1.15 221.829 36.6175 299.226 425.226 427.54 2.314 8.521 0.1 553229 23008
2017 12 12 08 43 17.950 30.719 57.27 10 1.4769 33.8648 1.15 221.791 36.5749 301.582 425.642 427.03 1.388 8.523 0.1 553230 23008
2017 12 12 21 41 31.160 30.822 57.286 8 1.4769 33.8648 1.15 221.721 36.6607 299.964 425.814 428.07 2.256 8.518 0.1 553231 23008
2017 12 13 18 03 42.790 -54.217 2.168 10 1.4769 33.8648 1.15 36.7478 61.392 307.265 622.485 617.25 -5.235 6.752 0.1 553232 23008
2017 12 15 16 47 58.230 -7.492 108.174 90 1.4769 33.8648 1.15 273.591 74.6471 300.147 688.927 689.52 0.593 5.778 0.1 553233 23008
2018 01 11 18 26 24.230 18.362 96.077 9 1.4769 33.8648 1.15 262.17 63.2161 300.907 628.687 628.65 -0.037 6.631 0.1 553234 23008
2018 01 23 06 34 54.240 -7.195 105.918 43.91 1.4769 33.8648 1.15 273.834 72.395 301.211 681.981 681.48 -0.501 5.959 0.1 553237 23008
2018 01 28 16 03 03.970 -53.062 9.684 10 1.4769 33.8648 1.15 28.8734 57.9959 302.017 593.057 594.01 0.953 6.994 0.1 553221 23008
2018 01 31 07 07 00.230 36.543 70.815 191.19 1.4769 33.8648 1.15 232.989 48.8112 298.615 503.395 506.56 3.165 7.595 0.1 553238 23008
2018 02 04 13 56 41.950 24.157 121.707 12 1.4769 33.8648 1.15 270.463 87.4323 302.792 768.852 767.22 -1.632 4.828 0.1 553438 23008
2018 02 06 15 50 43.300 24.135 121.658 17 1.4769 33.8648 1.15 270.444 87.3877 300.921 766.631 766.17 -0.461 4.830 0.1 553439 23008
2018 03 24 19 58 33.380 -45.778 96.069 10 1.4769 33.8648 1.15 291.643 72.0638 300.402 684.032 684.74 0.708 5.986 0.1 553239 23008
2018 04 19 21 09 17.00 -42.779 42.187 10 1.4769 33.8648 1.15 348.127 44.6892 300.906 492.916 494.62 1.704 7.966 0.1 553222 23008
2018 05 05 06 19 05.40 14.57 123.919 18 1.4769 33.8648 1.15 271.434 89.6858 299.037 775.007 776.90 1.893 4.650 0.1 553456 23008
2018 05 09 10 41 45.920 36.991 71.383 116 1.4769 33.8648 1.15 233.255 49.4443 299.19 516.28 518.96 2.68 7.584 0.1 553242 23008
2018 07 28 17 07 23.370 -7.122 122.747 577.48 1.4769 33.8648 1.15 271.594 89.0718 299.788 713.428 714.28 0.852 4.636 0.1 553351 23008
2018 07 28 22 47 38.740 -8.239 116.508 14 1.4769 33.8648 1.15 272.516 82.9314 298.821 742.091 744.39 2.299 5.186 0.1 553352 23008
2018 08 05 11 46 38.190 -8.259 116.436 31 1.4769 33.8648 1.15 272.529 82.8611 297.273 738.093 741.42 3.327 5.188 0.1 553353 23008
2018 08 14 03 29 53.440 -58.11 -25.258 35 1.4769 33.8648 1.15 62.4093 75.4842 299.659 699.229 701.03 1.801 5.726 0.1 553243 23008
2018 08 17 15 35 01.870 -7.426 119.834 529 1.4769 33.8648 1.15 271.976 86.1927 300.397 704.537 705.22 0.683 4.766 0.1 553355 23008
2018 08 19 04 10 23.490 -8.329 116.598 21.41 1.4769 33.8648 1.15 272.514 83.0243 300.132 742.652 743.67 1.018 5.178 0.1 553327 23008
2018 08 19 14 56 28.30 -8.33 116.631 25.21 1.4769 33.8648 1.15 272.509 83.057 299.229 742.209 743.28 1.071 5.175 0.1 553356 23008
2018 08 25 22 13 25.620 34.611 46.242 10 1.4769 33.8648 1.15 201.977 34.9306 301.849 412.239 413.27 1.031 8.620 0.1 553246 23008
2018 09 18 07 27 41.330 -37.811 49.782 10 1.4769 33.8648 1.15 335.699 41.7739 299.752 468.432 470.95 2.518 8.171 0.1 553224 23008
2018 09 28 06 59 59.780 -0.399 119.77 5.19 1.4769 33.8648 1.15 271.499 85.9168 301.726 760.956 760.97 0.014 4.949 0.1 553690 23008
2018 09 28 10 02 43.480 -0.178 119.84 10 1.4769 33.8648 1.15 271.483 85.9811 301.611 761.141 760.48 -0.661 4.943 0.1 553359 23008
2018 10 01 23 59 42.730 -10.557 120.241 29 1.4769 33.8648 1.15 272.105 86.7055 300.674 760.954 761.07 0.116 4.881 0.1 553978 23008
2018 10 10 18 44 55.280 -7.453 114.455 9 1.4769 33.8648 1.15 272.697 80.8639 300.08 733.81 734.34 0.53 5.343 0.1 553360 23008
2018 10 25 22 54 52.590 37.514 20.563 14 1.4769 33.8648 1.15 158.01 37.8974 298.098 433.518 438.00 4.482 8.432 0.1 553247 23008
2018 11 04 07 55 28.10 7.751 123.864 581 1.4769 33.8648 1.15 271.454 89.8027 298.764 715.764 717.33 1.566 4.628 0.1 553701 23008
2018 11 09 01 49 40.60 71.626 -11.25 10 1.4769 33.8648 1.15 133.019 75.6407 299.012 703.962 705.63 1.668 5.721 0.1 553868 23008
2018 11 11 14 03 59.560 15.565 -49.871 10 1.4769 33.8648 1.15 90.2544 83.572 301.389 748.839 748.33 -0.509 5.138 0.1 553248 23008
2018 11 15 20 02 22.920 -56.706 -25.546 15 1.4769 33.8648 1.15 63.0002 74.9771 302.706 701.796 701.11 -0.686 5.769 0.1 553249 23008
2017 02 07 22 03 55.700 25.201 63.257 24.05 2.7402 33.5637 1.111 236.749 36.2755 301.326 421.641 421.97 0.329 8.541 0.1 553265 23009
2017 07 27 17 53 24.610 13.396 -49.325 10 2.7402 33.5637 1.111 88.9743 82.4571 300.364 741.769 742.53 0.761 5.221 0.1 553273 23009
2017 08 08 13 19 49.540 33.192 103.855 9 2.7402 33.5637 1.111 261.31 72.041 304.135 687.61 684.39 -3.22 5.993 0.1 553414 23009
2017 08 08 23 27 53.80 44.301 82.826 20 2.7402 33.5637 1.111 240.995 59.927 300.503 604.438 605.14 0.702 6.864 0.1 553274 23009
2017 08 11 05 28 25.720 13.998 120.678 172 2.7402 33.5637 1.111 271.952 86.5472 301.826 744.121 743.52 -0.601 4.856 0.1 553415 23009
2017 08 13 03 08 10.560 -3.768 101.622 31 2.7402 33.5637 1.111 274.428 68.3248 304.909 662.364 658.17 -4.194 6.257 0.1 553219 23009
2017 08 18 02 59 21.950 -1.09 -13.663 10 2.7402 33.5637 1.111 85.2988 47.3658 301.808 514.873 514.16 -0.713 7.785 0.1 553275 23009
2017 08 31 17 06 55.750 -1.159 99.688 43.14 2.7402 33.5637 1.111 273.483 66.2178 305.324 647.589 643.35 -4.239 6.407 0.1 553417 23009
2017 09 04 08 07 35.380 -57.788 -25.578 35 2.7402 33.5637 1.111 61.8876 76.4487 302.018 707.653 706.57 -1.083 5.657 0.1 553220 23009
2017 10 10 18 53 27.840 -54.258 8.605 9 2.7402 33.5637 1.111 28.9741 60.4704 304.146 613.321 611.30 -2.021 6.820 0.1 553226 23009
2017 10 24 10 47 47.540 -7.236 123.04 549.19 2.7402 33.5637 1.111 272.766 89.8215 301.429 720.904 720.32 -0.584 4.629 0.1 553425 23009
2017 11 11 00 36 14.980 -11.742 -14.114 10 2.7402 33.5637 1.111 76.1201 49.5302 302.365 531.4 531.02 -0.38 7.628 0.1 553223 23009
2017 11 12 18 18 17.290 34.905 45.956 19 2.7402 33.5637 1.111 202.532 34.0146 299.508 401.233 403.90 2.667 8.674 0.1 553227 23009
2017 11 17 22 34 19.500 29.832 94.977 8 2.7402 33.5637 1.111 257.447 63.9724 300.343 632.858 633.90 1.042 6.578 0.1 553212 23009
2017 11 30 06 32 50.760 -1.08 -23.432 10 2.7402 33.5637 1.111 86.062 57.1049 299.033 584.288 586.54 2.252 7.076 0.1 553228 23009
2017 12 01 02 32 46.10 30.743 57.313 9 2.7402 33.5637 1.111 223.483 35.7742 299.284 418.289 420.25 1.961 8.571 0.1 553229 23009
2017 12 12 21 41 31.160 30.822 57.286 8 2.7402 33.5637 1.111 223.371 35.8154 300.037 418.892 420.76 1.868 8.570 0.1 553231 23009
2017 12 13 18 03 42.790 -54.217 2.168 10 2.7402 33.5637 1.111 35.9329 62.4635 306.8 629.025 624.50 -4.525 6.670 0.1 553232 23009
2017 12 15 16 47 58.230 -7.492 108.174 90 2.7402 33.5637 1.111 274.833 75.1257 300.318 692.103 692.29 0.187 5.742 0.1 553233 23009
2018 01 11 18 26 24.230 18.362 96.077 9 2.7402 33.5637 1.111 263.609 63.0824 301.102 627.887 627.73 -0.157 6.640 0.1 553234 23009
2018 01 23 06 34 54.240 -7.195 105.918 43.91 2.7402 33.5637 1.111 275.09 72.8708 301.466 685.241 684.32 -0.921 5.924 0.1 553237 23009
2018 01 28 16 03 03.970 -53.062 9.684 10 2.7402 33.5637 1.111 28.1118 59.1109 301.453 600.498 601.83 1.332 6.918 0.1 553221 23009
2018 01 31 07 07 00.230 36.543 70.815 191.19 2.7402 33.5637 1.111 234.384 48.0522 300.062 498.847 500.70 1.853 7.650 0.1 553238 23009
2018 02 04 13 56 41.950 24.157 121.707 12 2.7402 33.5637 1.111 271.733 87.1978 301.913 766.978 766.05 -0.928 4.847 0.1 553438 23009
2018 02 06 15 50 43.300 24.135 121.658 17 2.7402 33.5637 1.111 271.714 87.1537 301.939 766.654 765.00 -1.654 4.850 0.1 553439 23009
2018 03 24 19 58 33.380 -45.778 96.069 10 2.7402 33.5637 1.111 292.258 73.2133 301.554 692.189 691.62 -0.569 5.902 0.1 553239 23009
2018 04 19 21 09 17.00 -42.779 42.187 10 2.7402 33.5637 1.111 347.978 45.9753 301.243 504.258 504.87 0.612 7.873 0.1 553222 23009
2018 05 05 06 19 05.40 14.57 123.919 18 2.7402 33.5637 1.111 272.724 89.6635 300.606 776.581 776.77 0.189 4.652 0.1 553456 23009
2018 05 09 10 41 45.920 36.991 71.383 116 2.7402 33.5637 1.111 234.635 48.6832 299.377 510.472 513.09 2.618 7.641 0.1 553242 23009
2018 07 28 17 07 23.370 -7.122 122.747 577.48 2.7402 33.5637 1.111 272.802 89.5256 301.463 717.108 716.39 -0.718 4.631 0.1 553351 23009
2018 07 28 22 47 38.740 -8.239 116.508 14 2.7402 33.5637 1.111 273.721 83.4145 300.636 745.911 746.90 0.989 5.149 0.1 553352 23009
2018 08 05 11 46 38.190 -8.259 116.436 31 2.7402 33.5637 1.111 273.734 83.3447 300.26 743.085 743.93 0.845 5.151 0.1 553353 23009
2018 08 14 03 29 53.440 -58.11 -25.258 35 2.7402 33.5637 1.111 61.5289 76.4515 299.244 704.819 706.59 1.771 5.657 0.1 553243 23009
2018 08 17 15 35 01.870 -7.426 119.834 529 2.7402 33.5637 1.111 273.183 86.6554 301.84 707.985 707.43 -0.555 4.730 0.1 553355 23009
2018 08 19 04 10 23.490 -8.329 116.598 21.41 2.7402 33.5637 1.111 273.718 83.5092 300.325 745.85 746.18 0.33 5.140 0.1 553327 23009
2018 08 19 14 56 28.30 -8.33 116.631 25.21 2.7402 33.5637 1.111 273.713 83.5419 301.101 746.086 745.79 -0.296 5.136 0.1 553356 23009
2018 08 25 22 13 25.620 34.611 46.242 10 2.7402 33.5637 1.111 203.186 33.8358 300.776 402.171 403.71 1.539 8.687 0.1 553246 23009
2018 09 18 07 27 41.330 -37.811 49.782 10 2.7402 33.5637 1.111 335.882 43.0584 301.465 480.15 481.46 1.31 8.083 0.1 553224 23009
2017 02 07 22 03 55.700 25.201 63.257 24.05 2.1096 33.0643 1.08 236.5 37.0625 301.186 427.486 428.70 1.214 8.490 0.1 553265 23010
2017 03 14 02 51 16.850 6.129 92.316 10 2.1096 33.0643 1.08 268.811 59.2081 302.323 602.473 601.24 -1.233 6.924 0.1 553214 23010
2017 04 05 06 09 12.460 35.799 60.436 13 2.1096 33.0643 1.08 223.328 42.0356 299.068 469.608 472.15 2.542 8.157 0.1 553268 23010
2017 05 03 04 47 13.190 39.499 71.451 10 2.1096 33.0643 1.08 232.98 51.0063 299.44 540.25 542.79 2.54 7.515 0.1 553217 23010
2017 05 10 23 23 37.270 -56.427 -25.782 17.39 2.1096 33.0643 1.08 62.2382 75.1182 300.654 701.384 701.56 0.176 5.757 0.1 553211 23010
2017 05 29 14 35 21.510 -1.287 120.433 12 2.1096 33.0643 1.08 272.156 87.4179 300.886 767.376 767.17 -0.206 4.828 0.1 553406 23010
2017 06 12 12 28 39.70 38.915 26.371 12 2.1096 33.0643 1.08 168.877 37.1388 300.058 429.988 431.96 1.972 8.482 0.1 553270 23010
2017 07 19 12 16 23.560 -17.415 66.483 10 2.1096 33.0643 1.08 297.214 38.2353 302.294 440.734 440.58 -0.154 8.420 0.1 553218 23010
2017 07 20 22 31 11.240 36.924 27.413 7 2.1096 33.0643 1.08 170.129 35.0342 299.66 412.42 414.72 2.3 8.613 0.1 553272 23010
2017 07 27 17 53 24.610 13.396 -49.325 10 2.1096 33.0643 1.08 89.7042 82.1132 301.17 740.56 740.75 0.19 5.243 0.1 553273 23010
2017 08 08 13 19 49.540 33.192 103.855 9 2.1096 33.0643 1.08 261.058 72.8048 304.241 691.701 688.97 -2.731 5.937 0.1 553414 23010
2017 08 08 23 27 53.80 44.301 82.826 20 2.1096 33.0643 1.08 240.989 60.7278 299.581 609.501 610.64 1.139 6.805 0.1 553274 23010
2017 08 11 05 28 25.720 13.998 120.678 172 2.1096 33.0643 1.08 271.462 87.1812 301.014 746.294 746.60 0.306 4.807 0.1 553415 23010
2017 08 13 03 08 10.560 -3.768 101.622 31 2.1096 33.0643 1.08 273.711 68.7675 304.439 663.879 660.93 -2.949 6.227 0.1 553219 23010
2017 08 18 02 59 21.950 -1.09 -13.663 10 2.1096 33.0643 1.08 86.1079 46.8273 302.836 510.886 509.96 -0.926 7.826 0.1 553275 23010
2017 08 31 17 06 55.750 -1.159 99.688 43.14 2.1096 33.0643 1.08 272.779 66.6911 304.37 649.62 646.37 -3.25 6.372 0.1 553417 23010
2017 09 04 08 07 35.380 -57.788 -25.578 35 2.1096 33.0643 1.08 61.7395 75.6609 301.779 702.399 702.07 -0.329 5.712 0.1 553220 23010
2017 10 10 18 53 27.840 -54.258 8.605 9 2.1096 33.0643 1.08 28.6264 59.7284 303.725 606.885 606.20 -0.685 6.874 0.1 553226 23010
2017 11 11 00 36 14.980 -11.742 -14.114 10 2.1096 33.0643 1.08 76.7084 48.8646 303.084 527.104 525.91 -1.194 7.676 0.1 553223 23010
2017 11 12 18 18 17.290 34.905 45.956 19 2.1096 33.0643 1.08 203.016 34.7673 299.237 407.947 410.44 2.493 8.628 0.1 553227 23010
2017 11 17 22 34 19.500 29.832 94.977 8 2.1096 33.0643 1.08 257.151 64.7273 300.483 637.983 638.87 0.887 6.524 0.1 553212 23010
2017 11 30 06 32 50.760 -1.08 -23.432 10 2.1096 33.0643 1.08 86.7796 56.5753 300.223 581.463 582.78 1.317 7.116 0.1 553228 23010
2017 12 01 02 32 46.10 30.743 57.313 9 2.1096 33.0643 1.08 223.534 36.5745 298.984 424.974 427.12 2.146 8.524 0.1 553229 23010
2017 12 12 08 43 17.950 30.719 57.27 10 2.1096 33.0643 1.08 223.498 36.5316 301.239 425.289 426.60 1.311 8.526 0.1 553230 23010
2017 12 12 21 41 31.160 30.822 57.286 8 2.1096 33.0643 1.08 223.424 36.6156 299.551 425.391 427.63 2.239 8.521 0.1 553231 23010
2017 12 13 18 03 42.790 -54.217 2.168 10 2.1096 33.0643 1.08 35.6463 61.7037 307.084 624.294 619.39 -4.904 6.729 0.1 553232 23010
2017 12 15 16 47 58.230 -7.492 108.174 90 2.1096 33.0643 1.08 274.117 75.5285 300.83 694.6 694.59 -0.01 5.711 0.1 553233 23010
2018 01 11 18 26 24.230 18.362 96.077 9 2.1096 33.0643 1.08 263.131 63.7598 299.958 631.728 632.23 0.502 6.594 0.1 553234 23010
2018 01 23 06 34 54.240 -7.195 105.918 43.91 2.1096 33.0643 1.08 274.368 73.2751 300.547 686.307 686.70 0.393 5.895 0.1 553237 23010
2018 01 28 16 03 03.970 -53.062 9.684 10 2.1096 33.0643 1.08 27.7594 58.3689 301.108 595.138 596.65 1.512 6.968 0.1 553221 23010
2018 01 31 07 07 00.230 36.543 70.815 191.19 2.1096 33.0643 1.08 234.34 48.8524 299.572 504.342 506.83 2.488 7.593 0.1 553238 23010
2018 02 04 13 56 41.950 24.157 121.707 12 2.1096 33.0643 1.08 271.363 87.9081 302.456 770.506 769.48 -1.026 4.792 0.1 553438 23010
2018 02 06 15 50 43.300 24.135 121.658 17 2.1096 33.0643 1.08 271.344 87.8638 301.341 769.041 768.44 -0.601 4.795 0.1 553439 23010
2018 03 24 19 58 33.380 -45.778 96.069 10 2.1096 33.0643 1.08 291.436 73.0618 301.929 691.549 690.69 -0.859 5.913 0.1 553239 23010
2018 04 19 21 09 17.00 -42.779 42.187 10 2.1096 33.0643 1.08 347.151 45.436 301.981 499.981 500.58 0.599 7.910 0.1 553222 23010
2018 05 09 10 41 45.920 36.991 71.383 116 2.1096 33.0643 1.08 234.593 49.4834 299.174 516.254 519.20 2.946 7.582 0.1 553242 23010
2018 07 28 17 07 23.370 -7.122 122.747 577.48 2.1096 33.0643 1.08 272.119 89.9434 300.055 717.685 718.32 0.635 4.626 0.1 553351 23010
2018 07 28 22 47 38.740 -8.239 116.508 14 2.1096 33.0643 1.08 273.023 83.8152 299.455 746.715 748.95 2.235 5.117 0.1 553352 23010
2018 08 05 11 46 38.190 -8.259 116.436 31 2.1096 33.0643 1.08 273.036 83.7451 298.891 743.701 745.98 2.279 5.119 0.1 553353 23010
2018 08 14 03 29 53.440 -58.11 -25.258 35 2.1096 33.0643 1.08 61.3754 75.6647 299.459 700.019 702.09 2.071 5.711 0.1 553243 23010
2018 08 17 15 35 01.870 -7.426 119.834 529 2.1096 33.0643 1.08 272.496 87.068 300.837 708.967 709.37 0.403 4.699 0.1 553355 23010
2018 08 19 04 10 23.490 -8.329 116.598 21.41 2.1096 33.0643 1.08 273.02 83.9089 299.704 747.214 748.22 1.006 5.108 0.1 553327 23010
2018 08 19 14 56 28.30 -8.33 116.631 25.21 2.1096 33.0643 1.08 273.015 83.9415 300.144 747.114 747.83 0.716 5.104 0.1 553356 23010
2018 08 25 22 13 25.620 34.611 46.242 10 2.1096 33.0643 1.08 203.659 34.5912 301.411 408.791 410.29 1.499 8.641 0.1 553246 23010
2018 09 18 07 27 41.330 -37.811 49.782 10 2.1096 33.0643 1.08 334.885 42.6319 298.946 474.616 477.96 3.344 8.113 0.1 553224 23010
2018 09 28 06 59 59.780 -0.399 119.77 5.19 2.1096 33.0643 1.08 272.122 86.7225 301.98 765.2 764.93 -0.27 4.885 0.1 553690 23010
2018 09 28 10 02 43.480 -0.178 119.84 10 2.1096 33.0643 1.08 272.109 86.7843 301.699 765.219 764.43 -0.789 4.879 0.1 553359 23010
2018 10 01 23 59 42.730 -10.557 120.241 29 2.1096 33.0643 1.08 272.577 87.6075 301.779 766.049 765.45 -0.599 4.810 0.1 553978 23010
2018 10 10 18 44 55.280 -7.453 114.455 9 2.1096 33.0643 1.08 273.217 81.7417 298.557 737.277 739.00 1.723 5.272 0.1 553360 23010
2018 10 25 22 54 52.590 37.514 20.563 14 2.1096 33.0643 1.08 158.966 37.0628 297.312 425.722 430.92 5.198 8.488 0.1 553247 23010
2018 11 09 01 49 40.60 71.626 -11.25 10 2.1096 33.0643 1.08 133.674 74.8446 299.264 699.204 701.03 1.826 5.781 0.1 553868 23010
2018 11 11 14 03 59.560 15.565 -49.871 10 2.1096 33.0643 1.08 89.8575 82.634 301.259 743.699 743.46 -0.239 5.208 0.1 553248 23010
2018 11 15 20 02 22.920 -56.706 -25.546 15 2.1096 33.0643 1.08 61.9597 75.1337 303.431 703.511 702.05 -1.461 5.756 0.1 553249 23010
2017 02 07 22 03 55.700 25.201 63.257 24.05 2.3692 34.3775 1.205 235.369 35.9067 300.965 418.265 418.86 0.595 8.562 0.1 553265 23011
2017 03 14 02 51 16.850 6.129 92.316 10 2.3692 34.3775 1.205 268.957 57.8766 300.847 590.997 591.96 0.963 7.018 0.1 553214 23011
2017 05 03 04 47 13.190 39.499 71.451 10 2.3692 34.3775 1.205 231.843 49.9975 299.808 533.618 535.18 1.562 7.588 0.1 553217 23011
2017 05 20 01 06 14.230 9.384 123.958 533 2.3692 34.3775 1.205 272.255 89.2053 301.907 719.677 718.90 -0.777 4.636 0.1 553405 23011
2017 05 29 14 35 21.510 -1.287 120.433 12 2.3692 34.3775 1.205 272.446 86.1124 301.603 761.093 760.80 -0.293 4.932 0.1 553406 23011
2017 06 12 12 28 39.70 38.915 26.371 12 2.3692 34.3775 1.205 166.661 37.1015 298.158 428.088 431.62 3.532 8.485 0.1 553270 23011
2017 07 19 12 16 23.560 -17.415 66.483 10 2.3692 34.3775 1.205 298.719 37.2663 302.11 432.55 432.42 -0.13 8.482 0.1 553218 23011
2017 07 20 22 31 11.240 36.924 27.413 7 2.3692 34.3775 1.205 167.8 34.9808 300.708 412.468 414.23 1.762 8.617 0.1 553272 23011
2017 07 27 17 53 24.610 13.396 -49.325 10 2.3692 34.3775 1.205 89.1503 83.3325 301.062 747.452 747.08 -0.372 5.158 0.1 553273 23011
2017 08 08 13 19 49.540 33.192 103.855 9 2.3692 34.3775 1.205 260.51 71.5734 303.489 683.949 681.61 -2.339 6.028 0.1 553414 23011
2017 08 08 23 27 53.80 44.301 82.826 20 2.3692 34.3775 1.205 239.995 59.706 299.603 602.523 603.66 1.137 6.880 0.1 553274 23011
2017 08 11 05 28 25.720 13.998 120.678 172 2.3692 34.3775 1.205 271.4 85.8453 300.217 739.497 740.10 0.603 4.910 0.1 553415 23011
2017 08 13 03 08 10.560 -3.768 101.622 31 2.3692 34.3775 1.205 274.11 67.4823 303.885 655.325 652.87 -2.455 6.319 0.1 553219 23011
2017 08 18 02 59 21.950 -1.09 -13.663 10 2.3692 34.3775 1.205 85.8678 48.1528 302.811 521.861 520.27 -1.591 7.730 0.1 553275 23011
2017 08 31 17 06 55.750 -1.159 99.688 43.14 2.3692 34.3775 1.205 273.117 65.39 303.307 640.557 638.02 -2.537 6.466 0.1 553417 23011
2017 09 04 08 07 35.380 -57.788 -25.578 35 2.3692 34.3775 1.205 62.8035 76.5105 302.62 708.24 706.89 -1.35 5.653 0.1 553220 23011
2017 10 10 18 53 27.840 -54.258 8.605 9 2.3692 34.3775 1.205 29.9916 60.3526 305.585 613.745 610.47 -3.275 6.829 0.1 553226 23011
2017 10 24 10 47 47.540 -7.236 123.04 549.19 2.3692 34.3775 1.205 272.503 88.9686 300.121 715.581 716.36 0.779 4.638 0.1 553425 23011
2017 11 12 18 18 17.290 34.905 45.956 19 2.3692 34.3775 1.205 200.949 34.1178 300.336 403.046 404.83 1.784 8.667 0.1 553227 23011
2017 11 30 06 32 50.760 -1.08 -23.432 10 2.3692 34.3775 1.205 86.547 57.8982 300.184 591.424 592.13 0.706 7.016 0.1 553228 23011
2017 12 01 02 32 46.10 30.743 57.313 9 2.3692 34.3775 1.205 221.983 35.5977 299.919 416.909 418.78 1.871 8.581 0.1 553229 23011
2017 12 12 08 43 17.950 30.719 57.27 10 2.3692 34.3775 1.205 221.945 35.5551 300.667 416.717 418.26 1.543 8.584 0.1 553230 23011
2017 12 12 21 41 31.160 30.822 57.286 8 2.3692 34.3775 1.205 221.872 35.6408 299.878 417.718 419.30 1.582 8.579 0.1 553231 23011
2017 12 13 18 03 42.790 -54.217 2.168 10 2.3692 34.3775 1.205 36.9374 62.402 308.333 629.543 624.07 -5.473 6.676 0.1 553232 23011
2017 12 15 16 47 58.230 -7.492 108.174 90 2.3692 34.3775 1.205 274.578 74.2675 299.966 686.736 687.33 0.594 5.806 0.1 553233 23011
2018 01 11 18 26 24.230 18.362 96.077 9 2.3692 34.3775 1.205 262.916 62.4364 299.722 622.492 623.44 0.948 6.685 0.1 553234 23011
2018 01 23 06 34 54.240 -7.195 105.918 43.91 2.3692 34.3775 1.205 274.831 72.0131 301.701 680.461 679.21 -1.251 5.987 0.1 553237 23011
2018 01 28 16 03 03.970 -53.062 9.684 10 2.3692 34.3775 1.205 29.1436 58.9934 302.255 600.285 600.99 0.705 6.927 0.1 553221 23011
2018 01 31 07 07 00.230 36.543 70.815 191.19 2.3692 34.3775 1.205 233.23 47.8032 300.201 496.971 498.83 1.859 7.667 0.1 553238 23011
2018 02 04 13 56 41.950 24.157 121.707 12 2.3692 34.3775 1.205 271.066 86.6041 302.591 764.641 763.17 -1.471 4.893 0.1 553438 23011
2018 02 06 15 50 43.300 24.135 121.658 17 2.3692 34.3775 1.205 271.047 86.5598 301.232 762.932 762.12 -0.812 4.895 0.1 553439 23011
2018 03 24 19 58 33.380 -45.778 96.069 10 2.3692 34.3775 1.205 292.656 72.4061 301.505 687.125 686.83 -0.295 5.961 0.1 553239 23011
2018 04 19 21 09 17.00 -42.779 42.187 10 2.3692 34.3775 1.205 349.025 45.4913 300.236 499.236 501.04 1.804 7.905 0.1 553222 23011
