2019 02 02 09 27 36.30 -2.845 100.076 20 3.3123 37.0595 0.393 275.116 63.2816 303.16 630.13 627.25 -2.88 6.625 0.1 553904 23012
2019 02 02 10 59 30.300 -2.883 100.132 18 3.3123 37.0595 0.393 275.13 63.3407 303.74 630.44 627.97 -2.47 6.622 0.1 553927 23012
2019 02 14 19 57 05.20 35.421 -36.078 10 3.3123 37.0595 0.393 97.1718 74.357 304.555 701.535 697.87 -3.665 5.823 0.1 554013 23012
2019 03 08 15 06 12.620 10.384 126.006 30 3.3123 37.0595 0.393 273.05 88.3762 301.462 768.842 768.91 0.068 4.752 0.1 553905 23012
2019 03 24 04 37 35.909 1.661 126.38 45 3.3123 37.0595 0.393 273.27 89.2272 300.703 770.794 771.05 0.256 4.680 0.1 553937 23012
2019 04 01 18 39 05.857 -18.205 65.365 10 3.3123 37.0595 0.393 304.677 35.1442 300.195 412.338 414.43 2.092 8.611 0.1 553906 23012
2019 04 05 16 14 16.754 -55.92 -27.856 58.6 3.3123 37.0595 0.393 67.0901 78.9988 303.178 719.434 718.01 -1.424 5.465 0.1 553907 23012
2019 04 06 21 55 01.624 -6.849 125.014 539 3.3123 37.0595 0.393 273.511 88.362 301.157 714.533 714.49 -0.043 4.642 0.1 553908 23012
2019 04 09 17 53 59.96 -58.606 -25.255 44.83 3.3123 37.0595 0.393 64.3105 78.8188 302.293 720.197 718.62 -1.577 5.481 0.1 553940 23012
2019 04 12 11 40 49.886 -1.851 122.552 17.48 3.3123 37.0595 0.393 273.443 85.6081 301.07 757.194 757.40 0.206 4.973 0.1 553909 23012
2019 04 18 05 01 06.418 23.988 121.693 20 3.3123 37.0595 0.393 270.85 83.7651 302.858 749.44 747.61 -1.83 5.121 0.1 553910 23012
2019 04 22 09 11 11.745 14.923 120.497 20 3.3123 37.0595 0.393 271.518 82.82 303.923 745.178 742.75 -2.428 5.194 0.1 553911 23012
2019 04 22 14 49 05.376 -56.263 -27.35 79 3.3123 37.0595 0.393 66.5874 78.8734 302.67 716.294 715.01 -1.284 5.468 0.1 554014 23012
2019 04 23 05 37 52.979 11.845 125.186 54 3.3123 37.0595 0.393 272.842 87.4977 301.473 761.494 761.76 0.266 4.813 0.1 553912 23012
2019 05 31 10 12 32.135 6.264 126.551 90.21 3.3123 37.0595 0.393 273.216 89.1388 298.127 762.992 765.34 2.348 4.676 0.1 553913 23012
2019 07 07 15 08 40.525 0.512 126.189 35 3.3123 37.0595 0.393 273.283 89.1017 303.232 773.707 771.63 -2.077 4.693 0.1 553943 23012
2019 07 13 00 57 44.339 29.353 128.153 251 3.3123 37.0595 0.393 273.405 89.3493 302.256 748.917 747.90 -1.017 4.642 0.1 554015 23012
2019 07 14 05 39 23.427 -18.223 120.357 10 3.3123 37.0595 0.393 275.23 84.6689 303.159 755.732 754.01 -1.722 5.050 0.1 553914 23012
2019 07 26 23 37 58.639 20.843 121.975 10 3.3123 37.0595 0.393 271.29 84.0846 302.355 751.716 750.91 -0.806 5.097 0.1 553928 23012
2019 08 02 12 03 27.483 -7.266 104.824 52.76 3.3123 37.0595 0.393 276.446 68.4332 300.991 656.508 656.35 -0.158 6.243 0.1 553944 23012
2019 08 27 23 55 19.187 -60.215 -26.58 16 3.3123 37.0595 0.393 65.2315 80.1199 302.098 730.911 729.65 -1.261 5.392 0.1 553915 23012
2019 09 19 07 06 33.291 -6.07 111.842 610 3.3123 37.0595 0.393 275.019 75.2517 300.008 640.717 641.72 1.003 5.538 0.1 553916 23012
2019 09 24 21 19 47.455 -33.814 56.295 10 3.3123 37.0595 0.393 330.01 41.1488 302.063 465.608 465.79 0.182 8.217 0.1 553917 23012
2019 09 29 02 02 51.935 5.692 126.549 73 3.3123 37.0595 0.393 273.224 89.1688 300.964 767.039 767.49 0.451 4.678 0.1 553918 23012
2019 10 16 11 37 05.805 6.713 125.001 12.76 3.3123 37.0595 0.393 273.032 87.5766 301.113 767.308 767.79 0.482 4.816 0.1 553919 23012
2019 10 23 16 08 14.497 -1.098 -13.836 10 3.3123 37.0595 0.393 84.8834 51.0612 302.213 543.716 542.44 -1.276 7.518 0.1 553920 23012
2019 10 29 01 04 43.863 6.758 124.995 14.95 3.3123 37.0595 0.393 273.029 87.5683 303.718 769.855 767.38 -2.475 4.817 0.1 553929 23012
2019 10 31 01 11 19.122 6.907 125.183 10 3.3123 37.0595 0.393 273.045 87.7469 299.345 768.223 769.06 0.837 4.805 0.1 553930 23012
2019 11 02 18 08 41.79 -55.665 -26.233 8 3.3123 37.0595 0.393 65.7238 78.0566 302.42 721.341 719.70 -1.641 5.545 0.1 553931 23012
2019 11 14 16 17 40.582 1.619 126.414 33 3.3123 37.0595 0.393 273.271 89.2635 301.772 773.19 772.68 -0.51 4.680 0.1 553921 23012
2019 11 14 21 12 54.750 1.567 126.413 23 3.3123 37.0595 0.393 273.272 89.2654 302.715 775.965 774.17 -1.795 4.682 0.1 553922 23012
2019 11 20 23 50 43.955 19.453 101.355 10 3.3123 37.0595 0.393 264.338 64.6847 301.794 638.839 638.10 -0.739 6.528 0.1 554016 23012
2019 11 26 02 54 12.620 41.514 19.521 20 3.3123 37.0595 0.393 152.803 41.1661 302.036 463.416 464.17 0.754 8.214 0.1 553932 23012
2019 11 27 07 23 42.552 35.727 23.267 71.76 3.3123 37.0595 0.393 155.278 34.6881 301.964 403.412 403.99 0.578 8.611 0.1 553933 23012
2019 12 15 06 11 51.155 6.696 125.173 18 3.3123 37.0595 0.393 273.052 87.7481 300.774 767.619 767.74 0.121 4.803 0.1 553923 23012
2019 12 20 11 39 52.899 36.545 70.448 212 3.3123 37.0595 0.393 230.806 45.1456 301.61 475.711 476.20 0.489 7.848 0.1 553924 23012
