2012 04 11 08 38 37.800 2.237 93.014 26.3 -2.0783 29.3511 1.555 266.602 63.7918 301.518 629.718 629.72 0.002 6.588 0.1 521291 23013
2012 04 11 10 43 10.530 0.767 92.428 21.6 -2.0783 29.3511 1.555 267.299 63.1291 301.268 625.738 625.99 0.252 6.635 0.1 521308 23013
2012 04 14 10 56 18.310 -57.575 -65.372 8.4 -2.0783 29.3511 1.555 95.0911 90.8013 300.166 782.856 783.58 0.724 4.640 0.1 521454 23013
2012 04 15 05 57 40.120 2.581 90.335 25 -2.0783 29.3511 1.555 266.225 61.1418 301.646 613.526 612.20 -1.326 6.779 0.1 521481 23013
2012 07 25 00 27 45.820 2.625 96.11 28.6 -1.9371 29.4576 2.515 266.784 66.7872 305.07 652.25 648.80 -3.45 6.369 0.1 523007 23014
2012 03 25 22 37 06.560 -35.203 -72.126 28.2 -1.9027 29.3468 1.963 98.1971 98.272 299.526 812.971 814.59 1.619 4.488 0.1 553198 23015
2012 04 11 08 38 37.800 2.237 93.014 26.3 -1.9027 29.3468 1.963 266.796 63.7856 301.559 629.764 629.68 -0.084 6.588 0.1 521291 23015
2012 04 11 10 43 10.530 0.767 92.428 21.6 -1.9027 29.3468 1.963 267.495 63.1278 302.311 626.786 625.99 -0.796 6.635 0.1 521308 23015
2012 04 14 10 56 18.310 -57.575 -65.372 8.4 -1.9027 29.3468 1.963 94.9938 90.9462 300.113 783.808 784.25 0.442 4.639 0.1 521454 23015
2012 04 15 05 57 40.120 2.581 90.335 25 -1.9027 29.3468 1.963 266.424 61.1338 299.808 611.693 612.14 0.447 6.779 0.1 521481 23015
2012 04 17 03 50 15.280 -32.637 -71.564 29.7 -1.9027 29.3468 1.963 97.5095 98.1587 302.558 815.283 813.87 -1.413 4.491 0.1 521513 23015
2012 04 17 19 03 57.120 -59.187 -16.807 13.6 -1.9027 29.3468 1.963 51.343 67.3761 299.493 653.378 655.39 2.012 6.325 0.1 553177 23015
2012 05 14 10 00 39.800 -17.796 -69.792 108.7 -1.9027 29.3468 1.963 94.6144 98.1185 301.737 804.942 804.33 -0.612 4.484 0.1 521959 23015
2012 05 20 02 03 53.990 44.873 11.222 17.7 -1.9027 29.3468 1.963 155.785 49.2924 299.029 525.044 529.23 4.186 7.632 0.1 522040 23015
2012 05 24 22 47 46.470 73.027 5.505 8.2 -1.9027 29.3468 1.963 155.428 76.2915 301.226 709.761 709.87 0.109 5.673 0.1 553179 23015
2012 05 28 05 07 23.520 -28.021 -63.113 591.1 -1.9027 29.3468 1.963 92.821 91.2898 302.311 724.796 723.24 -1.556 4.604 0.1 553199 23015
2012 06 02 07 52 54.600 -22.101 -63.657 539.4 -1.9027 29.3468 1.963 92.8781 92.0765 300.967 731.372 731.54 0.168 4.594 0.1 553200 23015
2012 06 07 04 05 04.70 -36.051 -70.854 5.8 -1.9027 29.3468 1.963 97.5535 97.1295 303.937 815.872 813.05 -2.822 4.522 0.1 553201 23015
2012 06 10 12 44 16.360 36.384 28.967 32 -1.9027 29.3468 1.963 179.385 38.092 302.482 437.127 437.39 0.263 8.414 0.1 522378 23015
2012 06 16 22 18 49.330 15.542 119.603 44.9 -1.9027 29.3468 1.963 268.246 90.75 300.766 778.441 778.17 -0.271 4.639 0.1 522454 23015
2012 06 23 04 34 53.600 3.002 97.911 101.9 -1.9027 29.3468 1.963 266.805 68.7124 302.07 653.475 652.60 -0.875 6.208 0.1 553181 23015
2012 06 29 21 07 32.950 43.433 84.612 17.1 -1.9027 29.3468 1.963 243.241 66.9052 301.618 651.673 651.85 0.177 6.356 0.1 522641 23015
2012 07 25 00 27 45.820 2.625 96.11 28.6 -1.9027 29.3468 1.963 266.829 66.8955 304.536 652.721 649.49 -3.231 6.361 0.1 523007 23015
2012 07 26 05 33 33.860 -17.55 66.29 16.2 -1.9027 29.3468 1.963 289.094 39.4695 303.643 451.788 449.74 -2.048 8.338 0.1 523026 23015
2012 08 11 12 23 17.670 38.402 46.838 8.7 -1.9027 29.3468 1.963 206.011 43.2342 301.704 482.039 483.02 0.981 8.071 0.1 523253 23015
2012 08 11 12 34 36.600 38.379 46.795 18.9 -1.9027 29.3468 1.963 205.963 43.1988 301.615 480.01 481.14 1.13 8.070 0.1 523255 23015
2012 08 12 10 47 07.390 35.652 82.541 14 -1.9027 29.3468 1.963 244.932 62.0617 298.713 618.328 620.64 2.312 6.706 0.1 523270 23015
2012 08 30 13 43 25.300 71.446 -11.034 11.1 -1.9027 29.3468 1.963 138.498 77.7324 300.948 716.653 717.43 0.777 5.569 0.1 553178 23015
2012 08 31 12 47 35.540 10.81 126.826 44.4 -1.9027 29.3468 1.963 269.528 97.6986 300.593 809.058 810.06 1.002 4.502 0.1 523494 23015
2012 09 03 18 23 08.350 -10.677 113.964 34.8 -1.9027 29.3468 1.963 269.127 84.3629 300.78 748.435 748.52 0.085 5.070 0.1 523642 23015
2012 09 14 04 51 48.60 -3.3 100.67 23.3 -1.9027 29.3468 1.963 269.115 71.2513 300.547 677.492 677.26 -0.232 6.049 0.1 523871 23015
2012 11 11 01 12 39.150 22.89 95.848 14.2 -1.9027 29.3468 1.963 258.616 69.222 300.438 666.293 666.46 0.167 6.196 0.1 524746 23015
2012 11 14 19 02 05.690 -29.178 -71.386 61.5 -1.9027 29.3468 1.963 96.9165 98.4399 302.202 812.517 811.25 -1.267 4.479 0.1 553205 23015
2013 01 21 22 22 54.780 4.962 95.921 24.6 -1.9027 29.3468 1.963 265.822 66.8561 302.836 651.056 649.82 -1.236 6.365 0.1 525877 23015
2013 01 28 16 38 53.840 42.582 79.721 14.3 -1.9027 29.3468 1.963 239.464 63.3495 300.782 627.942 629.31 1.368 6.615 0.1 525963 23015
2013 01 30 20 15 43.390 -28.109 -70.888 46.1 -1.9027 29.3468 1.963 96.5175 98.1297 302.029 812.639 811.68 -0.959 4.490 0.1 553207 23015
2013 02 22 12 01 58.670 -27.905 -63.134 585.6 -1.9027 29.3468 1.963 92.8282 91.3141 302.371 724.701 723.84 -0.861 4.604 0.1 526749 23015
2013 03 19 03 29 02.700 -58.981 -24.569 52 -1.9027 29.3468 1.963 58.9392 70.5456 301.003 669.303 669.87 0.567 6.086 0.1 527097 23015
2012 03 25 22 37 06.560 -35.203 -72.126 28.2 -1.4568 29.5261 2.517 97.9398 98.6764 308.281 823.726 816.41 -7.316 4.475 0.1 553198 23016
2012 04 11 08 38 37.800 2.237 93.014 26.3 -1.4568 29.5261 2.517 267.278 63.5812 302.205 629.41 628.32 -1.09 6.603 0.1 521291 23016
2012 04 11 09 27 57.30 1.218 91.714 10 -1.4568 29.5261 2.517 267.727 62.2388 301.837 622.812 621.90 -0.912 6.700 0.1 521296 23016
2012 04 11 10 43 10.530 0.767 92.428 21.6 -1.4568 29.5261 2.517 267.985 62.9354 302.912 626.387 624.71 -1.677 6.647 0.1 521308 23016
2012 04 14 10 56 18.310 -57.575 -65.372 8.4 -1.4568 29.5261 2.517 94.9071 91.4161 301.984 787.679 786.45 -1.229 4.635 0.1 521454 23016
2012 04 15 05 57 40.120 2.581 90.335 25 -1.4568 29.5261 2.517 266.915 60.9252 302.073 611.958 610.73 -1.228 6.795 0.1 521481 23016
2012 04 17 19 03 57.120 -59.187 -16.807 13.6 -1.4568 29.5261 2.517 51.3279 67.8537 303.782 660.667 658.42 -2.247 6.290 0.1 553177 23016
2012 05 24 22 47 46.470 73.027 5.505 8.2 -1.4568 29.5261 2.517 155.189 75.8739 302.533 708.068 707.47 -0.598 5.700 0.1 553179 23016
2012 05 28 05 07 23.520 -28.021 -63.113 591.1 -1.4568 29.5261 2.517 92.5135 91.6556 303.783 727.268 724.93 -2.338 4.597 0.1 553199 23016
2012 06 02 07 52 54.600 -22.101 -63.657 539.4 -1.4568 29.5261 2.517 92.5346 92.409 301.313 733.718 733.08 -0.638 4.587 0.1 553200 23016
2012 06 10 12 44 16.360 36.384 28.967 32 -1.4568 29.5261 2.517 179.085 37.651 302.878 433.523 433.65 0.127 8.441 0.1 522378 23016
2012 06 16 22 18 49.330 15.542 119.603 44.9 -1.4568 29.5261 2.517 268.626 90.4594 302.461 778.136 776.82 -1.316 4.641 0.1 522454 23016
2012 06 23 04 34 53.600 3.002 97.911 101.9 -1.4568 29.5261 2.517 267.266 68.5038 301.991 652.396 651.31 -1.086 6.222 0.1 553181 23016
2012 06 29 21 07 32.950 43.433 84.612 17.1 -1.4568 29.5261 2.517 243.407 66.4524 302.519 649.574 648.94 -0.634 6.390 0.1 522641 23016
2012 07 25 00 27 45.820 2.625 96.11 28.6 -1.4568 29.5261 2.517 267.298 66.6892 305.253 652.433 648.17 -4.263 6.376 0.1 523007 23016
2012 07 26 05 33 33.860 -17.55 66.29 16.2 -1.4568 29.5261 2.517 289.843 39.5014 303.678 451.818 450.02 -1.798 8.336 0.1 523026 23016
2012 08 11 12 23 17.670 38.402 46.838 8.7 -1.4568 29.5261 2.517 205.988 42.7567 302.778 479.108 479.14 0.032 8.105 0.1 523253 23016
2012 08 11 12 34 36.600 38.379 46.795 18.9 -1.4568 29.5261 2.517 205.94 42.7213 302.202 476.602 477.26 0.658 8.105 0.1 523255 23016
2012 08 12 10 47 07.390 35.652 82.541 14 -1.4568 29.5261 2.517 245.166 61.6308 299.761 616.371 617.73 1.359 6.739 0.1 523270 23016
2012 08 18 09 41 55.160 -1.351 120.127 27.9 -1.4568 29.5261 2.517 268.539 90.5667 300.716 779.556 779.50 -0.056 4.641 0.1 523332 23016
2012 08 26 15 05 37.160 2.198 126.869 90.9 -1.4568 29.5261 2.517 268.823 97.3908 302.659 804.499 803.21 -1.289 4.507 0.1 523406 23016
2012 08 30 13 43 25.300 71.446 -11.034 11.1 -1.4568 29.5261 2.517 138.222 77.3377 300.836 714.536 715.20 0.664 5.599 0.1 553178 23016
2012 08 31 12 47 35.540 10.81 126.826 44.4 -1.4568 29.5261 2.517 269.934 97.4409 301.563 809.023 808.90 -0.123 4.509 0.1 523494 23016
2012 09 03 18 23 08.350 -10.677 113.964 34.8 -1.4568 29.5261 2.517 269.598 84.2674 301.536 749.186 748.04 -1.146 5.076 0.1 523642 23016
2012 09 14 04 51 48.60 -3.3 100.67 23.3 -1.4568 29.5261 2.517 269.592 71.0947 302.12 678.065 676.31 -1.755 6.059 0.1 523871 23016
2012 11 02 18 17 34.680 9.235 126.281 55.5 -1.4568 29.5261 2.517 269.643 96.8983 301.744 805.069 805.14 0.071 4.523 0.1 524608 23016
2012 11 11 01 12 39.150 22.89 95.848 14.2 -1.4568 29.5261 2.517 258.964 68.8714 303.535 667.39 664.27 -3.12 6.221 0.1 524746 23016
2012 11 14 19 02 05.690 -29.178 -71.386 61.5 -1.4568 29.5261 2.517 96.6171 98.8149 304.019 815.334 812.94 -2.394 4.468 0.1 553205 23016
2012 12 17 09 16 31.250 -0.693 123.883 46.4 -1.4568 29.5261 2.517 268.496 94.3378 304.757 798.512 794.53 -3.982 4.587 0.1 525356 23016
2013 01 21 22 22 54.780 4.962 95.921 24.6 -1.4568 29.5261 2.517 266.28 66.6309 302.777 649.997 648.38 -1.617 6.381 0.1 525877 23016
2013 01 28 16 38 53.840 42.582 79.721 14.3 -1.4568 29.5261 2.517 239.626 62.8939 301.258 625.418 626.27 0.852 6.645 0.1 525963 23016
2013 01 30 20 15 43.390 -28.109 -70.888 46.1 -1.4568 29.5261 2.517 96.211 98.4989 302.504 815.114 813.34 -1.774 4.479 0.1 553207 23016
2013 02 22 12 01 58.670 -27.905 -63.134 585.6 -1.4568 29.5261 2.517 92.52 91.6793 303.109 727.439 725.53 -1.909 4.597 0.1 526749 23016
2013 03 19 03 29 02.700 -58.981 -24.569 52 -1.4568 29.5261 2.517 58.9011 71.022 301.884 673.184 672.78 -0.404 6.051 0.1 527097 23016
2012 03 25 22 37 06.560 -35.203 -72.126 28.2 -1.6738 29.2637 1.582 97.9616 98.3376 304.549 817.994 814.89 -3.104 4.486 0.1 553198 23017
2012 04 11 08 38 37.800 2.237 93.014 26.3 -1.6738 29.2637 1.582 267.054 63.8552 303.294 632.499 630.13 -2.369 6.583 0.1 521291 23017
2012 04 11 09 27 57.30 1.218 91.714 10 -1.6738 29.2637 1.582 267.495 62.5091 298.959 621.934 623.71 1.776 6.680 0.1 521296 23017
2012 04 11 10 43 10.530 0.767 92.428 21.6 -1.6738 29.2637 1.582 267.752 63.2038 301.525 627 626.49 -0.51 6.630 0.1 521308 23017
2012 04 14 10 56 18.310 -57.575 -65.372 8.4 -1.6738 29.2637 1.582 94.8016 91.0934 302.045 785.74 784.94 -0.8 4.638 0.1 521454 23017
2012 04 15 05 57 40.120 2.581 90.335 25 -1.6738 29.2637 1.582 266.689 61.2012 301.769 613.654 612.60 -1.054 6.774 0.1 521481 23017
2012 04 17 19 03 57.120 -59.187 -16.807 13.6 -1.6738 29.2637 1.582 51.1618 67.551 299.61 654.495 656.51 2.015 6.312 0.1 553177 23017
2012 05 24 22 47 46.470 73.027 5.505 8.2 -1.6738 29.2637 1.582 155.484 76.0556 302.396 708.931 708.52 -0.411 5.687 0.1 553179 23017
2012 05 28 05 07 23.520 -28.021 -63.113 591.1 -1.6738 29.2637 1.582 92.5812 91.3229 302.484 724.969 723.39 -1.579 4.604 0.1 553199 23017
2012 06 02 07 52 54.600 -22.101 -63.657 539.4 -1.6738 29.2637 1.582 92.636 92.085 300.965 731.37 731.59 0.22 4.594 0.1 553200 23017
2012 06 10 12 44 16.360 36.384 28.967 32 -1.6738 29.2637 1.582 179.517 37.864 301.547 434.192 435.46 1.268 8.428 0.1 522378 23017
2012 06 16 22 18 49.330 15.542 119.603 44.9 -1.6738 29.2637 1.582 268.488 90.7696 300.734 778.409 778.26 -0.149 4.639 0.1 522454 23017
2012 06 23 04 34 53.600 3.002 97.911 101.9 -1.6738 29.2637 1.582 267.054 68.7798 301.022 653.427 653.02 -0.407 6.203 0.1 553181 23017
2012 06 29 21 07 32.950 43.433 84.612 17.1 -1.6738 29.2637 1.582 243.471 66.7868 301.54 650.595 651.08 0.485 6.365 0.1 522641 23017
2012 07 25 00 27 45.820 2.625 96.11 28.6 -1.6738 29.2637 1.582 267.081 66.9642 305.596 653.776 649.92 -3.856 6.356 0.1 523007 23017
2012 07 26 05 33 33.860 -17.55 66.29 16.2 -1.6738 29.2637 1.582 289.359 39.6429 301.933 451.073 451.19 0.117 8.326 0.1 523026 23017
2012 08 11 12 23 17.670 38.402 46.838 8.7 -1.6738 29.2637 1.582 206.24 43.0497 302.058 480.388 481.52 1.132 8.084 0.1 523253 23017
2012 08 11 12 34 36.600 38.379 46.795 18.9 -1.6738 29.2637 1.582 206.192 43.0141 301.214 478.614 479.64 1.026 8.084 0.1 523255 23017
2012 08 12 10 47 07.390 35.652 82.541 14 -1.6738 29.2637 1.582 245.185 61.9699 300.973 619.583 620.01 0.427 6.713 0.1 523270 23017
2012 08 30 13 43 25.300 71.446 -11.034 11.1 -1.6738 29.2637 1.582 138.532 77.4925 299.469 714.169 716.08 1.911 5.587 0.1 553178 23017
2012 08 31 12 47 35.540 10.81 126.826 44.4 -1.6738 29.2637 1.582 269.769 97.7384 300.064 809.524 810.24 0.716 4.501 0.1 523494 23017
2012 09 03 18 23 08.350 -10.677 113.964 34.8 -1.6738 29.2637 1.582 269.337 84.486 301.137 749.787 749.15 -0.637 5.060 0.1 523642 23017
2012 09 14 04 51 48.60 -3.3 100.67 23.3 -1.6738 29.2637 1.582 269.35 71.3456 301.528 678.468 677.83 -0.638 6.043 0.1 523871 23017
2012 11 02 18 17 34.680 9.235 126.281 55.5 -1.6738 29.2637 1.582 269.47 97.1912 301.531 806.851 806.47 -0.381 4.515 0.1 524608 23017
2013 01 21 22 22 54.780 4.962 95.921 24.6 -1.6738 29.2637 1.582 266.077 66.9144 302.47 651.69 650.19 -1.5 6.360 0.1 525877 23017
2013 01 28 16 38 53.840 42.582 79.721 14.3 -1.6738 29.2637 1.582 239.698 63.2272 301.044 627.204 628.49 1.286 6.623 0.1 525963 23017
2013 01 30 20 15 43.390 -28.109 -70.888 46.1 -1.6738 29.2637 1.582 96.2757 98.1655 301.647 812.257 811.85 -0.407 4.489 0.1 553207 23017
2013 02 22 12 01 58.670 -27.905 -63.134 585.6 -1.6738 29.2637 1.582 92.5883 91.3467 302.406 724.736 724.00 -0.736 4.604 0.1 526749 23017
2013 03 19 03 29 02.700 -58.981 -24.569 52 -1.6738 29.2637 1.582 58.7534 70.7125 301.21 670.51 670.90 0.39 6.073 0.1 527097 23017
2012 03 25 22 37 06.560 -35.203 -72.126 28.2 -1.678 29.4106 2.789 98.0518 98.4543 307.446 821.886 815.41 -6.476 4.482 0.1 553198 23018
2012 04 11 08 38 37.800 2.237 93.014 26.3 -1.678 29.4106 2.789 267.04 63.7089 303.848 632.053 629.17 -2.883 6.594 0.1 521291 23018
2012 04 11 10 43 10.530 0.767 92.428 21.6 -1.678 29.4106 2.789 267.743 63.0572 301.839 626.314 625.52 -0.794 6.640 0.1 521308 23018
2012 04 14 10 56 18.310 -57.575 -65.372 8.4 -1.678 29.4106 2.789 94.9277 91.1687 301.441 786.136 785.29 -0.846 4.637 0.1 521454 23018
2012 04 17 19 03 57.120 -59.187 -16.807 13.6 -1.678 29.4106 2.789 51.3091 67.6061 299.235 655.115 656.85 1.735 6.308 0.1 553177 23018
2012 07 25 00 27 45.820 2.625 96.11 28.6 -1.678 29.4106 2.789 267.067 66.8179 304.5 652.685 648.99 -3.695 6.367 0.1 523007 23018
2012 11 02 18 17 34.680 9.235 126.281 55.5 -1.678 29.4106 2.789 269.443 97.0469 301.034 805.359 805.82 0.461 4.519 0.1 524608 23018
2012 11 11 01 12 39.150 22.89 95.848 14.2 -1.678 29.4106 2.789 258.803 69.0693 305.988 670.843 665.51 -5.333 6.207 0.1 524746 23018
2012 11 14 19 02 05.690 -29.178 -71.386 61.5 -1.678 29.4106 2.789 96.7524 98.6059 301.511 811.826 812.00 0.174 4.474 0.1 553205 23018
2012 03 25 22 37 06.560 -35.203 -72.126 28.2 -1.5579 29.3645 2.234 97.9267 98.4866 304.765 819.21 815.56 -3.65 4.481 0.1 553198 23019
2012 04 11 08 38 37.800 2.237 93.014 26.3 -1.5579 29.3645 2.234 267.176 63.7481 304.438 632.643 629.43 -3.213 6.591 0.1 521291 23019
2012 04 11 09 27 57.30 1.218 91.714 10 -1.5579 29.3645 2.234 267.621 62.404 300.665 622.64 623.01 0.37 6.688 0.1 521296 23019
2012 04 11 10 43 10.530 0.767 92.428 21.6 -1.5579 29.3645 2.234 267.878 63.0998 303.001 627.476 625.80 -1.676 6.637 0.1 521308 23019
2012 04 14 10 56 18.310 -57.575 -65.372 8.4 -1.5579 29.3645 2.234 94.8248 91.2446 301.737 786.432 785.65 -0.782 4.636 0.1 521454 23019
2012 04 15 05 57 40.120 2.581 90.335 25 -1.5579 29.3645 2.234 266.812 61.093 303.371 614.256 611.86 -2.396 6.782 0.1 521481 23019
2012 04 17 19 03 57.120 -59.187 -16.807 13.6 -1.5579 29.3645 2.234 51.2116 67.6969 300.312 656.197 657.43 1.233 6.301 0.1 553177 23019
2012 05 28 05 07 23.520 -28.021 -63.113 591.1 -1.5579 29.3645 2.234 92.5266 91.4659 302.772 726.252 724.06 -2.192 4.601 0.1 553199 23019
2012 06 10 12 44 16.360 36.384 28.967 32 -1.5579 29.3645 2.234 179.351 37.7497 302.415 434.055 434.49 0.435 8.434 0.1 522378 23019
2012 06 16 22 18 49.330 15.542 119.603 44.9 -1.5579 29.3645 2.234 268.572 90.6418 303.362 780.032 777.67 -2.362 4.640 0.1 522454 23019
2012 06 23 04 34 53.600 3.002 97.911 101.9 -1.5579 29.3645 2.234 267.17 68.6716 302.586 653.986 652.35 -1.636 6.210 0.1 553181 23019
2012 06 29 21 07 32.950 43.433 84.612 17.1 -1.5579 29.3645 2.234 243.47 66.6339 303.057 651.107 650.10 -1.007 6.376 0.1 522641 23019
2012 07 25 00 27 45.820 2.625 96.11 28.6 -1.5579 29.3645 2.234 267.199 66.8565 305.235 653.415 649.24 -4.175 6.364 0.1 523007 23019
2012 08 11 12 23 17.670 38.402 46.838 8.7 -1.5579 29.3645 2.234 206.16 42.9067 301.872 479.202 480.36 1.158 8.094 0.1 523253 23019
2012 08 11 12 34 36.600 38.379 46.795 18.9 -1.5579 29.3645 2.234 206.112 42.8712 302.03 477.43 478.48 1.05 8.094 0.1 523255 23019
2012 08 12 10 47 07.390 35.652 82.541 14 -1.5579 29.3645 2.234 245.205 61.8179 301.329 618.939 618.99 0.051 6.725 0.1 523270 23019
2012 08 18 09 41 55.160 -1.351 120.127 27.9 -1.5579 29.3645 2.234 268.435 90.7258 301.763 781.603 780.24 -1.363 4.640 0.1 523332 23019
2012 08 30 13 43 25.300 71.446 -11.034 11.1 -1.5579 29.3645 2.234 138.406 77.4014 300.834 715.534 715.57 0.036 5.594 0.1 553178 23019
2012 08 31 12 47 35.540 10.81 126.826 44.4 -1.5579 29.3645 2.234 269.865 97.6182 301.411 809.871 809.70 -0.171 4.504 0.1 523494 23019
2012 09 03 18 23 08.350 -10.677 113.964 34.8 -1.5579 29.3645 2.234 269.469 84.4079 301.096 748.746 748.76 0.014 5.066 0.1 523642 23019
2012 09 14 04 51 48.60 -3.3 100.67 23.3 -1.5579 29.3645 2.234 269.477 71.2509 302.613 679.553 677.26 -2.293 6.049 0.1 523871 23019
2012 03 25 22 37 06.560 -35.203 -72.126 28.2 -1.5926 29.4503 2.554 98.0057 98.536 308.796 823.236 815.78 -7.456 4.480 0.1 553198 23020
2012 04 11 08 38 37.800 2.237 93.014 26.3 -1.5926 29.4503 2.554 267.132 63.6644 304.253 631.453 628.87 -2.583 6.597 0.1 521291 23020
2012 04 11 09 27 57.30 1.218 91.714 10 -1.5926 29.4503 2.554 267.578 62.3196 300.873 622.843 622.44 -0.403 6.694 0.1 521296 23020
2012 04 11 10 43 10.530 0.767 92.428 21.6 -1.5926 29.4503 2.554 267.836 63.015 301.231 625.701 625.24 -0.461 6.642 0.1 521308 23020
2012 04 14 10 56 18.310 -57.575 -65.372 8.4 -1.5926 29.4503 2.554 94.9156 91.2616 302.655 787.345 785.73 -1.615 4.636 0.1 521454 23020
2012 04 15 05 57 40.120 2.581 90.335 25 -1.5926 29.4503 2.554 266.767 61.0097 301.873 612.753 611.30 -1.453 6.789 0.1 521481 23020
2012 04 17 19 03 57.120 -59.187 -16.807 13.6 -1.5926 29.4503 2.554 51.3115 67.6998 299.642 655.522 657.45 1.928 6.301 0.1 553177 23020
2012 05 24 22 47 46.470 73.027 5.505 8.2 -1.5926 29.4503 2.554 155.283 75.9984 301.812 708.342 708.19 -0.152 5.691 0.1 553179 23020
2012 05 28 05 07 23.520 -28.021 -63.113 591.1 -1.5926 29.4503 2.554 92.5973 91.5255 303.031 726.511 724.33 -2.181 4.600 0.1 553199 23020
2012 06 02 07 52 54.600 -22.101 -63.657 539.4 -1.5926 29.4503 2.554 92.6313 92.2881 302.781 734.181 732.52 -1.661 4.590 0.1 553200 23020
2012 06 10 12 44 16.360 36.384 28.967 32 -1.5926 29.4503 2.554 179.211 37.785 302.202 434.842 434.79 -0.052 8.432 0.1 522378 23020
2012 06 16 22 18 49.330 15.542 119.603 44.9 -1.5926 29.4503 2.554 268.516 90.5683 302.224 778.894 777.33 -1.564 4.640 0.1 522454 23020
2012 06 23 04 34 53.600 3.002 97.911 101.9 -1.5926 29.4503 2.554 267.127 68.5883 303.051 653.451 651.83 -1.621 6.216 0.1 553181 23020
2012 06 29 21 07 32.950 43.433 84.612 17.1 -1.5926 29.4503 2.554 243.374 66.6041 301.876 649.926 649.92 -0.006 6.379 0.1 522641 23020
2012 07 25 00 27 45.820 2.625 96.11 28.6 -1.5926 29.4503 2.554 267.156 66.773 306.108 653.288 648.71 -4.578 6.370 0.1 523007 23020
2012 07 26 05 33 33.860 -17.55 66.29 16.2 -1.5926 29.4503 2.554 289.601 39.5102 303.423 451.563 450.09 -1.473 8.335 0.1 523026 23020
2012 08 11 12 23 17.670 38.402 46.838 8.7 -1.5926 29.4503 2.554 206.024 42.9094 302.393 479.723 480.38 0.657 8.094 0.1 523253 23020
2012 08 11 12 34 36.600 38.379 46.795 18.9 -1.5926 29.4503 2.554 205.976 42.874 302.203 477.603 478.50 0.897 8.094 0.1 523255 23020
2012 08 12 10 47 07.390 35.652 82.541 14 -1.5926 29.4503 2.554 245.111 61.7777 301.27 618.88 618.72 -0.16 6.728 0.1 523270 23020
2012 08 18 09 41 55.160 -1.351 120.127 27.9 -1.5926 29.4503 2.554 268.403 90.6392 302.393 781.233 779.84 -1.393 4.640 0.1 523332 23020
2012 08 26 15 05 37.160 2.198 126.869 90.9 -1.5926 29.4503 2.554 268.69 97.4712 301.563 804.403 803.57 -0.833 4.504 0.1 523406 23020
2012 08 30 13 43 25.300 71.446 -11.034 11.1 -1.5926 29.4503 2.554 138.328 77.4534 300.527 715.227 715.86 0.633 5.590 0.1 553178 23020
2012 08 31 12 47 35.540 10.81 126.826 44.4 -1.5926 29.4503 2.554 269.814 97.5403 300.413 808.873 809.35 0.477 4.507 0.1 523494 23020
2012 09 03 18 23 08.350 -10.677 113.964 34.8 -1.5926 29.4503 2.554 269.451 84.3173 301.366 749.016 748.30 -0.716 5.073 0.1 523642 23020
2012 09 14 04 51 48.60 -3.3 100.67 23.3 -1.5926 29.4503 2.554 269.445 71.1635 303.078 679.018 676.73 -2.288 6.055 0.1 523871 23020
2012 11 02 18 17 34.680 9.235 126.281 55.5 -1.5926 29.4503 2.554 269.521 96.9943 302.192 806.512 805.58 -0.932 4.521 0.1 524608 23020
2012 11 11 01 12 39.150 22.89 95.848 14.2 -1.5926 29.4503 2.554 258.868 68.9973 306.706 670.556 665.06 -5.496 6.212 0.1 524746 23020
2012 12 17 09 16 31.250 -0.693 123.883 46.4 -1.5926 29.4503 2.554 268.36 94.4116 304.923 798.673 794.87 -3.803 4.585 0.1 525356 23020
2013 01 21 22 22 54.780 4.962 95.921 24.6 -1.5926 29.4503 2.554 266.143 66.7204 302.24 649.46 648.95 -0.51 6.375 0.1 525877 23020
2013 01 28 16 38 53.840 42.582 79.721 14.3 -1.5926 29.4503 2.554 239.595 63.0461 301.869 627.029 627.29 0.261 6.635 0.1 525963 23020
2013 02 22 12 01 58.670 -27.905 -63.134 585.6 -1.5926 29.4503 2.554 92.604 91.5493 301.072 724.402 724.93 0.528 4.600 0.1 526749 23020
