2010 01 17 12 00 01.570 -57.692 -66.037 10 -9.9546 33.8955 0.534 103.646 86.9263 300.553 764.988 764.65 -0.338 4.876 0.1 553939 23024
2010 03 05 16 07 00.00 -3.838 100.915 24.2 -9.9546 33.8955 0.534 260.868 66.7225 305.964 654.964 648.98 -5.984 6.375 0.1 508158 23025
2010 03 08 02 32 35.40 38.788 40.044 12.2 -9.9546 33.8955 0.534 188.058 48.8275 302.228 526.188 527.03 0.842 7.660 0.1 508208 23025
2010 03 25 05 29 26.330 13.829 120.013 24.6 -9.9546 33.8955 0.534 259.471 88.6246 302.688 772.358 771.08 -1.278 4.730 0.1 550442 23025
2010 03 30 16 54 47.370 13.612 92.874 38.5 -9.9546 33.8955 0.534 251.303 63.0341 299.75 622.38 623.42 1.04 6.633 0.1 552744 23025
2010 04 06 22 15 02.130 2.36 97.111 33.4 -9.9546 33.8955 0.534 257.824 64.1164 301.402 631.272 630.91 -0.362 6.562 0.1 508706 23025
2010 01 17 12 00 01.570 -57.692 -66.037 10 -10.0206 33.9268 0.499 103.707 86.887 301.917 765.347 764.46 -0.887 4.879 0.1 553939 23026
2010 05 05 16 29 03.110 -4.139 101.105 26.3 -10.0206 33.9268 0.499 260.923 66.8314 302.95 651.84 649.37 -2.47 6.367 0.1 509087 23026
2010 01 17 12 00 01.570 -57.692 -66.037 10 -9.9593 33.8147 0.537 103.58 86.8801 302.616 766.051 764.43 -1.621 4.879 0.1 553939 23027
2010 03 08 02 32 35.40 38.788 40.044 12.2 -9.9593 33.8147 0.537 188.162 48.841 301.22 526.18 527.13 0.95 7.659 0.1 508208 23027
2010 03 25 05 29 26.330 13.829 120.013 24.6 -9.9593 33.8147 0.537 259.486 88.7029 301.803 772.478 771.45 -1.028 4.723 0.1 550442 23027
2010 03 30 16 54 47.370 13.612 92.874 38.5 -9.9593 33.8147 0.537 251.33 63.1101 300.96 623.595 623.93 0.335 6.628 0.1 552744 23027
2010 04 06 22 15 02.130 2.36 97.111 33.4 -9.9593 33.8147 0.537 257.83 64.196 302.441 633.316 631.43 -1.886 6.556 0.1 508706 23027
2010 04 11 22 08 11.320 37.007 -3.476 619.6 -9.9593 33.8147 0.537 135.496 58.372 302.589 539.269 538.84 -0.429 6.681 0.1 553188 23027
2010 04 13 23 49 37.10 33.192 96.746 13.8 -9.9593 33.8147 0.537 246.121 73.6038 301.839 693.829 693.45 -0.379 5.870 0.1 508820 23027
2010 04 14 01 25 16.450 33.149 96.489 12.2 -9.9593 33.8147 0.537 245.967 73.3894 300.696 691.246 692.45 1.204 5.886 0.1 508826 23027
2010 03 05 16 07 00.00 -3.838 100.915 24.2 -10.0296 32.8299 0.594 260.787 67.7722 299.604 654.604 655.63 1.026 6.300 0.1 508158 23028
2010 03 08 02 32 35.40 38.788 40.044 12.2 -10.0296 32.8299 0.594 189.428 49.028 300.668 526.628 528.56 1.932 7.647 0.1 508208 23028
2010 03 25 05 29 26.330 13.829 120.013 24.6 -10.0296 32.8299 0.594 259.655 89.6607 297.742 772.417 775.93 3.513 4.647 0.1 550442 23028
2010 03 30 16 54 47.370 13.612 92.874 38.5 -10.0296 32.8299 0.594 251.638 64.0427 295.903 624.533 630.07 5.537 6.563 0.1 552744 23028
2010 04 06 22 15 02.130 2.36 97.111 33.4 -10.0296 32.8299 0.594 257.892 65.1669 295.141 632.011 637.76 5.749 6.486 0.1 508706 23028
2010 04 11 22 08 11.320 37.007 -3.476 619.6 -10.0296 32.8299 0.594 136.485 57.8819 305.075 538.755 535.58 -3.175 6.715 0.1 553188 23028
2010 04 13 23 49 37.10 33.192 96.746 13.8 -10.0296 32.8299 0.594 246.696 74.4043 297.033 694.023 698.11 4.087 5.811 0.1 508820 23028
2010 04 14 01 25 16.450 33.149 96.489 12.2 -10.0296 32.8299 0.594 246.543 74.1894 300.743 696.293 697.13 0.837 5.828 0.1 508826 23028
2010 01 17 12 00 01.570 -57.692 -66.037 10 -9.7679 33.8732 0.474 103.528 87.072 302.913 767.343 765.37 -1.973 4.864 0.1 553939 23029
2010 02 05 06 59 07.360 -47.934 99.51 16 -9.7679 33.8732 0.474 281.801 66.5351 301.544 650.184 649.00 -1.184 6.392 0.1 507438 23029
2010 03 08 02 32 35.40 38.788 40.044 12.2 -9.7679 33.8732 0.474 188.115 48.6456 301.927 524.887 525.63 0.743 7.674 0.1 508208 23029
2010 03 25 05 29 26.330 13.829 120.013 24.6 -9.7679 33.8732 0.474 259.657 88.6004 303.445 773.115 770.96 -2.155 4.732 0.1 550442 23029
2010 04 06 22 15 02.130 2.36 97.111 33.4 -9.7679 33.8732 0.474 258.031 64.1141 307.182 637.052 630.89 -6.162 6.562 0.1 508706 23029
2010 04 11 22 08 11.320 37.007 -3.476 619.6 -9.7679 33.8732 0.474 135.313 58.2486 301.922 537.602 538.01 0.408 6.690 0.1 553188 23029
2010 04 13 23 49 37.10 33.192 96.746 13.8 -9.7679 33.8732 0.474 246.238 73.4396 303.525 694.515 692.48 -2.035 5.882 0.1 508820 23029
2010 03 05 16 07 00.00 -3.838 100.915 24.2 -10.1757 34.0324 0.52 260.628 66.5882 305.29 653.295 648.12 -5.175 6.385 0.1 508158 23030
2010 03 08 02 32 35.40 38.788 40.044 12.2 -10.1757 34.0324 0.52 187.848 49.031 301.713 527.678 528.60 0.922 7.647 0.1 508208 23030
2010 03 25 05 29 26.330 13.829 120.013 24.6 -10.1757 34.0324 0.52 259.225 88.5478 302.053 771.723 770.72 -1.003 4.736 0.1 550442 23030
2010 04 06 22 15 02.130 2.36 97.111 33.4 -10.1757 34.0324 0.52 257.562 64.0118 302.164 632.039 630.23 -1.809 6.569 0.1 508706 23030
2010 04 11 22 08 11.320 37.007 -3.476 619.6 -10.1757 34.0324 0.52 135.433 58.6709 301.235 539.92 540.84 0.92 6.659 0.1 553188 23030
2010 04 13 23 49 37.10 33.192 96.746 13.8 -10.1757 34.0324 0.52 245.806 73.5723 301.461 693.456 693.27 -0.186 5.872 0.1 508820 23030
2010 04 14 01 25 16.450 33.149 96.489 12.2 -10.1757 34.0324 0.52 245.652 73.3582 301.037 691.592 692.28 0.688 5.889 0.1 508826 23030
