2011 06 20 16 36 00.870 -21.771 -68.383 126.2 29.7026 -9.5269 0.259 50.0293 76.3217 300.039 694.169 695.99 1.821 5.634 0.1 516819 23116
2011 06 24 03 09 38.920 51.98 -171.82 49.8 29.7026 -9.5269 0.259 15.4691 97.1948 301.296 806.376 805.60 -0.776 4.525 0.1 516862 23116
2011 08 24 17 46 11.560 -7.62 -74.538 149.3 29.7026 -9.5269 0.259 55.7412 72.5787 301.032 670.472 671.27 0.798 5.906 0.1 517876 23116
2011 09 02 10 55 54.990 52.101 -171.718 46 29.7026 -9.5269 0.259 15.5529 97.0612 299.812 804.822 805.44 0.618 4.529 0.1 518006 23116
2011 09 02 13 47 10.700 -28.413 -63.136 592.7 29.7026 -9.5269 0.259 45.9045 77.2126 300.917 653.217 655.10 1.883 5.394 0.1 518009 23116
2011 09 09 19 41 33.130 49.388 -127.064 15.4 29.7026 -9.5269 0.259 50.9148 83.6654 300.279 747.149 746.61 -0.539 5.149 0.1 553197 23116
2011 09 18 12 40 49.580 27.803 88.153 29.6 29.7026 -9.5269 0.259 299.642 82.7764 302.707 743.127 740.35 -2.777 5.205 0.1 518230 23116
2011 10 23 10 41 22.10 38.729 43.446 7.6 29.7026 -9.5269 0.259 274.867 44.1954 298.192 487.182 488.76 1.578 8.022 0.1 518671 23116
2011 10 23 20 45 37.20 38.589 43.116 10.1 29.7026 -9.5269 0.259 274.828 43.9497 300.12 486.1 486.40 0.3 8.037 0.1 518698 23116
2011 10 28 18 54 34.750 -14.557 -76.12 29 29.7026 -9.5269 0.259 54.7782 77.7872 301.722 714.972 715.08 0.108 5.559 0.1 518760 23116
2011 11 22 18 48 16.290 -15.308 -65.163 560.3 29.7026 -9.5269 0.259 49.9097 69.846 300.673 614.383 615.68 1.297 5.932 0.1 519114 23116
2011 12 07 22 23 07.780 -27.932 -71.134 13.8 29.7026 -9.5269 0.259 50.5871 82.1641 303.044 742.264 741.47 -0.794 5.226 0.1 519310 23116
2011 12 11 01 47 25.400 17.902 -99.929 65.4 29.7026 -9.5269 0.259 61.5558 81.6739 302.039 732.639 730.59 -2.049 5.271 0.1 519351 23116
2011 12 11 09 54 56.480 -56.049 -28.213 130.6 29.7026 -9.5269 0.259 16.2099 86.8854 300.253 748.773 751.55 2.777 4.814 0.1 550967 23116
2012 01 23 16 04 53.300 -36.455 -73.181 23.5 29.7026 -9.5269 0.259 51.2438 88.8748 300.752 772.452 773.35 0.898 4.695 0.1 519982 23116
2012 01 30 05 10 59.460 -14.213 -75.658 34.2 29.7026 -9.5269 0.259 54.6687 77.2242 302.945 712.485 711.18 -1.305 5.600 0.1 520094 23116
2012 02 26 06 17 19.920 51.8 95.98 13 29.7026 -9.5269 0.259 300.226 75.9967 299.587 704.667 705.49 0.823 5.716 0.1 520525 23116
2012 03 05 07 46 09.330 -28.257 -63.291 551.9 29.7026 -9.5269 0.259 46.0246 77.2028 300.34 657.01 658.53 1.52 5.413 0.1 520700 23116
2012 03 20 18 02 47.620 16.473 -98.369 19.4 29.7026 -9.5269 0.259 61.7162 81.0367 302.153 734.533 733.04 -1.493 5.335 0.1 520986 23116
2012 03 25 22 37 06.560 -35.203 -72.126 28.2 29.7026 -9.5269 0.259 50.6428 87.4219 299.918 763.358 765.75 2.392 4.808 0.1 553198 23116
2012 04 17 19 03 57.120 -59.187 -16.807 13.6 29.7026 -9.5269 0.259 6.33127 88.7616 302.557 775.437 774.89 -0.547 4.697 0.1 553177 23116
2012 05 14 10 00 39.800 -17.796 -69.792 108.7 29.7026 -9.5269 0.259 51.5072 74.8481 300.564 687.764 689.44 1.676 5.746 0.1 521959 23116
2012 05 28 05 07 23.520 -28.021 -63.113 591.1 29.7026 -9.5269 0.259 45.9548 76.9264 301.433 652.913 653.68 0.767 5.415 0.1 553199 23116
2012 06 02 07 52 54.600 -22.101 -63.657 539.4 29.7026 -9.5269 0.259 47.4182 73.2398 300.27 635.67 637.42 1.75 5.695 0.1 553200 23116
2012 06 04 03 15 24.590 5.45 -82.563 9.5 29.7026 -9.5269 0.259 60.7082 72.5887 302.886 689.296 687.44 -1.856 5.955 0.1 522271 23116
2012 06 07 16 03 18.520 -15.911 -72.472 106.7 29.7026 -9.5269 0.259 53.0812 75.7326 301.553 694.033 694.62 0.587 5.682 0.1 522329 23116
2012 08 02 09 38 31.250 -8.454 -74.272 148.8 29.7026 -9.5269 0.259 55.445 72.8296 302.624 674.374 672.84 -1.534 5.887 0.1 523107 23116
2012 08 11 12 23 17.670 38.402 46.838 8.7 29.7026 -9.5269 0.259 277.022 46.8738 299.442 508.772 509.76 0.988 7.830 0.1 523253 23116
2012 08 11 12 34 36.600 38.379 46.795 18.9 29.7026 -9.5269 0.259 277.021 46.8431 299.469 506.869 507.92 1.051 7.829 0.1 523255 23116
2012 08 12 10 47 07.390 35.652 82.541 14 29.7026 -9.5269 0.259 295.768 74.9002 299.092 698.702 699.34 0.638 5.794 0.1 523270 23116
2012 08 30 13 43 25.300 71.446 -11.034 11.1 29.7026 -9.5269 0.259 178.033 41.8006 314.082 482.782 469.13 -13.652 8.186 0.1 553178 23116
2012 09 05 14 42 07.730 10.024 -85.388 20.7 29.7026 -9.5269 0.259 61.9885 72.8678 300.658 686.928 687.11 0.182 5.934 0.1 523691 23116
2012 09 30 16 31 34.70 1.907 -76.371 155.2 29.7026 -9.5269 0.259 58.9602 69.0081 300.774 648.704 648.70 -0.004 6.166 0.1 524079 23116
2012 10 24 00 45 33.800 10.074 -85.371 22.3 29.7026 -9.5269 0.259 62.0025 72.8297 300.921 686.121 686.65 0.529 5.937 0.1 553202 23116
2012 10 28 03 04 07.790 52.677 -132.172 7.4 29.7026 -9.5269 0.259 47.4502 83.9553 299.668 748.878 749.37 0.492 5.129 0.1 524471 23116
2012 10 28 18 54 20.230 52.538 -132.659 5.1 29.7026 -9.5269 0.259 47.0745 84.2679 301.236 753.006 751.34 -1.666 5.104 0.1 524515 23116
2012 11 07 16 35 49.310 14.031 -92.066 38.7 29.7026 -9.5269 0.259 62.3865 76.7962 298.978 705.668 707.18 1.512 5.643 0.1 553203 23116
2012 11 10 14 57 50.210 -8.936 -75.088 128.6 29.7026 -9.5269 0.259 55.5862 73.7657 300.371 680.161 680.58 0.419 5.825 0.1 524739 23116
2012 11 14 19 02 05.690 -29.178 -71.386 61.5 29.7026 -9.5269 0.259 50.6013 83.1234 300.527 738.837 740.19 1.353 5.143 0.1 553205 23116
2012 11 15 09 20 21.450 18.199 -100.524 57.9 29.7026 -9.5269 0.259 61.4484 82.0305 301.281 733.831 733.31 -0.521 5.244 0.1 524840 23116
2012 12 14 10 36 01.840 31.112 -119.627 15.8 29.7026 -9.5269 0.259 54.7904 90.17 300.224 778.384 778.62 0.236 4.643 0.1 553206 23116
2013 01 05 08 58 19.180 55.234 -134.8 3.1 29.7026 -9.5269 0.259 45.6561 83.3212 303.363 751.183 746.79 -4.393 5.180 0.1 525642 23116
2013 01 28 16 38 53.840 42.582 79.721 14.3 29.7026 -9.5269 0.259 292.278 70.0746 301.224 671.384 670.42 -0.964 6.149 0.1 525963 23116
2013 01 30 20 15 43.390 -28.109 -70.888 46.1 29.7026 -9.5269 0.259 50.4342 82.1084 300.563 735.173 736.68 1.507 5.223 0.1 553207 23116
2013 02 09 14 16 06.960 1.034 -77.462 144.2 29.7026 -9.5269 0.259 58.866 70.3898 302.089 659.129 658.38 -0.749 6.070 0.1 526478 23116
2013 02 14 13 13 52.720 67.517 142.701 8.9 29.7026 -9.5269 0.259 335.756 80.8515 299.612 732.892 732.73 -0.162 5.367 0.1 526587 23116
2013 02 22 12 01 58.670 -27.905 -63.134 585.6 29.7026 -9.5269 0.259 45.987 76.8594 300.745 652.075 653.78 1.705 5.423 0.1 526749 23116
2013 03 19 03 29 02.700 -58.981 -24.569 52 29.7026 -9.5269 0.259 13.0511 89.2328 300.93 770.23 771.80 1.57 4.651 0.1 527097 23116
2013 04 09 11 52 50.190 28.446 51.629 12.8 29.7026 -9.5269 0.259 287.154 52.899 300.266 555.076 555.01 -0.066 7.390 0.1 527405 23116
2013 04 16 10 44 19.30 27.97 62.136 63.1 29.7026 -9.5269 0.259 290.474 61.8287 298.009 609.979 611.65 1.671 6.721 0.1 527535 23116
2013 05 11 02 08 11.290 26.658 57.843 15.1 29.7026 -9.5269 0.259 289.968 58.6952 299.408 595.118 596.21 1.092 6.964 0.1 527912 23116
2013 05 24 05 44 49.880 54.815 153.391 607 29.7026 -9.5269 0.259 345.145 94.5511 299.241 734.361 735.25 0.889 4.537 0.1 528250 23116
2013 05 24 14 56 31.600 52.135 151.568 632 29.7026 -9.5269 0.259 343.506 96.8419 298.207 741.607 743.34 1.733 4.469 0.1 528265 23116
2011 06 20 16 36 00.870 -21.771 -68.383 126.2 29.7589 -8.97758 0.957 50.2629 76.7457 300.24 696.37 698.37 2.0 5.603 0.1 516819 23117
2011 06 24 03 09 38.920 51.98 -171.82 49.8 29.7589 -8.97758 0.957 14.9854 97.2289 301.119 807.199 805.75 -1.449 4.524 0.1 516862 23117
2011 07 16 19 59 12.930 54.771 -161.316 40.9 29.7589 -8.97758 0.957 23.8332 92.5085 301.911 786.981 785.25 -1.731 4.625 0.1 517334 23117
2011 08 10 23 45 43.80 -7.102 -12.805 11.7 29.7589 -8.97758 0.957 5.55629 36.8326 300.647 427.567 429.75 2.183 8.500 0.1 517677 23117
2011 08 24 17 46 11.560 -7.62 -74.538 149.3 29.7589 -8.97758 0.957 55.8529 73.0478 301.077 673.517 674.03 0.513 5.872 0.1 517876 23117
2011 09 02 10 55 54.990 52.101 -171.718 46 29.7589 -8.97758 0.957 15.0694 97.0956 298.693 803.703 805.59 1.887 4.528 0.1 518006 23117
2011 09 02 13 47 10.700 -28.413 -63.136 592.7 29.7589 -8.97758 0.957 46.1976 77.5994 300.089 655.389 657.17 1.781 5.366 0.1 518009 23117
2011 09 09 19 41 33.130 49.388 -127.064 15.4 29.7589 -8.97758 0.957 50.491 83.8975 299.547 748.417 747.80 -0.617 5.131 0.1 553197 23117
2011 09 18 12 40 49.580 27.803 88.153 29.6 29.7589 -8.97758 0.957 299.469 82.3271 304.174 741.594 738.01 -3.584 5.236 0.1 518230 23117
2011 10 14 06 10 14.730 54.073 123.813 13.9 29.7589 -8.97758 0.957 320.287 87.0857 301.113 765.383 763.83 -1.553 4.878 0.1 551442 23117
2011 10 23 10 41 22.10 38.729 43.446 7.6 29.7589 -8.97758 0.957 274.634 43.7423 298.877 483.867 485.12 1.253 8.054 0.1 518671 23117
2011 10 23 20 45 37.20 38.589 43.116 10.1 29.7589 -8.97758 0.957 274.597 43.496 298.491 481.471 482.75 1.279 8.071 0.1 518698 23117
2011 10 28 18 54 34.750 -14.557 -76.12 29 29.7589 -8.97758 0.957 54.9282 78.2454 301.467 716.717 717.62 0.903 5.524 0.1 518760 23117
2011 11 07 22 35 25.320 11.691 -85.783 177.2 29.7589 -8.97758 0.957 62.3374 72.9117 300.85 669.53 669.41 -0.12 5.882 0.1 518915 23117
2011 11 22 18 48 16.290 -15.308 -65.163 560.3 29.7589 -8.97758 0.957 50.1266 70.2818 301.028 617.738 618.25 0.512 5.901 0.1 519114 23117
2011 12 07 22 23 07.780 -27.932 -71.134 13.8 29.7589 -8.97758 0.957 50.8397 82.5748 301.972 743.192 743.60 0.408 5.197 0.1 519310 23117
2011 12 11 01 47 25.400 17.902 -99.929 65.4 29.7589 -8.97758 0.957 61.3691 82.1181 300.62 733.22 732.92 -0.3 5.237 0.1 519351 23117
2011 12 11 09 54 56.480 -56.049 -28.213 130.6 29.7589 -8.97758 0.957 16.6701 87.0278 300.495 750.015 752.24 2.225 4.804 0.1 550967 23117
2011 12 27 15 21 57.570 51.834 95.964 12.8 29.7589 -8.97758 0.957 299.856 75.6317 301.252 704.682 703.44 -1.242 5.744 0.1 519571 23117
2012 01 10 18 37 00.190 2.43 93.208 20.9 29.7589 -8.97758 0.957 300.523 99.3568 303.769 823.579 820.53 -3.049 4.455 0.1 519785 23117
2012 01 23 16 04 53.300 -36.455 -73.181 23.5 29.7589 -8.97758 0.957 51.5326 89.2596 300.191 773.891 775.14 1.249 4.664 0.1 519982 23117
2012 01 30 05 10 59.460 -14.213 -75.658 34.2 29.7589 -8.97758 0.957 54.8188 77.6824 301.752 714.292 713.73 -0.562 5.566 0.1 520094 23117
2012 02 26 06 17 19.920 51.8 95.98 13 29.7589 -8.97758 0.957 299.875 75.6573 299.632 702.712 703.55 0.838 5.742 0.1 520525 23117
2012 03 05 07 46 09.330 -28.257 -63.291 551.9 29.7589 -8.97758 0.957 46.3162 77.5906 300.33 659 660.62 1.62 5.385 0.1 520700 23117
2012 03 20 18 02 47.620 16.473 -98.369 19.4 29.7589 -8.97758 0.957 61.5448 81.487 302.05 736.43 735.43 -1.0 5.298 0.1 520986 23117
2012 03 25 22 37 06.560 -35.203 -72.126 28.2 29.7589 -8.97758 0.957 50.9289 87.8088 300.675 766.115 767.60 1.485 4.778 0.1 553198 23117
2012 04 02 17 36 42.500 16.372 -98.461 16.3 29.7589 -8.97758 0.957 61.5121 81.6125 300.772 737.272 736.61 -0.662 5.289 0.1 521195 23117
2012 04 11 08 38 37.800 2.237 93.014 26.3 29.7589 -8.97758 0.957 300.472 99.2871 310.052 828.252 819.42 -8.832 4.456 0.1 521291 23117
2012 04 11 10 43 10.530 0.767 92.428 21.6 29.7589 -8.97758 0.957 300.199 99.519 310.962 831.432 821.20 -10.232 4.449 0.1 521308 23117
2012 04 11 22 55 10.820 18.204 -102.876 27.6 29.7589 -8.97758 0.957 60.6525 84.4251 302.051 750.231 749.37 -0.861 5.074 0.1 521364 23117
2012 04 12 07 15 49.170 28.838 -113.127 10 29.7589 -8.97758 0.957 57.5914 87.1066 307.792 772.622 765.15 -7.472 4.868 0.1 521380 23117
2012 04 17 03 50 15.280 -32.637 -71.564 29.7 29.7589 -8.97758 0.957 50.7105 85.8295 300.859 756.579 757.73 1.151 4.934 0.1 521513 23117
2012 04 17 19 03 57.120 -59.187 -16.807 13.6 29.7589 -8.97758 0.957 6.80427 88.8499 300.383 773.263 775.31 2.047 4.690 0.1 553177 23117
2012 05 14 10 00 39.800 -17.796 -69.792 108.7 29.7589 -8.97758 0.957 51.7109 75.2871 300.22 690.42 691.95 1.53 5.712 0.1 521959 23117
2012 05 24 22 47 46.470 73.027 5.505 8.2 29.7589 -8.97758 0.957 198.243 43.9994 301.011 487.541 487.31 -0.231 8.032 0.1 553179 23117
2012 05 28 05 07 23.520 -28.021 -63.113 591.1 29.7589 -8.97758 0.957 46.2464 77.3145 301.603 655.083 655.77 0.687 5.388 0.1 553199 23117
2012 06 02 07 52 54.600 -22.101 -63.657 539.4 29.7589 -8.97758 0.957 47.6798 73.6503 300.996 638.396 639.74 1.344 5.670 0.1 553200 23117
2012 06 04 00 45 16.380 5.294 -82.632 15 29.7589 -8.97758 0.957 60.6433 73.2049 304.323 693.943 690.20 -3.743 5.908 0.1 522270 23117
2012 06 04 03 15 24.590 5.45 -82.563 9.5 29.7589 -8.97758 0.957 60.6805 73.069 303.576 692.986 690.29 -2.696 5.920 0.1 522271 23117
2012 06 07 04 05 04.70 -36.051 -70.854 5.8 29.7589 -8.97758 0.957 50.138 87.5466 303.427 771.357 769.95 -1.407 4.802 0.1 553201 23117
2012 06 07 16 03 18.520 -15.911 -72.472 106.7 29.7589 -8.97758 0.957 53.2589 76.1817 301.212 696.692 697.16 0.468 5.653 0.1 522329 23117
2012 06 24 03 15 01.980 57.501 163.414 16 29.7589 -8.97758 0.957 353.381 92.8432 301.475 791.495 790.32 -1.175 4.621 0.1 522562 23117
2012 06 29 21 07 32.950 43.433 84.612 17.1 29.7589 -8.97758 0.957 294.585 72.6232 302.039 687.089 685.33 -1.759 5.963 0.1 522641 23117
2012 07 26 05 33 33.860 -17.55 66.29 16.2 29.7589 -8.97758 0.957 302.58 86.3901 305.816 765.956 762.07 -3.886 4.898 0.1 523026 23117
2012 08 02 09 38 31.250 -8.454 -74.272 148.8 29.7589 -8.97758 0.957 55.564 73.297 302.779 677.529 675.58 -1.949 5.854 0.1 523107 23117
2012 08 10 18 37 42.870 52.471 -167.422 12.3 29.7589 -8.97758 0.957 18.7368 95.9738 300.933 806.063 805.32 -0.743 4.559 0.1 523239 23117
2012 08 11 12 23 17.670 38.402 46.838 8.7 29.7589 -8.97758 0.957 276.8 46.4205 300.01 505.34 506.21 0.87 7.863 0.1 523253 23117
2012 08 11 12 34 36.600 38.379 46.795 18.9 29.7589 -8.97758 0.957 276.799 46.3897 300.032 503.432 504.37 0.938 7.862 0.1 523255 23117
2012 09 05 14 42 07.730 10.024 -85.388 20.7 29.7589 -8.97758 0.957 61.9122 73.3433 299.68 688.95 689.92 0.97 5.899 0.1 523691 23117
2012 09 30 16 31 34.70 1.907 -76.371 155.2 29.7589 -8.97758 0.957 58.9902 69.4883 299.993 650.923 651.65 0.727 6.133 0.1 524079 23117
2012 10 24 00 45 33.800 10.074 -85.371 22.3 29.7589 -8.97758 0.957 61.9259 73.3051 300.931 689.131 689.46 0.329 5.902 0.1 553202 23117
2012 10 28 03 04 07.790 52.677 -132.172 7.4 29.7589 -8.97758 0.957 47.0091 84.1527 299.825 750.035 750.37 0.335 5.113 0.1 524471 23117
2012 10 28 18 54 20.230 52.538 -132.659 5.1 29.7589 -8.97758 0.957 46.6333 84.4645 300.534 753.304 752.34 -0.964 5.088 0.1 524515 23117
2012 10 30 02 49 01.320 52.145 -132.111 9.5 29.7589 -8.97758 0.957 47.0161 84.4887 301.085 753.765 751.73 -2.035 5.086 0.1 524556 23117
2012 11 07 16 35 49.310 14.031 -92.066 38.7 29.7589 -8.97758 0.957 62.2543 77.2597 299.93 709.62 709.78 0.16 5.610 0.1 553203 23117
2012 11 08 02 01 49.700 49.126 -128.541 11 29.7589 -8.97758 0.957 49.4168 84.807 302.092 755.392 753.14 -2.252 5.060 0.1 553204 23117
2012 11 10 14 57 50.210 -8.936 -75.088 128.6 29.7589 -8.97758 0.957 55.7041 74.2333 301.339 683.129 683.29 0.161 5.789 0.1 524739 23117
2012 11 12 20 42 15.870 57.557 -142.859 19 29.7589 -8.97758 0.957 39.0034 84.7754 299.305 750.435 751.51 1.075 5.063 0.1 524794 23117
2012 11 14 19 02 05.690 -29.178 -71.386 61.5 29.7589 -8.97758 0.957 50.8593 83.5306 301.444 741.754 742.27 0.516 5.111 0.1 553205 23117
2012 11 15 09 20 21.450 18.199 -100.524 57.9 29.7589 -8.97758 0.957 61.2576 82.4729 300.131 735.681 735.62 -0.061 5.216 0.1 524840 23117
2012 12 14 10 36 01.840 31.112 -119.627 15.8 29.7589 -8.97758 0.957 54.4612 90.5208 298.925 779.085 780.24 1.155 4.642 0.1 553206 23117
2013 01 05 08 58 19.180 55.234 -134.8 3.1 29.7589 -8.97758 0.957 45.2049 83.4958 300.667 749.487 747.68 -1.807 5.167 0.1 525642 23117
2013 01 28 16 38 53.840 42.582 79.721 14.3 29.7589 -8.97758 0.957 292.011 69.6641 300.66 668.82 667.90 -0.92 6.179 0.1 525963 23117
2013 01 30 20 15 43.390 -28.109 -70.888 46.1 29.7589 -8.97758 0.957 50.6889 82.5179 300.906 737.516 738.81 1.294 5.194 0.1 553207 23117
2013 02 09 14 16 06.960 1.034 -77.462 144.2 29.7589 -8.97758 0.957 58.8974 70.87 301.282 661.322 661.28 -0.042 6.037 0.1 526478 23117
2013 02 14 13 13 52.720 67.517 142.701 8.9 29.7589 -8.97758 0.957 335.291 80.7088 298.765 731.045 731.97 0.925 5.377 0.1 526587 23117
2013 02 22 12 01 58.670 -27.905 -63.134 585.6 29.7589 -8.97758 0.957 46.2779 77.248 300.962 654.292 655.87 1.578 5.395 0.1 526749 23117
2013 02 28 14 05 50.870 50.786 157.485 52.8 29.7589 -8.97758 0.957 348.11 98.9188 299.695 812.825 812.98 0.155 4.475 0.1 526847 23117
2013 03 01 13 20 52.900 50.832 157.625 58 29.7589 -8.97758 0.957 348.233 98.8919 300.008 812.108 812.24 0.132 4.476 0.1 526856 23117
2013 03 19 03 29 02.700 -58.981 -24.569 52 29.7589 -8.97758 0.957 13.5167 89.3537 301.505 770.805 772.36 1.555 4.643 0.1 527097 23117
2013 03 25 23 02 12.520 14.59 -90.477 193.7 29.7589 -8.97758 0.957 62.5915 75.6371 302.989 685.469 683.23 -2.239 5.678 0.1 527186 23117
2013 04 09 11 52 50.190 28.446 51.629 12.8 29.7589 -8.97758 0.957 287.07 52.4225 298.96 550.77 551.49 0.72 7.423 0.1 527405 23117
2013 04 16 10 44 19.30 27.97 62.136 63.1 29.7589 -8.97758 0.957 290.37 61.3564 297.513 606.483 608.47 1.987 6.757 0.1 527535 23117
2013 04 22 01 16 32.560 18.041 -102.198 31.5 29.7589 -8.97758 0.957 60.8156 83.9419 302.396 747.836 746.35 -1.486 5.112 0.1 527690 23117
2013 05 11 02 08 11.290 26.658 57.843 15.1 29.7589 -8.97758 0.957 289.89 58.2188 300.124 592.834 592.89 0.056 6.996 0.1 527912 23117
2013 05 24 05 44 49.880 54.815 153.391 607 29.7589 -8.97758 0.957 344.683 94.4131 298.86 732.98 734.62 1.64 4.541 0.1 528250 23117
2013 05 24 14 56 31.600 52.135 151.568 632 29.7589 -8.97758 0.957 343.046 96.6895 298.939 741.339 742.66 1.321 4.473 0.1 528265 23117
2011 06 20 16 36 00.870 -21.771 -68.383 126.2 30.0841 -8.46033 1.736 50.2507 77.2994 300.627 699.757 701.46 1.703 5.562 0.1 516819 23118
2011 06 24 03 09 38.920 51.98 -171.82 49.8 30.0841 -8.46033 1.736 14.4812 96.9916 299.921 805.001 804.66 -0.341 4.531 0.1 516862 23118
2011 07 16 00 26 12.360 -33.875 -72.1 20.5 30.0841 -8.46033 1.736 51.0191 87.5081 298.393 764.033 767.27 3.237 4.804 0.1 517320 23118
2011 07 16 19 59 12.930 54.771 -161.316 40.9 30.0841 -8.46033 1.736 23.3135 92.3161 301.277 785.347 784.35 -0.997 4.627 0.1 517334 23118
2011 07 19 19 35 43.380 40.156 71.501 19.5 30.0841 -8.46033 1.736 288.478 64.1408 299.994 631.614 631.98 0.366 6.576 0.1 551088 23118
2011 08 24 17 46 11.560 -7.62 -74.538 149.3 30.0841 -8.46033 1.736 55.6881 73.5786 301.295 676.735 677.14 0.405 5.833 0.1 517876 23118
2011 09 02 10 55 54.990 52.101 -171.718 46 30.0841 -8.46033 1.736 14.5652 96.8585 299.857 803.867 804.51 0.643 4.535 0.1 518006 23118
2011 09 02 13 47 10.700 -28.413 -63.136 592.7 30.0841 -8.46033 1.736 46.2673 78.1489 300.918 658.218 660.11 1.892 5.325 0.1 518009 23118
2011 09 03 04 48 58.780 -56.561 -26.923 96.3 30.0841 -8.46033 1.736 15.9444 87.7183 301.392 757.612 759.53 1.918 4.759 0.1 518020 23118
2011 09 09 19 41 33.130 49.388 -127.064 15.4 30.0841 -8.46033 1.736 49.9341 83.8928 298.445 747.315 747.76 0.445 5.131 0.1 553197 23118
2011 09 18 12 40 49.580 27.803 88.153 29.6 30.0841 -8.46033 1.736 299.551 81.7793 302.806 737.226 735.13 -2.096 5.277 0.1 518230 23118
2011 10 23 10 41 22.10 38.729 43.446 7.6 30.0841 -8.46033 1.736 274.77 43.1964 298.464 479.454 480.72 1.266 8.093 0.1 518671 23118
2011 10 23 20 45 37.20 38.589 43.116 10.1 30.0841 -8.46033 1.736 274.737 42.9506 300.414 478.394 478.34 -0.054 8.110 0.1 518698 23118
2011 10 28 18 54 34.750 -14.557 -76.12 29 30.0841 -8.46033 1.736 54.8143 78.7878 301.256 719.506 720.60 1.094 5.485 0.1 518760 23118
2011 11 07 22 35 25.320 11.691 -85.783 177.2 30.0841 -8.46033 1.736 61.9672 73.3374 300.879 672.559 671.90 -0.659 5.851 0.1 518915 23118
2011 11 22 18 48 16.290 -15.308 -65.163 560.3 30.0841 -8.46033 1.736 50.0822 70.834 301.309 621.019 621.50 0.481 5.863 0.1 519114 23118
2011 12 07 22 23 07.780 -27.932 -71.134 13.8 30.0841 -8.46033 1.736 50.8589 83.1283 301.634 745.854 746.47 0.616 5.157 0.1 519310 23118
2011 12 11 01 47 25.400 17.902 -99.929 65.4 30.0841 -8.46033 1.736 60.9291 82.4594 299.729 734.329 734.70 0.371 5.215 0.1 519351 23118
2011 12 11 09 54 56.480 -56.049 -28.213 130.6 30.0841 -8.46033 1.736 17.0509 87.4303 300.63 752.15 754.17 2.02 4.773 0.1 550967 23118
2011 12 27 15 21 57.570 51.834 95.964 12.8 30.0841 -8.46033 1.736 299.7 75.099 300.381 700.811 700.37 -0.441 5.783 0.1 519571 23118
2012 01 10 18 37 00.190 2.43 93.208 20.9 30.0841 -8.46033 1.736 300.784 98.8666 302.907 820.717 818.35 -2.367 4.470 0.1 519785 23118
2012 01 23 16 04 53.300 -36.455 -73.181 23.5 30.0841 -8.46033 1.736 51.6049 89.8086 300.076 775.776 777.70 1.924 4.643 0.1 519982 23118
2012 01 30 05 10 59.460 -14.213 -75.658 34.2 30.0841 -8.46033 1.736 54.7045 78.2248 300.369 715.909 716.74 0.831 5.524 0.1 520094 23118
2012 02 26 06 17 19.920 51.8 95.98 13 30.0841 -8.46033 1.736 299.719 75.1245 300.051 700.131 700.48 0.349 5.782 0.1 520525 23118
2012 03 05 07 46 09.330 -28.257 -63.291 551.9 30.0841 -8.46033 1.736 46.3839 78.1404 299.62 661.29 663.57 2.28 5.344 0.1 520700 23118
2012 03 20 18 02 47.620 16.473 -98.369 19.4 30.0841 -8.46033 1.736 61.1163 81.8432 303.271 739.651 737.31 -2.341 5.269 0.1 520986 23118
2012 03 25 22 37 06.560 -35.203 -72.126 28.2 30.0841 -8.46033 1.736 50.9971 88.3584 301.97 770.41 770.21 -0.2 4.735 0.1 553198 23118
2012 04 02 17 36 42.500 16.372 -98.461 16.3 30.0841 -8.46033 1.736 61.084 81.9691 300.894 738.394 738.48 0.086 5.260 0.1 521195 23118
2012 04 11 08 38 37.800 2.237 93.014 26.3 30.0841 -8.46033 1.736 300.735 98.7981 305.257 821.457 817.24 -4.217 4.472 0.1 521291 23118
2012 04 11 10 43 10.530 0.767 92.428 21.6 30.0841 -8.46033 1.736 300.476 99.0373 312.289 829.759 819.05 -10.709 4.464 0.1 521308 23118
2012 04 11 22 55 10.820 18.204 -102.876 27.6 30.0841 -8.46033 1.736 60.2049 84.7538 301.953 752.133 751.03 -1.103 5.049 0.1 521364 23118
2012 04 17 03 50 15.280 -32.637 -71.564 29.7 30.0841 -8.46033 1.736 50.7625 86.3808 299.745 758.465 760.44 1.975 4.890 0.1 521513 23118
2012 04 17 19 03 57.120 -59.187 -16.807 13.6 30.0841 -8.46033 1.736 7.22873 89.2057 302.405 777.285 776.98 -0.305 4.662 0.1 553177 23118
2012 05 14 10 00 39.800 -17.796 -69.792 108.7 30.0841 -8.46033 1.736 51.6585 75.8386 300.369 693.569 695.09 1.521 5.674 0.1 521959 23118
2012 05 24 22 47 46.470 73.027 5.505 8.2 30.0841 -8.46033 1.736 197.647 43.6303 301.456 484.986 484.33 -0.656 8.060 0.1 553179 23118
2012 05 28 05 07 23.520 -28.021 -63.113 591.1 30.0841 -8.46033 1.736 46.3134 77.8644 300.414 656.894 658.72 1.826 5.347 0.1 553199 23118
2012 06 02 07 52 54.600 -22.101 -63.657 539.4 30.0841 -8.46033 1.736 47.6999 74.2037 300.475 640.875 642.87 1.995 5.632 0.1 553200 23118
2012 06 04 00 45 16.380 5.294 -82.632 15 30.0841 -8.46033 1.736 60.3339 73.6725 302.972 695.592 692.95 -2.642 5.874 0.1 522270 23118
2012 06 04 03 15 24.590 5.45 -82.563 9.5 30.0841 -8.46033 1.736 60.3699 73.5361 302.746 695.156 693.04 -2.116 5.885 0.1 522271 23118
2012 06 07 04 05 04.70 -36.051 -70.854 5.8 30.0841 -8.46033 1.736 50.2188 88.0945 303.196 774.126 772.57 -1.556 4.760 0.1 553201 23118
2012 06 07 16 03 18.520 -15.911 -72.472 106.7 30.0841 -8.46033 1.736 53.1757 76.7296 300.457 698.937 700.25 1.313 5.613 0.1 522329 23118
2012 06 24 03 15 01.980 57.501 163.414 16 30.0841 -8.46033 1.736 352.956 92.4868 300.946 789.966 788.67 -1.296 4.626 0.1 522562 23118
2012 06 29 21 07 32.950 43.433 84.612 17.1 30.0841 -8.46033 1.736 294.54 72.0711 300.672 682.722 682.03 -0.692 6.004 0.1 522641 23118
2012 08 02 09 38 31.250 -8.454 -74.272 148.8 30.0841 -8.46033 1.736 55.4078 73.8301 302.056 679.806 678.69 -1.116 5.814 0.1 523107 23118
2012 08 10 18 37 42.870 52.471 -167.422 12.3 30.0841 -8.46033 1.736 18.224 95.7582 300.977 805.107 804.33 -0.777 4.565 0.1 523239 23118
2012 08 11 12 23 17.670 38.402 46.838 8.7 30.0841 -8.46033 1.736 276.931 45.8748 299.52 500.85 501.91 1.06 7.901 0.1 523253 23118
2012 08 11 12 34 36.600 38.379 46.795 18.9 30.0841 -8.46033 1.736 276.93 45.844 299.417 498.817 500.07 1.253 7.900 0.1 523255 23118
2012 08 12 10 47 07.390 35.652 82.541 14 30.0841 -8.46033 1.736 295.588 73.9142 302.052 695.662 693.59 -2.072 5.868 0.1 523270 23118
2012 08 14 02 59 38.860 49.75 145.305 590.7 30.0841 -8.46033 1.736 337.284 97.1639 301.21 749.35 748.49 -0.86 4.465 0.1 523282 23118
2012 08 30 13 43 25.300 71.446 -11.034 11.1 30.0841 -8.46033 1.736 176.628 41.4364 298.12 463.82 466.13 2.31 8.212 0.1 553178 23118
2012 09 05 14 42 07.730 10.024 -85.388 20.7 30.0841 -8.46033 1.736 61.5563 73.7794 299.123 690.393 692.48 2.087 5.867 0.1 523691 23118
2012 09 25 23 45 24.370 24.774 -110.183 8.1 30.0841 -8.46033 1.736 58.1722 87.2625 301.508 768.138 766.33 -1.808 4.854 0.1 524027 23118
2012 09 30 16 31 34.70 1.907 -76.371 155.2 30.0841 -8.46033 1.736 58.7314 69.986 301.696 655.626 654.69 -0.936 6.096 0.1 524079 23118
2012 10 24 00 45 33.800 10.074 -85.371 22.3 30.0841 -8.46033 1.736 61.5696 73.741 300.18 691.38 692.02 0.64 5.870 0.1 553202 23118
2012 10 28 03 04 07.790 52.677 -132.172 7.4 30.0841 -8.46033 1.736 46.4547 84.1034 299.436 749.646 750.10 0.454 5.117 0.1 524471 23118
2012 10 28 18 54 20.230 52.538 -132.659 5.1 30.0841 -8.46033 1.736 46.0792 84.4142 300.246 753.016 752.07 -0.946 5.093 0.1 524515 23118
2012 10 30 02 49 01.320 52.145 -132.111 9.5 30.0841 -8.46033 1.736 46.4616 84.4434 302.593 754.273 751.49 -2.783 5.089 0.1 524556 23118
2012 11 07 16 35 49.310 14.031 -92.066 38.7 30.0841 -8.46033 1.736 61.8542 77.6522 301.71 713.4 711.97 -1.43 5.581 0.1 553203 23118
2012 11 08 02 01 49.700 49.126 -128.541 11 30.0841 -8.46033 1.736 48.8608 84.7982 301.778 755.078 753.09 -1.988 5.061 0.1 553204 23118
2012 11 10 14 57 50.210 -8.936 -75.088 128.6 30.0841 -8.46033 1.736 55.548 74.7662 300.954 685.744 686.36 0.616 5.750 0.1 524739 23118
2012 11 12 20 42 15.870 57.557 -142.859 19 30.0841 -8.46033 1.736 38.4615 84.6513 298.997 750.127 750.87 0.743 5.073 0.1 524794 23118
2012 11 14 19 02 05.690 -29.178 -71.386 61.5 30.0841 -8.46033 1.736 50.8864 84.0837 300.19 743.5 745.08 1.58 5.067 0.1 553205 23118
2012 11 15 09 20 21.450 18.199 -100.524 57.9 30.0841 -8.46033 1.736 60.8148 82.8101 300.945 737.495 737.37 -0.125 5.192 0.1 524840 23118
2012 12 14 10 36 01.840 31.112 -119.627 15.8 30.0841 -8.46033 1.736 53.9328 90.6867 299.104 779.264 781.00 1.736 4.641 0.1 553206 23118
2013 01 05 08 58 19.180 55.234 -134.8 3.1 30.0841 -8.46033 1.736 44.653 83.4183 301.151 748.971 747.27 -1.701 5.173 0.1 525642 23118
2013 01 28 16 38 53.840 42.582 79.721 14.3 30.0841 -8.46033 1.736 291.989 69.1107 301.486 665.646 664.47 -1.176 6.219 0.1 525963 23118
2013 01 30 20 15 43.390 -28.109 -70.888 46.1 30.0841 -8.46033 1.736 50.7107 83.0713 300.612 740.222 741.67 1.448 5.153 0.1 553207 23118
2013 02 09 14 16 06.960 1.034 -77.462 144.2 30.0841 -8.46033 1.736 58.6426 71.3685 301.148 664.188 664.28 0.092 6.000 0.1 526478 23118
2013 02 14 13 13 52.720 67.517 142.701 8.9 30.0841 -8.46033 1.736 334.905 80.3067 299.069 729.349 729.79 0.441 5.408 0.1 526587 23118
2013 02 22 12 01 58.670 -27.905 -63.134 585.6 30.0841 -8.46033 1.736 46.344 77.798 300.568 656.898 658.83 1.932 5.355 0.1 526749 23118
2013 02 28 14 05 50.870 50.786 157.485 52.8 30.0841 -8.46033 1.736 347.711 98.5298 300.151 811.281 811.23 -0.051 4.487 0.1 526847 23118
2013 03 01 13 20 52.900 50.832 157.625 58 30.0841 -8.46033 1.736 347.834 98.5036 300.356 810.456 810.50 0.044 4.487 0.1 526856 23118
2013 03 19 03 29 02.700 -58.981 -24.569 52 30.0841 -8.46033 1.736 13.9154 89.738 301.385 772.685 774.15 1.465 4.642 0.1 527097 23118
2013 03 25 23 02 12.520 14.59 -90.477 193.7 30.0841 -8.46033 1.736 62.1903 76.0312 301.233 685.713 685.46 -0.253 5.651 0.1 527186 23118
2013 04 09 11 52 50.190 28.446 51.629 12.8 30.0841 -8.46033 1.736 287.327 51.9073 300.297 548.107 547.66 -0.447 7.462 0.1 527405 23118
2013 04 16 10 44 19.30 27.97 62.136 63.1 30.0841 -8.46033 1.736 290.57 60.8311 298.743 603.713 604.91 1.197 6.796 0.1 527535 23118
2013 04 22 01 16 32.560 18.041 -102.198 31.5 30.0841 -8.46033 1.736 60.3703 84.2742 303.167 750.607 748.04 -2.567 5.085 0.1 527690 23118
2013 05 11 02 08 11.290 26.658 57.843 15.1 30.0841 -8.46033 1.736 290.128 57.7033 302.554 591.264 589.27 -1.994 7.037 0.1 527912 23118
2013 05 24 05 44 49.880 54.815 153.391 607 30.0841 -8.46033 1.736 344.298 94.0141 298.228 731.348 732.81 1.462 4.551 0.1 528250 23118
2013 05 24 14 56 31.600 52.135 151.568 632 30.0841 -8.46033 1.736 342.673 96.2787 298.069 739.469 740.81 1.341 4.486 0.1 528265 23118
2011 11 07 22 35 25.320 11.691 -85.783 177.2 29.7411 -7.97939 0.722 62.2909 73.7788 301.16 674.84 674.47 -0.37 5.818 0.1 518915 23119
2012 05 14 10 00 39.800 -17.796 -69.792 108.7 29.7411 -7.97939 0.722 52.1799 76.027 299.942 694.142 696.14 1.998 5.662 0.1 521959 23119
2012 05 24 22 47 46.470 73.027 5.505 8.2 29.7411 -7.97939 0.722 196.997 43.9284 300.883 487.413 486.74 -0.673 8.038 0.1 553179 23119
2012 05 28 05 07 23.520 -28.021 -63.113 591.1 29.7411 -7.97939 0.722 46.8594 77.9432 301.445 657.925 659.12 1.195 5.342 0.1 553199 23119
2012 06 02 07 52 54.600 -22.101 -63.657 539.4 29.7411 -7.97939 0.722 48.2458 74.327 299.8 641.2 643.55 2.35 5.624 0.1 553200 23119
2012 06 04 00 45 16.380 5.294 -82.632 15 29.7411 -7.97939 0.722 60.7133 74.0705 301.758 696.378 695.28 -1.098 5.845 0.1 522270 23119
2012 06 04 03 15 24.590 5.45 -82.563 9.5 29.7411 -7.97939 0.722 60.7488 73.9348 302.798 697.208 695.38 -1.828 5.856 0.1 522271 23119
2012 06 07 04 05 04.70 -36.051 -70.854 5.8 29.7411 -7.97939 0.722 50.755 88.158 302.292 773.222 772.86 -0.362 4.755 0.1 553201 23119
2012 06 07 16 03 18.520 -15.911 -72.472 106.7 29.7411 -7.97939 0.722 53.6837 76.9453 301.202 700.682 701.45 0.768 5.598 0.1 522329 23119
2012 06 24 03 15 01.980 57.501 163.414 16 29.7411 -7.97939 0.722 352.513 92.7948 301.179 791.199 790.10 -1.099 4.622 0.1 522562 23119
2012 06 29 21 07 32.950 43.433 84.612 17.1 29.7411 -7.97939 0.722 293.982 71.9719 300.927 681.977 681.44 -0.537 6.012 0.1 522641 23119
2012 07 26 05 33 33.860 -17.55 66.29 16.2 29.7411 -7.97939 0.722 302.899 85.5823 311.325 767.465 758.09 -9.375 4.965 0.1 523026 23119
2012 08 02 09 38 31.250 -8.454 -74.272 148.8 29.7411 -7.97939 0.722 55.8898 74.107 302.955 681.705 680.29 -1.415 5.793 0.1 523107 23119
2012 08 10 18 37 42.870 52.471 -167.422 12.3 29.7411 -7.97939 0.722 17.8894 96.183 301.673 807.803 806.27 -1.533 4.554 0.1 523239 23119
2012 08 11 12 23 17.670 38.402 46.838 8.7 29.7411 -7.97939 0.722 276.247 45.6492 300.162 499.492 500.14 0.648 7.917 0.1 523253 23119
2012 08 11 12 34 36.600 38.379 46.795 18.9 29.7411 -7.97939 0.722 276.246 45.6181 299.338 496.738 498.30 1.562 7.916 0.1 523255 23119
2012 08 12 10 47 07.390 35.652 82.541 14 29.7411 -7.97939 0.722 295.055 73.7413 299.425 692.035 692.59 0.555 5.881 0.1 523270 23119
2012 08 14 02 59 38.860 49.75 145.305 590.7 29.7411 -7.97939 0.722 336.781 97.3692 300.461 749.601 749.41 -0.191 4.459 0.1 523282 23119
2012 08 30 13 43 25.300 71.446 -11.034 11.1 29.7411 -7.97939 0.722 176.012 41.7881 303.997 472.697 469.03 -3.667 8.187 0.1 553178 23119
2012 09 05 14 42 07.730 10.024 -85.388 20.7 29.7411 -7.97939 0.722 61.8928 74.2113 299.74 694.01 695.00 0.99 5.835 0.1 523691 23119
2012 09 25 23 45 24.370 24.774 -110.183 8.1 29.7411 -7.97939 0.722 58.2863 87.79 301.134 769.764 768.88 -0.884 4.812 0.1 524027 23119
2012 09 30 16 31 34.70 1.907 -76.371 155.2 29.7411 -7.97939 0.722 59.1634 70.3412 301.334 657.264 656.84 -0.424 6.070 0.1 524079 23119
2012 10 24 00 45 33.800 10.074 -85.371 22.3 29.7411 -7.97939 0.722 61.9059 74.1732 300.605 693.805 694.54 0.735 5.838 0.1 553202 23119
2012 10 28 03 04 07.790 52.677 -132.172 7.4 29.7411 -7.97939 0.722 46.2675 84.6099 299.121 752.331 752.69 0.359 5.076 0.1 524471 23119
2012 10 28 18 54 20.230 52.538 -132.659 5.1 29.7411 -7.97939 0.722 45.8912 84.9204 299.257 755.027 754.63 -0.397 5.053 0.1 524515 23119
2012 10 30 02 49 01.320 52.145 -132.111 9.5 29.7411 -7.97939 0.722 46.2781 84.9512 300.949 755.629 754.06 -1.569 5.050 0.1 524556 23119
2012 11 07 16 35 49.310 14.031 -92.066 38.7 29.7411 -7.97939 0.722 62.1305 78.1194 300.3 713.99 714.57 0.58 5.545 0.1 553203 23119
2012 11 08 02 01 49.700 49.126 -128.541 11 29.7411 -7.97939 0.722 48.7115 85.317 301.35 757.65 755.70 -1.95 5.020 0.1 553204 23119
2012 11 10 14 57 50.210 -8.936 -75.088 128.6 29.7411 -7.97939 0.722 56.0275 75.0436 300.78 687.57 687.94 0.37 5.729 0.1 524739 23119
2012 11 12 20 42 15.870 57.557 -142.859 19 29.7411 -7.97939 0.722 38.2067 85.1276 299.34 752.47 753.28 0.81 5.036 0.1 524794 23119
2012 11 14 19 02 05.690 -29.178 -71.386 61.5 29.7411 -7.97939 0.722 51.4164 84.1992 300.059 743.369 745.66 2.291 5.059 0.1 553205 23119
2012 11 15 09 20 21.450 18.199 -100.524 57.9 29.7411 -7.97939 0.722 61.0221 83.309 300.336 739.886 739.95 0.064 5.155 0.1 524840 23119
2012 12 14 10 36 01.840 31.112 -119.627 15.8 29.7411 -7.97939 0.722 53.9546 91.2259 298.609 781.769 783.50 1.731 4.638 0.1 553206 23119
2013 01 05 08 58 19.180 55.234 -134.8 3.1 29.7411 -7.97939 0.722 44.4397 83.9146 302.157 752.977 749.83 -3.147 5.133 0.1 525642 23119
2013 01 28 16 38 53.840 42.582 79.721 14.3 29.7411 -7.97939 0.722 291.426 68.9902 301.155 664.315 663.74 -0.575 6.227 0.1 525963 23119
2013 01 30 20 15 43.390 -28.109 -70.888 46.1 29.7411 -7.97939 0.722 51.2405 83.1919 299.73 740.34 742.28 1.94 5.143 0.1 553207 23119
2013 02 09 14 16 06.960 1.034 -77.462 144.2 29.7411 -7.97939 0.722 59.0722 71.7223 301.06 666.1 666.39 0.29 5.973 0.1 526478 23119
2013 02 14 13 13 52.720 67.517 142.701 8.9 29.7411 -7.97939 0.722 334.423 80.5632 299.143 730.423 731.19 0.767 5.389 0.1 526587 23119
2013 02 22 12 01 58.670 -27.905 -63.134 585.6 29.7411 -7.97939 0.722 46.89 77.8778 299.877 657.207 659.24 2.033 5.349 0.1 526749 23119
2013 02 28 14 05 50.870 50.786 157.485 52.8 29.7411 -7.97939 0.722 347.239 98.8011 300.427 812.557 812.45 -0.107 4.479 0.1 526847 23119
2013 03 01 13 20 52.900 50.832 157.625 58 29.7411 -7.97939 0.722 347.362 98.7757 299.598 811.698 811.73 0.032 4.479 0.1 526856 23119
2013 03 19 03 29 02.700 -58.981 -24.569 52 29.7411 -7.97939 0.722 14.3784 89.4607 300.39 770.69 772.85 2.16 4.643 0.1 527097 23119
2013 04 09 11 52 50.190 28.446 51.629 12.8 29.7411 -7.97939 0.722 286.775 51.586 300.211 545.021 545.27 0.249 7.486 0.1 527405 23119
2013 04 16 10 44 19.30 27.97 62.136 63.1 29.7411 -7.97939 0.722 290.054 60.5332 298.263 601.233 602.90 1.667 6.818 0.1 527535 23119
2013 04 22 01 16 32.560 18.041 -102.198 31.5 29.7411 -7.97939 0.722 60.5713 84.7754 301.376 751.816 750.58 -1.236 5.046 0.1 527690 23119
2013 05 11 02 08 11.290 26.658 57.843 15.1 29.7411 -7.97939 0.722 289.614 57.3825 301.847 588.557 587.02 -1.537 7.061 0.1 527912 23119
2013 05 24 05 44 49.880 54.815 153.391 607 29.7411 -7.97939 0.722 343.823 94.2738 297.889 732.009 733.99 1.981 4.544 0.1 528250 23119
2013 05 24 14 56 31.600 52.135 151.568 632 29.7411 -7.97939 0.722 342.189 96.5231 296.883 739.283 741.92 2.637 4.478 0.1 528265 23119
2011 06 20 16 36 00.870 -21.771 -68.383 126.2 29.9029 -7.2914 0.599 50.9856 78.038 299.849 702.979 705.53 2.551 5.506 0.1 516819 23120
2011 06 24 03 09 38.920 51.98 -171.82 49.8 29.9029 -7.2914 0.599 13.5059 97.3443 301.443 807.523 806.26 -1.263 4.521 0.1 516862 23120
2011 07 16 00 26 12.360 -33.875 -72.1 20.5 29.9029 -7.2914 0.599 51.8261 88.1489 296.868 765.508 770.32 4.812 4.754 0.1 517320 23120
2011 07 19 19 35 43.380 40.156 71.501 19.5 29.9029 -7.2914 0.599 287.695 63.3872 299.921 626.541 627.03 0.489 6.628 0.1 551088 23120
2011 08 10 23 45 43.80 -7.102 -12.805 11.7 29.9029 -7.2914 0.599 7.93684 37.1715 299.349 429.269 432.62 3.351 8.478 0.1 517677 23120
2011 08 24 17 46 11.560 -7.62 -74.538 149.3 29.9029 -7.2914 0.599 56.2056 74.4805 301.024 681.464 682.35 0.886 5.765 0.1 517876 23120
2011 09 02 10 55 54.990 52.101 -171.718 46 29.9029 -7.2914 0.599 13.5903 97.2117 299.252 805.262 806.11 0.848 4.525 0.1 518006 23120
2011 09 02 13 47 10.700 -28.413 -63.136 592.7 29.9029 -7.2914 0.599 47.1009 78.7764 299.636 660.936 663.41 2.474 5.277 0.1 518009 23120
2011 09 03 04 48 58.780 -56.561 -26.923 96.3 29.9029 -7.2914 0.599 16.9752 87.724 300.926 757.146 759.55 2.404 4.759 0.1 518020 23120
2011 09 09 19 41 33.130 49.388 -127.064 15.4 29.9029 -7.2914 0.599 49.2031 84.6222 299.12 750.99 751.47 0.48 5.073 0.1 553197 23120
2011 09 18 12 40 49.580 27.803 88.153 29.6 29.9029 -7.2914 0.599 298.923 80.9577 302.698 733.118 730.78 -2.338 5.343 0.1 518230 23120
2011 10 14 06 10 14.730 54.073 123.813 13.9 29.9029 -7.2914 0.599 319.032 86.3135 300.494 760.764 760.06 -0.704 4.939 0.1 551442 23120
2011 10 23 10 41 22.10 38.729 43.446 7.6 29.9029 -7.2914 0.599 273.877 42.3638 299.084 473.074 473.98 0.906 8.151 0.1 518671 23120
2011 10 23 20 45 37.20 38.589 43.116 10.1 29.9029 -7.2914 0.599 273.845 42.1155 298.856 470.836 471.57 0.734 8.166 0.1 518698 23120
2011 10 28 18 54 34.750 -14.557 -76.12 29 29.9029 -7.2914 0.599 55.3979 79.6435 301.099 724.349 725.26 0.911 5.423 0.1 518760 23120
2011 11 07 22 35 25.320 11.691 -85.783 177.2 29.9029 -7.2914 0.599 62.0749 74.3622 300.42 678.1 677.85 -0.25 5.774 0.1 518915 23120
2011 11 22 18 48 16.290 -15.308 -65.163 560.3 29.9029 -7.2914 0.599 50.7967 71.6107 300.155 624.865 626.01 1.145 5.807 0.1 519114 23120
2011 12 07 22 23 07.780 -27.932 -71.134 13.8 29.9029 -7.2914 0.599 51.6221 83.8253 301.645 749.865 750.02 0.155 5.100 0.1 519310 23120
2011 12 11 01 47 25.400 17.902 -99.929 65.4 29.9029 -7.2914 0.599 60.8131 83.483 300.153 739.753 739.99 0.237 5.138 0.1 519351 23120
2011 12 11 09 54 56.480 -56.049 -28.213 130.6 29.9029 -7.2914 0.599 18.0817 87.4511 299.224 750.744 754.26 3.516 4.771 0.1 550967 23120
2011 12 27 15 21 57.570 51.834 95.964 12.8 29.9029 -7.2914 0.599 298.762 74.6071 300.258 697.688 697.54 -0.148 5.821 0.1 519571 23120
2012 01 10 18 37 00.190 2.43 93.208 20.9 29.9029 -7.2914 0.599 300.467 97.8857 303.223 816.033 813.96 -2.073 4.499 0.1 519785 23120
2012 01 23 16 04 53.300 -36.455 -73.181 23.5 29.9029 -7.2914 0.599 52.4276 90.4285 300.723 779.423 780.56 1.137 4.640 0.1 519982 23120
2012 01 30 05 10 59.460 -14.213 -75.658 34.2 29.9029 -7.2914 0.599 55.2888 79.0808 301.582 721.122 721.43 0.308 5.464 0.1 520094 23120
2012 02 26 06 17 19.920 51.8 95.98 13 29.9029 -7.2914 0.599 298.782 74.6322 299.861 696.941 697.65 0.709 5.819 0.1 520525 23120
2012 03 05 07 46 09.330 -28.257 -63.291 551.9 29.9029 -7.2914 0.599 47.2152 78.7709 300.267 664.937 666.91 1.973 5.296 0.1 520700 23120
2012 03 20 18 02 47.620 16.473 -98.369 19.4 29.9029 -7.2914 0.599 61.036 82.8702 300.801 743.181 742.67 -0.511 5.196 0.1 520986 23120
2012 03 25 22 37 06.560 -35.203 -72.126 28.2 29.9029 -7.2914 0.599 51.815 88.9847 299.931 771.371 773.14 1.769 4.686 0.1 553198 23120
2012 04 02 17 36 42.500 16.372 -98.461 16.3 29.9029 -7.2914 0.599 61.0046 82.9961 299.902 743.402 743.84 0.438 5.188 0.1 521195 23120
2012 04 11 08 38 37.800 2.237 93.014 26.3 29.9029 -7.2914 0.599 300.422 97.8158 305.63 816.83 812.85 -3.98 4.501 0.1 521291 23120
2012 04 11 10 43 10.530 0.767 92.428 21.6 29.9029 -7.2914 0.599 300.19 98.0469 302.559 816.029 814.63 -1.399 4.494 0.1 521308 23120
2012 04 11 22 55 10.820 18.204 -102.876 27.6 29.9029 -7.2914 0.599 60.0599 85.7737 301.546 756.726 756.13 -0.596 4.966 0.1 521364 23120
2012 04 12 07 15 49.170 28.838 -113.127 10 29.9029 -7.2914 0.599 56.6928 88.2733 308.642 779.472 770.76 -8.712 4.777 0.1 521380 23120
2012 04 17 03 50 15.280 -32.637 -71.564 29.7 29.9029 -7.2914 0.599 51.5626 87.0312 298.425 760.145 763.58 3.435 4.839 0.1 521513 23120
2012 04 17 19 03 57.120 -59.187 -16.807 13.6 29.9029 -7.2914 0.599 8.2541 89.1067 302.554 776.434 776.51 0.076 4.670 0.1 553177 23120
2012 05 14 10 00 39.800 -17.796 -69.792 108.7 29.9029 -7.2914 0.599 52.3425 76.6257 300.514 697.714 699.52 1.806 5.619 0.1 521959 23120
2012 05 24 22 47 46.470 73.027 5.505 8.2 29.9029 -7.2914 0.599 196.16 43.7102 299.326 483.856 484.99 1.134 8.054 0.1 553179 23120
2012 05 28 05 07 23.520 -28.021 -63.113 591.1 29.9029 -7.2914 0.599 47.1449 78.4958 301.074 660.554 662.06 1.506 5.299 0.1 553199 23120
2012 06 02 07 52 54.600 -22.101 -63.657 539.4 29.9029 -7.2914 0.599 48.4863 74.9011 300.08 644.48 646.76 2.28 5.584 0.1 553200 23120
2012 06 04 00 45 16.380 5.294 -82.632 15 29.9029 -7.2914 0.599 60.5769 74.6757 302.885 700.505 698.79 -1.715 5.799 0.1 522270 23120
2012 06 04 03 15 24.590 5.45 -82.563 9.5 29.9029 -7.2914 0.599 60.6112 74.5397 301.728 699.138 698.90 -0.238 5.811 0.1 522271 23120
2012 06 07 04 05 04.70 -36.051 -70.854 5.8 29.9029 -7.2914 0.599 51.0509 88.702 300.379 774.309 775.43 1.121 4.711 0.1 553201 23120
2012 06 07 16 03 18.520 -15.911 -72.472 106.7 29.9029 -7.2914 0.599 53.8121 77.5518 300.326 703.806 704.82 1.014 5.552 0.1 522329 23120
2012 06 10 12 44 16.360 36.384 28.967 32 29.9029 -7.2914 0.599 268.52 30.9116 302.413 375.053 373.18 -1.873 8.822 0.1 522378 23120
2012 06 24 03 15 01.980 57.501 163.414 16 29.9029 -7.2914 0.599 351.93 92.5838 301.544 790.564 789.12 -1.444 4.625 0.1 522562 23120
2012 06 29 21 07 32.950 43.433 84.612 17.1 29.9029 -7.2914 0.599 293.708 71.4099 301.091 679.141 678.06 -1.081 6.052 0.1 522641 23120
2012 07 26 05 33 33.860 -17.55 66.29 16.2 29.9029 -7.2914 0.599 303.284 85.0957 305.837 759.977 755.68 -4.297 5.006 0.1 523026 23120
2012 08 02 09 38 31.250 -8.454 -74.272 148.8 29.9029 -7.2914 0.599 55.9388 74.7244 301.722 684.472 683.84 -0.632 5.747 0.1 523107 23120
2012 08 30 13 43 25.300 71.446 -11.034 11.1 29.9029 -7.2914 0.599 175.107 41.6439 300.536 468.236 467.84 -0.396 8.197 0.1 553178 23120
2012 09 05 14 42 07.730 10.024 -85.388 20.7 29.9029 -7.2914 0.599 61.6954 74.8007 300.708 697.978 698.42 0.442 5.790 0.1 523691 23120
2012 09 25 23 45 24.370 24.774 -110.183 8.1 29.9029 -7.2914 0.599 57.8677 88.2466 300.043 770.673 771.06 0.387 4.778 0.1 524027 23120
2012 09 30 16 31 34.70 1.907 -76.371 155.2 29.9029 -7.2914 0.599 59.0958 70.9572 299.183 659.113 660.57 1.457 6.027 0.1 524079 23120
2012 10 24 00 45 33.800 10.074 -85.371 22.3 29.9029 -7.2914 0.599 61.7081 74.7624 299.878 697.078 697.96 0.882 5.793 0.1 553202 23120
2012 10 28 03 04 07.790 52.677 -132.172 7.4 29.9029 -7.2914 0.599 45.6672 84.7717 299.169 752.379 753.49 1.111 5.065 0.1 524471 23120
2012 10 28 18 54 20.230 52.538 -132.659 5.1 29.9029 -7.2914 0.599 45.2909 85.0811 301.319 757.089 755.43 -1.659 5.041 0.1 524515 23120
2012 10 30 02 49 01.320 52.145 -132.111 9.5 29.9029 -7.2914 0.599 45.6793 85.1173 300.903 756.583 754.89 -1.693 5.037 0.1 524556 23120
2012 11 07 16 35 49.310 14.031 -92.066 38.7 29.9029 -7.2914 0.599 61.8667 78.6822 299.325 717.015 717.67 0.655 5.504 0.1 553203 23120
2012 11 08 02 01 49.700 49.126 -128.541 11 29.9029 -7.2914 0.599 48.1253 85.522 301.325 758.625 756.72 -1.905 5.004 0.1 553204 23120
2012 11 10 14 57 50.210 -8.936 -75.088 128.6 29.9029 -7.2914 0.599 56.0756 75.661 298.925 689.715 691.46 1.745 5.684 0.1 524739 23120
2012 11 12 20 42 15.870 57.557 -142.859 19 29.9029 -7.2914 0.599 37.5903 85.2062 298.722 752.852 753.67 0.818 5.030 0.1 524794 23120
2012 11 14 19 02 05.690 -29.178 -71.386 61.5 29.9029 -7.2914 0.599 51.6585 84.7696 299.883 746.193 748.52 2.327 5.014 0.1 553205 23120
2012 11 15 09 20 21.450 18.199 -100.524 57.9 29.9029 -7.2914 0.599 60.6893 83.8326 299.516 742.066 742.63 0.564 5.113 0.1 524840 23120
2012 12 14 10 36 01.840 31.112 -119.627 15.8 29.9029 -7.2914 0.599 53.4638 91.6038 299.319 784.479 785.25 0.771 4.635 0.1 553206 23120
2013 01 05 08 58 19.180 55.234 -134.8 3.1 29.9029 -7.2914 0.599 43.8312 84.0457 303.605 754.425 750.49 -3.935 5.123 0.1 525642 23120
2013 01 28 16 38 53.840 42.582 79.721 14.3 29.9029 -7.2914 0.599 291.171 68.4182 300.953 661.113 660.17 -0.943 6.268 0.1 525963 23120
2013 01 30 20 15 43.390 -28.109 -70.888 46.1 29.9029 -7.2914 0.599 51.4775 83.7647 299.472 743.082 745.21 2.128 5.097 0.1 553207 23120
2013 02 09 14 16 06.960 1.034 -77.462 144.2 29.9029 -7.2914 0.599 59.0073 72.3385 301.703 669.743 670.05 0.307 5.930 0.1 526478 23120
2013 02 14 13 13 52.720 67.517 142.701 8.9 29.9029 -7.2914 0.599 333.86 80.2895 299.07 729.35 729.71 0.36 5.409 0.1 526587 23120
2013 02 22 12 01 58.670 -27.905 -63.134 585.6 29.9029 -7.2914 0.599 47.1745 78.4309 299.536 659.866 662.18 2.314 5.307 0.1 526749 23120
2013 02 28 14 05 50.870 50.786 157.485 52.8 29.9029 -7.2914 0.599 346.67 98.5434 299.5 810.63 811.30 0.67 4.487 0.1 526847 23120
2013 03 01 13 20 52.900 50.832 157.625 58 29.9029 -7.2914 0.599 346.792 98.519 300.638 810.738 810.58 -0.158 4.487 0.1 526856 23120
2013 03 19 03 29 02.700 -58.981 -24.569 52 29.9029 -7.2914 0.599 14.9451 89.7103 301.045 772.345 774.01 1.665 4.642 0.1 527097 23120
2013 03 24 04 18 37.210 50.662 160.233 30 29.9029 -7.2914 0.599 349.051 99.0321 300.537 817.327 816.31 -1.017 4.474 0.1 527159 23120
2013 04 09 11 52 50.190 28.446 51.629 12.8 29.9029 -7.2914 0.599 286.79 50.9669 299.658 540.468 540.62 0.152 7.530 0.1 527405 23120
2013 04 16 10 44 19.30 27.97 62.136 63.1 29.9029 -7.2914 0.599 290.03 59.9143 298.251 597.221 598.67 1.449 6.863 0.1 527535 23120
2013 04 20 00 02 47.980 30.268 103.02 18 29.9029 -7.2914 0.599 305.474 90.6876 301.733 781.753 780.67 -1.083 4.641 0.1 553182 23120
2013 04 22 01 16 32.560 18.041 -102.198 31.5 29.9029 -7.2914 0.599 60.2335 85.2952 301.565 754.005 753.18 -0.825 5.005 0.1 527690 23120
2013 05 11 02 08 11.290 26.658 57.843 15.1 29.9029 -7.2914 0.599 289.627 56.7634 301.142 583.852 582.64 -1.212 7.107 0.1 527912 23120
2013 05 24 05 44 49.880 54.815 153.391 607 29.9029 -7.2914 0.599 343.265 94.0026 298.298 731.418 732.76 1.342 4.551 0.1 528250 23120
2013 05 24 14 56 31.600 52.135 151.568 632 29.9029 -7.2914 0.599 341.638 96.2341 297.793 738.193 740.62 2.427 4.487 0.1 528265 23120
2011 06 20 16 36 00.870 -21.771 -68.383 126.2 30.0885 -6.87492 0.692 51.0325 78.4413 300.291 705.421 707.74 2.319 5.479 0.1 516819 23121
2011 06 24 03 09 38.920 51.98 -171.82 49.8 30.0885 -6.87492 0.692 13.1159 97.2211 300.735 806.815 805.70 -1.115 4.525 0.1 516862 23121
2011 07 16 00 26 12.360 -33.875 -72.1 20.5 30.0885 -6.87492 0.692 51.9237 88.5429 300.493 771.133 772.18 1.047 4.722 0.1 517320 23121
2011 07 16 19 59 12.930 54.771 -161.316 40.9 30.0885 -6.87492 0.692 21.9833 92.6655 300.986 787.056 785.96 -1.096 4.623 0.1 517334 23121
2011 07 19 19 35 43.380 40.156 71.501 19.5 30.0885 -6.87492 0.692 287.651 62.9832 299.185 623.805 624.35 0.545 6.653 0.1 551088 23121
2011 08 24 17 46 11.560 -7.62 -74.538 149.3 30.0885 -6.87492 0.692 56.1414 74.8816 300.709 684.149 684.66 0.511 5.735 0.1 517876 23121
2011 09 02 10 55 54.990 52.101 -171.718 46 30.0885 -6.87492 0.692 13.2004 97.0888 299.397 804.407 805.54 1.133 4.529 0.1 518006 23121
2011 09 02 13 47 10.700 -28.413 -63.136 592.7 30.0885 -6.87492 0.692 47.2064 79.1689 299.831 663.131 665.48 2.349 5.246 0.1 518009 23121
2011 09 03 04 48 58.780 -56.561 -26.923 96.3 30.0885 -6.87492 0.692 17.2955 87.9737 300.421 758.641 760.73 2.089 4.739 0.1 518020 23121
2011 09 09 19 41 33.130 49.388 -127.064 15.4 30.0885 -6.87492 0.692 48.7989 84.6754 299.267 752.137 751.73 -0.407 5.070 0.1 553197 23121
2011 09 18 12 40 49.580 27.803 88.153 29.6 30.0885 -6.87492 0.692 298.926 80.5518 302.333 730.753 728.61 -2.143 5.375 0.1 518230 23121
2011 10 14 06 10 14.730 54.073 123.813 13.9 30.0885 -6.87492 0.692 318.79 85.9866 300.942 759.212 758.44 -0.772 4.966 0.1 551442 23121
2011 10 23 10 41 22.10 38.729 43.446 7.6 30.0885 -6.87492 0.692 273.89 41.958 298.561 469.551 470.67 1.119 8.178 0.1 518671 23121
2011 10 23 20 45 37.20 38.589 43.116 10.1 30.0885 -6.87492 0.692 273.86 41.7097 299.411 467.391 468.25 0.859 8.195 0.1 518698 23121
2011 10 28 18 54 34.750 -14.557 -76.12 29 30.0885 -6.87492 0.692 55.3703 80.0485 300.859 726.109 727.44 1.331 5.393 0.1 518760 23121
2011 11 07 22 35 25.320 11.691 -85.783 177.2 30.0885 -6.87492 0.692 61.8528 74.7071 300.17 679.85 679.83 -0.02 5.749 0.1 518915 23121
2011 11 17 01 57 04.790 -1.747 -81.705 19.6 30.0885 -6.87492 0.692 58.8576 77.7843 301.555 715.765 715.94 0.175 5.568 0.1 519021 23121
2011 11 22 18 48 16.290 -15.308 -65.163 560.3 30.0885 -6.87492 0.692 50.8216 72.0159 300.363 627.073 628.36 1.287 5.778 0.1 519114 23121
2011 12 07 22 23 07.780 -27.932 -71.134 13.8 30.0885 -6.87492 0.692 51.6914 84.2254 301.449 751.669 752.06 0.391 5.069 0.1 519310 23121
2011 12 11 01 47 25.400 17.902 -99.929 65.4 30.0885 -6.87492 0.692 60.5295 83.775 299.268 740.868 741.48 0.612 5.115 0.1 519351 23121
2011 12 11 09 54 56.480 -56.049 -28.213 130.6 30.0885 -6.87492 0.692 18.3984 87.7054 299.405 751.925 755.47 3.545 4.751 0.1 550967 23121
2011 12 27 15 21 57.570 51.834 95.964 12.8 30.0885 -6.87492 0.692 298.591 74.2364 298.99 694.42 695.37 0.95 5.849 0.1 519571 23121
2012 01 10 18 37 00.190 2.43 93.208 20.9 30.0885 -6.87492 0.692 300.606 97.504 302.474 814.284 812.24 -2.044 4.510 0.1 519785 23121
2012 01 21 18 47 13.480 14.933 -93.142 63.5 30.0885 -6.87492 0.692 61.5947 79.4973 299.122 717.642 719.26 1.618 5.439 0.1 519956 23121
2012 01 23 16 04 53.300 -36.455 -73.181 23.5 30.0885 -6.87492 0.692 52.5354 90.8198 300.017 780.717 782.37 1.653 4.637 0.1 519982 23121
2012 01 30 05 10 59.460 -14.213 -75.658 34.2 30.0885 -6.87492 0.692 55.261 79.4858 301.16 723.7 723.63 -0.07 5.434 0.1 520094 23121
2012 03 25 22 37 06.560 -35.203 -72.126 28.2 30.0885 -6.87492 0.692 51.9197 89.3769 301.414 773.854 774.97 1.116 4.654 0.1 553198 23121
2012 04 17 03 50 15.280 -32.637 -71.564 29.7 30.0885 -6.87492 0.692 51.6555 87.4263 299.805 763.525 765.49 1.965 4.808 0.1 521513 23121
2012 04 17 19 03 57.120 -59.187 -16.807 13.6 30.0885 -6.87492 0.692 8.59798 89.3224 302.635 777.515 777.52 0.005 4.653 0.1 553177 23121
2012 05 14 10 00 39.800 -17.796 -69.792 108.7 30.0885 -6.87492 0.692 52.3606 77.0312 299.454 699.654 701.79 2.136 5.590 0.1 521959 23121
2012 05 24 22 47 46.470 73.027 5.505 8.2 30.0885 -6.87492 0.692 195.663 43.4924 301.009 483.539 483.23 -0.309 8.070 0.1 553179 23121
2012 05 28 05 07 23.520 -28.021 -63.113 591.1 30.0885 -6.87492 0.692 47.2485 78.8888 300.467 662.947 664.13 1.183 5.269 0.1 553199 23121
2012 06 02 07 52 54.600 -22.101 -63.657 539.4 30.0885 -6.87492 0.692 48.5569 75.3013 300.306 646.706 648.99 2.284 5.555 0.1 553200 23121
2012 06 04 00 45 16.380 5.294 -82.632 15 30.0885 -6.87492 0.692 60.4025 75.045 301.118 701.738 700.93 -0.808 5.771 0.1 522270 23121
2012 06 04 03 15 24.590 5.45 -82.563 9.5 30.0885 -6.87492 0.692 60.436 74.9088 303.041 703.451 701.04 -2.411 5.782 0.1 522271 23121
2012 06 07 04 05 04.70 -36.051 -70.854 5.8 30.0885 -6.87492 0.692 51.1645 89.0916 301.234 777.164 777.26 0.096 4.681 0.1 553201 23121
2012 06 07 16 03 18.520 -15.911 -72.472 106.7 30.0885 -6.87492 0.692 53.8075 77.9577 300.656 706.136 707.07 0.934 5.521 0.1 522329 23121
2012 06 10 12 44 16.360 36.384 28.967 32 30.0885 -6.87492 0.692 268.597 30.5076 303.511 373.151 369.62 -3.531 8.834 0.1 522378 23121
2012 06 24 03 15 01.980 57.501 163.414 16 30.0885 -6.87492 0.692 351.586 92.3673 301.287 789.307 788.12 -1.187 4.628 0.1 522562 23121
2012 06 29 21 07 32.950 43.433 84.612 17.1 30.0885 -6.87492 0.692 293.614 71.0138 301.944 676.994 675.66 -1.334 6.080 0.1 522641 23121
2012 07 26 05 33 33.860 -17.55 66.29 16.2 30.0885 -6.87492 0.692 303.598 84.8376 301.798 753.938 754.39 0.452 5.026 0.1 523026 23121
2012 08 02 09 38 31.250 -8.454 -74.272 148.8 30.0885 -6.87492 0.692 55.8809 75.1265 302.824 687.574 686.15 -1.424 5.716 0.1 523107 23121
2012 08 10 18 37 42.870 52.471 -167.422 12.3 30.0885 -6.87492 0.692 16.8733 96.0463 301.252 807.382 805.64 -1.742 4.558 0.1 523239 23121
2012 08 11 12 23 17.670 38.402 46.838 8.7 30.0885 -6.87492 0.692 276.096 44.6353 300.241 491.571 492.09 0.519 7.991 0.1 523253 23121
2012 08 11 12 34 36.600 38.379 46.795 18.9 30.0885 -6.87492 0.692 276.096 44.6041 299.594 488.994 490.24 1.246 7.990 0.1 523255 23121
2012 08 12 10 47 07.390 35.652 82.541 14 30.0885 -6.87492 0.692 294.836 72.7436 301.95 688.56 686.70 -1.86 5.954 0.1 523270 23121
2012 08 14 02 59 38.860 49.75 145.305 590.7 30.0885 -6.87492 0.692 335.964 96.7517 298.981 745.121 746.65 1.529 4.478 0.1 523282 23121
2012 08 30 13 43 25.300 71.446 -11.034 11.1 30.0885 -6.87492 0.692 174.553 41.471 300.947 466.647 466.42 -0.227 8.209 0.1 553178 23121
2012 09 05 14 42 07.730 10.024 -85.388 20.7 30.0885 -6.87492 0.692 61.4845 75.1517 300.887 700.157 700.44 0.283 5.764 0.1 523691 23121
2012 09 25 23 45 24.370 24.774 -110.183 8.1 30.0885 -6.87492 0.692 57.536 88.4807 299.685 771.315 772.17 0.855 4.760 0.1 524027 23121
2012 09 30 16 31 34.70 1.907 -76.371 155.2 30.0885 -6.87492 0.692 58.962 71.3428 301.187 663.117 662.88 -0.237 5.999 0.1 524079 23121
2012 10 24 00 45 33.800 10.074 -85.371 22.3 30.0885 -6.87492 0.692 61.4969 75.1133 299.832 699.032 699.99 0.958 5.766 0.1 553202 23121
2012 10 28 03 04 07.790 52.677 -132.172 7.4 30.0885 -6.87492 0.692 45.2601 84.7923 299.366 752.576 753.59 1.014 5.063 0.1 524471 23121
2012 10 28 18 54 20.230 52.538 -132.659 5.1 30.0885 -6.87492 0.692 44.884 85.1009 300.518 756.288 755.53 -0.758 5.040 0.1 524515 23121
2012 10 30 02 49 01.320 52.145 -132.111 9.5 30.0885 -6.87492 0.692 45.2727 85.1408 301.287 756.967 755.00 -1.967 5.036 0.1 524556 23121
2012 11 07 16 35 49.310 14.031 -92.066 38.7 30.0885 -6.87492 0.692 61.6183 79.0068 300.094 718.784 719.45 0.666 5.481 0.1 553203 23121
2012 11 08 02 01 49.700 49.126 -128.541 11 30.0885 -6.87492 0.692 47.7213 85.5721 298.562 755.862 756.96 1.098 5.000 0.1 553204 23121
2012 11 10 14 57 50.210 -8.936 -75.088 128.6 30.0885 -6.87492 0.692 56.0176 76.063 300.04 692.83 693.74 0.91 5.658 0.1 524739 23121
2012 11 12 20 42 15.870 57.557 -142.859 19 30.0885 -6.87492 0.692 37.1845 85.1712 299.624 752.754 753.48 0.726 5.033 0.1 524794 23121
2012 11 14 19 02 05.690 -29.178 -71.386 61.5 30.0885 -6.87492 0.692 51.7335 85.1686 298.86 747.17 750.52 3.35 4.982 0.1 553205 23121
2012 11 15 09 20 21.450 18.199 -100.524 57.9 30.0885 -6.87492 0.692 60.4031 84.122 299.769 743.319 744.10 0.781 5.090 0.1 524840 23121
2012 11 16 18 12 43.260 49.236 155.654 50.8 30.0885 -6.87492 0.692 344.703 99.5066 299.208 815.948 815.84 -0.108 4.457 0.1 524862 23121
2012 12 14 10 36 01.840 31.112 -119.627 15.8 30.0885 -6.87492 0.692 53.0967 91.7773 298.855 784.015 786.04 2.025 4.633 0.1 553206 23121
2013 01 05 08 58 19.180 55.234 -134.8 3.1 30.0885 -6.87492 0.692 43.423 84.0457 303.618 754.438 750.48 -3.958 5.123 0.1 525642 23121
2013 01 28 16 38 53.840 42.582 79.721 14.3 30.0885 -6.87492 0.692 291.093 68.0189 301.344 658.504 657.66 -0.844 6.297 0.1 525963 23121
2013 01 30 20 15 43.390 -28.109 -70.888 46.1 30.0885 -6.87492 0.692 51.5486 84.1644 299.693 745.303 747.24 1.937 5.066 0.1 553207 23121
2013 02 09 14 16 06.960 1.034 -77.462 144.2 30.0885 -6.87492 0.692 58.876 72.7246 301.226 672.266 672.34 0.074 5.901 0.1 526478 23121
2013 02 14 13 13 52.720 67.517 142.701 8.9 30.0885 -6.87492 0.692 333.537 80.0372 299.744 728.024 728.34 0.316 5.428 0.1 526587 23121
2013 02 22 12 01 58.670 -27.905 -63.134 585.6 30.0885 -6.87492 0.692 47.2775 78.824 300.341 662.671 664.26 1.589 5.277 0.1 526749 23121
2013 02 28 14 05 50.870 50.786 157.485 52.8 30.0885 -6.87492 0.692 346.342 98.2995 299.876 810.006 810.20 0.194 4.494 0.1 526847 23121
2013 03 01 13 20 52.900 50.832 157.625 58 30.0885 -6.87492 0.692 346.464 98.2756 300.549 809.649 809.48 -0.169 4.494 0.1 526856 23121
2013 03 19 03 29 02.700 -58.981 -24.569 52 30.0885 -6.87492 0.692 15.2732 89.9493 301.088 773.388 775.12 1.732 4.642 0.1 527097 23121
