2010 08 16 03 30 54.210 -17.807 65.602 14.7 -10.9505 31.0691 1.211 276.771 34.0974 301.07 403.875 403.93 0.055 8.679 0.1 510398 22509
2010 08 21 05 42 54.130 2.198 96.723 33.2 -10.9505 31.0691 1.211 257.154 66.5871 302.506 648.391 646.93 -1.461 6.382 0.1 510452 22509
2010 09 17 19 21 15.200 36.535 70.969 215.4 -10.9505 31.0691 1.211 226.462 60.3367 300.401 586.216 587.38 1.164 6.750 0.1 551205 22509
2010 12 08 05 24 35.150 -56.431 -25.64 29 -10.9505 31.0691 1.211 67.3013 62.8467 298.583 621.448 623.12 1.672 6.650 0.1 551229 22509
2010 12 20 18 41 59.920 28.368 59.15 14.5 -10.9505 31.0691 1.211 218.755 47.5983 300.493 514.588 516.68 2.092 7.756 0.1 550837 22509
2011 01 01 09 56 58.460 -26.851 -63.237 584.3 -10.9505 31.0691 1.211 101.641 88.9162 302.217 713.772 712.64 -1.132 4.637 0.1 512345 22509
2011 01 17 19 20 56.910 -5.103 102.602 39.1 -10.9505 31.0691 1.211 260.223 70.9419 301.883 673.993 673.20 -0.793 6.067 0.1 512592 22509
2011 01 18 11 33 44.980 2.575 96.381 23.7 -10.9505 31.0691 1.211 256.948 66.338 300.925 645.965 646.70 0.735 6.403 0.1 550842 22509
2011 01 18 20 23 25.570 28.683 63.994 79.9 -10.9505 31.0691 1.211 223.656 50.6435 302.063 531.513 532.27 0.757 7.509 0.1 512610 22509
2011 01 24 02 45 30.500 38.401 72.846 101.9 -10.9505 31.0691 1.211 227.415 62.6996 301.348 613.868 615.19 1.322 6.625 0.1 512688 22509
2011 01 26 15 42 29.720 2.165 96.812 23.8 -10.9505 31.0691 1.211 257.18 66.6665 306.316 653.616 648.78 -4.836 6.378 0.1 512715 22509
2011 01 27 08 38 30.40 28.151 59.052 18.5 -10.9505 31.0691 1.211 218.772 47.3756 303.108 515.088 514.32 -0.768 7.770 0.1 512724 22509
2011 01 29 06 55 26.330 70.868 -6.908 6.4 -10.9505 31.0691 1.211 142.693 85.5811 301.036 759.726 759.92 0.194 4.963 0.1 550705 22509
2011 02 04 13 53 46.330 24.609 94.734 86.5 -10.9505 31.0691 1.211 248.19 71.4351 300.884 670.574 671.49 0.916 6.010 0.1 512855 22509
2011 02 15 13 33 54.340 -2.489 121.468 26.8 -10.9505 31.0691 1.211 259.114 89.9249 304.447 780.127 776.66 -3.467 4.643 0.1 513004 22509
2011 03 06 14 32 36.940 -56.386 -27.025 92 -10.9505 31.0691 1.211 68.6198 63.5434 299.28 618.35 620.65 2.3 6.583 0.1 553192 22509
2011 03 06 14 32 42.100 -56.41 -26.68 101.2 -10.9505 31.0691 1.211 68.2867 63.3738 296.383 614.268 618.54 4.272 6.591 0.1 553192 22509
2011 03 10 17 08 37.320 -6.856 116.73 518.6 -10.9505 31.0691 1.211 259.664 84.4821 300.712 697.402 697.81 0.408 4.899 0.1 513310 22509
2010 03 30 16 54 47.370 13.612 92.874 38.5 -8.8263 34.0284 1.1 252.432 62.5177 300.415 619.06 619.96 0.9 6.667 0.1 552744 22493
2010 04 06 22 15 02.130 2.36 97.111 33.4 -8.8263 34.0284 1.1 259.043 63.8447 300.9 629.785 629.11 -0.675 6.581 0.1 508706 22493
2010 08 21 05 42 54.130 2.198 96.723 33.2 -12.171 26.367 1.393 256.455 71.307 305.422 681.302 676.25 -5.052 6.042 0.1 510452 22510
2010 09 17 19 21 15.200 36.535 70.969 215.4 -12.171 26.367 1.393 229.744 64.1156 300.873 611.683 612.35 0.667 6.483 0.1 551205 22510
2010 10 25 14 42 22.180 -3.524 100.104 20 -12.171 26.367 1.393 258.418 73.3746 301.104 690.934 690.39 -0.544 5.895 0.1 511191 22510
2010 10 25 19 37 30.470 -3.006 100.37 22.6 -12.171 26.367 1.393 258.27 73.7387 301.217 692.757 692.17 -0.587 5.867 0.1 553190 22510
2010 11 10 04 05 25.140 -45.599 96.364 15.3 -12.171 26.367 1.393 275.663 67.4183 300.931 654.801 654.55 -0.251 6.331 0.1 511358 22510
2010 12 20 18 41 59.920 28.368 59.15 14.5 -12.171 26.367 1.393 222.729 51.2861 300.955 543.045 544.76 1.715 7.487 0.1 550837 22510
2011 01 01 09 56 58.460 -26.851 -63.237 584.3 -12.171 26.367 1.393 100.664 84.2523 300.839 690.389 690.57 0.181 4.894 0.1 512345 22510
2011 01 17 19 20 56.910 -5.103 102.602 39.1 -12.171 26.367 1.393 258.797 75.5071 302.221 701.321 700.13 -1.191 5.730 0.1 512592 22510
2011 01 18 11 33 44.980 2.575 96.381 23.7 -12.171 26.367 1.393 256.29 71.0632 301.533 676.563 676.15 -0.413 6.060 0.1 550842 22510
2011 01 18 20 23 25.570 28.683 63.994 79.9 -12.171 26.367 1.393 227.147 54.5198 302.557 560.997 560.80 -0.197 7.227 0.1 512610 22510
2011 01 24 02 45 30.500 38.401 72.846 101.9 -12.171 26.367 1.393 230.662 66.4552 300.81 638.32 639.55 1.23 6.355 0.1 512688 22510
2011 01 26 15 42 29.720 2.165 96.812 23.8 -12.171 26.367 1.393 256.476 71.3858 306.863 684.153 678.08 -6.073 6.039 0.1 512715 22510
2011 01 27 08 38 30.40 28.151 59.052 18.5 -12.171 26.367 1.393 222.75 51.0686 301.434 542.404 542.49 0.086 7.502 0.1 512724 22510
2011 01 29 06 55 26.330 70.868 -6.908 6.4 -12.171 26.367 1.393 147.461 85.8841 300.652 760.332 761.49 1.158 4.937 0.1 550705 22510
2011 02 04 13 53 46.330 24.609 94.734 86.5 -12.171 26.367 1.393 249.494 76.0326 301.792 698.472 698.33 -0.142 5.672 0.1 512855 22510
2011 03 06 14 32 36.940 -56.386 -27.025 92 -12.171 26.367 1.393 64.8757 60.1057 298.882 594.952 597.63 2.678 6.830 0.1 553192 22510
2011 03 06 14 32 42.100 -56.41 -26.68 101.2 -12.171 26.367 1.393 64.5291 59.9426 295.867 590.752 595.53 4.778 6.839 0.1 553192 22510
2011 03 10 17 08 37.320 -6.856 116.73 518.6 -12.171 26.367 1.393 257.949 88.9291 300.663 718.353 718.88 0.527 4.639 0.1 513310 22510
2011 03 24 13 55 13.390 20.629 99.917 12.8 -12.171 26.367 1.393 252.638 79.2814 300.727 725.347 725.52 0.173 5.457 0.1 514977 22510
2010 01 17 12 00 01.570 -57.692 -66.037 10 -7.762 35.6864 1.561 103.999 89.7107 301.694 779.139 777.97 -1.169 4.656 0.1 553939 22494
2010 02 05 06 59 07.360 -47.934 99.51 16 -7.762 35.6864 1.561 284.701 66.8419 301.604 652.259 651.07 -1.189 6.368 0.1 507438 22494
2010 03 04 00 18 52.300 22.93 120.8 27 -7.762 35.6864 1.561 260.999 88.5192 300.097 769.812 770.27 0.458 4.737 0.1 508109 22494
2010 03 05 16 07 00.00 -3.838 100.915 24.2 -7.762 35.6864 1.561 263.264 64.9624 301.722 638.737 637.64 -1.097 6.505 0.1 508158 22494
2010 03 08 02 32 35.40 38.788 40.044 12.2 -7.762 35.6864 1.561 185.959 46.488 301.416 507.391 508.81 1.419 7.833 0.1 508208 22494
2010 03 25 05 29 26.330 13.829 120.013 24.6 -7.762 35.6864 1.561 261.147 86.3712 300.495 760.18 760.19 0.01 4.906 0.1 550442 22494
2010 03 30 16 54 47.370 13.612 92.874 38.5 -7.762 35.6864 1.561 252.912 60.6118 302.115 607.76 607.09 -0.67 6.811 0.1 552744 22494
2010 05 05 16 29 03.110 -4.139 101.105 26.3 -7.762 35.6864 1.561 263.4 65.116 303.357 641.257 638.34 -2.917 6.493 0.1 509087 22494
2010 05 09 05 59 42.340 3.732 96.027 42.3 -7.762 35.6864 1.561 259.115 61.271 301.277 610.947 610.94 -0.007 6.762 0.1 509134 22494
2010 05 25 10 09 06.280 35.283 -35.936 15.4 -7.762 35.6864 1.561 107.106 79.7202 302.539 729.269 727.56 -1.709 5.423 0.1 550452 22494
2010 05 31 10 16 02.640 6.937 123.962 34.3 -7.762 35.6864 1.561 262.138 89.2261 300.338 771.708 772.38 0.672 4.682 0.1 553189 22494
2010 05 31 19 51 47.690 11.21 93.651 131.6 -7.762 35.6864 1.561 254.487 60.6704 301.544 597.864 597.40 -0.464 6.771 0.1 509381 22494
2010 06 12 19 26 50.50 7.85 91.954 31.4 -7.762 35.6864 1.561 255.861 58.197 301.911 591.871 591.19 -0.681 6.984 0.1 509523 22494
2010 08 16 03 30 54.210 -17.807 65.602 14.7 -10.1708 32.6457 1.301 278.909 32.8268 301.511 393.311 392.88 -0.431 8.750 0.1 510398 22513
2010 08 21 05 42 54.130 2.198 96.723 33.2 -10.1708 32.6457 1.301 257.783 64.9517 304.125 640.005 636.39 -3.615 6.502 0.1 510452 22513
2010 09 17 19 21 15.200 36.535 70.969 215.4 -10.1708 32.6457 1.301 225.539 58.7972 301.244 576.054 576.89 0.836 6.863 0.1 551205 22513
2010 10 25 14 42 22.180 -3.524 100.104 20 -10.1708 32.6457 1.301 260.506 67.2061 301.095 652.925 652.65 -0.275 6.342 0.1 511191 22513
2010 10 25 19 37 30.470 -3.006 100.37 22.6 -10.1708 32.6457 1.301 260.298 67.5537 301.386 654.926 654.49 -0.436 6.317 0.1 553190 22513
2010 11 10 04 05 25.140 -45.599 96.364 15.3 -10.1708 32.6457 1.301 281.977 64.4705 300.888 635.758 635.77 0.012 6.543 0.1 511358 22513
2010 12 08 05 24 35.150 -56.431 -25.64 29 -10.1708 32.6457 1.301 68.324 64.318 299.603 631.468 632.84 1.372 6.549 0.1 551229 22513
2010 12 20 18 41 59.920 28.368 59.15 14.5 -10.1708 32.6457 1.301 217.574 46.0945 301.23 503.325 504.93 1.605 7.865 0.1 550837 22513
2011 01 17 19 20 56.910 -5.103 102.602 39.1 -10.1708 32.6457 1.301 261.093 69.4146 303.967 666.072 663.86 -2.212 6.178 0.1 512592 22513
2011 01 18 11 33 44.980 2.575 96.381 23.7 -10.1708 32.6457 1.301 257.563 64.6978 300.966 636.001 636.10 0.099 6.523 0.1 550842 22513
2011 01 18 20 23 25.570 28.683 63.994 79.9 -10.1708 32.6457 1.301 222.671 49.0826 301.652 520.097 520.45 0.353 7.623 0.1 512610 22513
2011 01 24 02 45 30.500 38.401 72.846 101.9 -10.1708 32.6457 1.301 226.501 61.1652 299.897 602.412 604.94 2.528 6.735 0.1 512688 22513
2011 01 26 15 42 29.720 2.165 96.812 23.8 -10.1708 32.6457 1.301 257.811 65.0317 306.366 643.661 638.25 -5.411 6.499 0.1 512715 22513
2011 01 27 08 38 30.40 28.151 59.052 18.5 -10.1708 32.6457 1.301 217.589 45.8705 302.426 502.401 502.53 0.129 7.880 0.1 512724 22513
2011 01 29 06 55 26.330 70.868 -6.908 6.4 -10.1708 32.6457 1.301 141.01 85.1441 300.966 756.651 757.71 1.059 5.001 0.1 550705 22513
2011 02 04 13 53 46.330 24.609 94.734 86.5 -10.1708 32.6457 1.301 248.054 69.7067 300.554 660.239 660.98 0.741 6.135 0.1 512855 22513
2011 02 15 13 33 54.340 -2.489 121.468 26.8 -10.1708 32.6457 1.301 259.952 88.4079 303.469 772.144 769.55 -2.594 4.750 0.1 513004 22513
2011 03 06 14 32 36.940 -56.386 -27.025 92 -10.1708 32.6457 1.301 69.626 65.0204 299.265 628.34 630.30 1.96 6.476 0.1 553192 22513
2011 03 06 14 32 42.100 -56.41 -26.68 101.2 -10.1708 32.6457 1.301 69.2973 64.8492 296.204 624.094 628.19 4.096 6.485 0.1 553192 22513
2011 03 10 17 08 37.320 -6.856 116.73 518.6 -10.1708 32.6457 1.301 260.597 83.0181 299.867 689.562 690.56 0.998 5.015 0.1 513310 22513
2011 03 24 13 55 13.390 20.629 99.917 12.8 -10.1708 32.6457 1.301 251.857 72.8523 300.772 688.397 688.92 0.523 5.929 0.1 514977 22513
2011 04 24 23 07 54.700 -4.48 122.864 28.3 -10.1708 32.6457 1.301 259.909 89.4343 302.221 775.536 774.14 -1.396 4.668 0.1 515785 22513
2011 05 14 21 07 21.810 36.425 70.723 207.6 -10.1708 32.6457 1.301 225.357 58.5789 301.574 574.779 576.19 1.411 6.881 0.1 516197 22513
2011 05 15 13 08 15.420 0.458 -25.608 18.9 -10.1708 32.6457 1.301 102.104 58.8963 306.193 602.788 597.72 -5.068 6.943 0.1 516209 22513
2011 07 15 13 26 02.850 -60.986 -23.662 8.6 -10.1708 32.6457 1.301 64.4657 65.2018 300.179 640.344 641.74 1.396 6.490 0.1 550951 22513
2011 07 19 19 35 43.380 40.156 71.501 19.5 -10.1708 32.6457 1.301 224.573 61.6478 300.13 615.765 617.68 1.915 6.728 0.1 551088 22513
2010 08 16 03 30 54.210 -17.807 65.602 14.7 -14.7948 24.8044 1.161 268.261 39.2195 301.756 448.561 447.46 -1.101 8.359 0.1 510398 22514
2010 08 21 05 42 54.130 2.198 96.723 33.2 -14.7948 24.8044 1.161 253.922 73.1227 307.322 694.207 687.12 -7.087 5.908 0.1 510452 22514
2010 09 09 07 28 01.870 -37.054 -73.535 18.6 -14.7948 24.8044 1.161 106.703 87.7064 302.547 768.692 766.92 -1.772 4.814 0.1 550938 22514
2010 09 17 19 21 15.200 36.535 70.969 215.4 -14.7948 24.8044 1.161 229.238 67.0989 300.799 630.614 631.46 0.846 6.269 0.1 551205 22514
2010 10 25 14 42 22.180 -3.524 100.104 20 -14.7948 24.8044 1.161 255.711 74.9006 300.54 699.375 699.30 -0.075 5.780 0.1 511191 22514
2010 11 10 04 05 25.140 -45.599 96.364 15.3 -14.7948 24.8044 1.161 272.479 66.7021 299.885 649.76 649.87 0.11 6.383 0.1 511358 22514
2010 12 08 05 24 35.150 -56.431 -25.64 29 -14.7948 24.8044 1.161 63.5372 56.4138 298.934 576.799 578.75 1.951 7.122 0.1 551229 22514
2010 12 20 18 41 59.920 28.368 59.15 14.5 -14.7948 24.8044 1.161 222.235 54.279 301.127 565.222 566.94 1.718 7.268 0.1 550837 22514
2011 01 01 09 56 58.460 -26.851 -63.237 584.3 -14.7948 24.8044 1.161 102.361 81.7474 300.23 677.785 678.01 0.225 5.088 0.1 512345 22514
2011 01 02 20 20 18.170 -38.39 -73.399 24.4 -14.7948 24.8044 1.161 106.565 87.2213 300.121 763.966 763.69 -0.276 4.851 0.1 512363 22514
2011 01 17 19 20 56.910 -5.103 102.602 39.1 -14.7948 24.8044 1.161 256.058 76.9343 302.942 710.052 708.22 -1.832 5.629 0.1 512592 22514
2011 01 18 11 33 44.980 2.575 96.381 23.7 -14.7948 24.8044 1.161 253.769 72.8987 301.15 687.19 687.17 -0.02 5.927 0.1 550842 22514
2011 01 18 20 23 25.570 28.683 63.994 79.9 -14.7948 24.8044 1.161 226.455 57.4836 302.409 581.859 581.99 0.131 7.007 0.1 512610 22514
2011 01 24 02 45 30.500 38.401 72.846 101.9 -14.7948 24.8044 1.161 230.193 69.4425 301.652 658.172 658.30 0.128 6.142 0.1 512688 22514
2011 01 26 15 42 29.720 2.165 96.812 23.8 -14.7948 24.8044 1.161 253.943 73.1991 307.371 694.671 688.93 -5.741 5.905 0.1 512715 22514
2010 08 16 03 30 54.210 -17.807 65.602 14.7 -10.2174 31.1401 1.386 278.052 34.2321 300.197 404.997 405.12 0.123 8.671 0.1 510398 22515
2010 08 21 05 42 54.130 2.198 96.723 33.2 -10.2174 31.1401 1.386 257.933 66.4283 307.541 652.421 645.91 -6.511 6.394 0.1 510452 22515
2010 09 17 19 21 15.200 36.535 70.969 215.4 -10.2174 31.1401 1.386 226.899 59.7101 301.176 581.986 583.10 1.114 6.797 0.1 551205 22515
2010 10 25 14 42 22.180 -3.524 100.104 20 -10.2174 31.1401 1.386 260.464 68.6885 299.871 661.701 661.97 0.269 6.236 0.1 511191 22515
2010 10 25 19 37 30.470 -3.006 100.37 22.6 -10.2174 31.1401 1.386 260.271 69.0364 301.08 663.62 663.77 0.15 6.210 0.1 553190 22515
2010 11 10 04 05 25.140 -45.599 96.364 15.3 -10.2174 31.1401 1.386 280.771 65.4737 299.616 641.486 642.27 0.784 6.469 0.1 511358 22515
2010 12 08 05 24 35.150 -56.431 -25.64 29 -10.2174 31.1401 1.386 66.9432 63.5051 298.774 625.624 627.51 1.886 6.607 0.1 551229 22515
2010 12 20 18 41 59.920 28.368 59.15 14.5 -10.2174 31.1401 1.386 219.236 46.9573 300.861 509.941 511.66 1.719 7.801 0.1 550837 22515
2011 01 01 09 56 58.460 -26.851 -63.237 584.3 -10.2174 31.1401 1.386 101.024 89.3092 301.067 714.607 714.48 -0.127 4.634 0.1 512345 22515
2011 01 17 19 20 56.910 -5.103 102.602 39.1 -10.2174 31.1401 1.386 260.995 70.8946 301.56 672.65 672.92 0.27 6.070 0.1 512592 22515
2011 01 18 11 33 44.980 2.575 96.381 23.7 -10.2174 31.1401 1.386 257.727 66.1732 299.313 643.333 645.64 2.307 6.415 0.1 550842 22515
2011 01 18 20 23 25.570 28.683 63.994 79.9 -10.2174 31.1401 1.386 224.171 50.0285 301.654 527.084 527.60 0.516 7.552 0.1 512610 22515
2011 01 26 15 42 29.720 2.165 96.812 23.8 -10.2174 31.1401 1.386 257.959 66.5084 306.666 652.946 647.76 -5.186 6.390 0.1 512715 22515
2011 01 27 08 38 30.40 28.151 59.052 18.5 -10.2174 31.1401 1.386 219.256 46.7352 302.181 509.141 509.29 0.149 7.817 0.1 512724 22515
2011 01 29 06 55 26.330 70.868 -6.908 6.4 -10.2174 31.1401 1.386 142.475 84.882 300.331 755.001 756.41 1.409 5.022 0.1 550705 22515
2011 02 04 13 53 46.330 24.609 94.734 86.5 -10.2174 31.1401 1.386 248.815 71.0049 300.387 668.057 668.87 0.813 6.041 0.1 512855 22515
2011 02 15 13 33 54.340 -2.489 121.468 26.8 -10.2174 31.1401 1.386 259.845 89.8869 304.697 780.357 776.48 -3.877 4.643 0.1 513004 22515
2011 03 06 14 32 36.940 -56.386 -27.025 92 -10.2174 31.1401 1.386 68.259 64.1996 299.511 622.591 624.98 2.389 6.536 0.1 553192 22515
2011 03 06 14 32 42.100 -56.41 -26.68 101.2 -10.2174 31.1401 1.386 67.9267 64.0306 295.29 617.185 622.88 5.695 6.544 0.1 553192 22515
2011 03 10 17 08 37.320 -6.856 116.73 518.6 -10.2174 31.1401 1.386 260.399 84.4879 300.193 696.893 697.84 0.947 4.898 0.1 513310 22515
2011 03 24 13 55 13.390 20.629 99.917 12.8 -10.2174 31.1401 1.386 252.468 74.2144 300.677 696.307 696.91 0.603 5.829 0.1 514977 22515
2011 04 01 13 29 11.510 35.731 26.546 75.5 -10.2174 31.1401 1.386 173.697 45.9048 301.435 494.945 496.91 1.965 7.848 0.1 515229 22515
2011 04 03 20 06 43.260 -9.734 107.769 31.9 -10.2174 31.1401 1.386 261.947 75.2853 300.064 698.824 699.72 0.896 5.750 0.1 515284 22515
2010 01 05 04 55 38.890 -58.464 -14.859 10 -4.878 29.633 0.821 51.257 63.548 300.112 629.237 631.12 1.883 6.604 0.1 507018 22484
2010 01 17 12 00 01.570 -57.692 -66.037 10 -4.878 29.633 0.821 97.3788 88.9465 302.298 775.743 774.56 -1.183 4.713 0.1 553939 22484
2010 02 05 06 59 07.360 -47.934 99.51 16 -4.878 29.633 0.821 281.886 72.9597 302.077 689.732 688.71 -1.022 5.925 0.1 507438 22484
2010 03 05 16 07 00.00 -3.838 100.915 24.2 -4.878 29.633 0.821 266.18 71.0543 306.584 681.599 675.92 -5.679 6.062 0.1 508158 22484
2010 03 08 02 32 35.40 38.788 40.044 12.2 -4.878 29.633 0.821 194.885 44.5036 298.738 489.713 492.93 3.217 7.977 0.1 508208 22484
2010 05 05 16 29 03.110 -4.139 101.105 26.3 -4.878 29.633 0.821 266.273 71.2237 304.385 680.29 676.65 -3.64 6.051 0.1 509087 22484
2010 05 09 05 59 42.340 3.732 96.027 42.3 -4.878 29.633 0.821 263.125 66.8763 302.879 649.554 647.68 -1.874 6.358 0.1 509134 22484
2010 05 31 19 51 47.690 11.21 93.651 131.6 -4.878 29.633 0.821 259.427 65.6703 302.756 632.081 630.27 -1.811 6.414 0.1 509381 22484
2010 06 12 19 26 50.50 7.85 91.954 31.4 -4.878 29.633 0.821 260.574 63.4412 301.583 627.548 626.77 -0.778 6.610 0.1 509523 22484
2010 08 16 03 30 54.210 -17.807 65.602 14.7 -12.0219 29.6123 1.132 274.322 35.2088 300.565 413.365 413.50 0.135 8.611 0.1 510398 22517
2010 08 21 05 42 54.130 2.198 96.723 33.2 -12.0219 29.6123 1.132 256.205 68.1381 304.4 660.28 656.75 -3.53 6.270 0.1 510452 22517
2010 09 17 19 21 15.200 36.535 70.969 215.4 -12.0219 29.6123 1.132 227.041 62.0444 300.788 597.598 598.82 1.222 6.629 0.1 551205 22517
2010 10 25 14 42 22.180 -3.524 100.104 20 -12.0219 29.6123 1.132 258.56 70.1999 300.147 670.977 671.32 0.343 6.127 0.1 511191 22517
2010 10 25 19 37 30.470 -3.006 100.37 22.6 -12.0219 29.6123 1.132 258.384 70.5629 300.546 673.086 673.17 0.084 6.100 0.1 553190 22517
2010 11 10 04 05 25.140 -45.599 96.364 15.3 -12.0219 29.6123 1.132 278.21 65.2606 300.426 640.296 640.78 0.484 6.487 0.1 511358 22517
2010 12 08 05 24 35.150 -56.431 -25.64 29 -12.0219 29.6123 1.132 66.5502 61.1936 299.037 609.897 612.00 2.103 6.774 0.1 551229 22517
2010 12 20 18 41 59.920 28.368 59.15 14.5 -12.0219 29.6123 1.132 219.519 49.2854 300.621 527.711 529.69 1.979 7.633 0.1 550837 22517
2011 01 01 09 56 58.460 -26.851 -63.237 584.3 -12.0219 29.6123 1.132 101.946 87.1612 300.481 704.031 704.47 0.439 4.676 0.1 512345 22517
2011 01 17 19 20 56.910 -5.103 102.602 39.1 -12.0219 29.6123 1.132 259.059 72.3395 303.25 683.35 681.61 -1.74 5.965 0.1 512592 22517
2011 01 18 11 33 44.980 2.575 96.381 23.7 -12.0219 29.6123 1.132 256.011 67.8963 301.062 656.092 656.60 0.508 6.290 0.1 550842 22517
2011 01 18 20 23 25.570 28.683 63.994 79.9 -12.0219 29.6123 1.132 224.238 52.3655 301.513 543.953 545.12 1.167 7.384 0.1 512610 22517
2011 01 24 02 45 30.500 38.401 72.846 101.9 -12.0219 29.6123 1.132 227.994 64.4037 298.908 623.418 626.41 2.992 6.505 0.1 512688 22517
2011 01 26 15 42 29.720 2.165 96.812 23.8 -12.0219 29.6123 1.132 256.23 68.2166 306.446 663.736 658.59 -5.146 6.267 0.1 512715 22517
2011 01 29 06 55 26.330 70.868 -6.908 6.4 -12.0219 29.6123 1.132 144.309 86.3386 301.87 763.55 763.70 0.15 4.900 0.1 550705 22517
2011 02 04 13 53 46.330 24.609 94.734 86.5 -12.0219 29.6123 1.132 247.988 73.2059 300.58 681.26 682.04 0.78 5.880 0.1 512855 22517
2011 03 06 14 32 36.940 -56.386 -27.025 92 -12.0219 29.6123 1.132 67.8856 61.8859 298.848 606.918 609.62 2.702 6.698 0.1 553192 22517
2011 03 06 14 32 42.100 -56.41 -26.68 101.2 -12.0219 29.6123 1.132 67.548 61.7175 295.014 601.899 607.50 5.601 6.707 0.1 553192 22517
2011 03 10 17 08 37.320 -6.856 116.73 518.6 -12.0219 29.6123 1.132 258.452 85.7913 299.336 703.026 704.15 1.124 4.801 0.1 513310 22517
2011 03 24 13 55 13.390 20.629 99.917 12.8 -12.0219 29.6123 1.132 251.437 76.3286 301.043 708.663 709.11 0.447 5.672 0.1 514977 22517
2011 04 01 13 29 11.510 35.731 26.546 75.5 -12.0219 29.6123 1.132 175.935 47.581 301.08 507.58 510.05 2.47 7.727 0.1 515229 22517
2011 04 03 20 06 43.260 -9.734 107.769 31.9 -12.0219 29.6123 1.132 259.916 76.5438 298.951 705.701 706.88 1.179 5.660 0.1 515284 22517
2011 05 14 21 07 21.810 36.425 70.723 207.6 -12.0219 29.6123 1.132 226.866 61.8245 301.317 596.522 598.17 1.648 6.646 0.1 516197 22517
2011 05 15 13 08 15.420 0.458 -25.608 18.9 -12.0219 29.6123 1.132 104.738 56.1919 305.356 582.951 578.71 -4.241 7.141 0.1 516209 22517
2011 07 15 13 26 02.850 -60.986 -23.662 8.6 -12.0219 29.6123 1.132 62.4019 62.231 298.761 619.926 622.11 2.184 6.701 0.1 550951 22517
2011 07 19 19 35 43.380 40.156 71.501 19.5 -12.0219 29.6123 1.132 226.199 64.8321 299.896 636.531 638.77 2.239 6.501 0.1 551088 22517
2010 08 21 05 42 54.130 2.198 96.723 33.2 -12.1116 25.4952 1.358 256.617 72.1477 307.535 688.42 681.30 -7.12 5.979 0.1 510452 22518
2010 09 09 07 28 01.870 -37.054 -73.535 18.6 -12.1116 25.4952 1.358 105.004 89.8697 302.186 778.331 777.22 -1.111 4.643 0.1 550938 22518
2010 09 17 19 21 15.200 36.535 70.969 215.4 -12.1116 25.4952 1.358 230.518 64.6087 300.808 614.623 615.52 0.897 6.447 0.1 551205 22518
2011 01 18 11 33 44.980 2.575 96.381 23.7 -12.1116 25.4952 1.358 256.459 71.9025 302.735 682.76 681.21 -1.55 6.000 0.1 550842 22518
2011 01 18 20 23 25.570 28.683 63.994 79.9 -12.1116 25.4952 1.358 227.976 55.0409 301.816 564.251 564.54 0.289 7.189 0.1 512610 22518
2011 01 24 02 45 30.500 38.401 72.846 101.9 -12.1116 25.4952 1.358 231.427 66.9418 299.688 640.193 642.62 2.427 6.322 0.1 512688 22518
2011 01 26 15 42 29.720 2.165 96.812 23.8 -12.1116 25.4952 1.358 256.637 72.2266 307.209 689.494 683.13 -6.364 5.976 0.1 512715 22518
2011 01 27 08 38 30.40 28.151 59.052 18.5 -12.1116 25.4952 1.358 223.655 51.5492 301.306 545.271 546.07 0.799 7.467 0.1 512724 22518
2011 01 29 06 55 26.330 70.868 -6.908 6.4 -12.1116 25.4952 1.358 148.292 85.6731 301.252 759.927 760.45 0.523 4.954 0.1 550705 22518
2011 02 04 13 53 46.330 24.609 94.734 86.5 -12.1116 25.4952 1.358 249.974 76.7483 301.619 702.294 702.37 0.076 5.621 0.1 512855 22518
2011 02 11 20 05 28.880 -36.46 -73.155 12.8 -12.1116 25.4952 1.358 104.78 89.7271 301.623 777.748 777.54 -0.208 4.655 0.1 512958 22518
2011 02 14 03 40 09.250 -35.486 -73.101 17 -12.1116 25.4952 1.358 104.751 89.9324 302.416 780.171 777.80 -2.371 4.643 0.1 512991 22518
2011 03 06 14 32 36.940 -56.386 -27.025 92 -12.1116 25.4952 1.358 63.9949 59.719 300.082 593.147 595.00 1.853 6.858 0.1 553192 22518
2011 03 06 14 32 42.100 -56.41 -26.68 101.2 -12.1116 25.4952 1.358 63.646 59.5575 296.102 587.982 592.91 4.928 6.866 0.1 553192 22518
2011 05 14 21 07 21.810 36.425 70.723 207.6 -12.1116 25.4952 1.358 230.352 64.386 301.306 613.511 614.90 1.389 6.466 0.1 516197 22518
2011 05 15 13 08 15.420 0.458 -25.608 18.9 -12.1116 25.4952 1.358 105.657 52.2333 302.92 551.515 549.88 -1.635 7.428 0.1 516209 22518
2011 06 01 12 55 21.10 -37.554 -73.832 10 -12.1116 25.4952 1.358 105.182 89.9683 301.552 780.557 779.11 -1.447 4.643 0.1 516484 22518
2011 06 20 16 36 00.870 -21.771 -68.383 126.2 -12.1116 25.4952 1.358 102.603 89.1183 301.116 761.261 760.79 -0.471 4.672 0.1 516819 22518
2011 07 15 13 26 02.850 -60.986 -23.662 8.6 -12.1116 25.4952 1.358 58.3078 60.4064 302.058 610.223 609.82 -0.403 6.837 0.1 550951 22518
2011 07 16 00 26 12.360 -33.875 -72.1 20.5 -12.1116 25.4952 1.358 104.192 89.5352 300.176 774.831 775.40 0.569 4.668 0.1 517320 22518
2011 07 19 19 35 43.380 40.156 71.501 19.5 -12.1116 25.4952 1.358 229.727 67.2483 298.98 651.615 654.20 2.585 6.326 0.1 551088 22518
2010 08 16 03 30 54.210 -17.807 65.602 14.7 -13.4568 25.8337 1.251 270.645 38.4906 301.025 441.835 441.38 -0.455 8.408 0.1 510398 22519
2010 09 09 07 28 01.870 -37.054 -73.535 18.6 -13.4568 25.8337 1.251 106.262 89.3102 302.398 776.548 774.57 -1.978 4.688 0.1 550938 22519
2010 09 17 19 21 15.200 36.535 70.969 215.4 -13.4568 25.8337 1.251 229.304 65.4368 300.97 619.79 620.90 1.11 6.387 0.1 551205 22519
2010 10 25 14 42 22.180 -3.524 100.104 20 -13.4568 25.8337 1.251 257.087 73.8962 300.769 693.609 693.46 -0.149 5.857 0.1 511191 22519
2010 11 10 04 05 25.140 -45.599 96.364 15.3 -13.4568 25.8337 1.251 274.275 66.9004 298.606 649.486 651.20 1.714 6.368 0.1 511358 22519
2010 12 08 05 24 35.150 -56.431 -25.64 29 -13.4568 25.8337 1.251 63.7449 58.0678 299.03 588.9 590.47 1.57 6.996 0.1 551229 22519
2010 12 20 18 41 59.920 28.368 59.15 14.5 -13.4568 25.8337 1.251 222.262 52.616 300.895 552.995 554.70 1.705 7.390 0.1 550837 22519
2011 01 01 09 56 58.460 -26.851 -63.237 584.3 -13.4568 25.8337 1.251 101.59 83.2243 300.125 684.685 685.47 0.785 4.975 0.1 512345 22519
2011 01 02 20 20 18.170 -38.39 -73.399 24.4 -13.4568 25.8337 1.251 106.159 88.8343 301.058 771.908 771.44 -0.468 4.724 0.1 512363 22519
2011 01 17 19 20 56.910 -5.103 102.602 39.1 -13.4568 25.8337 1.251 257.46 75.9809 302.4 703.51 702.83 -0.68 5.694 0.1 512592 22519
2011 01 18 11 33 44.980 2.575 96.381 23.7 -13.4568 25.8337 1.251 255.02 71.7381 301.8 680.84 680.24 -0.6 6.013 0.1 550842 22519
2011 01 18 20 23 25.570 28.683 63.994 79.9 -13.4568 25.8337 1.251 226.601 55.8248 302.454 569.904 570.22 0.316 7.132 0.1 512610 22519
2011 01 24 02 45 30.500 38.401 72.846 101.9 -13.4568 25.8337 1.251 230.243 67.7799 301.857 647.377 647.95 0.573 6.260 0.1 512688 22519
2011 01 26 15 42 29.720 2.165 96.812 23.8 -13.4568 25.8337 1.251 255.202 72.0497 306.168 687.468 682.08 -5.388 5.989 0.1 512715 22519
2011 01 27 08 38 30.40 28.151 59.052 18.5 -13.4568 25.8337 1.251 222.278 52.3978 302.223 552.203 552.45 0.247 7.405 0.1 512724 22519
2011 01 29 06 55 26.330 70.868 -6.908 6.4 -13.4568 25.8337 1.251 148.204 87.0476 300.167 765.857 767.22 1.363 4.844 0.1 550705 22519
2011 02 04 13 53 46.330 24.609 94.734 86.5 -13.4568 25.8337 1.251 248.611 77.1127 301.045 703.735 704.45 0.715 5.595 0.1 512855 22519
2011 05 14 21 07 21.810 36.425 70.723 207.6 -13.4568 25.8337 1.251 229.137 65.215 301.374 619.564 620.30 0.736 6.407 0.1 516197 22519
2011 05 15 13 08 15.420 0.458 -25.608 18.9 -13.4568 25.8337 1.251 107.237 52.8027 306.837 559.417 554.12 -5.297 7.388 0.1 516209 22519
2011 06 01 12 55 21.10 -37.554 -73.832 10 -13.4568 25.8337 1.251 106.435 89.397 300.816 776.806 776.41 -0.396 4.683 0.1 516484 22519
2011 06 20 16 36 00.870 -21.771 -68.383 126.2 -13.4568 25.8337 1.251 103.967 88.9242 300.614 759.744 759.86 0.116 4.688 0.1 516819 22519
2011 07 15 13 26 02.850 -60.986 -23.662 8.6 -13.4568 25.8337 1.251 59.3138 59.3388 299.519 600.669 602.41 1.741 6.915 0.1 550951 22519
2011 07 16 00 26 12.360 -33.875 -72.1 20.5 -13.4568 25.8337 1.251 105.481 89.0507 301.662 774.302 773.09 -1.212 4.707 0.1 517320 22519
2011 07 19 19 35 43.380 40.156 71.501 19.5 -13.4568 25.8337 1.251 228.581 68.1274 298.643 656.263 659.80 3.537 6.261 0.1 551088 22519
2011 08 10 23 45 43.80 -7.102 -12.805 11.7 -13.4568 25.8337 1.251 102.633 38.5029 301.464 442.384 442.07 -0.314 8.407 0.1 517677 22519
2010 04 11 22 08 11.320 37.007 -3.476 619.6 -9.5986 33.8673 0.501 135.205 58.1072 303.602 538.292 537.05 -1.242 6.700 0.1 553188 22495
2010 01 05 04 55 38.890 -58.464 -14.859 10 -8.566 32.0591 1.596 55.4745 61.2536 300.08 614.2 615.58 1.38 6.771 0.1 507018 22496
2010 01 17 12 00 01.570 -57.692 -66.037 10 -8.566 32.0591 1.596 101.374 87.1326 301.632 767.072 765.72 -1.352 4.858 0.1 553939 22496
2010 03 30 16 54 47.370 13.612 92.874 38.5 -8.566 32.0591 1.596 253.446 64.26 300.181 630.826 631.45 0.624 6.548 0.1 552744 22496
2010 04 06 22 15 02.130 2.36 97.111 33.4 -8.566 32.0591 1.596 259.579 65.7479 302.186 643.071 641.50 -1.571 6.443 0.1 508706 22496
2010 04 11 22 08 11.320 37.007 -3.476 619.6 -8.566 32.0591 1.596 136.267 56.2509 301.628 524.323 524.48 0.157 6.830 0.1 553188 22496
2010 04 13 23 49 37.10 33.192 96.746 13.8 -8.566 32.0591 1.596 248.372 74.1007 301.796 696.801 696.28 -0.521 5.835 0.1 508820 22496
2010 04 14 01 25 16.450 33.149 96.489 12.2 -8.566 32.0591 1.596 248.22 73.8846 301.162 694.727 695.28 0.553 5.851 0.1 508826 22496
2010 05 05 16 29 03.110 -4.139 101.105 26.3 -8.566 32.0591 1.596 262.461 68.692 302.99 663.895 661.09 -2.805 6.234 0.1 509087 22496
2010 05 09 05 59 42.340 3.732 96.027 42.3 -8.566 32.0591 1.596 258.814 64.94 301.178 635.853 635.27 -0.583 6.500 0.1 509134 22496
2010 05 31 19 51 47.690 11.21 93.651 131.6 -8.566 32.0591 1.596 254.817 64.3375 303.001 623.326 621.75 -1.576 6.510 0.1 509381 22496
2010 06 12 19 26 50.50 7.85 91.954 31.4 -8.566 32.0591 1.596 255.963 61.8747 300.893 616.858 616.40 -0.458 6.720 0.1 509523 22496
2010 01 05 04 55 38.890 -58.464 -14.859 10 -8.4166 33.1575 1.195 56.5095 61.8654 301.455 619.57 619.69 0.12 6.725 0.1 507018 22497
2010 03 25 05 29 26.330 13.829 120.013 24.6 -8.4166 33.1575 1.195 261.132 88.9582 301.144 772.814 772.63 -0.184 4.703 0.1 550442 22497
2010 03 30 16 54 47.370 13.612 92.874 38.5 -8.4166 33.1575 1.195 253.193 63.187 299.911 623.541 624.39 0.849 6.624 0.1 552744 22497
2010 04 06 22 15 02.130 2.36 97.111 33.4 -8.4166 33.1575 1.195 259.605 64.6516 300.896 634.766 634.39 -0.376 6.524 0.1 508706 22497
2010 04 11 22 08 11.320 37.007 -3.476 619.6 -8.4166 33.1575 1.195 135.091 56.7428 301.456 527.136 527.80 0.664 6.796 0.1 553188 22497
2010 04 13 23 49 37.10 33.192 96.746 13.8 -8.4166 33.1575 1.195 247.794 73.1545 302.623 692.613 690.74 -1.873 5.904 0.1 508820 22497
2010 04 14 01 25 16.450 33.149 96.489 12.2 -8.4166 33.1575 1.195 247.641 72.9388 300.104 688.654 689.73 1.076 5.921 0.1 508826 22497
2010 05 05 16 29 03.110 -4.139 101.105 26.3 -8.4166 33.1575 1.195 262.643 67.6084 303.628 657.518 654.29 -3.228 6.312 0.1 509087 22497
2010 05 09 05 59 42.340 3.732 96.027 42.3 -8.4166 33.1575 1.195 258.804 63.8434 300.835 628.495 628.10 -0.395 6.578 0.1 509134 22497
2010 05 25 10 09 06.280 35.283 -35.936 15.4 -8.4166 33.1575 1.195 109.207 78.1572 305.008 722.728 719.05 -3.678 5.536 0.1 550452 22497
2010 05 31 19 51 47.690 11.21 93.651 131.6 -8.4166 33.1575 1.195 254.623 63.2547 303.011 616.321 614.66 -1.661 6.587 0.1 509381 22497
2010 06 12 19 26 50.50 7.85 91.954 31.4 -8.4166 33.1575 1.195 255.833 60.784 301.659 609.609 609.03 -0.579 6.801 0.1 509523 22497
2010 08 16 03 30 54.210 -17.807 65.602 14.7 -10.2498 29.921 1.455 277.402 35.3739 301.126 414.936 414.97 0.034 8.601 0.1 510398 22520
2010 08 21 05 42 54.130 2.198 96.723 33.2 -10.2498 29.921 1.455 258.052 67.6236 310.082 662.972 653.50 -9.472 6.308 0.1 510452 22520
2010 09 17 19 21 15.200 36.535 70.969 215.4 -10.2498 29.921 1.455 227.981 60.459 301.582 587.402 588.15 0.748 6.742 0.1 551205 22520
2010 10 25 14 42 22.180 -3.524 100.104 20 -10.2498 29.921 1.455 260.432 69.8885 300.788 669.628 669.40 -0.228 6.149 0.1 511191 22520
2010 10 25 19 37 30.470 -3.006 100.37 22.6 -10.2498 29.921 1.455 260.249 70.2366 301.113 671.663 671.17 -0.493 6.124 0.1 553190 22520
2010 11 10 04 05 25.140 -45.599 96.364 15.3 -10.2498 29.921 1.455 279.81 66.2929 299.328 646.208 647.52 1.312 6.410 0.1 511358 22520
2010 12 08 05 24 35.150 -56.431 -25.64 29 -10.2498 29.921 1.455 65.8109 62.857 299.139 622.009 623.24 1.231 6.649 0.1 551229 22520
2010 12 20 18 41 59.920 28.368 59.15 14.5 -10.2498 29.921 1.455 220.548 47.6727 301.346 515.446 517.20 1.754 7.751 0.1 550837 22520
2011 01 01 09 56 58.460 -26.851 -63.237 584.3 -10.2498 29.921 1.455 100.509 88.2246 300.653 709.213 709.46 0.247 4.641 0.1 512345 22520
2011 01 17 19 20 56.910 -5.103 102.602 39.1 -10.2498 29.921 1.455 260.918 72.0928 302.527 681.637 680.14 -1.497 5.983 0.1 512592 22520
2011 01 18 11 33 44.980 2.575 96.381 23.7 -10.2498 29.921 1.455 257.857 67.3676 302.036 654.076 653.25 -0.826 6.329 0.1 550842 22520
2011 01 18 20 23 25.570 28.683 63.994 79.9 -10.2498 29.921 1.455 225.356 50.8079 301.587 533.037 533.44 0.403 7.498 0.1 512610 22520
2011 01 24 02 45 30.500 38.401 72.846 101.9 -10.2498 29.921 1.455 228.901 62.8121 302.235 615.755 615.89 0.135 6.618 0.1 512688 22520
2011 01 26 15 42 29.720 2.165 96.812 23.8 -10.2498 29.921 1.455 258.077 67.7039 305.883 660.183 655.35 -4.833 6.304 0.1 512715 22520
2011 01 27 08 38 30.40 28.151 59.052 18.5 -10.2498 29.921 1.455 220.57 47.4522 301.875 514.855 514.85 -0.005 7.765 0.1 512724 22520
2011 02 04 13 53 46.330 24.609 94.734 86.5 -10.2498 29.921 1.455 249.423 72.0578 300.917 674.607 675.18 0.573 5.964 0.1 512855 22520
2011 03 06 14 32 36.940 -56.386 -27.025 92 -10.2498 29.921 1.455 67.1384 63.5449 299.484 618.564 620.71 2.146 6.582 0.1 553192 22520
2011 03 06 14 32 42.100 -56.41 -26.68 101.2 -10.2498 29.921 1.455 66.8031 63.3778 295.511 613.406 618.61 5.204 6.591 0.1 553192 22520
2011 03 10 17 08 37.320 -6.856 116.73 518.6 -10.2498 29.921 1.455 260.24 85.6778 299.988 702.688 703.62 0.932 4.809 0.1 513310 22520
2011 03 24 13 55 13.390 20.629 99.917 12.8 -10.2498 29.921 1.455 252.957 75.3182 301.026 702.656 703.29 0.634 5.745 0.1 514977 22520
2011 04 01 13 29 11.510 35.731 26.546 75.5 -10.2498 29.921 1.455 175.367 45.8424 301.004 494.514 496.42 1.906 7.853 0.1 515229 22520
2011 04 03 20 06 43.260 -9.734 107.769 31.9 -10.2498 29.921 1.455 261.752 76.4707 301.131 706.891 706.48 -0.411 5.665 0.1 515284 22520
2010 01 05 04 55 38.890 -58.464 -14.859 10 -8.3057 35.3132 1.866 58.6056 62.9201 300.976 626.101 626.72 0.619 6.648 0.1 507018 22498
2010 01 17 12 00 01.570 -57.692 -66.037 10 -8.3057 35.3132 1.866 103.969 89.0569 301.526 775.971 774.90 -1.071 4.707 0.1 553939 22498
2010 02 05 06 59 07.360 -47.934 99.51 16 -8.3057 35.3132 1.866 284.011 66.6782 301.608 650.263 650.00 -0.263 6.380 0.1 507438 22498
2010 03 04 00 18 52.300 22.93 120.8 27 -8.3057 35.3132 1.866 260.648 89.0718 300.493 772.208 772.89 0.682 4.693 0.1 508109 22498
2010 03 05 16 07 00.00 -3.838 100.915 24.2 -8.3057 35.3132 1.866 262.665 65.3271 302.266 642.281 640.01 -2.271 6.477 0.1 508158 22498
2010 03 08 02 32 35.40 38.788 40.044 12.2 -8.3057 35.3132 1.866 186.402 47.0577 301.385 512.36 513.28 0.92 7.789 0.1 508208 22498
2010 03 25 05 29 26.330 13.829 120.013 24.6 -8.3057 35.3132 1.866 260.714 86.8634 300.934 762.619 762.61 -0.009 4.868 0.1 550442 22498
2010 03 30 16 54 47.370 13.612 92.874 38.5 -8.3057 35.3132 1.866 252.48 61.1465 301.546 611.191 610.74 -0.451 6.771 0.1 552744 22498
2010 04 05 10 05 44.630 -0.089 125.104 28.1 -8.3057 35.3132 1.866 261.749 89.7803 300.737 775.112 775.82 0.708 4.643 0.1 550443 22498
2010 04 06 22 15 02.130 2.36 97.111 33.4 -8.3057 35.3132 1.866 259.445 62.5205 301.825 621.7 620.33 -1.37 6.671 0.1 508706 22498
2010 04 11 22 08 11.320 37.007 -3.476 619.6 -8.3057 35.3132 1.866 132.954 57.894 302.07 535.755 535.54 -0.215 6.716 0.1 553188 22498
2010 04 13 23 49 37.10 33.192 96.746 13.8 -8.3057 35.3132 1.866 246.485 71.4201 301.718 680.713 680.41 -0.303 6.032 0.1 508820 22498
2010 05 05 16 29 03.110 -4.139 101.105 26.3 -8.3057 35.3132 1.866 262.799 65.4773 302.682 642.577 640.68 -1.897 6.465 0.1 509087 22498
2010 05 09 05 59 42.340 3.732 96.027 42.3 -8.3057 35.3132 1.866 258.57 61.7176 300.958 613.623 613.96 0.337 6.729 0.1 509134 22498
2010 05 31 10 16 02.640 6.937 123.962 34.3 -8.3057 35.3132 1.866 261.647 89.6591 299.896 773.261 774.41 1.149 4.647 0.1 553189 22498
2010 05 31 19 51 47.690 11.21 93.651 131.6 -8.3057 35.3132 1.866 254.025 61.1855 302.85 602.165 600.89 -1.275 6.732 0.1 509381 22498
2010 06 12 19 26 50.50 7.85 91.954 31.4 -8.3057 35.3132 1.866 255.354 58.6885 300.509 594.464 594.62 0.156 6.952 0.1 509523 22498
2010 07 23 22 08 11.220 6.711 123.487 610.2 -8.3057 35.3132 1.866 261.592 89.1597 302.259 713.059 711.82 -1.239 4.633 0.1 510016 22498
2010 07 23 22 51 13.00 6.423 123.579 584.7 -8.3057 35.3132 1.866 261.607 89.2084 302.876 716.896 714.31 -2.586 4.634 0.1 510022 22498
2010 07 23 23 15 09.820 6.74 123.327 633.7 -8.3057 35.3132 1.866 261.573 89.0067 300.981 708.156 709.05 0.894 4.633 0.1 510027 22498
2010 07 24 05 35 01.820 6.171 123.562 564.7 -8.3057 35.3132 1.866 261.609 89.1551 301.744 715.944 715.86 -0.084 4.635 0.1 550527 22498
2010 03 04 00 18 52.300 22.93 120.8 27 -8.8465 34.8302 1.685 260.342 89.7223 299.961 774.666 775.93 1.264 4.643 0.1 508109 22499
2010 03 05 16 07 00.00 -3.838 100.915 24.2 -8.8465 34.8302 1.685 262.072 65.8017 301.259 644.264 643.07 -1.194 6.443 0.1 508158 22499
2010 03 08 02 32 35.40 38.788 40.044 12.2 -8.8465 34.8302 1.685 186.981 47.6367 301.579 516.544 517.81 1.266 7.749 0.1 508208 22499
2010 04 06 22 15 02.130 2.36 97.111 33.4 -8.8465 34.8302 1.685 258.911 63.0608 305.045 627.935 623.93 -4.005 6.636 0.1 508706 22499
2010 04 11 22 08 11.320 37.007 -3.476 619.6 -8.8465 34.8302 1.685 133.782 58.0474 302.424 537.114 536.60 -0.514 6.705 0.1 553188 22499
2010 04 13 23 49 37.10 33.192 96.746 13.8 -8.8465 34.8302 1.685 246.362 72.1295 300.636 684.636 684.68 0.044 5.978 0.1 508820 22499
2010 04 14 01 25 16.450 33.149 96.489 12.2 -8.8465 34.8302 1.685 246.207 71.9149 300.346 682.906 683.66 0.754 5.995 0.1 508826 22499
2010 05 05 16 29 03.110 -4.139 101.105 26.3 -8.8465 34.8302 1.685 262.203 65.9485 302.157 645.062 643.72 -1.342 6.432 0.1 509087 22499
2010 05 09 05 59 42.340 3.732 96.027 42.3 -8.8465 34.8302 1.685 258.052 62.2722 311.931 628.611 617.69 -10.921 6.687 0.1 509134 22499
2010 05 31 19 51 47.690 11.21 93.651 131.6 -8.8465 34.8302 1.685 253.607 61.8037 302.934 606.259 605.05 -1.209 6.686 0.1 509381 22499
2010 06 12 19 26 50.50 7.85 91.954 31.4 -8.8465 34.8302 1.685 254.887 59.2854 300.613 598.578 598.77 0.192 6.911 0.1 509523 22499
2010 08 16 03 30 54.210 -17.807 65.602 14.7 -11.14 28.8749 1.259 275.471 36.1264 300.861 421.671 421.39 -0.281 8.557 0.1 510398 22522
2010 08 21 05 42 54.130 2.198 96.723 33.2 -11.14 28.8749 1.259 257.235 68.7481 306.869 666.759 660.55 -6.209 6.227 0.1 510452 22522
2010 09 17 19 21 15.200 36.535 70.969 215.4 -11.14 28.8749 1.259 228.295 61.7873 301.58 596.4 597.06 0.66 6.646 0.1 551205 22522
2010 10 25 14 42 22.180 -3.524 100.104 20 -11.14 28.8749 1.259 259.494 70.9173 301.21 676.05 675.69 -0.36 6.073 0.1 511191 22522
2010 10 25 19 37 30.470 -3.006 100.37 22.6 -11.14 28.8749 1.259 259.322 71.273 301.493 678.043 677.48 -0.563 6.048 0.1 553190 22522
2010 11 10 04 05 25.140 -45.599 96.364 15.3 -11.14 28.8749 1.259 278.333 66.391 298.501 646.381 648.10 1.719 6.404 0.1 511358 22522
2010 12 08 05 24 35.150 -56.431 -25.64 29 -11.14 28.8749 1.259 65.329 61.5694 298.722 612.592 614.59 1.998 6.745 0.1 551229 22522
2010 12 20 18 41 59.920 28.368 59.15 14.5 -11.14 28.8749 1.259 220.97 48.9918 301.684 525.784 527.39 1.606 7.653 0.1 550837 22522
2011 01 01 09 56 58.460 -26.851 -63.237 584.3 -11.14 28.8749 1.259 100.837 86.9085 300.1 702.66 703.31 0.65 4.695 0.1 512345 22522
2011 01 17 19 20 56.910 -5.103 102.602 39.1 -11.14 28.8749 1.259 259.953 73.0889 302.303 687.413 686.06 -1.353 5.911 0.1 512592 22522
2011 01 18 11 33 44.980 2.575 96.381 23.7 -11.14 28.8749 1.259 257.049 68.4983 301.368 660.408 660.36 -0.048 6.247 0.1 550842 22522
2011 01 18 20 23 25.570 28.683 63.994 79.9 -11.14 28.8749 1.259 225.647 52.1449 301.783 543.233 543.43 0.197 7.401 0.1 512610 22522
2011 01 24 02 45 30.500 38.401 72.846 101.9 -11.14 28.8749 1.259 229.22 64.1381 299.778 622.298 624.62 2.322 6.525 0.1 512688 22522
2011 01 26 15 42 29.720 2.165 96.812 23.8 -11.14 28.8749 1.259 257.259 68.8276 306.799 668.099 662.39 -5.709 6.224 0.1 512715 22522
2011 01 27 08 38 30.40 28.151 59.052 18.5 -11.14 28.8749 1.259 220.991 48.7719 302.431 525.411 525.06 -0.351 7.668 0.1 512724 22522
2011 01 29 06 55 26.330 70.868 -6.908 6.4 -11.14 28.8749 1.259 144.848 85.3381 301.01 757.7 758.73 1.03 4.985 0.1 550705 22522
2011 02 04 13 53 46.330 24.609 94.734 86.5 -11.14 28.8749 1.259 249.158 73.3904 300.974 682.664 683.08 0.416 5.867 0.1 512855 22522
2011 03 06 14 32 36.940 -56.386 -27.025 92 -11.14 28.8749 1.259 66.6695 62.2543 299.007 610.087 612.14 2.053 6.669 0.1 553192 22522
2011 03 06 14 32 42.100 -56.41 -26.68 101.2 -11.14 28.8749 1.259 66.3307 62.088 295.836 604.731 610.03 5.299 6.678 0.1 553192 22522
2011 03 10 17 08 37.320 -6.856 116.73 518.6 -11.14 28.8749 1.259 259.247 86.6041 298.726 706.426 708.03 1.604 4.740 0.1 513310 22522
2011 03 24 13 55 13.390 20.629 99.917 12.8 -11.14 28.8749 1.259 252.566 76.6204 301.087 710.717 710.73 0.013 5.652 0.1 514977 22522
2011 04 01 13 29 11.510 35.731 26.546 75.5 -11.14 28.8749 1.259 176.857 46.668 300.839 500.349 502.93 2.581 7.791 0.1 515229 22522
2011 04 03 20 06 43.260 -9.734 107.769 31.9 -11.14 28.8749 1.259 260.713 77.3732 300.714 711.474 711.56 0.086 5.600 0.1 515284 22522
2011 05 14 21 07 21.810 36.425 70.723 207.6 -11.14 28.8749 1.259 228.122 61.5663 300.9 595.11 596.40 1.29 6.662 0.1 516197 22522
2011 05 15 13 08 15.420 0.458 -25.608 18.9 -11.14 28.8749 1.259 103.819 55.3474 310.566 582.166 572.64 -9.526 7.201 0.1 516209 22522
2011 07 15 13 26 02.850 -60.986 -23.662 8.6 -11.14 28.8749 1.259 61.2361 62.7018 299.151 623.321 625.31 1.989 6.664 0.1 550951 22522
2011 07 19 19 35 43.380 40.156 71.501 19.5 -11.14 28.8749 1.259 227.409 64.5241 300.093 634.733 636.71 1.977 6.524 0.1 551088 22522
2010 01 05 04 55 38.890 -58.464 -14.859 10 -2.741 36.704 1.334 57.2479 68.483 302.88 664.005 662.82 -1.185 6.247 0.1 507018 15678
2010 02 05 06 59 07.360 -47.934 99.51 16 -2.741 36.704 1.334 289 69.9933 301.145 670.8 671.02 0.22 6.139 0.1 507438 15678
2010 02 07 06 10 00.360 23.436 123.69 23 -2.741 36.704 1.334 266.306 88.3122 301.464 770.119 769.76 -0.359 4.756 0.1 551425 15678
2010 03 04 00 18 52.300 22.93 120.8 27 -2.741 36.704 1.334 265.191 85.6229 301.111 756.826 756.11 -0.716 4.968 0.1 508109 15678
2010 03 05 16 07 00.00 -3.838 100.915 24.2 -2.741 36.704 1.334 268.821 64.1024 302.133 634.148 632.04 -2.108 6.566 0.1 508158 15678
2010 03 08 02 32 35.40 38.788 40.044 12.2 -2.741 36.704 1.334 185.045 41.4378 299.775 465.75 468.07 2.32 8.193 0.1 508208 15678
2010 03 25 05 29 26.330 13.829 120.013 24.6 -2.741 36.704 1.334 265.746 84.1589 301.492 750.177 749.06 -1.117 5.086 0.1 550442 15678
2010 03 30 16 54 47.370 13.612 92.874 38.5 -2.741 36.704 1.334 258.009 58.0234 302.304 589.949 589.08 -0.869 6.995 0.1 552744 15678
2010 04 05 10 05 44.630 -0.089 125.104 28.1 -2.741 36.704 1.334 267.279 88.3976 301.264 769.649 769.33 -0.319 4.750 0.1 550443 15678
2010 04 06 22 15 02.130 2.36 97.111 33.4 -2.741 36.704 1.334 265.547 60.5988 302.639 609.524 607.33 -2.194 6.817 0.1 508706 15678
2010 04 11 22 08 11.320 37.007 -3.476 619.6 -2.741 36.704 1.334 127.55 54.3777 302.34 512.035 511.19 -0.845 6.958 0.1 553188 15678
2010 04 13 23 49 37.10 33.192 96.746 13.8 -2.741 36.704 1.334 250.197 66.8978 301.979 652.984 652.18 -0.804 6.359 0.1 508820 15678
2010 04 14 01 25 16.450 33.149 96.489 12.2 -2.741 36.704 1.334 250.043 66.6805 300.978 650.543 651.06 0.517 6.376 0.1 508826 15678
2010 04 26 02 59 52.260 22.24 123.815 23.2 -2.741 36.704 1.334 266.389 88.3515 301.838 770.593 769.91 -0.683 4.753 0.1 508961 15678
2010 05 05 16 29 03.110 -4.139 101.105 26.3 -2.741 36.704 1.334 268.955 64.2861 304.883 636.788 632.94 -3.848 6.552 0.1 509087 15678
2010 05 09 05 59 42.340 3.732 96.027 42.3 -2.741 36.704 1.334 264.657 59.6365 301.839 600.514 599.73 -0.784 6.883 0.1 509134 15678
2010 05 31 10 16 02.640 6.937 123.962 34.3 -2.741 36.704 1.334 266.965 87.6078 300.954 764.329 764.66 0.331 4.810 0.1 553189 15678
2010 05 31 19 51 47.690 11.21 93.651 131.6 -2.741 36.704 1.334 259.721 58.3072 304.08 583.405 581.08 -2.325 6.942 0.1 509381 15678
2010 06 12 19 26 50.50 7.85 91.954 31.4 -2.741 36.704 1.334 261.387 56.1071 301.185 577.15 576.32 -0.83 7.143 0.1 509523 15678
2010 04 06 22 15 02.130 2.36 97.111 33.4 -6.8279 37.6696 0.501 260.789 60.0259 301.471 604.351 603.44 -0.911 6.858 0.1 508706 22500
2010 04 11 22 08 11.320 37.007 -3.476 619.6 -6.8279 37.6696 0.501 129.714 58.1426 301.193 536.883 537.10 0.217 6.699 0.1 553188 22500
2010 04 13 23 49 37.10 33.192 96.746 13.8 -6.8279 37.6696 0.501 246.123 68.682 301.528 663.528 663.59 0.062 6.230 0.1 508820 22500
2010 04 14 01 25 16.450 33.149 96.489 12.2 -6.8279 37.6696 0.501 245.964 68.4676 300.994 661.554 662.52 0.966 6.246 0.1 508826 22500
2010 04 26 02 59 52.260 22.24 123.815 23.2 -6.8279 37.6696 0.501 262.267 89.0028 301.56 773.31 773.08 -0.23 4.700 0.1 508961 22500
2010 05 05 16 29 03.110 -4.139 101.105 26.3 -6.8279 37.6696 0.501 264.472 63.1664 303.581 628.481 625.55 -2.931 6.632 0.1 509087 22500
2010 05 09 05 59 42.340 3.732 96.027 42.3 -6.8279 37.6696 0.501 259.837 59.1881 301.6 597.27 596.69 -0.58 6.915 0.1 509134 22500
2010 05 31 10 16 02.640 6.937 123.962 34.3 -6.8279 37.6696 0.501 262.813 87.1582 300.989 762.359 762.53 0.171 4.844 0.1 553189 22500
2010 05 31 19 51 47.690 11.21 93.651 131.6 -6.8279 37.6696 0.501 254.828 58.5152 302.959 584.279 582.62 -1.659 6.927 0.1 509381 22500
2010 06 12 19 26 50.50 7.85 91.954 31.4 -6.8279 37.6696 0.501 256.359 56.0623 301.38 576.34 576.09 -0.25 7.146 0.1 509523 22500
2010 02 05 06 59 07.360 -47.934 99.51 16 -7.4035 36.9902 0.518 286.02 66.2659 301.783 648.423 647.43 -0.993 6.410 0.1 507438 22501
2010 02 07 06 10 00.360 23.436 123.69 23 -7.4035 36.9902 0.518 261.943 89.896 300.821 777.461 777.30 -0.161 4.643 0.1 551425 22501
2010 03 04 00 18 52.300 22.93 120.8 27 -7.4035 36.9902 0.518 260.814 87.1912 300.985 763.685 763.91 0.225 4.840 0.1 508109 22501
2010 03 05 16 07 00.00 -3.838 100.915 24.2 -7.4035 36.9902 0.518 263.675 63.6738 305.241 634.241 629.20 -5.041 6.597 0.1 508158 22501
2010 03 08 02 32 35.40 38.788 40.044 12.2 -7.4035 36.9902 0.518 184.209 46.0424 301.007 503.967 505.30 1.333 7.865 0.1 508208 22501
2010 04 05 10 05 44.630 -0.089 125.104 28.1 -7.4035 36.9902 0.518 262.644 88.118 301.235 767.62 768.00 0.38 4.772 0.1 550443 22501
2010 04 06 22 15 02.130 2.36 97.111 33.4 -7.4035 36.9902 0.518 260.228 60.7629 301.022 608.907 608.48 -0.427 6.804 0.1 508706 22501
2010 04 13 23 49 37.10 33.192 96.746 13.8 -7.4035 36.9902 0.518 246.108 69.566 301.417 669.422 669.09 -0.332 6.165 0.1 508820 22501
2010 12 08 05 24 35.150 -56.431 -25.64 29 -13.6035 29.3791 1.25 67.2742 59.7354 298.691 599.551 601.97 2.419 6.881 0.1 551229 22523
2010 12 20 18 41 59.920 28.368 59.15 14.5 -13.6035 29.3791 1.25 218.595 50.7073 300.965 538.055 540.54 2.485 7.528 0.1 550837 22523
2011 01 01 09 56 58.460 -26.851 -63.237 584.3 -13.6035 29.3791 1.25 103.252 86.2531 300.049 699.589 700.16 0.571 4.746 0.1 512345 22523
2011 03 06 14 32 36.940 -56.386 -27.025 92 -13.6035 29.3791 1.25 68.6159 60.4319 298.536 596.596 599.73 3.134 6.807 0.1 553192 22523
2011 03 06 14 32 42.100 -56.41 -26.68 101.2 -13.6035 29.3791 1.25 68.2763 60.2624 295.687 592.587 597.60 5.013 6.816 0.1 553192 22523
2011 03 10 17 08 37.320 -6.856 116.73 518.6 -13.6035 29.3791 1.25 256.86 85.8518 298.811 702.491 704.43 1.939 4.797 0.1 513310 22523
2011 03 24 13 55 13.390 20.629 99.917 12.8 -13.6035 29.3791 1.25 250.072 77.1982 300.714 713.324 714.05 0.726 5.610 0.1 514977 22523
2011 04 01 13 29 11.510 35.731 26.546 75.5 -13.6035 29.3791 1.25 176.357 49.1378 300.916 519.406 522.07 2.664 7.613 0.1 515229 22523
2011 04 03 20 06 43.260 -9.734 107.769 31.9 -13.6035 29.3791 1.25 258.283 76.576 299.277 706.017 707.05 1.033 5.658 0.1 515284 22523
2010 08 16 03 30 54.210 -17.807 65.602 14.7 -11.821 31.4517 1.392 275.443 33.5114 301.031 398.826 398.81 -0.016 8.719 0.1 510398 22525
2010 08 21 05 42 54.130 2.198 96.723 33.2 -11.821 31.4517 1.392 256.166 66.3272 305.664 650.539 645.28 -5.259 6.401 0.1 510452 22525
2010 09 17 19 21 15.200 36.535 70.969 215.4 -11.821 31.4517 1.392 225.528 60.8131 300.48 589.285 590.63 1.345 6.714 0.1 551205 22525
2010 12 08 05 24 35.150 -56.431 -25.64 29 -11.821 31.4517 1.392 68.1723 62.3067 298.62 617.485 619.47 1.985 6.690 0.1 551229 22525
2010 12 20 18 41 59.920 28.368 59.15 14.5 -11.821 31.4517 1.392 217.686 48.1088 300.306 518.401 520.69 2.289 7.718 0.1 550837 22525
2011 01 01 09 56 58.460 -26.851 -63.237 584.3 -11.821 31.4517 1.392 102.582 88.8573 300.224 711.779 712.34 0.561 4.638 0.1 512345 22525
2011 01 17 19 20 56.910 -5.103 102.602 39.1 -11.821 31.4517 1.392 259.317 70.5448 301.883 670.988 670.79 -0.198 6.097 0.1 512592 22525
2011 01 18 11 33 44.980 2.575 96.381 23.7 -11.821 31.4517 1.392 255.955 66.0857 301.56 645.595 645.10 -0.495 6.421 0.1 550842 22525
2011 01 18 20 23 25.570 28.683 63.994 79.9 -11.821 31.4517 1.392 222.591 51.0976 301.111 534.556 535.72 1.164 7.475 0.1 512610 22525
2011 01 26 15 42 29.720 2.165 96.812 23.8 -11.821 31.4517 1.392 256.192 66.4057 306.011 652.306 647.12 -5.186 6.398 0.1 512715 22525
2011 01 27 08 38 30.40 28.151 59.052 18.5 -11.821 31.4517 1.392 217.697 47.8848 301.321 517.296 518.32 1.024 7.733 0.1 512724 22525
2011 02 04 13 53 46.330 24.609 94.734 86.5 -11.821 31.4517 1.392 247.204 71.5561 300.253 670.938 672.25 1.312 6.000 0.1 512855 22525
2011 02 15 13 33 54.340 -2.489 121.468 26.8 -11.821 31.4517 1.392 258.266 89.5129 302.783 776.443 774.74 -1.703 4.662 0.1 513004 22525
2011 03 06 14 32 36.940 -56.386 -27.025 92 -11.821 31.4517 1.392 69.4891 63.0083 298.692 614.752 617.07 2.318 6.621 0.1 553192 22525
2011 03 06 14 32 42.100 -56.41 -26.68 101.2 -11.821 31.4517 1.392 69.1562 62.8373 296.333 610.233 614.95 4.717 6.629 0.1 553192 22525
2011 03 10 17 08 37.320 -6.856 116.73 518.6 -11.821 31.4517 1.392 258.837 84.0212 300.014 694.694 695.54 0.846 4.935 0.1 513310 22525
2011 03 24 13 55 13.390 20.629 99.917 12.8 -11.821 31.4517 1.392 250.835 74.6136 301.536 699.146 699.28 0.134 5.798 0.1 514977 22525
2011 04 01 13 29 11.510 35.731 26.546 75.5 -11.821 31.4517 1.392 173.481 47.5199 301.236 507.726 509.56 1.834 7.731 0.1 515229 22525
2011 04 03 20 06 43.260 -9.734 107.769 31.9 -11.821 31.4517 1.392 260.35 74.782 300.354 696.094 696.80 0.706 5.787 0.1 515284 22525
2011 05 14 21 07 21.810 36.425 70.723 207.6 -11.821 31.4517 1.392 225.348 60.5948 301.378 588.568 589.97 1.402 6.734 0.1 516197 22525
2011 05 15 13 08 15.420 0.458 -25.608 18.9 -11.821 31.4517 1.392 104.19 57.9439 307.325 596.905 591.09 -5.815 7.009 0.1 516209 22525
2010 09 09 07 28 01.870 -37.054 -73.535 18.6 -13.1442 25.0213 1.189 105.532 88.8755 302.87 774.015 772.54 -1.475 4.721 0.1 550938 22527
2010 09 17 19 21 15.200 36.535 70.969 215.4 -13.1442 25.0213 1.189 230.193 65.6952 300.433 621.248 622.52 1.272 6.369 0.1 551205 22527
2010 10 25 14 42 22.180 -3.524 100.104 20 -13.1442 25.0213 1.189 257.411 74.6868 301.603 699.438 698.06 -1.378 5.797 0.1 511191 22527
2010 10 25 19 37 30.470 -3.006 100.37 22.6 -13.1442 25.0213 1.189 257.275 75.0587 301.408 699.953 699.84 -0.113 5.768 0.1 553190 22527
2010 11 10 04 05 25.140 -45.599 96.364 15.3 -13.1442 25.0213 1.189 273.922 67.6852 299.283 655.158 656.18 1.022 6.312 0.1 511358 22527
2010 12 08 05 24 35.150 -56.431 -25.64 29 -13.1442 25.0213 1.189 62.7557 57.9321 298.392 587.262 589.55 2.288 7.007 0.1 551229 22527
2010 12 20 18 41 59.920 28.368 59.15 14.5 -13.1442 25.0213 1.189 223.286 52.8571 301.502 554.602 556.45 1.848 7.373 0.1 550837 22527
2011 01 01 09 56 58.460 -26.851 -63.237 584.3 -13.1442 25.0213 1.189 100.961 82.648 299.676 681.236 682.60 1.364 5.020 0.1 512345 22527
2011 01 02 20 20 18.170 -38.39 -73.399 24.4 -13.1442 25.0213 1.189 105.42 88.4157 300.132 768.982 769.47 0.488 4.757 0.1 512363 22527
2011 01 17 19 20 56.910 -5.103 102.602 39.1 -13.1442 25.0213 1.189 257.75 76.7825 301.81 707.9 707.37 -0.53 5.640 0.1 512592 22527
2011 01 18 20 23 25.570 28.683 63.994 79.9 -13.1442 25.0213 1.189 227.564 56.1144 302.152 571.582 572.26 0.678 7.111 0.1 512610 22527
2011 01 27 08 38 30.40 28.151 59.052 18.5 -13.1442 25.0213 1.189 223.304 52.6404 301.716 553.676 554.21 0.534 7.388 0.1 512724 22527
2011 01 29 06 55 26.330 70.868 -6.908 6.4 -13.1442 25.0213 1.189 148.929 86.6021 300.252 763.922 765.05 1.128 4.880 0.1 550705 22527
2011 02 04 13 53 46.330 24.609 94.734 86.5 -13.1442 25.0213 1.189 249.284 77.6511 301.484 707.154 707.44 0.286 5.554 0.1 512855 22527
2011 02 11 20 05 28.880 -36.46 -73.155 12.8 -13.1442 25.0213 1.189 105.319 88.739 302.949 775.069 772.88 -2.189 4.733 0.1 512958 22527
2011 02 11 23 39 21.240 -37.236 -73.487 16.5 -13.1442 25.0213 1.189 105.5 88.79 301.585 773.345 772.49 -0.855 4.729 0.1 512965 22527
2011 02 12 01 17 00.710 -37.003 -73.154 10 -13.1442 25.0213 1.189 105.307 88.5951 302.522 774.812 772.66 -2.152 4.746 0.1 512968 22527
2011 02 14 03 40 09.250 -35.486 -73.101 17 -13.1442 25.0213 1.189 105.307 88.9535 301.478 774.228 773.20 -1.028 4.715 0.1 512991 22527
2011 03 06 14 32 36.940 -56.386 -27.025 92 -13.1442 25.0213 1.189 64.1448 58.6006 298.097 584.157 587.24 3.083 6.938 0.1 553192 22527
2011 03 06 14 32 42.100 -56.41 -26.68 101.2 -13.1442 25.0213 1.189 63.7933 58.4388 294.149 579.049 585.14 6.091 6.946 0.1 553192 22527
2011 03 24 13 55 13.390 20.629 99.917 12.8 -13.1442 25.0213 1.189 252.278 80.8733 301.192 733.802 734.13 0.328 5.336 0.1 514977 22527
2011 04 01 13 29 11.510 35.731 26.546 75.5 -13.1442 25.0213 1.189 181.979 48.6294 300.365 515.855 518.17 2.315 7.650 0.1 515229 22527
2011 04 03 20 06 43.260 -9.734 107.769 31.9 -13.1442 25.0213 1.189 258.188 80.8406 300.062 729.802 730.50 0.698 5.342 0.1 515284 22527
2011 05 14 21 07 21.810 36.425 70.723 207.6 -13.1442 25.0213 1.189 230.028 65.4727 301.104 620.309 621.92 1.611 6.388 0.1 516197 22527
2011 05 15 13 08 15.420 0.458 -25.608 18.9 -13.1442 25.0213 1.189 107.043 51.967 306.552 553.147 547.92 -5.227 7.448 0.1 516209 22527
2011 06 01 12 55 21.10 -37.554 -73.832 10 -13.1442 25.0213 1.189 105.701 88.9692 300.078 774.083 774.42 0.337 4.716 0.1 516484 22527
2011 06 20 16 36 00.870 -21.771 -68.383 126.2 -13.1442 25.0213 1.189 103.383 88.3064 300.059 756.204 756.96 0.756 4.736 0.1 516819 22527
2011 07 15 13 26 02.850 -60.986 -23.662 8.6 -13.1442 25.0213 1.189 58.328 59.2808 299.62 599.785 602.04 2.255 6.919 0.1 550951 22527
2011 07 16 00 26 12.360 -33.875 -72.1 20.5 -13.1442 25.0213 1.189 104.778 88.5738 300.944 771.599 770.85 -0.749 4.745 0.1 517320 22527
2011 07 19 19 35 43.380 40.156 71.501 19.5 -13.1442 25.0213 1.189 229.464 68.3476 300.523 659.158 661.15 1.992 6.246 0.1 551088 22527
2010 08 16 03 30 54.210 -17.807 65.602 14.7 -10.0582 28.7017 0.995 277.14 36.5796 299.613 424.423 425.30 0.877 8.529 0.1 510398 22528
2010 09 17 19 21 15.200 36.535 70.969 215.4 -10.0582 28.7017 0.995 229.202 61.0452 302.835 592.655 592.06 -0.595 6.699 0.1 551205 22528
2010 10 25 14 42 22.180 -3.524 100.104 20 -10.0582 28.7017 0.995 260.63 71.0894 300.863 676.703 676.73 0.027 6.061 0.1 511191 22528
2010 10 25 19 37 30.470 -3.006 100.37 22.6 -10.0582 28.7017 0.995 260.458 71.4359 301.236 678.786 678.46 -0.326 6.036 0.1 553190 22528
2010 11 10 04 05 25.140 -45.599 96.364 15.3 -10.0582 28.7017 0.995 279.027 67.2727 298.008 650.888 653.76 2.872 6.340 0.1 511358 22528
2010 12 08 05 24 35.150 -56.431 -25.64 29 -10.0582 28.7017 0.995 64.5401 62.4058 296.29 616.14 620.26 4.12 6.681 0.1 551229 22528
2010 12 20 18 41 59.920 28.368 59.15 14.5 -10.0582 28.7017 0.995 222.004 48.2279 301.11 520.19 521.46 1.27 7.711 0.1 550837 22528
2010 01 05 04 55 38.890 -58.464 -14.859 10 -7.5094 31.0414 1.559 53.9236 61.7633 299.762 616.887 619.08 2.193 6.732 0.1 507018 22502
2010 01 17 12 00 01.570 -57.692 -66.037 10 -7.5094 31.0414 1.559 99.9599 87.4839 302.418 768.863 767.47 -1.393 4.829 0.1 553939 22502
2010 02 05 06 59 07.360 -47.934 99.51 16 -7.5094 31.0414 1.559 281.164 70.0742 300.761 671.416 671.22 -0.196 6.137 0.1 507438 22502
2010 03 05 16 07 00.00 -3.838 100.915 24.2 -7.5094 31.0414 1.559 263.452 69.5703 306.029 672.044 666.84 -5.204 6.171 0.1 508158 22502
2010 03 08 02 32 35.40 38.788 40.044 12.2 -7.5094 31.0414 1.559 192.286 46.8147 299.709 508.684 511.32 2.636 7.809 0.1 508208 22502
2010 03 30 16 54 47.370 13.612 92.874 38.5 -7.5094 31.0414 1.559 254.91 64.8674 299.995 634.64 635.38 0.74 6.505 0.1 552744 22502
2010 04 06 22 15 02.130 2.36 97.111 33.4 -7.5094 31.0414 1.559 260.838 66.6375 301.892 648.777 647.20 -1.577 6.378 0.1 508706 22502
2010 04 11 22 08 11.320 37.007 -3.476 619.6 -7.5094 31.0414 1.559 136.572 54.8176 300.651 513.346 514.59 1.244 6.928 0.1 553188 22502
2010 04 13 23 49 37.10 33.192 96.746 13.8 -7.5094 31.0414 1.559 249.876 74.2559 302.984 698.989 697.13 -1.859 5.824 0.1 508820 22502
2010 04 14 01 25 16.450 33.149 96.489 12.2 -7.5094 31.0414 1.559 249.726 74.0388 301.259 695.824 696.13 0.306 5.840 0.1 508826 22502
2010 05 05 16 29 03.110 -4.139 101.105 26.3 -7.5094 31.0414 1.559 263.557 69.7248 303.332 670.237 667.49 -2.747 6.158 0.1 509087 22502
2010 05 09 05 59 42.340 3.732 96.027 42.3 -7.5094 31.0414 1.559 260.11 65.7954 301.386 641.061 640.79 -0.271 6.437 0.1 509134 22502
2010 05 25 10 09 06.280 35.283 -35.936 15.4 -7.5094 31.0414 1.559 109.837 75.9598 304.298 710.033 706.70 -3.333 5.693 0.1 550452 22502
2010 05 31 19 51 47.690 11.21 93.651 131.6 -7.5094 31.0414 1.559 256.246 65.0081 303.335 627.66 626.07 -1.59 6.460 0.1 509381 22502
2010 06 12 19 26 50.50 7.85 91.954 31.4 -7.5094 31.0414 1.559 257.378 62.6158 300.458 621.423 621.34 -0.083 6.664 0.1 509523 22502
2010 01 05 04 55 38.890 -58.464 -14.859 10 -9.3665 34.7911 1.949 58.6269 61.7467 301.151 618.276 618.82 0.544 6.735 0.1 507018 22503
2010 01 17 12 00 01.570 -57.692 -66.037 10 -9.3665 34.7911 1.949 104.086 87.8892 301.74 770.185 769.32 -0.865 4.801 0.1 553939 22503
2010 02 05 06 59 07.360 -47.934 99.51 16 -9.3665 34.7911 1.949 282.828 66.2295 301.89 648.545 647.08 -1.465 6.414 0.1 507438 22503
2010 03 04 00 18 52.300 22.93 120.8 27 -9.3665 34.7911 1.949 259.882 89.9607 300.012 775.727 777.05 1.323 4.643 0.1 508109 22503
2010 03 05 16 07 00.00 -3.838 100.915 24.2 -9.3665 34.7911 1.949 261.506 65.8391 301.766 644.781 643.32 -1.461 6.440 0.1 508158 22503
2010 03 08 02 32 35.40 38.788 40.044 12.2 -9.3665 34.7911 1.949 186.966 48.1547 301.133 520.108 521.84 1.732 7.711 0.1 508208 22503
2010 03 25 05 29 26.330 13.829 120.013 24.6 -9.3665 34.7911 1.949 259.82 87.6247 300.739 766.424 766.30 -0.124 4.808 0.1 550442 22503
2010 03 30 16 54 47.370 13.612 92.874 38.5 -9.3665 34.7911 1.949 251.565 62.001 300.332 615.962 616.52 0.558 6.706 0.1 552744 22503
2010 05 31 19 51 47.690 11.21 93.651 131.6 -9.3665 34.7911 1.949 253.063 61.999 301.438 606.753 606.37 -0.383 6.671 0.1 509381 22503
2010 06 12 19 26 50.50 7.85 91.954 31.4 -9.3665 34.7911 1.949 254.317 59.454 300.263 599.218 599.94 0.722 6.898 0.1 509523 22503
2010 01 05 04 55 38.890 -58.464 -14.859 10 -6.3519 31.0613 1.071 53.3899 62.8119 300.287 624.417 626.15 1.733 6.652 0.1 507018 22504
2010 01 17 12 00 01.570 -57.692 -66.037 10 -6.3519 31.0613 1.071 99.363 88.4672 301.686 773.136 772.23 -0.906 4.753 0.1 553939 22504
2010 02 05 06 59 07.360 -47.934 99.51 16 -6.3519 31.0613 1.071 281.99 70.9214 301.8 677.46 676.44 -1.02 6.073 0.1 507438 22504
2010 03 05 16 07 00.00 -3.838 100.915 24.2 -6.3519 31.0613 1.071 264.68 69.5811 303.347 669.367 666.91 -2.457 6.170 0.1 508158 22504
2010 03 08 02 32 35.40 38.788 40.044 12.2 -6.3519 31.0613 1.071 192.528 45.678 299.033 499.013 502.34 3.327 7.892 0.1 508208 22504
2010 03 30 16 54 47.370 13.612 92.874 38.5 -6.3519 31.0613 1.071 256.11 64.4833 301.915 633.56 632.85 -0.71 6.533 0.1 552744 22504
2010 04 06 22 15 02.130 2.36 97.111 33.4 -6.3519 31.0613 1.071 262.083 66.5061 301.578 647.463 646.35 -1.113 6.388 0.1 508706 22504
2010 04 11 22 08 11.320 37.007 -3.476 619.6 -6.3519 31.0613 1.071 135.762 53.8746 302.203 507.898 507.97 0.072 6.987 0.1 553188 22504
2010 04 13 23 49 37.10 33.192 96.746 13.8 -6.3519 31.0613 1.071 250.815 73.5432 301.329 693.334 692.92 -0.414 5.877 0.1 508820 22504
2010 04 14 01 25 16.450 33.149 96.489 12.2 -6.3519 31.0613 1.071 250.666 73.3256 300.344 690.909 691.91 1.001 5.893 0.1 508826 22504
2010 05 05 16 29 03.110 -4.139 101.105 26.3 -6.3519 31.0613 1.071 264.783 69.7423 301.685 668.59 667.60 -0.99 6.157 0.1 509087 22504
2010 05 09 05 59 42.340 3.732 96.027 42.3 -6.3519 31.0613 1.071 261.358 65.631 300.825 639.5 639.72 0.22 6.449 0.1 509134 22504
2010 05 25 10 09 06.280 35.283 -35.936 15.4 -6.3519 31.0613 1.071 108.901 75.2518 304.538 706.273 702.60 -3.673 5.748 0.1 550452 22504
2010 05 31 19 51 47.690 11.21 93.651 131.6 -6.3519 31.0613 1.071 257.463 64.6767 303.106 625.431 623.90 -1.531 6.485 0.1 509381 22504
2010 06 12 19 26 50.50 7.85 91.954 31.4 -6.3519 31.0613 1.071 258.639 62.3469 300.656 619.621 619.52 -0.101 6.685 0.1 509523 22504
2010 08 16 03 30 54.210 -17.807 65.602 14.7 -13.2275 30.215 1.388 272.508 34.3655 300.786 406.591 406.19 -0.401 8.664 0.1 510398 22529
2010 08 21 05 42 54.130 2.198 96.723 33.2 -13.2275 30.215 1.388 254.839 67.7136 303.637 657.522 654.10 -3.422 6.301 0.1 510452 22529
2010 12 08 05 24 35.150 -56.431 -25.64 29 -13.2275 30.215 1.388 67.8436 60.482 298.328 605.193 607.09 1.897 6.827 0.1 551229 22529
2011 01 01 09 56 58.460 -26.851 -63.237 584.3 -13.2275 30.215 1.388 103.283 87.1477 300.354 703.909 704.38 0.471 4.678 0.1 512345 22529
2011 01 17 19 20 56.910 -5.103 102.602 39.1 -13.2275 30.215 1.388 257.814 71.7238 302.571 679.676 677.92 -1.756 6.011 0.1 512592 22529
2011 01 18 11 33 44.980 2.575 96.381 23.7 -13.2275 30.215 1.388 254.639 67.4825 301.298 653.333 654.01 0.677 6.320 0.1 550842 22529
2011 01 18 20 23 25.570 28.683 63.994 79.9 -13.2275 30.215 1.388 222.724 52.9419 301.826 548.271 549.43 1.159 7.341 0.1 512610 22529
2011 01 26 15 42 29.720 2.165 96.812 23.8 -13.2275 30.215 1.388 254.865 67.7908 300.961 655.256 655.93 0.674 6.298 0.1 512715 22529
2011 01 27 08 38 30.40 28.151 59.052 18.5 -13.2275 30.215 1.388 218.002 49.7179 300.89 530.865 532.42 1.555 7.599 0.1 512724 22529
2011 02 04 13 53 46.330 24.609 94.734 86.5 -13.2275 30.215 1.388 246.598 73.3109 299.851 681.536 682.70 1.164 5.871 0.1 512855 22529
2011 03 06 14 32 36.940 -56.386 -27.025 92 -13.2275 30.215 1.388 69.1758 61.1818 298.886 601.966 604.82 2.854 6.752 0.1 553192 22529
2011 03 06 14 32 42.100 -56.41 -26.68 101.2 -13.2275 30.215 1.388 68.8387 61.0114 295.233 597.128 602.68 5.552 6.760 0.1 553192 22529
2011 03 10 17 08 37.320 -6.856 116.73 518.6 -13.2275 30.215 1.388 257.317 85.0814 300.563 700.263 700.72 0.457 4.855 0.1 513310 22529
2011 03 24 13 55 13.390 20.629 99.917 12.8 -13.2275 30.215 1.388 250.063 76.3031 300.74 708.37 709.00 0.63 5.673 0.1 514977 22529
2011 04 01 13 29 11.510 35.731 26.546 75.5 -13.2275 30.215 1.388 175.25 48.8145 299.304 515.814 519.58 3.766 7.637 0.1 515229 22529
2011 04 03 20 06 43.260 -9.734 107.769 31.9 -13.2275 30.215 1.388 258.766 75.8132 300.502 702.262 702.72 0.458 5.710 0.1 515284 22529
2011 05 14 21 07 21.810 36.425 70.723 207.6 -13.2275 30.215 1.388 225.523 62.4357 301.249 600.454 602.28 1.826 6.605 0.1 516197 22529
2011 05 15 13 08 15.420 0.458 -25.608 18.9 -13.2275 30.215 1.388 106.045 56.9606 308.838 592.433 584.19 -8.243 7.083 0.1 516209 22529
2011 07 15 13 26 02.850 -60.986 -23.662 8.6 -13.2275 30.215 1.388 63.6045 61.4197 299.274 614.439 616.59 2.151 6.762 0.1 550951 22529
2011 07 19 19 35 43.380 40.156 71.501 19.5 -13.2275 30.215 1.388 224.922 65.4946 299.82 640.455 643.12 2.665 6.451 0.1 551088 22529
2010 08 16 03 30 54.210 -17.807 65.602 14.7 -11.1925 31.7397 1.211 276.669 33.3988 301.235 398.025 397.85 -0.175 8.724 0.1 510398 22530
2010 08 21 05 42 54.130 2.198 96.723 33.2 -11.1925 31.7397 1.211 256.802 65.965 307.193 649.063 642.95 -6.113 6.428 0.1 510452 22530
2010 12 08 05 24 35.150 -56.431 -25.64 29 -11.1925 31.7397 1.211 68.0727 62.9864 299.623 622.488 624.02 1.532 6.642 0.1 551229 22530
2010 12 20 18 41 59.920 28.368 59.15 14.5 -11.1925 31.7397 1.211 217.832 47.4319 301.343 513.438 515.42 1.982 7.767 0.1 550837 22530
2011 02 15 13 33 54.340 -2.489 121.468 26.8 -11.1925 31.7397 1.211 258.902 89.257 304.461 777.141 773.55 -3.591 4.682 0.1 513004 22530
2011 03 06 14 32 36.940 -56.386 -27.025 92 -11.1925 31.7397 1.211 69.3854 63.6875 299.158 619.238 621.57 2.332 6.573 0.1 553192 22530
2011 03 06 14 32 42.100 -56.41 -26.68 101.2 -11.1925 31.7397 1.211 69.0537 63.5167 294.982 613.877 619.46 5.583 6.582 0.1 553192 22530
2011 03 10 17 08 37.320 -6.856 116.73 518.6 -11.1925 31.7397 1.211 259.49 83.8028 300.543 694.243 694.46 0.217 4.952 0.1 513310 22530
2011 03 24 13 55 13.390 20.629 99.917 12.8 -11.1925 31.7397 1.211 251.296 74.0913 300.995 695.625 696.23 0.605 5.838 0.1 514977 22530
2011 04 01 13 29 11.510 35.731 26.546 75.5 -11.1925 31.7397 1.211 173.016 46.9258 299.933 501.443 504.93 3.487 7.773 0.1 515229 22530
2011 04 03 20 06 43.260 -9.734 107.769 31.9 -11.1925 31.7397 1.211 261.029 74.5782 300.106 694.866 695.63 0.764 5.803 0.1 515284 22530
2011 05 14 21 07 21.810 36.425 70.723 207.6 -11.1925 31.7397 1.211 225.507 59.9232 300.38 583.59 585.40 1.81 6.784 0.1 516197 22530
2011 05 15 13 08 15.420 0.458 -25.608 18.9 -11.1925 31.7397 1.211 103.415 58.1388 306.926 598.526 592.45 -6.076 6.993 0.1 516209 22530
2011 07 15 13 26 02.850 -60.986 -23.662 8.6 -11.1925 31.7397 1.211 64.0859 63.8955 298.02 630.19 633.17 2.98 6.584 0.1 550951 22530
2011 07 19 19 35 43.380 40.156 71.501 19.5 -11.1925 31.7397 1.211 224.785 62.9851 299.848 624.488 626.64 2.152 6.632 0.1 551088 22530
2010 01 05 04 55 38.890 -58.464 -14.859 10 -10.6738 35.6507 1.119 60.1636 60.9816 299.806 611.931 613.58 1.649 6.793 0.1 507018 22505
2010 01 17 12 00 01.570 -57.692 -66.037 10 -10.6738 35.6507 1.119 105.492 87.2317 301.41 766.855 766.09 -0.765 4.852 0.1 553939 22505
2010 02 05 06 59 07.360 -47.934 99.51 16 -10.6738 35.6507 1.119 282.571 64.6966 301.514 638.169 637.11 -1.059 6.527 0.1 507438 22505
2010 03 04 00 18 52.300 22.93 120.8 27 -10.6738 35.6507 1.119 258.355 89.6942 300.973 775.688 775.84 0.152 4.643 0.1 508109 22505
2010 03 05 16 07 00.00 -3.838 100.915 24.2 -10.6738 35.6507 1.119 260.071 65.0004 308.633 645.648 637.89 -7.758 6.502 0.1 508158 22505
2010 03 08 02 32 35.40 38.788 40.044 12.2 -10.6738 35.6507 1.119 185.693 49.3748 300.489 529.464 531.26 1.796 7.622 0.1 508208 22505
2010 03 25 05 29 26.330 13.829 120.013 24.6 -10.6738 35.6507 1.119 258.349 87.1289 301.092 763.777 763.93 0.153 4.846 0.1 550442 22505
2010 03 30 16 54 47.370 13.612 92.874 38.5 -10.6738 35.6507 1.119 249.843 61.6841 300.723 614.368 614.44 0.072 6.730 0.1 552744 22505
2010 04 05 10 05 44.630 -0.089 125.104 28.1 -10.6738 35.6507 1.119 259.396 89.4464 300.017 773.392 774.27 0.878 4.667 0.1 550443 22505
2010 04 06 22 15 02.130 2.36 97.111 33.4 -10.6738 35.6507 1.119 256.766 62.5039 301.559 621.434 620.25 -1.184 6.672 0.1 508706 22505
2010 04 11 22 08 11.320 37.007 -3.476 619.6 -10.6738 35.6507 1.119 134.253 59.9937 301.986 549.671 549.59 -0.081 6.575 0.1 553188 22505
2010 04 13 23 49 37.10 33.192 96.746 13.8 -10.6738 35.6507 1.119 244.351 72.6557 300.682 687.677 687.90 0.223 5.940 0.1 508820 22505
2010 04 14 01 25 16.450 33.149 96.489 12.2 -10.6738 35.6507 1.119 244.194 72.4429 300.269 685.824 686.90 1.076 5.955 0.1 508826 22505
2010 05 05 16 29 03.110 -4.139 101.105 26.3 -10.6738 35.6507 1.119 260.21 65.1359 301.886 639.781 638.47 -1.311 6.491 0.1 509087 22505
2010 05 09 05 59 42.340 3.732 96.027 42.3 -10.6738 35.6507 1.119 255.873 61.7743 300.719 614.384 614.38 -0.004 6.724 0.1 509134 22505
2010 05 31 10 16 02.640 6.937 123.962 34.3 -10.6738 35.6507 1.119 259.271 89.6174 299.582 772.947 774.23 1.283 4.650 0.1 553189 22505
2010 05 31 19 51 47.690 11.21 93.651 131.6 -10.6738 35.6507 1.119 251.361 61.6073 302.31 604.625 603.78 -0.845 6.700 0.1 509381 22505
2010 06 12 19 26 50.50 7.85 91.954 31.4 -10.6738 35.6507 1.119 252.598 58.9818 300.303 596.258 596.71 0.452 6.932 0.1 509523 22505
2010 01 05 04 55 38.890 -58.464 -14.859 10 -7.9531 31.6195 1.837 54.7266 61.6123 301.388 617.513 618.04 0.527 6.744 0.1 507018 22506
2010 01 17 12 00 01.570 -57.692 -66.037 10 -7.9531 31.6195 1.837 100.68 87.4163 302.167 768.612 767.13 -1.482 4.835 0.1 553939 22506
2010 02 05 06 59 07.360 -47.934 99.51 16 -7.9531 31.6195 1.837 281.307 69.3639 302.817 668.472 666.83 -1.642 6.188 0.1 507438 22506
2010 03 05 16 07 00.00 -3.838 100.915 24.2 -7.9531 31.6195 1.837 262.994 68.9884 307.236 670.251 663.24 -7.011 6.213 0.1 508158 22506
2010 03 08 02 32 35.40 38.788 40.044 12.2 -7.9531 31.6195 1.837 191.415 47.1569 299.062 511.037 514.01 2.973 7.782 0.1 508208 22506
2010 03 30 16 54 47.370 13.612 92.874 38.5 -7.9531 31.6195 1.837 254.243 64.4688 300.514 632.159 632.80 0.641 6.533 0.1 552744 22506
2010 04 06 22 15 02.130 2.36 97.111 33.4 -7.9531 31.6195 1.837 260.294 66.1136 303.628 646.513 643.85 -2.663 6.417 0.1 508706 22506
2010 04 11 22 08 11.320 37.007 -3.476 619.6 -7.9531 31.6195 1.837 136.291 55.5027 301.626 519.321 519.33 0.009 6.881 0.1 553188 22506
2010 04 13 23 49 37.10 33.192 96.746 13.8 -7.9531 31.6195 1.837 249.149 74.0706 301.793 696.798 696.08 -0.718 5.837 0.1 508820 22506
2010 04 14 01 25 16.450 33.149 96.489 12.2 -7.9531 31.6195 1.837 248.999 73.854 300.993 694.558 695.08 0.522 5.854 0.1 508826 22506
2010 05 05 16 29 03.110 -4.139 101.105 26.3 -7.9531 31.6195 1.837 263.103 69.1404 302.827 665.732 663.88 -1.852 6.202 0.1 509087 22506
2010 05 09 05 59 42.340 3.732 96.027 42.3 -7.9531 31.6195 1.837 259.546 65.2862 301.455 638.13 637.51 -0.62 6.474 0.1 509134 22506
2010 05 25 10 09 06.280 35.283 -35.936 15.4 -7.9531 31.6195 1.837 109.818 76.6824 302.789 712.524 710.80 -1.724 5.645 0.1 550452 22506
2010 05 31 19 51 47.690 11.21 93.651 131.6 -7.9531 31.6195 1.837 255.602 64.5808 302.76 625.085 623.31 -1.775 6.492 0.1 509381 22506
2010 06 12 19 26 50.50 7.85 91.954 31.4 -7.9531 31.6195 1.837 256.748 62.1568 301.066 619.031 618.28 -0.751 6.699 0.1 509523 22506
2010 01 05 04 55 38.890 -58.464 -14.859 10 -9.2958 32.7712 1.66 56.5613 60.9131 300.738 611.848 613.22 1.372 6.797 0.1 507018 22222
2010 01 17 12 00 01.570 -57.692 -66.037 10 -9.2958 32.7712 1.66 102.357 86.8928 302.153 765.583 764.52 -1.063 4.878 0.1 553939 22222
2010 02 05 06 59 07.360 -47.934 99.51 16 -9.2958 32.7712 1.66 281.263 67.6103 302.49 657.13 655.83 -1.3 6.315 0.1 507438 22222
2010 03 05 16 07 00.00 -3.838 100.915 24.2 -9.2958 32.7712 1.66 261.575 67.8328 305.637 661.637 656.01 -5.627 6.296 0.1 508158 22222
2010 03 08 02 32 35.40 38.788 40.044 12.2 -9.2958 32.7712 1.66 189.632 48.3128 300.601 521.561 523.04 1.479 7.700 0.1 508208 22222
2010 03 25 05 29 26.330 13.829 120.013 24.6 -9.2958 32.7712 1.66 260.377 89.5404 301.505 776.19 775.36 -0.83 4.657 0.1 550442 22222
2010 03 30 16 54 47.370 13.612 92.874 38.5 -9.2958 32.7712 1.66 252.422 63.8442 301.148 628.788 628.75 -0.038 6.577 0.1 552744 22222
2010 04 06 22 15 02.130 2.36 97.111 33.4 -9.2958 32.7712 1.66 258.697 65.1339 302.771 639.646 637.54 -2.106 6.488 0.1 508706 22222
2010 04 11 22 08 11.320 37.007 -3.476 619.6 -9.2958 32.7712 1.66 136.057 57.2459 302.65 531.335 531.26 -0.075 6.760 0.1 553188 22222
2010 04 13 23 49 37.10 33.192 96.746 13.8 -9.2958 32.7712 1.66 247.327 73.9959 301.916 696.916 695.71 -1.206 5.842 0.1 508820 22222
2010 04 14 01 25 16.450 33.149 96.489 12.2 -9.2958 32.7712 1.66 247.174 73.7806 300.78 694.34 694.71 0.37 5.859 0.1 508826 22222
2010 05 05 16 29 03.110 -4.139 101.105 26.3 -9.2958 32.7712 1.66 261.693 67.9768 303.41 659.315 656.61 -2.705 6.285 0.1 509087 22222
2010 05 09 05 59 42.340 3.732 96.027 42.3 -9.2958 32.7712 1.66 257.907 64.3501 301.594 632.259 631.43 -0.829 6.542 0.1 509134 22222
2010 05 25 10 09 06.280 35.283 -35.936 15.4 -9.2958 32.7712 1.66 110.147 78.4068 305.847 724.577 720.46 -4.117 5.516 0.1 550452 22222
2010 05 31 19 51 47.690 11.21 93.651 131.6 -9.2958 32.7712 1.66 253.817 63.8774 303.605 620.92 618.77 -2.15 6.542 0.1 509381 22222
2010 05 25 10 09 06.280 35.283 -35.936 15.4 -5.1049 30.3934 0.992 108.332 73.9575 304.738 698.468 695.06 -3.408 5.847 0.1 550452 22507
2010 05 31 19 51 47.690 11.21 93.651 131.6 -5.1049 30.3934 0.992 258.976 64.9945 303.085 627.405 625.93 -1.475 6.462 0.1 509381 22507
2010 06 12 19 26 50.50 7.85 91.954 31.4 -5.1049 30.3934 0.992 260.159 62.7428 300.733 622.693 622.14 -0.553 6.654 0.1 509523 22507
2010 01 05 04 55 38.890 -58.464 -14.859 10 -9.7576 35.3001 1.511 59.3358 61.6302 301.117 617.242 618.01 0.768 6.744 0.1 507018 20421
2010 01 17 12 00 01.570 -57.692 -66.037 10 -9.7576 35.3001 1.511 104.718 87.8238 302.291 770.736 768.98 -1.756 4.806 0.1 553939 20421
2010 02 05 06 59 07.360 -47.934 99.51 16 -9.7576 35.3001 1.511 282.956 65.6055 301.738 644.393 643.05 -1.343 6.458 0.1 507438 20421
2010 03 04 00 18 52.300 22.93 120.8 27 -9.7576 35.3001 1.511 259.328 89.652 300.708 775.423 775.63 0.207 4.646 0.1 508109 20421
2010 03 05 16 07 00.00 -3.838 100.915 24.2 -9.7576 35.3001 1.511 261.078 65.3378 304.847 644.862 640.08 -4.782 6.477 0.1 508158 20421
2010 03 08 02 32 35.40 38.788 40.044 12.2 -9.7576 35.3001 1.511 186.249 48.4959 300.67 522.645 524.48 1.835 7.686 0.1 508208 20421
2010 03 25 05 29 26.330 13.829 120.013 24.6 -9.7576 35.3001 1.511 259.319 87.235 301.489 765.174 764.43 -0.744 4.838 0.1 550442 20421
2010 03 30 16 54 47.370 13.612 92.874 38.5 -9.7576 35.3001 1.511 250.949 61.6717 300.774 613.409 614.32 0.911 6.731 0.1 552744 20421
