2007 07 03 8 25 59.026 0.72 -30.2614 10 -3.68647 35.5377 1.972 94.333 65.9037 309.025 656.438 645.99 -10.448 6.439 0.1 492281 23140
2007 07 25 23 37 24.731 7.0991 92.5074 27.7 -3.68647 35.5377 1.972 261.157 57.8584 313.008 603.466 589.24 -14.226 7.013 0.1 493212 23140
2007 08 08 17 5 2.186 -5.8913 107.451 295.8 -3.68647 35.5377 1.972 268.071 71.6564 298.155 649.369 649.73 0.361 5.928 0.1 493807 23140
2007 09 12 23 49 2.388 -2.6161 100.726 36 -3.68647 35.5377 1.972 267.168 65.0868 302.307 640.557 636.82 -3.737 6.492 0.1 495417 23140
2007 09 13 2 30 1.341 -1.6708 99.5879 24.8 -3.68647 35.5377 1.972 266.735 64.0009 301.98 634.682 631.29 -3.392 6.574 0.1 495434 23140
2007 09 13 3 35 21.564 -2.1573 99.5731 20 -3.68647 35.5377 1.972 266.97 63.9596 306.73 639.841 631.70 -8.141 6.578 0.1 495438 23140
2007 09 13 16 9 15.889 -3.2096 101.365 50.9 -3.68647 35.5377 1.972 267.419 65.6967 301.182 641.746 639.13 -2.616 6.442 0.1 495466 23140
2007 09 14 6 1 29.591 -4.1551 101.1 32.9 -3.68647 35.5377 1.972 267.858 65.393 304.985 645.628 639.21 -6.418 6.470 0.1 495507 23140
2007 07 03 8 25 56.570 0.72 -30.2614 10 -4.00361 35.3511 1.929 94.6869 65.7315 303.955 650.255 644.88 -5.375 6.451 0.1 492281 23141
2007 07 03 8 25 53.807 0.72 -30.2614 10 -3.39481 36.8746 1.122 93.9589 67.2253 307.893 663.768 654.43 -9.338 6.343 0.1 492281 23142
2007 06 26 22 22 58.034 -10.4979 108.214 18.2 -3.37611 35.3372 1.067 269.74 72.5628 306.157 693.528 685.88 -7.648 5.955 0.1 492054 23143
2007 07 03 8 25 55.609 0.72 -30.2614 10 -3.37611 35.3372 1.067 94.0043 65.691 304.625 650.664 644.62 -6.044 6.453 0.1 492281 23143
2007 07 25 23 37 30.940 7.0991 92.5074 27.7 -3.37611 35.3372 1.067 261.558 57.9985 304.288 595.731 590.22 -5.511 7.002 0.1 493212 23143
2007 07 31 22 55 28.240 -0.1853 -17.7754 17.6 -3.37611 35.3372 1.067 94.0528 53.173 303.882 562.034 556.94 -5.094 7.362 0.1 493455 23143
2007 08 20 22 42 27.345 8.1252 -39.2485 0.7 -3.37611 35.3372 1.067 95.6479 75.2561 298.677 704.727 704.60 -0.127 5.757 0.1 553174 23143
2007 08 08 17 4 54.898 -5.8913 107.451 295.8 -3.44622 35.9751 1.064 268.362 71.2423 304.623 653.374 647.27 -6.104 5.957 0.1 553172 23144
2007 08 08 17 4 53.942 -6.089 107.584 293.8 -3.44622 35.9751 1.064 268.416 71.3686 304.758 654.465 648.23 -6.235 5.949 0.1 553172 23144
2007 09 12 11 10 20.392 -4.4637 101.396 35.5 -3.44622 35.9751 1.064 268.269 65.2549 307.997 647.39 637.96 -9.43 6.480 0.1 495373 23144
2007 09 13 16 9 15.818 -3.2096 101.365 50.9 -3.44622 35.9751 1.064 267.697 65.2682 301.934 639.727 636.36 -3.367 6.473 0.1 495466 23144
2007 09 19 7 27 45.962 -2.7753 100.83 38.4 -3.44622 35.9751 1.064 267.513 64.7524 312.599 648.407 634.38 -14.027 6.516 0.1 495719 23144
2007 10 04 12 40 26.041 2.545 92.8891 36.7 -3.44622 35.9751 1.064 264.286 57.1965 304.104 588.69 583.32 -5.37 7.061 0.1 496188 23144
2007 06 02 21 34 48.537 23.0653 101.024 11.6 -3.73681 35.0644 1.047 256.548 69.5617 309.028 679.213 669.06 -10.153 6.171 0.1 552970 23145
2007 06 24 0 25 8.367 -55.6106 -2.4337 10 -3.73681 35.0644 1.047 44.6374 59.8329 309.559 616.062 606.28 -9.782 6.871 0.1 491970 23145
2007 06 26 22 22 58.823 -10.4979 108.214 18.2 -3.73681 35.0644 1.047 269.322 72.7699 305.225 693.827 687.11 -6.717 5.940 0.1 492054 23145
2007 07 25 23 37 25.457 7.0991 92.5074 27.7 -3.73681 35.0644 1.047 261.202 58.3318 307.06 600.84 592.55 -8.29 6.976 0.1 493212 23145
2007 07 31 22 55 23.318 -0.1853 -17.7754 17.6 -3.73681 35.0644 1.047 94.5152 52.9161 308.551 564.804 555.05 -9.754 7.381 0.1 493455 23145
2007 08 08 17 4 53.769 -5.8913 107.451 295.8 -3.73681 35.0644 1.047 267.976 72.1227 305.474 659.445 652.49 -6.955 5.894 0.1 553172 23145
2007 08 08 17 4 52.829 -6.089 107.584 293.8 -3.73681 35.0644 1.047 268.027 72.2476 305.76 660.671 653.43 -7.241 5.886 0.1 553172 23145
2007 08 20 22 42 19.599 8.1252 -39.2485 0.7 -3.73681 35.0644 1.047 96.0593 75.0454 307.326 712.16 703.39 -8.77 5.773 0.1 553174 23145
2007 09 12 11 10 20.653 -4.4637 101.396 35.5 -3.73681 35.0644 1.047 267.896 66.146 309.125 654.273 643.70 -10.573 6.415 0.1 495373 23145
2007 09 13 2 29 49.736 -1.6708 99.5879 24.8 -3.73681 35.0644 1.047 266.679 64.4732 313.08 648.884 634.39 -14.494 6.540 0.1 495434 23145
2007 09 13 16 9 4.072 -3.2096 101.365 50.9 -3.73681 35.0644 1.047 267.348 66.1671 312.525 656.118 642.15 -13.968 6.408 0.1 495466 23145
2007 09 26 15 42 51.276 -1.8162 99.4029 31.3 -3.73681 35.0644 1.047 266.748 64.2803 311.009 644.625 632.20 -12.425 6.551 0.1 495964 23145
2008 01 04 7 29 14.326 -2.7929 100.916 40.6 -2.62114 36.1814 1.317 268.432 64.6549 304.032 638.963 633.51 -5.453 6.522 0.1 497210 23146
2008 01 06 5 14 15.107 37.2569 22.7037 83.8 -2.62114 36.1814 1.317 159.474 41.6063 304.224 464.766 461.22 -3.546 8.153 0.1 552903 23146
2007 07 03 8 25 53.368 0.72 -30.2614 10 -3.356 35.596 0.862 93.9711 65.9484 306.683 654.384 646.27 -8.114 6.436 0.1 492281 23147
2007 07 25 23 37 28.764 7.0991 92.5074 27.7 -3.356 35.596 0.862 261.526 57.7409 304.418 594.048 588.41 -5.638 7.022 0.1 493212 23147
2007 07 31 22 55 22.997 -0.1853 -17.7754 17.6 -3.356 35.596 0.862 94.0151 53.4303 309.176 569.225 558.83 -10.395 7.343 0.1 493455 23147
2007 08 08 17 4 54.303 -5.8913 107.451 295.8 -3.356 35.596 0.862 268.421 71.6271 305.281 656.322 649.56 -6.762 5.930 0.1 553172 23147
2007 08 08 17 4 53.350 -6.089 107.584 293.8 -3.356 35.596 0.862 268.474 71.7536 305.092 657.086 650.52 -6.566 5.921 0.1 553172 23147
2007 09 06 17 51 19.227 24.3394 122.254 58.2 -3.356 35.596 0.862 265.588 88.3233 307.243 773.766 765.35 -8.416 4.746 0.1 495175 23147
2007 09 12 23 49 1.456 -2.6161 100.726 36 -3.356 35.596 0.862 267.531 65.0358 302.693 640.611 636.49 -4.121 6.496 0.1 495417 23147
2007 09 13 3 35 24.146 -2.1573 99.5731 20 -3.356 35.596 0.862 267.337 63.9053 303.711 636.464 631.34 -5.124 6.582 0.1 495438 23147
2007 10 04 12 40 29.062 2.545 92.8891 36.7 -3.356 35.596 0.862 264.432 57.5653 301.443 588.636 585.92 -2.716 7.033 0.1 496188 23147
2007 10 24 21 2 44.910 -3.9514 100.987 29.9 -3.356 35.596 0.862 268.135 65.2462 303.806 643.925 638.68 -5.245 6.482 0.1 496356 23147
2007 09 19 7 27 39.124 -2.7753 100.83 38.4 -2.725 36.6983 1.375 268.33 64.0505 312.721 643.929 629.79 -14.139 6.566 0.1 495719 23148
2007 09 20 8 31 7.467 -2.0214 100.059 30.9 -2.725 36.6983 1.375 267.979 63.3045 312.691 639.924 625.83 -14.094 6.621 0.1 553171 23148
2007 09 26 15 42 58.495 -1.8162 99.4029 31.3 -2.725 36.6983 1.375 267.885 62.6564 307.88 630.741 621.47 -9.271 6.662 0.1 495964 23148
2007 10 24 21 2 39.732 -3.9514 100.987 29.9 -2.725 36.6983 1.375 268.889 64.1788 312.551 645.697 631.73 -13.967 6.559 0.1 496356 23148
2007 11 25 19 52 58.754 -8.2256 118.526 31.6 -2.725 36.6983 1.375 268.461 81.5318 307.296 743.103 734.33 -8.773 5.285 0.1 496687 23148
2007 07 31 22 55 26.471 -0.1853 -17.7754 17.6 -3.81 35.6905 0.994 94.5708 53.5435 302.667 563.548 559.66 -3.888 7.334 0.1 493455 23149
2007 09 13 2 29 55.994 -1.6708 99.5879 24.8 -3.81 35.6905 0.994 266.598 63.8484 305.358 637.054 630.29 -6.764 6.584 0.1 495434 23149
2007 09 20 8 31 4.084 -2.0214 100.059 30.9 -3.81 35.6905 0.994 266.765 64.2985 311.592 645.383 632.37 -13.013 6.550 0.1 553171 23149
2007 07 03 8 25 53.235 0.72 -30.2614 10 -3.19136 35.4707 2.36 93.7975 65.817 307.328 654.181 645.43 -8.751 6.445 0.1 492281 23150
2007 07 25 23 37 31.824 7.0991 92.5074 27.7 -3.19136 35.4707 2.36 261.742 57.8343 301.57 591.858 589.06 -2.798 7.015 0.1 493212 23150
2007 07 31 22 55 26.906 -0.1853 -17.7754 17.6 -3.19136 35.4707 2.36 93.8175 53.2991 304.032 563.114 557.87 -5.244 7.353 0.1 493455 23150
2007 08 08 17 5 5.660 -5.8913 107.451 295.8 -3.19136 35.4707 2.36 268.581 71.7663 294.218 646.084 650.39 4.306 5.920 0.1 493807 23150
2007 08 08 17 4 46.336 -6.089 107.584 293.8 -3.19136 35.4707 2.36 268.633 71.8933 312.378 665.2 651.35 -13.85 5.911 0.1 553172 23150
2007 07 03 8 26 0.039 0.72 -30.2614 10 -3.49258 35.3925 1.112 94.1287 65.7509 299.156 645.582 645.00 -0.582 6.449 0.1 492281 23151
2007 07 31 22 55 24.582 -0.1853 -17.7754 17.6 -3.49258 35.3925 1.112 94.1943 53.2328 307.285 565.878 557.38 -8.498 7.357 0.1 493455 23151
2007 06 26 22 22 55.687 -10.4979 108.214 18.2 -3.62667 35.2728 1.018 269.472 72.5836 308.107 695.601 686.00 -9.601 5.953 0.1 492054 23152
2007 07 03 8 25 59.323 0.72 -30.2614 10 -3.62667 35.2728 1.018 94.2802 65.6371 302.304 647.994 644.27 -3.724 6.457 0.1 492281 23152
2007 07 25 23 37 28.633 7.0991 92.5074 27.7 -3.62667 35.2728 1.018 261.283 58.1073 304.686 596.892 590.98 -5.912 6.993 0.1 493212 23152
2007 07 31 22 55 30.040 -0.1853 -17.7754 17.6 -3.62667 35.2728 1.018 94.3669 53.1191 302.77 560.524 556.54 -3.984 7.366 0.1 493455 23152
2007 07 31 22 55 24.081 -0.1853 -17.7754 17.6 -3.90981 35.789 0.99 94.6884 53.6462 307.219 568.854 560.42 -8.434 7.327 0.1 493455 23153
2007 08 08 17 5 5.189 -5.8913 107.451 295.8 -3.90981 35.789 0.99 267.861 71.3876 293.968 643.583 648.14 4.557 5.947 0.1 493807 23153
2007 08 20 22 42 21.366 8.1252 -39.2485 0.7 -3.90981 35.789 0.99 96.113 75.7867 306.91 716.007 707.65 -8.357 5.716 0.1 553174 23153
2007 09 06 17 51 14.865 24.3394 122.254 58.2 -3.90981 35.789 0.99 265.007 88.3748 311.471 778.24 765.61 -12.63 4.742 0.1 495175 23153
2007 09 12 11 10 19.021 -4.4637 101.396 35.5 -3.90981 35.789 0.99 267.752 65.4146 308.72 649.148 638.99 -10.158 6.467 0.1 495373 23153
2007 09 12 23 48 53.393 -2.6161 100.726 36 -3.90981 35.789 0.99 266.928 64.8318 310.991 647.579 635.16 -12.419 6.511 0.1 495417 23153
2007 09 13 2 30 2.495 -1.6708 99.5879 24.8 -3.90981 35.789 0.99 266.488 63.7502 300.579 631.627 629.64 -1.987 6.591 0.1 495434 23153
2007 09 13 3 35 23.371 -2.1573 99.5731 20 -3.90981 35.789 0.99 266.726 63.7068 304.09 635.532 630.03 -5.502 6.596 0.1 495438 23153
2007 09 13 16 9 9.994 -3.2096 101.365 50.9 -3.90981 35.789 0.99 267.184 65.4391 306.563 645.462 637.46 -8.002 6.460 0.1 495466 23153
2007 09 20 8 31 13.628 -2.0214 100.059 30.9 -3.90981 35.789 0.99 266.656 64.1996 309.907 643.049 631.72 -11.329 6.557 0.1 553171 23153
2007 10 04 12 40 26.796 2.545 92.8891 36.7 -3.90981 35.789 0.99 263.762 57.4245 302.756 588.954 584.93 -4.024 7.044 0.1 496188 23153
2007 09 06 17 51 12.795 24.3394 122.254 58.2 -3.72814 35.9078 0.984 265.123 88.1923 313.22 779.125 764.74 -14.385 4.757 0.1 495175 23154
2007 10 24 21 2 50.548 -3.9514 100.987 29.9 -3.72814 35.9078 0.984 267.744 64.918 299.765 637.747 636.55 -1.197 6.507 0.1 496356 23154
2007 10 04 12 40 21.081 2.545 92.8891 36.7 -3.23128 36.8607 1.562 264.444 56.2967 310.212 588.399 576.94 -11.459 7.128 0.1 496188 23155
2007 07 03 8 25 53.658 0.72 -30.2614 10 -3.911 35.254 1.472 94.5908 65.6306 305.891 651.538 644.23 -7.308 6.458 0.1 492281 23156
2007 08 08 17 5 6.050 -5.8913 107.451 295.8 -3.911 35.254 1.472 267.812 71.9193 293.479 646.249 651.29 5.041 5.909 0.1 493807 23156
2007 08 20 22 42 18.800 8.1252 -39.2485 0.7 -3.911 35.254 1.472 96.204 75.2603 307.233 713.307 704.63 -8.677 5.756 0.1 553174 23156
2007 09 06 17 51 19.914 24.3394 122.254 58.2 -3.911 35.254 1.472 265.226 88.8615 305.425 774.481 767.91 -6.571 4.703 0.1 495175 23156
2007 09 13 3 35 17.521 -2.1573 99.5731 20 -3.911 35.254 1.472 266.719 64.2405 310.347 645.306 633.54 -11.766 6.557 0.1 495438 23156
2007 09 14 6 1 22.834 -4.1551 101.1 32.9 -3.911 35.254 1.472 267.598 65.6648 308.942 651.344 640.97 -10.374 6.450 0.1 495507 23156
2007 06 26 22 22 52.963 -10.4979 108.214 18.2 -3.30542 37.3292 0.992 270.173 70.6158 311.013 686.642 674.15 -12.492 6.097 0.1 492054 23157
2007 07 03 8 25 50.101 0.72 -30.2614 10 -3.30542 37.3292 0.992 93.8443 67.6755 312.184 670.912 657.28 -13.632 6.311 0.1 492281 23157
2007 07 25 23 37 22.849 7.0991 92.5074 27.7 -3.30542 37.3292 0.992 261.203 56.031 312.207 589.689 576.30 -13.389 7.150 0.1 493212 23157
2007 09 12 11 10 20.117 -4.4637 101.396 35.5 -3.30542 37.3292 0.992 268.51 63.9135 306.006 636.625 629.20 -7.425 6.577 0.1 495373 23157
2007 09 12 23 49 0.205 -2.6161 100.726 36 -3.30542 37.3292 0.992 267.63 63.307 303.192 629.75 625.15 -4.6 6.619 0.1 495417 23157
2007 09 13 3 35 15.489 -2.1573 99.5731 20 -3.30542 37.3292 0.992 267.417 62.1758 313.014 634.252 619.85 -14.402 6.703 0.1 495438 23157
2007 09 13 9 48 33.316 3.7941 126.458 24.4 -3.30542 37.3292 0.992 266.666 89.348 310.554 786.257 774.37 -11.887 4.675 0.1 495451 23157
2007 09 19 7 27 45.179 -2.7753 100.83 38.4 -3.30542 37.3292 0.992 267.707 63.4046 313.553 640.496 625.53 -14.966 6.612 0.1 495719 23157
2007 09 20 8 31 12.983 -2.0214 100.059 30.9 -3.30542 37.3292 0.992 267.341 62.6672 310.12 633.109 621.60 -11.509 6.662 0.1 553171 23157
2007 06 24 0 25 7.496 -55.6106 -2.4337 10 -3.60269 36.0832 1.089 45.6489 60.3646 308.827 618.984 609.92 -9.064 6.833 0.1 491970 23158
2007 06 26 22 22 55.909 -10.4979 108.214 18.2 -3.60269 36.0832 1.089 269.641 71.7907 306.713 689.46 681.26 -8.2 6.011 0.1 492054 23158
2007 07 25 23 37 28.072 7.0991 92.5074 27.7 -3.60269 36.0832 1.089 261.134 57.308 308.07 594.645 585.37 -9.275 7.055 0.1 493212 23158
2007 08 08 17 4 58.774 -5.8913 107.451 295.8 -3.60269 36.0832 1.089 268.208 71.1213 300.708 648.736 646.55 -2.186 5.965 0.1 553172 23158
2007 09 06 17 51 15.301 24.3394 122.254 58.2 -3.60269 36.0832 1.089 265.164 87.9815 309.781 774.685 763.73 -10.955 4.773 0.1 495175 23158
2007 09 13 2 30 1.590 -1.6708 99.5879 24.8 -3.60269 36.0832 1.089 266.828 63.4566 301.462 630.568 627.70 -2.868 6.612 0.1 495434 23158
2007 09 13 3 35 16.648 -2.1573 99.5731 20 -3.60269 36.0832 1.089 267.07 63.4161 312.685 642.203 628.11 -14.093 6.616 0.1 495438 23158
2007 09 13 16 9 4.723 -3.2096 101.365 50.9 -3.60269 36.0832 1.089 267.53 65.1553 311.589 648.648 635.63 -13.018 6.482 0.1 495466 23158
2007 09 19 7 27 43.195 -2.7753 100.83 38.4 -3.60269 36.0832 1.089 267.344 64.6408 310.002 645.08 633.65 -11.43 6.524 0.1 495719 23158
2007 09 20 8 31 12.525 -2.0214 100.059 30.9 -3.60269 36.0832 1.089 266.998 63.9082 310.74 641.965 629.81 -12.155 6.579 0.1 553171 23158
2007 09 29 5 37 5.296 2.8965 95.5175 32.6 -3.60269 36.0832 1.089 264.165 59.7508 304.689 607.642 601.64 -6.002 6.878 0.1 496065 23158
2007 10 24 21 2 39.646 -3.9514 100.987 29.9 -3.60269 36.0832 1.089 267.89 64.7488 310.759 647.638 635.45 -12.188 6.519 0.1 496356 23158
2007 12 22 12 26 10.307 2.1251 96.7849 32.8 -2.99261 36.2922 1.064 265.399 60.6839 307.713 617.04 607.99 -9.05 6.810 0.1 497052 23159
2008 01 06 5 14 15.379 37.2569 22.7037 83.8 -2.99261 36.2922 1.064 159.469 41.9915 300.849 464.538 464.37 -0.168 8.126 0.1 552903 23159
2008 01 09 8 26 35.952 32.4042 85.2551 27.7 -2.99261 36.2922 1.064 242.415 58.1986 308.086 600.802 592.20 -8.602 6.979 0.1 497275 23159
2007 08 08 17 4 51.394 -5.8913 107.451 295.8 -3.56228 37.0256 1.092 268.337 70.1877 308.493 650.915 640.95 -9.965 6.034 0.1 553172 23160
2007 08 08 17 4 50.430 -6.089 107.584 293.8 -3.56228 37.0256 1.092 268.395 70.3139 307.486 650.872 641.92 -8.952 6.025 0.1 553172 23160
