2014 06 29 07 52 56.840 -55.475 -28.395 15.1 -7.59109 31.2704 1.757 68.5087 66.8619 301.701 651.861 651.43 -0.431 6.365 0.1 534719 23186
2014 07 05 09 39 27.790 1.933 96.938 20 -7.59109 31.2704 1.757 260.89 66.1816 302.419 647.629 646.18 -1.449 6.416 0.1 534852 23186
2014 07 19 14 14 02.290 11.709 57.957 10 -7.59109 31.2704 1.757 235.4 32.7441 301.588 393.298 393.54 0.242 8.751 0.1 535067 23186
2014 07 27 01 28 41.400 23.86 -45.59 13.7 -7.59109 31.2704 1.757 102.317 81.168 301.985 736.585 735.44 -1.145 5.314 0.1 535168 23186
2014 08 18 02 32 04.100 32.711 47.638 10 -7.59109 31.2704 1.757 204.179 43.0038 303.774 482.674 481.17 -1.504 8.085 0.1 535475 23186
2014 08 18 18 08 22.750 32.582 47.703 5 -7.59109 31.2704 1.757 204.325 42.9091 303.289 481.539 481.18 -0.359 8.093 0.1 535494 23186
2014 10 07 13 49 41.780 23.343 100.5 12.8 -7.59109 31.2704 1.757 254.381 74.2515 302.706 697.926 697.10 -0.826 5.827 0.1 536316 23186
2014 11 03 08 48 29.700 -41.824 80.043 7.4 -7.59109 31.2704 1.757 294.257 54.8646 304.498 573.798 571.21 -2.588 7.238 0.1 553474 23186
2014 11 17 16 52 47.640 -46.407 33.701 12.2 -7.59109 31.2704 1.757 356.147 38.7305 300.8 443.16 445.11 1.95 8.382 0.1 537073 23186
2014 11 22 08 55 26.490 30.314 101.803 2 -7.59109 31.2704 1.757 253.357 77.3031 303.567 719.077 716.40 -2.677 5.605 0.1 537173 23186
2015 02 13 18 59 13.510 52.509 -32.02 16.9 -7.59109 31.2704 1.757 116.05 80.3007 305.24 734.73 730.65 -4.08 5.376 0.1 553526 23186
2015 02 16 22 00 54.320 -55.518 -28.229 18.1 -7.59109 31.2704 1.757 68.3402 66.7899 302.686 652.366 650.49 -1.876 6.370 0.1 538527 23186
2015 03 03 10 37 31.380 -0.719 98.754 33.5 -7.59109 31.2704 1.757 262.136 67.5893 301.826 654.446 653.18 -1.266 6.311 0.1 538783 23186
2015 03 06 08 22 20.90 -41.316 80.614 13.1 -7.59109 31.2704 1.757 293.432 55.0513 301.403 572.313 571.64 -0.673 7.223 0.1 538824 23186
2015 04 16 18 07 43.610 35.195 26.837 22.6 -7.59109 31.2704 1.757 173.519 42.7602 301.508 475.898 477.48 1.582 8.097 0.1 553528 23186
2015 04 25 06 11 26.630 28.13 84.716 13.4 -7.59109 31.2704 1.757 243.743 62.6183 303.931 626.301 624.56 -1.741 6.662 0.1 539594 23186
2015 04 25 06 45 21.360 28.16 84.843 14.7 -7.59109 31.2704 1.757 243.815 62.7321 300.775 624.415 625.11 0.695 6.653 0.1 539604 23186
2015 04 26 07 09 09.310 27.736 85.978 13.4 -7.59109 31.2704 1.757 244.758 63.4535 299.623 628.313 630.08 1.767 6.608 0.1 539668 23186
2015 05 12 07 05 18.830 27.801 86.126 12.3 -7.59109 31.2704 1.757 244.825 63.5998 300.293 629.463 631.22 1.757 6.598 0.1 539984 23186
2015 05 15 20 26 55.950 -2.566 102.223 158.5 -7.59109 31.2704 1.757 262.9 70.7893 302.249 660.299 659.06 -1.239 6.040 0.1 540083 23186
2015 05 24 04 53 23.400 -16.814 -14.261 11.7 -7.59109 31.2704 1.757 84.0321 45.3422 302.284 498.884 497.96 -0.924 7.932 0.1 540236 23186
2015 06 04 23 15 45.200 6.043 116.665 18.1 -7.59109 31.2704 1.757 262.002 86.248 300.828 760.628 760.51 -0.118 4.919 0.1 540435 23186
2015 06 17 12 51 35.660 -35.37 -17.809 27.1 -7.59109 31.2704 1.757 70.3857 52.6767 300.37 550.71 552.12 1.41 7.394 0.1 540638 23186
2015 07 03 01 07 46.210 37.47 78.12 19 -7.59109 31.2704 1.757 234.54 62.6163 300.49 622.28 623.94 1.66 6.658 0.1 540849 23186
2014 06 29 07 52 56.840 -55.475 -28.395 15.1 -8.13374 30.9701 0.784 68.549 66.2472 300.454 646.614 647.49 0.876 6.411 0.1 534719 23187
2014 06 29 14 32 49.770 -55.418 -28.224 11.9 -8.13374 30.9701 0.784 68.4162 66.1356 302.155 648.385 647.29 -1.095 6.420 0.1 534744 23187
2014 07 05 09 39 27.790 1.933 96.938 20 -8.13374 30.9701 0.784 260.336 66.5299 302.375 649.585 648.42 -1.165 6.390 0.1 534852 23187
2014 07 19 14 14 02.290 11.709 57.957 10 -8.13374 30.9701 0.784 234.917 33.3006 300.739 397.449 398.43 0.981 8.726 0.1 535067 23187
2014 07 27 01 28 41.400 23.86 -45.59 13.7 -8.13374 30.9701 0.784 102.939 81.1328 301.608 736.208 735.27 -0.938 5.316 0.1 535168 23187
2014 08 03 08 30 14.300 27.217 103.458 28 -8.13374 30.9701 0.784 254.564 78.3834 305.068 721.768 718.23 -3.538 5.517 0.1 535273 23187
2014 08 18 02 32 04.100 32.711 47.638 10 -8.13374 30.9701 0.784 204.311 43.6129 303.384 487.284 486.11 -1.174 8.040 0.1 535475 23187
2014 08 18 18 08 22.750 32.582 47.703 5 -8.13374 30.9701 0.784 204.454 43.5184 302.97 486.22 486.13 -0.09 8.049 0.1 535494 23187
2014 10 07 13 49 41.780 23.343 100.5 12.8 -8.13374 30.9701 0.784 254.021 74.76 302.331 700.551 700.06 -0.491 5.787 0.1 536316 23187
2014 11 17 16 52 47.640 -46.407 33.701 12.2 -8.13374 30.9701 0.784 355.626 38.2069 299.597 437.957 440.68 2.723 8.417 0.1 537073 23187
2014 11 22 08 55 26.490 30.314 101.803 2 -8.13374 30.9701 0.784 253.063 77.8478 300.449 718.959 719.45 0.491 5.563 0.1 537173 23187
2015 02 13 18 59 13.510 52.509 -32.02 16.9 -8.13374 30.9701 0.784 116.603 80.5855 305.525 736.015 732.21 -3.805 5.353 0.1 553526 23187
2015 02 16 22 00 54.320 -55.518 -28.229 18.1 -8.13374 30.9701 0.784 68.3796 66.1752 302.265 647.945 646.54 -1.405 6.415 0.1 538527 23187
2015 03 03 10 37 31.380 -0.719 98.754 33.5 -8.13374 30.9701 0.784 261.568 67.9095 301.44 656.06 655.20 -0.86 6.288 0.1 538783 23187
2015 03 06 08 22 20.90 -41.316 80.614 13.1 -8.13374 30.9701 0.784 292.712 54.8741 299.359 568.269 570.32 2.051 7.237 0.1 538824 23187
2015 04 16 18 07 43.610 35.195 26.837 22.6 -8.13374 30.9701 0.784 174.024 43.2705 300.811 479.201 481.63 2.429 8.060 0.1 553528 23187
2015 04 25 06 11 26.630 28.13 84.716 13.4 -8.13374 30.9701 0.784 243.461 63.1804 300.69 627.06 628.31 1.25 6.626 0.1 539594 23187
2015 04 25 06 45 21.360 28.16 84.843 14.7 -8.13374 30.9701 0.784 243.532 63.2941 299.653 627.293 628.86 1.567 6.619 0.1 539604 23187
2015 04 26 07 09 09.310 27.736 85.978 13.4 -8.13374 30.9701 0.784 244.468 64.0114 300.286 632.976 633.77 0.794 6.568 0.1 539668 23187
2015 05 12 07 05 18.830 27.801 86.126 12.3 -8.13374 30.9701 0.784 244.535 64.1576 300.634 633.804 634.91 1.106 6.558 0.1 539984 23187
2015 05 15 20 26 55.950 -2.566 102.223 158.5 -8.13374 30.9701 0.784 262.33 71.0867 304.295 663.345 660.85 -2.495 6.018 0.1 540083 23187
2015 05 24 04 53 23.400 -16.814 -14.261 11.7 -8.13374 30.9701 0.784 84.6494 44.9089 300.261 493.861 494.50 0.639 7.964 0.1 540236 23187
2015 06 04 23 15 45.200 6.043 116.665 18.1 -8.13374 30.9701 0.784 261.5 86.6052 300.334 762.134 762.26 0.126 4.891 0.1 540435 23187
2015 06 17 12 51 35.660 -35.37 -17.809 27.1 -8.13374 30.9701 0.784 70.679 52.1065 295.721 542.061 547.87 5.809 7.434 0.1 540638 23187
2015 07 03 01 07 46.210 37.47 78.12 19 -8.13374 30.9701 0.784 234.397 63.2188 300.026 625.816 627.96 2.144 6.620 0.1 540849 23187
2015 08 13 10 39 54.310 -37.022 77.953 15.4 -8.13374 30.9701 0.784 292 51.3283 306.43 549.12 543.83 -5.29 7.495 0.1 553251 23187
2014 06 29 07 52 56.840 -55.475 -28.395 15.1 -6.82163 30.4394 0.79 67.3082 67.0709 301.191 652.351 652.81 0.459 6.350 0.1 534719 23188
2014 07 05 09 39 27.790 1.933 96.938 20 -6.82163 30.4394 0.79 261.802 66.9329 302.111 651.321 650.98 -0.341 6.360 0.1 534852 23188
2014 07 19 14 14 02.290 11.709 57.957 10 -6.82163 30.4394 0.79 237.423 32.9872 301.652 395.362 395.61 0.248 8.741 0.1 535067 23188
2014 07 27 01 28 41.400 23.86 -45.59 13.7 -6.82163 30.4394 0.79 101.979 80.0943 302.673 731.273 729.67 -1.603 5.398 0.1 535168 23188
2014 08 03 08 30 14.300 27.217 103.458 28 -6.82163 30.4394 0.79 255.987 78.1945 305.801 721.501 717.14 -4.361 5.532 0.1 535273 23188
2014 08 18 02 32 04.100 32.711 47.638 10 -6.82163 30.4394 0.79 205.716 42.5856 304.063 478.963 477.73 -1.233 8.115 0.1 535475 23188
2014 08 18 18 08 22.750 32.582 47.703 5 -6.82163 30.4394 0.79 205.865 42.4936 301.99 477.24 477.76 0.52 8.123 0.1 535494 23188
2014 11 17 16 52 47.640 -46.407 33.701 12.2 -6.82163 30.4394 0.79 354.908 39.5387 301.065 450.425 451.90 1.475 8.326 0.1 537073 23188
2014 11 22 08 55 26.490 30.314 101.803 2 -6.82163 30.4394 0.79 254.474 77.5757 304.112 720.622 717.89 -2.732 5.585 0.1 537173 23188
2015 02 13 18 59 13.510 52.509 -32.02 16.9 -6.82163 30.4394 0.79 116.319 79.2079 306.966 730.456 724.72 -5.736 5.458 0.1 553526 23188
2015 02 16 22 00 54.320 -55.518 -28.229 18.1 -6.82163 30.4394 0.79 67.1394 67.0005 302.541 653.221 651.88 -1.341 6.353 0.1 538527 23188
2015 03 03 10 37 31.380 -0.719 98.754 33.5 -6.82163 30.4394 0.79 262.993 68.3848 301.69 659.31 658.17 -1.14 6.253 0.1 538783 23188
2015 04 16 18 07 43.610 35.195 26.837 22.6 -6.82163 30.4394 0.79 174.642 41.9283 301.623 469.013 470.68 1.667 8.155 0.1 553528 23188
2015 04 25 06 11 26.630 28.13 84.716 13.4 -6.82163 30.4394 0.79 244.987 62.8239 301.65 626.02 625.88 -0.14 6.650 0.1 539594 23188
2015 04 25 06 45 21.360 28.16 84.843 14.7 -6.82163 30.4394 0.79 245.057 62.9382 301.168 625.808 626.43 0.622 6.643 0.1 539604 23188
2015 04 26 07 09 09.310 27.736 85.978 13.4 -6.82163 30.4394 0.79 245.989 63.677 301.625 631.315 631.51 0.195 6.593 0.1 539668 23188
2015 05 12 07 05 18.830 27.801 86.126 12.3 -6.82163 30.4394 0.79 246.055 63.8232 300.634 631.804 632.65 0.846 6.583 0.1 539984 23188
2015 05 15 20 26 55.950 -2.566 102.223 158.5 -6.82163 30.4394 0.79 263.704 71.6173 303.362 666.412 664.04 -2.372 5.978 0.1 540083 23188
2015 05 24 04 53 23.400 -16.814 -14.261 11.7 -6.82163 30.4394 0.79 82.6655 44.7688 300.842 493.442 493.42 -0.022 7.974 0.1 540236 23188
2015 06 17 12 51 35.660 -35.37 -17.809 27.1 -6.82163 30.4394 0.79 68.9832 52.5253 300.362 549.702 551.05 1.348 7.404 0.1 540638 23188
2015 07 03 01 07 46.210 37.47 78.12 19 -6.82163 30.4394 0.79 235.806 62.5836 300.268 622.058 623.67 1.612 6.661 0.1 540849 23188
2014 06 29 07 52 56.840 -55.475 -28.395 15.1 -8.43832 31.1473 0.784 68.8882 66.0857 300.579 645.739 646.44 0.701 6.423 0.1 534719 23189
2014 06 29 14 32 49.770 -55.418 -28.224 11.9 -8.43832 31.1473 0.784 68.7557 65.9742 302.011 647.241 646.24 -1.001 6.432 0.1 534744 23189
2014 07 05 09 39 27.790 1.933 96.938 20 -8.43832 31.1473 0.784 259.988 66.3857 302.147 648.357 647.50 -0.857 6.401 0.1 534852 23189
2014 07 19 14 14 02.290 11.709 57.957 10 -8.43832 31.1473 0.784 234.283 33.3381 300.364 398.074 398.77 0.696 8.724 0.1 535067 23189
2014 07 27 01 28 41.400 23.86 -45.59 13.7 -8.43832 31.1473 0.784 103.139 81.422 302.478 738.078 736.81 -1.268 5.293 0.1 535168 23189
2014 08 03 08 30 14.300 27.217 103.458 28 -8.43832 31.1473 0.784 254.207 78.3825 304.073 720.773 718.24 -2.533 5.517 0.1 535273 23189
2014 08 18 02 32 04.100 32.711 47.638 10 -8.43832 31.1473 0.784 203.921 43.8356 303.255 489.155 487.92 -1.235 8.025 0.1 535475 23189
2014 08 18 18 08 22.750 32.582 47.703 5 -8.43832 31.1473 0.784 204.063 43.7404 302.955 488.205 487.93 -0.275 8.032 0.1 535494 23189
2014 10 07 13 49 41.780 23.343 100.5 12.8 -8.43832 31.1473 0.784 253.659 74.7405 302.601 700.821 699.96 -0.861 5.789 0.1 536316 23189
2014 11 03 08 48 29.700 -41.824 80.043 7.4 -8.43832 31.1473 0.784 293.436 54.3397 302.851 569.151 567.36 -1.791 7.277 0.1 553474 23189
2014 11 17 16 52 47.640 -46.407 33.701 12.2 -8.43832 31.1473 0.784 355.885 37.8956 299.572 434.932 438.04 3.108 8.435 0.1 537073 23189
2014 11 22 08 55 26.490 30.314 101.803 2 -8.43832 31.1473 0.784 252.706 77.8679 303.516 722.026 719.58 -2.446 5.562 0.1 537173 23189
2015 02 13 18 59 13.510 52.509 -32.02 16.9 -8.43832 31.1473 0.784 116.625 80.9346 306.329 738.819 734.08 -4.739 5.326 0.1 553526 23189
2015 02 16 22 00 54.320 -55.518 -28.229 18.1 -8.43832 31.1473 0.784 68.7186 66.0132 302.287 646.967 645.49 -1.477 6.428 0.1 538527 23189
2015 03 03 10 37 31.380 -0.719 98.754 33.5 -8.43832 31.1473 0.784 261.232 67.7481 300.77 654.39 654.18 -0.21 6.299 0.1 538783 23189
2015 03 06 08 22 20.90 -41.316 80.614 13.1 -8.43832 31.1473 0.784 292.604 54.5356 300.583 567.493 567.86 0.367 7.261 0.1 538824 23189
2015 04 16 18 07 43.610 35.195 26.837 22.6 -8.43832 31.1473 0.784 173.809 43.5873 301.362 482.752 484.19 1.438 8.036 0.1 553528 23189
2015 04 25 06 11 26.630 28.13 84.716 13.4 -8.43832 31.1473 0.784 243.072 63.2234 301.406 627.776 628.61 0.834 6.624 0.1 539594 23189
2015 04 25 06 45 21.360 28.16 84.843 14.7 -8.43832 31.1473 0.784 243.144 63.337 300.463 628.103 629.15 1.047 6.616 0.1 539604 23189
2015 04 26 07 09 09.310 27.736 85.978 13.4 -8.43832 31.1473 0.784 244.081 64.0488 300.973 633.663 634.03 0.367 6.566 0.1 539668 23189
2015 05 12 07 05 18.830 27.801 86.126 12.3 -8.43832 31.1473 0.784 244.149 64.195 300.534 633.704 635.17 1.466 6.555 0.1 539984 23189
2015 05 15 20 26 55.950 -2.566 102.223 158.5 -8.43832 31.1473 0.784 262.009 70.9121 304.45 662.5 659.80 -2.7 6.031 0.1 540083 23189
2015 05 24 04 53 23.400 -16.814 -14.261 11.7 -8.43832 31.1473 0.784 85.1284 44.9973 300.418 495.018 495.19 0.172 7.958 0.1 540236 23189
2015 06 04 23 15 45.200 6.043 116.665 18.1 -8.43832 31.1473 0.784 261.178 86.4657 300.811 761.611 761.58 -0.031 4.901 0.1 540435 23189
2015 06 17 12 51 35.660 -35.37 -17.809 27.1 -8.43832 31.1473 0.784 71.1173 52.054 296.115 542.455 547.46 5.005 7.438 0.1 540638 23189
2015 07 03 01 07 46.210 37.47 78.12 19 -8.43832 31.1473 0.784 234.027 63.3339 299.913 626.703 628.74 2.037 6.612 0.1 540849 23189
2015 08 13 10 39 54.310 -37.022 77.953 15.4 -8.43832 31.1473 0.784 291.857 50.9967 304.293 543.983 541.33 -2.653 7.519 0.1 553251 23189
2014 06 29 07 52 56.840 -55.475 -28.395 15.1 -7.43221 30.591 0.781 67.7968 66.6364 300.816 648.976 650.02 1.044 6.382 0.1 534719 23190
2014 06 29 14 32 49.770 -55.418 -28.224 11.9 -7.43221 30.591 0.781 67.6632 66.5246 302.238 650.468 649.82 -0.648 6.391 0.1 534744 23190
2014 07 05 09 39 27.790 1.933 96.938 20 -7.43221 30.591 0.781 261.13 66.8374 302.199 651.409 650.37 -1.039 6.367 0.1 534852 23190
2014 07 19 14 14 02.290 11.709 57.957 10 -7.43221 30.591 0.781 236.35 33.2041 301.721 397.431 397.54 0.109 8.731 0.1 535067 23190
2014 07 27 01 28 41.400 23.86 -45.59 13.7 -7.43221 30.591 0.781 102.468 80.4923 302.509 733.109 731.83 -1.279 5.367 0.1 535168 23190
2014 08 03 08 30 14.300 27.217 103.458 28 -7.43221 30.591 0.781 255.373 78.3633 305.247 721.947 718.09 -3.857 5.519 0.1 535273 23190
2014 08 18 02 32 04.100 32.711 47.638 10 -7.43221 30.591 0.781 205.184 43.0954 303.155 483.055 481.89 -1.165 8.079 0.1 535475 23190
2014 08 18 18 08 22.750 32.582 47.703 5 -7.43221 30.591 0.781 205.331 43.0025 302.716 481.966 481.92 -0.046 8.087 0.1 535494 23190
2014 11 17 16 52 47.640 -46.407 33.701 12.2 -7.43221 30.591 0.781 355.088 38.924 299.914 444.274 446.73 2.456 8.369 0.1 537073 23190
2014 11 22 08 55 26.490 30.314 101.803 2 -7.43221 30.591 0.781 253.87 77.7802 304.618 722.128 719.05 -3.078 5.569 0.1 537173 23190
2015 02 13 18 59 13.510 52.509 -32.02 16.9 -7.43221 30.591 0.781 116.531 79.7969 301.603 728.093 727.94 -0.153 5.414 0.1 553526 23190
2015 02 16 22 00 54.320 -55.518 -28.229 18.1 -7.43221 30.591 0.781 67.6275 66.5654 302.728 650.408 649.08 -1.328 6.386 0.1 538527 23190
2015 03 03 10 37 31.380 -0.719 98.754 33.5 -7.43221 30.591 0.781 262.335 68.2562 301.594 658.214 657.37 -0.844 6.262 0.1 538783 23190
2015 04 16 18 07 43.610 35.195 26.837 22.6 -7.43221 30.591 0.781 174.49 42.5448 301.85 474.24 475.72 1.48 8.112 0.1 553528 23190
2015 04 25 06 11 26.630 28.13 84.716 13.4 -7.43221 30.591 0.781 244.339 63.0632 301.249 626.619 627.50 0.881 6.635 0.1 539594 23190
2015 04 25 06 45 21.360 28.16 84.843 14.7 -7.43221 30.591 0.781 244.409 63.1773 300.227 626.867 628.05 1.183 6.627 0.1 539604 23190
2015 04 26 07 09 09.310 27.736 85.978 13.4 -7.43221 30.591 0.781 245.341 63.907 300.912 632.602 633.05 0.448 6.576 0.1 539668 23190
2015 05 12 07 05 18.830 27.801 86.126 12.3 -7.43221 30.591 0.781 245.408 64.0532 300.91 633.08 634.19 1.11 6.566 0.1 539984 23190
2015 05 15 20 26 55.950 -2.566 102.223 158.5 -7.43221 30.591 0.781 263.065 71.4633 302.911 664.961 663.11 -1.851 5.990 0.1 540083 23190
2015 05 24 04 53 23.400 -16.814 -14.261 11.7 -7.43221 30.591 0.781 83.5523 44.7394 299.383 491.983 493.17 1.187 7.976 0.1 540236 23190
2015 06 04 23 15 45.200 6.043 116.665 18.1 -7.43221 30.591 0.781 262.236 86.8993 301.267 764.067 763.69 -0.377 4.868 0.1 540435 23190
2014 06 29 07 52 56.840 -55.475 -28.395 15.1 -7.19005 31.0231 1.516 68.0524 67.0681 299.876 651.036 652.77 1.734 6.350 0.1 534719 23191
2014 06 29 14 32 49.770 -55.418 -28.224 11.9 -7.19005 31.0231 1.516 67.9188 66.9564 302.488 653.718 652.58 -1.138 6.359 0.1 534744 23191
2014 07 05 09 39 27.790 1.933 96.938 20 -7.19005 31.0231 1.516 261.348 66.3885 302.361 648.571 647.51 -1.061 6.401 0.1 534852 23191
2014 07 19 14 14 02.290 11.709 57.957 10 -7.19005 31.0231 1.516 236.264 32.7148 301.146 392.856 393.25 0.394 8.752 0.1 535067 23191
2014 07 27 01 28 41.400 23.86 -45.59 13.7 -7.19005 31.0231 1.516 102.06 80.7749 301.871 734.471 733.33 -1.141 5.345 0.1 535168 23191
2014 08 03 08 30 14.300 27.217 103.458 28 -7.19005 31.0231 1.516 255.369 77.8718 304.262 718.962 715.37 -3.592 5.557 0.1 535273 23191
2014 08 18 02 32 04.100 32.711 47.638 10 -7.19005 31.0231 1.516 204.723 42.7171 303.162 480.062 478.82 -1.242 8.106 0.1 535475 23191
2014 08 18 18 08 22.750 32.582 47.703 5 -7.19005 31.0231 1.516 204.87 42.6234 301.991 478.241 478.84 0.599 8.114 0.1 535494 23191
2014 10 07 13 49 41.780 23.343 100.5 12.8 -7.19005 31.0231 1.516 254.865 74.2918 302.026 698.246 697.32 -0.926 5.824 0.1 536316 23191
2014 11 03 08 48 29.700 -41.824 80.043 7.4 -7.19005 31.0231 1.516 294.373 55.3227 301.515 574.815 574.54 -0.275 7.203 0.1 553474 23191
2014 11 17 16 52 47.640 -46.407 33.701 12.2 -7.19005 31.0231 1.516 355.788 39.1405 299.271 445.631 448.56 2.929 8.354 0.1 537073 23191
2014 11 22 08 55 26.490 30.314 101.803 2 -7.19005 31.0231 1.516 253.836 77.2898 304.416 718.926 716.30 -2.626 5.606 0.1 537173 23191
2015 02 13 18 59 13.510 52.509 -32.02 16.9 -7.19005 31.0231 1.516 116.033 79.8331 301.572 728.062 728.12 0.058 5.411 0.1 553526 23191
2015 02 16 22 00 54.320 -55.518 -28.229 18.1 -7.19005 31.0231 1.516 67.8839 66.9967 302.569 653.249 651.83 -1.419 6.354 0.1 538527 23191
2015 03 03 10 37 31.380 -0.719 98.754 33.5 -7.19005 31.0231 1.516 262.577 67.8188 302.225 655.845 654.63 -1.215 6.294 0.1 538783 23191
2015 03 06 08 22 20.90 -41.316 80.614 13.1 -7.19005 31.0231 1.516 293.556 55.5081 299.51 573.42 574.94 1.52 7.188 0.1 538824 23191
2015 04 16 18 07 43.610 35.195 26.837 22.6 -7.19005 31.0231 1.516 173.827 42.3411 299.867 471.257 474.06 2.803 8.127 0.1 553528 23191
2015 04 25 06 11 26.630 28.13 84.716 13.4 -7.19005 31.0231 1.516 244.268 62.5758 301.348 623.718 624.26 0.542 6.666 0.1 539594 23191
2015 04 25 06 45 21.360 28.16 84.843 14.7 -7.19005 31.0231 1.516 244.339 62.6898 300.266 623.906 624.80 0.894 6.657 0.1 539604 23191
2015 04 26 07 09 09.310 27.736 85.978 13.4 -7.19005 31.0231 1.516 245.28 63.4186 300.75 629.44 629.83 0.39 6.611 0.1 539668 23191
2015 05 12 07 05 18.830 27.801 86.126 12.3 -7.19005 31.0231 1.516 245.346 63.5648 301.186 630.356 630.97 0.614 6.601 0.1 539984 23191
2015 05 15 20 26 55.950 -2.566 102.223 158.5 -7.19005 31.0231 1.516 263.321 71.0357 304.182 663.232 660.55 -2.682 6.022 0.1 540083 23191
2015 05 24 04 53 23.400 -16.814 -14.261 11.7 -7.19005 31.0231 1.516 83.397 45.2185 301.168 496.768 496.99 0.222 7.941 0.1 540236 23191
2015 06 04 23 15 45.200 6.043 116.665 18.1 -7.19005 31.0231 1.516 262.427 86.4463 300.685 761.485 761.48 -0.005 4.903 0.1 540435 23191
2015 06 17 12 51 35.660 -35.37 -17.809 27.1 -7.19005 31.0231 1.516 69.8027 52.7386 294.07 545.41 552.60 7.19 7.389 0.1 540638 23191
2015 07 03 01 07 46.210 37.47 78.12 19 -7.19005 31.0231 1.516 235.043 62.4762 299.158 620.948 622.98 2.032 6.669 0.1 540849 23191
2015 08 13 10 39 54.310 -37.022 77.953 15.4 -7.19005 31.0231 1.516 292.937 51.9134 305.932 552.622 548.25 -4.372 7.451 0.1 553251 23191
2014 06 29 07 52 56.840 -55.475 -28.395 15.1 -7.16871 30.5375 0.793 67.5965 66.8301 300.023 650.183 651.26 1.077 6.367 0.1 534719 23192
2014 06 29 14 32 49.770 -55.418 -28.224 11.9 -7.16871 30.5375 0.793 67.4626 66.7182 302.336 651.566 651.07 -0.496 6.376 0.1 534744 23192
2014 07 05 09 39 27.790 1.933 96.938 20 -7.16871 30.5375 0.793 261.419 66.8664 302.452 651.662 650.56 -1.102 6.365 0.1 534852 23192
2014 07 19 14 14 02.290 11.709 57.957 10 -7.16871 30.5375 0.793 236.799 33.0996 301.546 396.256 396.61 0.354 8.735 0.1 535067 23192
2014 07 27 01 28 41.400 23.86 -45.59 13.7 -7.16871 30.5375 0.793 102.252 80.3312 302.639 732.239 730.96 -1.279 5.380 0.1 535168 23192
2014 08 03 08 30 14.300 27.217 103.458 28 -7.16871 30.5375 0.793 255.632 78.2799 303.134 719.834 717.63 -2.204 5.526 0.1 535273 23192
2014 08 18 02 32 04.100 32.711 47.638 10 -7.16871 30.5375 0.793 205.396 42.8708 303.34 481.24 480.06 -1.18 8.095 0.1 535475 23192
2014 08 18 18 08 22.750 32.582 47.703 5 -7.16871 30.5375 0.793 205.544 42.7782 302.475 479.725 480.09 0.365 8.103 0.1 535494 23192
2014 10 07 13 49 41.780 23.343 100.5 12.8 -7.16871 30.5375 0.793 255.109 74.7134 302.406 700.626 699.76 -0.866 5.791 0.1 536316 23192
2014 11 03 08 48 29.700 -41.824 80.043 7.4 -7.16871 30.5375 0.793 293.966 55.6692 303.81 579.11 577.02 -2.09 7.179 0.1 553474 23192
2014 11 17 16 52 47.640 -46.407 33.701 12.2 -7.16871 30.5375 0.793 355.028 39.1885 300.594 446.954 448.96 2.006 8.351 0.1 537073 23192
2014 11 22 08 55 26.490 30.314 101.803 2 -7.16871 30.5375 0.793 254.124 77.6819 303.683 721.193 718.49 -2.703 5.577 0.1 537173 23192
2015 02 13 18 59 13.510 52.509 -32.02 16.9 -7.16871 30.5375 0.793 116.429 79.5492 302.403 726.893 726.59 -0.303 5.432 0.1 553526 23192
2015 02 16 22 00 54.320 -55.518 -28.229 18.1 -7.16871 30.5375 0.793 67.4274 66.7593 301.378 651.058 650.33 -0.728 6.372 0.1 538527 23192
2015 03 03 10 37 31.380 -0.719 98.754 33.5 -7.16871 30.5375 0.793 262.619 68.2995 302.014 658.634 657.64 -0.994 6.259 0.1 538783 23192
2015 03 06 08 22 20.90 -41.316 80.614 13.1 -7.16871 30.5375 0.793 293.155 55.8591 300.606 577.516 577.46 -0.056 7.164 0.1 538824 23192
2015 06 04 23 15 45.200 6.043 116.665 18.1 -7.16871 30.5375 0.793 262.502 86.9227 300.772 763.572 763.80 0.228 4.866 0.1 540435 23192
2015 06 17 12 51 35.660 -35.37 -17.809 27.1 -7.16871 30.5375 0.793 69.3964 52.3801 303.065 551.405 549.96 -1.445 7.414 0.1 540638 23192
2015 07 03 01 07 46.210 37.47 78.12 19 -7.16871 30.5375 0.793 235.467 62.7777 298.941 622.731 624.98 2.249 6.649 0.1 540849 23192
2014 06 29 14 32 49.770 -55.418 -28.224 11.9 -8.57677 32.0422 1.568 69.652 66.3354 302.709 649.939 648.54 -1.399 6.406 0.1 534744 23193
2014 07 05 09 39 27.790 1.933 96.938 20 -8.57677 32.0422 1.568 259.738 65.5195 302.932 643.142 641.93 -1.212 6.463 0.1 534852 23193
2014 07 19 14 14 02.290 11.709 57.957 10 -8.57677 32.0422 1.568 233.103 32.7145 300.875 392.585 393.35 0.765 8.752 0.1 535067 23193
2014 08 03 08 30 14.300 27.217 103.458 28 -8.57677 32.0422 1.568 253.632 77.6857 302.8 716.5 714.39 -2.11 5.571 0.1 535273 23193
2014 08 18 02 32 04.100 32.711 47.638 10 -8.57677 32.0422 1.568 202.648 43.6669 304.992 488.892 486.58 -2.312 8.036 0.1 535475 23193
2014 08 18 18 08 22.750 32.582 47.703 5 -8.57677 32.0422 1.568 202.789 43.5694 304.375 487.625 486.58 -1.045 8.045 0.1 535494 23193
2014 10 07 13 49 41.780 23.343 100.5 12.8 -8.57677 32.0422 1.568 253.113 74.0149 302.431 696.651 695.75 -0.901 5.844 0.1 536316 23193
2014 11 03 08 48 29.700 -41.824 80.043 7.4 -8.57677 32.0422 1.568 294.109 53.6282 304.518 564.818 562.17 -2.648 7.328 0.1 553474 23193
2014 11 17 16 52 47.640 -46.407 33.701 12.2 -8.57677 32.0422 1.568 357.318 37.7214 299.422 433.782 436.56 2.778 8.446 0.1 537073 23193
2014 11 22 08 55 26.490 30.314 101.803 2 -8.57677 32.0422 1.568 252.087 77.2063 303.87 718.38 715.89 -2.49 5.611 0.1 537173 23193
2015 02 13 18 59 13.510 52.509 -32.02 16.9 -8.57677 32.0422 1.568 115.956 81.5395 306.403 741.893 737.28 -4.613 5.277 0.1 553526 23193
2015 02 16 22 00 54.320 -55.518 -28.229 18.1 -8.57677 32.0422 1.568 69.6154 66.3729 302.73 649.41 647.77 -1.64 6.402 0.1 538527 23193
2015 02 27 13 45 05.640 -7.358 122.49 559.1 -8.57677 32.0422 1.568 261.492 89.3592 301.413 717.773 717.19 -0.583 4.634 0.1 538719 23193
2015 03 03 10 37 31.380 -0.719 98.754 33.5 -8.57677 32.0422 1.568 261.037 66.8706 302.215 649.835 648.63 -1.205 6.361 0.1 538783 23193
2015 03 06 08 22 20.90 -41.316 80.614 13.1 -8.57677 32.0422 1.568 293.264 53.8167 300.093 562.003 562.63 0.627 7.312 0.1 538824 23193
2015 04 16 18 07 43.610 35.195 26.837 22.6 -8.57677 32.0422 1.568 172.553 43.8113 301.596 483.986 485.99 2.004 8.022 0.1 553528 23193
2015 04 25 06 11 26.630 28.13 84.716 13.4 -8.57677 32.0422 1.568 242.345 62.6047 302.562 624.932 624.52 -0.412 6.663 0.1 539594 23193
2015 04 25 06 45 21.360 28.16 84.843 14.7 -8.57677 32.0422 1.568 242.417 62.7179 300.604 624.244 625.06 0.816 6.654 0.1 539604 23193
2015 04 26 07 09 09.310 27.736 85.978 13.4 -8.57677 32.0422 1.568 243.37 63.4193 300.852 629.542 629.90 0.358 6.610 0.1 539668 23193
2015 05 12 07 05 18.830 27.801 86.126 12.3 -8.57677 32.0422 1.568 243.439 63.5656 301.364 630.534 631.05 0.516 6.600 0.1 539984 23193
2015 05 15 20 26 55.950 -2.566 102.223 158.5 -8.57677 32.0422 1.568 261.859 70.0275 303.074 656.124 654.44 -1.684 6.094 0.1 540083 23193
2015 05 24 04 53 23.400 -16.814 -14.261 11.7 -8.57677 32.0422 1.568 85.6401 45.8157 300.86 501.46 501.67 0.21 7.898 0.1 540236 23193
2015 06 04 23 15 45.200 6.043 116.665 18.1 -8.57677 32.0422 1.568 260.938 85.6025 300.177 756.977 757.32 0.343 4.972 0.1 540435 23193
2015 06 17 12 51 35.660 -35.37 -17.809 27.1 -8.57677 32.0422 1.568 71.9479 52.6623 297.188 547.528 551.95 4.422 7.395 0.1 540638 23193
2015 07 03 01 07 46.210 37.47 78.12 19 -8.57677 32.0422 1.568 233.171 62.8656 300.308 624.098 625.66 1.562 6.643 0.1 540849 23193
2015 08 13 10 39 54.310 -37.022 77.953 15.4 -8.57677 32.0422 1.568 292.482 50.2423 304.29 538.98 535.64 -3.34 7.573 0.1 553251 23193
2014 06 29 07 52 56.840 -55.475 -28.395 15.1 -7.62361 30.6592 0.794 67.9695 66.5114 299.911 648.071 649.21 1.139 6.391 0.1 534719 23194
2014 06 29 14 32 49.770 -55.418 -28.224 11.9 -7.62361 30.6592 0.794 67.836 66.3996 301.859 649.089 649.02 -0.069 6.400 0.1 534744 23194
2014 07 05 09 39 27.790 1.933 96.938 20 -7.62361 30.6592 0.794 260.917 66.7878 301.881 651.091 650.06 -1.031 6.371 0.1 534852 23194
2014 07 19 14 14 02.290 11.709 57.957 10 -7.62361 30.6592 0.794 235.995 33.2573 300.986 397.696 398.01 0.314 8.728 0.1 535067 23194
2014 07 27 01 28 41.400 23.86 -45.59 13.7 -7.62361 30.6592 0.794 102.612 80.6356 301.939 733.539 732.60 -0.939 5.356 0.1 535168 23194
2014 08 18 02 32 04.100 32.711 47.638 10 -7.62361 30.6592 0.794 204.992 43.2484 303.473 484.373 483.14 -1.233 8.067 0.1 535475 23194
2014 08 18 18 08 22.750 32.582 47.703 5 -7.62361 30.6592 0.794 205.137 43.1551 301.766 482.016 483.16 1.144 8.076 0.1 535494 23194
2014 10 07 13 49 41.780 23.343 100.5 12.8 -7.62361 30.6592 0.794 254.634 74.8073 303.478 702.698 700.32 -2.378 5.784 0.1 536316 23194
2014 11 03 08 48 29.700 -41.824 80.043 7.4 -7.62361 30.6592 0.794 293.694 55.2586 301.695 573.995 574.05 0.055 7.208 0.1 553474 23194
2014 11 17 16 52 47.640 -46.407 33.701 12.2 -7.62361 30.6592 0.794 355.177 38.7302 300.089 442.449 445.10 2.651 8.382 0.1 537073 23194
2014 11 22 08 55 26.490 30.314 101.803 2 -7.62361 30.6592 0.794 253.669 77.8276 303.75 721.26 719.32 -1.94 5.565 0.1 537173 23194
2015 02 13 18 59 13.510 52.509 -32.02 16.9 -7.62361 30.6592 0.794 116.58 79.9928 301.312 728.802 729.01 0.208 5.399 0.1 553526 23194
2015 02 16 22 00 54.320 -55.518 -28.229 18.1 -7.62361 30.6592 0.794 67.8001 66.4401 300.139 647.819 648.27 0.451 6.396 0.1 538527 23194
2015 03 03 10 37 31.380 -0.719 98.754 33.5 -7.62361 30.6592 0.794 262.127 68.196 301.47 658.09 657.00 -1.09 6.267 0.1 538783 23194
2015 03 06 08 22 20.90 -41.316 80.614 13.1 -7.62361 30.6592 0.794 292.877 55.4515 299.916 573.826 574.51 0.684 7.192 0.1 538824 23194
2015 04 16 18 07 43.610 35.195 26.837 22.6 -7.62361 30.6592 0.794 174.412 42.7398 300.306 474.696 477.31 2.614 8.098 0.1 553528 23194
2015 04 25 06 11 26.630 28.13 84.716 13.4 -7.62361 30.6592 0.794 244.123 63.1225 302.295 628.665 627.90 -0.765 6.631 0.1 539594 23194
2015 04 25 06 45 21.360 28.16 84.843 14.7 -7.62361 30.6592 0.794 244.193 63.2365 300.66 627.3 628.45 1.15 6.623 0.1 539604 23194
2015 04 26 07 09 09.310 27.736 85.978 13.4 -7.62361 30.6592 0.794 245.125 63.9632 300.141 631.831 633.43 1.599 6.572 0.1 539668 23194
2015 05 12 07 05 18.830 27.801 86.126 12.3 -7.62361 30.6592 0.794 245.192 64.1094 301.538 633.708 634.57 0.862 6.562 0.1 539984 23194
2015 05 15 20 26 55.950 -2.566 102.223 158.5 -7.62361 30.6592 0.794 262.865 71.3951 303.85 664.9 662.71 -2.19 5.995 0.1 540083 23194
2015 05 24 04 53 23.400 -16.814 -14.261 11.7 -7.62361 30.6592 0.794 83.8385 44.7512 301.871 494.471 493.26 -1.211 7.975 0.1 540236 23194
2015 06 04 23 15 45.200 6.043 116.665 18.1 -7.62361 30.6592 0.794 262.039 86.8536 300.209 763.009 763.47 0.461 4.872 0.1 540435 23194
2015 06 17 12 51 35.660 -35.37 -17.809 27.1 -7.62361 30.6592 0.794 69.9347 52.1865 301.988 549.328 548.50 -0.828 7.427 0.1 540638 23194
2015 07 03 01 07 46.210 37.47 78.12 19 -7.62361 30.6592 0.794 235.03 63.038 300.111 624.901 626.73 1.829 6.632 0.1 540849 23194
2014 06 29 07 52 56.840 -55.475 -28.395 15.1 -7.52009 31.0442 1.534 68.2615 66.8018 301.352 650.512 651.06 0.548 6.370 0.1 534719 23195
2014 06 29 14 32 49.770 -55.418 -28.224 11.9 -7.52009 31.0442 1.534 68.1282 66.6901 302.974 652.204 650.87 -1.334 6.379 0.1 534744 23195
2014 07 05 09 39 27.790 1.933 96.938 20 -7.52009 31.0442 1.534 260.99 66.3981 302.885 649.095 647.57 -1.525 6.400 0.1 534852 23195
2014 07 19 14 14 02.290 11.709 57.957 10 -7.52009 31.0442 1.534 235.746 32.886 300.834 394.544 394.77 0.226 8.745 0.1 535067 23195
2014 07 27 01 28 41.400 23.86 -45.59 13.7 -7.52009 31.0442 1.534 102.351 80.9353 302.992 735.592 734.20 -1.392 5.333 0.1 535168 23195
2014 08 03 08 30 14.300 27.217 103.458 28 -7.52009 31.0442 1.534 255.067 78.0164 303.627 718.327 716.18 -2.147 5.546 0.1 535273 23195
2014 08 18 02 32 04.100 32.711 47.638 10 -7.52009 31.0442 1.534 204.523 43.0164 303.882 482.782 481.27 -1.512 8.084 0.1 535475 23195
2014 08 18 18 08 22.750 32.582 47.703 5 -7.52009 31.0442 1.534 204.669 42.9222 302.819 481.069 481.28 0.211 8.093 0.1 535494 23195
2014 10 07 13 49 41.780 23.343 100.5 12.8 -7.52009 31.0442 1.534 254.551 74.4201 302.752 698.972 698.07 -0.902 5.814 0.1 536316 23195
2014 11 03 08 48 29.700 -41.824 80.043 7.4 -7.52009 31.0442 1.534 294.117 55.0701 303.109 574.409 572.70 -1.709 7.223 0.1 553474 23195
2014 11 17 16 52 47.640 -46.407 33.701 12.2 -7.52009 31.0442 1.534 355.795 38.8119 300.188 443.548 445.79 2.242 8.377 0.1 537073 23195
2014 11 22 08 55 26.490 30.314 101.803 2 -7.52009 31.0442 1.534 253.543 77.4519 304.383 719.893 717.22 -2.673 5.594 0.1 537173 23195
2015 02 13 18 59 13.510 52.509 -32.02 16.9 -7.52009 31.0442 1.534 116.2 80.1179 305.718 734.208 729.67 -4.538 5.390 0.1 553526 23195
2015 02 16 22 00 54.320 -55.518 -28.229 18.1 -7.52009 31.0442 1.534 68.0927 66.7301 303.151 651.831 650.12 -1.711 6.374 0.1 538527 23195
2015 03 03 10 37 31.380 -0.719 98.754 33.5 -7.52009 31.0442 1.534 262.222 67.8106 301.921 655.541 654.57 -0.971 6.295 0.1 538783 23195
2015 03 06 08 22 20.90 -41.316 80.614 13.1 -7.52009 31.0442 1.534 293.296 55.2583 301.465 573.375 573.13 -0.245 7.207 0.1 538824 23195
2015 04 16 18 07 43.610 35.195 26.837 22.6 -7.52009 31.0442 1.534 173.839 42.6696 300.522 473.912 476.74 2.828 8.103 0.1 553528 23195
2015 04 25 06 11 26.630 28.13 84.716 13.4 -7.52009 31.0442 1.534 243.959 62.7553 301.813 625.183 625.47 0.287 6.653 0.1 539594 23195
2015 04 25 06 45 21.360 28.16 84.843 14.7 -7.52009 31.0442 1.534 244.03 62.8692 300.873 625.513 626.01 0.497 6.647 0.1 539604 23195
2015 04 26 07 09 09.310 27.736 85.978 13.4 -7.52009 31.0442 1.534 244.969 63.5936 301.103 630.793 631.00 0.207 6.598 0.1 539668 23195
2015 05 24 04 53 23.400 -16.814 -14.261 11.7 -7.52009 31.0442 1.534 83.8489 45.1464 300.422 496.022 496.40 0.378 7.947 0.1 540236 23195
2015 06 04 23 15 45.200 6.043 116.665 18.1 -7.52009 31.0442 1.534 262.098 86.4628 300.958 761.758 761.56 -0.198 4.901 0.1 540435 23195
2015 06 17 12 51 35.660 -35.37 -17.809 27.1 -7.52009 31.0442 1.534 70.1387 52.5472 299.839 549.179 551.17 1.991 7.403 0.1 540638 23195
2015 07 03 01 07 46.210 37.47 78.12 19 -7.52009 31.0442 1.534 234.783 62.7098 300.237 623.027 624.56 1.533 6.652 0.1 540849 23195
2015 08 13 10 39 54.310 -37.022 77.953 15.4 -7.52009 31.0442 1.534 292.644 51.6787 302.531 548.221 546.48 -1.741 7.469 0.1 553251 23195
2014 06 29 07 52 56.840 -55.475 -28.395 15.1 -7.68887 30.7241 0.784 68.0665 66.4908 301.392 648.552 649.07 0.518 6.393 0.1 534719 23196
2014 06 29 14 32 49.770 -55.418 -28.224 11.9 -7.68887 30.7241 0.784 67.9331 66.379 302.901 650.131 648.88 -1.251 6.402 0.1 534744 23196
2014 07 05 09 39 27.790 1.933 96.938 20 -7.68887 30.7241 0.784 260.841 66.7298 302.231 650.441 649.69 -0.751 6.375 0.1 534852 23196
2014 07 19 14 14 02.290 11.709 57.957 10 -7.68887 30.7241 0.784 235.83 33.2419 299.777 396.487 397.88 1.393 8.729 0.1 535067 23196
2014 07 27 01 28 41.400 23.86 -45.59 13.7 -7.68887 30.7241 0.784 102.643 80.7217 301.946 733.546 733.06 -0.486 5.349 0.1 535168 23196
2014 08 18 02 32 04.100 32.711 47.638 10 -7.68887 30.7241 0.784 204.87 43.2859 303.872 484.772 483.45 -1.322 8.064 0.1 535475 23196
2014 08 18 18 08 22.750 32.582 47.703 5 -7.68887 30.7241 0.784 205.015 43.1924 303.321 483.571 483.47 -0.101 8.073 0.1 535494 23196
2014 11 17 16 52 47.640 -46.407 33.701 12.2 -7.68887 30.7241 0.784 355.274 38.6617 299.578 441.938 444.52 2.582 8.387 0.1 537073 23196
2014 11 22 08 55 26.490 30.314 101.803 2 -7.68887 30.7241 0.784 253.578 77.8092 303.83 721.34 719.22 -2.12 5.567 0.1 537173 23196
2015 02 13 18 59 13.510 52.509 -32.02 16.9 -7.68887 30.7241 0.784 116.562 80.0824 306.445 733.935 729.49 -4.445 5.392 0.1 553526 23196
2015 02 16 22 00 54.320 -55.518 -28.229 18.1 -7.68887 30.7241 0.784 67.8971 66.4194 302.714 649.394 648.13 -1.264 6.397 0.1 538527 23196
2015 03 03 10 37 31.380 -0.719 98.754 33.5 -7.68887 30.7241 0.784 262.055 68.1343 302.731 658.351 656.61 -1.741 6.271 0.1 538783 23196
2015 03 06 08 22 20.90 -41.316 80.614 13.1 -7.68887 30.7241 0.784 292.878 55.3602 298.622 571.532 573.85 2.318 7.199 0.1 538824 23196
2015 04 16 18 07 43.610 35.195 26.837 22.6 -7.68887 30.7241 0.784 174.326 42.8096 302.062 476.452 477.88 1.428 8.093 0.1 553528 23196
2015 05 15 20 26 55.950 -2.566 102.223 158.5 -7.68887 30.7241 0.784 262.797 71.3306 303.559 664.609 662.32 -2.289 6.000 0.1 540083 23196
2015 06 17 12 51 35.660 -35.37 -17.809 27.1 -7.68887 30.7241 0.784 70.0498 52.1953 304.014 551.354 548.56 -2.794 7.427 0.1 540638 23196
2015 07 03 01 07 46.210 37.47 78.12 19 -7.68887 30.7241 0.784 234.928 63.0446 299.767 624.557 626.78 2.223 6.632 0.1 540849 23196
2015 08 13 10 39 54.310 -37.022 77.953 15.4 -7.68887 30.7241 0.784 292.216 51.8039 300.351 547.041 547.40 0.359 7.460 0.1 553251 23196
2014 06 29 07 52 56.840 -55.475 -28.395 15.1 -6.61924 31.1427 1.003 67.8348 67.6116 300.394 655.554 656.23 0.676 6.312 0.1 534719 23197
2014 06 29 14 32 49.770 -55.418 -28.224 11.9 -6.61924 31.1427 1.003 67.7009 67.4998 303.138 657.368 656.05 -1.318 6.321 0.1 534744 23197
2014 07 05 09 39 27.790 1.933 96.938 20 -6.61924 31.1427 1.003 261.954 66.2194 302.46 647.67 646.42 -1.25 6.413 0.1 534852 23197
2014 07 19 14 14 02.290 11.709 57.957 10 -6.61924 31.1427 1.003 237.008 32.2956 300.298 388.008 389.55 1.542 8.771 0.1 535067 23197
2014 07 27 01 28 41.400 23.86 -45.59 13.7 -6.61924 31.1427 1.003 101.49 80.6382 302.484 734.084 732.58 -1.504 5.356 0.1 535168 23197
2014 08 03 08 30 14.300 27.217 103.458 28 -6.61924 31.1427 1.003 255.813 77.4877 304.396 716.096 713.21 -2.886 5.586 0.1 535273 23197
2014 08 18 02 32 04.100 32.711 47.638 10 -6.61924 31.1427 1.003 204.858 42.1449 303.546 475.446 474.15 -1.296 8.146 0.1 535475 23197
2014 08 18 18 08 22.750 32.582 47.703 5 -6.61924 31.1427 1.003 205.008 42.0514 302.636 473.886 474.16 0.274 8.153 0.1 535494 23197
2014 10 07 13 49 41.780 23.343 100.5 12.8 -6.61924 31.1427 1.003 255.338 73.9321 302.847 696.067 695.20 -0.867 5.851 0.1 536316 23197
2014 11 03 08 48 29.700 -41.824 80.043 7.4 -6.61924 31.1427 1.003 294.949 55.655 303.688 578.988 576.96 -2.028 7.180 0.1 553474 23197
2014 11 17 16 52 47.640 -46.407 33.701 12.2 -6.61924 31.1427 1.003 356.02 39.7009 300.134 450.494 453.26 2.766 8.315 0.1 537073 23197
2014 11 22 08 55 26.490 30.314 101.803 2 -6.61924 31.1427 1.003 254.257 76.8804 304.155 716.665 713.99 -2.675 5.636 0.1 537173 23197
2015 02 13 18 59 13.510 52.509 -32.02 16.9 -6.61924 31.1427 1.003 115.613 79.4269 306.054 730.544 725.89 -4.654 5.442 0.1 553526 23197
2015 02 16 22 00 54.320 -55.518 -28.229 18.1 -6.61924 31.1427 1.003 67.667 67.5405 302.265 656.945 655.30 -1.645 6.316 0.1 538527 23197
2015 03 03 10 37 31.380 -0.719 98.754 33.5 -6.61924 31.1427 1.003 263.184 67.6799 301.107 653.727 653.75 0.023 6.304 0.1 538783 23197
2015 03 06 08 22 20.90 -41.316 80.614 13.1 -6.61924 31.1427 1.003 294.136 55.834 301.903 577.813 577.31 -0.503 7.166 0.1 538824 23197
2015 04 16 18 07 43.610 35.195 26.837 22.6 -6.61924 31.1427 1.003 173.574 41.7871 301.473 467.863 469.51 1.647 8.163 0.1 553528 23197
2015 04 25 06 11 26.630 28.13 84.716 13.4 -6.61924 31.1427 1.003 244.702 62.1423 301.959 621.329 621.34 0.011 6.700 0.1 539594 23197
2015 04 25 06 45 21.360 28.16 84.843 14.7 -6.61924 31.1427 1.003 244.773 62.2564 300.395 621.035 621.89 0.855 6.691 0.1 539604 23197
2015 04 26 07 09 09.310 27.736 85.978 13.4 -6.61924 31.1427 1.003 245.718 62.9914 300.672 626.362 626.97 0.608 6.640 0.1 539668 23197
2015 05 12 07 05 18.830 27.801 86.126 12.3 -6.61924 31.1427 1.003 245.784 63.1376 301.291 627.461 628.12 0.659 6.630 0.1 539984 23197
2015 05 15 20 26 55.950 -2.566 102.223 158.5 -6.61924 31.1427 1.003 263.922 70.9202 304.257 662.307 659.85 -2.457 6.030 0.1 540083 23197
2015 05 24 04 53 23.400 -16.814 -14.261 11.7 -6.61924 31.1427 1.003 82.6819 45.4957 300.576 499.176 499.20 0.024 7.920 0.1 540236 23197
2015 06 04 23 15 45.200 6.043 116.665 18.1 -6.61924 31.1427 1.003 262.978 86.2641 300.754 760.554 760.58 0.026 4.918 0.1 540435 23197
2015 06 17 12 51 35.660 -35.37 -17.809 27.1 -6.61924 31.1427 1.003 69.3494 53.1911 295.531 549.871 555.96 6.089 7.355 0.1 540638 23197
2015 07 03 01 07 46.210 37.47 78.12 19 -6.61924 31.1427 1.003 235.364 61.971 299.681 617.471 619.58 2.109 6.708 0.1 540849 23197
2015 08 13 10 39 54.310 -37.022 77.953 15.4 -6.61924 31.1427 1.003 293.57 52.2065 303.951 553.641 550.46 -3.181 7.429 0.1 553251 23197
2014 06 29 07 52 56.840 -55.475 -28.395 15.1 -7.96386 31.6252 1.842 69.0476 66.7374 301.414 650.574 650.62 0.046 6.375 0.1 534719 23198
2014 06 29 14 32 49.770 -55.418 -28.224 11.9 -7.96386 31.6252 1.842 68.9149 66.626 302.917 652.147 650.43 -1.717 6.384 0.1 534744 23198
2014 07 05 09 39 27.790 1.933 96.938 20 -7.96386 31.6252 1.842 260.449 65.8677 302.553 645.763 644.17 -1.593 6.439 0.1 534852 23198
2014 07 19 14 14 02.290 11.709 57.957 10 -7.96386 31.6252 1.842 234.463 32.6774 301.002 392.712 392.98 0.268 8.754 0.1 535067 23198
2014 07 27 01 28 41.400 23.86 -45.59 13.7 -7.96386 31.6252 1.842 102.502 81.6449 303.647 740.247 737.97 -2.277 5.275 0.1 535168 23198
2014 08 03 08 30 14.300 27.217 103.458 28 -7.96386 31.6252 1.842 254.383 77.7371 303.815 717.515 714.65 -2.865 5.567 0.1 535273 23198
2014 08 18 02 32 04.100 32.711 47.638 10 -7.96386 31.6252 1.842 203.51 43.2307 303.875 484.775 483.03 -1.745 8.068 0.1 535475 23198
2014 08 18 18 08 22.750 32.582 47.703 5 -7.96386 31.6252 1.842 203.653 43.1347 303.331 483.581 483.03 -0.551 8.077 0.1 535494 23198
2014 10 07 13 49 41.780 23.343 100.5 12.8 -7.96386 31.6252 1.842 253.873 74.1051 303.281 697.501 696.26 -1.241 5.837 0.1 536316 23198
2014 11 03 08 48 29.700 -41.824 80.043 7.4 -7.96386 31.6252 1.842 294.257 54.354 304.001 570.301 567.50 -2.801 7.276 0.1 553474 23198
2014 11 17 16 52 47.640 -46.407 33.701 12.2 -7.96386 31.6252 1.842 356.685 38.3451 300.336 439.696 441.85 2.154 8.408 0.1 537073 23198
2014 11 22 08 55 26.490 30.314 101.803 2 -7.96386 31.6252 1.842 252.841 77.2133 304.212 718.722 715.91 -2.812 5.611 0.1 537173 23198
2015 02 13 18 59 13.510 52.509 -32.02 16.9 -7.96386 31.6252 1.842 115.961 80.8039 306.703 738.193 733.36 -4.833 5.337 0.1 553526 23198
2015 02 16 22 00 54.320 -55.518 -28.229 18.1 -7.96386 31.6252 1.842 68.8791 66.6647 303.082 651.762 649.67 -2.092 6.379 0.1 538527 23198
2015 02 27 13 45 05.640 -7.358 122.49 559.1 -7.96386 31.6252 1.842 262.043 89.8463 301.808 720.168 719.45 -0.718 4.629 0.1 538719 23198
2015 03 03 10 37 31.380 -0.719 98.754 33.5 -7.96386 31.6252 1.842 261.719 67.254 301.99 652.61 651.06 -1.55 6.335 0.1 538783 23198
2015 03 06 08 22 20.90 -41.316 80.614 13.1 -7.96386 31.6252 1.842 293.424 54.5407 301.924 568.834 567.93 -0.904 7.260 0.1 538824 23198
2015 04 16 18 07 43.610 35.195 26.837 22.6 -7.96386 31.6252 1.842 173.058 43.1628 302.26 479.65 480.75 1.1 8.068 0.1 553528 23198
2015 04 25 06 11 26.630 28.13 84.716 13.4 -7.96386 31.6252 1.842 243.172 62.5615 301.698 624.068 624.20 0.132 6.667 0.1 539594 23198
2015 04 25 06 45 21.360 28.16 84.843 14.7 -7.96386 31.6252 1.842 243.244 62.6751 299.001 622.641 624.75 2.109 6.657 0.1 539604 23198
2015 04 26 07 09 09.310 27.736 85.978 13.4 -7.96386 31.6252 1.842 244.192 63.3883 301.64 629.33 629.67 0.34 6.613 0.1 539668 23198
2015 05 12 07 05 18.830 27.801 86.126 12.3 -7.96386 31.6252 1.842 244.26 63.5346 301.6 630.77 630.81 0.04 6.603 0.1 539984 23198
2015 05 15 20 26 55.950 -2.566 102.223 158.5 -7.96386 31.6252 1.842 262.508 70.4377 304.162 659.212 656.93 -2.282 6.063 0.1 540083 23198
2015 05 24 04 53 23.400 -16.814 -14.261 11.7 -7.96386 31.6252 1.842 84.6668 45.5791 301.356 499.956 499.82 -0.136 7.914 0.1 540236 23198
2015 06 04 23 15 45.200 6.043 116.665 18.1 -7.96386 31.6252 1.842 261.593 85.9414 301.49 759.29 759.00 -0.29 4.944 0.1 540435 23198
2015 06 17 12 51 35.660 -35.37 -17.809 27.1 -7.96386 31.6252 1.842 71.0256 52.7179 296.66 548 552.40 4.4 7.391 0.1 540638 23198
2015 07 03 01 07 46.210 37.47 78.12 19 -7.96386 31.6252 1.842 233.968 62.6681 299.745 622.535 624.31 1.775 6.653 0.1 540849 23198
