2006 06 06 00 50 21 SEMP 17.992 119.075 124.0 0.8351 30.168 0.0 270.454 88.7052 304.169 764.837 759.37 4.700
2006 06 06 00 50 21 KABA 17.992 119.075 124.0 0.7754 30.1319 0.0 270.409 88.7577 305.43 766.344 759.62 4.696
2006 06 06 00 50 21 BURO 17.992 119.075 124.0 0.8609 30.1708 0.0 270.478 88.6947 301.389 762.008 759.33 4.701
2006 06 06 00 50 21 ITOJ 17.992 119.075 124.0 0.844 30.2293 0.0 270.444 88.6441 301.188 761.57 759.09 4.705
2006 06 06 06 26 58 SEMP 1.1078 -28.0385 10.0 0.8351 30.168 0.0 89.7062 58.198 309.373 604.906 594.22 6.992
2006 06 06 06 26 58 KABA 1.1078 -28.0385 10.0 0.7754 30.1319 0.0 89.7766 58.1628 309.644 604.93 593.97 6.995
2006 06 19 18 27 55 HUMY 33.0195 -39.6579 9.2 0.7632 30.0392 0.0 100.692 72.6224 306.286 695.329 687.91 5.950
2006 06 19 18 27 55 NGIT 33.0195 -39.6579 9.2 0.6424 30.0342 0.0 100.798 72.686 305.84 695.262 688.30 5.945
2006 06 19 18 27 55 BURO 33.0195 -39.6579 9.2 0.8609 30.1708 0.0 100.53 72.6763 309.444 698.807 688.23 5.946
2006 06 22 12 34 39 SEMP 6.9374 92.4882 21.5 0.8351 30.168 0.0 267.326 62.428 312.391 635.104 621.35 6.683
2006 06 22 12 34 39 ITOJ 6.9374 92.4882 21.5 0.844 30.2293 0.0 267.327 62.3661 311.973 634.271 620.93 6.688
2006 07 18 08 19 05 SEMP -9.3178 107.424 20.0 0.8351 30.168 0.0 272.921 77.5625 309.265 725.213 714.48 5.587
2006 07 18 08 19 05 KASS -9.3178 107.424 20.0 0.5757 30.31 0.0 272.686 77.3793 298.877 713.801 713.45 5.601
2006 07 18 08 19 05 KABG -9.3178 107.424 20.0 0.6309 30.6498 0.0 272.799 77.0535 295.076 708.172 711.62 5.624
2006 07 18 08 19 05 MWEY -9.3178 107.424 20.0 -0.1905 29.8996 0.0 271.847 77.6581 309.06 725.54 715.00 5.580
2006 07 18 08 19 05 KMTW -9.3178 107.424 20.0 0.7425 30.3844 0.0 272.866 77.3337 311.68 726.348 713.20 5.604
2006 07 18 08 19 05 NGIT -9.3178 107.424 20.0 0.6424 30.0342 0.0 272.705 77.6623 300.188 716.693 715.03 5.579
2006 07 18 08 19 05 KABE -9.3178 107.424 20.0 0.8687 30.4739 0.0 273.008 77.2666 312.603 726.895 712.82 5.609
2006 07 18 08 19 05 BURO -9.3178 107.424 20.0 0.8609 30.1708 0.0 272.948 77.564 312.526 728.483 714.49 5.587
2006 07 18 08 19 05 HARU -9.3178 107.424 20.0 0.0002 29.7611 0.0 272.015 77.8259 300.37 717.784 715.94 5.567
2006 07 18 09 12 54 SEMP -9.093 107.857 48.7 0.8351 30.168 0.0 272.8 77.9781 310.74 725.261 713.05 5.548
2006 07 18 09 12 54 KABA -9.093 107.857 48.7 0.7754 30.1319 0.0 272.734 78.004 302.297 716.962 713.20 5.546
2006 07 18 09 12 54 RUBO -9.093 107.857 48.7 0.3429 30.0384 0.0 272.285 78.0264 310.313 725.1 713.32 5.544
2006 07 18 09 12 54 KIBU -9.093 107.857 48.7 0.93 30.24 0.0 272.907 77.9225 306.865 721.078 712.75 5.552
2006 07 18 09 12 54 MWEY -9.093 107.857 48.7 -0.1905 29.8996 0.0 271.728 78.0783 308.791 723.864 713.60 5.540
2006 07 18 09 12 54 HARU -9.093 107.857 48.7 0.0002 29.7611 0.0 271.896 78.2453 302.263 718.26 714.52 5.527
2006 07 18 15 45 25 KASS -9.4343 108.327 19.1 0.5757 30.31 0.0 272.556 78.2746 298.688 718.741 718.58 5.533
2006 07 18 15 45 25 RUBO -9.4343 108.327 19.1 0.3429 30.0384 0.0 272.276 78.5035 311.494 732.811 719.85 5.515
2006 07 18 15 45 25 KARA -9.4343 108.327 19.1 0.0845 29.8952 0.0 271.994 78.6019 309.762 731.619 720.38 5.508
2006 07 18 15 45 25 KIBU -9.4343 108.327 19.1 0.93 30.24 0.0 272.898 78.4031 301.41 722.173 719.30 5.523
2006 07 18 15 45 25 KABG -9.4343 108.327 19.1 0.6309 30.6498 0.0 272.669 77.9489 301.409 719.657 716.78 5.558
2006 07 18 15 45 25 KISA -9.4343 108.327 19.1 0.5938 30.7424 0.0 272.648 77.8515 308.965 726.671 716.24 5.565
2006 07 18 15 45 25 HUMY -9.4343 108.327 19.1 0.7632 30.0392 0.0 272.696 78.5729 301.411 723.111 720.23 5.510
2006 07 18 15 45 25 KABE -9.4343 108.327 19.1 0.8687 30.4739 0.0 272.877 78.1623 300.889 720.321 717.97 5.541
2006 07 18 15 45 25 HARU -9.4343 108.327 19.1 0.0002 29.7611 0.0 271.887 78.7202 298.024 720.531 721.03 5.501
2006 07 18 15 45 25 ITOJ -9.4343 108.327 19.1 0.844 30.2293 0.0 272.81 78.3991 301.04 721.782 719.28 5.523
2006 07 20 10 57 05 KASS -6.5781 105.386 49.3 0.5757 30.31 0.0 272.325 75.2431 304.899 703.912 697.53 5.746
2006 07 20 10 57 05 KARA -6.5781 105.386 49.3 0.0845 29.8952 0.0 271.773 75.5969 303.14 704.182 699.55 5.719
2006 07 20 10 57 05 KABG -6.5781 105.386 49.3 0.6309 30.6498 0.0 272.423 74.9125 312.225 709.333 695.63 5.771
2006 07 20 10 57 05 MWEY -6.5781 105.386 49.3 -0.1905 29.8996 0.0 271.493 75.5605 302.007 702.84 699.34 5.722
2006 07 20 10 57 05 KISA -6.5781 105.386 49.3 0.5938 30.7424 0.0 272.397 74.8161 307.799 704.35 695.07 5.778
2006 07 20 10 57 05 KMTW -6.5781 105.386 49.3 0.7425 30.3844 0.0 272.504 75.1893 312.101 710.804 697.22 5.750
2006 07 20 10 57 05 KABE -6.5781 105.386 49.3 0.8687 30.4739 0.0 272.644 75.1157 309.333 707.612 696.80 5.756
2006 07 28 11 16 06 KASS 1.7056 97.1228 31.8 0.5757 30.31 0.0 269.896 66.8064 300.927 650.824 648.45 6.367
2006 07 28 11 16 06 MWEY 1.7056 97.1228 31.8 -0.1905 29.8996 0.0 269.084 67.2399 306.363 659.019 651.21 6.337
2006 07 28 11 16 06 MIRA 1.7056 97.1228 31.8 0.6585 30.5689 0.0 269.978 66.5453 308.391 656.62 646.79 6.386
2006 07 28 11 16 06 KMTW 1.7056 97.1228 31.8 0.7425 30.3844 0.0 270.074 66.7275 302.81 652.203 647.95 6.373
2006 07 28 11 16 06 HARU 1.7056 97.1228 31.8 0.0002 29.7611 0.0 269.294 67.3721 313.147 666.642 652.04 6.327
2006 08 12 20 54 14 KASE 2.3825 96.3657 30.2 -0.0283 30.1491 0.0 268.927 66.2394 301.802 648.298 645.06 6.409
2006 08 12 20 54 14 KABA 2.3825 96.3657 30.2 0.7754 30.1319 0.0 269.799 66.2228 301.297 647.687 644.95 6.411
2006 08 12 20 54 14 KASS 2.3825 96.3657 30.2 0.5757 30.31 0.0 269.575 66.0528 299.466 644.762 643.86 6.423
2006 08 12 20 54 14 RUBO 2.3825 96.3657 30.2 0.3429 30.0384 0.0 269.334 66.3338 302.283 649.384 645.66 6.402
2006 08 12 20 54 14 KARA 2.3825 96.3657 30.2 0.0845 29.8952 0.0 269.061 66.488 303.548 651.638 646.65 6.391
2006 08 12 20 54 14 KIBU 2.3825 96.3657 30.2 0.93 30.24 0.0 269.962 66.1089 300.923 646.58 644.22 6.419
2006 08 12 20 54 14 KABG 2.3825 96.3657 30.2 0.6309 30.6498 0.0 269.62 65.7111 312.204 655.297 641.66 6.447
2006 08 12 20 54 14 MWEY 2.3825 96.3657 30.2 -0.1905 29.8996 0.0 268.764 66.496 304.598 652.74 646.70 6.390
2006 08 12 20 54 14 MIRA 2.3825 96.3657 30.2 0.6585 30.5689 0.0 269.653 65.7908 307.803 651.411 642.17 6.442
2006 08 12 20 54 14 KISA 2.3825 96.3657 30.2 0.5938 30.7424 0.0 269.575 65.6201 304.044 646.549 641.07 6.454
2006 08 12 20 54 14 HUMY 2.3825 96.3657 30.2 0.7632 30.0392 0.0 269.79 66.3159 303.671 650.658 645.55 6.404
2006 08 12 20 54 14 KMTW 2.3825 96.3657 30.2 0.7425 30.3844 0.0 269.753 65.9718 299.802 644.577 643.34 6.429
2006 08 12 20 54 14 NGIT 2.3825 96.3657 30.2 0.6424 30.0342 0.0 269.659 66.3257 301.985 649.035 645.61 6.403
2006 08 12 20 54 14 BURO 2.3825 96.3657 30.2 0.8609 30.1708 0.0 269.89 66.1807 301.568 647.686 644.68 6.414
2006 08 12 20 54 14 HARU 2.3825 96.3657 30.2 0.0002 29.7611 0.0 268.977 66.6257 304.672 653.643 647.53 6.381
2006 08 12 20 54 14 ITOJ 2.3825 96.3657 30.2 0.844 30.2293 0.0 269.869 66.1229 300.845 646.592 644.31 6.418
2006 08 21 03 41 09 SEMP -61.016 -34.2851 0.5 0.8351 30.168 0.0 66.9614 78.6163 299.75 724.291 723.90 5.506
2006 08 21 03 41 09 KASE -61.016 -34.2851 0.5 -0.0283 30.1491 0.0 67.3374 77.8415 311.12 731.362 719.58 5.565
2006 08 21 03 41 09 RUBO -61.016 -34.2851 0.5 0.3429 30.0384 0.0 67.067 78.1212 312.17 733.97 721.15 5.544
2006 08 21 03 41 09 MWEY -61.016 -34.2851 0.5 -0.1905 29.8996 0.0 67.1833 77.5854 305.593 724.407 718.15 5.585
2006 08 21 03 41 09 MIRA -61.016 -34.2851 0.5 0.6585 30.5689 0.0 67.4071 78.6396 301.353 726.019 724.02 5.505
2006 08 21 03 41 09 HUMY -61.016 -34.2851 0.5 0.7632 30.0392 0.0 66.8766 78.4948 307.789 731.659 723.23 5.515
2006 08 21 03 41 09 KMTW -61.016 -34.2851 0.5 0.7425 30.3844 0.0 67.2008 78.6312 296.492 721.113 723.98 5.505
2006 08 21 03 41 09 NGIT -61.016 -34.2851 0.5 0.6424 30.0342 0.0 66.9269 78.3853 313.709 736.973 722.62 5.523
2006 09 10 04 13 06 KAGO -7.2509 120.128 579.1 0.6823 30.4606 0.0 270.714 89.7547 310.522 729.125 717.29 4.628
2006 09 10 04 13 06 KABG -7.2509 120.128 579.1 0.6309 30.6498 0.0 270.687 89.5606 305.215 722.918 716.39 4.631
2006 09 10 04 13 06 KMTW -7.2509 120.128 579.1 0.7425 30.3844 0.0 270.764 89.8378 305.495 724.483 717.68 4.627
2006 09 10 04 13 06 KABE -7.2509 120.128 579.1 0.8687 30.4739 0.0 270.899 89.7648 309.099 727.749 717.34 4.628
2006 09 22 18 54 41 BUMA -9.1324 110.35 19.4 0.6944 30.0663 0.0 272.237 80.517 309.186 741.397 730.76 5.368
2006 09 22 18 54 41 KASE -9.1324 110.35 19.4 -0.0283 30.1491 0.0 271.532 80.3198 306.529 737.681 729.69 5.383
2006 09 22 18 54 41 KABA -9.1324 110.35 19.4 0.7754 30.1319 0.0 272.328 80.4653 308.446 740.381 730.48 5.372
2006 09 22 18 54 41 KARA -9.1324 110.35 19.4 0.0845 29.8952 0.0 271.603 80.5883 308.47 741.062 731.13 5.362
2006 09 22 18 54 41 KAGO -9.1324 110.35 19.4 0.6823 30.4606 0.0 272.29 80.126 309.249 739.36 728.65 5.398
2006 09 22 18 54 41 KABG -9.1324 110.35 19.4 0.6309 30.6498 0.0 272.27 79.931 309.069 738.128 727.60 5.412
2006 09 22 18 54 41 KISA -9.1324 110.35 19.4 0.5938 30.7424 0.0 272.248 79.8337 304.325 732.857 727.07 5.420
2006 09 22 18 54 41 KABE -9.1324 110.35 19.4 0.8687 30.4739 0.0 272.477 80.1429 304.859 735.061 728.75 5.396
2006 10 10 10 01 24 KAGO 20.7439 120.074 18.4 0.6823 30.4606 0.0 270.498 89.3999 311.881 788.656 775.50 4.673
2006 10 10 10 01 24 KABG 20.7439 120.074 18.4 0.6309 30.6498 0.0 270.384 89.2408 301.534 777.569 774.76 4.685
2006 10 10 10 01 24 KISA 20.7439 120.074 18.4 0.5938 30.7424 0.0 270.317 89.1671 309.966 785.657 774.42 4.691
2006 10 10 10 01 24 KABE 20.7439 120.074 18.4 0.8687 30.4739 0.0 270.667 89.3223 306.926 783.339 775.14 4.679
2006 10 23 08 55 09 SEMP -45.821 96.0662 10.0 0.8351 30.168 0.0 288.308 74.0267 297.062 694.14 696.27 5.844
2006 10 23 08 55 09 BUMA -45.821 96.0662 10.0 0.6944 30.0663 0.0 288.132 73.9898 304.838 701.7 696.05 5.847
2006 10 23 08 55 09 KASE -45.821 96.0662 10.0 -0.0283 30.1491 0.0 287.699 73.3988 294.23 687.614 692.55 5.890
2006 10 23 08 55 09 KABA -45.821 96.0662 10.0 0.7754 30.1319 0.0 288.239 74.0063 298.062 695.021 696.15 5.845
2006 10 23 08 55 09 KASS -45.821 96.0662 10.0 0.5757 30.31 0.0 288.24 73.7398 298.554 693.949 694.58 5.865
2006 10 23 08 55 09 RUBO -45.821 96.0662 10.0 0.3429 30.0384 0.0 287.869 73.7476 304.602 700.04 694.61 5.865
2006 10 23 08 55 09 KABG -45.821 96.0662 10.0 0.6309 30.6498 0.0 288.543 73.5553 310.109 704.42 693.50 5.878
2006 10 23 08 55 09 KMTW -45.821 96.0662 10.0 0.7425 30.3844 0.0 288.413 73.8143 300.373 696.206 695.02 5.860
2006 10 23 08 55 09 KABE -45.821 96.0662 10.0 0.8687 30.4739 0.0 288.569 73.8487 297.892 693.928 695.23 5.857
2006 12 02 03 57 59 KAGO 3.4287 99.113 206.1 0.6823 30.4606 0.0 269.396 68.6503 298.936 641.275 640.89 6.176
2006 12 02 03 57 59 NYAN 3.4287 99.113 206.1 0.206 30.4474 0.0 268.89 68.6922 302.725 645.324 641.15 6.172
2006 12 02 03 57 59 MIRA 3.4287 99.113 206.1 0.6585 30.5689 0.0 269.364 68.5436 301.637 643.316 640.23 6.183
2006 12 02 03 57 59 KABE 3.4287 99.113 206.1 0.8687 30.4739 0.0 269.594 68.6262 302.906 645.096 640.74 6.177
2006 12 02 14 01 35 KASS -8.347 118.738 46.8 0.5757 30.31 0.0 270.793 88.5268 304.899 773.798 767.55 4.735
2006 12 02 14 01 35 KINY -8.347 118.738 46.8 0.5107 30.1262 0.0 270.702 88.6993 304.773 774.484 768.37 4.721
2006 12 02 14 01 35 NYAN -8.347 118.738 46.8 0.206 30.4474 0.0 270.449 88.3378 307.477 775.483 766.66 4.750
2006 12 02 14 01 35 MIRA -8.347 118.738 46.8 0.6585 30.5689 0.0 270.912 88.2825 304.893 772.639 766.40 4.754
2006 12 02 14 01 35 KMTW -8.347 118.738 46.8 0.7425 30.3844 0.0 270.968 88.4772 304.897 773.563 767.32 4.739
2006 12 23 19 50 25 KASS 10.6955 92.4049 31.0 0.5757 30.31 0.0 265.053 62.4966 302.483 624.3 620.49 6.674
2006 12 23 19 50 25 NYAN 10.6955 92.4049 31.0 0.206 30.4474 0.0 264.616 62.4372 313.205 634.625 620.10 6.679
2006 12 23 19 50 25 KABG 10.6955 92.4049 31.0 0.6309 30.6498 0.0 265.036 62.1528 307.368 626.879 618.19 6.701
2006 12 23 19 50 25 KISA 10.6955 92.4049 31.0 0.5938 30.7424 0.0 264.974 62.0696 302.211 621.163 617.63 6.707
2006 12 27 12 26 01 KABG 21.8643 120.545 6.6 0.6309 30.6498 0.0 270.543 89.6703 302.594 782.592 778.74 4.653
2006 12 27 12 26 01 MIRA 21.8643 120.545 6.6 0.6585 30.5689 0.0 270.599 89.7353 295.724 776.024 779.04 4.648
2006 12 27 12 26 01 KISA 21.8643 120.545 6.6 0.5938 30.7424 0.0 270.475 89.5979 302.254 781.915 778.40 4.659
2006 12 27 12 26 01 KMTW 21.8643 120.545 6.6 0.7425 30.3844 0.0 270.744 89.8757 302.404 783.357 779.69 4.643
2006 12 27 12 34 01 KABG 22.0298 120.498 30.2 0.6309 30.6498 0.0 270.525 89.6255 313.432 789.469 774.78 4.652
2007 01 09 12 48 39 RUBO 8.0486 92.4527 17.4 0.3429 30.0384 0.0 266.222 62.6521 309.469 634.313 623.49 6.666
2007 01 09 12 48 39 KARA 8.0486 92.4527 17.4 0.0845 29.8952 0.0 265.962 62.8333 301.806 627.86 624.70 6.653
2007 01 09 12 48 39 KINY 8.0486 92.4527 17.4 0.5107 30.1262 0.0 266.393 62.5399 309.078 633.171 622.73 6.675
2007 01 09 12 48 39 NYAN 8.0486 92.4527 17.4 0.206 30.4474 0.0 265.999 62.269 306.675 628.952 620.93 6.696
2007 01 09 12 48 39 KABG 8.0486 92.4527 17.4 0.6309 30.6498 0.0 266.436 62.0042 311.645 632.141 619.15 6.716
2007 01 09 12 48 39 MIRA 8.0486 92.4527 17.4 0.6585 30.5689 0.0 266.481 62.08 302.572 623.578 619.66 6.710
2007 01 09 12 48 39 KISA 8.0486 92.4527 17.4 0.5938 30.7424 0.0 266.379 61.9183 300.815 620.732 618.57 6.722
2007 01 09 12 48 39 KMTW 8.0486 92.4527 17.4 0.7425 30.3844 0.0 266.605 62.2498 303.537 625.685 620.79 6.698
2007 01 09 17 21 44 KASS 39.823 70.309 18.4 0.5757 30.31 0.0 233.194 53.3943 301.413 560.864 559.24 7.337
2007 01 09 17 21 44 KARA 39.823 70.309 18.4 0.0845 29.8952 0.0 233.226 54.0342 310.126 574.276 563.94 7.291
2007 01 09 17 21 44 KIBU 39.823 70.309 18.4 0.93 30.24 0.0 233.534 53.1609 303.877 561.606 557.51 7.355
2007 01 09 17 21 44 KAGO 39.823 70.309 18.4 0.6823 30.4606 0.0 233.127 53.2181 303.874 562.027 557.95 7.350
2007 01 09 17 21 44 KINY 39.823 70.309 18.4 0.5107 30.1262 0.0 233.324 53.5585 303.868 564.528 560.45 7.325
2007 01 09 17 21 44 KABG 39.823 70.309 18.4 0.6309 30.6498 0.0 232.902 53.142 301.765 559.357 557.39 7.356
2007 01 09 17 21 44 MWEY 39.823 70.309 18.4 -0.1905 29.8996 0.0 233.014 54.2467 303.853 569.557 565.50 7.275
2007 01 09 17 21 44 MIRA 39.823 70.309 18.4 0.6585 30.5689 0.0 233.003 53.1701 303.875 561.674 557.60 7.354
2007 01 09 17 21 44 KISA 39.823 70.309 18.4 0.5938 30.7424 0.0 232.782 53.1142 299.715 557.103 557.19 7.358
2007 01 18 23 18 38 RUBO 10.0953 58.7229 10.0 0.3429 30.0384 0.0 252.981 30.1298 304.837 375.604 370.05 8.845
2007 01 18 23 18 38 KINY 10.0953 58.7229 10.0 0.5107 30.1262 0.0 253.236 29.9912 305.55 375.088 368.82 8.848
2007 01 18 23 18 38 MWEY 10.0953 58.7229 10.0 -0.1905 29.8996 0.0 252.088 30.4419 313.416 386.949 372.83 8.837
2007 01 21 06 21 00 KASS -55.321 -29.4544 10.0 0.5757 30.31 0.0 64.133 73.763 310.856 706.287 694.83 5.862
2007 01 21 06 21 00 KARA -55.321 -29.4544 10.0 0.0845 29.8952 0.0 64.0235 73.1313 302.581 694.285 691.09 5.908
2007 01 21 06 21 00 KAGO -55.321 -29.4544 10.0 0.6823 30.4606 0.0 64.2107 73.9313 308.59 705.009 695.81 5.850
2007 01 21 06 21 00 NYAN -55.321 -29.4544 10.0 0.206 30.4474 0.0 64.4529 73.519 300.638 694.631 693.38 5.880
2007 01 21 06 21 00 KABG -55.321 -29.4544 10.0 0.6309 30.6498 0.0 64.4068 73.985 302.814 699.546 696.12 5.846
2007 01 21 06 21 00 MWEY -55.321 -29.4544 10.0 -0.1905 29.8996 0.0 64.1743 72.8993 303.366 693.692 689.71 5.926
2007 01 21 06 21 00 MIRA -55.321 -29.4544 10.0 0.6585 30.5689 0.0 64.32 73.9668 312.079 708.705 696.02 5.847
2007 01 21 06 21 00 KISA -55.321 -29.4544 10.0 0.5938 30.7424 0.0 64.5091 74.0012 302.619 699.446 696.21 5.845
2007 01 21 06 21 00 KABE -55.321 -29.4544 10.0 0.8687 30.4739 0.0 64.1235 74.0969 310.889 708.278 696.79 5.837
2007 01 21 06 21 00 RUGA -55.321 -29.4544 10.0 -0.2552 30.1026 0.0 64.391 72.9487 310.613 701.233 690.00 5.922
2007 02 13 10 35 24 KASS 35.9176 -10.2442 30.4 0.5757 30.31 0.0 123.824 51.498 311.036 554.739 543.42 7.473
2007 02 13 10 35 24 KARA 35.9176 -10.2442 30.4 0.0845 29.8952 0.0 124.635 51.5813 302.354 546.684 544.08 7.466
2007 02 13 10 35 24 KAGO 35.9176 -10.2442 30.4 0.6823 30.4606 0.0 123.591 51.5216 302.358 546.238 543.59 7.471
2007 02 13 10 35 24 KINY 35.9176 -10.2442 30.4 0.5107 30.1262 0.0 124.053 51.422 305.821 548.954 542.86 7.479
2007 02 13 10 35 24 NYAN 35.9176 -10.2442 30.4 0.206 30.4474 0.0 124.01 51.862 300.821 547.249 546.15 7.446
2007 02 13 10 35 24 KABG 35.9176 -10.2442 30.4 0.6309 30.6498 0.0 123.457 51.6872 298.206 543.325 544.82 7.459
2007 02 13 10 35 24 MWEY 35.9176 -10.2442 30.4 -0.1905 29.8996 0.0 124.863 51.7878 301.83 547.706 545.63 7.451
2007 02 13 10 35 24 MIRA 35.9176 -10.2442 30.4 0.6585 30.5689 0.0 123.509 51.6123 309.795 554.354 544.27 7.465
2007 02 13 10 35 24 KISA 35.9176 -10.2442 30.4 0.5938 30.7424 0.0 123.402 51.7771 311.794 557.586 545.49 7.452
2007 02 13 10 35 24 KMTW 35.9176 -10.2442 30.4 0.7425 30.3844 0.0 123.611 51.426 310.505 553.667 542.87 7.478
2007 02 13 10 35 24 KABE 35.9176 -10.2442 30.4 0.8687 30.4739 0.0 123.418 51.3943 310.783 553.707 542.63 7.481
2007 03 01 23 13 17 KARA -55.2878 -29.2147 21.4 0.0845 29.8952 0.0 63.8176 72.9936 311.761 700.808 688.44 5.916
2007 03 01 23 13 17 KAGO -55.2878 -29.2147 21.4 0.6823 30.4606 0.0 64.0054 73.7935 307.74 701.507 693.17 5.857
2007 03 01 23 13 17 KISA -55.2878 -29.2147 21.4 0.5938 30.7424 0.0 64.3041 73.8632 301.134 695.309 693.57 5.852
2007 03 01 23 13 17 KARU -55.2878 -29.2147 21.4 0.7893 30.2208 0.0 63.7343 73.7615 300.902 694.483 692.99 5.860
2007 03 02 23 11 41 KASS 26.5904 -44.6219 10.0 0.5757 30.31 0.0 96.3116 76.2779 303.303 713.548 708.95 5.679
2007 03 02 23 11 41 RUBO 26.5904 -44.6219 10.0 0.3429 30.0384 0.0 96.6511 76.1418 296.709 706.181 708.19 5.687
2007 03 02 23 11 41 KINY 26.5904 -44.6219 10.0 0.5107 30.1262 0.0 96.457 76.1438 305.337 714.819 708.19 5.687
2007 03 02 23 11 41 KISA 26.5904 -44.6219 10.0 0.5938 30.7424 0.0 96.0925 76.6546 299.3 711.68 711.08 5.654
2007 03 02 23 11 41 KMTW 26.5904 -44.6219 10.0 0.7425 30.3844 0.0 96.1248 76.2686 302.372 712.563 708.89 5.680
2007 03 07 03 49 34 RUBO -0.5271 100.465 22.5 0.3429 30.0384 0.0 270.548 70.4308 307.681 681.556 672.40 6.109
2007 03 07 03 49 34 NYAN -0.5271 100.465 22.5 0.206 30.4474 0.0 270.408 70.0203 302.458 673.816 669.88 6.139
2007 03 07 03 49 34 MWEY -0.5271 100.465 22.5 -0.1905 29.8996 0.0 269.984 70.5642 306.975 681.665 673.21 6.099
2007 03 07 03 49 34 KABE -0.5271 100.465 22.5 0.8687 30.4739 0.0 271.109 70.0024 304.185 675.433 669.77 6.140
2007 03 07 03 49 34 KARU -0.5271 100.465 22.5 0.7893 30.2208 0.0 271.021 70.2543 313.308 686.102 671.32 6.122
2007 03 07 05 49 18 KASS -0.501 100.474 30.1 0.5757 30.31 0.0 270.787 70.1713 310.667 681.861 669.71 6.126
2007 03 07 05 49 18 RUBO -0.501 100.474 30.1 0.3429 30.0384 0.0 270.538 70.4401 298.469 671.308 671.36 6.107
2007 03 07 05 49 18 KAGO -0.501 100.474 30.1 0.6823 30.4606 0.0 270.902 70.0221 303.305 673.583 668.80 6.137
2007 03 07 05 49 18 MIRA -0.501 100.474 30.1 0.6585 30.5689 0.0 270.878 69.9135 310.455 680.065 668.13 6.145
2007 03 07 05 49 18 KISA -0.501 100.474 30.1 0.5938 30.7424 0.0 270.812 69.7392 310.25 678.787 667.06 6.156
2007 03 07 05 49 18 KMTW -0.501 100.474 30.1 0.7425 30.3844 0.0 270.965 70.0991 293.491 664.242 669.27 6.132
2007 03 07 05 49 18 KARU -0.501 100.474 30.1 0.7893 30.2208 0.0 271.012 70.2633 299.45 671.208 670.28 6.120
2007 03 09 11 14 24 KASS -58.1609 -7.6718 4.0 0.5757 30.31 0.0 42.4135 65.8366 307.849 655.395 647.37 6.436
2007 03 09 11 14 24 KINY -58.1609 -7.6718 4.0 0.5107 30.1262 0.0 42.2506 65.7107 314.247 660.979 646.55 6.445
2007 03 09 11 14 24 KMTW -58.1609 -7.6718 4.0 0.7425 30.3844 0.0 42.4247 66.0179 312.656 661.372 648.54 6.422
2007 03 09 11 14 24 KABE -58.1609 -7.6718 4.0 0.8687 30.4739 0.0 42.4671 66.167 305.071 654.748 649.50 6.411
2007 03 09 11 14 24 RUGA -58.1609 -7.6718 4.0 -0.2552 30.1026 0.0 42.5254 64.9917 305.177 647.236 641.87 6.498
2007 03 09 11 14 24 KARU -58.1609 -7.6718 4.0 0.7893 30.2208 0.0 42.2393 66.003 313.351 661.971 648.45 6.423
2007 04 04 03 35 05 SEML 36.5173 70.6851 213.0 0.9091 30.3557 0.0 235.852 51.4362 307.906 532.236 524.05 7.398
2007 04 04 03 35 05 KASS 36.5173 70.6851 213.0 0.5757 30.31 0.0 235.614 51.7137 307.833 534.222 526.12 7.378
2007 04 04 03 35 05 KARA 36.5173 70.6851 213.0 0.0845 29.8952 0.0 235.595 52.3539 307.626 538.741 530.85 7.331
2007 04 04 03 35 05 KAS2 36.5173 70.6851 213.0 -0.0315 30.1493 0.0 235.258 52.2716 305.452 535.962 530.25 7.337
2007 04 04 03 35 05 KAGO 36.5173 70.6851 213.0 0.6823 30.4606 0.0 235.56 51.5345 311.815 536.876 524.79 7.391
2007 04 04 03 35 05 KINY 36.5173 70.6851 213.0 0.5107 30.1262 0.0 235.734 51.8842 308.913 536.562 527.38 7.365
2007 04 04 03 35 05 KABG 36.5173 70.6851 213.0 0.6309 30.6498 0.0 235.336 51.4471 302.29 526.703 524.15 7.397
2007 04 04 03 35 05 MIRA 36.5173 70.6851 213.0 0.6585 30.5689 0.0 235.436 51.4803 306.713 531.372 524.40 7.395
2007 04 04 03 35 05 KISA 36.5173 70.6851 213.0 0.5938 30.7424 0.0 235.216 51.4134 310.708 534.871 523.91 7.399
2007 04 04 03 35 05 KARU 36.5173 70.6851 213.0 0.7893 30.2208 0.0 235.879 51.6148 302.508 528.163 525.38 7.385
2007 04 06 03 56 38 KARA 37.3777 -24.6318 4.3 0.0845 29.8952 0.0 113.235 62.4079 302.539 627.671 624.44 6.683
2007 04 06 03 56 38 KAS2 37.3777 -24.6318 4.3 -0.0315 30.1493 0.0 113.135 62.6724 301.484 628.387 626.20 6.663
2007 04 06 03 56 38 KAGO 37.3777 -24.6318 4.3 0.6823 30.4606 0.0 112.31 62.4202 298.703 623.913 624.48 6.683
2007 04 06 03 56 38 KINY 37.3777 -24.6318 4.3 0.5107 30.1262 0.0 112.707 62.2895 298.444 622.778 623.62 6.693
2007 04 06 03 56 38 KABG 37.3777 -24.6318 4.3 0.6309 30.6498 0.0 112.208 62.5942 307.593 633.969 625.65 6.669
2007 04 06 03 56 38 MIRA 37.3777 -24.6318 4.3 0.6585 30.5689 0.0 112.247 62.516 309.754 635.607 625.12 6.675
2007 04 06 03 56 38 KISA 37.3777 -24.6318 4.3 0.5938 30.7424 0.0 112.168 62.6874 302.538 629.537 626.27 6.662
2007 04 06 03 56 38 KMTW 37.3777 -24.6318 4.3 0.7425 30.3844 0.0 112.318 62.3236 311.033 635.596 623.84 6.690
2007 04 08 07 09 12 KASS 37.348 -24.5125 9.1 0.5757 30.31 0.0 112.589 62.2818 299.384 622.891 622.79 6.692
2007 04 08 07 09 12 RUBO 37.348 -24.5125 9.1 0.3429 30.0384 0.0 112.99 62.2391 299.953 623.175 622.52 6.695
2007 04 08 07 09 12 KARA 37.348 -24.5125 9.1 0.0845 29.8952 0.0 113.312 62.3088 313.332 637.024 623.00 6.690
2007 04 08 07 09 12 KAS2 37.348 -24.5125 9.1 -0.0315 30.1493 0.0 113.212 62.5733 312.292 637.758 624.77 6.669
2007 04 08 07 09 12 KAGO 37.348 -24.5125 9.1 0.6823 30.4606 0.0 112.386 62.321 308.889 632.659 623.05 6.689
2007 04 08 07 09 12 KINY 37.348 -24.5125 9.1 0.5107 30.1262 0.0 112.784 62.1904 300.525 623.419 622.19 6.699
2007 04 08 07 09 12 NYAN 37.348 -24.5125 9.1 0.206 30.4474 0.0 112.789 62.6317 310.644 636.498 625.14 6.665
2007 04 08 07 09 12 KABG 37.348 -24.5125 9.1 0.6309 30.6498 0.0 112.285 62.495 303.121 628.057 624.21 6.676
2007 04 08 07 09 12 MIRA 37.348 -24.5125 9.1 0.6585 30.5689 0.0 112.323 62.4168 303.789 628.202 623.69 6.682
2007 04 08 07 09 12 KISA 37.348 -24.5125 9.1 0.5938 30.7424 0.0 112.245 62.5882 303.154 628.715 624.83 6.669
2007 04 08 07 09 12 KMTW 37.348 -24.5125 9.1 0.7425 30.3844 0.0 112.395 62.2245 310.148 633.269 622.40 6.697
2007 04 08 07 09 12 KARU 37.348 -24.5125 9.1 0.7893 30.2208 0.0 112.481 62.0725 305.543 627.643 621.38 6.708
2007 04 08 09 51 33 KASS 2.9207 95.6909 31.2 0.5757 30.31 0.0 269.299 65.384 310.858 651.692 639.41 6.471
2007 04 08 09 51 33 RUBO 2.9207 95.6909 31.2 0.3429 30.0384 0.0 269.061 65.6673 303.586 646.253 641.24 6.450
2007 04 08 09 51 33 KARA 2.9207 95.6909 31.2 0.0845 29.8952 0.0 268.789 65.8241 303.467 647.147 642.25 6.439
2007 04 08 09 51 33 KAS2 2.9207 95.6909 31.2 -0.0315 30.1493 0.0 268.647 65.5767 308.839 650.92 640.66 6.456
2007 04 08 09 51 33 KAGO 2.9207 95.6909 31.2 0.6823 30.4606 0.0 269.407 65.2283 308.416 648.238 638.40 6.483
2007 04 08 09 51 33 KABG 2.9207 95.6909 31.2 0.6309 30.6498 0.0 269.341 65.0419 305.974 644.584 637.19 6.497
2007 04 08 09 51 33 MIRA 2.9207 95.6909 31.2 0.6585 30.5689 0.0 269.375 65.1213 307.395 646.523 637.70 6.491
2007 04 08 09 51 33 KISA 2.9207 95.6909 31.2 0.5938 30.7424 0.0 269.295 64.9513 298.758 636.779 636.60 6.503
2007 04 08 09 51 33 KMTW 2.9207 95.6909 31.2 0.7425 30.3844 0.0 269.477 65.3014 302.355 642.652 638.87 6.477
2007 04 08 09 51 33 KARU 2.9207 95.6909 31.2 0.7893 30.2208 0.0 269.537 65.4624 299.068 640.409 639.91 6.465
2007 04 29 14 02 31 RUBO -60.9376 -20.369 10.0 0.3429 30.0384 0.0 54.0377 72.1826 300.354 686.362 685.57 5.976
2007 04 29 14 02 31 KAS2 -60.9376 -20.369 10.0 -0.0315 30.1493 0.0 54.2996 71.885 301.956 686.176 683.77 5.999
2007 04 29 14 02 31 KINY -60.9376 -20.369 10.0 0.5107 30.1262 0.0 54.0532 72.3704 312.503 699.635 686.69 5.962
2007 04 29 14 02 31 MIRA -60.9376 -20.369 10.0 0.6585 30.5689 0.0 54.4184 72.6806 311.493 700.476 688.54 5.940
2007 04 29 14 02 31 KISA -60.9376 -20.369 10.0 0.5938 30.7424 0.0 54.6119 72.6906 303.242 692.283 688.60 5.940
2007 04 29 14 02 31 KMTW -60.9376 -20.369 10.0 0.7425 30.3844 0.0 54.2063 72.684 302.463 691.467 688.57 5.940
2007 04 29 14 02 31 KABE -60.9376 -20.369 10.0 0.8687 30.4739 0.0 54.2403 72.8345 307.072 696.971 689.47 5.929
2007 05 05 12 06 40 SEML -1.3491 -15.0475 10.0 0.9091 30.3557 0.0 87.4126 45.4553 298.447 498.672 499.15 7.924
2007 05 05 12 06 40 KASS -1.3491 -15.0475 10.0 0.5757 30.31 0.0 87.8741 45.3946 298.018 497.761 498.66 7.928
2007 05 05 12 06 40 RUBO -1.3491 -15.0475 10.0 0.3429 30.0384 0.0 88.1838 45.1138 299.293 496.802 496.43 7.949
2007 05 05 12 06 40 KARA -1.3491 -15.0475 10.0 0.0845 29.8952 0.0 88.5389 44.9612 305.813 502.106 495.22 7.960
2007 05 05 12 06 40 KAS2 -1.3491 -15.0475 10.0 -0.0315 30.1493 0.0 88.7135 45.2113 300.661 498.947 497.21 7.942
2007 05 05 12 06 40 KINY -1.3491 -15.0475 10.0 0.5107 30.1262 0.0 87.954 45.2082 301.391 499.651 497.19 7.942
2007 05 05 12 06 40 NYAN -1.3491 -15.0475 10.0 0.206 30.4474 0.0 88.3966 45.5174 301.076 501.794 499.64 7.919
2007 05 05 12 06 40 KISA -1.3491 -15.0475 10.0 0.5938 30.7424 0.0 87.8748 45.8273 310.718 513.892 502.09 7.897
2007 05 05 12 06 40 KMTW -1.3491 -15.0475 10.0 0.7425 30.3844 0.0 87.6464 45.4762 311.479 511.87 499.31 7.922
2007 05 05 12 06 40 KABE -1.3491 -15.0475 10.0 0.8687 30.4739 0.0 87.4767 45.5714 298.235 499.382 500.07 7.915
2007 05 05 12 06 40 KARU -1.3491 -15.0475 10.0 0.7893 30.2208 0.0 87.5706 45.3149 294.63 493.739 498.03 7.934
2007 05 05 13 46 08 KASS -0.48 100.34 10.0 0.5757 30.31 0.0 270.782 70.0368 296.451 669.902 671.97 6.141
2007 05 05 13 46 08 KABG -0.48 100.34 10.0 0.6309 30.6498 0.0 270.845 69.6978 299.763 671.126 669.89 6.164
2007 05 06 08 51 10 SEML 34.2694 82.0337 14.2 0.9091 30.3557 0.0 246.908 58.5139 307.713 604.612 596.21 6.965
2007 05 06 08 51 10 KASS 34.2694 82.0337 14.2 0.5757 30.31 0.0 246.648 58.7635 310.469 609.111 597.97 6.949
2007 05 06 08 51 10 NYAN 34.2694 82.0337 14.2 0.206 30.4474 0.0 246.217 58.8983 312.602 612.185 598.92 6.939
2007 05 06 08 51 10 MIRA 34.2694 82.0337 14.2 0.6585 30.5689 0.0 246.524 58.5133 300.602 597.497 596.22 6.965
2007 05 06 08 51 10 KISA 34.2694 82.0337 14.2 0.5938 30.7424 0.0 246.334 58.4235 309.428 605.696 595.60 6.969
2007 05 17 08 56 04 SEML 20.5752 100.758 1.3 0.9091 30.3557 0.0 263.796 71.3524 307.193 690.013 681.48 6.046
2007 05 17 08 56 04 KASS 20.5752 100.758 1.3 0.5757 30.31 0.0 263.488 71.5156 303.018 686.826 682.48 6.034
2007 05 17 08 56 04 RUBO 20.5752 100.758 1.3 0.3429 30.0384 0.0 263.366 71.8529 307.1 692.943 684.51 6.009
2007 05 17 08 56 04 KARA 20.5752 100.758 1.3 0.0845 29.8952 0.0 263.169 72.0802 300.103 687.312 685.88 5.992
2007 05 17 08 56 04 KAGO 20.5752 100.758 1.3 0.6823 30.4606 0.0 263.534 71.3368 303.149 685.876 681.39 6.047
2007 05 17 08 56 04 KINY 20.5752 100.758 1.3 0.5107 30.1262 0.0 263.495 71.7103 303.162 688.145 683.65 6.020
2007 05 17 08 56 04 NYAN 20.5752 100.758 1.3 0.206 30.4474 0.0 263.074 71.5222 313.668 697.518 682.53 6.034
2007 05 17 08 56 04 KABG 20.5752 100.758 1.3 0.6309 30.6498 0.0 263.411 71.1793 300.67 682.443 680.44 6.057
2007 05 17 08 56 04 KISA 20.5752 100.758 1.3 0.5938 30.7424 0.0 263.339 71.1066 301.39 682.722 680.00 6.062
2007 05 17 08 56 04 KMTW 20.5752 100.758 1.3 0.7425 30.3844 0.0 263.622 71.3859 298.599 681.623 681.69 6.044
2007 05 17 08 56 04 KABE 20.5752 100.758 1.3 0.8687 30.4739 0.0 263.711 71.2569 305.49 687.732 680.90 6.053
2007 05 17 08 56 04 KARU 20.5752 100.758 1.3 0.7893 30.2208 0.0 263.73 71.5214 312.329 696.171 682.50 6.034
2007 06 03 21 34 40 KASS 23.0653 101.024 11.6 0.5757 30.31 0.0 262.786 72.057 299.694 685.056 684.06 5.991
2007 06 03 21 34 40 RUBO 23.0653 101.024 11.6 0.3429 30.0384 0.0 262.68 72.3991 301.582 688.992 686.11 5.965
2007 06 03 21 34 40 KARA 23.0653 101.024 11.6 0.0845 29.8952 0.0 262.495 72.6344 300.569 689.384 687.52 5.949
2007 06 03 21 34 40 MIRA 23.0653 101.024 11.6 0.6585 30.5689 0.0 262.754 71.787 301.156 684.895 682.44 6.012
2007 06 03 21 34 40 RUGA 23.0653 101.024 11.6 -0.2552 30.1026 0.0 262.084 72.583 298.558 687.068 687.23 5.953
2007 06 25 00 25 01 SEML -55.6106 -2.4337 10.0 0.9091 30.3557 0.0 37.6803 62.3573 302.585 626.291 623.68 6.680
2007 06 25 00 25 01 KASS -55.6106 -2.4337 10.0 0.5757 30.31 0.0 37.7619 62.0309 304.872 626.383 621.48 6.705
2007 06 25 00 25 01 RWEB -55.6106 -2.4337 10.0 0.3206 30.492 0.0 38.0552 61.8568 306.244 626.58 620.30 6.718
2007 06 25 00 25 01 KINY -55.6106 -2.4337 10.0 0.5107 30.1262 0.0 37.5919 61.9066 301.704 622.378 620.65 6.714
2007 06 25 00 25 01 KISA -55.6106 -2.4337 10.0 0.5938 30.7424 0.0 38.2131 62.1987 314.864 637.503 622.60 6.692
2007 06 25 00 25 01 KMTW -55.6106 -2.4337 10.0 0.7425 30.3844 0.0 37.7756 62.2121 301.328 624.059 622.70 6.691
2007 06 25 00 25 01 KABE -55.6106 -2.4337 10.0 0.8687 30.4739 0.0 37.8212 62.3607 304.865 628.594 623.70 6.680
2007 06 25 00 25 01 KARU -55.6106 -2.4337 10.0 0.7893 30.2208 0.0 37.584 62.1989 303.137 625.78 622.62 6.692
2007 06 27 22 23 01 SEML -10.4979 108.214 18.2 0.9091 30.3557 0.0 273.137 78.2302 303.664 723.616 718.49 5.536
2007 06 27 22 23 01 KASS -10.4979 108.214 18.2 0.5757 30.31 0.0 272.796 78.2129 302.944 722.8 718.39 5.538
2007 06 27 22 23 01 KARA -10.4979 108.214 18.2 0.0845 29.8952 0.0 272.228 78.5297 305.145 726.75 720.14 5.513
2007 06 27 22 23 01 KAS2 -10.4979 108.214 18.2 -0.0315 30.1493 0.0 272.16 78.2587 303.356 723.464 718.64 5.534
2007 06 27 22 23 01 KAGO -10.4979 108.214 18.2 0.6823 30.4606 0.0 272.931 78.0848 302.263 721.41 717.69 5.548
2007 06 27 22 23 01 KMTW -10.4979 108.214 18.2 0.7425 30.3844 0.0 272.976 78.1709 302.724 722.348 718.16 5.541
2007 06 27 22 23 01 KABE -10.4979 108.214 18.2 0.8687 30.4739 0.0 273.119 78.1066 302.433 721.701 717.81 5.546
2007 06 27 22 23 01 RUGA -10.4979 108.214 18.2 -0.2552 30.1026 0.0 271.928 78.2637 303.616 723.751 718.66 5.534
2007 06 27 22 23 01 KARU -10.4979 108.214 18.2 0.7893 30.2208 0.0 272.992 78.3403 303.634 724.195 719.10 5.528
2007 07 04 08 25 46 RWEB 0.72 -30.2614 10.0 0.3206 30.492 0.0 90.0355 60.7518 300.943 614.152 611.85 6.812
2007 07 04 08 25 46 KARA 0.72 -30.2614 10.0 0.0845 29.8952 0.0 90.3135 60.158 297.732 606.873 607.79 6.856
2007 07 04 08 25 46 KISA 0.72 -30.2614 10.0 0.5938 30.7424 0.0 89.722 60.9995 313.54 628.438 613.54 6.794
2007 07 04 08 25 46 KABE 0.72 -30.2614 10.0 0.8687 30.4739 0.0 89.4116 60.7291 301.673 614.727 611.70 6.814
2007 07 04 08 25 46 RUGA 0.72 -30.2614 10.0 -0.2552 30.1026 0.0 90.6984 60.3705 310.23 620.83 609.25 6.840
2007 07 04 08 25 46 KARU 0.72 -30.2614 10.0 0.7893 30.2208 0.0 89.504 60.4765 306.083 617.409 609.97 6.833
2007 07 26 23 36 59 KABG 7.0991 92.5074 27.7 0.6309 30.6498 0.0 266.946 62.0039 302.411 621.399 617.63 6.713
2007 08 01 22 54 58 KISA -0.1853 -17.7754 17.6 0.5938 30.7424 0.0 89.05 48.5233 298.044 521.096 521.92 7.701
2007 08 09 17 04 49 KASS -5.8913 107.451 295.8 0.5757 30.31 0.0 271.916 77.2699 294.252 677.618 681.90 5.521
2007 08 09 17 04 49 RUBO -5.8913 107.451 295.8 0.3429 30.0384 0.0 271.651 77.5154 293.513 678.231 683.25 5.504
2007 08 09 17 04 49 KARA -5.8913 107.451 295.8 0.0845 29.8952 0.0 271.374 77.6308 297.734 683.086 683.88 5.496
2007 08 09 17 04 49 KINY -5.8913 107.451 295.8 0.5107 30.1262 0.0 271.831 77.4457 307.169 691.503 682.87 5.508
2007 08 09 17 04 49 KABG -5.8913 107.451 295.8 0.6309 30.6498 0.0 272.01 76.9379 312.425 693.955 680.06 5.546
2007 08 09 17 04 49 MIRA -5.8913 107.451 295.8 0.6585 30.5689 0.0 272.029 77.0213 301.606 683.597 680.52 5.540
2007 08 09 17 04 49 KISA -5.8913 107.451 295.8 0.5938 30.7424 0.0 271.982 76.8419 292.141 673.138 679.53 5.553
2007 08 09 17 04 49 KMTW -5.8913 107.451 295.8 0.7425 30.3844 0.0 272.093 77.2137 302.578 685.634 681.59 5.525
2007 08 09 17 04 49 KABE -5.8913 107.451 295.8 0.8687 30.4739 0.0 272.231 77.1382 309.446 692.085 681.17 5.531
2007 08 09 17 04 49 KARU -5.8913 107.451 295.8 0.7893 30.2208 0.0 272.123 77.3813 300.431 684.411 682.51 5.512
2007 08 09 17 04 56 KARA -6.089 107.584 293.8 0.0845 29.8952 0.0 271.403 77.7674 301.425 687.734 684.84 5.487
2007 08 09 17 04 56 KAGO -6.089 107.584 293.8 0.6823 30.4606 0.0 272.071 77.2703 309.706 693.281 682.11 5.521
2007 08 09 17 04 56 MIRA -6.089 107.584 293.8 0.6585 30.5689 0.0 272.059 77.1601 303.002 685.969 681.50 5.530
2007 08 09 17 04 56 KABE -6.089 107.584 293.8 0.8687 30.4739 0.0 272.261 77.2777 309.509 693.126 682.15 5.521
2007 08 21 22 42 26 KINY 8.1252 -39.2485 0.7 0.5107 30.1262 0.0 92.4897 69.513 297.067 668.794 670.27 6.180
2007 08 21 22 42 26 KABG 8.1252 -39.2485 0.7 0.6309 30.6498 0.0 92.2823 70.0135 307.109 681.923 673.36 6.144
2007 08 21 22 42 26 MWEY 8.1252 -39.2485 0.7 -0.1905 29.8996 0.0 93.2613 69.3926 299.547 670.529 669.54 6.189
2007 08 21 22 42 26 MIRA 8.1252 -39.2485 0.7 0.6585 30.5689 0.0 92.266 69.9295 303.494 677.791 672.84 6.150
2007 09 13 11 10 26 KASS -4.4637 101.396 35.5 0.5757 30.31 0.0 272.12 71.1923 310.559 687.212 675.18 6.050
2007 09 13 11 10 26 RUBO -4.4637 101.396 35.5 0.3429 30.0384 0.0 271.852 71.4435 307.106 685.277 676.69 6.032
2007 09 13 11 10 26 KAGO -4.4637 101.396 35.5 0.6823 30.4606 0.0 272.245 71.0513 312.598 688.396 674.33 6.059
2007 09 13 11 10 26 KISA -4.4637 101.396 35.5 0.5938 30.7424 0.0 272.177 70.7631 308.393 682.44 672.58 6.081
2007 09 13 11 10 26 RUGA -4.4637 101.396 35.5 -0.2552 30.1026 0.0 271.233 71.3309 311.363 688.854 676.01 6.040
2007 09 13 11 10 26 KARU -4.4637 101.396 35.5 0.7893 30.2208 0.0 272.335 71.2994 313.506 690.807 675.83 6.043
2007 09 13 23 48 48 RUBO -2.6161 100.726 36.0 0.3429 30.0384 0.0 271.271 70.7251 303.275 677.036 672.28 6.083
2007 09 13 23 48 48 KINY -2.6161 100.726 36.0 0.5107 30.1262 0.0 271.452 70.6458 303.498 676.777 671.80 6.089
2007 09 13 23 48 48 MWEY -2.6161 100.726 36.0 -0.1905 29.8996 0.0 270.703 70.838 301.486 675.935 672.97 6.075
2007 09 13 23 48 48 KARU -2.6161 100.726 36.0 0.7893 30.2208 0.0 271.75 70.5658 308.995 681.786 671.31 6.096
2007 09 14 02 29 32 KASS -1.6708 99.5879 24.8 0.5757 30.31 0.0 271.239 69.3058 305.758 672.375 665.15 6.190
2007 09 14 02 29 32 RUBO -1.6708 99.5879 24.8 0.3429 30.0384 0.0 270.982 69.5694 309.216 677.465 666.78 6.170
2007 09 14 02 29 32 KINY -1.6708 99.5879 24.8 0.5107 30.1262 0.0 271.163 69.4872 307.581 675.322 666.27 6.176
2007 09 14 02 29 32 KISA -1.6708 99.5879 24.8 0.5938 30.7424 0.0 271.274 68.8743 310.246 674.182 662.47 6.221
2007 09 14 02 29 32 RUGA -1.6708 99.5879 24.8 -0.2552 30.1026 0.0 270.35 69.4867 305.786 673.523 666.26 6.176
2007 09 14 03 35 27 KASS -2.1573 99.5731 20.0 0.5757 30.31 0.0 271.422 69.3022 301.268 668.551 665.81 6.191
2007 09 14 03 35 27 KAGO -2.1573 99.5731 20.0 0.6823 30.4606 0.0 271.542 69.1564 306.976 673.355 664.91 6.202
2007 09 14 03 35 27 KISA -2.1573 99.5731 20.0 0.5938 30.7424 0.0 271.461 68.871 313.262 677.865 663.14 6.222
2007 09 14 03 35 27 KMTW -2.1573 99.5731 20.0 0.7425 30.3844 0.0 271.602 69.2352 308.859 675.727 665.40 6.196
2007 09 14 03 35 27 KABE -2.1573 99.5731 20.0 0.8687 30.4739 0.0 271.741 69.1515 297.199 663.547 664.88 6.202
2007 09 14 03 35 27 RUGA -2.1573 99.5731 20.0 -0.2552 30.1026 0.0 270.532 69.4756 298.397 666.753 666.88 6.178
2007 09 14 03 35 27 KARU -2.1573 99.5731 20.0 0.7893 30.2208 0.0 271.644 69.4007 303.517 671.41 666.42 6.184
2007 09 14 16 09 09 KASS -3.2096 101.365 50.9 0.5757 30.31 0.0 271.697 71.1203 311.297 685.795 673.02 6.050
2007 09 14 16 09 09 RUBO -3.2096 101.365 50.9 0.3429 30.0384 0.0 271.436 71.3772 304.758 680.809 674.57 6.032
2007 09 14 16 09 09 KAGO -3.2096 101.365 50.9 0.6823 30.4606 0.0 271.819 70.9767 306.829 680.456 672.15 6.060
2007 09 14 16 09 09 KISA -3.2096 101.365 50.9 0.5938 30.7424 0.0 271.744 70.6899 308.448 680.333 670.41 6.081
2007 09 14 16 09 09 KMTW -3.2096 101.365 50.9 0.7425 30.3844 0.0 271.877 71.0565 311.595 685.707 672.63 6.055
2007 09 14 16 09 09 KABE -3.2096 101.365 50.9 0.8687 30.4739 0.0 272.015 70.9751 301.53 675.148 672.14 6.060
2007 09 14 16 09 09 KARU -3.2096 101.365 50.9 0.7893 30.2208 0.0 271.915 71.2227 301.821 676.939 673.64 6.043
2007 09 15 06 01 06 RUBO -4.1551 101.1 32.9 0.3429 30.0384 0.0 271.774 71.1384 297.637 674.322 675.21 6.054
2007 09 15 06 01 06 KAS2 -4.1551 101.1 32.9 -0.0315 30.1493 0.0 271.391 70.9992 299.288 675.128 674.36 6.064
2007 09 15 06 01 06 KINY -4.1551 101.1 32.9 0.5107 30.1262 0.0 271.957 71.064 299.507 675.741 674.76 6.059
2007 09 15 06 01 06 MIRA -4.1551 101.1 32.9 0.6585 30.5689 0.0 272.149 70.6344 306.787 680.409 672.15 6.091
2007 09 15 06 01 06 KISA -4.1551 101.1 32.9 0.5938 30.7424 0.0 272.096 70.4564 303.061 675.595 671.07 6.105
2007 09 15 06 01 06 RUGA -4.1551 101.1 32.9 -0.2552 30.1026 0.0 271.153 71.0291 303.338 679.359 674.54 6.062
2007 09 15 06 01 06 KARU -4.1551 101.1 32.9 0.7893 30.2208 0.0 272.256 70.9919 299.458 675.254 674.33 6.064
2007 09 20 07 27 51 KMTW -2.7753 100.83 38.4 0.7425 30.3844 0.0 271.76 70.5088 311.405 683.58 670.70 6.099
2007 09 20 07 27 51 KABE -2.7753 100.83 38.4 0.8687 30.4739 0.0 271.898 70.4264 304.516 676.188 670.20 6.105
2007 09 21 08 31 02 RUBO -2.0214 100.059 30.9 0.3429 30.0384 0.0 271.092 70.0466 310.214 680.528 668.84 6.135
2007 09 21 08 31 02 KMTW -2.0214 100.059 30.9 0.7425 30.3844 0.0 271.529 69.7171 303.499 671.784 666.81 6.157
2007 09 21 08 31 02 KABE -2.0214 100.059 30.9 0.8687 30.4739 0.0 271.667 69.6331 312.46 680.226 666.29 6.164
2008 03 30 17 30 50 BWRA 2.928 95.2771 24.3 0.0339 29.7663 0.0 268.713 65.5425 300.001 642.844 641.42 6.461
2008 04 15 09 45 15 BWRA -56.0769 -28.0966 112.3 0.0339 29.7663 0.0 62.4999 72.6772 299.259 675.799 675.96 5.911
2008 04 29 15 57 48 BWRA -58.8452 -24.8411 10.0 0.0339 29.7663 0.0 58.7307 72.5057 304.178 692.132 687.44 5.954
2008 04 29 15 57 48 KILE -58.8452 -24.8411 10.0 0.2057 30.008 0.0 58.878 72.766 301.908 691.413 688.99 5.935
2008 05 13 06 27 59 JACA 31.0636 103.372 7.6 -0.2834 30.0405 0.0 261.014 75.9 298.548 706.998 707.27 5.705
2008 05 13 06 27 59 BWRA 31.0636 103.372 7.6 0.0339 29.7663 0.0 261.439 75.9655 297.87 706.692 707.63 5.700
2008 05 13 06 27 59 KILE 31.0636 103.372 7.6 0.2057 30.008 0.0 261.457 75.6701 297.332 704.465 705.94 5.723
2008 05 13 11 11 02 BWRA 31.2384 103.627 11.5 0.0339 29.7663 0.0 261.536 76.2077 301.937 711.495 708.36 5.683
2008 05 20 14 26 45 JACA 1.6754 99.0534 14.8 -0.2834 30.0405 0.0 269.06 69.0312 301.539 667.988 664.98 6.212
2008 05 20 14 26 45 BWRA 1.6754 99.0534 14.8 0.0339 29.7663 0.0 269.407 69.2952 301.917 670.005 666.62 6.193
2008 05 20 14 26 45 KILE 1.6754 99.0534 14.8 0.2057 30.008 0.0 269.581 69.0484 300.589 667.145 665.09 6.211
2008 05 24 19 35 35 JACA 7.3593 -34.891 10.0 -0.2834 30.0405 0.0 93.7134 65.189 300.692 643.468 641.38 6.491
2008 05 24 19 35 35 BWRA 7.3593 -34.891 10.0 0.0339 29.7663 0.0 93.412 64.873 302.316 643.033 639.32 6.515
2008 05 24 19 35 35 KILE 7.3593 -34.891 10.0 0.2057 30.008 0.0 93.1883 65.0885 300.934 643.055 640.72 6.499
2008 05 26 08 21 48 JACA 32.6031 105.377 14.0 -0.2834 30.0405 0.0 261.772 77.8176 300.397 718.588 717.01 5.567
2008 05 26 08 21 48 BWRA 32.6031 105.377 14.0 0.0339 29.7663 0.0 262.196 77.8738 300.629 719.131 717.31 5.563
2008 05 26 08 21 48 KILE 32.6031 105.377 14.0 0.2057 30.008 0.0 262.206 77.5781 299.869 716.722 715.66 5.586
2008 05 30 15 45 59 JACA 63.9564 -20.9875 10.0 -0.2834 30.0405 0.0 126.08 74.1436 298.819 696.393 697.11 5.833
2008 05 30 15 45 59 BWRA 63.9564 -20.9875 10.0 0.0339 29.7663 0.0 126.23 73.7514 298.723 693.997 694.80 5.862
2008 05 30 15 45 59 KILE 63.9564 -20.9875 10.0 0.2057 30.008 0.0 125.931 73.6782 300.085 694.928 694.36 5.868
2008 06 01 04 37 53 JACA -41.2531 80.4853 0.5 -0.2834 30.0405 0.0 298.269 61.0935 304.177 621.008 616.31 6.782
2008 06 01 04 37 53 BWRA -41.2531 80.4853 0.5 0.0339 29.7663 0.0 298.274 61.5113 302.318 621.986 619.15 6.751
2008 06 01 04 37 53 KILE -41.2531 80.4853 0.5 0.2057 30.008 0.0 298.609 61.4788 299.688 619.136 618.94 6.753
2008 06 09 12 25 28 JACA 37.9608 21.4486 15.8 -0.2834 30.0405 0.0 166.229 38.8729 298.894 444.284 446.09 8.369
2008 06 09 12 25 28 BWRA 37.9608 21.4486 15.8 0.0339 29.7663 0.0 166.566 38.5122 299.642 442.001 443.05 8.393
2008 06 09 12 25 28 KILE 37.9608 21.4486 15.8 0.2057 30.008 0.0 166.133 38.3897 298.59 439.915 442.01 8.401
