2012 10 17 04 42 31.60 AKWI 4.179 124.561 338.4 1.0368 36.31 0.871 270.901 88.1813 300.837 733.777 733.15 4.680
2012 11 02 18 17 34.680 AKWI 9.235 126.281 55.5 1.0368 36.31 0.871 271.012 89.8072 301.887 773.207 772.52 4.643
2012 11 11 01 12 39.150 AKWI 22.89 95.848 14.2 1.0368 36.31 0.871 258.237 61.6802 301.089 617.939 617.63 6.740
2012 12 11 06 18 28.980 AKWI 0.56 126.223 43.8 1.0368 36.31 0.871 271.029 89.903 302.924 775.944 774.34 4.643
2012 12 17 09 16 31.250 AKWI -0.693 123.883 46.4 1.0368 36.31 0.871 271.06 87.586 304.033 766.783 763.11 4.809
2013 01 28 16 38 53.840 AKWI 42.582 79.721 14.3 1.0368 36.31 0.871 235.265 56.7318 300.659 582.824 583.93 7.095
2013 02 16 04 37 37.320 AKWI 5.778 125.779 116.4 1.0368 36.31 0.871 270.972 89.3688 301.236 763.921 763.37 4.650
2013 03 19 03 29 02.700 AKWI -58.981 -24.569 52 1.0368 36.31 0.871 64.0241 76.3137 303.189 705.494 703.78 5.663
2013 03 27 02 03 19.940 AKWI 23.881 121.135 18.6 1.0368 36.31 0.871 268.858 84.8486 301.377 753.442 753.40 5.035
2013 04 09 11 52 50.190 AKWI 28.446 51.629 12.8 1.0368 36.31 0.871 210.914 30.9415 302.301 378.116 377.79 8.818
2013 04 16 10 44 19.30 AKWI 27.97 62.136 63.1 1.0368 36.31 0.871 227.154 36.4469 302.55 420.525 419.53 8.511
2013 04 20 00 02 47.980 AKWI 30.268 103.02 18 1.0368 36.31 0.871 258.748 69.45 302.161 668.186 667.23 6.179
2011 05 14 21 07 21.810 ANR 36.425 70.723 207.6 -0.18225 36.2446 2.73 229.128 48.4719 302.903 503.098 502.51 7.611
2011 07 11 20 47 04.890 ANR 9.527 122.245 21.6 -0.18225 36.2446 2.73 269.162 86.0848 301.426 759.536 759.10 4.933
2011 07 19 19 35 43.380 ANR 40.156 71.501 19.5 -0.18225 36.2446 2.73 227.608 51.4051 302.713 545.333 544.47 7.481
2012 09 14 04 51 48.60 ANR -3.3 100.67 23.3 -0.18225 36.2446 2.73 271.367 64.4589 302.303 636.243 634.51 6.541
2012 10 17 04 42 31.60 ANR 4.179 124.561 338.4 -0.18225 36.2446 2.73 269.697 88.3339 302.477 735.417 733.87 4.668
2012 11 11 01 12 39.150 ANR 22.89 95.848 14.2 -0.18225 36.2446 2.73 257.034 62.2648 301.212 622.062 621.61 6.695
2013 06 02 05 43 03.800 ANR 23.831 121.059 17 -0.18225 36.2446 2.73 267.746 85.3254 306.681 761.881 756.09 4.997
2013 06 13 16 47 25.800 ANR -9.951 107.302 20.6 -0.18225 36.2446 2.73 273.184 71.3164 302.751 679.951 678.07 6.045
2013 06 15 16 11 02.90 ANR 34.45 25.044 21.5 -0.18225 36.2446 2.73 160.71 36.015 302.686 421.596 420.95 8.551
2013 06 16 21 39 06.600 ANR 34.424 25.186 25 -0.18225 36.2446 2.73 160.931 35.9519 302.03 419.43 419.95 8.554
2013 06 24 22 04 14.180 ANR 10.69 -42.668 17.5 -0.18225 36.2446 2.73 92.2494 79.1389 302.037 724.857 723.60 5.471
2013 07 02 07 37 05.90 ANR 4.69 96.582 25.4 -0.18225 36.2446 2.73 267.144 60.4622 304.424 611.334 607.52 6.829
2013 07 06 05 05 06.960 ANR -3.294 100.531 26.1 -0.18225 36.2446 2.73 271.374 64.32 303.973 636.013 633.21 6.550
2013 07 15 14 03 41.730 ANR -61.052 -25.227 19.9 -0.18225 36.2446 2.73 64.6775 76.4018 301.899 708.169 708.33 5.666
2013 07 21 23 45 55.920 ANR 34.504 104.26 5.1 -0.18225 36.2446 2.73 257.022 72.0984 301.699 685.779 685.53 5.988
2013 07 22 07 01 41.750 ANR -46.094 34.861 3.2 -0.18225 36.2446 2.73 1.93223 45.7369 302.219 503.469 503.95 7.893
2013 11 03 11 03 40.460 ANR 4.641 123.4 556.8 -0.18225 36.2446 2.73 269.591 87.1792 302.06 708.6 707.34 4.680
2013 11 16 03 34 34.790 ANR -60.307 -47.199 24 -0.18225 36.2446 2.73 84.3977 86.5839 303.049 763.259 761.27 4.891
2013 11 17 09 04 56.260 ANR -60.378 -46.587 7.9 -0.18225 36.2446 2.73 83.8604 86.2884 302.293 764.033 762.43 4.917
2013 12 01 06 29 58.320 ANR 2.017 96.848 21.6 -0.18225 36.2446 2.73 268.664 60.6305 303.276 611.956 609.19 6.818
2011 03 20 08 26 11.110 BHT 19.074 121.306 39.9 -0.14386 36.1573 2.118 268.285 85.459 302.228 755.118 753.47 4.980
2011 03 24 13 55 13.390 BHT 20.629 99.917 12.8 -0.14386 36.1573 2.118 260.06 65.5905 302.977 645.587 643.65 6.458
2011 04 01 13 29 11.510 BHT 35.731 26.546 75.5 -0.14386 36.1573 2.118 163.815 36.7984 301.582 421.072 421.93 8.478
2011 04 03 20 06 43.260 BHT -9.734 107.769 31.9 -0.14386 36.1573 2.118 273.048 71.857 302.327 681.067 679.70 6.002
2011 04 24 23 07 54.700 BHT -4.48 122.864 28.3 -0.14386 36.1573 2.118 270.113 86.7056 302.986 763.286 761.15 4.882
2011 05 14 21 07 21.810 BHT 36.425 70.723 207.6 -0.14386 36.1573 2.118 229.251 48.495 301.862 502.052 502.68 7.610
2011 05 15 13 08 15.420 BHT 0.458 -25.608 18.9 -0.14386 36.1573 2.118 90.4065 61.7676 313.92 630.5 617.30 6.734
2011 07 11 20 47 04.890 BHT 9.527 122.245 21.6 -0.14386 36.1573 2.118 269.214 86.1646 302.062 760.177 759.49 4.926
2011 07 15 13 26 02.850 BHT -60.986 -23.662 8.6 -0.14386 36.1573 2.118 63.144 75.6842 304.6 708.755 706.13 5.718
2011 07 19 19 35 43.380 BHT 40.156 71.501 19.5 -0.14386 36.1573 2.118 227.728 51.4232 301.18 543.805 544.60 7.480
2012 07 25 00 27 45.820 BHT 2.625 96.11 28.6 -0.14386 36.1573 2.118 268.328 59.9947 307.759 609.944 603.86 6.862
2012 07 26 05 33 33.860 BHT -17.55 66.29 16.2 -0.14386 36.1573 2.118 297.094 34.3248 302.667 406.812 406.15 8.662
2012 08 11 12 23 17.670 BHT 38.402 46.838 8.7 -0.14386 36.1573 2.118 196.904 39.5976 303.086 453.421 453.21 8.321
2012 08 11 12 34 36.600 BHT 38.379 46.795 18.9 -0.14386 36.1573 2.118 196.847 39.5658 302.664 451.059 451.36 8.320
2012 08 12 10 47 07.390 BHT 35.652 82.541 14 -0.14386 36.1573 2.118 240.939 55.9194 300.739 577.354 578.09 7.157
2012 08 18 09 41 55.160 BHT -1.351 120.127 27.9 -0.14386 36.1573 2.118 269.998 83.968 301.002 747.847 747.55 5.102
2012 08 30 13 43 25.300 BHT 71.446 -11.034 11.1 -0.14386 36.1573 2.118 131.304 77.5741 301.035 716.735 716.42 5.582
2012 09 03 18 23 08.350 BHT -10.677 113.964 34.8 -0.14386 36.1573 2.118 272.134 77.9914 302.735 716.385 714.71 5.551
2012 09 14 04 51 48.60 BHT -3.3 100.67 23.3 -0.14386 36.1573 2.118 271.403 64.5485 300.3 635.24 635.10 6.535
2012 10 17 04 42 31.60 BHT 4.179 124.561 338.4 -0.14386 36.1573 2.118 269.742 88.4183 301.5 735.44 734.26 4.661
2012 11 11 01 12 39.150 BHT 22.89 95.848 14.2 -0.14386 36.1573 2.118 257.115 62.3266 301.362 622.212 622.02 6.690
2013 03 19 03 29 02.700 BHT -58.981 -24.569 52 -0.14386 36.1573 2.118 64.4491 75.2051 302.782 699.082 697.41 5.743
2013 03 27 02 03 19.940 BHT 23.881 121.135 18.6 -0.14386 36.1573 2.118 267.843 85.4614 301.024 756.084 756.50 4.985
2013 04 09 11 52 50.190 BHT 28.446 51.629 12.8 -0.14386 36.1573 2.118 210.171 32.0587 301.583 387.393 387.69 8.777
2013 04 16 10 44 19.30 BHT 27.97 62.136 63.1 -0.14386 36.1573 2.118 226.094 37.4434 301.166 428.136 428.05 8.446
2013 04 20 00 02 47.980 BHT 30.268 103.02 18 -0.14386 36.1573 2.118 257.776 70.2027 301.964 671.984 671.90 6.124
2013 05 11 02 08 11.290 BHT 26.658 57.843 15.1 -0.14386 36.1573 2.118 221.551 33.8549 304.295 405.005 402.82 8.686
2013 06 02 05 43 03.800 BHT 23.831 121.059 17 -0.14386 36.1573 2.118 267.816 85.3899 303.845 759.045 756.41 4.992
2013 06 13 16 47 25.800 BHT -9.951 107.302 20.6 -0.14386 36.1573 2.118 273.207 71.4092 302.68 679.88 678.63 6.038
2013 06 15 16 11 02.90 BHT 34.45 25.044 21.5 -0.14386 36.1573 2.118 160.835 35.9545 302.09 420 420.43 8.555
2013 06 16 21 39 06.600 BHT 34.424 25.186 25 -0.14386 36.1573 2.118 161.057 35.8917 301.473 417.873 419.43 8.557
2013 06 24 22 04 14.180 BHT 10.69 -42.668 17.5 -0.14386 36.1573 2.118 92.228 79.0459 300.942 723.762 723.09 5.478
2013 07 02 07 37 05.90 BHT 4.69 96.582 25.4 -0.14386 36.1573 2.118 267.198 60.5455 303.454 611.364 608.08 6.823
2013 07 06 05 05 06.960 BHT -3.294 100.531 26.1 -0.14386 36.1573 2.118 271.41 64.4096 302.16 634.2 633.79 6.544
2013 07 15 14 03 41.730 BHT -61.052 -25.227 19.9 -0.14386 36.1573 2.118 64.5795 76.3976 303.28 709.55 708.31 5.666
2013 08 17 16 32 31.830 BHT -34.886 54.127 10.9 -0.14386 36.1573 2.118 330.238 38.4267 301.918 442.088 442.88 8.402
2013 09 05 04 01 36.70 BHT 15.251 -45.213 10.4 -0.14386 36.1573 2.118 92.4112 81.7103 301.048 738.978 738.60 5.274
2013 09 06 11 33 54.790 BHT 20.186 122.333 189.4 -0.14386 36.1573 2.118 268.552 86.4572 301.548 741.758 741.17 4.857
2013 09 21 01 39 15.480 BHT -7.267 119.95 550.1 -0.14386 36.1573 2.118 270.64 83.8241 303.194 693.714 691.81 4.936
2013 09 24 11 29 48.230 BHT 26.91 65.531 15.5 -0.14386 36.1573 2.118 231.189 39.0117 302.952 447.722 446.58 8.365
2013 09 28 07 34 07.460 BHT 27.161 65.619 18.7 -0.14386 36.1573 2.118 231.05 39.2298 303.896 449.436 447.92 8.349
2013 10 04 17 26 14.250 BHT -38.707 78.5 11 -0.14386 36.1573 2.118 304.235 54.5604 300.838 568.588 568.89 7.255
2013 10 12 13 11 53.650 BHT 35.527 23.371 46.9 -0.14386 36.1573 2.118 158.65 37.4382 302.326 429.676 430.09 8.450
2013 10 15 00 12 33.250 BHT 9.833 124.123 23.2 -0.14386 36.1573 2.118 269.514 88.0195 302.221 769.971 768.26 4.781
2013 10 31 12 02 09.350 BHT 23.543 121.458 14.8 -0.14386 36.1573 2.118 267.999 85.745 300.897 758.547 758.54 4.961
2013 11 03 11 03 40.460 BHT 4.641 123.4 556.8 -0.14386 36.1573 2.118 269.636 87.2632 300.883 707.423 707.73 4.674
2013 11 13 23 45 48.200 BHT -60.309 -47.287 10 -0.14386 36.1573 2.118 84.3792 86.6176 302.605 765.405 763.69 4.891
2013 11 16 03 34 34.790 BHT -60.307 -47.199 24 -0.14386 36.1573 2.118 84.3027 86.5738 302.453 762.663 761.22 4.892
2013 11 17 09 04 56.260 BHT -60.378 -46.587 7.9 -0.14386 36.1573 2.118 83.7654 86.2785 301.563 763.303 762.39 4.918
2013 12 01 06 29 58.320 BHT 2.017 96.848 21.6 -0.14386 36.1573 2.118 268.712 60.7162 302.153 610.833 609.77 6.811
2012 04 11 08 38 37.800 BLS 2.237 93.014 26.3 -0.11447 36.1599 2.173 268.414 56.8876 306.517 587.722 582.51 7.087
2012 04 11 09 27 57.30 BLS 1.218 91.714 10 -0.11447 36.1599 2.173 269.032 55.5659 301.879 576.854 575.55 7.188
2012 04 11 10 43 10.530 BLS 0.767 92.428 21.6 -0.11447 36.1599 2.173 269.355 56.2734 304.991 582.466 578.80 7.135
2012 04 15 05 57 40.120 BLS 2.581 90.335 25 -0.11447 36.1599 2.173 268.011 54.2229 304.381 567.266 563.55 7.283
2012 04 17 19 03 57.120 BLS -59.187 -16.807 13.6 -0.11447 36.1599 2.173 57.1562 71.8359 300.372 682.257 682.86 6.002
2012 05 20 02 03 53.990 BLS 44.873 11.222 17.7 -0.11447 36.1599 2.173 146.582 49.9581 303.374 534.389 534.10 7.584
2012 05 24 22 47 46.470 BLS 73.027 5.505 8.2 -0.11447 36.1599 2.173 148.218 75.4766 301.636 705.171 705.12 5.732
2013 03 19 03 29 02.700 BLS -58.981 -24.569 52 -0.11447 36.1599 2.173 64.4374 75.2321 302.396 698.701 697.57 5.741
2013 03 27 02 03 19.940 BLS 23.881 121.135 18.6 -0.11447 36.1599 2.173 267.868 85.4472 302.83 757.895 756.43 4.987
2013 04 09 11 52 50.190 BLS 28.446 51.629 12.8 -0.11447 36.1599 2.173 210.191 32.0313 304.264 390.079 387.45 8.778
2013 04 16 10 44 19.30 BLS 27.97 62.136 63.1 -0.11447 36.1599 2.173 226.122 37.4193 305.588 431.563 427.84 8.448
2013 04 20 00 02 47.980 BLS 30.268 103.02 18 -0.11447 36.1599 2.173 257.801 70.1849 302.173 672.198 671.79 6.126
2013 05 11 02 08 11.290 BLS 26.658 57.843 15.1 -0.11447 36.1599 2.173 221.579 33.8299 307.06 407.775 402.60 8.688
2013 06 02 05 43 03.800 BLS 23.831 121.059 17 -0.11447 36.1599 2.173 267.842 85.3758 306.281 761.486 756.34 4.993
2013 06 13 16 47 25.800 BLS -9.951 107.302 20.6 -0.11447 36.1599 2.173 273.238 71.4119 301.907 679.112 678.65 6.038
2013 06 15 16 11 02.90 BLS 34.45 25.044 21.5 -0.11447 36.1599 2.173 160.818 35.9271 304.034 421.949 420.20 8.556
2013 06 16 21 39 06.600 BLS 34.424 25.186 25 -0.11447 36.1599 2.173 161.039 35.8643 303.092 419.497 419.20 8.559
2013 06 24 22 04 14.180 BLS 10.69 -42.668 17.5 -0.11447 36.1599 2.173 92.1983 79.043 300.749 723.574 723.07 5.478
2013 07 02 07 37 05.90 BLS 4.69 96.582 25.4 -0.11447 36.1599 2.173 267.231 60.5402 306.267 613.182 608.05 6.824
2013 07 06 05 05 06.960 BLS -3.294 100.531 26.1 -0.11447 36.1599 2.173 271.443 64.4088 305.373 637.418 633.79 6.544
2013 07 15 14 03 41.730 BLS -61.052 -25.227 19.9 -0.11447 36.1599 2.173 64.5687 76.425 301.709 708.984 708.46 5.664
2013 07 21 23 45 55.920 BLS 34.504 104.26 5.1 -0.11447 36.1599 2.173 257.132 72.1267 303.053 687.138 685.69 5.986
2013 07 22 07 01 41.750 BLS -46.094 34.861 3.2 -0.11447 36.1599 2.173 1.81182 45.8023 302.589 503.844 504.47 7.888
2013 07 26 21 33 00.60 BLS -58.035 -24.28 17 -0.11447 36.1599 2.173 64.4038 74.6855 301.242 699.187 699.01 5.791
2013 08 17 16 32 31.830 BLS -34.886 54.127 10.9 -0.11447 36.1599 2.173 330.261 38.4523 302.04 442.21 443.09 8.400
2013 09 05 04 01 36.70 BLS 15.251 -45.213 10.4 -0.11447 36.1599 2.173 92.382 81.7051 301.577 739.507 738.57 5.275
2013 09 06 11 33 54.790 BLS 20.186 122.333 189.4 -0.11447 36.1599 2.173 268.579 86.4447 304.149 744.359 741.11 4.858
2013 09 21 01 39 15.480 BLS -7.267 119.95 550.1 -0.11447 36.1599 2.173 270.67 83.8252 304.41 694.93 691.82 4.936
2013 09 24 11 29 48.230 BLS 26.91 65.531 15.5 -0.11447 36.1599 2.173 231.219 38.989 305.464 450.234 446.39 8.367
2013 09 28 07 34 07.460 BLS 27.161 65.619 18.7 -0.11447 36.1599 2.173 231.079 39.2069 305.32 450.86 447.72 8.350
2013 10 04 17 26 14.250 BLS -38.707 78.5 11 -0.11447 36.1599 2.173 304.261 54.581 301.935 569.685 569.04 7.254
2013 10 12 13 11 53.650 BLS 35.527 23.371 46.9 -0.11447 36.1599 2.173 158.632 37.4111 302.541 429.896 429.86 8.452
2013 10 15 00 12 33.250 BLS 9.833 124.123 23.2 -0.11447 36.1599 2.173 269.542 88.012 303.44 771.195 768.22 4.781
2013 10 24 19 25 10.300 BLS -58.259 -12.802 10 -0.11447 36.1599 2.173 53.5915 69.5881 313.181 681.886 669.84 6.165
2013 10 31 12 02 09.350 BLS 23.543 121.458 14.8 -0.11447 36.1599 2.173 268.024 85.731 302.965 760.62 758.47 4.963
2013 11 03 11 03 40.460 BLS 4.641 123.4 556.8 -0.11447 36.1599 2.173 269.665 87.2582 303.02 709.565 707.71 4.674
2013 11 13 23 45 48.200 BLS -60.309 -47.287 10 -0.11447 36.1599 2.173 84.3669 86.6442 302.559 765.364 763.82 4.889
2013 11 16 03 34 34.790 BLS -60.307 -47.199 24 -0.11447 36.1599 2.173 84.2905 86.6004 302.446 762.661 761.35 4.890
2013 11 17 09 04 56.260 BLS -60.378 -46.587 7.9 -0.11447 36.1599 2.173 83.7532 86.3051 302.407 764.152 762.52 4.916
2012 04 11 08 38 37.800 DIGR 2.237 93.014 26.3 -0.09644 35.9846 1.7 268.445 57.0619 304.917 587.117 583.75 7.074
2012 04 11 09 27 57.30 DIGR 1.218 91.714 10 -0.09644 35.9846 1.7 269.06 55.7406 301.508 577.478 576.81 7.177
2012 04 11 10 43 10.530 DIGR 0.767 92.428 21.6 -0.09644 35.9846 1.7 269.38 56.4484 303.524 581.994 580.05 7.122
2012 04 15 05 57 40.120 DIGR 2.581 90.335 25 -0.09644 35.9846 1.7 268.045 54.3969 302.634 566.514 564.81 7.271
2012 04 17 19 03 57.120 DIGR -59.187 -16.807 13.6 -0.09644 35.9846 1.7 56.9817 71.7763 302.393 683.273 682.51 6.006
2012 05 20 02 03 53.990 DIGR 44.873 11.222 17.7 -0.09644 35.9846 1.7 146.784 49.8731 301.165 532.175 533.46 7.590
2012 06 10 12 44 16.360 DIGR 36.384 28.967 32 -0.09644 35.9846 1.7 168.253 36.8773 302.849 427.489 426.99 8.493
2012 06 16 22 18 49.330 DIGR 15.542 119.603 44.9 -0.09644 35.9846 1.7 268.201 83.8754 302.842 746.512 744.90 5.105
2012 06 23 04 34 53.600 DIGR 3.002 97.911 101.9 -0.09644 35.9846 1.7 268.302 61.9735 300.449 608.849 609.14 6.688
2012 06 29 21 07 32.950 DIGR 43.433 84.612 17.1 -0.09644 35.9846 1.7 238.826 61.2921 302.15 615.2 615.05 6.762
2012 07 25 00 27 45.820 DIGR 2.625 96.11 28.6 -0.09644 35.9846 1.7 268.393 60.1646 303.619 606.799 605.02 6.850
2012 07 26 05 33 33.860 DIGR -17.55 66.29 16.2 -0.09644 35.9846 1.7 297.004 34.4963 301.658 407.798 407.64 8.651
2012 08 11 12 23 17.670 DIGR 38.402 46.838 8.7 -0.09644 35.9846 1.7 197.185 39.5915 302.264 452.594 453.16 8.322
2012 08 11 12 34 36.600 DIGR 38.379 46.795 18.9 -0.09644 35.9846 1.7 197.127 39.5596 303.036 451.436 451.31 8.321
2012 08 12 10 47 07.390 DIGR 35.652 82.541 14 -0.09644 35.9846 1.7 241.125 56.0094 300.063 577.673 578.73 7.150
2012 10 17 04 42 31.60 KAPD 4.179 124.561 338.4 1.1852 36.1052 0.723 271.063 88.3749 300.471 734.416 734.05 4.665
2012 11 02 18 17 34.680 KAPD 9.235 126.281 55.5 1.1852 36.1052 0.723 271.19 89.9858 307.511 779.836 773.35 4.643
2012 11 11 01 12 39.150 KAPD 22.89 95.848 14.2 1.1852 36.1052 0.723 258.488 61.802 301.77 619.625 618.45 6.731
2012 12 17 09 16 31.250 KAPD -0.693 123.883 46.4 1.1852 36.1052 0.723 271.205 87.7926 301.096 764.851 764.10 4.793
2013 01 28 16 38 53.840 KAPD 42.582 79.721 14.3 1.1852 36.1052 0.723 235.567 56.7393 298.581 580.741 583.98 7.095
2013 02 16 04 37 37.320 KAPD 5.778 125.779 116.4 1.1852 36.1052 0.723 271.139 89.5578 302.755 766.435 764.25 4.643
2013 03 19 03 29 02.700 KAPD -58.981 -24.569 52 1.1852 36.1052 0.723 63.767 76.3489 302.913 705.213 703.99 5.661
2013 03 27 02 03 19.940 KAPD 23.881 121.135 18.6 1.1852 36.1052 0.723 269.076 84.9767 301.947 755.007 754.04 5.025
2013 04 09 11 52 50.190 KAPD 28.446 51.629 12.8 1.1852 36.1052 0.723 211.399 30.9036 302.132 377.942 377.44 8.819
2013 04 16 10 44 19.30 KAPD 27.97 62.136 63.1 1.1852 36.1052 0.723 227.577 36.4683 302.815 420.785 419.70 8.510
2013 04 20 00 02 47.980 KAPD 30.268 103.02 18 1.1852 36.1052 0.723 258.997 69.546 302.725 668.745 667.82 6.172
2013 07 26 21 33 00.60 KAPD -58.035 -24.28 17 1.1852 36.1052 0.723 63.7154 75.7931 302.955 706.895 705.43 5.707
2013 08 17 16 32 31.830 KAPD -34.886 54.127 10.9 1.1852 36.1052 0.723 331.008 39.6558 301.825 451.995 453.23 8.317
2013 09 05 04 01 36.70 KAPD 15.251 -45.213 10.4 1.1852 36.1052 0.723 91.1372 81.3129 300.033 735.963 736.48 5.307
2013 09 06 11 33 54.790 KAPD 20.186 122.333 189.4 1.1852 36.1052 0.723 269.813 86.0531 302.319 740.529 739.18 4.889
2013 09 21 01 39 15.480 KAPD -7.267 119.95 550.1 1.1852 36.1052 0.723 271.951 84.0438 301.918 693.438 692.91 4.919
2013 09 24 11 29 48.230 KAPD 26.91 65.531 15.5 1.1852 36.1052 0.723 232.738 38.1099 301.605 439.375 438.93 8.425
2013 09 28 07 34 07.460 KAPD 27.161 65.619 18.7 1.1852 36.1052 0.723 232.586 38.3239 302.377 440.917 440.25 8.410
2013 10 04 17 26 14.250 KAPD -38.707 78.5 11 1.1852 36.1052 0.723 305.222 55.6049 303.489 578.239 576.50 7.178
2013 10 12 13 11 53.650 KAPD 35.527 23.371 46.9 1.1852 36.1052 0.723 158.07 36.1635 300.357 416.707 419.18 8.533
2013 10 15 00 12 33.250 KAPD 9.833 124.123 23.2 1.1852 36.1052 0.723 270.825 87.8471 301.952 768.702 767.42 4.794
2011 04 01 13 29 11.510 KIMU 35.731 26.546 75.5 -0.26634 36.0248 1.946 164.076 36.8872 301.603 422.093 422.69 8.472
2011 04 03 20 06 43.260 KIMU -9.734 107.769 31.9 -0.26634 36.0248 1.946 272.898 71.966 301.743 681.483 680.35 5.994
2011 05 14 21 07 21.810 KIMU 36.425 70.723 207.6 -0.26634 36.0248 1.946 229.292 48.6723 302.556 503.746 504.03 7.596
2011 07 11 20 47 04.890 KIMU 9.527 122.245 21.6 -0.26634 36.0248 1.946 269.116 86.3153 302.628 761.743 760.24 4.914
2011 07 19 19 35 43.380 KIMU 40.156 71.501 19.5 -0.26634 36.0248 1.946 227.779 51.5985 302.064 545.689 545.91 7.467
2012 06 10 12 44 16.360 KIMU 36.384 28.967 32 -0.26634 36.0248 1.946 168.233 37.0504 304.167 429.807 428.46 8.481
2012 06 16 22 18 49.330 KIMU 15.542 119.603 44.9 -0.26634 36.0248 1.946 268.027 83.8818 303.249 746.919 744.94 5.104
2012 06 23 04 34 53.600 KIMU 3.002 97.911 101.9 -0.26634 36.0248 1.946 268.109 61.9435 303.124 610.524 608.94 6.690
2012 06 29 21 07 32.950 KIMU 43.433 84.612 17.1 -0.26634 36.0248 1.946 238.67 61.399 302.167 616.217 615.79 6.754
2012 07 25 00 27 45.820 KIMU 2.625 96.11 28.6 -0.26634 36.0248 1.946 268.196 60.1335 302.814 605.999 604.81 6.853
2012 07 26 05 33 33.860 KIMU -17.55 66.29 16.2 -0.26634 36.0248 1.946 296.787 34.3734 302.6 407.74 406.57 8.659
2012 10 17 04 42 31.60 KTG 4.179 124.561 338.4 0.90176 36.257 1.216 270.771 88.2438 309.001 741.941 733.44 4.675
2012 11 02 18 17 34.680 KTG 9.235 126.281 55.5 0.90176 36.257 1.216 270.888 89.8809 300.521 771.841 772.86 4.643
2012 11 11 01 12 39.150 KTG 22.89 95.848 14.2 0.90176 36.257 1.216 258.125 61.7857 300.556 618.406 618.35 6.732
2012 12 11 06 18 28.980 KTG 0.56 126.223 43.8 0.90176 36.257 1.216 270.895 89.9573 302.996 776.016 774.59 4.643
2012 12 17 09 16 31.250 KTG -0.693 123.883 46.4 0.90176 36.257 1.216 270.925 87.6373 302.558 765.308 763.35 4.805
2013 01 28 16 38 53.840 KTG 42.582 79.721 14.3 0.90176 36.257 1.216 235.218 56.8706 300.337 583.497 584.92 7.084
2013 02 16 04 37 37.320 KTG 5.778 125.779 116.4 0.90176 36.257 1.216 270.843 89.4349 304.086 766.766 763.68 4.645
2013 03 19 03 29 02.700 KTG -58.981 -24.569 52 0.90176 36.257 1.216 64.0401 76.1703 302.915 704.215 702.96 5.673
2013 03 27 02 03 19.940 KTG 23.881 121.135 18.6 0.90176 36.257 1.216 268.756 84.9511 302.4 754.46 753.92 5.027
2013 04 09 11 52 50.190 KTG 28.446 51.629 12.8 0.90176 36.257 1.216 210.888 31.0851 302.292 379.102 379.06 8.813
2013 04 16 10 44 19.30 KTG 27.97 62.136 63.1 0.90176 36.257 1.216 227.076 36.5835 298.207 417.177 420.70 8.503
2013 04 20 00 02 47.980 KTG 30.268 103.02 18 0.90176 36.257 1.216 258.656 69.566 294.849 660.869 667.95 6.170
2012 04 11 08 38 37.800 LWHS 2.237 93.014 26.3 -0.22224 36.1767 2.068 268.285 56.8759 304.323 585.523 582.43 7.088
2012 04 11 09 27 57.30 LWHS 1.218 91.714 10 -0.22224 36.1767 2.068 268.902 55.552 301.972 576.942 575.45 7.189
2012 04 11 10 43 10.530 LWHS 0.767 92.428 21.6 -0.22224 36.1767 2.068 269.226 56.2585 303.163 580.633 578.69 7.136
2012 04 15 05 57 40.120 LWHS 2.581 90.335 25 -0.22224 36.1767 2.068 267.878 54.2122 302.384 565.264 563.47 7.284
2012 04 17 19 03 57.120 LWHS -59.187 -16.807 13.6 -0.22224 36.1767 2.068 57.221 71.7467 301.67 682.55 682.32 6.009
2012 05 20 02 03 53.990 LWHS 44.873 11.222 17.7 -0.22224 36.1767 2.068 146.616 50.0632 301.412 533.422 534.90 7.576
2012 05 24 22 47 46.470 LWHS 73.027 5.505 8.2 -0.22224 36.1767 2.068 148.217 75.5849 302.321 706.851 705.74 5.724
2012 06 10 12 44 16.360 LWHS 36.384 28.967 32 -0.22224 36.1767 2.068 167.973 37.0324 302.883 428.523 428.31 8.482
2012 06 16 22 18 49.330 LWHS 15.542 119.603 44.9 -0.22224 36.1767 2.068 268.028 83.7238 302.664 746.334 744.13 5.117
2012 06 23 04 34 53.600 LWHS 3.002 97.911 101.9 -0.22224 36.1767 2.068 268.148 61.7892 302.863 609.263 607.90 6.702
2012 06 29 21 07 32.950 LWHS 43.433 84.612 17.1 -0.22224 36.1767 2.068 238.566 61.2703 302.691 615.741 614.92 6.764
2012 07 25 00 27 45.820 LWHS 2.625 96.11 28.6 -0.22224 36.1767 2.068 268.237 59.9795 304.445 606.625 603.75 6.863
2012 07 26 05 33 33.860 LWHS -17.55 66.29 16.2 -0.22224 36.1767 2.068 296.995 34.2672 302.374 406.514 405.65 8.665
2012 08 11 12 23 17.670 LWHS 38.402 46.838 8.7 -0.22224 36.1767 2.068 196.847 39.669 303.211 454.541 453.81 8.316
2012 08 11 12 34 36.600 LWHS 38.379 46.795 18.9 -0.22224 36.1767 2.068 196.789 39.6372 303.246 452.646 451.96 8.315
2012 08 12 10 47 07.390 LWHS 35.652 82.541 14 -0.22224 36.1767 2.068 240.855 55.9603 301.352 577.962 578.39 7.154
2012 08 18 09 41 55.160 LWHS -1.351 120.127 27.9 -0.22224 36.1767 2.068 269.92 83.9468 300.348 747.188 747.44 5.104
2012 08 30 13 43 25.300 LWHS 71.446 -11.034 11.1 -0.22224 36.1767 2.068 131.304 77.6543 301.905 717.605 716.87 5.576
2012 09 03 18 23 08.350 LWHS -10.677 113.964 34.8 -0.22224 36.1767 2.068 272.06 77.9576 302.213 715.863 714.52 5.554
2012 09 14 04 51 48.60 LWHS -3.3 100.67 23.3 -0.22224 36.1767 2.068 271.319 64.5242 302.228 636.168 634.94 6.537
2012 10 17 04 42 31.60 LWHS 4.179 124.561 338.4 -0.22224 36.1767 2.068 269.663 88.4045 301.329 735.269 734.20 4.662
2012 11 11 01 12 39.150 LWHS 22.89 95.848 14.2 -0.22224 36.1767 2.068 257.027 62.3433 301.399 622.249 622.13 6.689
2011 03 24 13 55 13.390 MCN1 20.629 99.917 12.8 -0.1937 36.0829 1.872 260.041 65.6782 300.635 644.245 644.22 6.452
2011 04 01 13 29 11.510 MCN1 35.731 26.546 75.5 -0.1937 36.0829 1.872 163.955 36.8298 301.686 421.176 422.20 8.476
2011 04 03 20 06 43.260 MCN1 -9.734 107.769 31.9 -0.1937 36.0829 1.872 272.983 71.9214 301.87 681.61 680.08 5.998
2011 04 24 23 07 54.700 MCN1 -4.48 122.864 28.3 -0.1937 36.0829 1.872 270.058 86.7758 305.024 765.324 761.50 4.877
2011 05 14 21 07 21.810 MCN1 36.425 70.723 207.6 -0.1937 36.0829 1.872 229.289 48.5796 302.184 503.374 503.33 7.603
2011 05 15 13 08 15.420 MCN1 0.458 -25.608 18.9 -0.1937 36.0829 1.872 90.4636 61.6938 314.537 630.117 616.80 6.739
2011 07 15 13 26 02.850 MCN1 -60.986 -23.662 8.6 -0.1937 36.0829 1.872 63.0971 75.6073 306.221 710.371 705.69 5.724
2011 07 19 19 35 43.380 MCN1 40.156 71.501 19.5 -0.1937 36.0829 1.872 227.77 51.5062 301.457 545.077 545.22 7.474
2012 04 11 08 38 37.800 MCN1 2.237 93.014 26.3 -0.1937 36.0829 1.872 268.325 56.9682 304.032 586.237 583.08 7.081
2012 04 11 09 27 57.30 MCN1 1.218 91.714 10 -0.1937 36.0829 1.872 268.94 55.6449 301.473 577.448 576.12 7.183
2012 04 11 10 43 10.530 MCN1 0.767 92.428 21.6 -0.1937 36.0829 1.872 269.262 56.3517 302.923 581.398 579.36 7.129
2012 04 15 05 57 40.120 MCN1 2.581 90.335 25 -0.1937 36.0829 1.872 267.919 54.3042 302.949 566.834 564.14 7.277
2012 04 17 19 03 57.120 MCN1 -59.187 -16.807 13.6 -0.1937 36.0829 1.872 57.119 71.7317 302.39 683.275 682.23 6.010
2012 06 16 22 18 49.330 MCN1 15.542 119.603 44.9 -0.1937 36.0829 1.872 268.081 83.8065 302.701 746.376 744.56 5.110
2012 06 23 04 34 53.600 MCN1 3.002 97.911 101.9 -0.1937 36.0829 1.872 268.186 61.8811 302.213 609.618 608.52 6.695
2012 06 29 21 07 32.950 MCN1 43.433 84.612 17.1 -0.1937 36.0829 1.872 238.669 61.3064 302.347 615.402 615.16 6.761
2012 07 25 00 27 45.820 MCN1 2.625 96.11 28.6 -0.1937 36.0829 1.872 268.275 60.0716 305.066 608.251 604.38 6.857
2012 07 26 05 33 33.860 MCN1 -17.55 66.29 16.2 -0.1937 36.0829 1.872 296.95 34.3619 309.269 413.414 406.47 8.660
2012 08 11 12 23 17.670 MCN1 38.402 46.838 8.7 -0.1937 36.0829 1.872 197 39.6628 303.808 455.143 453.76 8.317
2012 08 11 12 34 36.600 MCN1 38.379 46.795 18.9 -0.1937 36.0829 1.872 196.942 39.631 301.835 451.23 451.91 8.316
2012 08 12 10 47 07.390 MCN1 35.652 82.541 14 -0.1937 36.0829 1.872 240.959 56.0071 302.034 578.649 578.72 7.150
2012 08 18 09 41 55.160 MCN1 -1.351 120.127 27.9 -0.1937 36.0829 1.872 269.947 84.0412 300.706 747.551 747.92 5.096
2013 03 19 03 29 02.700 MCN1 -58.981 -24.569 52 -0.1937 36.0829 1.872 64.405 75.1266 304.089 699.389 696.96 5.749
2013 03 27 02 03 19.940 MCN1 23.881 121.135 18.6 -0.1937 36.0829 1.872 267.827 85.5493 301.911 756.971 756.94 4.977
2013 04 09 11 52 50.190 MCN1 28.446 51.629 12.8 -0.1937 36.0829 1.872 210.255 32.136 301.769 388.579 388.37 8.774
2013 04 16 10 44 19.30 MCN1 27.97 62.136 63.1 -0.1937 36.0829 1.872 226.136 37.5289 302.71 429.68 428.77 8.440
2013 04 20 00 02 47.980 MCN1 30.268 103.02 18 -0.1937 36.0829 1.872 257.774 70.2919 300.334 671.354 672.45 6.118
2013 06 13 16 47 25.800 MCN1 -9.951 107.302 20.6 -0.1937 36.0829 1.872 273.142 71.4734 301.209 679.414 679.02 6.034
2013 06 15 16 11 02.90 MCN1 34.45 25.044 21.5 -0.1937 36.0829 1.872 160.98 35.9821 301.253 420.168 420.67 8.553
2013 06 16 21 39 06.600 MCN1 34.424 25.186 25 -0.1937 36.0829 1.872 161.202 35.9195 301.591 418.996 419.67 8.556
2013 06 24 22 04 14.180 MCN1 10.69 -42.668 17.5 -0.1937 36.0829 1.872 92.2918 78.9823 302.639 724.464 722.74 5.482
2013 07 02 07 37 05.90 MCN1 4.69 96.582 25.4 -0.1937 36.0829 1.872 267.149 60.6242 303.506 611.421 608.62 6.817
2013 07 06 05 05 06.960 MCN1 -3.294 100.531 26.1 -0.1937 36.0829 1.872 271.35 64.4807 303.306 636.351 634.26 6.539
2013 07 15 14 03 41.730 MCN1 -61.052 -25.227 19.9 -0.1937 36.0829 1.872 64.5332 76.3205 302.119 708.394 707.87 5.671
2013 07 21 23 45 55.920 MCN1 34.504 104.26 5.1 -0.1937 36.0829 1.872 257.113 72.2353 300.687 685.772 686.34 5.977
2012 04 11 08 38 37.800 MNP 2.237 93.014 26.3 -0.21789 35.9466 1.991 268.304 57.1056 305.282 587.482 584.06 7.071
2012 04 11 09 27 57.30 MNP 1.218 91.714 10 -0.21789 35.9466 1.991 268.915 55.7819 301.145 578.115 577.11 7.174
2012 04 11 10 43 10.530 MNP 0.767 92.428 21.6 -0.21789 35.9466 1.991 269.236 56.4885 303.031 582.501 580.33 7.119
2012 04 15 05 57 40.120 MNP 2.581 90.335 25 -0.21789 35.9466 1.991 267.899 54.4417 302.003 566.883 565.14 7.267
2012 04 17 19 03 57.120 MNP -59.187 -16.807 13.6 -0.21789 35.9466 1.991 57.0004 71.6511 302.433 683.313 681.75 6.016
2012 06 10 12 44 16.360 MNP 36.384 28.967 32 -0.21789 35.9466 1.991 168.348 36.9901 301.338 426.983 427.95 8.485
2012 06 16 22 18 49.330 MNP 15.542 119.603 44.9 -0.21789 35.9466 1.991 268.095 83.9443 304.123 748.798 745.26 5.099
2012 06 23 04 34 53.600 MNP 3.002 97.911 101.9 -0.21789 35.9466 1.991 268.169 62.0187 303.221 611.626 609.44 6.684
2012 06 29 21 07 32.950 MNP 43.433 84.612 17.1 -0.21789 35.9466 1.991 238.774 61.4101 302.358 616.413 615.86 6.753
2012 07 25 00 27 45.820 MNP 2.625 96.11 28.6 -0.21789 35.9466 1.991 268.256 60.209 303.92 608.105 605.33 6.847
2012 07 26 05 33 33.860 MNP -17.55 66.29 16.2 -0.21789 35.9466 1.991 296.787 34.4653 302.347 407.492 407.36 8.653
2012 08 30 13 43 25.300 MNP 71.446 -11.034 11.1 -0.21789 35.9466 1.991 131.531 77.5949 301.33 717.035 716.54 5.581
2012 09 03 18 23 08.350 MNP -10.677 113.964 34.8 -0.21789 35.9466 1.991 272.02 78.1845 301.092 715.747 715.77 5.536
2012 09 14 04 51 48.60 MNP -3.3 100.67 23.3 -0.21789 35.9466 1.991 271.308 64.7542 304.205 640.15 636.44 6.520
2012 10 17 04 42 31.60 MNP 4.179 124.561 338.4 -0.21789 35.9466 1.991 269.684 88.6337 301.566 736.511 735.27 4.644
2013 03 19 03 29 02.700 MNP -58.981 -24.569 52 -0.21789 35.9466 1.991 64.2918 75.0417 303.978 699.278 696.47 5.755
2013 03 27 02 03 19.940 MNP 23.881 121.135 18.6 -0.21789 35.9466 1.991 267.861 85.6838 303.18 759.24 757.61 4.966
2013 04 09 11 52 50.190 MNP 28.446 51.629 12.8 -0.21789 35.9466 1.991 210.464 32.2182 303.36 390.17 389.09 8.770
2013 04 16 10 44 19.30 MNP 27.97 62.136 63.1 -0.21789 35.9466 1.991 226.283 37.6345 302.675 430.645 429.66 8.433
2013 04 20 00 02 47.980 MNP 30.268 103.02 18 -0.21789 35.9466 1.991 257.829 70.4201 300.431 672.451 673.23 6.108
2013 05 11 02 08 11.290 MNP 26.658 57.843 15.1 -0.21789 35.9466 1.991 221.776 34.0394 303.383 406.093 404.42 8.675
2013 06 02 05 43 03.800 MNP 23.831 121.059 17 -0.21789 35.9466 1.991 267.834 85.6124 304.013 760.213 757.52 4.972
2013 06 13 16 47 25.800 MNP -9.951 107.302 20.6 -0.21789 35.9466 1.991 273.091 71.6032 303.472 681.672 679.80 6.024
2013 06 15 16 11 02.90 MNP 34.45 25.044 21.5 -0.21789 35.9466 1.991 161.215 35.9687 301.532 420.442 420.56 8.554
2013 06 16 21 39 06.600 MNP 34.424 25.186 25 -0.21789 35.9466 1.991 161.437 35.9066 301.155 418.555 419.57 8.556
2013 06 24 22 04 14.180 MNP 10.69 -42.668 17.5 -0.21789 35.9466 1.991 92.342 78.8529 301.465 723.285 722.03 5.491
2013 07 02 07 37 05.90 MNP 4.69 96.582 25.4 -0.21789 35.9466 1.991 267.136 60.7623 303.967 612.877 609.56 6.807
2013 07 06 05 05 06.960 MNP -3.294 100.531 26.1 -0.21789 35.9466 1.991 271.314 64.6153 304.485 638.525 635.14 6.529
2012 10 17 04 42 31.60 MOND 4.179 124.561 338.4 0.89619 36.0859 0.883 270.778 88.4148 301.053 734.998 734.24 4.661
2012 11 11 01 12 39.150 MOND 22.89 95.848 14.2 0.89619 36.0859 0.883 258.203 61.9425 300.746 619.601 619.40 6.720
2013 07 26 21 33 00.60 MOND -58.035 -24.28 17 0.89619 36.0859 0.883 63.8394 75.5316 304.151 707.096 703.92 5.727
2013 08 17 16 32 31.830 MOND -34.886 54.127 10.9 0.89619 36.0859 0.883 330.8 39.4003 301.136 449.311 451.09 8.335
2013 09 05 04 01 36.70 MOND 15.251 -45.213 10.4 0.89619 36.0859 0.883 91.4226 81.3695 301.672 737.607 736.78 5.302
2013 09 06 11 33 54.790 MOND 20.186 122.333 189.4 0.89619 36.0859 0.883 269.549 86.1695 302.622 740.837 739.75 4.880
2013 09 21 01 39 15.480 MOND -7.267 119.95 550.1 0.89619 36.0859 0.883 271.662 84.0261 302.313 693.838 692.82 4.920
2013 09 24 11 29 48.230 MOND 26.91 65.531 15.5 0.89619 36.0859 0.883 232.431 38.3258 302.638 441.413 440.77 8.411
2013 09 28 07 34 07.460 MOND 27.161 65.619 18.7 0.89619 36.0859 0.883 232.282 38.5407 303.057 443.602 442.08 8.396
2013 10 04 17 26 14.250 MOND -38.707 78.5 11 0.89619 36.0859 0.883 304.981 55.3967 302.088 575.843 574.98 7.191
2013 10 12 13 11 53.650 MOND 35.527 23.371 46.9 0.89619 36.0859 0.883 158.248 36.4312 301.635 419.99 421.48 8.516
2013 12 01 06 29 58.320 MOND 2.017 96.848 21.6 0.89619 36.0859 0.883 269.898 60.7499 302.745 611.43 610.00 6.809
2012 10 17 04 42 31.60 NAK 4.179 124.561 338.4 0.77006 36.165 1.031 270.647 88.3449 301.554 734.494 733.92 4.667
2012 11 02 18 17 34.680 NAK 9.235 126.281 55.5 0.77006 36.165 1.031 270.774 89.9925 301.337 773.657 773.38 4.642
2012 11 11 01 12 39.150 NAK 22.89 95.848 14.2 0.77006 36.165 1.031 258.037 61.9251 300.6 619.45 619.29 6.721
2013 01 28 16 38 53.840 NAK 42.582 79.721 14.3 0.77006 36.165 1.031 235.211 57.0303 309.992 594.152 586.06 7.072
2013 02 16 04 37 37.320 NAK 5.778 125.779 116.4 0.77006 36.165 1.031 270.722 89.5394 310.356 774.036 764.16 4.643
2013 03 19 03 29 02.700 NAK -58.981 -24.569 52 0.77006 36.165 1.031 64.0191 76.0117 312.109 712.409 702.06 5.683
2013 03 27 02 03 19.940 NAK 23.881 121.135 18.6 0.77006 36.165 1.031 268.673 85.0879 311.745 764.805 754.61 5.016
2013 04 09 11 52 50.190 NAK 28.446 51.629 12.8 0.77006 36.165 1.031 210.932 31.2434 311.236 390.046 380.46 8.808
2013 04 16 10 44 19.30 NAK 27.97 62.136 63.1 0.77006 36.165 1.031 227.051 36.7427 311.329 432.299 422.06 8.492
2013 04 20 00 02 47.980 NAK 30.268 103.02 18 0.77006 36.165 1.031 258.59 69.7132 309.528 676.548 668.86 6.159
2012 10 17 04 42 31.60 NASO 4.179 124.561 338.4 1.17194 36.3591 0.936 271.031 88.1227 301.509 733.454 732.88 4.684
2012 11 02 18 17 34.680 NASO 9.235 126.281 55.5 1.17194 36.3591 0.936 271.137 89.7374 301.141 772.466 772.19 4.643
2012 11 11 01 12 39.150 NASO 22.89 95.848 14.2 1.17194 36.3591 0.936 258.351 61.5783 299.876 615.731 616.94 6.747
2013 01 28 16 38 53.840 NASO 42.582 79.721 14.3 1.17194 36.3591 0.936 235.316 56.5954 300.151 581.316 582.96 7.105
2013 02 16 04 37 37.320 NASO 5.778 125.779 116.4 1.17194 36.3591 0.936 271.1 89.3065 299.425 762.11 763.08 4.655
2013 03 19 03 29 02.700 NASO -58.981 -24.569 52 1.17194 36.3591 0.936 64.0045 76.4553 303.047 706.352 704.58 5.653
2013 03 27 02 03 19.940 NASO 23.881 121.135 18.6 1.17194 36.3591 0.936 268.961 84.7496 302.844 753.909 752.90 5.043
2013 04 09 11 52 50.190 NASO 28.446 51.629 12.8 1.17194 36.3591 0.936 210.947 30.7996 302.182 376.997 376.53 8.823
2013 04 16 10 44 19.30 NASO 27.97 62.136 63.1 1.17194 36.3591 0.936 227.238 36.313 300.834 417.809 418.38 8.520
2013 04 20 00 02 47.980 NASO 30.268 103.02 18 1.17194 36.3591 0.936 258.842 69.3374 300.268 665.293 666.53 6.187
2013 05 11 02 08 11.290 NASO 26.658 57.843 15.1 1.17194 36.3591 0.936 222.687 32.6884 304.039 394.754 392.57 8.751
2012 10 17 04 42 31.60 NATN 4.179 124.561 338.4 1.04099 36.1226 0.799 270.919 88.3679 301.349 734.289 734.02 4.665
2012 11 02 18 17 34.680 NATN 9.235 126.281 55.5 1.04099 36.1226 0.799 271.046 89.9915 300.907 773.227 773.37 4.643
2012 11 11 01 12 39.150 NATN 22.89 95.848 14.2 1.04099 36.1226 0.799 258.333 61.8476 300.696 618.546 618.76 6.727
2012 12 17 09 16 31.250 NATN -0.693 123.883 46.4 1.04099 36.1226 0.799 271.062 87.7734 304.612 767.362 764.01 4.794
2013 01 21 22 22 54.780 NATN 4.962 95.921 24.6 1.04099 36.1226 0.799 268.327 59.8243 303.152 605.372 603.25 6.876
2013 01 28 16 38 53.840 NATN 42.582 79.721 14.3 1.04099 36.1226 0.799 235.446 56.8424 301.475 583.64 584.71 7.087
2013 02 16 04 37 37.320 NATN 5.778 125.779 116.4 1.04099 36.1226 0.799 270.995 89.5548 300.831 764.516 764.23 4.643
2013 03 27 02 03 19.940 NATN 23.881 121.135 18.6 1.04099 36.1226 0.799 268.937 85.0184 294.438 747.503 754.26 5.022
2013 04 09 11 52 50.190 NATN 28.446 51.629 12.8 1.04099 36.1226 0.799 211.242 31.023 304.988 381.803 378.50 8.815
2013 04 16 10 44 19.30 NATN 27.97 62.136 63.1 1.04099 36.1226 0.799 227.398 36.5656 303.679 422.654 420.53 8.504
2013 04 20 00 02 47.980 NATN 30.268 103.02 18 1.04099 36.1226 0.799 258.857 69.6069 301.769 668.794 668.20 6.167
2013 05 11 02 08 11.290 NATN 26.658 57.843 15.1 1.04099 36.1226 0.799 222.888 32.9354 308.868 401.583 394.73 8.740
2013 07 26 21 33 00.60 NATN -58.035 -24.28 17 1.04099 36.1226 0.799 63.8018 75.6755 302.307 706.247 704.75 5.716
2013 08 17 16 32 31.830 NATN -34.886 54.127 10.9 1.04099 36.1226 0.799 330.943 39.5175 300.236 449.406 452.07 8.327
2013 09 05 04 01 36.70 NATN 15.251 -45.213 10.4 1.04099 36.1226 0.799 91.2725 81.3671 302.351 738.281 736.77 5.302
2013 09 06 11 33 54.790 NATN 20.186 122.333 189.4 1.04099 36.1226 0.799 269.672 86.0858 302.553 740.763 739.34 4.886
2013 09 21 01 39 15.480 NATN -7.267 119.95 550.1 1.04099 36.1226 0.799 271.81 84.0082 301.618 693.138 692.73 4.922
2013 09 24 11 29 48.230 NATN 26.91 65.531 15.5 1.04099 36.1226 0.799 232.554 38.1984 302.644 440.414 439.69 8.419
2013 09 28 07 34 07.460 NATN 27.161 65.619 18.7 1.04099 36.1226 0.799 232.403 38.4129 302.961 442.501 441.00 8.405
2013 10 04 17 26 14.250 NATN -38.707 78.5 11 1.04099 36.1226 0.799 305.127 55.4837 302.69 576.44 575.62 7.186
2013 10 12 13 11 53.650 NATN 35.527 23.371 46.9 1.04099 36.1226 0.799 158.116 36.3053 301.805 419.155 420.40 8.524
2013 10 15 00 12 33.250 NATN 9.833 124.123 23.2 1.04099 36.1226 0.799 270.68 87.8542 301.978 768.728 767.45 4.794
2013 10 31 12 02 09.350 NATN 23.543 121.458 14.8 1.04099 36.1226 0.799 269.095 85.3086 300.638 756.288 756.34 4.999
2013 11 03 11 03 40.460 NATN 4.641 123.4 556.8 1.04099 36.1226 0.799 270.813 87.2035 301.215 707.755 707.45 4.679
2013 11 13 23 45 48.200 NATN -60.309 -47.287 10 1.04099 36.1226 0.799 83.7654 87.6229 302.962 770.762 768.61 4.811
2013 11 16 03 34 34.790 NATN -60.307 -47.199 24 1.04099 36.1226 0.799 83.689 87.5791 304.125 768.335 766.14 4.812
2013 11 17 09 04 56.260 NATN -60.378 -46.587 7.9 1.04099 36.1226 0.799 83.1533 87.2849 303.429 770.169 767.34 4.838
2013 12 01 06 29 58.320 NATN 2.017 96.848 21.6 1.04099 36.1226 0.799 270.062 60.7088 302.219 610.904 609.72 6.812
2012 10 17 04 42 31.60 NAUD 4.179 124.561 338.4 1.02678 36.2187 0.873 270.898 88.273 300.852 733.797 733.58 4.672
2012 11 02 18 17 34.680 NAUD 9.235 126.281 55.5 1.02678 36.2187 0.873 271.017 89.8989 301.777 773.102 772.94 4.643
2012 11 11 01 12 39.150 NAUD 22.89 95.848 14.2 1.02678 36.2187 0.873 258.271 61.7669 300.317 618.172 618.22 6.733
2012 04 11 08 38 37.800 NDG 2.237 93.014 26.3 -0.10642 36.0594 2.068 268.429 56.9875 304.305 586.505 583.22 7.080
2012 04 11 09 27 57.30 NDG 1.218 91.714 10 -0.10642 36.0594 2.068 269.045 55.666 301.696 577.666 576.27 7.182
2012 04 11 10 43 10.530 NDG 0.767 92.428 21.6 -0.10642 36.0594 2.068 269.366 56.3737 302.847 581.317 579.51 7.127
2012 04 15 05 57 40.120 NDG 2.581 90.335 25 -0.10642 36.0594 2.068 268.027 54.3227 302.122 566.002 564.27 7.276
2012 04 17 19 03 57.120 NDG -59.187 -16.807 13.6 -0.10642 36.0594 2.068 57.0573 71.7997 301.612 683.492 682.65 6.005
2012 05 20 02 03 53.990 NDG 44.873 11.222 17.7 -0.10642 36.0594 2.068 146.699 49.9114 301.386 532.396 533.75 7.588
2012 05 24 22 47 46.470 NDG 73.027 5.505 8.2 -0.10642 36.0594 2.068 148.319 75.4532 302.52 706.05 704.98 5.734
2012 06 10 12 44 16.360 NDG 36.384 28.967 32 -0.10642 36.0594 2.068 168.133 36.8994 303.186 427.831 427.17 8.491
2012 06 16 22 18 49.330 NDG 15.542 119.603 44.9 -0.10642 36.0594 2.068 268.172 83.8059 302.211 745.886 744.55 5.110
2012 06 23 04 34 53.600 NDG 3.002 97.911 101.9 -0.10642 36.0594 2.068 268.286 61.8993 301.802 609.207 608.64 6.693
2012 08 11 12 23 17.670 NDG 38.402 46.838 8.7 -0.10642 36.0594 2.068 197.067 39.5839 302.421 452.756 453.09 8.322
2012 08 11 12 34 36.600 NDG 38.379 46.795 18.9 -0.10642 36.0594 2.068 197.009 39.552 300.257 448.652 451.25 8.321
2012 08 12 10 47 07.390 NDG 35.652 82.541 14 -0.10642 36.0594 2.068 241.054 55.963 300.635 577.25 578.40 7.153
2012 08 18 09 41 55.160 NDG -1.351 120.127 27.9 -0.10642 36.0594 2.068 270.033 84.0667 299.901 747.746 748.05 5.094
2012 08 30 13 43 25.300 NDG 71.446 -11.034 11.1 -0.10642 36.0594 2.068 131.392 77.5144 301.227 715.932 716.09 5.587
2012 09 03 18 23 08.350 NDG -10.677 113.964 34.8 -0.10642 36.0594 2.068 272.153 78.0944 300.703 715.358 715.28 5.543
2012 09 14 04 51 48.60 NDG -3.3 100.67 23.3 -0.10642 36.0594 2.068 271.438 64.6484 301.767 636.707 635.75 6.528
2012 10 17 04 42 31.60 NDG 4.179 124.561 338.4 -0.10642 36.0594 2.068 269.786 88.5131 301.606 735.546 734.70 4.654
2012 11 11 01 12 39.150 NDG 22.89 95.848 14.2 -0.10642 36.0594 2.068 257.202 62.3983 300.747 622.597 622.49 6.685
2011 03 20 08 26 11.110 RGO 19.074 121.306 39.9 -0.156 36.049 1.94 268.309 85.5653 302.377 755.272 754.00 4.971
2011 03 24 13 55 13.390 RGO 20.629 99.917 12.8 -0.156 36.049 1.94 260.093 65.695 301.293 644.908 644.32 6.451
2011 04 01 13 29 11.510 RGO 35.731 26.546 75.5 -0.156 36.049 1.94 163.996 36.7857 302.253 421.748 421.82 8.479
2011 04 03 20 06 43.260 RGO -9.734 107.769 31.9 -0.156 36.049 1.94 273.016 71.9614 301.752 681.497 680.32 5.995
2011 04 24 23 07 54.700 RGO -4.48 122.864 28.3 -0.156 36.049 1.94 270.093 86.8126 304.957 765.262 761.68 4.874
2011 05 14 21 07 21.810 RGO 36.425 70.723 207.6 -0.156 36.049 1.94 229.356 48.5708 302.083 503.278 503.26 7.604
2011 05 15 13 08 15.420 RGO 0.458 -25.608 18.9 -0.156 36.049 1.94 90.4214 61.6595 314.038 629.623 616.57 6.742
2011 07 11 20 47 04.890 RGO 9.527 122.245 21.6 -0.156 36.049 1.94 269.22 86.2734 303.804 762.914 760.03 4.917
2011 07 15 13 26 02.850 RGO -60.986 -23.662 8.6 -0.156 36.049 1.94 63.0487 75.6263 305.554 709.704 705.80 5.722
2011 07 19 19 35 43.380 RGO 40.156 71.501 19.5 -0.156 36.049 1.94 227.833 51.4946 301.276 544.896 545.13 7.475
2012 04 11 08 38 37.800 RGO 2.237 93.014 26.3 -0.156 36.049 1.94 268.371 57.0003 304.245 586.445 583.31 7.079
2012 04 11 09 27 57.30 RGO 1.218 91.714 10 -0.156 36.049 1.94 268.986 55.6778 301.918 577.888 576.36 7.181
2012 04 11 10 43 10.530 RGO 0.767 92.428 21.6 -0.156 36.049 1.94 269.307 56.385 303.067 581.537 579.59 7.127
2012 04 15 05 57 40.120 RGO 2.581 90.335 25 -0.156 36.049 1.94 267.968 54.3359 301.649 565.529 564.37 7.275
2012 04 17 19 03 57.120 RGO -59.187 -16.807 13.6 -0.156 36.049 1.94 57.0698 71.7508 302.428 683.308 682.35 6.008
2012 06 16 22 18 49.330 RGO 15.542 119.603 44.9 -0.156 36.049 1.94 268.127 83.8292 302.943 746.618 744.67 5.108
2012 06 23 04 34 53.600 RGO 3.002 97.911 101.9 -0.156 36.049 1.94 268.231 61.9127 302.936 610.341 608.73 6.692
2012 06 29 21 07 32.950 RGO 43.433 84.612 17.1 -0.156 36.049 1.94 238.726 61.2982 302.225 615.28 615.10 6.762
2012 07 25 00 27 45.820 RGO 2.625 96.11 28.6 -0.156 36.049 1.94 268.321 60.1034 303.688 606.873 604.60 6.855
2012 07 26 05 33 33.860 RGO -17.55 66.29 16.2 -0.156 36.049 1.94 296.975 34.4104 301.539 406.684 406.89 8.657
2012 08 11 12 23 17.670 RGO 38.402 46.838 8.7 -0.156 36.049 1.94 197.065 39.6342 303.107 453.442 453.52 8.319
2012 08 11 12 34 36.600 RGO 38.379 46.795 18.9 -0.156 36.049 1.94 197.008 39.6023 302.275 451.67 451.67 8.318
2012 08 12 10 47 07.390 RGO 35.652 82.541 14 -0.156 36.049 1.94 241.02 56.005 300.756 577.371 578.70 7.150
2012 08 18 09 41 55.160 RGO -1.351 120.127 27.9 -0.156 36.049 1.94 269.983 84.076 300.056 747.901 748.10 5.093
2012 09 03 18 23 08.350 RGO -10.677 113.964 34.8 -0.156 36.049 1.94 272.101 78.0954 302.188 716.838 715.28 5.543
2012 09 14 04 51 48.60 RGO -3.3 100.67 23.3 -0.156 36.049 1.94 271.383 64.6558 301.479 636.419 635.80 6.527
2012 10 17 04 42 31.60 RGO 4.179 124.561 338.4 -0.156 36.049 1.94 269.738 88.5271 301.611 735.551 734.77 4.652
2012 11 11 01 12 39.150 RGO 22.89 95.848 14.2 -0.156 36.049 1.94 257.157 62.4292 300.872 622.722 622.70 6.682
2013 05 11 02 08 11.290 RGO 26.658 57.843 15.1 -0.156 36.049 1.94 221.695 33.929 303.728 405.438 403.46 8.682
2013 06 02 05 43 03.800 RGO 23.831 121.059 17 -0.156 36.049 1.94 267.849 85.4939 303.838 759.038 756.93 4.983
2013 06 13 16 47 25.800 RGO -9.951 107.302 20.6 -0.156 36.049 1.94 273.174 71.5135 302.303 680.503 679.26 6.031
2013 06 15 16 11 02.90 RGO 34.45 25.044 21.5 -0.156 36.049 1.94 161.019 35.9369 302.286 420.196 420.29 8.556
2013 06 16 21 39 06.600 RGO 34.424 25.186 25 -0.156 36.049 1.94 161.24 35.8744 301.661 418.061 419.29 8.558
2013 06 24 22 04 14.180 RGO 10.69 -42.668 17.5 -0.156 36.049 1.94 92.2608 78.9419 302.167 723.987 722.52 5.485
2013 07 02 07 37 05.90 RGO 4.69 96.582 25.4 -0.156 36.049 1.94 267.195 60.6545 304.04 611.95 608.83 6.815
2013 07 06 05 05 06.960 RGO -3.294 100.531 26.1 -0.156 36.049 1.94 271.389 64.5169 303.72 636.76 634.49 6.536
2013 07 15 14 03 41.730 RGO -61.052 -25.227 19.9 -0.156 36.049 1.94 64.4849 76.3392 302.453 708.723 707.98 5.670
2013 07 21 23 45 55.920 RGO 34.504 104.26 5.1 -0.156 36.049 1.94 257.166 72.2404 300.864 685.944 686.37 5.977
2013 07 22 07 01 41.750 RGO -46.094 34.861 3.2 -0.156 36.049 1.94 1.65838 45.7587 302.11 503.36 504.12 7.891
2013 08 17 16 32 31.830 RGO -34.886 54.127 10.9 -0.156 36.049 1.94 330.072 38.46 302.341 442.511 443.15 8.400
2013 09 05 04 01 36.70 RGO 15.251 -45.213 10.4 -0.156 36.049 1.94 92.4519 81.6091 301.497 739.427 738.07 5.282
2013 09 06 11 33 54.790 RGO 20.186 122.333 189.4 -0.156 36.049 1.94 268.578 86.563 303.154 743.364 741.69 4.848
2013 09 21 01 39 15.480 RGO -7.267 119.95 550.1 -0.156 36.049 1.94 270.615 83.93 301.209 692.729 692.34 4.928
2013 09 24 11 29 48.230 RGO 26.91 65.531 15.5 -0.156 36.049 1.94 231.299 39.0958 301.945 447.715 447.29 8.359
2013 09 28 07 34 07.460 RGO 27.161 65.619 18.7 -0.156 36.049 1.94 231.16 39.3135 302.334 448.874 448.62 8.343
2012 10 17 04 42 31.60 SIL 4.179 124.561 338.4 1.14922 36.2379 1.001 271.018 88.2452 300.89 733.83 733.45 4.675
2012 11 02 18 17 34.680 SIL 9.235 126.281 55.5 1.14922 36.2379 1.001 271.134 89.8605 301.613 772.933 772.76 4.643
2012 11 11 01 12 39.150 SIL 22.89 95.848 14.2 1.14922 36.2379 1.001 258.387 61.6974 300.952 617.802 617.75 6.738
2012 12 11 06 18 28.980 SIL 0.56 126.223 43.8 1.14922 36.2379 1.001 271.141 89.974 303.635 776.655 774.67 4.643
2012 12 17 09 16 31.250 SIL -0.693 123.883 46.4 1.14922 36.2379 1.001 271.171 87.6595 304.184 766.934 763.46 4.803
2013 02 16 04 37 37.320 SIL 5.778 125.779 116.4 1.14922 36.2379 1.001 271.09 89.4293 301.191 763.876 763.65 4.645
2013 03 19 03 29 02.700 SIL -58.981 -24.569 52 1.14922 36.2379 1.001 63.905 76.379 302.324 704.629 704.15 5.659
2013 03 27 02 03 19.940 SIL 23.881 121.135 18.6 1.14922 36.2379 1.001 268.99 84.8696 300.78 752.845 753.50 5.033
2013 04 09 11 52 50.190 SIL 28.446 51.629 12.8 1.14922 36.2379 1.001 211.138 30.8748 301.636 377.451 377.19 8.820
2013 07 26 21 33 00.60 SIL -58.035 -24.28 17 1.14922 36.2379 1.001 63.8533 75.825 302.332 707.272 705.61 5.704
2013 08 17 16 32 31.830 SIL -34.886 54.127 10.9 1.14922 36.2379 1.001 331.177 39.5702 301.009 451.179 452.52 8.323
2013 09 05 04 01 36.70 SIL 15.251 -45.213 10.4 1.14922 36.2379 1.001 91.137 81.4503 299.972 736.902 737.20 5.296
2013 09 06 11 33 54.790 SIL 20.186 122.333 189.4 1.14922 36.2379 1.001 269.733 85.9406 302.265 739.475 738.63 4.896
2013 09 21 01 39 15.480 SIL -7.267 119.95 550.1 1.14922 36.2379 1.001 271.932 83.9076 301.859 693.379 692.24 4.930
2013 09 24 11 29 48.230 SIL 26.91 65.531 15.5 1.14922 36.2379 1.001 232.546 38.0408 302.444 439.214 438.36 8.429
2013 09 28 07 34 07.460 SIL 27.161 65.619 18.7 1.14922 36.2379 1.001 232.394 38.2554 302.473 440.013 439.67 8.415
2012 04 11 08 38 37.800 SLS 2.237 93.014 26.3 -0.09995 36.1278 1.869 268.433 56.919 304.706 585.911 582.73 7.085
2012 04 11 09 27 57.30 SLS 1.218 91.714 10 -0.09995 36.1278 1.869 269.051 55.5976 302.01 576.985 575.78 7.186
2012 04 11 10 43 10.530 SLS 0.767 92.428 21.6 -0.09995 36.1278 1.869 269.373 56.3052 303.549 581.024 579.03 7.133
2012 04 15 05 57 40.120 SLS 2.581 90.335 25 -0.09995 36.1278 1.869 268.031 54.2541 301.508 564.393 563.77 7.281
2012 04 17 19 03 57.120 SLS -59.187 -16.807 13.6 -0.09995 36.1278 1.869 57.1192 71.8351 301.787 683.672 682.86 6.002
2012 05 20 02 03 53.990 SLS 44.873 11.222 17.7 -0.09995 36.1278 1.869 146.613 49.9322 301.813 532.828 533.90 7.586
2012 05 24 22 47 46.470 SLS 73.027 5.505 8.2 -0.09995 36.1278 1.869 148.248 75.4574 300.941 704.476 705.01 5.734
2012 06 10 12 44 16.360 SLS 36.384 28.967 32 -0.09995 36.1278 1.869 168.019 36.9045 303.256 427.901 427.22 8.491
2012 06 16 22 18 49.330 SLS 15.542 119.603 44.9 -0.09995 36.1278 1.869 268.159 83.7383 301.68 745.355 744.20 5.116
2012 06 23 04 34 53.600 SLS 3.002 97.911 101.9 -0.09995 36.1278 1.869 268.289 61.8307 302.592 609.997 608.18 6.698
2012 06 29 21 07 32.950 SLS 43.433 84.612 17.1 -0.09995 36.1278 1.869 238.695 61.2056 302.543 614.598 614.47 6.769
2012 07 25 00 27 45.820 SLS 2.625 96.11 28.6 -0.09995 36.1278 1.869 268.38 60.0217 303.67 606.855 604.04 6.860
2012 07 26 05 33 33.860 SLS -17.55 66.29 16.2 -0.09995 36.1278 1.869 297.132 34.3728 302.449 407.594 406.57 8.659
2012 08 11 12 23 17.670 SLS 38.402 46.838 8.7 -0.09995 36.1278 1.869 196.965 39.5619 302.924 453.259 452.91 8.324
2012 08 11 12 34 36.600 SLS 38.379 46.795 18.9 -0.09995 36.1278 1.869 196.907 39.5301 301.193 449.588 451.06 8.323
2012 08 12 10 47 07.390 SLS 35.652 82.541 14 -0.09995 36.1278 1.869 241.001 55.9098 300.45 577.065 578.02 7.157
2012 08 18 09 41 55.160 SLS -1.351 120.127 27.9 -0.09995 36.1278 1.869 270.041 83.9985 300.548 747.393 747.70 5.099
2012 08 30 13 43 25.300 SLS 71.446 -11.034 11.1 -0.09995 36.1278 1.869 131.322 77.5246 301.06 715.765 716.14 5.586
2012 09 03 18 23 08.350 SLS -10.677 113.964 34.8 -0.09995 36.1278 1.869 272.172 78.0285 301.576 715.231 714.91 5.548
2012 09 14 04 51 48.60 SLS -3.3 100.67 23.3 -0.09995 36.1278 1.869 271.45 64.5806 301.487 636.432 635.31 6.533
2012 10 17 04 42 31.60 SLS 4.179 124.561 338.4 -0.09995 36.1278 1.869 269.788 88.4445 301.18 735.125 734.38 4.659
2012 11 11 01 12 39.150 SLS 22.89 95.848 14.2 -0.09995 36.1278 1.869 257.174 62.334 301.406 622.261 622.06 6.690
2011 03 20 08 26 11.110 TOR1 19.074 121.306 39.9 -0.17793 36.0068 1.942 268.302 85.6122 301.986 755.876 754.23 4.967
2011 03 24 13 55 13.390 TOR1 20.629 99.917 12.8 -0.17793 36.0068 1.942 260.089 65.7423 302.332 645.942 644.63 6.448
2011 04 01 13 29 11.510 TOR1 35.731 26.546 75.5 -0.17793 36.0068 1.942 164.073 36.7975 301.013 420.503 421.92 8.478
2011 04 03 20 06 43.260 TOR1 -9.734 107.769 31.9 -0.17793 36.0068 1.942 272.985 71.9991 302.105 681.845 680.55 5.992
2011 04 24 23 07 54.700 TOR1 -4.48 122.864 28.3 -0.17793 36.0068 1.942 270.068 86.8529 304.309 764.609 761.87 4.870
2011 05 15 13 08 15.420 TOR1 0.458 -25.608 18.9 -0.17793 36.0068 1.942 90.4467 61.6175 295.697 611.277 616.28 6.745
2011 07 11 20 47 04.890 TOR1 9.527 122.245 21.6 -0.17793 36.0068 1.942 269.206 86.3186 304.067 763.177 760.25 4.913
2011 07 15 13 26 02.850 TOR1 -60.986 -23.662 8.6 -0.17793 36.0068 1.942 63.0193 75.5883 305.868 710.018 705.58 5.725
2011 07 19 19 35 43.380 TOR1 40.156 71.501 19.5 -0.17793 36.0068 1.942 227.861 51.5365 301.677 545.297 545.45 7.471
2012 05 20 02 03 53.990 TOR1 44.873 11.222 17.7 -0.17793 36.0068 1.942 146.798 49.9563 301.829 532.839 534.09 7.584
2012 05 24 22 47 46.470 TOR1 73.027 5.505 8.2 -0.17793 36.0068 1.942 148.384 75.5152 304.049 707.579 705.34 5.729
2012 06 10 12 44 16.360 TOR1 36.384 28.967 32 -0.17793 36.0068 1.942 168.239 36.9608 302.609 428.249 427.70 8.487
2012 06 16 22 18 49.330 TOR1 15.542 119.603 44.9 -0.17793 36.0068 1.942 268.117 83.8756 303.463 747.133 744.91 5.105
2012 06 23 04 34 53.600 TOR1 3.002 97.911 101.9 -0.17793 36.0068 1.942 268.209 61.9561 302.486 610.886 609.02 6.689
2012 06 29 21 07 32.950 TOR1 43.433 84.612 17.1 -0.17793 36.0068 1.942 238.748 61.3415 302.699 615.749 615.39 6.758
2013 03 19 03 29 02.700 TOR1 -58.981 -24.569 52 -0.17793 36.0068 1.942 64.3278 75.1049 303.196 698.501 696.84 5.750
2013 03 27 02 03 19.940 TOR1 23.881 121.135 18.6 -0.17793 36.0068 1.942 267.873 85.6126 303.21 759.275 757.25 4.972
2013 04 09 11 52 50.190 TOR1 28.446 51.629 12.8 -0.17793 36.0068 1.942 210.396 32.1558 302.001 388.816 388.54 8.773
2013 04 16 10 44 19.30 TOR1 27.97 62.136 63.1 -0.17793 36.0068 1.942 226.249 37.5655 300.797 428.772 429.08 8.438
2013 04 20 00 02 47.980 TOR1 30.268 103.02 18 -0.17793 36.0068 1.942 257.831 70.3479 301.176 672.201 672.79 6.114
2013 05 11 02 08 11.290 TOR1 26.658 57.843 15.1 -0.17793 36.0068 1.942 221.732 33.9716 304.608 406.323 403.83 8.679
2013 06 02 05 43 03.800 TOR1 23.831 121.059 17 -0.17793 36.0068 1.942 267.846 85.5412 303.929 760.134 757.17 4.979
2013 06 13 16 47 25.800 TOR1 -9.951 107.302 20.6 -0.17793 36.0068 1.942 273.143 71.5511 302.755 680.96 679.48 6.028
2013 06 15 16 11 02.90 TOR1 34.45 25.044 21.5 -0.17793 36.0068 1.942 161.098 35.9466 301.936 419.851 420.37 8.555
2013 06 16 21 39 06.600 TOR1 34.424 25.186 25 -0.17793 36.0068 1.942 161.32 35.8842 303.394 419.799 419.37 8.558
2013 06 24 22 04 14.180 TOR1 10.69 -42.668 17.5 -0.17793 36.0068 1.942 92.2907 78.9046 301.764 723.589 722.32 5.488
2013 07 02 07 37 05.90 TOR1 4.69 96.582 25.4 -0.17793 36.0068 1.942 267.175 60.6985 303.536 612.451 609.13 6.812
2013 07 06 05 05 06.960 TOR1 -3.294 100.531 26.1 -0.17793 36.0068 1.942 271.362 64.5576 301.417 634.462 634.76 6.533
2013 07 15 14 03 41.730 TOR1 -61.052 -25.227 19.9 -0.17793 36.0068 1.942 64.4557 76.3011 302.474 708.749 707.76 5.673
2011 03 20 08 26 11.110 VWP 19.074 121.306 39.9 -0.25943 36.0926 2.009 268.198 85.5576 302.251 755.141 753.96 4.971
2011 03 24 13 55 13.390 VWP 20.629 99.917 12.8 -0.25943 36.0926 2.009 259.971 65.6945 301.724 645.334 644.32 6.451
2011 04 01 13 29 11.510 VWP 35.731 26.546 75.5 -0.25943 36.0926 2.009 163.964 36.8956 301.71 422.2 422.76 8.472
2011 04 03 20 06 43.260 VWP -9.734 107.769 31.9 -0.25943 36.0926 2.009 272.917 71.9005 302.526 681.266 679.96 5.999
2011 04 24 23 07 54.700 VWP -4.48 122.864 28.3 -0.25943 36.0926 2.009 269.993 86.7612 302.553 762.853 761.42 4.878
2011 05 14 21 07 21.810 VWP 36.425 70.723 207.6 -0.25943 36.0926 2.009 229.226 48.6254 301.874 503.064 503.68 7.600
2011 05 15 13 08 15.420 VWP 0.458 -25.608 18.9 -0.25943 36.0926 2.009 90.5376 61.7042 312.341 627.921 616.87 6.739
2011 07 11 20 47 04.890 VWP 9.527 122.245 21.6 -0.25943 36.0926 2.009 269.112 86.2474 303.67 761.785 759.90 4.919
2011 07 15 13 26 02.850 VWP -60.986 -23.662 8.6 -0.25943 36.0926 2.009 63.1354 75.5527 304.427 708.582 705.37 5.728
2011 07 19 19 35 43.380 VWP 40.156 71.501 19.5 -0.25943 36.0926 2.009 227.713 51.5545 300.931 544.556 545.59 7.470
2012 06 10 12 44 16.360 VWP 36.384 28.967 32 -0.25943 36.0926 2.009 168.121 37.0548 302.647 428.287 428.50 8.481
2012 06 16 22 18 49.330 VWP 15.542 119.603 44.9 -0.25943 36.0926 2.009 268.015 83.8148 302.544 746.214 744.60 5.109
2012 06 23 04 34 53.600 VWP 3.002 97.911 101.9 -0.25943 36.0926 2.009 268.112 61.8755 302.65 610.05 608.48 6.695
2012 06 29 21 07 32.950 VWP 43.433 84.612 17.1 -0.25943 36.0926 2.009 238.614 61.3515 303.094 616.144 615.46 6.757
2012 07 25 00 27 45.820 VWP 2.625 96.11 28.6 -0.25943 36.0926 2.009 268.2 60.0655 303.137 606.317 604.34 6.857
2012 07 26 05 33 33.860 VWP -17.55 66.29 16.2 -0.25943 36.0926 2.009 296.86 34.3194 302.165 406.305 406.10 8.662
2012 08 11 12 23 17.670 VWP 38.402 46.838 8.7 -0.25943 36.0926 2.009 196.962 39.7242 302.396 453.726 454.27 8.312
2012 08 11 12 34 36.600 VWP 38.379 46.795 18.9 -0.25943 36.0926 2.009 196.904 39.6924 301.359 450.759 452.42 8.311
2012 08 12 10 47 07.390 VWP 35.652 82.541 14 -0.25943 36.0926 2.009 240.895 56.0461 299.386 576.996 579.00 7.147
2013 03 19 03 29 02.700 VWP -58.981 -24.569 52 -0.25943 36.0926 2.009 64.4454 75.0733 303.975 699.28 696.65 5.753
2013 03 27 02 03 19.940 VWP 23.881 121.135 18.6 -0.25943 36.0926 2.009 267.764 85.5669 302.734 757.799 757.03 4.976
2013 04 09 11 52 50.190 VWP 28.446 51.629 12.8 -0.25943 36.0926 2.009 210.184 32.1902 302.627 389.442 388.85 8.771
2013 04 16 10 44 19.30 VWP 27.97 62.136 63.1 -0.25943 36.0926 2.009 226.056 37.5731 300.882 428.857 429.15 8.437
2013 04 20 00 02 47.980 VWP 30.268 103.02 18 -0.25943 36.0926 2.009 257.709 70.3187 301.546 672.571 672.62 6.116
2013 05 11 02 08 11.290 VWP 26.658 57.843 15.1 -0.25943 36.0926 2.009 221.523 33.9857 304.903 406.618 403.96 8.678
2013 06 02 05 43 03.800 VWP 23.831 121.059 17 -0.25943 36.0926 2.009 267.737 85.4954 304.478 759.683 756.94 4.983
2013 06 13 16 47 25.800 VWP -9.951 107.302 20.6 -0.25943 36.0926 2.009 273.076 71.4522 303.347 680.552 678.89 6.035
2013 06 15 16 11 02.90 VWP 34.45 25.044 21.5 -0.25943 36.0926 2.009 160.994 36.0476 302.552 421.467 421.24 8.549
2013 06 16 21 39 06.600 VWP 34.424 25.186 25 -0.25943 36.0926 2.009 161.215 35.985 301.668 419.073 420.24 8.552
2013 06 24 22 04 14.180 VWP 10.69 -42.668 17.5 -0.25943 36.0926 2.009 92.3553 79.004 301.494 723.319 722.86 5.481
2013 07 02 07 37 05.90 VWP 4.69 96.582 25.4 -0.25943 36.0926 2.009 267.073 60.6209 303.031 610.946 608.60 6.817
2013 07 06 05 05 06.960 VWP -3.294 100.531 26.1 -0.25943 36.0926 2.009 271.279 64.4671 300.996 634.041 634.17 6.540
2013 07 15 14 03 41.730 VWP -61.052 -25.227 19.9 -0.25943 36.0926 2.009 64.5716 76.2661 301.439 707.714 707.56 5.675
2013 07 21 23 45 55.920 VWP 34.504 104.26 5.1 -0.25943 36.0926 2.009 257.052 72.2663 301.313 686.398 686.53 5.975
2013 07 22 07 01 41.750 VWP -46.094 34.861 3.2 -0.25943 36.0926 2.009 1.72218 45.6569 302.467 502.722 503.31 7.898
2013 08 17 16 32 31.830 VWP -34.886 54.127 10.9 -0.25943 36.0926 2.009 330.068 38.3484 302.194 441.369 442.21 8.407
2013 09 05 04 01 36.70 VWP 15.251 -45.213 10.4 -0.25943 36.0926 2.009 92.5404 81.6783 301.203 739.138 738.44 5.277
2013 09 06 11 33 54.790 VWP 20.186 122.333 189.4 -0.25943 36.0926 2.009 268.466 86.5574 301.682 741.897 741.66 4.849
2013 09 21 01 39 15.480 VWP -7.267 119.95 550.1 -0.25943 36.0926 2.009 270.518 83.8738 302.558 694.083 692.06 4.932
2013 09 24 11 29 48.230 VWP 26.91 65.531 15.5 -0.25943 36.0926 2.009 231.136 39.1392 302.744 448.519 447.66 8.356
2013 09 28 07 34 07.460 VWP 27.161 65.619 18.7 -0.25943 36.0926 2.009 230.998 39.3574 302.356 449.901 448.99 8.340
