2011 07 11 20 47 04.890 ASSE 9.527 122.245 21.6 13.0628 42.6545 0.0 281.361 77.8425 301.214 715.324 715.66 5.567
2011 07 11 20 47 04.890 CAYE 9.527 122.245 21.6 14.862 39.3051 0.0 283.584 80.8428 301.12 732.23 732.00 5.344
2011 07 11 20 47 04.890 EITE 9.527 122.245 21.6 15.2359 38.7779 0.0 284.024 81.2993 301.39 734.5 734.43 5.308
2011 07 11 20 47 04.890 TIOE 9.527 122.245 21.6 14.6651 40.8666 0.0 283.192 79.3692 300.564 723.674 724.05 5.456
2011 07 19 19 35 43.380 ASSE 40.156 71.501 19.5 13.0628 42.6545 0.0 231.338 37.0196 300.201 427.821 428.78 8.496
2011 07 19 19 35 43.380 CAYE 40.156 71.501 19.5 14.862 39.3051 0.0 237.339 37.733 300.087 433.707 434.65 8.451
2011 07 19 19 35 43.380 EITE 40.156 71.501 19.5 15.2359 38.7779 0.0 238.363 37.7997 300.511 434.131 435.19 8.446
2011 07 19 19 35 43.380 FAME 40.156 71.501 19.5 13.5684 41.5196 0.0 233.287 37.3149 300.767 430.387 431.23 8.477
2011 07 19 19 35 43.380 TIOE 40.156 71.501 19.5 14.6651 40.8666 0.0 235.252 36.8846 299.712 426.332 427.50 8.506
2011 07 23 04 34 24.500 ASSE 38.914 141.922 45.9 13.0628 42.6545 0.0 285.868 88.9646 300.218 768.718 769.22 4.708
2011 07 23 04 34 24.500 FAME 38.914 141.922 45.9 13.5684 41.5196 0.0 286.961 89.4925 299.908 771.408 771.67 4.668
2011 07 23 04 34 24.500 TIOE 38.914 141.922 45.9 14.6651 40.8666 0.0 288.204 89.278 299.567 770.067 770.63 4.685
2011 07 24 18 51 24.910 ASSE 37.739 141.559 41.1 13.0628 42.6545 0.0 285.665 89.0086 300.456 769.546 770.00 4.706
2011 07 24 18 51 24.910 FAME 37.739 141.559 41.1 13.5684 41.5196 0.0 286.747 89.5594 300.212 772.302 772.56 4.663
2011 07 24 18 51 24.910 TIOE 37.739 141.559 41.1 14.6651 40.8666 0.0 287.994 89.3711 299.914 771.004 771.64 4.679
2011 07 30 18 53 51.870 ASSE 36.964 141.077 48.1 13.0628 42.6545 0.0 285.39 88.8456 302.312 769.442 768.43 4.717
2011 07 30 18 53 51.870 FAME 36.964 141.077 48.1 13.5684 41.5196 0.0 286.464 89.4124 302.008 772.138 771.06 4.673
2011 07 30 18 53 51.870 TIOE 36.964 141.077 48.1 14.6651 40.8666 0.0 287.713 89.2426 301.915 771.045 770.23 4.687
2011 08 01 14 58 10.610 ASSE 34.671 138.522 23.1 13.0628 42.6545 0.0 283.99 87.4168 300.911 765.301 764.93 4.834
2011 08 01 14 58 10.610 CAYE 34.671 138.522 23.1 14.862 39.3051 0.0 287.327 89.0442 299.176 771.566 772.61 4.708
2011 08 01 14 58 10.610 EITE 34.671 138.522 23.1 15.2359 38.7779 0.0 287.926 89.2419 298.863 772.253 773.53 4.693
2011 08 01 14 58 10.610 FAME 34.671 138.522 23.1 13.5684 41.5196 0.0 285.036 88.0344 299.71 767.1 767.88 4.787
2011 08 01 14 58 10.610 TIOE 34.671 138.522 23.1 14.6651 40.8666 0.0 286.293 87.9255 299.849 766.239 767.32 4.796
2011 08 10 23 45 43.80 ASSE -7.102 -12.805 11.7 13.0628 42.6545 0.0 70.089 58.6182 301.241 597.161 597.16 6.961
2011 08 10 23 45 43.80 CAYE -7.102 -12.805 11.7 14.862 39.3051 0.0 66.8749 56.0782 302.295 580.215 579.31 7.148
2011 08 10 23 45 43.80 EITE -7.102 -12.805 11.7 15.2359 38.7779 0.0 66.2462 55.7225 301.467 577.387 576.78 7.174
2011 08 10 23 45 43.80 FAME -7.102 -12.805 11.7 13.5684 41.5196 0.0 69.1407 57.7104 302.23 592.15 590.83 7.027
2011 08 10 23 45 43.80 TIOE -7.102 -12.805 11.7 14.6651 40.8666 0.0 67.6805 57.4444 302.057 589.977 588.99 7.047
2011 08 16 11 03 57.630 ASSE -2.302 128.036 38.7 13.0628 42.6545 0.0 283.184 86.0181 302.114 757.484 756.40 4.933
2011 08 16 11 03 57.630 CAYE -2.302 128.036 38.7 14.862 39.3051 0.0 284.806 89.3566 301.907 773.277 772.43 4.671
2011 08 16 11 03 57.630 EITE -2.302 128.036 38.7 15.2359 38.7779 0.0 285.156 89.8814 301.969 775.339 774.88 4.643
2011 08 16 11 03 57.630 FAME -2.302 128.036 38.7 13.5684 41.5196 0.0 283.626 87.1489 302.542 762.912 761.93 4.844
2011 08 16 11 03 57.630 TIOE -2.302 128.036 38.7 14.6651 40.8666 0.0 284.683 87.8383 301.483 765.853 765.26 4.791
2011 08 19 05 36 32.900 ASSE 37.669 141.693 48.6 13.0628 42.6545 0.0 285.748 89.1299 300.338 769.438 769.69 4.695
2011 08 19 05 36 32.900 FAME 37.669 141.693 48.6 13.5684 41.5196 0.0 286.829 89.6813 301.131 772.231 772.25 4.651
2011 08 19 05 36 32.900 TIOE 37.669 141.693 48.6 14.6651 40.8666 0.0 288.076 89.4938 300.798 770.898 771.33 4.667
2011 08 22 20 12 21.270 CAYE -6.356 104.004 33.4 14.862 39.3051 0.0 288.869 67.4976 301.597 653.327 652.83 6.315
2011 08 22 20 12 21.270 EITE -6.356 104.004 33.4 15.2359 38.7779 0.0 289.132 68.0793 301.179 656.909 656.50 6.273
2011 08 22 20 12 21.270 FAME -6.356 104.004 33.4 13.5684 41.5196 0.0 288.053 65.1086 300.819 637.549 637.53 6.489
2011 08 22 20 12 21.270 TIOE -6.356 104.004 33.4 14.6651 40.8666 0.0 289.051 65.9835 301.169 642.899 643.19 6.424
2011 08 30 06 57 41.540 CAYE -6.359 126.75 467.2 14.862 39.3051 0.0 284.958 89.1519 300.498 723.958 724.90 4.639
2011 08 30 06 57 41.540 EITE -6.359 126.75 467.2 15.2359 38.7779 0.0 285.268 89.7011 299.824 726.284 727.45 4.635
2011 08 30 06 57 41.540 FAME -6.359 126.75 467.2 13.5684 41.5196 0.0 283.943 86.8633 299.895 713.355 714.22 4.736
2011 08 30 06 57 41.540 TIOE -6.359 126.75 467.2 14.6651 40.8666 0.0 284.947 87.6287 300.099 716.559 717.82 4.677
2011 09 03 04 48 58.780 ASSE -56.561 -26.923 96.3 13.0628 42.6545 0.0 65.9523 89.9299 301.748 768.968 769.00 4.642
2011 09 03 04 48 58.780 CAYE -56.561 -26.923 96.3 14.862 39.3051 0.0 62.2437 89.7975 302.333 768.553 768.48 4.642
2011 09 03 04 48 58.780 EITE -56.561 -26.923 96.3 15.2359 38.7779 0.0 61.6163 89.8607 302.367 768.587 768.79 4.642
2011 09 03 04 48 58.780 FAME -56.561 -26.923 96.3 13.5684 41.5196 0.0 64.7468 89.7891 302.254 768.474 768.37 4.642
2011 09 05 17 55 12.930 ASSE 3.025 97.999 106.6 13.0628 42.6545 0.0 283.688 55.589 302.379 565.449 564.47 7.152
2011 09 05 17 55 12.930 CAYE 3.025 97.999 106.6 14.862 39.3051 0.0 285.441 58.9947 302.628 589.698 588.40 6.905
2011 09 05 17 55 12.930 EITE 3.025 97.999 106.6 15.2359 38.7779 0.0 285.814 59.5372 302.384 593.454 592.14 6.866
2011 09 05 17 55 12.930 FAME 3.025 97.999 106.6 13.5684 41.5196 0.0 284.167 56.7356 302.911 573.981 572.62 7.067
2011 09 05 17 55 12.930 TIOE 3.025 97.999 106.6 14.6651 40.8666 0.0 285.386 57.4721 302.696 578.766 577.82 7.011
2011 09 15 08 00 08.900 ASSE 36.264 141.434 24.3 13.0628 42.6545 0.0 285.612 89.3092 301.451 774.551 773.72 4.686
2011 09 15 08 00 08.900 FAME 36.264 141.434 24.3 13.5684 41.5196 0.0 286.679 89.887 302.341 777.441 776.39 4.643
2011 09 15 08 00 08.900 TIOE 36.264 141.434 24.3 14.6651 40.8666 0.0 287.93 89.7299 301.052 776.152 775.62 4.654
2011 09 16 21 08 05.980 ASSE 40.231 143.118 25.4 13.0628 42.6545 0.0 286.607 89.4844 301.127 774.147 774.33 4.673
2011 09 16 21 08 05.980 FAME 40.231 143.118 25.4 13.5684 41.5196 0.0 287.713 89.983 300.664 776.684 776.63 4.643
2011 09 16 21 08 05.980 TIOE 40.231 143.118 25.4 14.6651 40.8666 0.0 288.95 89.7353 300.994 775.014 775.44 4.654
2011 09 18 12 40 49.580 ASSE 27.803 88.153 29.6 13.0628 42.6545 0.0 260.367 44.8258 300.606 491.026 491.18 7.965
2011 09 18 12 40 49.580 CAYE 27.803 88.153 29.6 14.862 39.3051 0.0 264.551 47.004 301.062 508.482 508.25 7.808
2011 09 18 12 40 49.580 EITE 27.803 88.153 29.6 15.2359 38.7779 0.0 265.297 47.3177 301.447 510.867 510.68 7.784
2011 09 18 12 40 49.580 FAME 27.803 88.153 29.6 13.5684 41.5196 0.0 261.686 45.5985 300.918 497.338 497.28 7.907
2011 09 18 12 40 49.580 TIOE 27.803 88.153 29.6 14.6651 40.8666 0.0 263.442 45.7092 300.453 497.873 498.11 7.901
2011 10 13 03 16 32.90 CAYE -9.363 114.555 63.2 14.862 39.3051 0.0 287.304 78.3601 300.644 713.554 713.71 5.511
2011 10 13 03 16 32.90 DOLE -9.363 114.555 63.2 15.0968 39.9806 0.0 287.688 77.7773 299.837 709.747 710.49 5.556
2011 10 13 03 16 32.90 EITE -9.363 114.555 63.2 15.2359 38.7779 0.0 287.557 78.9398 300.509 716.419 716.90 5.471
2011 10 13 03 16 32.90 FAME -9.363 114.555 63.2 13.5684 41.5196 0.0 286.523 75.9758 299.764 699.674 700.35 5.685
2011 10 13 03 16 32.90 TIOE -9.363 114.555 63.2 14.6651 40.8666 0.0 287.463 76.8447 299.401 704.311 705.28 5.625
2011 10 14 06 10 14.730 CAYE 54.073 123.813 13.9 14.862 39.3051 0.0 274.482 74.9026 299.558 698.828 699.82 5.788
2011 10 14 06 10 14.730 EITE 54.073 123.813 13.9 15.2359 38.7779 0.0 275.135 74.917 300.449 699.719 699.88 5.787
2011 10 21 08 02 37.620 CAYE 43.872 142.531 189.0 14.862 39.3051 0.0 289.705 89.0814 301.541 753.921 753.06 4.663
2011 10 21 08 02 37.620 EITE 43.872 142.531 189.0 15.2359 38.7779 0.0 290.328 89.1754 300.678 754.058 753.48 4.656
2011 10 21 08 02 37.620 TIOE 43.872 142.531 189.0 14.6651 40.8666 0.0 288.497 88.1528 301.007 749.387 748.72 4.736
2011 11 08 02 59 08.670 ASSE 27.25 125.723 228.2 13.0628 42.6545 0.0 278.605 78.0546 299.855 692.185 693.04 5.492
2011 11 08 02 59 08.670 CAYE 27.25 125.723 228.2 14.862 39.3051 0.0 281.674 80.2196 300.006 704.336 704.69 5.334
2011 11 08 02 59 08.670 DOLE 27.25 125.723 228.2 15.0968 39.9806 0.0 281.602 79.5299 299.953 700.283 700.99 5.386
2011 11 08 02 59 08.670 EITE 27.25 125.723 228.2 15.2359 38.7779 0.0 282.237 80.5179 300.411 705.741 706.26 5.310
2011 11 08 02 59 08.670 FAME 27.25 125.723 228.2 13.5684 41.5196 0.0 279.552 78.8364 300.304 696.634 697.29 5.437
2011 11 08 02 59 08.670 TIOE 27.25 125.723 228.2 14.6651 40.8666 0.0 280.833 78.9405 299.689 697.019 697.82 5.429
2011 11 14 04 05 12.500 ASSE -0.953 126.879 24.4 13.0628 42.6545 0.0 283.131 84.5869 300.302 750.802 751.23 5.054
2011 11 14 04 05 12.500 CAYE -0.953 126.879 24.4 14.862 39.3051 0.0 284.815 87.8959 300.325 766.825 767.51 4.790
2011 11 14 04 05 12.500 DOLE -0.953 126.879 24.4 15.0968 39.9806 0.0 285.067 87.2499 300.015 763.515 764.40 4.839
2011 11 14 04 05 12.500 EITE -0.953 126.879 24.4 15.2359 38.7779 0.0 285.174 88.4146 300.539 769.039 769.98 4.749
2011 11 14 04 05 12.500 FAME -0.953 126.879 24.4 13.5684 41.5196 0.0 283.594 85.7095 300.906 756.406 756.85 4.962
2011 11 14 04 05 12.500 TIOE -0.953 126.879 24.4 14.6651 40.8666 0.0 284.665 86.38 299.675 759.175 760.16 4.907
2011 11 23 19 24 32.250 ASSE 37.376 141.462 42.7 13.0628 42.6545 0.0 285.613 89.0321 301.179 770.929 769.93 4.704
2011 11 23 19 24 32.250 FAME 37.376 141.462 42.7 13.5684 41.5196 0.0 286.691 89.5898 302.026 773.776 772.51 4.660
2011 11 24 10 25 34.930 ASSE 41.891 142.797 48.2 13.0628 42.6545 0.0 286.374 88.7809 301.215 768.285 768.06 4.723
2011 11 24 10 25 34.930 CAYE 41.891 142.797 48.2 14.862 39.3051 0.0 289.9 89.9362 301.371 773.441 773.37 4.643
2011 11 24 10 25 34.930 DOLE 41.891 142.797 48.2 15.0968 39.9806 0.0 289.622 89.3013 301.197 770.267 770.42 4.684
2011 11 24 10 25 34.930 FAME 41.891 142.797 48.2 13.5684 41.5196 0.0 287.493 89.25 301.418 770.488 770.24 4.687
2011 11 24 10 25 34.930 TIOE 41.891 142.797 48.2 14.6651 40.8666 0.0 288.723 88.97 300.745 768.815 768.88 4.709
2011 11 30 00 27 08.880 ASSE 15.429 119.098 21.1 13.0628 42.6545 0.0 279.363 73.7598 301.846 692.966 692.33 5.868
2011 11 30 00 27 08.880 CAYE 15.429 119.098 21.1 14.862 39.3051 0.0 281.898 76.5472 302.045 709.165 708.35 5.663
2011 11 30 00 27 08.880 DOLE 15.429 119.098 21.1 15.0968 39.9806 0.0 281.987 75.8593 301.776 704.896 704.44 5.710
2011 11 30 00 27 08.880 EITE 15.429 119.098 21.1 15.2359 38.7779 0.0 282.385 76.9631 302.213 711.333 710.69 5.634
2011 11 30 00 27 08.880 FAME 15.429 119.098 21.1 13.5684 41.5196 0.0 280.121 74.73 301.582 698.702 697.97 5.795
2011 12 13 07 52 12.30 ASSE 0.047 123.063 167.4 13.0628 42.6545 0.0 283.148 80.6451 299.482 713.453 714.07 5.313
2011 12 13 07 52 12.30 CAYE 0.047 123.063 167.4 14.862 39.3051 0.0 284.846 83.9529 300.307 731.277 731.23 5.063
2011 12 13 07 52 12.30 DOLE 0.047 123.063 167.4 15.0968 39.9806 0.0 285.1 83.3071 300.64 727.61 727.95 5.114
2011 12 13 07 52 12.30 EITE 0.047 123.063 167.4 15.2359 38.7779 0.0 285.206 84.4718 300.664 733.634 733.85 5.023
2011 12 13 07 52 12.30 FAME 0.047 123.063 167.4 13.5684 41.5196 0.0 283.617 81.767 300.674 719.644 719.98 5.228
2011 12 13 07 52 12.30 TIOE 0.047 123.063 167.4 14.6651 40.8666 0.0 284.695 82.437 299.941 722.911 723.47 5.181
2011 12 27 15 21 57.570 ASSE 51.834 95.964 12.8 13.0628 42.6545 0.0 247.904 57.4935 298.797 586.227 588.84 7.046
2011 12 27 15 21 57.570 CAYE 51.834 95.964 12.8 14.862 39.3051 0.0 252.248 58.0174 298.417 589.847 592.38 7.007
2011 12 27 15 21 57.570 DOLE 51.834 95.964 12.8 15.0968 39.9806 0.0 251.805 57.4338 298.076 585.506 588.28 7.052
2011 12 27 15 21 57.570 EITE 51.834 95.964 12.8 15.2359 38.7779 0.0 252.991 58.0358 298.367 589.797 592.48 7.006
2011 12 27 15 21 57.570 FAME 51.834 95.964 12.8 13.5684 41.5196 0.0 249.31 57.7447 298.844 588.274 590.57 7.027
2011 12 27 15 21 57.570 TIOE 51.834 95.964 12.8 14.6651 40.8666 0.0 250.687 57.2541 298.067 584.497 587.05 7.065
2012 01 01 05 27 55.800 CAYE 31.468 138.183 359.7 14.862 39.3051 0.0 287.177 89.7199 299.738 736.938 737.61 4.639
2012 01 01 05 27 55.800 DOLE 31.468 138.183 359.7 15.0968 39.9806 0.0 287.025 89.0433 300.338 733.538 734.47 4.642
2012 01 01 05 27 55.800 EITE 31.468 138.183 359.7 15.2359 38.7779 0.0 287.764 89.9499 299.625 737.825 738.66 4.638
2012 01 01 05 27 55.800 FAME 31.468 138.183 359.7 13.5684 41.5196 0.0 284.945 88.5858 300.354 731.554 732.39 4.648
2012 01 01 05 27 55.800 TIOE 31.468 138.183 359.7 14.6651 40.8666 0.0 286.206 88.5461 299.93 731.13 732.18 4.652
2012 01 10 18 37 00.190 CAYE 2.43 93.208 20.9 14.862 39.3051 0.0 286.448 54.5547 301.177 566.987 566.59 7.260
2012 01 10 18 37 00.190 DOLE 2.43 93.208 20.9 15.0968 39.9806 0.0 286.844 53.9402 301.221 562.031 562.12 7.303
2012 01 10 18 37 00.190 FAME 2.43 93.208 20.9 13.5684 41.5196 0.0 285.215 52.2556 301.132 549.942 549.70 7.426
2012 01 10 18 37 00.190 TIOE 2.43 93.208 20.9 14.6651 40.8666 0.0 286.465 53.0315 300.594 555.404 555.45 7.371
2012 01 22 05 53 43.130 CAYE -56.931 -25.229 18.7 14.862 39.3051 0.0 60.8228 89.1539 303.327 777.197 775.11 4.678
2012 01 22 05 53 43.130 DOLE -56.931 -25.229 18.7 15.0968 39.9806 0.0 61.2737 89.6806 303.587 779.457 777.56 4.643
2012 01 22 05 53 43.130 FAME -56.931 -25.229 18.7 13.5684 41.5196 0.0 63.3259 89.1124 302.972 776.842 774.85 4.683
2012 01 22 05 53 43.130 TIOE -56.931 -25.229 18.7 14.6651 40.8666 0.0 62.2303 89.7367 304.047 779.917 777.80 4.643
2012 02 06 03 49 13.920 CAYE 9.919 123.216 17.5 14.862 39.3051 0.0 283.654 81.6814 301.93 738.01 737.10 5.278
2012 02 06 03 49 13.920 DOLE 9.919 123.216 17.5 15.0968 39.9806 0.0 283.796 81.0024 301.93 734.01 733.50 5.334
2012 02 06 03 49 13.920 FAME 9.919 123.216 17.5 13.5684 41.5196 0.0 282.063 79.7314 302.292 727.372 726.67 5.430
2012 02 06 03 49 13.920 TIOE 9.919 123.216 17.5 14.6651 40.8666 0.0 283.247 80.212 301.552 729.632 729.26 5.394
2012 02 06 10 10 19.820 CAYE 9.899 123.174 12.6 14.862 39.3051 0.0 283.651 81.6459 304.635 740.815 737.72 5.282
2012 02 06 10 10 19.820 DOLE 9.899 123.174 12.6 15.0968 39.9806 0.0 283.794 80.967 303.552 736.732 734.12 5.337
2012 02 06 10 10 19.820 FAME 9.899 123.174 12.6 13.5684 41.5196 0.0 282.061 79.6951 303.925 730.105 727.29 5.434
2012 02 06 10 10 19.820 TIOE 9.899 123.174 12.6 14.6651 40.8666 0.0 283.245 80.1762 303.129 732.309 729.88 5.398
2012 02 26 06 17 19.920 CAYE 51.8 95.98 13.0 14.862 39.3051 0.0 252.283 58.0165 300.169 591.249 592.34 7.007
2012 02 26 06 17 19.920 DOLE 51.8 95.98 13.0 15.0968 39.9806 0.0 251.84 57.4326 299.826 586.906 588.24 7.052
2012 02 26 06 17 19.920 EITE 51.8 95.98 13.0 15.2359 38.7779 0.0 253.025 58.0354 300.121 591.201 592.45 7.006
2012 02 26 06 17 19.920 FAME 51.8 95.98 13.0 13.5684 41.5196 0.0 249.345 57.742 300.563 589.643 590.51 7.027
2012 02 26 06 17 19.920 TIOE 51.8 95.98 13.0 14.6651 40.8666 0.0 250.722 57.2522 299.812 585.892 587.00 7.065
2012 03 14 12 05 06.00 DOLE 35.747 140.824 19.7 15.0968 39.9806 0.0 288.435 89.8441 299.749 776.749 776.83 4.646
2012 03 14 12 05 06.00 FAME 35.747 140.824 19.7 13.5684 41.5196 0.0 286.325 89.5593 300.925 775.925 775.56 4.668
2012 03 27 11 00 44.80 FAME 39.856 142.204 14.4 13.5684 41.5196 0.0 287.13 89.4257 300.709 776.629 775.78 4.680
2012 04 11 08 38 37.800 CAYE 2.237 93.014 26.3 14.862 39.3051 0.0 286.61 54.4234 303.041 566.241 564.89 7.268
2012 04 11 08 38 37.800 DOLE 2.237 93.014 26.3 15.0968 39.9806 0.0 287.011 53.8106 302.074 561.274 560.43 7.310
2012 04 11 08 38 37.800 EITE 2.237 93.014 26.3 15.2359 38.7779 0.0 286.974 54.9798 303.213 570.413 568.92 7.227
2012 04 11 08 38 37.800 FAME 2.237 93.014 26.3 13.5684 41.5196 0.0 285.39 52.1192 303.021 549.221 547.94 7.435
2012 04 11 08 38 37.800 TIOE 2.237 93.014 26.3 14.6651 40.8666 0.0 286.638 52.9003 302.507 554.707 553.74 7.379
2012 04 11 09 27 57.30 CAYE 1.218 91.714 10.0 14.862 39.3051 0.0 287.554 53.4786 300.879 560.849 560.49 7.341
2012 04 11 09 27 57.30 DOLE 1.218 91.714 10.0 15.0968 39.9806 0.0 287.981 52.8755 300.838 555.808 556.05 7.385
2012 04 11 09 27 57.30 EITE 1.218 91.714 10.0 15.2359 38.7779 0.0 287.901 54.0433 301.133 565.103 564.62 7.299
2012 04 11 09 27 57.30 FAME 1.218 91.714 10.0 13.5684 41.5196 0.0 286.404 51.1466 301.44 543.41 543.16 7.511
2012 04 11 09 27 57.30 TIOE 1.218 91.714 10.0 14.6651 40.8666 0.0 287.638 51.9568 300.102 549.072 549.24 7.451
2012 04 11 10 43 10.530 CAYE 0.767 92.428 21.6 14.862 39.3051 0.0 287.72 54.2946 302.628 566.098 564.65 7.278
2012 04 11 10 43 10.530 DOLE 0.767 92.428 21.6 15.0968 39.9806 0.0 288.146 53.6931 301.737 561.207 560.26 7.321
2012 04 11 10 43 10.530 EITE 0.767 92.428 21.6 15.2359 38.7779 0.0 288.061 54.8606 302.816 570.286 568.76 7.237
2012 04 11 10 43 10.530 FAME 0.767 92.428 21.6 13.5684 41.5196 0.0 286.596 51.9584 302.244 548.714 547.43 7.448
2012 04 11 10 43 10.530 TIOE 0.767 92.428 21.6 14.6651 40.8666 0.0 287.811 52.7732 302.01 554.48 553.49 7.389
2012 04 15 05 57 40.120 CAYE 2.581 90.335 25.0 14.862 39.3051 0.0 286.831 51.7616 298.037 542.917 545.47 7.462
2012 04 15 05 57 40.120 DOLE 2.581 90.335 25.0 15.0968 39.9806 0.0 287.254 51.152 298.035 537.915 540.91 7.507
2012 04 15 05 57 40.120 EITE 2.581 90.335 25.0 15.2359 38.7779 0.0 287.201 52.3208 298.379 547.259 549.63 7.419
2012 04 15 05 57 40.120 TIOE 2.581 90.335 25.0 14.6651 40.8666 0.0 286.879 50.2388 298.229 531.109 534.02 7.572
2012 04 17 19 03 57.120 CAYE -59.187 -16.807 13.6 14.862 39.3051 0.0 53.5247 86.6162 302.067 763.947 763.92 4.877
2012 04 17 19 03 57.120 DOLE -59.187 -16.807 13.6 15.0968 39.9806 0.0 54.0147 87.1075 301.341 766.221 766.31 4.838
2012 04 17 19 03 57.120 EITE -59.187 -16.807 13.6 15.2359 38.7779 0.0 52.9044 86.735 301.408 764.288 764.52 4.868
2012 04 17 19 03 57.120 FAME -59.187 -16.807 13.6 13.5684 41.5196 0.0 56.0221 86.3885 301.692 762.572 762.74 4.895
2012 04 17 19 03 57.120 TIOE -59.187 -16.807 13.6 14.6651 40.8666 0.0 54.9739 87.092 301.406 766.286 766.21 4.840
2012 05 20 02 03 53.990 ASSE 44.873 11.222 17.7 13.0628 42.6545 0.0 129.904 41.4863 301.319 465.329 466.37 8.199
2012 05 20 02 03 53.990 CAYE 44.873 11.222 17.7 14.862 39.3051 0.0 132.604 38.2026 300.718 437.728 439.05 8.421
2012 05 20 02 03 53.990 DOLE 44.873 11.222 17.7 15.0968 39.9806 0.0 131.516 38.3637 300.454 438.464 440.38 8.411
2012 05 20 02 03 53.990 EITE 44.873 11.222 17.7 15.2359 38.7779 0.0 132.975 37.6146 300.255 432.265 434.08 8.458
2012 05 20 02 03 53.990 FAME 44.873 11.222 17.7 13.5684 41.5196 0.0 130.878 40.454 300.515 456.525 457.86 8.270
2012 05 20 02 03 53.990 TIOE 44.873 11.222 17.7 14.6651 40.8666 0.0 130.757 39.1955 300.57 445.58 447.36 8.355
2012 05 23 15 02 27.110 ASSE 41.356 142.126 64.1 13.0628 42.6545 0.0 285.945 88.4465 299.519 764.409 764.63 4.745
2012 05 23 15 02 27.110 CAYE 41.356 142.126 64.1 14.862 39.3051 0.0 289.459 89.6425 300.047 769.937 770.16 4.652
2012 05 23 15 02 27.110 DOLE 41.356 142.126 64.1 15.0968 39.9806 0.0 289.188 89.0044 299.849 766.739 767.18 4.702
2012 05 23 15 02 27.110 EITE 41.356 142.126 64.1 15.2359 38.7779 0.0 290.078 89.7633 299.368 770.258 770.71 4.643
2012 05 23 15 02 27.110 FAME 41.356 142.126 64.1 13.5684 41.5196 0.0 287.06 88.9284 299.972 766.862 766.88 4.707
2012 05 23 15 02 27.110 TIOE 41.356 142.126 64.1 14.6651 40.8666 0.0 288.292 88.6627 299.321 765.211 765.59 4.729
2012 05 24 22 47 46.470 ASSE 73.027 5.505 8.2 13.0628 42.6545 0.0 138.98 63.7168 298.804 630.334 632.00 6.598
2012 05 24 22 47 46.470 CAYE 73.027 5.505 8.2 14.862 39.3051 0.0 142.19 61.3369 298.585 614.115 616.06 6.769
2012 05 24 22 47 46.470 DOLE 73.027 5.505 8.2 15.0968 39.9806 0.0 141.409 61.2303 298.283 612.813 615.32 6.778
2012 05 24 22 47 46.470 EITE 73.027 5.505 8.2 15.2359 38.7779 0.0 142.683 60.8772 299.385 610.915 612.93 6.804
2012 05 24 22 47 46.470 FAME 73.027 5.505 8.2 13.5684 41.5196 0.0 140.082 63.0076 299.128 625.658 627.30 6.646
2012 05 24 22 47 46.470 TIOE 73.027 5.505 8.2 14.6651 40.8666 0.0 140.545 61.8155 298.555 617.085 619.28 6.734
2012 06 05 19 31 34.840 ASSE 34.976 141.282 20.8 13.0628 42.6545 0.0 285.536 89.5349 303.399 777.559 775.31 4.669
2012 06 16 22 18 49.330 ASSE 15.542 119.603 44.9 13.0628 42.6545 0.0 279.443 74.2218 299.494 691.164 691.90 5.828
2012 06 16 22 18 49.330 CAYE 15.542 119.603 44.9 14.862 39.3051 0.0 281.982 77.0003 299.631 707.301 707.77 5.625
2012 06 16 22 18 49.330 DOLE 15.542 119.603 44.9 15.0968 39.9806 0.0 282.069 76.312 299.465 703.135 703.88 5.674
2012 06 16 22 18 49.330 EITE 15.542 119.603 44.9 15.2359 38.7779 0.0 282.47 77.4144 299.813 709.483 710.08 5.595
2012 06 16 22 18 49.330 FAME 15.542 119.603 44.9 13.5684 41.5196 0.0 280.202 75.1894 300.235 696.905 697.49 5.754
2012 06 16 22 18 49.330 TIOE 15.542 119.603 44.9 14.6651 40.8666 0.0 281.445 75.5694 300.075 698.745 699.66 5.726
2012 06 17 20 32 21.10 ASSE 38.915 142.049 45.1 13.0628 42.6545 0.0 285.947 89.0596 301.008 770.998 769.76 4.701
2012 06 17 20 32 21.10 DOLE 38.915 142.049 45.1 15.0968 39.9806 0.0 289.164 89.7495 301.107 774.097 772.90 4.648
2012 06 17 20 32 21.10 FAME 38.915 142.049 45.1 13.5684 41.5196 0.0 287.041 89.587 301.672 773.662 772.20 4.660
2012 06 17 20 32 21.10 TIOE 38.915 142.049 45.1 14.6651 40.8666 0.0 288.283 89.3718 301.269 772.259 771.16 4.678
2012 06 23 04 34 53.600 ASSE 3.002 97.911 101.9 13.0628 42.6545 0.0 283.713 55.509 300.574 563.974 564.40 7.159
2012 06 23 04 34 53.600 CAYE 3.002 97.911 101.9 14.862 39.3051 0.0 285.463 58.9161 300.918 588.318 588.36 6.912
2012 06 23 04 34 53.600 DOLE 3.002 97.911 101.9 15.0968 39.9806 0.0 285.811 58.2896 301.034 583.434 584.02 6.955
2012 06 23 04 34 53.600 EITE 3.002 97.911 101.9 15.2359 38.7779 0.0 285.837 59.4589 300.66 592.06 592.11 6.873
2012 06 23 04 34 53.600 FAME 3.002 97.911 101.9 13.5684 41.5196 0.0 284.191 56.656 301.177 572.577 572.56 7.074
2012 06 23 04 34 53.600 TIOE 3.002 97.911 101.9 14.6651 40.8666 0.0 285.411 57.3935 300.994 577.394 577.76 7.019
2012 06 29 21 07 32.950 ASSE 43.433 84.612 17.1 13.0628 42.6545 0.0 242.939 47.02 301.106 510.156 510.53 7.807
2012 06 29 21 07 32.950 CAYE 43.433 84.612 17.1 14.862 39.3051 0.0 247.822 47.93 301.622 517.672 517.45 7.744
2012 06 29 21 07 32.950 DOLE 43.433 84.612 17.1 15.0968 39.9806 0.0 247.408 47.3075 301.528 512.578 512.61 7.787
2012 06 29 21 07 32.950 EITE 43.433 84.612 17.1 15.2359 38.7779 0.0 248.662 48.0213 302.129 518.179 518.12 7.738
2012 06 29 21 07 32.950 FAME 43.433 84.612 17.1 13.5684 41.5196 0.0 244.515 47.3887 301.3 513.35 513.35 7.780
2012 06 29 21 07 32.950 TIOE 43.433 84.612 17.1 14.6651 40.8666 0.0 246.16 47.024 301.358 510.408 510.44 7.808
2012 07 25 00 27 45.820 CAYE 2.625 96.11 28.6 14.862 39.3051 0.0 285.903 57.2853 304.18 587.36 585.04 7.057
2012 07 25 00 27 45.820 DOLE 2.625 96.11 28.6 15.0968 39.9806 0.0 286.27 56.6642 303.242 582.422 580.65 7.103
2012 07 25 00 27 45.820 EITE 2.625 96.11 28.6 15.2359 38.7779 0.0 286.271 57.8337 304.059 591.239 588.90 7.015
2012 07 25 00 27 45.820 FAME 2.625 96.11 28.6 13.5684 41.5196 0.0 284.654 55.0071 303.87 571.05 568.77 7.224
2012 07 25 00 27 45.820 TIOE 2.625 96.11 28.6 14.6651 40.8666 0.0 285.881 55.7622 303.025 576.205 574.21 7.169
2012 07 26 05 33 33.860 CAYE -17.55 66.29 16.2 14.862 39.3051 0.0 318.812 41.7813 313.954 481.094 469.85 8.171
2012 07 26 05 33 33.860 EITE -17.55 66.29 16.2 15.2359 38.7779 0.0 318.597 42.3951 313.426 485.566 474.86 8.130
2012 08 12 10 47 07.390 ASSE 35.652 82.541 14.0 13.0628 42.6545 0.0 248.118 42.3304 300.235 472.845 473.52 8.145
2012 08 12 10 47 07.390 CAYE 35.652 82.541 14.0 14.862 39.3051 0.0 253.103 43.8096 300.368 484.978 485.35 8.040
2012 08 12 10 47 07.390 DOLE 35.652 82.541 14.0 15.0968 39.9806 0.0 252.815 43.1453 300.551 479.161 479.99 8.089
2012 08 12 10 47 07.390 EITE 35.652 82.541 14.0 15.2359 38.7779 0.0 253.969 44.0025 300.797 486.407 486.87 8.027
2012 08 12 10 47 07.390 FAME 35.652 82.541 14.0 13.5684 41.5196 0.0 249.718 42.8787 300.771 477.381 477.93 8.107
2012 08 12 10 47 07.390 TIOE 35.652 82.541 14.0 14.6651 40.8666 0.0 251.558 42.7148 300.141 475.751 476.54 8.119
2012 08 14 02 59 38.860 ASSE 49.75 145.305 590.7 13.0628 42.6545 0.0 287.954 88.1376 300.872 708.012 708.18 4.642
2012 08 14 02 59 38.860 CAYE 49.75 145.305 590.7 14.862 39.3051 0.0 291.609 88.7907 300.622 710.762 711.11 4.639
2012 08 14 02 59 38.860 DOLE 49.75 145.305 590.7 15.0968 39.9806 0.0 291.245 88.2005 300.744 707.884 708.37 4.642
2012 08 14 02 59 38.860 EITE 49.75 145.305 590.7 15.2359 38.7779 0.0 292.239 88.8171 300.465 710.605 711.22 4.638
2012 08 14 02 59 38.860 FAME 49.75 145.305 590.7 13.5684 41.5196 0.0 289.129 88.446 300.323 709.463 709.58 4.641
2012 08 14 02 59 38.860 TIOE 49.75 145.305 590.7 14.6651 40.8666 0.0 290.308 87.9975 299.942 707.082 707.46 4.642
2012 08 18 09 41 55.160 ASSE -1.351 120.127 27.9 13.0628 42.6545 0.0 283.562 78.109 299.948 715.788 716.39 5.543
2012 08 18 09 41 55.160 CAYE -1.351 120.127 27.9 14.862 39.3051 0.0 285.148 81.476 300.875 734.715 734.64 5.289
2012 08 18 09 41 55.160 DOLE -1.351 120.127 27.9 15.0968 39.9806 0.0 285.427 80.8399 299.954 730.794 731.26 5.340
2012 08 18 09 41 55.160 EITE -1.351 120.127 27.9 15.2359 38.7779 0.0 285.49 82.0078 300.277 737.117 737.44 5.246
2012 08 18 09 41 55.160 FAME -1.351 120.127 27.9 13.5684 41.5196 0.0 283.993 79.247 300.709 722.549 722.65 5.461
2012 08 18 09 41 55.160 TIOE -1.351 120.127 27.9 14.6651 40.8666 0.0 285.053 79.9556 300.041 725.881 726.51 5.408
2012 08 26 15 05 37.160 ASSE 2.198 126.869 90.9 13.0628 42.6545 0.0 282.823 83.8741 300.875 739.715 739.55 5.092
2012 08 26 15 05 37.160 CAYE 2.198 126.869 90.9 14.862 39.3051 0.0 284.682 87.0892 300.973 755.813 755.50 4.835
2012 08 26 15 05 37.160 DOLE 2.198 126.869 90.9 15.0968 39.9806 0.0 284.9 86.4308 300.512 752.352 752.30 4.887
2012 08 26 15 05 37.160 EITE 2.198 126.869 90.9 15.2359 38.7779 0.0 285.068 87.5883 302.379 759.219 757.90 4.798
2012 08 26 15 05 37.160 TIOE 2.198 126.869 90.9 14.6651 40.8666 0.0 284.452 85.5834 300.263 748.103 748.14 4.955
2012 08 30 13 43 25.300 ASSE 71.446 -11.034 11.1 13.0628 42.6545 0.0 121.159 66.5786 299.708 649.408 650.00 6.391
2012 08 30 13 43 25.300 CAYE 71.446 -11.034 11.1 14.862 39.3051 0.0 124.052 63.9573 299.649 632.349 632.96 6.582
2012 08 30 13 43 25.300 DOLE 71.446 -11.034 11.1 15.0968 39.9806 0.0 123.282 63.9128 299.857 631.557 632.65 6.585
2012 08 30 13 43 25.300 EITE 71.446 -11.034 11.1 15.2359 38.7779 0.0 124.485 63.4603 300.25 628.95 629.67 6.617
2012 08 30 13 43 25.300 TIOE 71.446 -11.034 11.1 14.6651 40.8666 0.0 122.5 64.5633 299.324 636.024 636.92 6.539
2012 08 31 12 47 35.540 ASSE 10.81 126.826 44.4 13.0628 42.6545 0.0 281.782 82.0058 301.487 735.947 735.12 5.245
2012 08 31 12 47 35.540 CAYE 10.81 126.826 44.4 14.862 39.3051 0.0 284.098 84.9176 301.723 751.183 750.05 5.026
2012 08 31 12 47 35.540 DOLE 10.81 126.826 44.4 15.0968 39.9806 0.0 284.219 84.2347 302.015 747.475 746.60 5.079
2012 08 31 12 47 35.540 EITE 10.81 126.826 44.4 15.2359 38.7779 0.0 284.553 85.3559 301.697 753.157 752.24 4.991
2012 08 31 12 47 35.540 TIOE 10.81 126.826 44.4 14.6651 40.8666 0.0 283.651 83.4608 301.923 743.383 742.66 5.141
2012 09 03 18 23 08.350 ASSE -10.677 113.964 34.8 13.0628 42.6545 0.0 286.774 74.5977 301.724 696.374 695.68 5.796
2012 09 03 18 23 08.350 CAYE -10.677 113.964 34.8 14.862 39.3051 0.0 287.701 78.1976 302.765 717.415 716.08 5.532
2012 09 03 18 23 08.350 DOLE -10.677 113.964 34.8 15.0968 39.9806 0.0 288.1 77.6245 301.941 713.591 712.91 5.576
2012 09 03 18 23 08.350 EITE -10.677 113.964 34.8 15.2359 38.7779 0.0 287.939 78.7834 301.655 720.305 719.32 5.490
2012 09 03 18 23 08.350 TIOE -10.677 113.964 34.8 14.6651 40.8666 0.0 287.899 76.6867 301.516 708.166 707.64 5.644
2012 09 14 04 51 48.60 CAYE -3.3 100.67 23.3 14.862 39.3051 0.0 288.317 63.3802 301.524 628.464 627.58 6.616
2012 09 14 04 51 48.60 DOLE -3.3 100.67 23.3 15.0968 39.9806 0.0 288.721 62.7877 304.573 627.513 623.66 6.653
2012 09 14 04 51 48.60 EITE -3.3 100.67 23.3 15.2359 38.7779 0.0 288.611 63.9531 303.912 634.852 631.37 6.575
2012 09 14 04 51 48.60 FAME -3.3 100.67 23.3 13.5684 41.5196 0.0 287.376 61.0195 304.666 615.606 611.76 6.787
2012 09 14 04 51 48.60 TIOE -3.3 100.67 23.3 14.6651 40.8666 0.0 288.445 61.8612 304.122 621.062 617.46 6.723
2012 10 08 11 43 34.100 ASSE -4.541 129.234 29.6 13.0628 42.6545 0.0 283.217 87.6905 301.646 766.546 765.80 4.804
2012 10 08 11 43 34.100 TIOE -4.541 129.234 29.6 14.6651 40.8666 0.0 284.654 89.5586 301.017 774.917 774.64 4.656
