2011 01 28 08 38 20. WP07 28.151 59.052 18.5 -20.3636 13.5201 0.436 227.482 65.2903 302.864 644.84 641.92 6.466
2011 02 15 03 39 49. WP07 -35.4868 -73.1011 17 -20.3636 13.5201 0.436 104.964 75.8152 301.068 707.213 704.42 5.720
2011 03 07 12 31 55. WP07 -18.2064 -69.5006 114.5 -20.3636 13.5201 0.436 107.487 77.5375 301.397 705.788 702.74 5.566
2011 03 07 14 32 22. WP07 -56.41 -26.68 101.2 -20.3636 13.5201 0.436 56.3278 46.694 294.992 494.116 498.44 7.797
2011 12 08 22 22 59. WP07 -27.9324 -71.1344 13.8 -20.3636 13.5201 0.436 105.857 76.2 304.837 713.805 707.25 5.690
2012 01 11 18 36 47. WP07 2.4307 93.2081 20.9 -20.3636 13.5201 0.436 249.089 81.1856 307.857 743.349 734.18 5.313
2012 01 23 05 53 19. WP07 -56.9317 -25.2293 18.7 -20.3636 13.5201 0.436 54.2778 46.3333 300.15 505.447 504.65 7.860
2012 03 06 07 45 34. WP07 -28.2579 -63.2916 551.9 -20.3636 13.5201 0.436 102.608 69.4049 305.623 619.599 612.34 5.983
2010 11 11 04 04 53. WP01 -45.5992 96.3646 15.3 -21.352 15.4404 0.96 260.78 68.8381 307.058 671.664 662.96 6.234
2010 12 09 05 24 05. WP01 -56.4318 -25.64 29 -21.352 15.4404 0.96 57.9712 46.2646 313.54 516.856 502.59 7.862
2010 12 21 18 41 26. WP01 28.3681 59.15 14.5 -21.352 15.4404 0.96 225.297 64.994 312.44 653.134 640.72 6.489
2011 01 03 20 20 08. WP01 -38.3907 -73.3993 24.4 -21.352 15.4404 0.96 106.314 76.1901 299.082 706.174 705.35 5.690
2011 01 19 20 23 22. WP01 28.6831 63.9948 79.9 -21.352 15.4404 0.96 228.756 68.3276 309.146 663.141 653.87 6.228
2011 01 28 08 38 20. WP01 28.151 59.052 18.5 -21.352 15.4404 0.96 225.295 64.7804 299.954 638.607 638.68 6.504
2011 02 12 23 39 12. WP01 -37.2361 -73.4875 16.5 -21.352 15.4404 0.96 106.63 76.5839 302.766 713.322 708.81 5.668
2011 02 13 01 16 31. WP01 -37.0037 -73.1547 10 -21.352 15.4404 0.96 106.502 76.3951 311.498 722.059 708.81 5.681
2011 02 15 03 39 49. WP01 -35.4868 -73.1011 17 -21.352 15.4404 0.96 106.819 76.7876 301.164 712.813 709.90 5.653
2011 03 07 12 31 55. WP01 -18.2064 -69.5006 114.5 -21.352 15.4404 0.96 108.935 79.0151 299.199 711.705 710.86 5.459
2011 03 07 14 32 19. WP01 -56.3864 -27.0253 92 -21.352 15.4404 0.96 59.5376 46.8993 301.862 503.514 500.89 7.787
2011 03 07 14 32 22. WP01 -56.41 -26.68 101.2 -21.352 15.4404 0.96 59.1396 46.7462 301.969 501.489 498.77 7.794
2011 06 21 16 35 44. WP01 -21.771 -68.3834 126.2 -21.352 15.4404 0.96 107.908 76.8969 306.56 706.001 697.75 5.611
2011 07 16 13 25 51. WP01 -60.9862 -23.6628 8.6 -21.352 15.4404 0.96 52.2566 48.0323 301.315 521.421 519.40 7.741
2011 07 20 19 35 10. WP01 40.1562 71.5011 19.5 -21.352 15.4404 0.96 231.656 80.4231 303.792 735.327 731.38 5.358
2011 09 03 13 46 34. WP01 -28.4135 -63.136 592.7 -21.352 15.4404 0.96 104.215 70.4894 309.664 626.702 615.38 5.888
2011 09 04 04 48 30. WP01 -56.5611 -26.9231 96.3 -21.352 15.4404 0.96 59.2846 46.9396 301.641 503.167 500.77 7.781
2011 09 06 17 54 58. WP01 3.0253 97.9991 106.6 -21.352 15.4404 0.96 248.301 84.1695 299.136 739.76 739.37 5.063
2011 09 19 12 40 35. WP01 27.8039 88.1536 29.6 -21.352 15.4404 0.96 243.222 85.5596 308.052 764.694 756.01 4.962
2011 10 24 10 41 05. WP01 38.7294 43.4465 7.6 -21.352 15.4404 0.96 208.808 65.2797 299.333 642.946 644.17 6.463
2011 11 23 18 47 58. WP01 -15.3083 -65.1634 560.3 -21.352 15.4404 0.96 108.592 76.0055 312.259 663.567 649.73 5.511
2011 12 08 22 22 59. WP01 -27.9324 -71.1344 13.8 -21.352 15.4404 0.96 107.552 77.4113 299.364 715.149 714.05 5.607
2011 12 12 09 54 37. WP01 -56.049 -28.2135 130.6 -21.352 15.4404 0.96 61.1016 47.3085 306.091 506.994 500.12 7.742
2012 01 11 18 36 47. WP01 2.4307 93.2081 20.9 -21.352 15.4404 0.96 247.897 79.5088 311.616 738.096 725.17 5.442
2012 01 24 16 04 25. WP01 -36.4552 -73.1816 23.5 -21.352 15.4404 0.96 106.643 76.5719 299.233 708.648 707.66 5.667
2012 01 31 05 10 30. WP01 -14.2139 -75.6584 34.2 -21.352 15.4404 0.96 110.873 85.9294 304.062 761.742 756.16 4.947
2012 03 06 07 45 34. WP01 -28.2579 -63.2916 551.9 -21.352 15.4404 0.96 104.329 70.6606 304.041 625.459 619.76 5.896
2012 03 26 22 36 55. WP01 -35.2035 -72.1268 28.2 -21.352 15.4404 0.96 106.378 76.105 309.301 715.405 704.36 5.696
2012 04 12 10 43 07. WP01 0.7675 92.4284 21.6 -21.352 15.4404 0.96 248.12 78.1674 308.024 727.037 717.67 5.540
2012 05 15 10 00 19. WP01 -17.7968 -69.7926 108.7 -21.352 15.4404 0.96 109.081 79.4105 302.716 718.035 713.68 5.432
2012 06 08 16 02 51. WP01 -15.9117 -72.4723 106.7 -21.352 15.4404 0.96 109.998 82.4558 307.27 738.974 730.11 5.202
2012 06 11 12 44 12. WP01 36.3847 28.9676 32 -21.352 15.4404 0.96 194.764 58.8309 304.761 601.297 597.45 6.923
2012 10 01 16 31 04. WP01 1.9079 -76.3716 155.2 -21.352 15.4404 0.96 111.169 92.3745 306.339 780.408 772.84 4.616
2011 07 17 00 25 45. WP23 -33.8756 -72.1007 20.5 -19.1245 13.6138 0.592 103.809 76.1452 306.636 714.135 705.80 5.693
2011 08 25 17 46 03. WP23 -7.6203 -74.538 149.3 -19.1245 13.6138 0.592 108.643 85.8063 313.267 757.075 742.38 4.922
2011 09 03 13 46 34. WP23 -28.4135 -63.136 592.7 -19.1245 13.6138 0.592 101.323 69.8153 308.191 621.273 611.47 5.934
2011 09 04 04 48 30. WP23 -56.5611 -26.9231 96.3 -19.1245 13.6138 0.592 55.7696 48.0092 314.028 523.872 509.19 7.705
2011 09 06 17 54 58. WP23 3.0253 97.9991 106.6 -19.1245 13.6138 0.592 250.67 85.6812 312.914 761.093 746.91 4.941
2011 10 24 10 41 05. WP23 38.7294 43.4465 7.6 -19.1245 13.6138 0.592 211.559 63.9852 314.848 649.99 635.64 6.559
2012 03 06 07 45 34. WP23 -28.2579 -63.2916 551.9 -19.1245 13.6138 0.592 101.442 69.9804 308.863 626.284 615.80 5.943
2012 04 12 08 38 36. WP23 2.2376 93.0144 26.3 -19.1245 13.6138 0.592 250.333 80.7261 307.205 739.469 730.93 5.349
2012 04 12 10 43 07. WP23 0.7675 92.4284 21.6 -19.1245 13.6138 0.592 250.521 79.6849 312.12 739.463 725.97 5.430
2012 04 18 03 49 58. WP23 -32.6374 -71.5641 29.7 -19.1245 13.6138 0.592 103.84 76.0037 309.275 714.651 703.67 5.702
2012 05 15 10 00 19. WP23 -17.7968 -69.7926 108.7 -19.1245 13.6138 0.592 106.448 78.3246 299.761 709.179 707.78 5.508
2012 06 08 16 02 51. WP23 -15.9117 -72.4723 106.7 -19.1245 13.6138 0.592 107.408 81.3254 305.646 731.468 724.23 5.283
2012 06 24 04 34 50. WP23 3.0022 97.9116 101.9 -19.1245 13.6138 0.592 250.665 85.5912 313.174 761.453 747.01 4.949
2012 08 03 09 38 31. WP23 -8.454 -74.2726 148.8 -19.1245 13.6138 0.592 108.551 85.293 301.211 742.542 739.88 4.964
2011 09 19 12 40 35. WPO03 27.8039 88.1536 29.6 -19.8895 10.7935 -1.257 246.718 88.5388 303.345 774.401 770.37 4.728
2011 10 24 10 41 05. WPO03 38.7294 43.4465 7.6 -19.8895 10.7935 -1.257 213.809 65.8571 300.466 647.818 647.77 6.423
2011 11 23 18 47 58. WPO03 -15.3083 -65.1634 560.3 -19.8895 10.7935 -1.257 106.269 71.9959 306.369 635.042 627.11 5.793
2010 12 09 05 24 05. WP08 -56.4318 -25.64 29 -19.8747 12.977 0.006 54.1942 46.4087 306.346 510.813 503.83 7.851
2011 01 02 09 56 42. WP08 -26.8513 -63.2373 584.3 -19.8747 12.977 0.006 102.412 69.3785 313.349 624.526 609.56 5.967
2011 03 07 12 31 55. WP08 -18.2064 -69.5006 114.5 -19.8747 12.977 0.006 106.871 77.1693 302.221 704.567 700.70 5.594
2011 07 17 00 25 45. WP08 -33.8756 -72.1007 20.5 -19.8747 12.977 0.006 104.148 75.245 309.995 712.335 700.63 5.762
2011 09 03 13 46 34. WP08 -28.4135 -63.136 592.7 -19.8747 12.977 0.006 101.793 68.9643 311.202 619.203 606.38 5.993
2011 09 06 17 54 58. WP08 3.0253 97.9991 106.6 -19.8747 12.977 0.006 249.973 86.3399 311.781 763.183 750.15 4.888
2011 10 29 18 54 18. WP08 -14.5572 -76.1207 29 -19.8747 12.977 0.006 108.973 84.3322 312.144 762.631 748.94 5.077
2011 11 23 18 47 58. WP08 -15.3083 -65.1634 560.3 -19.8747 12.977 0.006 106.644 74.0193 312.257 652.505 638.67 5.653
2012 01 11 18 36 47. WP08 2.4307 93.2081 20.9 -19.8747 12.977 0.006 249.631 81.6446 309.116 747.038 736.60 5.276
2012 01 23 05 53 19. WP08 -56.9317 -25.2293 18.7 -19.8747 12.977 0.006 53.3403 46.5221 303.828 510.615 506.16 7.846
2012 01 24 16 04 25. WP08 -36.4552 -73.1816 23.5 -19.8747 12.977 0.006 104.059 75.4769 310.512 713.713 701.49 5.745
2012 01 31 05 10 30. WP08 -14.2139 -75.6584 34.2 -19.8747 12.977 0.006 108.907 84.0192 310.205 758.346 746.59 5.101
2012 03 26 22 36 55. WP08 -35.2035 -72.1268 28.2 -19.8747 12.977 0.006 103.819 74.9458 311.222 710.703 697.77 5.783
2012 04 12 08 38 36. WP08 2.2376 93.0144 26.3 -19.8747 12.977 0.006 249.64 81.3964 303.54 739.361 734.50 5.295
2012 04 12 10 43 07. WP08 0.7675 92.4284 21.6 -19.8747 12.977 0.006 249.812 80.3409 311.219 742.096 729.52 5.380
2012 04 18 03 49 58. WP08 -32.6374 -71.5641 29.7 -19.8747 12.977 0.006 104.201 75.1115 297.985 698.24 698.54 5.770
2012 10 01 16 31 04. WP08 1.9079 -76.3716 155.2 -19.8747 12.977 0.006 109.762 90.0276 301.822 765.033 761.98 4.641
2011 11 23 18 47 58. WP24 -15.3083 -65.1634 560.3 -19.3302 13.157 0.222 106.125 74.2883 298.485 640.254 640.20 5.634
2011 12 08 22 22 59. WP24 -27.9324 -71.1344 13.8 -19.3302 13.157 0.222 104.749 76.3239 304.803 714.488 707.98 5.683
2012 04 12 10 43 07. WP24 0.7675 92.4284 21.6 -19.3302 13.157 0.222 250.347 80.1309 302.06 731.811 728.39 5.396
2012 05 29 05 07 08. WP24 -28.021 -63.1134 591.1 -19.3302 13.157 0.222 101.471 69.3955 300.229 610.947 609.10 5.963
2012 06 24 04 34 50. WP24 3.0022 97.9116 101.9 -19.3302 13.157 0.222 250.495 86.0379 303.29 753.765 749.21 4.913
2011 01 19 20 23 22. WPO05 28.6831 63.9948 79.9 -17.7497 9.899 -4.09 235.371 69.7353 312.035 674.762 662.36 6.130
2011 03 07 14 32 22. WPO05 -56.41 -26.68 101.2 -17.7497 9.899 -4.09 50.5235 47.3706 300.024 504.444 503.89 7.748
2011 06 21 16 35 44. WPO05 -21.771 -68.3834 126.2 -17.7497 9.899 -4.09 102.7 73.0441 297.96 675.311 675.71 5.890
2011 07 16 13 25 51. WPO05 -60.9862 -23.6628 8.6 -17.7497 9.899 -4.09 43.9964 49.3299 310.606 540.748 529.63 7.644
2011 06 02 12 55 17. WP26 -37.5547 -73.8322 10 -18.2288 13.2738 0.75 102.933 76.8884 302.099 715.485 711.71 5.646
2011 06 21 16 35 44. WP26 -21.771 -68.3834 126.2 -18.2288 13.2738 0.75 104.212 75.9458 309.094 703.211 692.46 5.677
2011 09 04 04 48 30. WP26 -56.5611 -26.9231 96.3 -18.2288 13.2738 0.75 54.8183 48.6359 304.603 519.278 514.05 7.657
2011 09 06 17 54 58. WP26 3.0253 97.9991 106.6 -18.2288 13.2738 0.75 251.587 85.9312 300.357 749.771 748.14 4.920
2011 10 24 20 45 11. WP26 38.5893 43.1165 10.1 -18.2288 13.2738 0.75 212.039 63.0683 310.11 638.774 629.15 6.624
2012 08 03 09 38 31. WP26 -8.454 -74.2726 148.8 -18.2288 13.2738 0.75 107.623 85.0858 300.512 740.824 738.86 4.982
2012 08 12 12 23 15. WP26 38.4023 46.838 8.7 -18.2288 13.2738 0.75 215.591 64.5386 313.744 652.346 638.98 6.521
2012 08 12 12 34 12. WP26 38.3798 46.7958 18.9 -18.2288 13.2738 0.75 215.558 64.5011 298.731 635.434 637.08 6.521
2012 10 01 16 31 04. WP26 1.9079 -76.3716 155.2 -18.2288 13.2738 0.75 108.116 90.2522 305.975 770.241 763.01 4.640
2010 12 09 05 24 05. WP02 -56.4318 -25.64 29 -21.3047 14.4751 0.677 56.8574 45.8534 310.716 510.792 499.37 7.891
2011 01 03 20 20 08. WP02 -38.3907 -73.3993 24.4 -21.3047 14.4751 0.677 105.73 75.4886 304.435 707.524 701.35 5.744
2011 03 07 12 31 55. WP02 -18.2064 -69.5006 114.5 -21.3047 14.4751 0.677 108.649 78.1587 305.739 713.557 706.17 5.519
2011 05 16 13 07 44. WP02 0.4584 -25.6088 18.9 -21.3047 14.4751 0.677 121.425 44.7202 302.91 495.827 492.33 7.971
2011 06 21 16 35 44. WP02 -21.771 -68.3834 126.2 -21.3047 14.4751 0.677 107.572 76.0571 308.476 703.188 693.02 5.671
2011 10 24 10 41 05. WP02 38.7294 43.4465 7.6 -21.3047 14.4751 0.677 209.732 65.6059 310.823 656.551 646.26 6.441
2011 12 08 22 22 59. WP02 -27.9324 -71.1344 13.8 -21.3047 14.4751 0.677 107.117 76.6159 304.346 715.659 709.58 5.664
2012 03 06 07 45 34. WP02 -28.2579 -63.2916 551.9 -21.3047 14.4751 0.677 103.903 69.8534 311.865 628.505 614.99 5.952
2012 03 26 22 36 55. WP02 -35.2035 -72.1268 28.2 -21.3047 14.4751 0.677 105.839 75.3708 310.049 711.957 700.17 5.752
2012 04 15 10 55 55. WP02 -57.5759 -65.3721 8.4 -21.3047 14.4751 0.677 93.4991 66.8671 309.54 662.7 651.66 6.377
2012 06 24 04 34 50. WP02 3.0022 97.9116 101.9 -21.3047 14.4751 0.677 248.427 84.9715 313.136 758.327 743.94 5.001
2012 10 01 16 31 04. WP02 1.9079 -76.3716 155.2 -21.3047 14.4751 0.677 111.142 91.4737 309.455 779.363 768.68 4.629
2011 02 12 20 05 01. WP11 -36.4604 -73.1552 12.8 -18.0783 13.8847 1.211 103.015 77.1677 307.762 722.274 712.84 5.625
2011 03 07 12 31 55. WP11 -18.2064 -69.5006 114.5 -18.0783 13.8847 1.211 105.337 78.4664 299.659 709.203 707.91 5.497
2011 05 16 13 07 44. WP11 0.4584 -25.6088 18.9 -18.0783 13.8847 1.211 117.45 42.9795 302.618 481.534 478.26 8.096
2011 09 06 17 54 58. WP11 3.0253 97.9991 106.6 -18.0783 13.8847 1.211 251.69 85.3402 308.365 754.865 745.22 4.969
2011 09 19 12 40 35. WP11 27.8039 88.1536 29.6 -18.0783 13.8847 1.211 246.776 85.104 313.77 768.148 753.65 5.003
2011 10 24 10 41 05. WP11 38.7294 43.4465 7.6 -18.0783 13.8847 1.211 211.804 62.936 299.216 627.401 628.68 6.634
2011 10 24 20 45 11. WP11 38.5893 43.1165 10.1 -18.0783 13.8847 1.211 211.524 62.6813 302.586 628.668 626.58 6.649
2011 12 12 09 54 37. WP11 -56.049 -28.2135 130.6 -18.0783 13.8847 1.211 57.1858 49.3583 310.746 527.421 516.01 7.592
2012 01 11 18 36 47. WP11 2.4307 93.2081 20.9 -18.0783 13.8847 1.211 251.345 80.6141 307.05 739.512 731.12 5.359
2012 01 16 13 39 55. WP11 -60.701 -55.8579 17.3 -18.0783 13.8847 1.211 81.3946 64.4977 303.282 639.71 635.19 6.545
2012 01 31 05 10 30. WP11 -14.2139 -75.6584 34.2 -18.0783 13.8847 1.211 107.355 85.2612 310.839 765.245 752.88 5.003
2012 04 12 08 38 36. WP11 2.2376 93.0144 26.3 -18.0783 13.8847 1.211 251.357 80.3694 308.794 739.155 729.01 5.377
2012 04 18 03 49 58. WP11 -32.6374 -71.5641 29.7 -18.0783 13.8847 1.211 103.046 76.7476 307.298 716.905 707.92 5.651
2012 05 15 10 00 19. WP11 -17.7968 -69.7926 108.7 -18.0783 13.8847 1.211 105.491 78.8425 313.192 725.459 710.64 5.472
2012 06 03 07 52 34. WP11 -22.1017 -63.6574 539.4 -18.0783 13.8847 1.211 102.697 72.2005 302.799 634.37 629.97 5.789
2012 06 11 12 44 12. WP11 36.3847 28.9676 32 -18.0783 13.8847 1.211 197.369 56.0138 302.26 578.898 577.53 7.130
2012 08 12 12 23 15. WP11 38.4023 46.838 8.7 -18.0783 13.8847 1.211 215.104 64.1294 299.804 635.719 636.31 6.550
2010 12 21 18 41 26. WP05 28.3681 59.15 14.5 -20.5439 14.4625 0.604 226.64 65.0224 314.646 655.527 640.86 6.487
2011 01 03 20 20 08. WP05 -38.3907 -73.3993 24.4 -20.5439 14.4625 0.604 105.09 75.9225 306.992 712.574 703.86 5.711
2011 01 19 20 23 22. WP05 28.6831 63.9948 79.9 -20.5439 14.4625 0.604 230.062 68.4169 308.219 662.773 654.38 6.222
2011 03 07 12 31 55. WP05 -18.2064 -69.5006 114.5 -20.5439 14.4625 0.604 107.899 78.3444 309.393 718.24 707.20 5.506
2011 03 07 14 32 22. WP05 -56.41 -26.68 101.2 -20.5439 14.4625 0.604 57.5015 46.9771 313.713 515.042 500.62 7.776
2011 05 15 21 07 08. WP05 36.4257 70.7231 207.6 -20.5439 14.4625 0.604 232.914 77.6685 314.395 709.219 694.59 5.506
2011 07 16 13 25 51. WP05 -60.9862 -23.6628 8.6 -20.5439 14.4625 0.604 50.6973 48.3934 299.479 522.388 522.24 7.714
2011 07 20 19 35 10. WP05 40.1562 71.5011 19.5 -20.5439 14.4625 0.604 232.89 80.4039 307.089 738.52 731.24 5.361
2011 08 25 17 46 03. WP05 -7.6203 -74.538 149.3 -20.5439 14.4625 0.604 110.141 86.436 301.395 748.262 745.45 4.873
2011 09 03 13 46 34. WP05 -28.4135 -63.136 592.7 -20.5439 14.4625 0.604 103.042 69.975 306.581 620.593 612.37 5.923
2011 10 24 10 41 05. WP05 38.7294 43.4465 7.6 -20.5439 14.4625 0.604 210.092 64.9229 297.057 638.347 641.82 6.491
2011 10 24 20 45 11. WP05 38.5893 43.1165 10.1 -20.5439 14.4625 0.604 209.814 64.6727 300.366 639.618 639.79 6.509
2012 01 11 18 36 47. WP05 2.4307 93.2081 20.9 -20.5439 14.4625 0.604 248.814 80.3259 312.193 743.094 729.59 5.381
2012 01 16 14 21 20. WP05 -60.8685 -56.0334 23 -20.5439 14.4625 0.604 83.4021 62.7837 312.113 636.317 622.90 6.662
2012 01 24 16 04 25. WP05 -36.4552 -73.1816 23.5 -20.5439 14.4625 0.604 105.431 76.2639 301.68 709.362 705.95 5.686
2012 03 06 07 45 34. WP05 -28.2579 -63.2916 551.9 -20.5439 14.4625 0.604 103.159 70.1438 309.246 627.62 616.73 5.932
2012 04 12 08 38 36. WP05 2.2376 93.0144 26.3 -20.5439 14.4625 0.604 248.825 80.0761 308.123 736.89 727.45 5.399
2012 05 15 10 00 19. WP05 -17.7968 -69.7926 108.7 -20.5439 14.4625 0.604 108.05 78.7344 305.502 717.151 710.01 5.480
2012 05 29 05 07 08. WP05 -28.021 -63.1134 591.1 -20.5439 14.4625 0.604 103.172 70.0443 304.244 618.801 612.92 5.919
2012 06 03 07 52 34. WP05 -22.1017 -63.6574 539.4 -20.5439 14.4625 0.604 105.327 71.9752 306.05 636.289 628.61 5.807
2012 06 24 04 34 50. WP05 3.0022 97.9116 101.9 -20.5439 14.4625 0.604 249.185 84.9156 309.457 754.374 743.66 5.006
2012 08 12 12 23 15. WP05 38.4023 46.838 8.7 -20.5439 14.4625 0.604 213.308 66.0423 305.399 653.768 648.81 6.409
2012 08 12 12 34 12. WP05 38.3798 46.7958 18.9 -20.5439 14.4625 0.604 213.275 66.0053 304.685 651.16 646.91 6.410
2011 03 07 14 32 19. WPO02 -56.3864 -27.0253 92 -20.7347 11.214 -1.789 54.3699 45.4614 308.261 498.637 489.73 7.891
2011 03 07 14 32 22. WPO02 -56.41 -26.68 101.2 -20.7347 11.214 -1.789 53.9531 45.3196 308.287 496.611 487.69 7.896
2011 01 02 09 56 42. WP04 -26.8513 -63.2373 584.3 -21.2304 14.9014 0.863 104.462 70.5455 313.116 631.192 616.43 5.887
2011 01 03 20 20 08. WP04 -38.3907 -73.3993 24.4 -21.2304 14.9014 0.863 105.909 75.8542 302.418 707.599 703.44 5.717
2011 01 19 20 23 22. WP04 28.6831 63.9948 79.9 -21.2304 14.9014 0.863 229.228 68.5999 303.15 658.844 655.55 6.209
2011 03 07 14 32 19. WP04 -56.3864 -27.0253 92 -21.2304 14.9014 0.863 58.8606 46.7457 311.984 512.439 499.71 7.798
2011 03 07 14 32 22. WP04 -56.41 -26.68 101.2 -21.2304 14.9014 0.863 58.4604 46.594 311.536 509.87 497.60 7.805
2011 06 21 16 35 44. WP04 -21.771 -68.3834 126.2 -21.2304 14.9014 0.863 107.628 76.4579 311.648 708.625 695.29 5.643
2011 08 25 17 46 03. WP04 -7.6203 -74.538 149.3 -21.2304 14.9014 0.863 110.869 86.7626 301.873 750.314 747.03 4.847
2011 09 03 13 46 34. WP04 -28.4135 -63.136 592.7 -21.2304 14.9014 0.863 103.883 70.0773 297.949 612.558 612.96 5.916
2011 09 06 17 54 58. WP04 3.0253 97.9991 106.6 -21.2304 14.9014 0.863 248.47 84.6585 304.143 747.227 741.83 5.025
2011 11 23 18 47 58. WP04 -15.3083 -65.1634 560.3 -21.2304 14.9014 0.863 108.37 75.5354 297.64 646.354 647.14 5.546
2011 12 08 22 22 59. WP04 -27.9324 -71.1344 13.8 -21.2304 14.9014 0.863 107.221 77.0075 307.578 721.1 711.79 5.636
2011 12 12 09 54 37. WP04 -56.049 -28.2135 130.6 -21.2304 14.9014 0.863 60.4322 47.1475 313.254 512.91 498.89 7.753
2012 01 16 13 39 55. WP04 -60.701 -55.8579 17.3 -21.2304 14.9014 0.863 84.1273 62.3111 303.88 625.776 620.58 6.700
2012 03 26 22 36 55. WP04 -35.2035 -72.1268 28.2 -21.2304 14.9014 0.863 105.995 75.7461 299.275 703.335 702.32 5.723
2012 04 12 08 38 36. WP04 2.2376 93.0144 26.3 -21.2304 14.9014 0.863 248.09 79.743 313.629 740.592 725.65 5.424
2012 04 15 10 55 55. WP04 -57.5759 -65.3721 8.4 -21.2304 14.9014 0.863 93.8058 67.1567 306.217 661.221 653.50 6.355
2012 04 18 19 03 50. WP04 -59.1876 -16.8077 13.6 -21.2304 14.9014 0.863 44.7231 44.1753 309.842 498.765 488.38 8.016
2012 05 15 10 00 19. WP04 -17.7968 -69.7926 108.7 -21.2304 14.9014 0.863 108.83 78.956 305.87 718.721 711.21 5.465
2012 05 29 05 07 08. WP04 -28.021 -63.1134 591.1 -21.2304 14.9014 0.863 104.012 70.1522 308.258 623.445 613.54 5.912
2012 06 03 07 52 34. WP04 -22.1017 -63.6574 539.4 -21.2304 14.9014 0.863 106.141 72.1636 304.129 635.453 629.69 5.793
2010 12 09 05 24 05. WP19 -56.4318 -25.64 29 -19.0438 14.4791 1.277 55.3479 47.815 302.095 517.552 514.81 7.749
2011 01 28 08 38 20. WP19 28.151 59.052 18.5 -19.0438 14.4791 1.277 227.767 63.7174 302.275 633.948 631.62 6.581
2011 02 12 23 39 12. WP19 -37.2361 -73.4875 16.5 -19.0438 14.4791 1.277 104.167 77.1612 306.799 720.64 712.15 5.625
2011 02 15 03 39 49. WP19 -35.4868 -73.1011 17 -19.0438 14.4791 1.277 104.34 77.2888 301.892 716.391 712.80 5.616
2011 03 07 14 32 19. WP19 -56.3864 -27.0253 92 -19.0438 14.4791 1.277 56.9181 48.429 306.964 520.484 512.84 7.676
2011 03 07 14 32 22. WP19 -56.41 -26.68 101.2 -19.0438 14.4791 1.277 56.5198 48.2815 306.882 518.324 510.77 7.683
2011 06 02 12 55 17. WP19 -37.5547 -73.8322 10 -19.0438 14.4791 1.277 104.291 77.3492 302.867 718.829 714.27 5.613
2011 06 21 16 35 44. WP19 -21.771 -68.3834 126.2 -19.0438 14.4791 1.277 105.377 76.7705 307.676 706.436 697.09 5.619
2011 07 16 13 25 51. WP19 -60.9862 -23.6628 8.6 -19.0438 14.4791 1.277 49.9294 49.7684 302.793 536.269 532.84 7.613
2011 07 17 00 25 45. WP19 -33.8756 -72.1007 20.5 -19.0438 14.4791 1.277 104.177 76.8855 304.732 716.422 709.99 5.644
2011 08 25 17 46 03. WP19 -7.6203 -74.538 149.3 -19.0438 14.4791 1.277 108.659 86.6284 308.661 756.474 746.40 4.858
2011 09 19 12 40 35. WP19 27.8039 88.1536 29.6 -19.0438 14.4791 1.277 245.658 85.1211 306.482 760.945 753.76 5.001
2011 11 23 18 47 58. WP19 -15.3083 -65.1634 560.3 -19.0438 14.4791 1.277 106.087 75.5694 303.254 652.178 647.35 5.543
2011 12 08 22 22 59. WP19 -27.9324 -71.1344 13.8 -19.0438 14.4791 1.277 105.03 77.5758 308.296 725.031 715.04 5.595
2011 12 12 09 54 37. WP19 -56.049 -28.2135 130.6 -19.0438 14.4791 1.277 58.468 48.8092 306.677 519.156 511.77 7.633
2012 01 11 18 36 47. WP19 2.4307 93.2081 20.9 -19.0438 14.4791 1.277 250.318 80.1507 306.861 736.83 728.63 5.394
2012 01 16 13 39 55. WP19 -60.701 -55.8579 17.3 -19.0438 14.4791 1.277 82.4794 63.963 310.045 642.949 631.64 6.584
2012 01 16 14 21 20. WP19 -60.8685 -56.0334 23 -19.0438 14.4791 1.277 82.5566 64.0703 307.162 639.907 631.48 6.575
2012 01 23 05 53 19. WP19 -56.9317 -25.2293 18.7 -19.0438 14.4791 1.277 54.5164 47.9174 301.612 519.298 517.05 7.745
2012 01 24 16 04 25. WP19 -36.4552 -73.1816 23.5 -19.0438 14.4791 1.277 104.171 77.1141 305.185 717.687 710.81 5.627
2012 01 31 05 10 30. WP19 -14.2139 -75.6584 34.2 -19.0438 14.4791 1.277 108.423 85.5875 299.472 755.489 754.50 4.976
2012 03 06 07 45 34. WP19 -28.2579 -63.2916 551.9 -19.0438 14.4791 1.277 101.717 70.7607 298.468 620.503 620.41 5.888
2012 03 26 22 36 55. WP19 -35.2035 -72.1268 28.2 -19.0438 14.4791 1.277 103.888 76.5852 309.864 718.723 707.16 5.664
2012 04 12 08 38 36. WP19 2.2376 93.0144 26.3 -19.0438 14.4791 1.277 250.33 79.9039 312.583 740.431 726.51 5.412
2012 04 18 03 49 58. WP19 -32.6374 -71.5641 29.7 -19.0438 14.4791 1.277 104.19 76.7522 307.639 717.258 707.92 5.651
2012 04 18 19 03 50. WP19 -59.1876 -16.8077 13.6 -19.0438 14.4791 1.277 43.0385 46.037 302.48 506.241 503.28 7.881
2012 05 15 10 00 19. WP19 -17.7968 -69.7926 108.7 -19.0438 14.4791 1.277 106.585 79.1358 312.611 726.465 712.22 5.451
2012 05 29 05 07 08. WP19 -28.021 -63.1134 591.1 -19.0438 14.4791 1.277 101.726 70.6546 300.985 619.157 616.55 5.876
2012 06 03 07 52 34. WP19 -22.1017 -63.6574 539.4 -19.0438 14.4791 1.277 103.838 72.4416 313.093 646.047 631.34 5.772
2012 06 08 04 04 34. WP19 -36.0516 -70.8547 5.8 -19.0438 14.4791 1.277 103.005 75.3805 309.765 715.273 703.82 5.755
2012 06 08 16 02 51. WP19 -15.9117 -72.4723 106.7 -19.0438 14.4791 1.277 107.529 82.1389 299.628 729.711 728.50 5.223
2012 06 11 12 44 12. WP19 36.3847 28.9676 32 -19.0438 14.4791 1.277 196.428 56.805 311.445 593.73 583.19 7.070
2011 06 21 16 35 44. WP17 -21.771 -68.3834 126.2 -18.7766 12.9329 0.306 104.64 75.4666 312.804 704.189 689.72 5.710
2011 09 04 04 48 30. WP17 -56.5611 -26.9231 96.3 -18.7766 12.9329 0.306 54.7854 48.0028 306.724 516.523 509.17 7.705
2011 09 06 17 54 58. WP17 3.0253 97.9991 106.6 -18.7766 12.9329 0.306 251.067 86.2962 312.559 763.755 749.93 4.891
2011 09 19 12 40 35. WP17 27.8039 88.1536 29.6 -18.7766 12.9329 0.306 246.646 86.2363 302.72 762.702 759.27 4.908
2011 10 24 10 41 05. WP17 38.7294 43.4465 7.6 -18.7766 12.9329 0.306 212.373 63.956 302.282 637.231 635.42 6.562
2011 10 24 20 45 11. WP17 38.5893 43.1165 10.1 -18.7766 12.9329 0.306 212.097 63.6999 310.825 643.679 633.34 6.580
2011 10 29 18 54 18. WP17 -14.5572 -76.1207 29 -18.7766 12.9329 0.306 107.896 84.5449 311.517 763.089 750.03 5.061
2011 12 12 09 54 37. WP17 -56.049 -28.2135 130.6 -18.7766 12.9329 0.306 56.5996 48.3075 297.525 506.164 507.98 7.667
2012 01 16 14 21 20. WP17 -60.8685 -56.0334 23 -18.7766 12.9329 0.306 81.0033 63.5499 311.013 640.331 628.08 6.611
2012 04 12 08 38 36. WP17 2.2376 93.0144 26.3 -18.7766 12.9329 0.306 250.743 81.3347 304.728 740.23 734.17 5.300
2012 04 18 19 03 50. WP17 -59.1876 -16.8077 13.6 -18.7766 12.9329 0.306 41.005 45.7519 305.491 507.002 501.07 7.900
2011 10 24 10 41 05. WPO04 38.7294 43.4465 7.6 -18.8785 10.2985 -3.68 214.779 65.1858 299.664 642.667 643.40 6.473
2011 10 24 10 41 05. WPO09 38.7294 43.4465 7.6 -21.7995 9.0005 -4.117 214.449 68.3222 308.857 671.896 663.43 6.245
2011 10 29 18 54 18. WPO09 -14.5572 -76.1207 29 -21.7995 9.0005 -4.117 110.041 80.2847 306.787 736.148 727.76 5.388
2011 11 23 18 47 58. WPO09 -15.3083 -65.1634 560.3 -21.7995 9.0005 -4.117 107.956 70.0262 303.269 620.374 615.55 5.933
2010 12 09 05 24 05. WP21 -56.4318 -25.64 29 -19.6217 14.8483 1.233 56.1383 47.4822 303.701 516.565 512.19 7.772
2010 12 21 18 41 26. WP21 28.3681 59.15 14.5 -19.6217 14.8483 1.233 227.042 64.105 302.626 637.501 634.85 6.554
2011 01 03 20 20 08. WP21 -38.3907 -73.3993 24.4 -19.6217 14.8483 1.233 104.547 76.7559 308.541 718.862 708.61 5.653
2011 02 12 20 05 01. WP21 -36.4604 -73.1552 12.8 -19.6217 14.8483 1.233 104.844 77.0568 301.2 715.068 712.16 5.634
2011 03 07 14 32 19. WP21 -56.3864 -27.0253 92 -19.6217 14.8483 1.233 57.7057 48.1025 304.428 515.429 510.30 7.701
2011 03 07 14 32 22. WP21 -56.41 -26.68 101.2 -19.6217 14.8483 1.233 57.308 47.9533 304.412 513.319 508.21 7.708
2011 04 02 13 28 55. WP21 35.7317 26.5466 75.5 -19.6217 14.8483 1.233 193.304 56.1559 306.81 579.749 573.90 7.101
2011 06 21 16 35 44. WP21 -21.771 -68.3834 126.2 -19.6217 14.8483 1.233 106.051 76.9172 299.536 699.111 697.90 5.609
2011 07 16 13 25 51. WP21 -60.9862 -23.6628 8.6 -19.6217 14.8483 1.233 50.6497 49.3793 298.307 528.804 529.84 7.642
2011 07 17 00 25 45. WP21 -33.8756 -72.1007 20.5 -19.6217 14.8483 1.233 104.867 76.8828 308.275 719.941 709.95 5.645
2011 08 25 17 46 03. WP21 -7.6203 -74.538 149.3 -19.6217 14.8483 1.233 109.272 86.9055 307.914 757.059 747.73 4.835
2011 09 04 04 48 30. WP21 -56.5611 -26.9231 96.3 -19.6217 14.8483 1.233 57.4609 48.1486 307.139 518.052 510.21 7.695
2011 09 06 17 54 58. WP21 3.0253 97.9991 106.6 -19.6217 14.8483 1.233 250.076 84.5624 305.484 748.097 741.34 5.032
2011 10 24 10 41 05. WP21 38.7294 43.4465 7.6 -19.6217 14.8483 1.233 210.151 63.9378 310.314 645.144 635.36 6.563
2011 11 23 18 47 58. WP21 -15.3083 -65.1634 560.3 -19.6217 14.8483 1.233 106.74 75.7974 302.424 652.603 648.61 5.526
2011 12 08 22 22 59. WP21 -27.9324 -71.1344 13.8 -19.6217 14.8483 1.233 105.715 77.6444 307.09 724.2 715.40 5.590
2012 01 11 18 36 47. WP21 2.4307 93.2081 20.9 -19.6217 14.8483 1.233 249.7 79.8654 300.036 728.461 727.10 5.416
2012 01 16 14 21 20. WP21 -60.8685 -56.0334 23 -19.6217 14.8483 1.233 83.2186 63.7565 302.325 632.995 629.38 6.597
2012 01 23 05 53 19. WP21 -56.9317 -25.2293 18.7 -19.6217 14.8483 1.233 55.2999 47.5772 312.292 527.328 514.37 7.769
2012 01 31 05 10 30. WP21 -14.2139 -75.6584 34.2 -19.6217 14.8483 1.233 109.065 85.7928 302.82 759.845 755.51 4.958
2012 04 12 08 38 36. WP21 2.2376 93.0144 26.3 -19.6217 14.8483 1.233 249.712 79.6174 309.595 735.888 724.96 5.433
2012 04 18 19 03 50. WP21 -59.1876 -16.8077 13.6 -19.6217 14.8483 1.233 43.7894 45.6347 297.839 498.413 500.08 7.908
2012 05 15 10 00 19. WP21 -17.7968 -69.7926 108.7 -19.6217 14.8483 1.233 107.243 79.3222 304.615 719.474 713.23 5.438
2012 05 29 05 07 08. WP21 -28.021 -63.1134 591.1 -19.6217 14.8483 1.233 102.432 70.7425 306.261 624.942 617.05 5.870
2012 08 12 12 34 12. WP21 38.3798 46.7958 18.9 -19.6217 14.8483 1.233 213.384 65.0238 313.488 653.606 640.56 6.482
2012 10 01 16 31 04. WP21 1.9079 -76.3716 155.2 -19.6217 14.8483 1.233 109.459 91.782 306.462 777.809 770.10 4.625
2011 01 19 20 23 22. WPO11 28.6831 63.9948 79.9 -18.78 9.39 -4.549 234.88 70.7699 313.424 682.472 668.69 6.054
2011 08 25 17 46 03. WPO11 -7.6203 -74.538 149.3 -18.78 9.39 -4.549 107.885 81.8655 306.205 730.074 722.38 5.228
2011 10 29 18 54 18. WPO11 -14.5572 -76.1207 29 -18.78 9.39 -4.549 107.143 81.2726 309.03 743.693 733.08 5.310
2012 01 11 18 36 47. WPO11 2.4307 93.2081 20.9 -18.78 9.39 -4.549 251.017 84.9255 308.755 763.55 753.49 5.027
2011 02 12 20 05 01. WP14 -36.4604 -73.1552 12.8 -17.2173 12.4278 0.265 101.485 76.5024 304.291 715.066 709.12 5.672
2011 02 15 03 39 49. WP14 -35.4868 -73.1011 17 -17.2173 12.4278 0.265 101.683 76.6545 300.755 711.711 709.30 5.661
2011 03 07 14 32 19. WP14 -56.3864 -27.0253 92 -17.2173 12.4278 0.265 53.4821 49.0858 300.482 519.056 517.99 7.629
2011 03 07 14 32 22. WP14 -56.41 -26.68 101.2 -17.2173 12.4278 0.265 53.0789 48.9461 300.526 517.085 515.98 7.635
2011 04 02 13 28 55. WP14 35.7317 26.5466 75.5 -17.2173 12.4278 0.265 196.677 54.3326 310.849 570.65 560.71 7.235
2011 07 17 00 25 45. WP14 -33.8756 -72.1007 20.5 -17.2173 12.4278 0.265 101.537 76.1703 303.776 711.444 706.01 5.690
2011 07 20 19 35 10. WP14 40.1562 71.5011 19.5 -17.2173 12.4278 0.265 236.581 79.1933 313.8 738.674 724.56 5.454
2011 08 25 17 46 03. WP14 -7.6203 -74.538 149.3 -17.2173 12.4278 0.265 106.624 84.8995 312.439 751.784 737.90 4.997
2011 09 03 13 46 34. WP14 -28.4135 -63.136 592.7 -17.2173 12.4278 0.265 98.9852 69.5653 304.232 615.851 610.04 5.951
2011 10 24 10 41 05. WP14 38.7294 43.4465 7.6 -17.2173 12.4278 0.265 213.63 62.7843 310.652 637.825 627.61 6.644
2011 10 29 18 54 18. WP14 -14.5572 -76.1207 29 -17.2173 12.4278 0.265 106.268 84.4381 310.417 761.467 749.51 5.069
2011 12 12 09 54 37. WP14 -56.049 -28.2135 130.6 -17.2173 12.4278 0.265 55.0382 49.427 302.816 520.023 516.60 7.586
2012 01 16 14 21 20. WP14 -60.8685 -56.0334 23 -17.2173 12.4278 0.265 79.6688 64.6432 310.407 646.934 635.34 6.533
2012 01 24 16 04 25. WP14 -36.4552 -73.1816 23.5 -17.2173 12.4278 0.265 101.501 76.5243 303.068 712.273 707.55 5.668
2012 04 12 10 43 07. WP14 0.7675 92.4284 21.6 -17.2173 12.4278 0.265 252.522 80.6755 303.084 735.771 731.30 5.355
2012 05 29 05 07 08. WP14 -28.021 -63.1134 591.1 -17.2173 12.4278 0.265 99.1195 69.6071 301.366 613.368 610.42 5.949
2012 06 03 07 52 34. WP14 -22.1017 -63.6574 539.4 -17.2173 12.4278 0.265 101.388 71.1434 301.924 627.346 623.83 5.865
2012 06 08 04 04 34. WP14 -36.0516 -70.8547 5.8 -17.2173 12.4278 0.265 100.323 74.7537 302.783 704.699 700.27 5.801
2012 10 01 16 31 04. WP14 1.9079 -76.3716 155.2 -17.2173 12.4278 0.265 107.14 89.4107 311.482 771.841 759.11 4.643
2011 01 19 20 23 22. WPO12 28.6831 63.9948 79.9 -19 8 -5.034 235.603 71.9149 305.92 681.872 675.56 5.970
2011 02 12 20 05 01. WPO12 -36.4604 -73.1552 12.8 -19 8 -5.034 100.591 72.0152 307.151 691.744 682.93 6.003
2011 03 07 14 32 22. WPO12 -56.41 -26.68 101.2 -19 8 -5.034 49.0637 45.4521 306.551 495.941 488.87 7.886
2011 06 21 16 35 44. WPO12 -21.771 -68.3834 126.2 -19 8 -5.034 103.376 70.9501 306.86 671.708 663.20 6.043
2011 07 17 00 25 45. WPO12 -33.8756 -72.1007 20.5 -19 8 -5.034 100.87 71.6464 298.114 679.274 679.49 6.028
2011 09 03 13 46 34. WPO12 -28.4135 -63.136 592.7 -19 8 -5.034 98.9026 64.9969 300.301 583.992 582.13 6.265
2011 09 06 17 54 58. WPO12 3.0253 97.9991 106.6 -19 8 -5.034 251.142 90.9712 301.067 774.316 772.01 4.636
2011 10 24 10 41 05. WPO12 38.7294 43.4465 7.6 -19 8 -5.034 216.804 66.3431 310.01 660.489 650.81 6.389
2011 11 23 18 47 58. WPO12 -15.3083 -65.1634 560.3 -19 8 -5.034 104.865 69.5516 312.97 627.277 612.76 5.965
2010 12 09 05 24 05. WP18 -56.4318 -25.64 29 -19.1753 15.8845 1.117 56.9925 48.3493 298.685 518.276 518.91 7.710
2011 01 19 20 23 22. WP18 28.6831 63.9948 79.9 -19.1753 15.8845 1.117 230.105 66.5081 306.977 649.479 642.35 6.358
2011 01 28 08 38 20. WP18 28.151 59.052 18.5 -19.1753 15.8845 1.117 226.583 62.9025 310.295 636.558 626.27 6.638
2011 02 13 01 16 31. WP18 -37.0037 -73.1547 10 -19.1753 15.8845 1.117 104.923 77.9741 308.737 728.189 717.75 5.567
2011 03 07 12 31 55. WP18 -18.2064 -69.5006 114.5 -19.1753 15.8845 1.117 106.927 79.998 311.935 729.78 716.22 5.386
2011 03 07 14 32 19. WP18 -56.3864 -27.0253 92 -19.1753 15.8845 1.117 58.5392 48.9764 298.96 516.675 517.00 7.638
2011 03 07 14 32 22. WP18 -56.41 -26.68 101.2 -19.1753 15.8845 1.117 58.1468 48.8254 297.273 512.886 514.91 7.644
2011 04 02 13 28 55. WP18 35.7317 26.5466 75.5 -19.1753 15.8845 1.117 192.246 55.5336 301.624 570.106 569.45 7.147
2011 06 21 16 35 44. WP18 -21.771 -68.3834 126.2 -19.1753 15.8845 1.117 105.944 77.9862 297.782 703.304 703.86 5.529
2011 07 20 19 35 10. WP18 40.1562 71.5011 19.5 -19.1753 15.8845 1.117 232.753 78.4995 312.81 733.881 720.87 5.502
2011 09 03 13 46 34. WP18 -28.4135 -63.136 592.7 -19.1753 15.8845 1.117 102.304 71.7523 313.03 637.467 622.81 5.797
2011 09 04 04 48 30. WP18 -56.5611 -26.9231 96.3 -19.1753 15.8845 1.117 58.2987 49.0198 303.918 521.521 516.89 7.633
2011 09 19 12 40 35. WP18 27.8039 88.1536 29.6 -19.1753 15.8845 1.117 244.845 84.0592 299.996 749.111 748.43 5.084
2011 10 24 20 45 11. WP18 38.5893 43.1165 10.1 -19.1753 15.8845 1.117 209.074 62.8826 307.815 635.242 627.99 6.636
2011 11 23 18 47 58. WP18 -15.3083 -65.1634 560.3 -19.1753 15.8845 1.117 106.494 76.8447 305.794 661.717 654.36 5.455
2012 01 11 18 36 47. WP18 2.4307 93.2081 20.9 -19.1753 15.8845 1.117 250.038 78.8441 301.331 724.197 721.53 5.490
2012 01 16 14 21 20. WP18 -60.8685 -56.0334 23 -19.1753 15.8845 1.117 83.8957 64.6409 300.305 636.787 635.19 6.534
2012 01 31 05 10 30. WP18 -14.2139 -75.6584 34.2 -19.1753 15.8845 1.117 108.864 86.8481 310.738 772.934 760.70 4.874
2012 03 06 07 45 34. WP18 -28.2579 -63.2916 551.9 -19.1753 15.8845 1.117 102.418 71.9195 298.303 627.107 627.17 5.805
2012 03 26 22 36 55. WP18 -35.2035 -72.1268 28.2 -19.1753 15.8845 1.117 104.742 77.6293 299.302 714.019 713.01 5.589
2012 04 15 10 55 55. WP18 -57.5759 -65.3721 8.4 -19.1753 15.8845 1.117 93.3604 69.3616 305.279 674.143 667.40 6.197
2012 05 15 10 00 19. WP18 -17.7968 -69.7926 108.7 -19.1753 15.8845 1.117 107.071 80.3828 306.542 727.114 718.95 5.358
2012 08 13 10 47 01. WP18 35.6526 82.5417 14 -19.1753 15.8845 1.117 240.89 83.3646 298.868 746.792 747.47 5.140
2011 07 16 13 25 51. WP28 -60.9862 -23.6628 8.6 -17.8076 12.3305 0.749 46.8518 50.1207 303.184 539.355 535.61 7.586
2011 09 19 12 40 35. WP28 27.8039 88.1536 29.6 -17.8076 12.3305 0.749 247.769 86.2358 304.119 764.098 759.24 4.909
2011 10 24 10 41 05. WP28 38.7294 43.4465 7.6 -17.8076 12.3305 0.749 213.425 63.3498 299.099 630.038 631.38 6.606
2011 10 29 18 54 18. WP28 -14.5572 -76.1207 29 -17.8076 12.3305 0.749 106.82 84.2116 306.937 756.836 748.36 5.086
2011 11 23 18 47 58. WP28 -15.3083 -65.1634 560.3 -17.8076 12.3305 0.749 104.422 73.8101 301.991 641.075 637.52 5.666
2012 01 11 18 36 47. WP28 2.4307 93.2081 20.9 -17.8076 12.3305 0.749 251.757 82.062 303.912 744.04 738.78 5.243
2012 01 31 05 10 30. WP28 -14.2139 -75.6584 34.2 -17.8076 12.3305 0.749 106.754 83.8813 301.457 748.918 745.92 5.112
2012 03 26 22 36 55. WP28 -35.2035 -72.1268 28.2 -17.8076 12.3305 0.749 101.685 75.5343 300.452 703.347 701.23 5.738
2012 04 12 10 43 07. WP28 0.7675 92.4284 21.6 -17.8076 12.3305 0.749 251.935 80.8065 307.46 740.843 732.00 5.344
2012 06 03 07 52 34. WP28 -22.1017 -63.6574 539.4 -17.8076 12.3305 0.749 101.948 70.8749 306.611 630.449 622.24 5.884
2012 08 12 12 34 12. WP28 38.3798 46.7958 18.9 -17.8076 12.3305 0.749 216.653 64.572 298.916 636.083 637.51 6.517
2010 12 09 05 24 05. WP20 -56.4318 -25.64 29 -18.6871 14.946 1.139 55.6375 48.3393 297.846 517.365 518.87 7.711
2010 12 21 18 41 26. WP20 28.3681 59.15 14.5 -18.6871 14.946 1.139 227.678 63.3651 299.5 629.486 629.95 6.608
2011 01 03 20 20 08. WP20 -38.3907 -73.3993 24.4 -18.6871 14.946 1.139 103.834 77.3807 298.542 712.385 712.16 5.608
2011 01 18 19 20 51. WP20 -5.1037 102.602 39.1 -18.6871 14.946 1.139 251.669 86.1724 304.951 763.338 756.98 4.923
2011 02 15 03 39 49. WP20 -35.4868 -73.1011 17 -18.6871 14.946 1.139 104.286 77.8531 306.999 724.652 715.96 5.574
2011 04 02 13 28 55. WP20 35.7317 26.5466 75.5 -18.6871 14.946 1.139 193.418 55.2265 303.127 569.399 567.23 7.169
2011 06 21 16 35 44. WP20 -21.771 -68.3834 126.2 -18.6871 14.946 1.139 105.179 77.3032 309.182 710.924 700.08 5.581
2011 07 16 13 25 51. WP20 -60.9862 -23.6628 8.6 -18.6871 14.946 1.139 50.2766 50.269 299.547 536.833 536.65 7.576
2011 08 25 17 46 03. WP20 -7.6203 -74.538 149.3 -18.6871 14.946 1.139 108.359 87.1101 302.871 753.008 748.73 4.819
2011 09 03 13 46 34. WP20 -28.4135 -63.136 592.7 -18.6871 14.946 1.139 101.451 71.144 298.992 619.898 619.29 5.841
2011 09 04 04 48 30. WP20 -56.5611 -26.9231 96.3 -18.6871 14.946 1.139 56.9576 49.0032 308.368 525.85 516.80 7.634
2011 09 06 17 54 58. WP20 3.0253 97.9991 106.6 -18.6871 14.946 1.139 250.998 84.3876 310.348 752.09 740.45 5.046
2011 09 19 12 40 35. WP20 27.8039 88.1536 29.6 -18.6871 14.946 1.139 245.73 84.5587 313.566 765.208 750.93 5.046
2011 10 24 10 41 05. WP20 38.7294 43.4465 7.6 -18.6871 14.946 1.139 210.491 63.0546 308.371 637.347 629.50 6.625
2011 10 24 20 45 11. WP20 38.5893 43.1165 10.1 -18.6871 14.946 1.139 210.208 62.8033 302.827 629.724 627.43 6.641
2011 11 23 18 47 58. WP20 -15.3083 -65.1634 560.3 -18.6871 14.946 1.139 105.82 76.0735 305.111 656.819 650.14 5.506
2011 12 08 22 22 59. WP20 -27.9324 -71.1344 13.8 -18.6871 14.946 1.139 104.897 78.1275 312.569 732.376 718.12 5.553
2012 01 16 14 21 20. WP20 -60.8685 -56.0334 23 -18.6871 14.946 1.139 82.776 64.6015 313.47 649.702 634.97 6.537
2012 01 23 05 53 19. WP20 -56.9317 -25.2293 18.7 -18.6871 14.946 1.139 54.8145 48.439 299.473 521.197 521.08 7.707
2012 01 24 16 04 25. WP20 -36.4552 -73.1816 23.5 -18.6871 14.946 1.139 104.126 77.6793 311.377 727.045 713.98 5.586
2012 01 31 05 10 30. WP20 -14.2139 -75.6584 34.2 -18.6871 14.946 1.139 108.18 86.1003 304.641 763.191 757.04 4.933
2012 03 06 07 45 34. WP20 -28.2579 -63.2916 551.9 -18.6871 14.946 1.139 101.566 71.3093 305.012 630.268 623.64 5.849
2012 04 12 10 43 07. WP20 0.7675 92.4284 21.6 -18.6871 14.946 1.139 250.86 78.393 301.857 722.135 718.90 5.522
2012 04 15 10 55 55. WP20 -57.5759 -65.3721 8.4 -18.6871 14.946 1.139 92.284 69.2561 310.32 678.538 666.78 6.205
2012 05 15 10 00 19. WP20 -17.7968 -69.7926 108.7 -18.6871 14.946 1.139 106.355 79.6556 301.978 718.651 715.05 5.413
2012 05 29 05 07 08. WP20 -28.021 -63.1134 591.1 -18.6871 14.946 1.139 101.572 71.2025 306.043 627.426 619.77 5.838
2012 06 03 07 52 34. WP20 -22.1017 -63.6574 539.4 -18.6871 14.946 1.139 103.628 72.9715 313.041 649.047 634.39 5.734
2012 06 08 16 02 51. WP20 -15.9117 -72.4723 106.7 -18.6871 14.946 1.139 107.291 82.6544 305.57 738.331 731.19 5.187
2012 06 24 04 34 50. WP20 3.0022 97.9116 101.9 -18.6871 14.946 1.139 250.992 84.2975 302.97 744.801 740.54 5.054
2012 07 27 05 33 31. WP20 -17.5507 66.2905 16.2 -18.6871 14.946 1.139 260.312 48.6739 302.859 527.157 523.04 7.692
2012 08 13 10 47 01. WP20 35.6526 82.5417 14 -18.6871 14.946 1.139 241.845 83.7171 304.492 754.221 749.25 5.112
2011 08 25 17 46 03. WP25 -7.6203 -74.538 149.3 -18.5625 13.6774 1.538 108.093 85.9303 307.411 751.832 742.99 4.912
2011 10 24 10 41 05. WP25 38.7294 43.4465 7.6 -18.5625 13.6774 1.538 211.769 63.4554 312.491 644.13 632.13 6.598
2012 01 31 05 10 30. WP25 -14.2139 -75.6584 34.2 -18.5625 13.6774 1.538 107.78 84.9589 299.913 752.805 751.36 5.027
2012 03 06 07 45 34. WP25 -28.2579 -63.2916 551.9 -18.5625 13.6774 1.538 100.925 70.2624 305.993 625.092 617.49 5.923
2012 04 12 10 43 07. WP25 0.7675 92.4284 21.6 -18.5625 13.6774 1.538 251.083 79.5823 303.032 729.822 725.41 5.437
2012 06 03 07 52 34. WP25 -22.1017 -63.6574 539.4 -18.5625 13.6774 1.538 103.115 71.865 305.655 635.275 628.01 5.814
2012 06 08 16 02 51. WP25 -15.9117 -72.4723 106.7 -18.5625 13.6774 1.538 106.874 81.5178 304.27 731.111 725.25 5.267
2012 06 24 04 34 50. WP25 3.0022 97.9116 101.9 -18.5625 13.6774 1.538 251.219 85.4856 301.41 749.171 746.48 4.958
2012 08 03 09 38 31. WP25 -8.454 -74.2726 148.8 -18.5625 13.6774 1.538 108.002 85.4238 303.961 745.943 740.54 4.953
2012 08 12 12 23 15. WP25 38.4023 46.838 8.7 -18.5625 13.6774 1.538 215.043 64.6468 308.07 647.38 639.70 6.513
2012 08 12 12 34 12. WP25 38.3798 46.7958 18.9 -18.5625 13.6774 1.538 215.01 64.6094 306.604 644.016 637.81 6.513
2011 06 02 12 55 17. WP27 -37.5547 -73.8322 10 -17.434 13.2736 1.084 102.273 77.3471 313.205 729.179 714.32 5.613
2011 08 25 17 46 03. WP27 -7.6203 -74.538 149.3 -17.434 13.2736 1.084 106.93 85.6779 313.038 756.23 741.76 4.932
2011 09 03 13 46 34. WP27 -28.4135 -63.136 592.7 -17.434 13.2736 1.084 99.5506 70.2112 298.537 613.981 613.86 5.905
2011 09 06 17 54 58. WP27 3.0253 97.9991 106.6 -17.434 13.2736 1.084 252.377 85.8697 311.847 760.963 747.83 4.925
2011 09 19 12 40 35. WP27 27.8039 88.1536 29.6 -17.434 13.2736 1.084 247.628 85.2728 310.412 765.632 754.47 4.989
2011 10 29 18 54 18. WP27 -14.5572 -76.1207 29 -17.434 13.2736 1.084 106.669 85.173 302.541 757.276 753.21 5.011
2011 11 23 18 47 58. WP27 -15.3083 -65.1634 560.3 -17.434 13.2736 1.084 104.228 74.7651 302.822 647.285 642.90 5.601
2011 12 12 09 54 37. WP27 -56.049 -28.2135 130.6 -17.434 13.2736 1.084 56.1045 49.6298 301.372 520.116 518.11 7.571
2012 01 11 18 36 47. WP27 2.4307 93.2081 20.9 -17.434 13.2736 1.084 252.048 81.1324 307.953 743.181 733.88 5.318
2012 01 16 13 39 55. WP27 -60.701 -55.8579 17.3 -17.434 13.2736 1.084 80.4786 64.7522 301.712 639.813 636.89 6.527
2012 01 16 14 21 20. WP27 -60.8685 -56.0334 23 -17.434 13.2736 1.084 80.5602 64.8648 307.259 645.229 636.76 6.517
2012 01 23 05 53 19. WP27 -56.9317 -25.2293 18.7 -17.434 13.2736 1.084 52.166 48.8067 310.604 535.175 524.00 7.678
2012 03 06 07 45 34. WP27 -28.2579 -63.2916 551.9 -17.434 13.2736 1.084 99.6706 70.3724 304.973 624.735 618.17 5.914
2012 05 15 10 00 19. WP27 -17.7968 -69.7926 108.7 -17.434 13.2736 1.084 104.705 78.4478 304.315 714.428 708.49 5.500
2012 06 08 04 04 34. WP27 -36.0516 -70.8547 5.8 -17.434 13.2736 1.084 100.971 75.3083 299.474 704.589 703.46 5.759
2012 06 08 16 02 51. WP27 -15.9117 -72.4723 106.7 -17.434 13.2736 1.084 105.679 81.4155 309.904 736.218 724.73 5.275
2012 06 24 04 34 50. WP27 3.0022 97.9116 101.9 -17.434 13.2736 1.084 252.372 85.7794 304.949 754.166 747.93 4.934
2012 07 27 05 33 31. WP27 -17.5507 66.2905 16.2 -17.434 13.2736 1.084 261.647 50.4214 301.899 539.56 536.38 7.564
2012 10 01 16 31 04. WP27 1.9079 -76.3716 155.2 -17.434 13.2736 1.084 107.326 90.2257 306.568 770.716 762.89 4.640
2011 01 02 09 56 42. WP10 -26.8513 -63.2373 584.3 -18.7522 12.369 0.068 101.075 69.2678 312.798 623.327 608.93 5.975
2011 01 03 20 20 08. WP10 -38.3907 -73.3993 24.4 -18.7522 12.369 0.068 102.405 75.3704 313.319 715.767 700.77 5.752
2011 01 19 20 23 22. WP10 28.6831 63.9948 79.9 -18.7522 12.369 0.068 232.909 68.6368 309.578 665.505 655.65 6.208
2011 03 07 12 31 55. WP10 -18.2064 -69.5006 114.5 -18.7522 12.369 0.068 105.612 76.9018 306.802 707.664 699.22 5.613
2011 03 07 14 32 19. WP10 -56.3864 -27.0253 92 -18.7522 12.369 0.068 54.3805 47.7138 299.953 507.961 507.39 7.728
2011 03 07 14 32 22. WP10 -56.41 -26.68 101.2 -18.7522 12.369 0.068 53.9736 47.5719 298.949 504.918 505.36 7.734
2012 08 12 12 23 15. WP10 38.4023 46.838 8.7 -18.7522 12.369 0.068 216.141 65.4104 306.027 650.312 644.64 6.456
2012 08 12 12 34 12. WP10 38.3798 46.7958 18.9 -18.7522 12.369 0.068 216.109 65.3727 313.212 655.597 642.74 6.456
2011 06 21 16 35 44. WP22 -21.771 -68.3834 126.2 -19.8846 13.9487 0.908 106.03 76.0307 306.704 701.284 692.90 5.672
2011 07 20 19 35 10. WP22 40.1562 71.5011 19.5 -19.8846 13.9487 0.908 233.696 80.2235 312.903 743.364 730.25 5.375
2011 09 03 13 46 34. WP22 -28.4135 -63.136 592.7 -19.8846 13.9487 0.908 102.196 69.7977 311.475 624.444 611.34 5.936
2011 09 19 12 40 35. WP22 27.8039 88.1536 29.6 -19.8846 13.9487 0.908 245.203 85.9837 304.818 763.557 758.06 4.928
2011 11 23 18 47 58. WP22 -15.3083 -65.1634 560.3 -19.8846 13.9487 0.908 106.834 74.9154 306.656 651.936 643.71 5.591
2011 12 12 09 54 37. WP22 -56.049 -28.2135 130.6 -19.8846 13.9487 0.908 58.458 47.8345 308.982 513.969 504.27 7.703
2012 01 16 13 39 55. WP22 -60.701 -55.8579 17.3 -19.8846 13.9487 0.908 82.4837 62.9883 313.674 640.114 625.16 6.650
2012 01 16 14 21 20. WP22 -60.8685 -56.0334 23 -19.8846 13.9487 0.908 82.5576 63.0956 299.594 625.884 625.01 6.642
2012 01 23 05 53 19. WP22 -56.9317 -25.2293 18.7 -19.8846 13.9487 0.908 54.4549 46.9438 308.156 518.249 509.44 7.815
2012 01 31 05 10 30. WP22 -14.2139 -75.6584 34.2 -19.8846 13.9487 0.908 109.124 84.908 305.391 758.014 751.09 5.032
2012 03 06 07 45 34. WP22 -28.2579 -63.2916 551.9 -19.8846 13.9487 0.908 102.314 69.9646 306.007 623.325 615.69 5.944
2012 03 26 22 36 55. WP22 -35.2035 -72.1268 28.2 -19.8846 13.9487 0.908 104.334 75.7124 310.775 714.661 702.17 5.725
2012 04 12 08 38 36. WP22 2.2376 93.0144 26.3 -19.8846 13.9487 0.908 249.538 80.4873 304.284 735.266 729.66 5.367
2012 04 12 10 43 07. WP22 0.7675 92.4284 21.6 -19.8846 13.9487 0.908 249.729 79.4299 300.394 726.346 724.59 5.449
2012 04 18 19 03 50. WP22 -59.1876 -16.8077 13.6 -19.8846 13.9487 0.908 42.8231 45.0746 309.413 505.538 495.64 7.950
2012 05 15 10 00 19. WP22 -17.7968 -69.7926 108.7 -19.8846 13.9487 0.908 107.277 78.4361 309.524 719.546 708.38 5.501
2012 08 12 12 34 12. WP22 38.3798 46.7958 18.9 -19.8846 13.9487 0.908 214.077 65.6482 299.146 643.316 644.59 6.436
2011 11 23 18 47 58. WPO07 -15.3083 -65.1634 560.3 -19.922 9.7697 -2.03 106.126 71.0416 305.81 628.921 621.55 5.862
2010 12 21 18 41 26. WP06 28.3681 59.15 14.5 -20.2142 15.0128 1.08 226.47 64.4304 304.2 641.212 637.01 6.531
2011 01 03 20 20 08. WP06 -38.3907 -73.3993 24.4 -20.2142 15.0128 1.08 105.13 76.533 302.789 711.842 707.33 5.669
2011 01 19 20 23 22. WP06 28.6831 63.9948 79.9 -20.2142 15.0128 1.08 229.928 67.818 313.87 664.672 650.64 6.265
2011 01 28 08 38 20. WP06 28.151 59.052 18.5 -20.2142 15.0128 1.08 226.471 64.2188 307.595 642.57 634.97 6.545
2011 02 12 20 05 01. WP06 -36.4604 -73.1552 12.8 -20.2142 15.0128 1.08 105.434 76.8534 305.447 718.162 710.99 5.649
2011 02 13 01 16 31. WP06 -37.0037 -73.1547 10 -20.2142 15.0128 1.08 105.311 76.7093 303.332 715.687 710.63 5.660
2011 03 07 14 32 19. WP06 -56.3864 -27.0253 92 -20.2142 15.0128 1.08 58.2844 47.6701 305.724 513.377 506.93 7.733
2011 03 07 14 32 22. WP06 -56.41 -26.68 101.2 -20.2142 15.0128 1.08 57.8864 47.5196 305.729 511.275 504.84 7.739
2011 06 21 16 35 44. WP06 -21.771 -68.3834 126.2 -20.2142 15.0128 1.08 106.676 76.876 302.341 701.679 697.66 5.612
2011 07 16 13 25 51. WP06 -60.9862 -23.6628 8.6 -20.2142 15.0128 1.08 51.1503 48.9019 308.498 535.327 526.16 7.676
2011 08 25 17 46 03. WP06 -7.6203 -74.538 149.3 -20.2142 15.0128 1.08 109.877 86.9878 313.517 763.053 748.13 4.829
2011 09 04 04 48 30. WP06 -56.5611 -26.9231 96.3 -20.2142 15.0128 1.08 58.0368 47.7143 304.66 512.213 506.84 7.727
2011 09 06 17 54 58. WP06 3.0253 97.9991 106.6 -20.2142 15.0128 1.08 249.472 84.4617 303.043 745.147 740.83 5.040
2011 09 19 12 40 35. WP06 27.8039 88.1536 29.6 -20.2142 15.0128 1.08 244.398 85.3022 300.754 756.119 754.70 4.986
2011 10 24 10 41 05. WP06 38.7294 43.4465 7.6 -20.2142 15.0128 1.08 209.723 64.4099 313.815 651.75 638.48 6.529
2012 01 23 05 53 19. WP06 -56.9317 -25.2293 18.7 -20.2142 15.0128 1.08 55.8695 47.1347 312.765 524.346 510.90 7.801
2012 01 24 16 04 25. WP06 -36.4552 -73.1816 23.5 -20.2142 15.0128 1.08 105.449 76.8753 304.031 715.174 709.42 5.645
2012 03 26 22 36 55. WP06 -35.2035 -72.1268 28.2 -20.2142 15.0128 1.08 105.175 76.3784 300.856 708.528 705.95 5.678
2012 05 15 10 00 19. WP06 -17.7968 -69.7926 108.7 -20.2142 15.0128 1.08 107.863 79.3179 304.328 719.157 713.20 5.438
2012 06 08 04 04 34. WP06 -36.0516 -70.8547 5.8 -20.2142 15.0128 1.08 104.296 75.1609 297.701 701.928 702.51 5.772
2012 06 08 16 02 51. WP06 -15.9117 -72.4723 106.7 -20.2142 15.0128 1.08 108.792 82.3433 303.046 734.179 729.55 5.209
2012 06 24 04 34 50. WP06 3.0022 97.9116 101.9 -20.2142 15.0128 1.08 249.466 84.3718 304.228 746.423 740.92 5.049
2011 03 07 14 32 19. WPO10 -56.3864 -27.0253 92 -21.31 10.2297 -3.512 53.6199 44.5169 304.052 486.93 482.24 7.958
2011 03 07 14 32 22. WPO10 -56.41 -26.68 101.2 -21.31 10.2297 -3.512 53.1968 44.3769 303.989 484.824 480.20 7.964
2011 09 03 13 46 34. WPO10 -28.4135 -63.136 592.7 -21.31 10.2297 -3.512 102.123 66.0367 302.812 592.957 588.53 6.196
2011 09 06 17 54 58. WPO10 3.0253 97.9991 106.6 -21.31 10.2297 -3.512 248.73 89.0087 298.259 762.367 762.91 4.680
2011 10 24 10 41 05. WPO10 38.7294 43.4465 7.6 -21.31 10.2297 -3.512 213.606 67.3543 312.852 669.785 657.35 6.315
2011 10 29 18 54 18. WPO10 -14.5572 -76.1207 29 -21.31 10.2297 -3.512 109.8 81.5055 306.22 742.087 734.28 5.292
2011 11 23 18 47 58. WPO10 -15.3083 -65.1634 560.3 -21.31 10.2297 -3.512 107.641 71.2339 311.935 636.159 622.66 5.849
2010 11 11 04 04 53. WP12 -45.5992 96.3646 15.3 -17.8654 13.0282 1.186 261.855 72.859 312.696 701.804 687.52 5.941
2010 12 09 05 24 05. WP12 -56.4318 -25.64 29 -17.8654 13.0282 1.186 52.9683 48.1934 301.813 520.214 517.82 7.720
2011 01 03 20 20 08. WP12 -38.3907 -73.3993 24.4 -17.8654 13.0282 1.186 102.05 76.3958 308.552 716.862 706.65 5.677
2011 01 19 20 23 22. WP12 28.6831 63.9948 79.9 -17.8654 13.0282 1.186 233.157 67.5798 305.241 654.544 649.03 6.284
2011 01 28 08 38 20. WP12 28.151 59.052 18.5 -17.8654 13.0282 1.186 229.778 63.8435 305.597 638.104 632.38 6.573
2011 02 12 20 05 01. WP12 -36.4604 -73.1552 12.8 -17.8654 13.0282 1.186 102.364 76.6133 311.499 722.892 709.72 5.665
2011 03 07 12 31 55. WP12 -18.2064 -69.5006 114.5 -17.8654 13.0282 1.186 104.907 77.7366 308.478 714.001 703.89 5.550
2011 03 07 14 32 19. WP12 -56.3864 -27.0253 92 -17.8654 13.0282 1.186 54.5552 48.7876 310.574 526.859 515.67 7.650
2011 03 07 14 32 22. WP12 -56.41 -26.68 101.2 -17.8654 13.0282 1.186 54.1531 48.6453 310.834 525.084 513.64 7.655
2011 04 02 13 28 55. WP12 35.7317 26.5466 75.5 -17.8654 13.0282 1.186 195.805 54.8221 307.168 570.52 564.27 7.197
2011 07 20 19 35 10. WP12 40.1562 71.5011 19.5 -17.8654 13.0282 1.186 235.709 79.2914 300.895 726.305 725.13 5.446
2011 09 03 13 46 34. WP12 -28.4135 -63.136 592.7 -17.8654 13.0282 1.186 99.8634 69.8208 311.214 624.343 611.54 5.933
2011 10 24 10 41 05. WP12 38.7294 43.4465 7.6 -17.8654 13.0282 1.186 212.73 63.1035 308.846 638.147 629.77 6.623
2011 10 29 18 54 18. WP12 -14.5572 -76.1207 29 -17.8654 13.0282 1.186 107.032 84.8445 312.865 765.953 751.56 5.037
2012 01 23 05 53 19. WP12 -56.9317 -25.2293 18.7 -17.8654 13.0282 1.186 52.1477 48.3182 295.889 516.69 520.23 7.715
2012 01 31 05 10 30. WP12 -14.2139 -75.6584 34.2 -17.8654 13.0282 1.186 106.961 84.5159 301.814 752.489 749.14 5.062
2012 04 15 10 55 55. WP12 -57.5759 -65.3721 8.4 -17.8654 13.0282 1.186 90.1809 68.8965 307.852 673.85 664.60 6.230
2010 12 09 05 24 05. WP13 -56.4318 -25.64 29 -18.1599 12.5579 0.895 52.6182 47.7261 303.138 517.915 514.20 7.755
2011 01 19 20 23 22. WP13 28.6831 63.9948 79.9 -18.1599 12.5579 0.895 233.248 68.1078 307.765 660.388 652.34 6.246
2011 02 12 20 05 01. WP13 -36.4604 -73.1552 12.8 -18.1599 12.5579 0.895 102.355 76.0785 303.576 711.931 706.68 5.700
2011 02 13 01 16 31. WP13 -37.0037 -73.1547 10 -18.1599 12.5579 0.895 102.223 75.9627 309.045 717.194 706.48 5.710
2011 03 07 14 32 19. WP13 -56.3864 -27.0253 92 -18.1599 12.5579 0.895 54.2155 48.3172 304.191 516.862 512.06 7.684
2011 03 07 14 32 22. WP13 -56.41 -26.68 101.2 -18.1599 12.5579 0.895 53.8107 48.1758 304.18 514.819 510.04 7.690
2011 06 21 16 35 44. WP13 -21.771 -68.3834 126.2 -18.1599 12.5579 0.895 103.922 75.3221 300.214 690.78 688.91 5.721
2011 07 16 13 25 51. WP13 -60.9862 -23.6628 8.6 -18.1599 12.5579 0.895 47.2853 49.877 299.737 534.051 533.74 7.604
2011 09 03 13 46 34. WP13 -28.4135 -63.136 592.7 -18.1599 12.5579 0.895 99.9524 69.2925 309.172 619.155 608.39 5.969
2011 10 24 10 41 05. WP13 38.7294 43.4465 7.6 -18.1599 12.5579 0.895 213.032 63.5652 313.624 645.991 632.82 6.590
2011 10 24 20 45 11. WP13 38.5893 43.1165 10.1 -18.1599 12.5579 0.895 212.757 63.3075 302.663 632.917 630.72 6.608
2011 10 29 18 54 18. WP13 -14.5572 -76.1207 29 -18.1599 12.5579 0.895 107.213 84.3411 301.529 752.079 749.01 5.076
2011 12 08 22 22 59. WP13 -27.9324 -71.1344 13.8 -18.1599 12.5579 0.895 103.416 76.3034 298.353 707.936 707.90 5.683
2011 12 12 09 54 37. WP13 -56.049 -28.2135 130.6 -18.1599 12.5579 0.895 55.7832 48.6669 296.958 508.359 510.76 7.642
2012 01 11 18 36 47. WP13 2.4307 93.2081 20.9 -18.1599 12.5579 0.895 251.384 81.878 304.498 743.659 737.82 5.257
2012 01 16 14 21 20. WP13 -60.8685 -56.0334 23 -18.1599 12.5579 0.895 80.3136 63.8969 307.389 639.007 630.40 6.586
2012 01 24 16 04 25. WP13 -36.4552 -73.1816 23.5 -18.1599 12.5579 0.895 102.371 76.1004 312.257 719.044 705.11 5.696
2012 03 06 07 45 34. WP13 -28.2579 -63.2916 551.9 -18.1599 12.5579 0.895 100.074 69.4545 299.538 613.836 612.70 5.978
2012 03 26 22 36 55. WP13 -35.2035 -72.1268 28.2 -18.1599 12.5579 0.895 102.111 75.5275 313.117 715.968 701.18 5.739
2012 04 12 08 38 36. WP13 2.2376 93.0144 26.3 -18.1599 12.5579 0.895 251.394 81.6333 313.305 750.388 735.74 5.276
2012 04 18 19 03 50. WP13 -59.1876 -16.8077 13.6 -18.1599 12.5579 0.895 40.2407 46.2 303.429 508.485 504.64 7.869
2012 05 15 10 00 19. WP13 -17.7968 -69.7926 108.7 -18.1599 12.5579 0.895 105.238 77.6026 308.537 713.976 703.81 5.562
2012 06 03 07 52 34. WP13 -22.1017 -63.6574 539.4 -18.1599 12.5579 0.895 102.371 70.9744 310.15 634.57 622.82 5.877
2012 06 08 16 02 51. WP13 -15.9117 -72.4723 106.7 -18.1599 12.5579 0.895 106.224 80.5808 299.408 721.296 720.29 5.342
2012 08 12 12 34 12. WP13 38.3798 46.7958 18.9 -18.1599 12.5579 0.895 216.254 64.7711 303.159 641.628 638.83 6.502
2012 10 01 16 31 04. WP13 1.9079 -76.3716 155.2 -18.1599 12.5579 0.895 108.072 89.5697 303.511 764.604 759.85 4.643
2010 12 09 05 24 05. WP15 -56.4318 -25.64 29 -17.0036 13.2443 0.637 52.6823 49.0485 305.074 530.069 524.43 7.656
2010 12 21 18 41 26. WP15 28.3681 59.15 14.5 -17.0036 13.2443 0.637 230.285 63.2974 313.065 642.603 629.41 6.613
2011 01 03 20 20 08. WP15 -38.3907 -73.3993 24.4 -17.0036 13.2443 0.637 101.466 77.0695 305.394 717.517 710.48 5.630
2011 01 19 20 23 22. WP15 28.6831 63.9948 79.9 -17.0036 13.2443 0.637 233.693 66.8499 299.781 644.462 644.39 6.337
2011 01 25 02 45 26. WP15 38.4018 72.8467 101.9 -17.0036 13.2443 0.637 237.397 78.4274 301.275 712.075 710.45 5.487
2011 01 28 08 38 20. WP15 28.151 59.052 18.5 -17.0036 13.2443 0.637 230.295 63.0927 311.1 638.632 627.40 6.626
2011 02 12 20 05 01. WP15 -36.4604 -73.1552 12.8 -17.0036 13.2443 0.637 101.757 77.267 311.174 726.258 713.44 5.617
2011 02 15 03 39 49. WP15 -35.4868 -73.1011 17 -17.0036 13.2443 0.637 101.941 77.4236 303.725 719.006 713.63 5.605
2011 03 07 12 31 55. WP15 -18.2064 -69.5006 114.5 -17.0036 13.2443 0.637 104.119 78.1635 303.933 711.824 706.27 5.517
2011 03 07 14 32 19. WP15 -56.3864 -27.0253 92 -17.0036 13.2443 0.637 54.2589 49.6402 306.715 529.516 522.20 7.588
2011 03 07 14 32 22. WP15 -56.41 -26.68 101.2 -17.0036 13.2443 0.637 53.8596 49.4986 306.812 527.588 520.19 7.594
2011 04 02 13 28 55. WP15 35.7317 26.5466 75.5 -17.0036 13.2443 0.637 195.803 53.9404 314.119 571.063 557.86 7.263
2011 06 21 16 35 44. WP15 -21.771 -68.3834 126.2 -17.0036 13.2443 0.637 103.014 76.3096 313.131 709.32 694.54 5.652
2011 07 16 13 25 51. WP15 -60.9862 -23.6628 8.6 -17.0036 13.2443 0.637 47.5107 51.1889 299.851 544.104 543.69 7.509
2011 07 17 00 25 45. WP15 -33.8756 -72.1007 20.5 -17.0036 13.2443 0.637 101.771 76.9469 307.838 719.901 710.41 5.639
2011 08 25 17 46 03. WP15 -7.6203 -74.538 149.3 -17.0036 13.2443 0.637 106.501 85.6993 305.444 748.745 741.87 4.930
2011 09 03 13 46 34. WP15 -28.4135 -63.136 592.7 -17.0036 13.2443 0.637 99.1247 70.3638 305.032 621.381 614.77 5.895
2011 09 04 04 48 30. WP15 -56.5611 -26.9231 96.3 -17.0036 13.2443 0.637 54.0252 49.6968 310.541 533.327 522.19 7.582
2011 09 06 17 54 58. WP15 3.0253 97.9991 106.6 -17.0036 13.2443 0.637 252.807 85.8645 298.048 747.142 747.80 4.926
2011 12 12 09 54 37. WP15 -56.049 -28.2135 130.6 -17.0036 13.2443 0.637 55.7999 49.9902 313.96 535.437 520.85 7.544
2012 01 11 18 36 47. WP15 2.4307 93.2081 20.9 -17.0036 13.2443 0.637 252.482 81.1205 305.765 740.933 733.81 5.319
2012 01 23 05 53 19. WP15 -56.9317 -25.2293 18.7 -17.0036 13.2443 0.637 51.8765 49.1759 302.233 529.643 526.85 7.651
2012 01 31 05 10 30. WP15 -14.2139 -75.6584 34.2 -17.0036 13.2443 0.637 106.17 84.9121 301.428 754.102 751.15 5.031
2012 06 24 04 34 50. WP15 3.0022 97.9116 101.9 -17.0036 13.2443 0.637 252.802 85.7742 312.433 761.627 747.90 4.935
2012 08 13 10 47 01. WP15 35.6526 82.5417 14 -17.0036 13.2443 0.637 244.184 83.8675 301.14 751.634 749.95 5.101
2010 11 11 04 04 53. WP03 -45.5992 96.3646 15.3 -21.0225 14.6821 0.47 260.533 69.5831 307.081 676.312 667.58 6.180
2010 12 21 18 41 26. WP03 28.3681 59.15 14.5 -21.0225 14.6821 0.47 226.117 65.2306 299.542 641.777 642.23 6.471
2011 01 02 09 56 42. WP03 -26.8513 -63.2373 584.3 -21.0225 14.6821 0.47 104.177 70.4331 305.565 622.982 615.77 5.895
2011 01 28 08 38 20. WP03 28.151 59.052 18.5 -21.0225 14.6821 0.47 226.115 65.0184 309.282 649.488 640.20 6.487
2011 03 07 14 32 19. WP03 -56.3864 -27.0253 92 -21.0225 14.6821 0.47 58.4743 46.8196 305.991 507.026 500.30 7.792
2011 03 07 14 32 22. WP03 -56.41 -26.68 101.2 -21.0225 14.6821 0.47 58.0734 46.6688 305.903 504.823 498.20 7.799
2011 05 15 21 07 08. WP03 36.4257 70.7231 207.6 -21.0225 14.6821 0.47 232.427 77.8743 310.417 706.375 695.74 5.493
2011 09 06 17 54 58. WP03 3.0253 97.9991 106.6 -21.0225 14.6821 0.47 248.696 84.8434 303.889 747.899 742.76 5.010
2011 09 19 12 40 35. WP03 27.8039 88.1536 29.6 -21.0225 14.6821 0.47 243.875 85.9882 311.786 770.546 758.12 4.928
2011 12 12 09 54 37. WP03 -56.049 -28.2135 130.6 -21.0225 14.6821 0.47 60.047 47.2172 312.919 513.119 499.44 7.748
2012 04 12 08 38 36. WP03 2.2376 93.0144 26.3 -21.0225 14.6821 0.47 248.322 79.9234 301.677 729.617 726.63 5.410
2012 04 12 10 43 07. WP03 0.7675 92.4284 21.6 -21.0225 14.6821 0.47 248.521 78.8416 304.726 727.456 721.38 5.491
2012 04 15 10 55 55. WP03 -57.5759 -65.3721 8.4 -21.0225 14.6821 0.47 93.4949 67.2079 311.876 667.208 653.84 6.351
2012 06 03 07 52 34. WP03 -22.1017 -63.6574 539.4 -21.0225 14.6821 0.47 105.87 72.0296 313.089 643.638 628.92 5.803
2011 01 02 09 56 42. WP09 -26.8513 -63.2373 584.3 -19.1094 12.5911 0.016 101.512 69.3278 311.873 622.757 609.27 5.971
2011 03 07 14 32 19. WP09 -56.3864 -27.0253 92 -19.1094 12.5911 0.016 54.8608 47.5026 298.346 504.715 505.73 7.744
2011 03 07 14 32 22. WP09 -56.41 -26.68 101.2 -19.1094 12.5911 0.016 54.454 47.3597 296.975 501.295 503.69 7.750
2011 06 21 16 35 44. WP09 -21.771 -68.3834 126.2 -19.1094 12.5911 0.016 104.86 75.0557 303.141 692.171 687.37 5.741
2012 01 31 05 10 30. WP09 -14.2139 -75.6584 34.2 -19.1094 12.5911 0.016 108.079 83.8338 311.784 758.99 745.66 5.116
2012 04 12 08 38 36. WP09 2.2376 93.0144 26.3 -19.1094 12.5911 0.016 250.44 81.6874 303.565 740.927 736.03 5.272
2012 04 18 19 03 50. WP09 -59.1876 -16.8077 13.6 -19.1094 12.5911 0.016 40.7464 45.3274 301.859 500.002 497.70 7.931
2012 07 27 05 33 31. WP09 -17.5507 66.2905 16.2 -19.1094 12.5911 0.016 259.396 50.8321 306.295 547.05 539.45 7.534
2012 08 12 12 34 12. WP09 38.3798 46.7958 18.9 -19.1094 12.5911 0.016 215.717 65.5806 301.85 645.582 644.10 6.442
2011 01 19 20 23 22. WPO06 28.6831 63.9948 79.9 -18.0997 10.9997 -2.389 234.357 69.1728 305.561 664.817 658.93 6.169
2011 10 29 18 54 18. WPO06 -14.5572 -76.1207 29 -18.0997 10.9997 -2.389 106.815 82.912 310.588 753.834 741.68 5.189
2011 11 23 18 47 58. WPO06 -15.3083 -65.1634 560.3 -18.0997 10.9997 -2.389 104.468 72.5112 302.598 634.263 630.10 5.756
2011 01 03 20 20 08. WP16 -38.3907 -73.3993 24.4 -17.3336 13.8379 0.727 102.082 77.3313 298.482 712.068 711.94 5.611
2011 06 21 16 35 44. WP16 -21.771 -68.3834 126.2 -17.3336 13.8379 0.727 103.521 76.7406 300.809 699.42 696.96 5.621
2011 09 04 04 48 30. WP16 -56.5611 -26.9231 96.3 -17.3336 13.8379 0.727 54.8844 49.6747 312.344 534.958 522.00 7.584
2011 10 24 10 41 05. WP16 38.7294 43.4465 7.6 -17.3336 13.8379 0.727 212.212 62.2885 305.754 629.607 624.34 6.678
2011 11 23 18 47 58. WP16 -15.3083 -65.1634 560.3 -17.3336 13.8379 0.727 104.239 75.313 298.705 646.224 645.96 5.561
2011 12 08 22 22 59. WP16 -27.9324 -71.1344 13.8 -17.3336 13.8379 0.727 103.19 77.7577 301.525 719.295 716.10 5.580
2012 01 16 13 39 55. WP16 -60.701 -55.8579 17.3 -17.3336 13.8379 0.727 80.9348 65.1121 310.544 650.991 639.23 6.500
2012 01 16 14 21 20. WP16 -60.8685 -56.0334 23 -17.3336 13.8379 0.727 81.0171 65.2235 302.02 642.324 639.09 6.491
2012 06 24 04 34 50. WP16 3.0022 97.9116 101.9 -17.3336 13.8379 0.727 252.429 85.2344 301.43 747.954 745.23 4.980
2012 07 26 00 27 24. WP16 2.6255 96.1109 28.6 -17.3336 13.8379 0.727 252.322 83.407 301.497 747.471 744.64 5.146
2012 08 12 12 23 15. WP16 38.4023 46.838 8.7 -17.3336 13.8379 0.727 215.541 63.4996 309.243 640.999 632.14 6.595
2012 10 01 16 31 04. WP16 1.9079 -76.3716 155.2 -17.3336 13.8379 0.727 107.209 90.7611 302.888 769.523 765.37 4.636
