2011 04 01 13 29 11.527 CAIA 35.7317 26.5466 75.5 -17.7986 35.4156 0.0 169.525 53.8964 554.429 554.428 557.62 7.266
2011 04 01 13 29 11.527 INCA 35.7317 26.5466 75.5 -19.2197 33.8419 0.0 171.586 55.0859 563.324 563.324 566.27 7.179
2011 04 01 13 29 11.527 MACO 35.7317 26.5466 75.5 -17.9578 34.1723 0.0 171.004 53.882 553.944 553.943 557.53 7.267
2011 04 01 13 29 11.527 MANI 35.7317 26.5466 75.5 -18.9481 32.8842 0.0 172.646 54.7107 559.818 559.818 563.57 7.205
2011 04 01 13 29 11.527 MUAN 35.7317 26.5466 75.5 -18.8187 34.738 0.0 170.494 54.8041 561.274 561.273 564.23 7.198
2011 04 01 13 29 11.527 PNG 35.7317 26.5466 75.5 -19.002 34.2327 0.0 171.104 54.919 561.702 561.702 565.06 7.190
2011 04 01 13 29 11.527 SUSS 35.7317 26.5466 75.5 -19.4219 33.2916 0.0 172.244 55.2225 563.968 563.968 567.26 7.169
2011 04 03 20 06 43.266 CAIA -9.7342 107.769 31.9 -17.7986 35.4156 0.0 254.547 70.3824 669.207 669.207 670.59 6.112
2011 04 03 20 06 43.266 INCA -9.7342 107.769 31.9 -19.2197 33.8419 0.0 252.941 71.7682 678.145 678.144 678.98 6.011
2011 04 03 20 06 43.266 MACO -9.7342 107.769 31.9 -17.9578 34.1723 0.0 254.285 71.5509 676.217 676.217 677.68 6.027
2011 04 03 20 06 43.266 MANI -9.7342 107.769 31.9 -18.9481 32.8842 0.0 253.151 72.6919 683.484 683.484 684.50 5.944
2011 04 03 20 06 43.266 MUAN -9.7342 107.769 31.9 -18.8187 34.738 0.0 253.425 70.9513 673.011 673.011 674.05 6.069
2011 04 03 20 06 43.266 PNG -9.7342 107.769 31.9 -19.002 34.2327 0.0 253.197 71.4154 675.34 675.34 676.85 6.037
2011 04 03 20 06 43.266 SGOR -9.7342 107.769 31.9 -18.5109 34.0504 0.0 253.697 71.6239 676.677 676.676 678.11 6.022
2011 04 03 20 06 43.266 SUSS -9.7342 107.769 31.9 -19.4219 33.2916 0.0 252.69 72.2716 680.9 680.9 681.99 5.973
2011 04 24 23 07 54.716 INCA -4.4806 122.864 28.3 -19.2197 33.8419 0.0 251.018 87.6234 764.942 764.941 765.51 4.811
2011 04 24 23 07 54.716 MACO -4.4806 122.864 28.3 -17.9578 34.1723 0.0 252.293 87.3953 763.183 763.182 764.42 4.828
2011 04 24 23 07 54.716 MANI -4.4806 122.864 28.3 -18.9481 32.8842 0.0 251.224 88.5459 768.906 768.906 769.92 4.739
2011 04 24 23 07 54.716 MUAN -4.4806 122.864 28.3 -18.8187 34.738 0.0 251.472 86.8035 760.572 760.572 761.55 4.876
2011 04 24 23 07 54.716 PNG -4.4806 122.864 28.3 -19.002 34.2327 0.0 251.259 87.2691 762.494 762.493 763.81 4.839
2011 04 24 23 07 54.716 SGOR -4.4806 122.864 28.3 -18.5109 34.0504 0.0 251.736 87.474 763.582 763.582 764.80 4.822
2011 04 24 23 07 54.716 SUSS -4.4806 122.864 28.3 -19.4219 33.2916 0.0 250.781 88.1278 766.978 766.978 767.93 4.773
2011 05 14 21 07 21.823 INCA 36.4257 70.7231 207.6 -19.2197 33.8419 0.0 218.586 65.4079 619.15 619.15 621.90 6.388
2011 05 14 21 07 21.823 MACO 36.4257 70.7231 207.6 -17.9578 34.1723 0.0 219.032 64.1788 610.943 610.943 613.95 6.477
2011 05 14 21 07 21.823 MANI 36.4257 70.7231 207.6 -18.9481 32.8842 0.0 219.585 65.6671 620.328 620.328 623.52 6.369
2011 05 14 21 07 21.823 MUAN 36.4257 70.7231 207.6 -18.8187 34.738 0.0 218.025 64.6212 614.03 614.029 616.85 6.445
2011 05 14 21 07 21.823 PNG 36.4257 70.7231 207.6 -19.002 34.2327 0.0 218.368 65.0282 616.334 616.333 619.46 6.416
2011 05 14 21 07 21.823 SUSS 36.4257 70.7231 207.6 -19.4219 33.2916 0.0 218.95 65.8558 621.512 621.512 624.75 6.355
2011 06 05 11 51 13.642 MACO -55.8442 147.235 14.4 -17.9578 34.1723 0.0 241.236 87.551 767.053 767.053 766.53 4.832
2011 06 05 11 51 13.642 MANI -55.8442 147.235 14.4 -18.9481 32.8842 0.0 239.679 87.3399 766.234 766.234 765.47 4.850
2011 06 05 11 51 13.642 MUAN -55.8442 147.235 14.4 -18.8187 34.738 0.0 241.249 86.5403 762.063 762.063 761.59 4.912
2011 06 05 11 51 13.642 PNG -55.8442 147.235 14.4 -19.002 34.2327 0.0 240.745 86.6339 762.322 762.321 762.04 4.904
2011 06 05 11 51 13.642 SGOR -55.8442 147.235 14.4 -18.5109 34.0504 0.0 240.851 87.1411 764.891 764.891 764.53 4.865
2011 07 15 13 26 02.859 MACO -60.9862 -23.6628 8.6 -17.9578 34.1723 0.0 70.0147 59.0287 598.61 598.61 599.93 6.940
2011 07 15 13 26 02.859 MANI -60.9862 -23.6628 8.6 -18.9481 32.8842 0.0 69.3128 57.5766 587.885 587.885 589.76 7.045
2011 07 15 13 26 02.859 PNG -60.9862 -23.6628 8.6 -19.002 34.2327 0.0 70.6622 58.1474 592.232 592.232 593.75 7.000
2011 07 15 13 26 02.859 SGOR -60.9862 -23.6628 8.6 -18.5109 34.0504 0.0 70.2064 58.4909 594.551 594.55 596.17 6.973
2011 07 19 19 35 43.392 MACO 40.1562 71.5011 19.5 -17.9578 34.1723 0.0 218.677 67.4638 652.749 652.748 655.94 6.306
2011 07 19 19 35 43.392 MANI 40.1562 71.5011 19.5 -18.9481 32.8842 0.0 219.273 68.9332 661.883 661.883 665.14 6.200
2011 07 19 19 35 43.392 PNG 40.1562 71.5011 19.5 -19.002 34.2327 0.0 218.062 68.3337 658.183 658.182 661.44 6.243
2011 07 19 19 35 43.392 SUSS 40.1562 71.5011 19.5 -19.4219 33.2916 0.0 218.661 69.1423 659.661 659.661 666.46 6.185
2011 08 10 23 45 43.094 INCB -7.1029 -12.8059 11.7 -19.2337 33.8224 0.0 109.652 46.8291 508.734 508.734 509.71 7.825
2011 08 10 23 45 43.094 MACO -7.1029 -12.8059 11.7 -17.9578 34.1723 0.0 107.868 46.9861 509.361 509.361 510.92 7.814
2011 08 10 23 45 43.094 MANI -7.1029 -12.8059 11.7 -18.9481 32.8842 0.0 109.445 45.9096 500.747 500.747 502.48 7.891
2011 08 10 23 45 43.094 PNG -7.1029 -12.8059 11.7 -19.002 34.2327 0.0 109.264 47.18 511.055 511.055 512.44 7.799
2011 08 10 23 45 43.094 SGOR -7.1029 -12.8059 11.7 -18.5109 34.0504 0.0 108.635 46.9421 509.097 509.097 510.58 7.817
2011 08 10 23 45 43.094 SUSS -7.1029 -12.8059 11.7 -19.4219 33.2916 0.0 110.01 46.3617 504.909 504.908 506.05 7.859
2011 08 22 20 12 21.28 INCB -6.3564 104.005 33.4 -19.2337 33.8224 0.0 251.918 69.2431 663.265 663.264 663.45 6.193
2011 08 22 20 12 21.28 MACO -6.3564 104.005 33.4 -17.9578 34.1723 0.0 253.275 68.9066 661.096 661.096 661.36 6.217
2011 08 22 20 12 21.28 MANI -6.3564 104.005 33.4 -18.9481 32.8842 0.0 252.224 70.1294 669.004 669.004 668.90 6.130
2011 08 22 20 12 21.28 PNG -6.3564 104.005 33.4 -19.002 34.2327 0.0 252.161 68.8534 660.727 660.726 661.03 6.221
2011 08 22 20 12 21.28 SGOR -6.3564 104.005 33.4 -18.5109 34.0504 0.0 252.686 69.0235 661.803 661.803 662.09 6.209
2011 08 22 20 12 21.28 SUSS -6.3564 104.005 33.4 -19.4219 33.2916 0.0 251.721 69.7454 666.585 666.585 666.55 6.156
2011 09 02 13 47 10.701 CAIA -28.4135 -63.136 592.7 -17.7986 35.4156 0.0 109.557 88.9101 711.299 711.298 711.65 4.637
2011 09 02 13 47 10.701 INCB -28.4135 -63.136 592.7 -19.2337 33.8224 0.0 110.068 86.8947 701.991 701.99 702.26 4.696
2011 09 02 13 47 10.701 MACO -28.4135 -63.136 592.7 -17.9578 34.1723 0.0 109.117 87.7994 705.984 705.984 706.50 4.643
2011 09 02 13 47 10.701 MANI -28.4135 -63.136 592.7 -18.9481 32.8842 0.0 109.391 86.2534 698.769 698.768 699.25 4.745
2011 09 02 13 47 10.701 PNG -28.4135 -63.136 592.7 -19.002 34.2327 0.0 110.054 87.3457 704.017 704.017 704.37 4.662
2011 09 02 13 47 10.701 SGOR -28.4135 -63.136 592.7 -18.5109 34.0504 0.0 109.542 87.4314 704.116 704.115 704.78 4.655
2011 09 02 13 47 10.701 SUSS -28.4135 -63.136 592.7 -19.4219 33.2916 0.0 109.99 86.3652 699.438 699.438 699.76 4.736
2011 09 03 04 48 58.789 CAIA -56.5611 -26.9231 96.3 -17.7986 35.4156 0.0 76.6578 60.1405 596.151 596.15 597.00 6.831
2011 09 03 04 48 58.789 INCB -56.5611 -26.9231 96.3 -19.2337 33.8224 0.0 76.1503 58.1075 581.565 581.564 582.93 6.970
2011 09 03 04 48 58.789 MACO -56.5611 -26.9231 96.3 -17.9578 34.1723 0.0 75.6297 59.3415 590.233 590.233 591.53 6.888
2011 09 03 04 48 58.789 MANI -56.5611 -26.9231 96.3 -18.9481 32.8842 0.0 75.0983 57.8383 579.347 579.346 581.08 6.991
2011 09 03 04 48 58.789 PNG -56.5611 -26.9231 96.3 -19.002 34.2327 0.0 76.3712 58.5177 584.338 584.337 585.79 6.946
2011 09 03 04 48 58.789 SGOR -56.5611 -26.9231 96.3 -18.5109 34.0504 0.0 75.8803 58.822 586.327 586.327 587.93 6.925
2011 09 03 04 48 58.789 SUSS -56.5611 -26.9231 96.3 -19.4219 33.2916 0.0 75.7892 57.6684 578.459 578.458 579.87 7.004
2011 09 05 17 55 12.947 CAIA 3.0253 97.9991 106.6 -17.7986 35.4156 0.0 248.897 65.029 627.549 627.548 628.93 6.468
2011 09 05 17 55 12.947 INCB 3.0253 97.9991 106.6 -19.2337 33.8224 0.0 247.714 66.8058 639.03 639.03 640.32 6.340
2011 09 05 17 55 12.947 MACO 3.0253 97.9991 106.6 -17.9578 34.1723 0.0 248.994 66.2203 635.125 635.125 636.58 6.382
2011 09 05 17 55 12.947 MANI 3.0253 97.9991 106.6 -18.9481 32.8842 0.0 248.212 67.6161 644.307 644.306 645.42 6.282
2011 09 05 17 55 12.947 PNG 3.0253 97.9991 106.6 -19.002 34.2327 0.0 247.871 66.3782 636.112 636.112 637.60 6.370
2011 09 05 17 55 12.947 SGOR 3.0253 97.9991 106.6 -18.5109 34.0504 0.0 248.431 66.4457 636.503 636.502 638.02 6.365
2011 09 05 17 55 12.947 SUSS 3.0253 97.9991 106.6 -19.4219 33.2916 0.0 247.628 67.335 642.537 642.537 643.66 6.302
2011 09 18 12 40 49.584 CAIA 27.8039 88.1536 29.6 -17.7986 35.4156 0.0 234.705 68.2833 656.072 656.072 659.12 6.250
2011 09 18 12 40 49.584 INCB 27.8039 88.1536 29.6 -19.2337 33.8224 0.0 234.59 70.3597 669.079 669.079 671.97 6.100
2011 09 18 12 40 49.584 MACO 27.8039 88.1536 29.6 -17.9578 34.1723 0.0 235.397 69.2885 662.47 662.47 665.36 6.178
2011 09 18 12 40 49.584 MANI 27.8039 88.1536 29.6 -18.9481 32.8842 0.0 235.424 70.8584 672.058 672.058 674.98 6.063
2011 09 18 12 40 49.584 PNG 27.8039 88.1536 29.6 -19.002 34.2327 0.0 234.511 69.9147 666.272 666.271 669.25 6.133
2011 09 18 12 40 49.584 SUSS 27.8039 88.1536 29.6 -19.4219 33.2916 0.0 234.78 70.8638 672.092 672.091 675.04 6.062
2011 10 13 03 16 32.096 CAIA -9.3634 114.555 63.2 -17.7986 35.4156 0.0 253.858 76.9235 704.495 704.494 705.33 5.624
2011 10 13 03 16 32.096 INCB -9.3634 114.555 63.2 -19.2337 33.8224 0.0 252.247 78.2827 712.228 712.227 712.89 5.522
2011 10 13 03 16 32.096 MACO -9.3634 114.555 63.2 -17.9578 34.1723 0.0 253.572 78.0849 710.974 710.974 711.81 5.538
2011 10 13 03 16 32.096 MANI -9.3634 114.555 63.2 -18.9481 32.8842 0.0 252.44 79.195 717.394 717.394 717.90 5.458
2011 10 13 03 16 32.096 PNG -9.3634 114.555 63.2 -19.002 34.2327 0.0 252.522 77.9203 709.882 709.882 710.89 5.550
2011 10 13 03 16 32.096 SGOR -9.3634 114.555 63.2 -18.5109 34.0504 0.0 253.001 78.1424 711.292 711.292 712.12 5.533
2011 10 13 03 16 32.096 SUSS -9.3634 114.555 63.2 -19.4219 33.2916 0.0 252.004 78.7618 714.984 714.984 715.53 5.489
2011 10 23 10 41 22.024 CAIA 38.7294 43.4465 7.6 -17.7986 35.4156 0.0 189.16 56.7308 582.964 582.964 586.36 7.082
2011 10 23 10 41 22.024 INCB 38.7294 43.4465 7.6 -19.2337 33.8224 0.0 190.693 58.3587 594.37 594.369 597.84 6.961
2011 10 23 10 41 22.024 MACO 38.7294 43.4465 7.6 -17.9578 34.1723 0.0 190.533 57.0539 585.136 585.135 588.65 7.059
2011 10 23 10 41 22.024 MANI 38.7294 43.4465 7.6 -18.9481 32.8842 0.0 191.776 58.2213 593.23 593.229 596.86 6.969
2011 10 23 10 41 22.024 PNG 38.7294 43.4465 7.6 -19.002 34.2327 0.0 190.283 58.0724 592.388 592.387 595.84 6.979
2011 10 23 10 41 22.024 SUSS 38.7294 43.4465 7.6 -19.4219 33.2916 0.0 191.239 58.6225 596.148 596.148 599.67 6.944
2011 10 23 20 45 37.039 CAIA 38.5893 43.1165 10.1 -17.7986 35.4156 0.0 188.801 56.5523 580.455 580.454 584.70 7.095
2011 10 23 20 45 37.039 INCB 38.5893 43.1165 10.1 -19.2337 33.8224 0.0 190.346 58.174 591.818 591.817 596.15 6.970
2011 10 23 20 45 37.039 MACO 38.5893 43.1165 10.1 -17.9578 34.1723 0.0 190.179 56.8699 582.591 582.59 586.95 7.071
2011 10 23 20 45 37.039 MANI 38.5893 43.1165 10.1 -18.9481 32.8842 0.0 191.431 58.0323 590.645 590.645 595.14 6.981
2011 10 23 20 45 37.039 PNG 38.5893 43.1165 10.1 -19.002 34.2327 0.0 189.934 57.8894 589.883 589.883 594.16 6.993
2011 10 23 20 45 37.039 SUSS 38.5893 43.1165 10.1 -19.4219 33.2916 0.0 190.895 58.4357 593.525 593.524 597.97 6.956
2011 12 11 09 54 56.485 BERG -56.049 -28.2135 130.600007812 -25.4266 31.4469 0.0 79.9355 52.4297 535.057 535.057 538.36 7.377
2011 12 11 09 54 56.485 CHIB -56.049 -28.2135 130.600007812 -20.2906 33.6515 0.0 78.1963 57.7431 573.771 573.77 576.68 6.984
2011 12 11 09 54 56.485 CHID -56.049 -28.2135 130.600007812 -24.9242 34.1887 0.0 82.0035 54.3447 550.158 550.157 552.32 7.238
2011 12 11 09 54 56.485 CHIT -56.049 -28.2135 130.600007812 -20.8239 33.3682 0.0 78.3101 57.1576 569.791 569.791 572.56 7.030
2011 12 11 09 54 56.485 CHOK -56.049 -28.2135 130.600007812 -24.5103 33.0078 0.0 80.6439 54.0163 547.699 547.699 549.97 7.261
2011 12 11 09 54 56.485 ESPU -56.049 -28.2135 130.600007812 -20.4561 32.7705 0.0 77.5148 57.1263 569.491 569.491 572.36 7.032
2011 12 11 09 54 56.485 FUNH -56.049 -28.2135 130.600007812 -23.0973 34.3782 0.0 80.8263 55.8956 561.006 561.005 563.52 7.125
2011 12 11 09 54 56.485 GUGU -56.049 -28.2135 130.600007812 -19.8632 34.4677 0.0 78.6363 58.5367 580.27 580.269 582.20 6.933
2011 12 11 09 54 56.485 HOMO -56.049 -28.2135 130.600007812 -23.8815 35.2291 0.0 82.1489 55.7458 559.858 559.858 562.41 7.137
2011 12 11 09 54 56.485 MABO -56.049 -28.2135 130.600007812 -22.0517 34.1237 0.0 79.8506 56.5886 566.321 566.32 568.48 7.073
2011 12 11 09 54 56.485 MACO -56.049 -28.2135 130.600007812 -17.9578 34.1723 0.0 77.0928 59.9194 589.361 589.361 591.80 6.833
2011 12 11 09 54 56.485 MAFA -56.049 -28.2135 130.600007812 -19.5253 34.6075 0.0 78.5319 58.8865 582.809 582.809 584.63 6.908
2011 12 11 09 54 56.485 MAMB -56.049 -28.2135 130.600007812 -21.0061 34.9598 0.0 79.8619 57.888 575.261 575.261 577.64 6.974
2011 12 11 09 54 56.485 MANI -56.049 -28.2135 130.600007812 -18.9481 32.8842 0.0 76.5886 58.4102 578.513 578.512 581.39 6.941
2011 12 11 09 54 56.485 NHAN -56.049 -28.2135 130.600007812 -19.7158 35.0109 0.0 79.0216 58.9547 583.499 583.499 585.09 6.903
2011 12 11 09 54 56.485 ORPN -56.049 -28.2135 130.600007812 -24.4772 31.3896 0.0 79.1622 53.1487 540.258 540.257 543.68 7.323
2011 12 11 09 54 56.485 PNDA -56.049 -28.2135 130.600007812 -22.6902 31.0144 0.0 77.4993 54.3671 549.319 549.319 552.62 7.235
2011 12 11 09 54 56.485 PNG -56.049 -28.2135 130.600007812 -19.002 34.2327 0.0 77.8427 59.1042 583.51 583.51 586.17 6.892
2011 12 11 09 54 56.485 SGOR -56.049 -28.2135 130.600007812 -18.5109 34.0504 0.0 77.3501 59.4029 585.544 585.544 588.24 6.870
2011 12 11 09 54 56.485 SIRH -56.049 -28.2135 130.600007812 -22.9474 31.2222 0.0 77.8764 54.275 548.814 548.813 551.94 7.242
2011 12 11 09 54 56.485 SUSS -56.049 -28.2135 130.600007812 -19.4219 33.2916 0.0 77.278 58.2483 577.669 577.668 580.24 6.952
2011 12 13 07 52 12.031 BERG 0.0473 123.063 167.4 -25.4266 31.4469 0.0 244.715 91.4815 764.996 764.995 767.27 4.628
2011 12 13 07 52 12.031 CHIB 0.0473 123.063 167.4 -20.2906 33.6515 0.0 249.833 89.4639 755.239 755.239 757.92 4.643
2011 12 13 07 52 12.031 CHID 0.0473 123.063 167.4 -24.9242 34.1887 0.0 245.218 88.9977 754.592 754.591 755.76 4.665
2011 12 13 07 52 12.031 CHIT 0.0473 123.063 167.4 -20.8239 33.3682 0.0 249.303 89.7312 756.92 756.92 759.16 4.642
2011 12 13 07 52 12.031 CHOK 0.0473 123.063 167.4 -24.5103 33.0078 0.0 245.635 90.0698 759.331 759.331 760.73 4.641
2011 12 13 07 52 12.031 ESPU 0.0473 123.063 167.4 -20.4561 32.7705 0.0 249.67 90.2907 759.577 759.576 761.76 4.639
2011 12 13 07 52 12.031 FUNH 0.0473 123.063 167.4 -23.0973 34.3782 0.0 247.035 88.8074 753.602 753.602 754.87 4.681
2011 12 13 07 52 12.031 GUGU 0.0473 123.063 167.4 -19.8632 34.4677 0.0 250.253 88.6938 752.43 752.43 754.34 4.689
2011 12 13 07 52 12.031 HOMO 0.0473 123.063 167.4 -23.8815 35.2291 0.0 246.244 88.0363 749.87 749.869 751.24 4.741
2011 12 13 07 52 12.031 MABO 0.0473 123.063 167.4 -22.0517 34.1237 0.0 248.078 89.0336 754.399 754.399 755.92 4.663
2011 12 13 07 52 12.031 MACO 0.0473 123.063 167.4 -17.9578 34.1723 0.0 252.151 88.9586 753.269 753.269 755.57 4.669
2011 12 13 07 52 12.031 MAFA 0.0473 123.063 167.4 -19.5253 34.6075 0.0 250.588 88.559 751.797 751.797 753.70 4.700
2011 12 13 07 52 12.031 MAMB 0.0473 123.063 167.4 -21.0061 34.9598 0.0 249.111 88.2446 750.416 750.416 752.22 4.724
2011 12 13 07 52 12.031 MANI 0.0473 123.063 167.4 -18.9481 32.8842 0.0 251.17 90.1845 759.084 759.084 761.26 4.640
2011 12 13 07 52 12.031 NHAN 0.0473 123.063 167.4 -19.7158 35.0109 0.0 250.394 88.1808 750.135 750.134 751.92 4.729
2011 12 13 07 52 12.031 ORPN 0.0473 123.063 167.4 -24.4772 31.3896 0.0 245.66 91.5442 765.166 765.165 767.56 4.628
2011 12 13 07 52 12.031 PNDA 0.0473 123.063 167.4 -22.6902 31.0144 0.0 247.435 91.91 766.917 766.917 769.25 4.623
2011 12 13 07 52 12.031 PNG 0.0473 123.063 167.4 -19.002 34.2327 0.0 251.112 88.9086 752.896 752.895 755.34 4.673
2011 12 13 07 52 12.031 SGOR 0.0473 123.063 167.4 -18.5109 34.0504 0.0 251.601 89.078 753.826 753.825 756.13 4.659
2011 12 13 07 52 12.031 SIRH 0.0473 123.063 167.4 -22.9474 31.2222 0.0 247.181 91.7151 766.157 766.156 768.35 4.625
2011 12 13 07 52 12.031 SUSS 0.0473 123.063 167.4 -19.4219 33.2916 0.0 250.698 89.7999 757.399 757.399 759.48 4.642
2012 01 10 18 37 00.195 BERG 2.4307 93.2081 20.9 -25.4266 31.4469 0.0 240.831 65.8282 644.021 644.02 644.04 6.438
2012 01 10 18 37 00.195 CHIB 2.4307 93.2081 20.9 -20.2906 33.6515 0.0 245.755 62.5689 622.463 622.462 622.61 6.669
2012 01 10 18 37 00.195 CHIT 2.4307 93.2081 20.9 -20.8239 33.3682 0.0 245.248 62.955 625.194 625.193 625.19 6.644
2012 01 10 18 37 00.195 CHOK 2.4307 93.2081 20.9 -24.5103 33.0078 0.0 241.385 64.2195 634.524 634.523 633.59 6.555
2012 01 10 18 37 00.195 ESPU 2.4307 93.2081 20.9 -20.4561 32.7705 0.0 245.797 63.4109 628.436 628.436 628.20 6.614
2012 01 10 18 37 00.195 FUNH 2.4307 93.2081 20.9 -23.0973 34.3782 0.0 242.519 62.6306 624.034 624.034 623.07 6.664
2012 01 10 18 37 00.195 GUGU 2.4307 93.2081 20.9 -19.8632 34.4677 0.0 246.011 61.7215 617.682 617.681 616.93 6.734
2012 01 10 18 37 00.195 HOMO 2.4307 93.2081 20.9 -23.8815 35.2291 0.0 241.428 62.0971 620.546 620.546 619.53 6.705
2012 01 10 18 37 00.195 MACO 2.4307 93.2081 20.9 -17.9578 34.1723 0.0 248.18 61.5492 615.94 615.939 615.73 6.747
2012 01 10 18 37 00.195 MAFA 2.4307 93.2081 20.9 -19.5253 34.6075 0.0 246.345 61.512 616.329 616.328 615.51 6.750
2012 01 10 18 37 00.195 MAMB 2.4307 93.2081 20.9 -21.0061 34.9598 0.0 244.629 61.56 616.632 616.632 615.86 6.746
2012 01 10 18 37 00.195 NHAN 2.4307 93.2081 20.9 -19.7158 35.0109 0.0 246.03 61.1896 615.168 615.167 613.34 6.774
2012 01 10 18 37 00.195 ORPN 2.4307 93.2081 20.9 -24.4772 31.3896 0.0 241.848 65.6333 642.825 642.824 642.77 6.452
2012 01 10 18 37 00.195 PNDA 2.4307 93.2081 20.9 -22.6902 31.0144 0.0 243.834 65.5268 642.296 642.296 642.05 6.460
2012 01 10 18 37 00.195 PNG 2.4307 93.2081 20.9 -19.002 34.2327 0.0 247.016 61.7319 617.172 617.171 616.98 6.733
2012 01 10 18 37 00.195 SIRH 2.4307 93.2081 20.9 -22.9474 31.2222 0.0 243.51 65.4024 641.712 641.711 641.26 6.469
2012 01 10 18 37 00.195 SUSS 2.4307 93.2081 20.9 -19.4219 33.2916 0.0 246.791 62.694 623.977 623.977 623.43 6.660
2012 01 15 13 40 21.441 BERG -60.701 -55.8579 17.3 -25.4266 31.4469 0.0 100.843 66.8777 649.468 649.468 650.03 6.377
2012 01 15 13 40 21.441 CHIB -60.701 -55.8579 17.3 -20.2906 33.6515 0.0 99.8256 72.2957 683.661 683.66 683.65 5.983
2012 01 15 13 40 21.441 CHIT -60.701 -55.8579 17.3 -20.8239 33.3682 0.0 99.8752 71.7042 680.416 680.415 680.09 6.028
2012 01 15 13 40 21.441 ESPU -60.701 -55.8579 17.3 -20.4561 32.7705 0.0 99.1713 71.7273 680.314 680.314 680.25 6.026
2012 01 15 13 40 21.441 FUNH -60.701 -55.8579 17.3 -23.0973 34.3782 0.0 101.967 70.2599 671.468 671.468 671.21 6.134
2012 01 15 13 40 21.441 GUGU -60.701 -55.8579 17.3 -19.8632 34.4677 0.0 100.285 73.0554 689.159 689.158 688.18 5.928
2012 01 15 13 40 21.441 MACO -60.701 -55.8579 17.3 -17.9578 34.1723 0.0 99.0238 74.5399 697.303 697.303 696.97 5.818
2012 01 15 13 40 21.441 MAFA -60.701 -55.8579 17.3 -19.5253 34.6075 0.0 100.223 73.4115 691.201 691.201 690.30 5.902
2012 01 15 13 40 21.441 ORPN -60.701 -55.8579 17.3 -24.4772 31.3896 0.0 100.249 67.65 654.244 654.243 654.96 6.322
2012 01 15 13 40 21.441 PNDA -60.701 -55.8579 17.3 -22.6902 31.0144 0.0 98.923 68.978 663.02 663.02 663.36 6.225
2012 01 15 13 40 21.441 PNG -60.701 -55.8579 17.3 -19.002 34.2327 0.0 99.6272 73.6767 692.101 692.101 691.88 5.882
2012 01 15 13 40 21.441 SIRH -60.701 -55.8579 17.3 -22.9474 31.2222 0.0 99.2421 68.8612 662.394 662.394 662.62 6.234
2012 01 15 13 40 21.441 SUSS -60.701 -55.8579 17.3 -19.4219 33.2916 0.0 99.0544 72.8616 687.39 687.39 687.06 5.942
2012 01 15 14 21 34.419 BERG -60.8685 -56.0334 23.0 -25.4266 31.4469 0.0 100.919 66.9305 645.258 645.257 649.50 6.372
2012 01 15 14 21 34.419 CHIT -60.8685 -56.0334 23.0 -20.8239 33.3682 0.0 99.9686 71.7601 676.338 676.337 679.55 6.022
2012 01 15 14 21 34.419 ESPU -60.8685 -56.0334 23.0 -20.4561 32.7705 0.0 99.265 71.7854 676.289 676.289 679.72 6.020
2012 01 15 14 21 34.419 MACO -60.8685 -56.0334 23.0 -17.9578 34.1723 0.0 99.1271 74.5984 693.426 693.425 696.43 5.812
2012 01 15 14 21 34.419 MAFA -60.8685 -56.0334 23.0 -19.5253 34.6075 0.0 100.322 73.4662 687.008 687.007 689.74 5.897
2012 01 15 14 21 34.419 NHAN -60.8685 -56.0334 23.0 -19.7158 35.0109 0.0 100.764 73.4973 688.25 688.25 689.91 5.895
2012 01 15 14 21 34.419 PNDA -60.8685 -56.0334 23.0 -22.6902 31.0144 0.0 99.007 69.0368 658.936 658.935 662.85 6.220
2012 01 15 14 21 34.419 SIRH -60.8685 -56.0334 23.0 -22.9474 31.2222 0.0 99.3256 68.9191 658.224 658.224 662.11 6.229
2012 01 15 14 21 34.419 SUSS -60.8685 -56.0334 23.0 -19.4219 33.2916 0.0 99.1521 72.92 683.241 683.241 686.53 5.937
2012 01 22 05 53 43.13 BERG -56.9317 -25.2293 18.7 -25.4266 31.4469 0.0 76.5015 50.99 535.994 535.994 539.92 7.526
2012 01 22 05 53 43.13 CHIB -56.9317 -25.2293 18.7 -20.2906 33.6515 0.0 74.9054 56.3391 575.799 575.799 579.29 7.135
2012 01 22 05 53 43.13 CHIT -56.9317 -25.2293 18.7 -20.8239 33.3682 0.0 75.0027 55.7513 571.716 571.715 575.07 7.178
2012 01 22 05 53 43.13 CHOK -56.9317 -25.2293 18.7 -24.5103 33.0078 0.0 77.2767 52.5612 548.8 548.8 551.66 7.412
2012 01 22 05 53 43.13 GUGU -56.9317 -25.2293 18.7 -19.8632 34.4677 0.0 75.3766 57.1228 582.085 582.084 584.86 7.076
2012 01 22 05 53 43.13 MACO -56.9317 -25.2293 18.7 -17.9578 34.1723 0.0 73.8523 58.539 591.984 591.984 594.89 6.969
2012 01 22 05 53 43.13 NHAN -56.9317 -25.2293 18.7 -19.7158 35.0109 0.0 75.7802 57.5323 586.415 586.414 587.75 7.046
2012 01 22 05 53 43.13 ORPN -56.9317 -25.2293 18.7 -24.4772 31.3896 0.0 75.738 51.7253 541.504 541.504 545.47 7.473
2012 01 22 05 53 43.13 PNDA -56.9317 -25.2293 18.7 -22.6902 31.0144 0.0 74.0866 52.9796 551.053 551.053 554.86 7.381
2012 01 22 05 53 43.13 PNG -56.9317 -25.2293 18.7 -19.002 34.2327 0.0 74.5883 57.7075 585.848 585.847 589.03 7.032
2012 01 22 05 53 43.13 SIRH -56.9317 -25.2293 18.7 -22.9474 31.2222 0.0 74.4672 52.8793 550.432 550.432 554.11 7.388
2012 01 22 05 53 43.13 SUSS -56.9317 -25.2293 18.7 -19.4219 33.2916 0.0 73.9887 56.8644 579.955 579.954 583.07 7.095
2012 03 05 07 46 09.342 BERG -28.2579 -63.2916 551.9 -25.4266 31.4469 0.0 114.562 82.229 681.897 681.897 682.99 5.070
2012 03 05 07 46 09.342 CHIB -28.2579 -63.2916 551.9 -20.2906 33.6515 0.0 110.993 86.4303 703.857 703.856 703.70 4.748
2012 03 05 07 46 09.342 CHIT -28.2579 -63.2916 551.9 -20.8239 33.3682 0.0 111.332 85.9431 701.599 701.598 701.37 4.785
2012 03 05 07 46 09.342 CHOK -28.2579 -63.2916 551.9 -24.5103 33.0078 0.0 114.415 83.9076 691.583 691.582 691.40 4.940
2012 03 05 07 46 09.342 ESPU -28.2579 -63.2916 551.9 -20.4561 32.7705 0.0 110.742 85.6255 699.998 699.997 699.86 4.808
2012 03 05 07 46 09.342 FUNH -28.2579 -63.2916 551.9 -23.0973 34.3782 0.0 113.773 85.6813 700.925 700.925 700.05 4.805
2012 03 05 07 46 09.342 GUGU -28.2579 -63.2916 551.9 -19.8632 34.4677 0.0 110.99 87.3074 707.124 707.123 707.84 4.681
2012 03 05 07 46 09.342 MANI -28.2579 -63.2916 551.9 -18.9481 32.8842 0.0 109.471 86.4343 704.016 704.015 703.75 4.747
2012 03 05 07 46 09.342 NHAN -28.2579 -63.2916 551.9 -19.7158 35.0109 0.0 111.11 87.8258 712.296 712.296 710.25 4.643
2012 03 05 07 46 09.342 ORPN -28.2579 -63.2916 551.9 -24.4772 31.3896 0.0 113.692 82.6195 683.848 683.847 684.98 5.041
2012 03 05 07 46 09.342 PNDA -28.2579 -63.2916 551.9 -22.6902 31.0144 0.0 111.943 83.1383 686.967 686.967 687.63 5.000
2012 03 05 07 46 09.342 PNG -28.2579 -63.2916 551.9 -19.002 34.2327 0.0 110.132 87.5278 709.252 709.251 708.89 4.664
2012 03 05 07 46 09.342 SIRH -28.2579 -63.2916 551.9 -22.9474 31.2222 0.0 112.261 83.1894 687.222 687.221 687.88 4.997
2012 03 05 07 46 09.342 SUSS -28.2579 -63.2916 551.9 -19.4219 33.2916 0.0 110.07 86.5472 704.69 704.689 704.28 4.739
2012 04 11 08 38 37.805 BERG 2.2376 93.0144 26.3 -25.4266 31.4469 0.0 240.856 65.5657 642.299 642.298 641.58 6.455
2012 04 11 08 38 37.805 CHIB 2.2376 93.0144 26.3 -20.2906 33.6515 0.0 245.797 62.3137 620.833 620.833 620.13 6.688
2012 04 11 08 38 37.805 CHOK 2.2376 93.0144 26.3 -24.5103 33.0078 0.0 241.414 63.9578 632.858 632.858 631.10 6.573
2012 04 11 08 38 37.805 ESPU 2.2376 93.0144 26.3 -20.4561 32.7705 0.0 245.837 63.1557 626.801 626.801 625.74 6.630
2012 04 11 08 38 37.805 FUNH 2.2376 93.0144 26.3 -23.0973 34.3782 0.0 242.553 62.3704 622.272 622.272 620.57 6.683
2012 04 11 08 38 37.805 GUGU 2.2376 93.0144 26.3 -19.8632 34.4677 0.0 246.056 61.4667 616.039 616.039 614.44 6.752
2012 04 11 08 38 37.805 HOMO 2.2376 93.0144 26.3 -23.8815 35.2291 0.0 241.46 61.8354 618.785 618.784 617.00 6.723
2012 04 11 08 38 37.805 MANI 2.2376 93.0144 26.3 -18.9481 32.8842 0.0 247.45 62.7094 624.175 624.174 622.75 6.657
2012 04 11 08 38 37.805 ORPN 2.2376 93.0144 26.3 -24.4772 31.3896 0.0 241.875 65.3722 641.147 641.147 640.31 6.470
2012 04 11 08 38 37.805 PNG 2.2376 93.0144 26.3 -19.002 34.2327 0.0 247.063 61.4789 615.542 615.542 614.51 6.751
2012 04 11 08 38 37.805 SIRH 2.2376 93.0144 26.3 -22.9474 31.2222 0.0 243.542 65.1437 640.047 640.046 638.81 6.487
2012 04 11 08 38 37.805 SUSS 2.2376 93.0144 26.3 -19.4219 33.2916 0.0 246.835 62.4406 622.342 622.341 620.97 6.678
2012 04 11 10 43 10.556 BERG 0.7675 92.4284 21.6 -25.4266 31.4469 0.0 241.306 64.3468 632.318 632.318 634.27 6.547
2012 04 11 10 43 10.556 CHIB 0.7675 92.4284 21.6 -20.2906 33.6515 0.0 246.372 61.1862 611.046 611.045 613.16 6.774
2012 04 11 10 43 10.556 CHOK 0.7675 92.4284 21.6 -24.5103 33.0078 0.0 241.904 62.7489 622.744 622.743 623.72 6.655
2012 04 11 10 43 10.556 ESPU 0.7675 92.4284 21.6 -20.4561 32.7705 0.0 246.391 62.0288 617.089 617.088 618.84 6.711
2012 04 11 10 43 10.556 FUNH 0.7675 92.4284 21.6 -23.0973 34.3782 0.0 243.092 61.1823 612.119 612.119 613.19 6.774
2012 04 11 10 43 10.556 GUGU 0.7675 92.4284 21.6 -19.8632 34.4677 0.0 246.654 60.3444 606.234 606.234 607.43 6.837
2012 04 11 10 43 10.556 HOMO 0.7675 92.4284 21.6 -23.8815 35.2291 0.0 241.999 60.6278 608.55 608.549 609.44 6.815
2012 04 11 10 43 10.556 MANI 0.7675 92.4284 21.6 -18.9481 32.8842 0.0 248.031 61.6141 614.538 614.538 616.03 6.743
2012 04 11 10 43 10.556 NHAN 0.7675 92.4284 21.6 -19.7158 35.0109 0.0 246.688 59.8131 603.63 603.63 603.79 6.875
2012 04 11 10 43 10.556 ORPN 0.7675 92.4284 21.6 -24.4772 31.3896 0.0 242.339 64.1712 631.167 631.167 633.11 6.559
2012 04 11 10 43 10.556 PNG 0.7675 92.4284 21.6 -19.002 34.2327 0.0 247.672 60.3762 605.813 605.812 607.64 6.835
2012 04 11 10 43 10.556 SIRH 0.7675 92.4284 21.6 -22.9474 31.2222 0.0 244.026 63.973 630.245 630.245 631.78 6.574
2012 04 11 10 43 10.556 SUSS 0.7675 92.4284 21.6 -19.4219 33.2916 0.0 247.417 61.3332 612.641 612.641 614.14 6.763
2012 04 14 10 56 18.318 BERG -57.5759 -65.3721 8.4 -25.4266 31.4469 0.0 109.645 72.4285 684.512 684.512 685.62 5.979
2012 04 14 10 56 18.318 CHIB -57.5759 -65.3721 8.4 -20.2906 33.6515 0.0 108.476 77.8125 716.364 716.363 716.87 5.583
2012 04 14 10 56 18.318 CHOK -57.5759 -65.3721 8.4 -24.5103 33.0078 0.0 110.341 73.976 694.597 694.596 694.79 5.866
2012 04 14 10 56 18.318 ESPU -57.5759 -65.3721 8.4 -20.4561 32.7705 0.0 107.858 77.2236 709.29 709.289 713.58 5.626
2012 04 14 10 56 18.318 FUNH -57.5759 -65.3721 8.4 -23.0973 34.3782 0.0 110.623 75.8414 705.442 705.442 705.63 5.725
2012 04 14 10 56 18.318 GUGU -57.5759 -65.3721 8.4 -19.8632 34.4677 0.0 108.898 78.5862 721.631 721.63 721.17 5.524
2012 04 14 10 56 18.318 MANI -57.5759 -65.3721 8.4 -18.9481 32.8842 0.0 107.113 78.5394 720.593 720.592 720.96 5.526
2012 04 14 10 56 18.318 PNG -57.5759 -65.3721 8.4 -19.002 34.2327 0.0 108.236 79.1866 724.447 724.447 724.50 5.481
2012 04 14 10 56 18.318 SIRH -57.5759 -65.3721 8.4 -22.9474 31.2222 0.0 108.029 74.3615 696.447 696.447 697.12 5.837
2012 04 14 10 56 18.318 SUSS -57.5759 -65.3721 8.4 -19.4219 33.2916 0.0 107.705 78.3533 719.785 719.785 719.91 5.541
2012 04 15 05 57 40.145 BERG 2.581 90.3359 25.0 -25.4266 31.4469 0.0 239.972 63.4066 622.328 622.327 627.69 6.612
2012 04 15 05 57 40.145 CHIB 2.581 90.3359 25.0 -20.2906 33.6515 0.0 244.9 60.0235 599.438 599.437 604.84 6.859
2012 04 15 05 57 40.145 CHOK 2.581 90.3359 25.0 -24.5103 33.0078 0.0 240.483 61.7837 612.401 612.401 616.87 6.727
2012 04 15 05 57 40.145 FUNH 2.581 90.3359 25.0 -23.0973 34.3782 0.0 241.589 60.1655 601.431 601.431 605.87 6.848
2012 04 15 05 57 40.145 GUGU 2.581 90.3359 25.0 -19.8632 34.4677 0.0 245.136 59.1704 594.458 594.457 598.96 6.920
2012 04 15 05 57 40.145 MANI 2.581 90.3359 25.0 -18.9481 32.8842 0.0 246.602 60.3785 602.489 602.488 607.24 6.833
2012 04 15 05 57 40.145 NHAN 2.581 90.3359 25.0 -19.7158 35.0109 0.0 245.139 58.6383 590.824 590.824 595.27 6.956
2012 04 15 05 57 40.145 PNDA 2.581 90.3359 25.0 -22.6902 31.0144 0.0 243.026 63.027 619.991 619.99 625.12 6.638
2012 04 15 05 57 40.145 PNG 2.581 90.3359 25.0 -19.002 34.2327 0.0 246.167 59.1577 593.75 593.75 598.85 6.921
2012 04 15 05 57 40.145 SIRH 2.581 90.3359 25.0 -22.9474 31.2222 0.0 242.692 62.9107 619.418 619.418 624.36 6.645
2012 04 15 05 57 40.145 SUSS 2.581 90.3359 25.0 -19.4219 33.2916 0.0 245.965 60.1247 600.752 600.751 605.51 6.852
2012 04 17 19 03 57.129 BERG -59.1876 -16.8077 13.6 -25.4266 31.4469 0.0 66.2856 47.4673 510.153 510.153 513.91 7.781
2012 04 17 19 03 57.129 CHIB -59.1876 -16.8077 13.6 -20.2906 33.6515 0.0 65.1743 52.902 551.452 551.451 555.30 7.386
2012 04 17 19 03 57.129 CHOK -59.1876 -16.8077 13.6 -24.5103 33.0078 0.0 67.2692 48.9843 522.83 522.83 525.64 7.671
2012 04 17 19 03 57.129 FUNH -59.1876 -16.8077 13.6 -23.0973 34.3782 0.0 67.7167 50.8382 536.6 536.599 539.77 7.535
2012 04 17 19 03 57.129 GUGU -59.1876 -16.8077 13.6 -19.8632 34.4677 0.0 65.74 53.6529 557.875 557.874 560.83 7.330
2012 04 17 19 03 57.129 HOMO -59.1876 -16.8077 13.6 -23.8815 35.2291 0.0 69.1039 50.5793 534.768 534.767 537.77 7.555
2012 04 17 19 03 57.129 MANI -59.1876 -16.8077 13.6 -18.9481 32.8842 0.0 63.5691 53.7084 557.561 557.56 561.30 7.325
2012 04 17 19 03 57.129 NHAN -59.1876 -16.8077 13.6 -19.7158 35.0109 0.0 66.1982 54.0354 560.892 560.891 563.62 7.302
2012 04 17 19 03 57.129 PNDA -59.1876 -16.8077 13.6 -22.6902 31.0144 0.0 63.9743 49.6071 526.531 526.53 530.52 7.627
2012 04 17 19 03 57.129 PNG -59.1876 -16.8077 13.6 -19.002 34.2327 0.0 64.9766 54.287 562.106 562.105 565.50 7.284
2012 04 17 19 03 57.129 SIRH -59.1876 -16.8077 13.6 -22.9474 31.2222 0.0 64.3611 49.482 525.737 525.736 529.55 7.636
2012 04 17 19 03 57.129 SUSS -59.1876 -16.8077 13.6 -19.4219 33.2916 0.0 64.2728 53.4857 556.268 556.268 559.64 7.342
2012 05 20 02 03 53.995 BERG 44.873 11.2227 17.7 -25.4266 31.4469 0.0 160.851 72.3582 680.83 680.829 686.71 5.946
2012 05 20 02 03 53.995 GUGU 44.873 11.2227 17.7 -19.8632 34.4677 0.0 156.351 67.8256 654.445 654.445 658.81 6.277
2012 05 20 02 03 53.995 MANI 44.873 11.2227 17.7 -18.9481 32.8842 0.0 157.609 66.5153 644.632 644.632 650.51 6.370
2012 05 20 02 03 53.995 PNG 44.873 11.2227 17.7 -19.002 34.2327 0.0 156.299 66.9419 647.892 647.892 653.21 6.341
2012 05 20 02 03 53.995 SIRH 44.873 11.2227 17.7 -22.9474 31.2222 0.0 160.387 69.9209 666.183 666.182 671.93 6.125
2012 05 20 02 03 53.995 SUSS 44.873 11.2227 17.7 -19.4219 33.2916 0.0 157.356 67.0776 648.714 648.714 654.09 6.331
2012 05 23 22 59 54.199 BERG -50.4928 139.591 19.1 -25.4266 31.4469 0.0 240.336 81.4485 733.874 733.874 734.63 5.311
2012 05 23 22 59 54.199 CHIB -50.4928 139.591 19.1 -20.2906 33.6515 0.0 245.123 84.2262 748.611 748.61 749.26 5.097
2012 05 23 22 59 54.199 MANI -50.4928 139.591 19.1 -18.9481 32.8842 0.0 245.375 85.724 756.916 756.916 756.84 4.978
2012 05 23 22 59 54.199 NHAN -50.4928 139.591 19.1 -19.7158 35.0109 0.0 246.488 83.8831 747.422 747.422 747.55 5.124
2012 05 23 22 59 54.199 PNG -50.4928 139.591 19.1 -19.002 34.2327 0.0 246.351 84.8958 752.117 752.117 752.71 5.045
2012 05 23 22 59 54.199 SIRH -50.4928 139.591 19.1 -22.9474 31.2222 0.0 241.696 83.5263 745.413 745.413 745.57 5.156
2012 05 28 05 07 23.535 BERG -28.021 -63.1134 591.1 -25.4266 31.4469 0.0 114.517 82.1838 679.248 679.247 679.33 5.057
2012 05 28 05 07 23.535 CHIB -28.021 -63.1134 591.1 -20.2906 33.6515 0.0 110.926 86.3678 701.111 701.111 699.90 4.737
2012 05 28 05 07 23.535 FUNH -28.021 -63.1134 591.1 -23.0973 34.3782 0.0 113.711 85.6322 698.254 698.253 696.33 4.794
2012 05 28 05 07 23.535 GUGU -28.021 -63.1134 591.1 -19.8632 34.4677 0.0 110.919 87.2449 706.191 706.19 704.03 4.671
2012 05 28 05 07 23.535 HOMO -28.021 -63.1134 591.1 -23.8815 35.2291 0.0 114.773 85.9445 699.024 699.023 697.80 4.771
2012 05 28 05 07 23.535 MANI -28.021 -63.1134 591.1 -18.9481 32.8842 0.0 109.405 86.3644 701.196 701.196 699.92 4.737
2012 05 28 05 07 23.535 PNG -28.021 -63.1134 591.1 -19.002 34.2327 0.0 110.06 87.4611 706.496 706.496 705.06 4.654
2012 05 28 05 07 23.535 SIRH -28.021 -63.1134 591.1 -22.9474 31.2222 0.0 112.21 83.133 684.544 684.544 684.15 4.984
2012 05 28 05 07 23.535 SUSS -28.021 -63.1134 591.1 -19.4219 33.2916 0.0 110.003 86.4802 701.903 701.903 700.45 4.728
2012 06 02 07 52 54.602 BERG -22.1017 -63.6574 539.4 -25.4266 31.4469 0.0 115.319 85.1166 697.052 697.052 698.54 4.851
2012 06 02 07 52 54.602 CHIB -22.1017 -63.6574 539.4 -20.2906 33.6515 0.0 111.373 88.9565 716.463 716.462 716.73 4.639
2012 06 02 07 52 54.602 FUNH -22.1017 -63.6574 539.4 -23.0973 34.3782 0.0 114.207 88.4786 714.926 714.925 714.45 4.642
2012 06 02 07 52 54.602 GUGU -22.1017 -63.6574 539.4 -19.8632 34.4677 0.0 111.285 89.8292 721.566 721.566 720.77 4.631
2012 06 02 07 52 54.602 HOMO -22.1017 -63.6574 539.4 -23.8815 35.2291 0.0 115.235 88.885 716.291 716.29 716.32 4.639
2012 06 02 07 52 54.602 MANI -22.1017 -63.6574 539.4 -18.9481 32.8842 0.0 109.861 88.8114 715.73 715.729 716.08 4.640
2012 06 02 07 52 54.602 PNG -22.1017 -63.6574 539.4 -19.002 34.2327 0.0 110.41 89.9645 721.253 721.253 721.42 4.629
2012 06 02 07 52 54.602 SIRH -22.1017 -63.6574 539.4 -22.9474 31.2222 0.0 112.947 85.8536 701.22 701.22 702.14 4.796
2012 06 02 07 52 54.602 SUSS -22.1017 -63.6574 539.4 -19.4219 33.2916 0.0 110.445 88.9826 716.764 716.763 716.87 4.639
2012 06 07 04 05 04.076 CHIB -36.0516 -70.8547 5.8 -20.2906 33.6515 0.0 114.655 89.3439 776.364 776.363 776.64 4.691
2012 06 07 04 05 04.076 FUNH -36.0516 -70.8547 5.8 -23.0973 34.3782 0.0 117.264 88.1375 771.301 771.301 770.85 4.788
2012 06 07 04 05 04.076 GUGU -36.0516 -70.8547 5.8 -19.8632 34.4677 0.0 114.8 90.2091 781.369 781.368 780.68 4.643
2012 06 07 04 05 04.076 HOMO -36.0516 -70.8547 5.8 -23.8815 35.2291 0.0 118.362 88.2595 771.324 771.323 771.40 4.779
2012 06 07 04 05 04.076 MANI -36.0516 -70.8547 5.8 -18.9481 32.8842 0.0 113.158 89.6013 777.825 777.825 777.89 4.670
2012 06 07 04 05 04.076 PNG -36.0516 -70.8547 5.8 -19.002 34.2327 0.0 113.991 90.5696 782.382 782.382 782.37 4.642
2012 06 07 04 05 04.076 SIRH -36.0516 -70.8547 5.8 -22.9474 31.2222 0.0 115.355 85.9367 759.265 759.265 760.16 4.961
2012 06 07 04 05 04.076 SUSS -36.0516 -70.8547 5.8 -19.4219 33.2916 0.0 113.767 89.6131 777.96 777.96 777.93 4.669
2012 06 10 12 44 16.366 BERG 36.3847 28.9676 32.0 -25.4266 31.4469 0.0 177.449 61.5233 613.977 613.976 616.01 6.723
2012 06 10 12 44 16.366 CHIB 36.3847 28.9676 32.0 -20.2906 33.6515 0.0 174.728 56.5407 579.75 579.749 581.43 7.089
2012 06 10 12 44 16.366 CHOK 36.3847 28.9676 32.0 -24.5103 33.0078 0.0 175.779 60.6865 606.505 606.504 610.33 6.786
2012 06 10 12 44 16.366 FUNH 36.3847 28.9676 32.0 -23.0973 34.3782 0.0 174.21 59.3805 600.066 600.066 601.36 6.883
2012 06 10 12 44 16.366 GUGU 36.3847 28.9676 32.0 -19.8632 34.4677 0.0 173.766 56.1831 577.822 577.821 578.87 7.116
2012 06 10 12 44 16.366 MANI 36.3847 28.9676 32.0 -18.9481 32.8842 0.0 175.482 55.1559 569.332 569.331 571.50 7.189
2012 06 10 12 44 16.366 PNG 36.3847 28.9676 32.0 -19.002 34.2327 0.0 173.939 55.3097 570.8 570.799 572.60 7.180
2012 06 10 12 44 16.366 SIRH 36.3847 28.9676 32.0 -22.9474 31.2222 0.0 177.577 59.0491 597.614 597.614 599.08 6.907
2012 06 10 12 44 16.366 SUSS 36.3847 28.9676 32.0 -19.4219 33.2916 0.0 175.056 55.6532 573.228 573.228 575.08 7.155
2012 06 23 04 34 53.617 BERG 3.0022 97.9116 101.9 -25.4266 31.4469 0.0 241.763 70.2221 660.441 660.441 662.15 6.096
2012 06 23 04 34 53.617 CHIB 3.0022 97.9116 101.9 -20.2906 33.6515 0.0 246.624 67.0967 640.849 640.849 642.69 6.321
2012 06 23 04 34 53.617 CHOK 3.0022 97.9116 101.9 -24.5103 33.0078 0.0 242.355 68.6308 651.665 651.665 652.36 6.210
2012 06 23 04 34 53.617 FUNH 3.0022 97.9116 101.9 -23.0973 34.3782 0.0 243.505 67.0751 641.813 641.813 642.60 6.322
2012 06 23 04 34 53.617 HOMO 3.0022 97.9116 101.9 -23.8815 35.2291 0.0 242.472 66.5107 638.472 638.472 639.04 6.361
2012 06 23 04 34 53.617 MANI 3.0022 97.9116 101.9 -18.9481 32.8842 0.0 248.203 67.5265 644.121 644.12 645.38 6.290
2012 06 23 04 34 53.617 PNG 3.0022 97.9116 101.9 -19.002 34.2327 0.0 247.861 66.2886 635.877 635.876 637.54 6.378
2012 06 23 04 34 53.617 SIRH 3.0022 97.9116 101.9 -22.9474 31.2222 0.0 244.371 69.8727 658.746 658.746 659.98 6.122
2012 06 23 04 34 53.617 SUSS 3.0022 97.9116 101.9 -19.4219 33.2916 0.0 247.618 67.2455 642.369 642.369 643.61 6.310
2012 06 29 21 07 32.951 CHIB 43.4335 84.6125 17.1 -20.2906 33.6515 0.0 228.014 78.7826 720.756 720.755 722.96 5.480
2012 06 29 21 07 32.951 CHOK 43.4335 84.6125 17.1 -24.5103 33.0078 0.0 226.055 82.5584 741.615 741.614 743.23 5.194
2012 06 29 21 07 32.951 FUNH 43.4335 84.6125 17.1 -23.0973 34.3782 0.0 225.826 80.6868 731.569 731.569 733.36 5.336
2012 06 29 21 07 32.951 HOMO 43.4335 84.6125 17.1 -23.8815 35.2291 0.0 224.727 80.8911 732.402 732.402 734.48 5.319
2012 06 29 21 07 32.951 MANI 43.4335 84.6125 17.1 -18.9481 32.8842 0.0 229.406 78.1153 717.331 717.331 719.23 5.529
2012 06 29 21 07 32.951 PNDA 43.4335 84.6125 17.1 -22.6902 31.0144 0.0 228.62 82.1552 738.968 738.967 741.05 5.224
2012 06 29 21 07 32.951 PNG 43.4335 84.6125 17.1 -19.002 34.2327 0.0 228.31 77.4192 713.512 713.512 715.39 5.582
2012 06 29 21 07 32.951 SIRH 43.4335 84.6125 17.1 -22.9474 31.2222 0.0 228.311 82.2484 739.436 739.435 741.55 5.217
2012 06 29 21 07 32.951 SUSS 43.4335 84.6125 17.1 -19.4219 33.2916 0.0 228.806 78.274 718.211 718.21 720.13 5.516
2012 07 25 00 27 45.821 BANH 2.6255 96.1109 28.6 -22.6348 33.2637 0.0 243.972 66.1851 644.158 644.157 645.19 6.411
2012 07 25 00 27 45.821 CHIB 2.6255 96.1109 28.6 -20.2906 33.6515 0.0 246.371 65.2981 637.541 637.54 639.45 6.476
2012 07 25 00 27 45.821 GUGU 2.6255 96.1109 28.6 -19.8632 34.4677 0.0 246.64 64.4552 632.934 632.933 633.96 6.538
2012 07 25 00 27 45.821 MANI 2.6255 96.1109 28.6 -18.9481 32.8842 0.0 247.975 65.7182 640.956 640.955 642.13 6.445
2012 07 25 00 27 45.821 PNDA 2.6255 96.1109 28.6 -22.6902 31.0144 0.0 244.427 68.2207 656.663 656.663 658.08 6.263
2012 07 25 00 27 45.821 PNG 2.6255 96.1109 28.6 -19.002 34.2327 0.0 247.62 64.4823 632.531 632.531 634.12 6.536
2012 07 25 00 27 45.821 SIRH 2.6255 96.1109 28.6 -22.9474 31.2222 0.0 244.113 68.0902 656.065 656.064 657.27 6.273
2012 07 25 00 27 45.821 SUSS 2.6255 96.1109 28.6 -19.4219 33.2916 0.0 247.381 65.4406 639.143 639.142 640.35 6.465
2012 07 26 05 33 33.86 CHIB -17.5507 66.2905 16.2000009766 -20.2906 33.6515 0.0 259.703 30.9686 374.647 374.646 376.16 8.822
2012 07 26 05 33 33.86 HOMO -17.5507 66.2905 16.2000009766 -23.8815 35.2291 0.0 252.485 29.687 361.838 361.838 364.86 8.853
2012 07 26 05 33 33.86 MANI -17.5507 66.2905 16.2000009766 -18.9481 32.8842 0.0 262.228 31.7313 381.744 381.743 382.88 8.795
2012 07 26 05 33 33.86 PNG -17.5507 66.2905 16.2000009766 -19.002 34.2327 0.0 262.24 30.4541 369.963 369.963 371.63 8.837
2012 07 26 05 33 33.86 SIRH -17.5507 66.2905 16.2000009766 -22.9474 31.2222 0.0 254.817 33.2831 395.682 395.682 396.47 8.730
2012 07 26 05 33 33.86 SUSS -17.5507 66.2905 16.2000009766 -19.4219 33.2916 0.0 261.359 31.3263 377.939 377.939 379.31 8.810
2012 08 11 12 23 17.683 BANH 38.4023 46.838 8.7 -22.6348 33.2637 0.0 194.212 62.0371 619.915 619.915 622.87 6.692
2012 08 11 12 23 17.683 BERG 38.4023 46.838 8.7 -25.4266 31.4469 0.0 195.341 65.1129 639.415 639.415 643.19 6.473
2012 08 11 12 23 17.683 CHIB 38.4023 46.838 8.7 -20.2906 33.6515 0.0 194.363 59.6803 603.58 603.579 606.81 6.868
2012 08 11 12 23 17.683 CHIT 38.4023 46.838 8.7 -20.8239 33.3682 0.0 194.535 60.2547 607.686 607.685 610.76 6.827
2012 08 11 12 23 17.683 GUGU 38.4023 46.838 8.7 -19.8632 34.4677 0.0 193.59 59.109 600.231 600.231 602.86 6.910
2012 08 11 12 23 17.683 HOMO 38.4023 46.838 8.7 -23.8815 35.2291 0.0 191.941 62.9054 625.038 625.037 628.70 6.631
2012 08 11 12 23 17.683 MACO 38.4023 46.838 8.7 -17.9578 34.1723 0.0 194.359 57.3082 586.896 586.896 590.23 7.039
2012 08 11 12 23 17.683 MANI 38.4023 46.838 8.7 -18.9481 32.8842 0.0 195.521 58.5314 595.277 595.276 598.81 6.950
2012 08 11 12 23 17.683 MUXU 38.4023 46.838 8.7 -20.6361 34.0642 0.0 193.844 59.9378 605.892 605.891 608.59 6.850
2012 08 11 12 23 17.683 NHAN 38.4023 46.838 8.7 -19.7158 35.0109 0.0 193.037 58.8668 598.611 598.61 601.19 6.927
2012 08 11 12 23 17.683 PNDA 38.4023 46.838 8.7 -22.6902 31.0144 0.0 196.484 62.5586 623.008 623.007 626.33 6.653
2012 08 11 12 23 17.683 SUSS 38.4023 46.838 8.7 -19.4219 33.2916 0.0 194.961 58.9072 598.051 598.051 601.44 6.925
2012 08 11 12 23 17.683 ZINA 38.4023 46.838 8.7 -21.4214 33.8632 0.0 193.874 60.741 611.147 611.147 614.09 6.790
2012 08 11 12 34 36.604 BANH 38.3798 46.7958 18.9 -22.6348 33.2637 0.0 194.171 62.0072 616.747 616.747 621.02 6.692
2012 08 11 12 34 36.604 BERG 38.3798 46.7958 18.9 -25.4266 31.4469 0.0 195.303 65.0825 636.264 636.263 641.33 6.473
2012 08 11 12 34 36.604 CHIB 38.3798 46.7958 18.9 -20.2906 33.6515 0.0 194.322 59.6503 600.413 600.412 604.96 6.868
2012 08 11 12 34 36.604 CHIT 38.3798 46.7958 18.9 -20.8239 33.3682 0.0 194.494 60.2247 604.538 604.537 608.91 6.826
2012 08 11 12 34 36.604 GUGU 38.3798 46.7958 18.9 -19.8632 34.4677 0.0 193.548 59.0794 597.087 597.086 601.02 6.909
2012 08 11 12 34 36.604 HOMO 38.3798 46.7958 18.9 -23.8815 35.2291 0.0 191.901 62.8766 621.718 621.717 626.86 6.631
2012 08 11 12 34 36.604 MACO 38.3798 46.7958 18.9 -17.9578 34.1723 0.0 194.316 57.2782 583.751 583.75 588.39 7.039
2012 08 11 12 34 36.604 MANI 38.3798 46.7958 18.9 -18.9481 32.8842 0.0 195.479 58.5009 592.146 592.146 596.96 6.950
2012 08 11 12 34 36.604 MUXU 38.3798 46.7958 18.9 -20.6361 34.0642 0.0 193.802 59.9081 602.727 602.726 606.74 6.850
2012 08 11 12 34 36.604 NHAN 38.3798 46.7958 18.9 -19.7158 35.0109 0.0 192.995 58.8374 595.428 595.428 599.34 6.927
2012 08 11 12 34 36.604 PNDA 38.3798 46.7958 18.9 -22.6902 31.0144 0.0 196.445 62.5277 619.893 619.892 624.47 6.653
2012 08 11 12 34 36.604 SUSS 38.3798 46.7958 18.9 -19.4219 33.2916 0.0 194.919 58.8769 594.902 594.902 599.59 6.924
2012 08 11 12 34 36.604 ZINA 38.3798 46.7958 18.9 -21.4214 33.8632 0.0 193.833 60.7113 607.962 607.961 612.25 6.790
2012 08 12 10 47 07.408 BANH 35.6526 82.5417 14.0 -22.6348 33.2637 0.0 226.632 74.4055 694.784 694.784 698.78 5.801
2012 08 12 10 47 07.408 CHIT 35.6526 82.5417 14.0 -20.8239 33.3682 0.0 227.761 72.9624 685.989 685.988 690.27 5.909
2012 08 12 10 47 07.408 MACO 35.6526 82.5417 14.0 -17.9578 34.1723 0.0 229.09 70.2949 670.261 670.261 674.16 6.106
2012 08 12 10 47 07.408 MANI 35.6526 82.5417 14.0 -18.9481 32.8842 0.0 229.395 71.8381 679.58 679.58 683.51 5.993
2012 08 12 10 47 07.408 MUXU 35.6526 82.5417 14.0 -20.6361 34.0642 0.0 227.364 72.4008 682.97 682.969 686.95 5.951
2012 08 12 10 47 07.408 NHAN 35.6526 82.5417 14.0 -19.7158 35.0109 0.0 227.257 71.1285 675.459 675.458 679.30 6.044
2012 08 12 10 47 07.408 PNDA 35.6526 82.5417 14.0 -22.6902 31.0144 0.0 228.23 75.7966 702.625 702.625 706.75 5.696
2012 08 12 10 47 07.408 SUSS 35.6526 82.5417 14.0 -19.4219 33.2916 0.0 228.765 71.9451 680.143 680.142 684.17 5.984
2012 08 12 10 47 07.408 ZINA 35.6526 82.5417 14.0 -21.4214 33.8632 0.0 226.992 73.1217 686.992 686.991 691.24 5.898
2012 08 18 09 41 55.165 BANH -1.3518 120.128 27.9 -22.6348 33.2637 0.0 247.54 86.589 758.264 758.263 760.63 4.891
2012 08 18 09 41 55.165 BERG -1.3518 120.128 27.9 -25.4266 31.4469 0.0 244.748 88.2338 765.583 765.582 768.56 4.763
2012 08 18 09 41 55.165 MACO -1.3518 120.128 27.9 -17.9578 34.1723 0.0 252.204 85.7387 753.256 753.256 756.44 4.960
2012 08 18 09 41 55.165 MANI -1.3518 120.128 27.9 -18.9481 32.8842 0.0 251.212 86.9578 759.362 759.362 762.43 4.862
2012 08 18 09 41 55.165 MUXU -1.3518 120.128 27.9 -20.6361 34.0642 0.0 249.532 85.8427 754.232 754.231 756.96 4.951
2012 08 18 09 41 55.165 ORPN -1.3518 120.128 27.9 -24.4772 31.3896 0.0 245.693 88.297 765.843 765.843 768.86 4.758
2012 08 18 09 41 55.165 PNDA -1.3518 120.128 27.9 -22.6902 31.0144 0.0 247.467 88.6661 767.654 767.654 770.61 4.729
2012 08 18 09 41 55.165 PNG -1.3518 120.128 27.9 -19.002 34.2327 0.0 251.162 85.6815 752.912 752.912 756.16 4.964
2012 08 18 09 41 55.165 SUSS -1.3518 120.128 27.9 -19.4219 33.2916 0.0 250.742 86.5702 757.552 757.552 760.54 4.892
2012 08 18 09 41 55.165 ZINA -1.3518 120.128 27.9 -21.4214 33.8632 0.0 248.749 86.032 755.127 755.127 757.89 4.936
2012 09 03 18 23 08.353 BANH -10.677 113.965 34.8 -22.6348 33.2637 0.0 249.074 77.4568 707.894 707.894 711.49 5.595
2012 09 03 18 23 08.353 BERG -10.677 113.965 34.8 -25.4266 31.4469 0.0 246.061 78.7938 714.403 714.402 718.87 5.495
2012 09 03 18 23 08.353 HOMO -10.677 113.965 34.8 -23.8815 35.2291 0.0 247.996 75.5309 696.873 696.873 700.59 5.732
2012 09 03 18 23 08.353 MACO -10.677 113.965 34.8 -17.9578 34.1723 0.0 253.914 77.1607 705.235 705.235 709.87 5.615
2012 09 03 18 23 08.353 MANI -10.677 113.965 34.8 -18.9481 32.8842 0.0 252.756 78.2492 711.622 711.621 715.92 5.534
2012 09 03 18 23 08.353 MUXU -10.677 113.965 34.8 -20.6361 34.0642 0.0 251.187 76.9424 704.508 704.508 708.62 5.632
2012 09 03 18 23 08.353 NHAN -10.677 113.965 34.8 -19.7158 35.0109 0.0 252.227 76.1635 700.182 700.182 704.22 5.685
2012 09 03 18 23 08.353 ORPN -10.677 113.965 34.8 -24.4772 31.3896 0.0 247.011 78.9549 715.166 715.166 719.76 5.484
2012 09 03 18 23 08.353 PNDA -10.677 113.965 34.8 -22.6902 31.0144 0.0 248.766 79.5132 718.495 718.495 722.82 5.443
2012 09 03 18 23 08.353 SUSS -10.677 113.965 34.8 -19.4219 33.2916 0.0 252.327 77.8079 709.193 709.193 713.47 5.568
2012 09 03 18 23 08.353 ZINA -10.677 113.965 34.8 -21.4214 33.8632 0.0 250.368 77.0399 705.137 705.136 709.16 5.625
2012 09 14 04 51 48.073 BANH -3.3008 100.67 23.3 -22.6348 33.2637 0.0 247.019 67.8982 655.036 655.036 656.61 6.291
2012 09 14 04 51 48.073 BERG -3.3008 100.67 23.3 -25.4266 31.4469 0.0 244.241 69.8392 666.432 666.431 668.69 6.151
2012 09 14 04 51 48.073 HOMO -3.3008 100.67 23.3 -23.8815 35.2291 0.0 245.458 66.2428 644.804 644.803 646.12 6.410
2012 09 14 04 51 48.073 MACO -3.3008 100.67 23.3 -17.9578 34.1723 0.0 251.964 66.6404 646.487 646.486 648.61 6.381
2012 09 14 04 51 48.073 MANI -3.3008 100.67 23.3 -18.9481 32.8842 0.0 250.996 67.9321 655.009 655.009 656.80 6.289
2012 09 14 04 51 48.073 MUXU -3.3008 100.67 23.3 -20.6361 34.0642 0.0 249.085 66.9638 648.826 648.826 650.69 6.357
2012 09 14 04 51 48.073 NHAN -3.3008 100.67 23.3 -19.7158 35.0109 0.0 249.989 65.9937 642.984 642.983 644.49 6.429
2012 09 14 04 51 48.073 ORPN -3.3008 100.67 23.3 -24.4772 31.3896 0.0 245.248 69.7937 666.272 666.271 668.40 6.154
2012 09 14 04 51 48.073 PNDA -3.3008 100.67 23.3 -22.6902 31.0144 0.0 247.169 69.972 667.428 667.427 669.48 6.142
2012 09 14 04 51 48.073 SUSS -3.3008 100.67 23.3 -19.4219 33.2916 0.0 250.457 67.584 652.755 652.755 654.61 6.314
2012 09 14 04 51 48.073 ZINA -3.3008 100.67 23.3 -21.4214 33.8632 0.0 248.26 67.2249 650.384 650.383 652.35 6.340
2012 11 11 01 12 39.165 BANH 22.8908 95.848 14.2 -22.6348 33.2637 0.0 237.753 75.8598 702.273 702.273 706.63 5.697
2012 11 11 01 12 39.165 BERG 22.8908 95.848 14.2 -25.4266 31.4469 0.0 236.25 78.7469 717.918 717.917 722.83 5.489
2012 11 11 01 12 39.165 MACO 22.8908 95.848 14.2 -17.9578 34.1723 0.0 241.378 72.6646 683.148 683.147 687.91 5.939
2012 11 11 01 12 39.165 MANI 22.8908 95.848 14.2 -18.9481 32.8842 0.0 241.17 74.222 692.401 692.401 697.09 5.823
2012 11 11 01 12 39.165 MUXU 22.8908 95.848 14.2 -20.6361 34.0642 0.0 239.078 74.1653 692.451 692.451 696.82 5.827
2012 11 11 01 12 39.165 ORPN 22.8908 95.848 14.2 -24.4772 31.3896 0.0 237.097 78.2913 715.525 715.525 720.30 5.521
2012 11 11 01 12 39.165 PNDA 22.8908 95.848 14.2 -22.6902 31.0144 0.0 238.831 77.6535 712.301 712.3 716.71 5.571
2012 11 11 01 12 39.165 SUSS 22.8908 95.848 14.2 -19.4219 33.2916 0.0 240.543 74.1404 691.985 691.985 696.63 5.829
2012 11 11 01 12 39.165 ZINA 22.8908 95.848 14.2 -21.4214 33.8632 0.0 238.498 74.7426 695.588 695.588 700.19 5.782
2012 12 17 09 16 31.261 HOMO -0.6936 123.884 46.4 -23.8815 35.2291 0.0 246.27 88.491 768.405 768.405 767.42 4.738
2012 12 17 09 16 31.261 MACO -0.6936 123.884 46.4 -17.9578 34.1723 0.0 252.159 89.5141 772.071 772.07 772.22 4.657
2012 12 17 09 16 31.261 MANI -0.6936 123.884 46.4 -18.9481 32.8842 0.0 251.158 90.7234 777.766 777.765 777.83 4.639
2012 12 17 09 16 31.261 ORPN -0.6936 123.884 46.4 -24.4772 31.3896 0.0 245.624 91.9881 783.466 783.466 783.68 4.627
2012 12 17 09 16 31.261 SUSS -0.6936 123.884 46.4 -19.4219 33.2916 0.0 250.692 90.331 776.105 776.104 776.01 4.641
2013 01 21 22 22 54.794 BANH 4.9625 95.9215 24.6 -22.6348 33.2637 0.0 243.025 67.052 651.501 651.501 651.38 6.348
2013 01 21 22 22 54.794 MACO 4.9625 95.9215 24.6 -17.9578 34.1723 0.0 247.692 65.0037 638.119 638.118 638.14 6.498
2013 01 21 22 22 54.794 MANI 4.9625 95.9215 24.6 -18.9481 32.8842 0.0 246.979 66.433 647.355 647.355 647.37 6.393
2013 01 21 22 22 54.794 ORPN 4.9625 95.9215 24.6 -24.4772 31.3896 0.0 241.633 69.2092 664.296 664.295 664.92 6.193
2013 01 21 22 22 54.794 SUSS 4.9625 95.9215 24.6 -19.4219 33.2916 0.0 246.376 66.1786 645.706 645.705 645.75 6.412
2013 01 28 16 38 53.844 BANH 42.5824 79.7217 14.3 -22.6348 33.2637 0.0 223.258 77.7556 714.833 714.833 717.89 5.554
2013 01 28 16 38 53.844 BERG 42.5824 79.7217 14.3 -25.4266 31.4469 0.0 223.103 80.9898 731.732 731.732 735.52 5.311
2013 01 28 16 38 53.844 MACO 42.5824 79.7217 14.3 -17.9578 34.1723 0.0 225.159 73.3977 689.532 689.532 692.84 5.877
2013 01 28 16 38 53.844 MANI 42.5824 79.7217 14.3 -18.9481 32.8842 0.0 225.65 74.8951 698.355 698.354 701.57 5.764
2013 01 28 16 38 53.844 ORPN 42.5824 79.7217 14.3 -24.4772 31.3896 0.0 223.682 80.235 727.885 727.885 731.46 5.371
2013 01 28 16 38 53.844 SUSS 42.5824 79.7217 14.3 -19.4219 33.2916 0.0 225.047 75.0728 699.5 699.5 702.62 5.751
2013 01 28 16 38 53.844 ZINA 42.5824 79.7217 14.3 -21.4214 33.8632 0.0 223.457 76.4404 707.419 707.418 710.49 5.652
2013 02 22 12 01 58.679 BANH -27.9052 -63.1349 585.6 -22.6348 33.2637 0.0 112.834 85.0075 695.555 695.555 693.83 4.841
2013 02 22 12 01 58.679 BERG -27.9052 -63.1349 585.6 -25.4266 31.4469 0.0 114.54 82.249 680.376 680.375 680.14 5.054
2013 02 22 12 01 58.679 MACO -27.9052 -63.1349 585.6 -17.9578 34.1723 0.0 109.134 87.9644 709.504 709.504 707.91 4.642
2013 02 22 12 01 58.679 MANI -27.9052 -63.1349 585.6 -18.9481 32.8842 0.0 109.421 86.4207 702.191 702.19 700.68 4.735
2013 02 22 12 01 58.679 SUSS -27.9052 -63.1349 585.6 -19.4219 33.2916 0.0 110.019 86.5376 702.882 702.882 701.22 4.726
2013 02 22 12 01 58.679 ZINA -27.9052 -63.1349 585.6 -21.4214 33.8632 0.0 112.03 86.0677 701.117 701.117 698.94 4.763
2013 03 19 03 29 02.705 BANH -58.9815 -24.5697 52.0 -22.6348 33.2637 0.0 74.1116 54.404 559.296 559.295 561.18 7.265
2013 03 19 03 29 02.705 MACO -58.9815 -24.5697 52.0 -17.9578 34.1723 0.0 72.035 58.8059 590.901 590.9 592.62 6.942
2013 03 19 03 29 02.705 MANI -58.9815 -24.5697 52.0 -18.9481 32.8842 0.0 71.4039 57.33 580.065 580.064 582.28 7.049
2013 03 19 03 29 02.705 ORPN -58.9815 -24.5697 52.0 -24.4772 31.3896 0.0 73.548 51.9307 540.178 540.177 542.95 7.445
2013 03 19 03 29 02.705 SUSS -58.9815 -24.5697 52.0 -19.4219 33.2916 0.0 72.0866 57.1278 578.879 578.879 580.82 7.064
2013 03 19 03 29 02.705 ZINA -58.9815 -24.5697 52.0 -21.4214 33.8632 0.0 73.8939 55.7214 568.937 568.936 570.72 7.169
2013 04 09 11 52 50.205 BANH 28.4463 51.629 12.8 -22.6348 33.2637 0.0 201.149 53.7855 561.813 561.812 564.23 7.298
2013 04 09 11 52 50.205 BERG 28.4463 51.629 12.8 -25.4266 31.4469 0.0 201.845 56.9722 583.983 583.983 587.18 7.064
2013 04 09 11 52 50.205 MACO 28.4463 51.629 12.8 -17.9578 34.1723 0.0 202.188 49.125 526.374 526.374 529.24 7.640
2013 04 09 11 52 50.205 ORPN 28.4463 51.629 12.8 -24.4772 31.3896 0.0 202.316 56.1109 578.074 578.073 581.04 7.128
2013 04 09 11 52 50.205 SUSS 28.4463 51.629 12.8 -19.4219 33.2916 0.0 202.536 50.7824 539.046 539.045 541.85 7.519
2013 04 09 11 52 50.205 ZINA 28.4463 51.629 12.8 -21.4214 33.8632 0.0 201.011 52.4606 552.033 552.032 554.45 7.396
2013 04 16 10 44 19.041 BANH 27.9704 62.136 63.1 -22.6348 33.2637 0.0 211.928 57.5162 581.531 581.53 584.50 7.006
2013 04 16 10 44 19.041 BERG 27.9704 62.136 63.1 -25.4266 31.4469 0.0 211.933 60.7539 603.345 603.344 606.89 6.774
2013 04 16 10 44 19.041 MACO 27.9704 62.136 63.1 -17.9578 34.1723 0.0 213.937 53.083 549.558 549.557 552.53 7.334
2013 04 16 10 44 19.041 SUSS 27.9704 62.136 63.1 -19.4219 33.2916 0.0 213.881 54.7609 561.731 561.73 564.79 7.211
2013 04 16 10 44 19.041 ZINA 27.9704 62.136 63.1 -21.4214 33.8632 0.0 212.083 56.193 572.069 572.068 575.13 7.107
2013 04 20 00 02 47.981 BANH 30.2688 103.02 18.0 -22.6348 33.2637 0.0 240.452 85.1442 753.387 753.387 755.80 4.999
2013 04 20 00 02 47.981 BERG 30.2688 103.02 18.0 -25.4266 31.4469 0.0 239.133 88.102 766.995 766.995 770.27 4.762
2013 04 20 00 02 47.981 MACO 30.2688 103.02 18.0 -17.9578 34.1723 0.0 243.771 81.7514 735.337 735.337 738.27 5.258
2013 04 20 00 02 47.981 ORPN 30.2688 103.02 18.0 -24.4772 31.3896 0.0 239.939 87.6057 764.816 764.815 767.88 4.801
2013 04 20 00 02 47.981 SUSS 30.2688 103.02 18.0 -19.4219 33.2916 0.0 243.059 83.2742 743.497 743.497 746.23 5.148
2013 04 20 00 02 47.981 ZINA 30.2688 103.02 18.0 -21.4214 33.8632 0.0 241.115 83.9898 747.449 747.449 749.95 5.090
2013 05 11 02 08 11.309 MACO 26.6583 57.8438 15.1 -17.9578 34.1723 0.0 209.95 49.9529 534.066 534.065 535.01 7.580
2013 05 11 02 08 11.309 ORPN 26.6583 57.8438 15.1 -24.4772 31.3896 0.0 208.984 56.8966 584.48 584.479 586.10 7.071
2013 05 11 02 08 11.309 SUSS 26.6583 57.8438 15.1 -19.4219 33.2916 0.0 210.013 51.6308 546.69 546.69 547.68 7.457
2013 05 11 02 08 11.309 ZINA 26.6583 57.8438 15.1 -21.4214 33.8632 0.0 208.247 53.1437 557.936 557.935 558.97 7.346
2013 06 13 16 47 25.812 BANH -9.9513 107.302 20.6 -22.6348 33.2637 0.0 249.43 71.5797 679.157 679.156 679.45 6.028
2013 06 13 16 47 25.812 BERG -9.9513 107.302 20.6 -25.4266 31.4469 0.0 246.419 73.082 687.247 687.247 688.40 5.918
2013 06 13 16 47 25.812 MACO -9.9513 107.302 20.6 -17.9578 34.1723 0.0 254.392 71.0495 674.772 674.772 676.27 6.065
2013 06 13 16 47 25.812 ORPN -9.9513 107.302 20.6 -24.4772 31.3896 0.0 247.402 73.1883 687.815 687.815 689.03 5.910
2013 06 13 16 47 25.812 SUSS -9.9513 107.302 20.6 -19.4219 33.2916 0.0 252.792 71.7681 679.451 679.45 680.60 6.014
2013 06 13 16 47 25.812 ZINA -9.9513 107.302 20.6 -21.4214 33.8632 0.0 250.737 71.0964 675.696 675.696 676.53 6.062
2013 06 15 16 11 02.106 BANH 34.4507 25.044 21.5 -22.6348 33.2637 0.0 170.97 57.3054 586.157 586.156 588.34 7.034
2013 06 15 16 11 02.106 BERG 34.4507 25.044 21.5 -25.4266 31.4469 0.0 173.304 59.8584 603.036 603.036 606.15 6.851
2013 06 15 16 11 02.106 MACO 34.4507 25.044 21.5 -17.9578 34.1723 0.0 169.077 52.8363 552.581 552.58 555.98 7.364
2013 06 15 16 11 02.106 ORPN 34.4507 25.044 21.5 -24.4772 31.3896 0.0 173.247 58.9129 596.705 596.704 599.62 6.919
2013 06 15 16 11 02.106 SUSS 34.4507 25.044 21.5 -19.4219 33.2916 0.0 170.384 54.1452 562.564 562.564 565.62 7.268
2013 06 15 16 11 02.106 ZINA 34.4507 25.044 21.5 -21.4214 33.8632 0.0 170.1 56.1923 578.394 578.394 580.41 7.118
2013 06 16 21 39 06.608 BANH 34.4242 25.1864 25.0 -22.6348 33.2637 0.0 171.122 57.261 584.532 584.532 587.53 7.037
2013 06 16 21 39 06.608 BERG 34.4242 25.1864 25.0 -25.4266 31.4469 0.0 173.45 59.8185 601.43 601.429 605.39 6.853
2013 06 16 21 39 06.608 MACO 34.4242 25.1864 25.0 -17.9578 34.1723 0.0 169.241 52.7882 550.94 550.939 555.14 7.367
2013 06 16 21 39 06.608 ORPN 34.4242 25.1864 25.0 -24.4772 31.3896 0.0 173.395 58.873 595.056 595.055 598.85 6.921
2013 06 16 21 39 06.608 SUSS 34.4242 25.1864 25.0 -19.4219 33.2916 0.0 170.545 54.0996 560.906 560.905 564.80 7.271
2013 06 16 21 39 06.608 ZINA 34.4242 25.1864 25.0 -21.4214 33.8632 0.0 170.255 56.1462 576.756 576.755 579.60 7.120
2013 06 24 22 04 14.184 BANH 10.6905 -42.6687 17.5 -22.6348 33.2637 0.0 114.979 81.3618 734.04 734.04 735.91 5.296
2013 06 24 22 04 14.184 BERG 10.6905 -42.6687 17.5 -25.4266 31.4469 0.0 118.147 80.5288 728.596 728.596 731.52 5.362
2013 06 24 22 04 14.184 MACO 10.6905 -42.6687 17.5 -17.9578 34.1723 0.0 110.206 80.9956 731.693 731.693 733.89 5.327
2013 06 24 22 04 14.184 ORPN 10.6905 -42.6687 17.5 -24.4772 31.3896 0.0 117.243 80.2101 726.822 726.822 729.80 5.386
2013 06 24 22 04 14.184 SUSS 10.6905 -42.6687 17.5 -19.4219 33.2916 0.0 111.846 80.5541 729.453 729.452 731.56 5.361
2013 06 24 22 04 14.184 ZINA 10.6905 -42.6687 17.5 -21.4214 33.8632 0.0 113.653 81.5834 735.553 735.553 737.06 5.278
2013 07 02 07 37 05.097 BANH 4.6907 96.5824 25.4 -22.6348 33.2637 0.0 243.305 67.5178 654.238 654.237 654.20 6.315
2013 07 02 07 37 05.097 BERG 4.6907 96.5824 25.4 -25.4266 31.4469 0.0 240.909 69.8628 668.035 668.035 668.84 6.146
2013 07 02 07 37 05.097 MACO 4.6907 96.5824 25.4 -17.9578 34.1723 0.0 247.977 65.5117 640.898 640.898 641.31 6.460
2013 07 02 07 37 05.097 ORPN 4.6907 96.5824 25.4 -24.4772 31.3896 0.0 241.895 69.6617 666.937 666.937 667.58 6.159
2013 07 02 07 37 05.097 SUSS 4.6907 96.5824 25.4 -19.4219 33.2916 0.0 246.653 66.675 648.648 648.647 648.79 6.375
2013 07 02 07 37 05.097 ZINA 4.6907 96.5824 25.4 -21.4214 33.8632 0.0 244.41 66.6616 648.462 648.461 648.75 6.375
2013 07 06 05 05 06.978 MACO -3.294 100.531 26.1 -17.9578 34.1723 0.0 251.951 66.5105 644.497 644.497 647.39 6.390
2013 07 06 05 05 06.978 SUSS -3.294 100.531 26.1 -19.4219 33.2916 0.0 250.443 67.4553 650.823 650.822 653.40 6.323
2013 07 15 14 03 41.747 BANH -61.0527 -25.2274 19.9 -22.6348 33.2637 0.0 73.341 55.3036 568.805 568.804 571.57 7.210
2013 07 15 14 03 41.747 BERG -61.0527 -25.2274 19.9 -25.4266 31.4469 0.0 73.3261 52.0659 544.332 544.332 547.77 7.447
2013 07 15 14 03 41.747 ORPN -61.0527 -25.2274 19.9 -24.4772 31.3896 0.0 72.6588 52.8509 549.933 549.932 553.63 7.391
2013 07 15 14 03 41.747 SUSS -61.0527 -25.2274 19.9 -19.4219 33.2916 0.0 71.4686 58.0916 588.768 588.768 591.52 7.002
2013 07 15 14 03 41.747 ZINA -61.0527 -25.2274 19.9 -21.4214 33.8632 0.0 73.1898 56.6272 578.398 578.398 581.09 7.114
2013 07 21 23 45 55.936 BANH 34.5047 104.261 5.1 -22.6348 33.2637 0.0 240.928 88.128 769.573 769.573 772.56 4.762
2013 07 21 23 45 55.936 BERG 34.5047 104.261 5.1 -25.4266 31.4469 0.0 239.774 91.1535 782.668 782.667 786.73 4.635
2013 07 21 23 45 55.936 ORPN 34.5047 104.261 5.1 -24.4772 31.3896 0.0 240.552 90.614 780.285 780.285 784.21 4.640
2013 07 26 21 33 00.068 BANH -58.0352 -24.28 17.0 -22.6348 33.2637 0.0 74.4943 54.0008 559.037 559.037 562.61 7.305
2013 07 26 21 33 00.068 BERG -58.0352 -24.28 17.0 -25.4266 31.4469 0.0 74.7272 50.7683 534.294 534.294 538.53 7.541
2013 07 26 21 33 00.068 ORPN -58.0352 -24.28 17.0 -24.4772 31.3896 0.0 73.987 51.5193 539.775 539.774 544.21 7.488
