2009 11 11 02 48 18 RAND 8.0283 91.9514 22.7 11.8472 42.6625 0.0 278.69 48.65 303.513 526.75 522.08 7.690
2009 12 25 00 22 58 PTRN 42.2375 134.772 395.7 11.5984 42.5134 0.0 280.089 83.9667 301.746 709.609 706.48 4.995
2009 12 25 00 22 58 DAF2 42.2375 134.772 395.7 11.6077 42.5292 0.0 280.085 83.949 306.058 713.833 706.39 4.996
2009 12 25 00 22 58 SBLV 42.2375 134.772 395.7 11.5783 42.4945 0.0 280.086 83.9938 305.759 713.757 706.61 4.993
2009 12 27 08 57 06 FIEA -5.4255 131.324 64.9 11.5894 42.5065 0.0 281.573 89.9203 300.908 774.191 772.02 4.643
2010 01 06 04 55 23 RAND -58.464 -14.8595 10.0 11.8472 42.6625 0.0 56.1249 84.1021 312.03 764.155 751.89 5.082
2010 02 06 06 58 47 WADA -47.9345 99.5103 16.0 11.5573 42.4545 0.0 302.716 77.8163 300.871 718.644 717.45 5.556
2010 02 16 21 51 31 NRAE -7.2679 128.767 134.7 11.6424 42.5781 0.0 281.962 87.7414 311.935 766.871 753.68 4.772
2010 02 16 21 51 31 WADA -7.2679 128.767 134.7 11.5573 42.4545 0.0 281.862 87.8499 305.93 761.381 754.20 4.763
2010 02 19 01 13 06 LDL2 42.6027 130.699 573.7 11.5844 42.4986 0.0 277.363 80.9508 308.542 684.773 674.85 5.154
2010 02 19 01 13 06 PGMD 42.6027 130.699 573.7 11.6174 42.5559 0.0 277.35 80.8871 305.1 681.004 674.52 5.159
2010 02 27 20 31 01 LDL2 25.9843 128.508 24.2 11.5844 42.4986 0.0 278.716 81.4702 312.634 748.995 734.82 5.295
2010 02 27 20 31 01 NRAE 25.9843 128.508 24.2 11.6424 42.5781 0.0 278.736 81.3754 308.547 744.406 734.31 5.303
2010 02 27 20 31 01 PGMD 25.9843 128.508 24.2 11.6174 42.5559 0.0 278.723 81.4055 311.062 747.082 734.47 5.301
2010 03 06 16 06 26 NRAE -3.8389 100.916 24.2 11.6424 42.5781 0.0 285.692 60.0145 302.664 608.601 604.76 6.861
2010 03 15 00 57 37 NRAE -1.6485 128.082 63.6 11.6424 42.5781 0.0 281.72 85.9262 307.549 761.956 753.05 4.934
2010 03 15 00 57 37 KKO -1.6485 128.082 63.6 11.5188 42.4221 0.0 281.591 86.0736 309.6 764.732 753.78 4.922
2010 03 15 00 57 37 PCKD -1.6485 128.082 63.6 11.5349 42.4453 0.0 281.608 86.0515 309.016 764.04 753.67 4.924
2010 03 15 00 57 37 WADA -1.6485 128.082 63.6 11.5573 42.4545 0.0 281.63 86.0435 301.627 756.612 753.63 4.924
2010 03 15 08 07 14 RAND 37.7839 141.655 40.1 11.8472 42.6625 0.0 284.772 89.8156 300.568 775.882 773.93 4.643
2010 03 26 05 28 55 ASE 13.8293 120.014 24.6 11.0043 42.1037 0.0 278.026 75.8295 299.798 705.211 703.85 5.711
2010 03 26 05 28 55 LDL2 13.8293 120.014 24.6 11.5844 42.4986 0.0 278.53 75.3352 304.142 706.717 701.01 5.749
2010 03 26 05 28 55 KKO 13.8293 120.014 24.6 11.5188 42.4221 0.0 278.479 75.4216 306.041 709.114 701.50 5.742
2010 03 26 05 28 55 PGMD 13.8293 120.014 24.6 11.6174 42.5559 0.0 278.552 75.2737 310.336 712.558 700.65 5.753
2010 03 26 05 28 55 SBLV 13.8293 120.014 24.6 11.5783 42.4945 0.0 278.525 75.3403 304.329 706.935 701.04 5.748
2010 03 31 16 53 36 NRAE 13.6128 92.8746 38.5 11.6424 42.5781 0.0 273.688 49.0516 311.623 535.871 523.05 7.655
2010 03 31 16 53 36 KKO 13.6128 92.8746 38.5 11.5188 42.4221 0.0 273.555 49.2202 310.498 536.039 524.34 7.644
2010 03 31 16 53 36 PCKD 13.6128 92.8746 38.5 11.5349 42.4453 0.0 273.572 49.1954 302.291 527.642 524.15 7.646
2010 03 31 16 53 36 RAND 13.6128 92.8746 38.5 11.8472 42.6625 0.0 273.94 48.9419 303.538 526.943 522.20 7.663
2010 04 06 10 05 37 NRAE -0.0893 125.105 28.1 11.6424 42.5781 0.0 281.674 82.6971 312.25 754.659 740.98 5.200
2010 04 07 22 14 52 LDL2 2.3601 97.1113 33.4 11.5844 42.4986 0.0 282.434 54.8903 307.782 576.225 567.24 7.232
2010 04 07 22 14 52 SBLV 2.3601 97.1113 33.4 11.5783 42.4945 0.0 282.426 54.8938 313.515 581.984 567.27 7.231
2010 04 12 22 07 53 WADA 37.0075 -3.4764 619.6 11.5573 42.4545 0.0 109.487 48.3233 305.039 472.782 466.97 7.380
2010 04 12 22 07 53 SBLV 37.0075 -3.4764 619.6 11.5783 42.4945 0.0 109.432 48.3402 303.017 470.885 467.10 7.379
2010 04 14 23 49 10 PCKD 33.1928 96.7466 13.8 11.5349 42.4453 0.0 259.674 53.9994 304.868 569.472 563.53 7.302
2010 04 14 23 49 10 RAND 33.1928 96.7466 13.8 11.8472 42.6625 0.0 259.856 53.653 305.538 567.6 560.99 7.328
2010 04 25 07 40 39 ASE -1.8988 128.112 38.7 11.0043 42.1037 0.0 281.079 86.4413 306.703 766.532 758.47 4.899
2010 04 25 07 40 39 NRAE -1.8988 128.112 38.7 11.6424 42.5781 0.0 281.736 86.0062 306.699 764.392 756.34 4.935
2010 04 25 07 40 39 PGMD -1.8988 128.112 38.7 11.6174 42.5559 0.0 281.71 86.0267 302.612 760.406 756.44 4.933
2010 04 27 02 59 31 ASE 22.2406 123.816 23.2 11.0043 42.1037 0.0 277.183 78.3169 304.016 723.533 717.95 5.532
2010 04 27 02 59 31 NRAE 22.2406 123.816 23.2 11.6424 42.5781 0.0 277.624 77.6591 310.999 726.86 714.28 5.583
2010 04 27 02 59 31 PGMD 22.2406 123.816 23.2 11.6174 42.5559 0.0 277.608 77.6881 303.044 719.067 714.45 5.580
2010 04 27 02 59 31 WADA 22.2406 123.816 23.2 11.5573 42.4545 0.0 277.586 77.8021 302.931 719.589 715.08 5.572
2010 05 10 05 59 17 RAND 3.7328 96.0278 42.3 11.8472 42.6625 0.0 281.916 53.4065 312.253 568.866 555.42 7.336
2010 05 26 10 08 36 PTRN 35.2837 -35.9366 15.4 11.5984 42.5134 0.0 86.9821 74.0156 295.767 691.889 694.64 5.852
2010 05 26 10 08 36 NRAE 35.2837 -35.9366 15.4 11.6424 42.5781 0.0 86.9078 74.0443 295.855 692.144 694.80 5.850
2010 05 27 08 52 52 NRAE 25.7386 129.955 12.0 11.6424 42.5781 0.0 279.369 82.7016 311.408 756.159 743.21 5.207
2010 05 27 08 52 52 RAND 25.7386 129.955 12.0 11.8472 42.6625 0.0 279.521 82.5415 301.305 745.222 742.37 5.218
2010 05 27 08 52 52 PGMD 25.7386 129.955 12.0 11.6174 42.5559 0.0 279.356 82.7318 301.43 746.338 743.37 5.205
2010 05 27 08 52 52 WADA 25.7386 129.955 12.0 11.5573 42.4545 0.0 279.343 82.847 302.944 748.449 743.97 5.197
2010 05 27 08 52 52 SBLV 25.7386 129.955 12.0 11.5783 42.4945 0.0 279.345 82.8027 296.069 741.344 743.74 5.200
2010 06 01 10 15 53 LDL2 6.9374 123.962 34.3 11.5844 42.4986 0.0 280.559 80.3085 312.436 741.301 727.35 5.382
2010 06 01 10 15 53 WADA 6.9374 123.962 34.3 11.5573 42.4545 0.0 280.535 80.354 305.224 734.333 727.59 5.378
2010 06 01 19 51 24 LDL2 11.2109 93.6519 131.6 11.5844 42.4986 0.0 275.764 50.0893 295.946 518.498 521.34 7.538
2010 06 01 19 51 24 PCKD 11.2109 93.6519 131.6 11.5349 42.4453 0.0 275.706 50.1457 294.707 517.685 521.77 7.534
2010 06 01 19 51 24 PGMD 11.2109 93.6519 131.6 11.6174 42.5559 0.0 275.8 50.0306 298.16 520.268 520.90 7.542
2010 06 01 19 51 24 SBLV 11.2109 93.6519 131.6 11.5783 42.4945 0.0 275.757 50.0939 301.471 524.058 521.38 7.537
2010 07 22 09 15 33 DAO 3.0029 128.179 111.9 11.7603 42.1404 0.0 281.497 85.5209 304.817 751.612 745.39 4.954
2010 07 24 22 08 03 YOB 6.7113 123.488 610.2 11.5101 42.1061 0.0 280.515 80.2759 299.847 669.817 668.53 5.182
2010 07 24 22 08 03 WAY 6.7113 123.488 610.2 11.6772 42.599 0.0 280.641 79.7807 299.729 667.13 665.96 5.216
2010 07 24 22 08 03 ASE 6.7113 123.488 610.2 11.0043 42.1037 0.0 280.007 80.3216 294.07 664.279 668.77 5.179
2010 07 24 22 08 03 PTRF 6.7113 123.488 610.2 11.5515 42.4856 0.0 280.524 79.9018 299.842 667.874 666.59 5.208
2010 07 24 22 08 03 LDL2 6.7113 123.488 610.2 11.5844 42.4986 0.0 280.556 79.8864 297.53 665.481 666.51 5.209
2010 07 24 22 08 03 GOR 6.7113 123.488 610.2 11.288 42.2234 0.0 280.281 80.1802 295.894 665.371 668.04 5.189
2010 07 24 22 08 03 KKO 6.7113 123.488 610.2 11.5188 42.4221 0.0 280.497 79.9666 295.405 663.774 666.93 5.204
2010 07 24 22 08 03 PCKD 6.7113 123.488 610.2 11.5349 42.4453 0.0 280.511 79.9426 297.455 665.699 666.80 5.205
2010 07 24 22 08 03 PGMD 6.7113 123.488 610.2 11.6174 42.5559 0.0 280.585 79.8277 296.179 663.825 666.20 5.213
2010 07 24 22 08 03 FIEA 6.7113 123.488 610.2 11.5894 42.5065 0.0 280.561 79.8783 293.292 661.201 666.46 5.209
2010 07 24 22 08 03 SBLV 6.7113 123.488 610.2 11.5783 42.4945 0.0 280.55 79.8909 293.092 661.067 666.53 5.208
2010 07 24 22 50 51 LDL2 6.4232 123.58 584.7 11.5844 42.4986 0.0 280.614 80.0288 302.245 673.128 669.44 5.209
2010 07 24 23 15 04 GOR 6.7403 123.327 633.7 11.288 42.2234 0.0 280.263 80.0182 301.459 668.101 665.20 5.190
2010 07 24 23 15 04 WADA 6.7403 123.327 633.7 11.5573 42.4545 0.0 280.514 79.7696 307.162 672.514 663.91 5.207
2010 07 24 23 15 04 SBLV 6.7403 123.327 633.7 11.5783 42.4945 0.0 280.532 79.7288 311.29 676.43 663.70 5.210
2010 07 30 07 31 06 YOB 6.5583 123.36 615.8 11.5101 42.1061 0.0 280.53 80.1793 305.371 674.364 667.55 5.187
2010 07 30 07 31 06 PCKD 6.5583 123.36 615.8 11.5349 42.4453 0.0 280.527 79.8459 305.941 673.206 665.82 5.209
2010 07 30 07 31 06 PGMD 6.5583 123.36 615.8 11.6174 42.5559 0.0 280.601 79.7312 303.428 670.096 665.22 5.217
2010 08 04 12 07 48 KKO 1.2978 126.279 50.6 11.5188 42.4221 0.0 281.372 83.7242 307.87 752.745 743.45 5.115
2010 08 04 12 07 48 PGMD 1.2978 126.279 50.6 11.6174 42.5559 0.0 281.47 83.593 304.194 748.398 742.77 5.126
2010 08 04 12 07 48 WADA 1.2978 126.279 50.6 11.5573 42.4545 0.0 281.41 83.6924 310.178 754.89 743.28 5.118
2010 08 04 12 07 48 FIEA 1.2978 126.279 50.6 11.5894 42.5065 0.0 281.443 83.6414 303.045 747.496 743.02 5.122
2010 08 17 03 30 46 YOB -17.8076 65.6026 14.7 11.5101 42.1061 0.0 319.78 37.2421 314.428 446.333 432.19 8.477
2010 09 18 19 21 09 YOB 36.5352 70.9695 215.4 11.5101 42.1061 0.0 233.577 36.0154 308.199 409.452 400.97 8.468
2010 09 18 19 21 09 GOR 36.5352 70.9695 215.4 11.288 42.2234 0.0 233.183 36.1056 313.506 415.525 401.75 8.462
2010 09 18 19 21 09 KKO 36.5352 70.9695 215.4 11.5188 42.4221 0.0 233.19 35.8046 308.277 407.742 399.19 8.482
2010 09 18 19 21 09 PGMD 36.5352 70.9695 215.4 11.6174 42.5559 0.0 233.131 35.6446 311.063 409.167 397.83 8.492
2010 10 05 13 28 28 PTRF 24.2175 125.249 32.8 11.5515 42.4856 0.0 277.692 78.8217 304.184 725.054 719.30 5.494
2010 10 05 13 28 28 GOR 24.2175 125.249 32.8 11.288 42.2234 0.0 277.546 79.1598 311.785 734.508 721.16 5.470
2010 10 05 13 28 28 KKO 24.2175 125.249 32.8 11.5188 42.4221 0.0 277.685 78.8917 301.759 723.013 719.68 5.489
2010 10 05 13 28 28 PGMD 24.2175 125.249 32.8 11.6174 42.5559 0.0 277.726 78.733 303.296 723.679 718.81 5.500
2010 10 09 05 43 09 ASE 2.7637 128.221 140.8 11.0043 42.1037 0.0 280.765 85.6709 302.079 746.282 742.80 4.933
2010 10 09 05 43 09 KKO 2.7637 128.221 140.8 11.5188 42.4221 0.0 281.267 85.3416 305.833 748.41 741.17 4.960
2010 10 09 05 43 09 PGMD 2.7637 128.221 140.8 11.6174 42.5559 0.0 281.361 85.2074 310.013 751.925 740.51 4.971
2010 10 09 05 43 09 FIEA 2.7637 128.221 140.8 11.5894 42.5065 0.0 281.335 85.2567 307.689 749.846 740.75 4.967
2010 10 26 14 41 41 PGMD -3.5248 100.104 20.0 11.6174 42.5559 0.0 285.663 59.167 310.548 611.22 599.50 6.923
2010 12 16 11 28 49 YOB -7.2664 128.794 140.4 11.5101 42.1061 0.0 281.765 88.2081 312.425 768.911 755.24 4.733
2010 12 16 11 28 49 DAO -7.2664 128.794 140.4 11.7603 42.1404 0.0 282.016 88.2083 299.28 755.765 755.24 4.733
2011 01 30 06 55 09 GOR 70.8684 -6.9088 6.4 11.288 42.2234 0.0 126.145 66.7203 306.517 659.096 651.79 6.379
2011 02 05 13 53 31 YOB 24.6094 94.7347 86.5 11.5101 42.1061 0.0 265.163 51.4189 300.509 537.639 535.97 7.463
2011 02 05 13 53 31 ARTA 24.6094 94.7347 86.5 11.5263 42.8472 0.0 264.828 50.7408 295.657 527.699 530.90 7.513
2011 02 05 13 53 31 DAO 24.6094 94.7347 86.5 11.7603 42.1404 0.0 265.442 51.2939 310.057 546.25 535.03 7.473
2011 02 11 14 38 53 YOB 4.1297 123.062 532.8 11.5101 42.1061 0.0 280.919 80.3369 301.572 678.615 675.61 5.209
2011 02 11 14 38 53 ARTA 4.1297 123.062 532.8 11.5263 42.8472 0.0 280.907 79.6104 297.166 670.415 671.81 5.257
2011 02 11 14 38 53 NRAE 4.1297 123.062 532.8 11.6424 42.5781 0.0 281.034 79.8696 299.631 674.237 673.17 5.239
2011 02 11 14 38 53 OBO2 4.1297 123.062 532.8 11.9849 43.2912 0.0 281.354 79.1597 297.741 668.612 669.43 5.292
2011 02 11 14 38 53 DAO 4.1297 123.062 532.8 11.7603 42.1404 0.0 281.169 80.2935 313.019 689.836 675.38 5.212
2011 02 11 14 38 53 GOR 4.1297 123.062 532.8 11.288 42.2234 0.0 280.69 80.2307 311.413 687.905 675.06 5.216
2011 02 16 13 33 35 DAO -2.4897 121.469 26.8 11.7603 42.1404 0.0 282.318 80.0704 307.473 736.186 727.30 5.400
2011 02 16 13 33 35 GOR -2.4897 121.469 26.8 11.288 42.2234 0.0 281.85 79.9516 303.175 731.249 726.65 5.409
2011 03 07 14 32 17 YOB -56.3864 -27.0253 92.0 11.5101 42.1061 0.0 66.3837 88.3139 307.85 770.123 761.91 4.729
2011 03 07 14 32 17 NRAE -56.3864 -27.0253 92.0 11.6424 42.5781 0.0 66.7102 88.667 313.611 777.545 763.57 4.701
2011 03 07 14 32 17 DAO -56.3864 -27.0253 92.0 11.7603 42.1404 0.0 66.2831 88.5438 307.648 771.005 763.00 4.710
2011 03 07 14 32 17 GOR -56.3864 -27.0253 92.0 11.288 42.2234 0.0 66.5968 88.1852 304.146 765.81 761.29 4.739
2011 03 07 14 32 30 YOB -56.41 -26.68 101.2 11.5101 42.1061 0.0 66.0936 88.1477 307.712 768.127 760.05 4.740
2011 03 07 14 32 30 NRAE -56.41 -26.68 101.2 11.6424 42.5781 0.0 66.4208 88.5003 313.466 775.544 761.72 4.711
2011 03 07 14 32 30 DAO -56.41 -26.68 101.2 11.7603 42.1404 0.0 65.9934 88.3778 307.309 768.812 761.15 4.721
2011 03 07 14 32 30 GOR -56.41 -26.68 101.2 11.288 42.2234 0.0 66.3066 88.0187 304.206 764.01 759.43 4.750
2011 03 11 17 08 22 YOB -6.8567 116.73 518.59996875 11.5101 42.1061 0.0 283.545 76.4353 310.043 667.508 656.15 5.495
2011 03 11 17 08 22 OBO2 -6.8567 116.73 518.59996875 11.9849 43.2912 0.0 284.236 75.3764 303.942 655.549 650.30 5.570
2011 03 11 17 08 22 DAO -6.8567 116.73 518.59996875 11.7603 42.1404 0.0 283.803 76.4454 304.106 661.627 656.21 5.494
2011 03 12 18 59 06 GOR 36.9993 138.542 14.6 11.288 42.2234 0.0 282.738 88.2745 307.888 779.731 770.44 4.769
2011 03 21 08 25 56 YOB 19.0747 121.307 39.9 11.5101 42.1061 0.0 277.564 76.2257 310.683 716.241 703.98 5.680
