2018 12 01 13 27 21.80 BROLN -7.384 128.706 136.0 -21.0997 27.3342 0.0 247.538 97.8693 298.564 797.501 799.88 4.490
2018 12 01 13 27 21.80 LPHEP -7.384 128.706 136.0 -23.363 25.8596 0.0 245.033 98.7607 298.76 801.69 803.84 4.463
2018 12 01 13 27 21.80 MAKGR -7.384 128.706 136.0 -25.8118 24.8008 0.0 242.413 99.1809 298.473 803.412 805.69 4.450
2018 12 01 13 27 21.80 MREMI -7.384 128.706 136.0 -22.5697 27.4468 0.0 246.11 97.4854 297.799 795.726 798.14 4.501
2018 12 01 13 27 21.80 SOOWA -7.384 128.706 136.0 -20.5629 26.2178 0.0 247.863 98.9974 298.81 802.745 804.93 4.455
2018 12 04 06 20 28.620 PHPEN -56.227 -124.14 10.0 -25.4755 22.8573 0.0 150.43 93.9283 302.458 798.845 796.52 4.603
2018 12 05 17 12 13.720 BROLN -33.672 -71.654 37.52 -21.0997 27.3342 0.0 112.337 85.6501 299.158 752.45 753.98 4.977
2018 12 05 17 12 13.720 GRTLG -33.672 -71.654 37.52 -21.3619 21.2157 0.0 109.395 80.7389 297.578 725.874 728.66 5.356
2018 12 05 17 12 13.720 KDWAN -33.672 -71.654 37.52 -23.3804 24.6608 0.0 112.85 82.3295 299.455 735.74 736.99 5.234
2018 12 05 17 12 13.720 KOOLE -33.672 -71.654 37.52 -22.9931 20.1956 0.0 110.279 79.0741 297.741 717.042 719.60 5.481
2018 12 05 17 12 13.720 LPHEP -33.672 -71.654 37.52 -23.363 25.8596 0.0 113.447 83.2582 296.712 737.998 741.81 5.168
2018 12 05 17 12 13.720 MREMI -33.672 -71.654 37.52 -22.5697 27.4468 0.0 113.61 84.9127 300.09 749.395 750.25 5.037
2018 12 05 17 12 13.720 PHDHD -33.672 -71.654 37.52 -20.1957 24.5372 0.0 110.121 83.9776 299.529 744.829 745.60 5.109
2018 12 05 17 12 13.720 QNGWA -33.672 -71.654 37.52 -19.5296 21.174 0.0 107.819 81.6872 299.109 732.396 733.75 5.280
2018 12 06 01 02 46.320 BROLN -8.391 116.006 12.0 -21.0997 27.3342 0.0 249.395 85.7964 298.471 757.162 759.06 4.961
2018 12 06 01 02 46.320 KDWAN -8.391 116.006 12.0 -23.3804 24.6608 0.0 246.809 87.9449 300.865 769.55 769.50 4.792
2018 12 06 01 02 46.320 KGCAE -8.391 116.006 12.0 -22.8538 22.2068 0.0 246.986 90.2573 299.452 779.15 780.37 4.642
2018 12 06 01 02 46.320 KOOLE -8.391 116.006 12.0 -22.9931 20.1956 0.0 246.542 92.0629 298.717 786.418 788.73 4.628
2018 12 06 01 02 46.320 KSANE -8.391 116.006 12.0 -17.8002 25.1619 0.0 252.374 88.2716 298.805 769.49 771.11 4.766
2018 12 06 01 02 46.320 LKGWB -8.391 116.006 12.0 -24.1135 21.7823 0.0 245.686 90.4407 299.407 780.101 781.21 4.642
2018 12 06 01 02 46.320 LPHEP -8.391 116.006 12.0 -23.363 25.8596 0.0 246.978 86.8563 299.16 762.846 764.25 4.877
2018 12 06 01 02 46.320 MAKGR -8.391 116.006 12.0 -25.8118 24.8008 0.0 244.428 87.4769 298.88 765.581 767.24 4.827
2018 12 06 01 02 46.320 MREMI -8.391 116.006 12.0 -22.5697 27.4468 0.0 247.953 85.5081 299.15 755.854 757.61 4.987
2018 12 06 01 02 46.320 PHDHD -8.391 116.006 12.0 -20.1957 24.5372 0.0 249.93 88.5141 298.743 770.443 772.24 4.747
2018 12 06 01 02 46.320 QNGWA -8.391 116.006 12.0 -19.5296 21.174 0.0 250.095 91.744 299.11 785.795 787.29 4.631
2018 12 06 01 02 46.320 SKOMA -8.391 116.006 12.0 -24.5153 23.9328 0.0 245.594 88.4405 298.784 770.469 771.86 4.753
2018 12 06 01 02 46.320 SOOWA -8.391 116.006 12.0 -20.5629 26.2178 0.0 249.789 86.9018 299.168 762.868 764.49 4.873
2018 12 06 01 02 46.320 XAUDM -8.391 116.006 12.0 -18.5396 21.3382 0.0 251.092 91.752 300.641 787.336 787.34 4.631
2018 12 11 02 26 32.730 BROLN -58.598 -26.465 164.66 -21.0997 27.3342 0.0 69.4502 53.5821 299.127 541.401 543.57 7.276
2018 12 11 02 26 32.730 GRTLG -58.598 -26.465 164.66 -21.3619 21.2157 0.0 63.4055 50.4227 299.045 518.318 520.32 7.503
2018 12 11 02 26 32.730 KDWAN -58.598 -26.465 164.66 -23.3804 24.6608 0.0 68.2972 50.3476 299.501 517.779 519.61 7.509
2018 12 11 02 26 32.730 KGCAE -58.598 -26.465 164.66 -22.8538 22.2068 0.0 65.4245 49.6129 298.932 512.221 514.15 7.560
2018 12 11 02 26 32.730 KOOLE -58.598 -26.465 164.66 -22.9931 20.1956 0.0 63.4107 48.5441 299.612 504.907 506.05 7.638
2018 12 11 02 26 32.730 KSANE -58.598 -26.465 164.66 -17.8002 25.1619 0.0 65.221 55.3521 299.307 554.584 556.51 7.147
2018 12 11 02 26 32.730 LKGWB -58.598 -26.465 164.66 -24.1135 21.7823 0.0 65.8466 48.339 299.081 502.36 504.41 7.653
2018 12 11 02 26 32.730 LPHEP -58.598 -26.465 164.66 -23.363 25.8596 0.0 69.492 50.9479 299.1 522.371 524.09 7.466
2018 12 11 02 26 32.730 MREMI -58.598 -26.465 164.66 -22.5697 27.4468 0.0 70.5315 52.3965 298.694 532.98 534.83 7.361
2018 12 11 02 26 32.730 PHDHD -58.598 -26.465 164.66 -20.1957 24.5372 0.0 66.0733 52.9963 299.04 537.329 539.38 7.316
2018 12 11 02 26 32.730 QNGWA -58.598 -26.465 164.66 -19.5296 21.174 0.0 62.2001 51.9856 299.137 530.426 532.04 7.389
2018 12 11 02 26 32.730 SKOMA -58.598 -26.465 164.66 -24.5153 23.9328 0.0 68.3455 49.0366 298.629 507.904 509.68 7.604
2018 12 11 02 26 32.730 SOOWA -58.598 -26.465 164.66 -20.5629 26.2178 0.0 67.996 53.4931 298.909 541.204 542.96 7.282
2018 12 11 02 26 32.730 XAUDM -58.598 -26.465 164.66 -18.5396 21.3382 0.0 61.7642 52.9207 299.436 537.727 538.95 7.320
2018 12 12 13 13 56.150 SKOMA -55.676 -128.683 10.0 -24.5153 23.9328 0.0 155.044 96.7833 293.285 803.143 809.55 4.538
2018 12 16 14 26 19.620 BROLN -23.322 112.497 10.0 -21.0997 27.3342 0.0 252.241 77.686 304.118 719.519 716.30 5.587
2018 12 16 14 26 19.620 GRTLG -23.322 112.497 10.0 -21.3619 21.2157 0.0 249.896 82.9117 304.31 747.704 744.42 5.195
2018 12 16 14 26 19.620 KDWAN -23.322 112.497 10.0 -23.3804 24.6608 0.0 249.185 79.209 303.912 728.305 724.66 5.475
2018 12 16 14 26 19.620 KGCAE -23.322 112.497 10.0 -22.8538 22.2068 0.0 248.851 81.5049 304.32 740.711 737.02 5.300
2018 12 16 14 26 19.620 KOOLE -23.322 112.497 10.0 -22.9931 20.1956 0.0 248.021 83.1725 304.072 749.455 745.74 5.177
2018 12 16 14 26 19.620 KSANE -23.322 112.497 10.0 -17.8002 25.1619 0.0 254.615 80.774 304.083 736.471 733.25 5.356
2018 12 16 14 26 19.620 LKGWB -23.322 112.497 10.0 -24.1135 21.7823 0.0 247.527 81.4048 304.071 740.456 736.47 5.308
2018 12 16 14 26 19.620 LPHEP -23.322 112.497 10.0 -23.363 25.8596 0.0 249.596 78.1836 304.184 722.586 719.02 5.550
2018 12 16 14 26 19.620 MREMI -23.322 112.497 10.0 -22.5697 27.4468 0.0 250.871 77.083 303.73 716.116 712.89 5.631
2018 12 16 14 26 19.620 PHDHD -23.322 112.497 10.0 -20.1957 24.5372 0.0 252.148 80.4541 304.357 734.756 731.48 5.382
2018 12 16 14 26 19.620 QNGWA -23.322 112.497 10.0 -19.5296 21.174 0.0 251.579 83.6388 304.298 751.682 748.22 5.139
2018 12 16 14 26 19.620 SKOMA -23.322 112.497 10.0 -24.5153 23.9328 0.0 247.869 79.4311 303.79 729.193 725.85 5.459
2018 12 16 14 26 19.620 SOOWA -23.322 112.497 10.0 -20.5629 26.2178 0.0 252.377 78.8513 303.735 726.12 722.77 5.499
2018 12 16 14 26 19.620 XAUDM -23.322 112.497 10.0 -18.5396 21.3382 0.0 252.555 83.8705 304.567 752.969 749.43 5.120
2019 01 05 19 25 38.580 GRTLG -8.148 -71.583 571.18 -21.3619 21.2157 0.0 111.404 89.6602 299.158 715.586 717.38 4.630
2019 01 05 19 25 38.580 KGCAE -8.148 -71.583 571.18 -22.8538 22.2068 0.0 113.011 90.3431 299.103 718.545 720.52 4.622
2019 01 05 19 25 38.580 KOOLE -8.148 -71.583 571.18 -22.9931 20.1956 0.0 112.873 88.4888 298.698 710.134 711.94 4.640
2019 01 05 19 25 38.580 LKGWB -8.148 -71.583 571.18 -24.1135 21.7823 0.0 114.191 89.7652 299.243 715.672 717.84 4.629
2019 01 05 19 25 38.580 LPHEP -8.148 -71.583 571.18 -23.363 25.8596 0.0 114.076 93.5737 299.055 733.479 735.34 4.559
2019 01 05 19 25 38.580 MREMI -8.148 -71.583 571.18 -22.5697 27.4468 0.0 113.569 95.1575 299.413 740.841 742.53 4.518
2019 01 05 19 25 38.580 QNGWA -8.148 -71.583 571.18 -19.5296 21.174 0.0 109.596 89.8926 299.459 716.887 718.47 4.628
2019 01 05 19 25 38.580 SKOMA -8.148 -71.583 571.18 -24.5153 23.9328 0.0 114.899 91.638 298.28 723.723 726.47 4.600
2019 01 05 19 25 38.580 XAUDM -8.148 -71.583 571.18 -18.5396 21.3382 0.0 108.645 90.1931 300.463 718.901 719.87 4.624
2019 01 06 13 41 59.70 GRTLG 34.125 45.673 14.0 -21.3619 21.2157 0.0 206.494 59.8913 301.844 606.793 607.24 6.854
2019 01 06 13 41 59.70 KGCAE 34.125 45.673 14.0 -22.8538 22.2068 0.0 204.858 60.9038 301.419 613.366 614.21 6.778
2019 01 06 13 41 59.70 KOOLE 34.125 45.673 14.0 -22.9931 20.1956 0.0 206.74 61.7575 302.198 619.144 619.94 6.714
2019 01 06 13 41 59.70 LKGWB 34.125 45.673 14.0 -24.1135 21.7823 0.0 204.728 62.2119 301.358 622.297 623.04 6.679
2019 01 06 13 41 59.70 LPHEP 34.125 45.673 14.0 -23.363 25.8596 0.0 201.037 60.1968 301.332 608.265 609.46 6.830
2019 01 06 13 41 59.70 MREMI 34.125 45.673 14.0 -22.5697 27.4468 0.0 199.713 58.9884 300.672 599.608 601.15 6.918
2019 01 06 13 41 59.70 QNGWA 34.125 45.673 14.0 -19.5296 21.174 0.0 207.388 58.2367 301.967 594.899 595.73 6.969
2019 01 06 13 41 59.70 SKOMA 34.125 45.673 14.0 -24.5153 23.9328 0.0 202.494 61.8699 301.66 619.601 620.80 6.705
2019 01 06 13 41 59.70 XAUDM 34.125 45.673 14.0 -18.5396 21.3382 0.0 207.692 57.2735 301.166 588.107 588.94 7.043
2019 01 06 17 27 20.840 MREMI 2.215 126.74 60.0 -22.5697 27.4468 0.0 247.62 99.4279 301.33 815.496 815.96 4.448
2019 01 18 21 27 01.400 GRTLG -3.304 -76.851 103.0 -21.3619 21.2157 0.0 111.795 96.3069 301.167 796.786 796.79 4.536
2019 01 18 21 27 01.400 KDWAN -3.304 -76.851 103.0 -23.3804 24.6608 0.0 114.189 99.235 300.301 808.915 809.92 4.450
2019 01 18 21 27 01.400 KGCAE -3.304 -76.851 103.0 -22.8538 22.2068 0.0 113.382 97.0579 298.205 797.812 800.17 4.516
2019 01 18 21 27 01.400 KOOLE -3.304 -76.851 103.0 -22.9931 20.1956 0.0 113.32 95.1995 301.098 791.722 791.74 4.564
2019 01 18 21 27 01.400 PHPEN -3.304 -76.851 103.0 -25.4755 22.8573 0.0 116.065 97.3358 301.027 801.647 801.41 4.508
2019 01 18 21 27 01.400 QNGWA -3.304 -76.851 103.0 -19.5296 21.174 0.0 109.966 96.4555 300.848 797.459 797.47 4.532
2019 01 18 21 27 01.400 SKOMA -3.304 -76.851 103.0 -24.5153 23.9328 0.0 115.234 98.4258 302.831 808.433 806.31 4.476
2019 01 18 21 27 01.400 XAUDM -3.304 -76.851 103.0 -18.5396 21.3382 0.0 108.995 96.709 301.53 799.132 798.62 4.525
2019 01 20 01 32 51.480 BROLN -30.073 -71.423 53.04 -21.0997 27.3342 0.0 112.439 86.8354 298.885 756.427 758.07 4.876
2019 01 20 01 32 51.480 GRTLG -30.073 -71.423 53.04 -21.3619 21.2157 0.0 109.805 81.7578 299.431 730.972 732.34 5.269
2019 01 20 01 32 51.480 KGCAE -30.073 -71.423 53.04 -22.8538 22.2068 0.0 111.567 81.8412 298.763 731.285 732.74 5.263
2019 01 20 01 32 51.480 KOOLE -30.073 -71.423 53.04 -22.9931 20.1956 0.0 110.787 80.1489 298.835 722.355 723.73 5.397
2019 01 20 01 32 51.480 LKGWB -30.073 -71.423 53.04 -24.1135 21.7823 0.0 112.486 80.8936 298.531 726.071 727.69 5.340
2019 01 20 01 32 51.480 LPHEP -30.073 -71.423 53.04 -23.363 25.8596 0.0 113.686 84.5131 298.35 744.886 746.49 5.063
2019 01 20 01 32 51.480 MAKGR -30.073 -71.423 53.04 -25.8118 24.8008 0.0 115.328 82.4608 298.552 734.077 735.89 5.221
2019 01 20 01 32 51.480 QNGWA -30.073 -71.423 53.04 -19.5296 21.174 0.0 108.177 82.6092 299.026 735.549 736.85 5.208
2019 01 20 01 32 51.480 SKOMA -30.073 -71.423 53.04 -24.5153 23.9328 0.0 113.804 82.413 298.522 734.053 735.68 5.224
2019 01 20 01 32 51.480 XAUDM -30.073 -71.423 53.04 -18.5396 21.3382 0.0 107.388 83.2258 299.805 739.342 740.07 5.163
2019 01 22 05 10 03.670 GRTLG -10.466 119.03 27.01 -21.3619 21.2157 0.0 247.683 93.3994 255.059 792.515 792.49 4.607
2019 01 22 05 10 03.670 KDWAN -10.466 119.03 27.01 -23.3804 24.6608 0.0 246.375 89.8647 226.643 779.815 776.12 4.643
2019 01 22 05 10 03.670 KGCAE -10.466 119.03 27.01 -22.8538 22.2068 0.0 246.428 92.1833 300.83 787.177 786.86 4.626
2019 01 22 05 10 03.670 KOOLE -10.466 119.03 27.01 -22.9931 20.1956 0.0 245.887 93.9624 300.799 795.131 795.06 4.597
2019 01 22 05 10 03.670 LKGWB -10.466 119.03 27.01 -24.1135 21.7823 0.0 245.119 92.2962 301.351 787.699 787.37 4.625
2019 01 22 05 10 03.670 LPHEP -10.466 119.03 27.01 -23.363 25.8596 0.0 246.603 88.7867 301.016 771.36 771.08 4.723
2019 01 22 05 10 03.670 MAKGR -10.466 119.03 27.01 -25.8118 24.8008 0.0 244.025 89.2681 301.05 773.397 773.32 4.686
2019 01 22 05 10 03.670 QNGWA -10.466 119.03 27.01 -19.5296 21.174 0.0 249.458 93.8318 301.338 794.68 794.50 4.599
2019 01 22 05 10 03.670 SKOMA -10.466 119.03 27.01 -24.5153 23.9328 0.0 245.136 90.294 301.061 778.394 778.10 4.642
2019 01 22 05 10 03.670 XAUDM -10.466 119.03 27.01 -18.5396 21.3382 0.0 250.455 93.8911 303.343 796.696 794.78 4.598
2019 01 22 19 01 43.580 XAUDM -43.115 42.324 13.0 -18.5396 21.3382 0.0 317.578 30.2444 300.508 369.945 370.82 8.841
2019 01 23 11 39 01.330 BROLN -10.306 118.928 15.29 -21.0997 27.3342 0.0 249.08 87.819 302.141 769.827 768.33 4.801
2019 01 23 11 39 01.330 GRTLG -10.306 118.928 15.29 -21.3619 21.2157 0.0 247.712 93.3669 300.414 794.088 794.17 4.608
2019 01 23 11 39 01.330 KDWAN -10.306 118.928 15.29 -23.3804 24.6608 0.0 246.393 89.8364 302.008 779.696 777.82 4.643
2019 01 23 11 39 01.330 KGCAE -10.306 118.928 15.29 -22.8538 22.2068 0.0 246.454 92.1549 302.766 790.446 788.56 4.627
2019 01 23 11 39 01.330 LKGWB -10.306 118.928 15.29 -24.1135 21.7823 0.0 245.145 92.272 300.128 788.814 789.09 4.625
2019 01 23 11 39 01.330 LPHEP -10.306 118.928 15.29 -23.363 25.8596 0.0 246.617 88.7577 302.863 774.547 772.77 4.728
2019 01 23 11 39 01.330 MAKGR -10.306 118.928 15.29 -25.8118 24.8008 0.0 244.041 89.2475 301.97 776.65 775.05 4.690
2019 01 23 11 39 01.330 MREMI -10.306 118.928 15.29 -22.5697 27.4468 0.0 247.657 87.46 302.341 768.025 766.59 4.828
2019 01 23 11 39 01.330 QNGWA -10.306 118.928 15.29 -19.5296 21.174 0.0 249.488 93.7935 299.335 795.008 796.15 4.600
2019 01 23 11 39 01.330 SKOMA -10.306 118.928 15.29 -24.5153 23.9328 0.0 245.155 90.2697 300.963 780.643 779.82 4.642
2019 01 23 11 39 01.330 XAUDM -10.306 118.928 15.29 -18.5396 21.3382 0.0 250.486 93.8497 303.778 799.459 796.42 4.599
