2010 04 14 23 49 05. OKGL 33.1928 96.7466 13.8 36.037 0.6561 0.594 303.725 75.6974 309.041 714.831 703.83 5.736
2013 02 15 13 13 31. OKGL 67.5173 142.702 8.9 36.037 0.6561 0.594 328.554 72.8499 299.509 689.009 687.39 5.957
2013 09 26 16 42 38. OKGL -15.9001 -74.6012 38.2 36.037 0.6561 0.594 51.6675 87.7652 303.678 769.832 765.54 4.787
2013 09 08 00 13 24. OKGL 14.6678 -92.0911 74.1 36.037 0.6561 0.594 54.5383 83.697 303.399 745.057 740.11 5.118
2011 05 15 21 07 15. OKGL 36.4257 70.7231 207.6 36.037 0.6561 0.594 292.077 55.3099 311.265 563.982 551.01 7.139
2013 10 02 03 37 53. OKGL 53.1368 152.896 578.4 36.037 0.6561 0.594 337.806 87.9733 297.737 707.089 707.48 4.643
2014 03 16 23 51 28. OKGL -5.6717 -80.9351 26.5 36.037 0.6561 0.594 53.4432 86.5343 305.525 767.32 760.84 4.891
2014 03 23 12 59 46. OKGL -19.8225 -70.9441 4.4 36.037 0.6561 0.594 50.336 87.5117 302.538 772.676 769.66 4.811
2010 05 07 02 42 29. OKGL -18.0961 -70.5865 46.8 36.037 0.6561 0.594 50.2817 86.1545 313.545 770.903 756.84 4.908
2014 03 18 05 11 32. OKGL -20.06 -70.8284 5.3 36.037 0.6561 0.594 50.286 87.5788 300.473 770.783 769.84 4.805
2009 11 14 03 05 34. OKGL -19.469 -70.4181 36 36.037 0.6561 0.594 50.158 86.9057 314.319 776.599 761.80 4.852
2010 05 24 22 46 50. OKGL -14 -74.4319 102.6 36.037 0.6561 0.594 51.6936 86.4654 302.25 754.639 751.72 4.872
2009 11 18 15 30 46. OKGL 51.9622 -131.598 8.7 36.037 0.6561 0.594 37.1925 82.9396 300.759 746.492 743.67 5.209
2013 02 10 14 15 54. OKGL 1.0345 -77.462 144.2 36.037 0.6561 0.594 53.6994 79.7841 312.059 725.361 712.14 5.387
2011 04 08 13 11 15. OKGL 17.2651 -94.1439 165.1 36.037 0.6561 0.594 54.3329 83.8015 299.244 730.955 730.12 5.084
2012 11 16 09 20 13. OKGL 18.1995 -100.525 57.9 36.037 0.6561 0.594 52.7068 88.1416 305.246 770.58 763.78 4.773
2014 01 14 04 00 53. OKGL 18.9922 -66.8685 30.9 36.037 0.6561 0.594 58.7766 61.1405 311.853 624.196 610.86 6.783
2014 04 02 23 46 33. OKGL -19.6193 -70.7877 17.1 36.037 0.6561 0.594 50.2864 87.2692 312.034 778.885 766.37 4.826
2010 02 28 15 45 21. OKGL -24.7957 -65.4619 31.8 36.037 0.6561 0.594 47.9189 86.9072 301.646 764.521 762.59 4.849
2009 10 23 19 51 27. OKGL 36.5187 71.0121 188.6 36.037 0.6561 0.594 292.128 55.4908 305.878 561.809 554.22 7.134
2013 09 06 04 01 28. OKGL 15.2518 -45.2139 10.4 36.037 0.6561 0.594 54.3137 45.7457 299.074 501.283 501.29 7.902
2010 03 05 22 39 07. OKGL -22.2651 -68.4579 108.4 36.037 0.6561 0.594 49.2963 87.3052 308.738 764.52 755.40 4.800
2013 09 25 11 29 41. OKGL 26.9109 65.5315 15.5 36.037 0.6561 0.594 296.638 55.1818 306.879 579.618 571.18 7.223
2010 03 31 16 54 33. OKGL 13.6128 92.8746 38.5 36.037 0.6561 0.594 305.459 83.8877 311.521 758.275 745.23 5.113
2013 07 23 07 01 29. OKGL -46.0946 34.8615 3.2 36.037 0.6561 0.594 332.863 87.3737 314.244 783.835 770.06 4.808
2014 04 11 23 27 30. OKGL 12.4342 -86.3301 12.6 36.037 0.6561 0.594 55.176 80.3901 310.628 742.943 730.79 5.385
2014 04 04 02 43 09. OKGL -20.5887 -70.4905 12 36.037 0.6561 0.594 50.1442 87.6717 303.026 772.664 769.19 4.797
