2000 04 24 09 27 09 MELI -28.289 -62.944 603.6 35.2938 -2.935 0.01 45.3444 84.869 312.576 705.97 693.29 4.818
2000 04 24 16 59 46 MELI -28.332 -62.926 604.6 35.2938 -2.935 0.01 45.3322 84.8878 314.12 707.518 693.29 4.816
2000 07 22 01 52 44 MELI 9.418 -85.324 42.2 35.2938 -2.935 0.01 55.8538 78.439 307.45 724.968 716.07 5.518
2001 02 26 02 20 08 GHAR 36.482 70.865 186.2 32.1224 13.0885 0.002 282.462 47.3194 303.493 499.008 494.04 7.720
2002 10 25 06 07 34 MELI -1.951 29.05 19.2 35.2938 -2.935 0.01 324.088 47.6243 305.309 520.997 515.78 7.756
2003 09 28 11 33 24 MELI 50.0089 87.7788 16.0 35.2938 -2.935 0.01 294.854 64.35 302.121 637.646 633.56 6.565
2004 03 09 23 37 41 MELI 10.9168 -43.9316 10.0 35.2938 -2.935 0.01 50.0973 44.3894 302.479 493.99 490.85 8.000
2004 04 06 21 23 34 GHAR 36.5576 71.0033 168.5 32.1224 13.0885 0.002 282.454 47.4119 306.879 504.856 496.50 7.722
2004 09 29 15 29 49 GHAR -52.5011 28.0501 10.0 32.1224 13.0885 0.002 347.302 85.2762 296.261 754.404 758.74 4.973
2005 02 15 23 36 47 PVLZ 41.669 79.3417 31.4 35.173 -4.301 0.0 294.413 63.3984 303.555 630.668 625.20 6.626
2005 03 14 03 29 52 GHAR 27.0839 61.9044 51.8 32.1224 13.0885 0.002 288.91 42.4559 311.642 482.143 469.21 8.127
2005 03 14 03 29 52 MELI 27.0839 61.9044 51.8 35.2938 -2.935 0.01 295.636 55.2104 305.87 574.233 566.80 7.207
2005 04 12 14 54 05 MELI -7.3136 -77.962 128.600007812 35.2938 -2.935 0.01 52.917 82.1308 301.273 728.823 726.65 5.208
2005 05 22 05 10 18 MELI -3.2328 -80.9455 39.7 35.2938 -2.935 0.01 53.886 82.1001 304.368 741.946 736.53 5.236
2005 06 14 22 44 02 CEU -19.9172 -69.2156 111.9 35.8987 -5.3731 0.0 47.3851 82.0049 307.909 736.747 728.45 5.215
2005 06 16 02 50 55 MELI 41.4472 -125.585 18.0 35.2938 -2.935 0.01 43.5939 87.2764 303.744 769.769 764.13 4.861
2005 11 18 19 26 45 MELI -22.3676 -67.9421 161.7 35.2938 -2.935 0.01 48.1878 84.1286 308.635 742.675 733.70 5.037
2006 04 01 01 16 47 MELI 33.5819 48.7952 15.4 35.2938 -2.935 0.01 287.397 42.3005 306.855 480.426 472.17 8.153
2006 10 21 10 48 51 MELI -13.4967 -76.6679 34.3 35.2938 -2.935 0.01 52.04 84.865 305.474 757.907 751.74 5.021
2006 11 14 01 26 34 MELI -26.1608 -63.2916 581.9 35.2938 -2.935 0.01 45.6772 83.6042 305.235 694.377 688.98 4.923
2007 02 05 20 56 56 MELI 19.4006 -78.4052 10.0 35.2938 -2.935 0.01 59.034 67.4408 303.491 660.347 655.23 6.334
2007 03 19 02 11 00 MELI 4.6445 -78.4592 17.7 35.2938 -2.935 0.01 54.89 75.5175 299.637 704.153 703.24 5.734
2007 04 04 03 35 04 MELI 36.5173 70.6851 213.0 35.2938 -2.935 0.01 292.599 58.2224 299.852 572.514 570.90 6.928
2007 07 04 08 25 59 MELI 0.72 -30.2614 10.0 35.2938 -2.935 0.01 33.5597 42.789 299.912 478.568 478.81 8.106
2007 07 13 05 23 41 MELI -7.9279 -74.3249 152.4 35.2938 -2.935 0.01 52.0075 79.6431 306.99 718.676 710.84 5.389
2007 07 22 13 27 04 MELI -8.0859 -71.2071 633.7 35.2938 -2.935 0.01 51.1599 77.3211 304.418 656.721 651.53 5.377
2007 08 01 22 55 20 MELI -0.1853 -17.7754 17.6 35.2938 -2.935 0.01 19.9339 37.9185 305.858 442.948 437.65 8.430
2007 08 16 23 40 53 MELI -13.3836 -76.5555 41.2 35.2938 -2.935 0.01 52.0159 84.7096 300.917 751.748 750.13 5.032
2007 08 21 22 42 28 MELI 8.1252 -39.2485 0.7 35.2938 -2.935 0.01 45.4471 42.829 299.342 479.734 479.98 8.111
2007 09 11 01 49 07 MELI 3.0005 -77.9001 29.0 35.2938 -2.935 0.01 54.5069 76.0059 304.512 710.152 704.41 5.693
2007 11 16 15 05 48 MELI -22.7389 -70.0773 35.0 35.2938 -2.935 0.01 49.0922 85.8543 307.709 764.969 756.90 4.933
2007 11 17 03 12 56 MELI -2.3388 -77.7937 123.6 35.2938 -2.935 0.01 53.5432 79.0369 301.08 712.707 710.57 5.446
2007 11 19 05 39 55 MELI -22.6479 -66.2655 216.4 35.2938 -2.935 0.01 47.4107 83.1674 307.605 730.655 722.74 5.094
2007 11 21 17 55 39 MELI -22.8806 -70.5143 13.7 35.2938 -2.935 0.01 49.2715 86.2517 309.664 772.138 762.11 4.905
2007 11 30 19 00 16 MELI 14.9946 -61.2236 147.3 35.2938 -2.935 0.01 57.3855 55.7075 302.114 564.108 560.78 7.128
2007 12 17 08 09 08 MELI -22.8877 -70.1289 57.0 35.2938 -2.935 0.01 49.1063 85.9873 307.95 763.309 755.00 4.916
2008 01 10 08 26 44 MELI 32.4042 85.2551 27.7 35.2938 -2.935 0.01 300.038 70.8153 302.113 676.994 672.97 6.092
2008 02 09 09 38 04 MELI 10.7251 -41.902 4.1 35.2938 -2.935 0.01 48.9695 42.9959 306.062 487.261 480.61 8.100
2008 02 22 02 46 06 MELI 77.0612 18.5685 10.5 35.2938 -2.935 0.01 206.107 42.9545 309.451 488.726 478.18 8.111
2008 05 13 06 28 00 MELI 31.0636 103.372 7.6 35.2938 -2.935 0.01 307.914 84.3628 301.806 755.373 751.73 5.091
2008 05 24 19 35 25 MELI 7.3593 -34.891 10.0 35.2938 -2.935 0.01 41.9203 40.3941 308.83 467.788 458.71 8.275
2008 06 23 23 56 17 CEU 67.7013 141.181 22.2 35.8987 -5.3731 0.0 332.206 73.677 311.596 703.835 690.13 5.893
2008 06 28 11 40 12 MELI 10.996 91.841 27.6 35.2938 -2.935 0.01 305.323 87.5855 300.523 767.085 765.15 4.819
2008 06 29 12 54 42 CEU 10.8674 91.7274 27.9 35.8987 -5.3731 0.0 306.318 89.3831 303.876 778.868 773.62 4.678
2008 07 06 02 12 00 CEU 53.9462 152.863 646.1 35.8987 -5.3731 0.0 342.474 88.5608 303.463 709.544 704.20 4.640
2008 07 09 09 13 07 CEU -15.9861 -71.7482 122.6 35.8987 -5.3731 0.0 48.8295 81.1891 299.9 723.228 722.79 5.272
2008 08 12 23 38 39 WIN -0.9785 -21.7975 16.2000009766 -22.5691 17.0915 0.0 122.475 43.4619 299.574 482.792 482.66 8.061
2008 08 23 07 47 36 WIN -17.8435 65.4242 15.8 -22.5691 17.0915 0.0 255.675 45.4506 298.236 497.353 497.91 7.925
2008 09 04 11 25 10 MELI -26.83 -63.1933 570.6 35.2938 -2.935 0.01 45.5751 84.0073 311.459 703.58 691.98 4.896
2008 09 11 11 00 34 MELI 26.7723 55.8332 12.0 35.2938 -2.935 0.01 294.867 50.4391 304.293 542.498 536.75 7.569
2008 09 11 13 07 52 MELI 8.1265 -38.6802 3.1 35.2938 -2.935 0.01 45.0977 42.4283 304.551 481.307 476.36 8.138
2008 10 13 20 55 39 MELI -20.1808 -64.9821 357.8 35.2938 -2.935 0.01 47.0858 80.6228 301.549 696.461 694.56 5.237
2008 11 11 01 21 47 MELI 37.6199 95.8853 0.1 35.2938 -2.935 0.01 303.398 75.5211 311.359 718.331 704.97 5.753
2009 07 13 06 12 37 WIN -15.0411 -70.5354 198.7 -22.5691 17.0915 0.0 111.233 82.2188 304.375 724.432 718.48 5.193
2009 08 11 19 55 28 WIN 14.0522 92.8685 30.7 -22.5691 17.0915 0.0 244.617 82.6273 306.732 748.364 740.65 5.199
2009 09 13 20 06 24 WIN 10.7159 -67.9132 19.6 -22.5691 17.0915 0.0 112.949 89.5071 300.148 777.249 776.08 4.659
2009 09 22 08 52 46 WIN 27.3693 91.4597 16.1 -22.5691 17.0915 0.0 243.015 87.3065 306.111 773.36 766.63 4.825
2009 10 30 17 44 17 WIN 36.3822 70.7684 213.9 -22.5691 17.0915 0.0 229.712 77.4988 313.413 706.613 693.07 5.515
2009 12 20 13 02 02 VOI 23.7932 121.703 50.1 -21.9065 46.7933 0.0 244.028 85.8341 302.427 757.895 754.74 4.936
2009 12 27 08 57 13 SBV -5.4255 131.324 64.9 -13.4584 49.9212 0.0 257.312 80.4145 309.079 734.982 724.41 5.364
2009 12 27 08 57 13 VOI -5.4255 131.324 64.9 -21.9065 46.7933 0.0 248.67 82.9366 307.664 746.754 737.66 5.175
2010 01 06 04 55 33 SBV -58.464 -14.8595 10.0 -13.4584 49.9212 0.0 75.2875 65.5046 308.819 653.076 643.21 6.470
2010 01 06 04 55 33 WIN -58.464 -14.8595 10.0 -22.5691 17.0915 0.0 46.3477 42.5355 299.772 475.999 475.65 8.133
2010 01 18 11 59 45 VOI -57.6927 -66.0377 10.0 -21.9065 46.7933 0.0 120.45 83.1423 301.591 748.349 745.07 5.186
2010 01 18 11 59 45 WIN -57.6927 -66.0377 10.0 -22.5691 17.0915 0.0 96.9368 67.5863 306.834 664.277 655.87 6.327
2010 02 06 06 59 07 VOI -47.9345 99.5103 16.0 -21.9065 46.7933 0.0 282.729 49.2449 312.299 540.693 527.31 7.652
2010 02 06 06 59 07 WIN -47.9345 99.5103 16.0 -22.5691 17.0915 0.0 259.709 68.6267 310.948 674.072 661.46 6.250
2010 02 08 06 09 56 SBV 23.4364 123.691 23.0 -13.4584 49.9212 0.0 251.093 80.8923 308.945 742.574 732.66 5.332
2010 02 16 21 51 41 SBV -7.2679 128.767 134.7 -13.4584 49.9212 0.0 257.834 77.5384 298.225 700.491 700.74 5.556
2010 02 16 21 51 41 VOI -7.2679 128.767 134.7 -21.9065 46.7933 0.0 249.07 79.9061 305.161 720.288 713.64 5.383
2010 02 28 06 33 53 WIN -36.1485 -72.9327 28.1 -22.5691 17.0915 0.0 108.49 77.0678 304.295 715.822 709.75 5.631
2010 02 28 07 37 13 WIN -36.94 -72.8146 39.7 -22.5691 17.0915 0.0 108.252 76.7286 303.171 711.243 706.30 5.653
2010 02 28 08 00 51 WIN -37.84 -75.2105 35.0 -22.5691 17.0915 0.0 109.376 78.2453 310.924 727.98 715.28 5.543
2010 02 28 08 25 21 WIN -34.8047 -72.4495 34.2 -22.5691 17.0915 0.0 108.53 77.1195 307.071 718.022 709.18 5.626
2010 03 04 17 44 02 WIN -36.5647 -73.2926 27.0 -22.5691 17.0915 0.0 108.591 77.2112 310.798 723.282 710.71 5.621
2010 03 05 00 18 37 SBV 22.9301 120.8 27.0 -13.4584 49.9212 0.0 249.885 78.2166 313.843 732.361 717.56 5.529
2010 03 05 00 18 37 VOI 22.9301 120.8 27.0 -21.9065 46.7933 0.0 243.706 84.7104 313.11 765.914 752.06 5.035
2010 03 05 22 39 20 WIN -22.2651 -68.4579 108.4 -22.5691 17.0915 0.0 109.507 77.866 304.061 710.892 705.13 5.545
2010 03 06 16 06 46 SBV -3.8389 100.916 24.2 -13.4584 49.9212 0.0 255.891 51.2181 306.079 548.669 541.46 7.503
2010 03 09 02 32 27 SBV 38.7884 40.044 12.2 -13.4584 49.9212 0.0 167.904 52.7874 310.095 566.115 556.93 7.372
2010 03 12 14 55 25 WIN -34.2937 -71.802 24.4 -22.5691 17.0915 0.0 108.316 76.7735 313.189 723.625 708.66 5.653
2010 03 15 00 57 35 SBV -1.6485 128.082 63.6 -13.4584 49.9212 0.0 256.678 78.1041 307.52 721.017 712.03 5.534
2010 03 26 05 29 24 SBV 13.8293 120.014 24.6 -13.4584 49.9212 0.0 251.655 74.5224 302.472 700.418 696.80 5.803
2010 03 26 05 29 24 VOI 13.8293 120.014 24.6 -21.9065 46.7933 0.0 244.504 80.0775 299.977 729.013 728.05 5.394
2010 03 27 14 52 02 WIN -28.0601 -70.9122 41.4 -22.5691 17.0915 0.0 109.227 78.052 304.253 719.653 713.65 5.553
2010 03 31 16 54 45 SBV 13.6128 92.8746 38.5 -13.4584 49.9212 0.0 239.443 50.3398 299.905 534.022 533.64 7.554
2010 03 31 16 54 45 VOI 13.6128 92.8746 38.5 -21.9065 46.7933 0.0 232.608 57.348 312.583 597.999 585.07 7.040
2010 03 31 16 54 45 WIN 13.6128 92.8746 38.5 -22.5691 17.0915 0.0 244.67 82.4456 313.169 752.823 738.66 5.210
2010 04 06 10 05 35 SBV -0.0893 125.105 28.1 -13.4584 49.9212 0.0 256.208 75.5727 308.073 711.568 702.05 5.727
2010 04 06 10 05 35 VOI -0.0893 125.105 28.1 -21.9065 46.7933 0.0 247.825 79.1223 308.055 731.364 721.95 5.470
2010 04 12 22 07 53 SBV 37.0075 -3.4764 619.6 -13.4584 49.9212 0.0 124.301 70.9886 313.034 630.993 617.65 5.821
2010 04 12 22 07 53 VOI 37.0075 -3.4764 619.6 -21.9065 46.7933 0.0 132.424 75.3547 302.742 645.514 642.72 5.510
2010 04 14 23 49 33 SBV 33.1928 96.7466 13.8 -13.4584 49.9212 0.0 231.884 64.395 303.903 640.768 636.70 6.536
2010 04 14 23 49 33 VOI 33.1928 96.7466 13.8 -21.9065 46.7933 0.0 228.156 72.6085 301.497 689.769 688.18 5.936
2010 04 25 07 41 00 VOI -1.8988 128.112 38.7 -21.9065 46.7933 0.0 248.257 81.2395 300.217 733.475 731.87 5.306
2010 05 06 16 28 49 VOI -4.1395 101.105 26.3 -21.9065 46.7933 0.0 246.297 55.4617 304.717 578.218 572.42 7.190
2010 05 10 05 59 29 SBV 3.7328 96.0278 42.3 -13.4584 49.9212 0.0 248.625 48.8406 306.024 528.309 521.43 7.665
2010 05 10 05 59 29 VOI 3.7328 96.0278 42.3 -21.9065 46.7933 0.0 239.799 54.4705 305.862 570.23 563.63 7.255
2010 05 27 08 53 04 SBV 25.7386 129.955 12.0 -13.4584 49.9212 0.0 253.639 87.0207 303.488 770.053 765.65 4.854
2010 06 01 10 16 02 SBV 6.9374 123.962 34.3 -13.4584 49.9212 0.0 254.37 76.2424 298.299 704.729 705.10 5.676
2010 06 01 10 16 02 VOI 6.9374 123.962 34.3 -21.9065 46.7933 0.0 246.537 80.7794 298.431 729.807 730.19 5.341
2010 06 01 19 51 34 VOI 11.2109 93.6519 131.6 -21.9065 46.7933 0.0 234.316 56.5367 312.759 582.535 569.33 7.063
2010 06 13 19 26 44 SBV 7.8506 91.9546 31.4 -13.4584 49.9212 0.0 243.331 46.7994 305.062 512.747 507.06 7.817
2010 06 13 19 26 44 VOI 7.8506 91.9546 31.4 -21.9065 46.7933 0.0 235.277 53.2433 313.04 569.699 556.17 7.346
2010 06 13 19 26 44 WIN 7.8506 91.9546 31.4 -22.5691 17.0915 0.0 245.277 79.2017 301.067 724.352 722.14 5.460
2010 06 17 03 16 14 SBV -2.2032 136.587 22.1 -13.4584 49.9212 0.0 256.737 86.252 306.824 768.033 759.82 4.919
2010 06 17 03 16 14 VOI -2.2032 136.587 22.1 -21.9065 46.7933 0.0 248.247 88.9972 311.095 785.395 773.00 4.704
2010 07 24 22 08 07 SBV 6.7113 123.488 610.2 -13.4584 49.9212 0.0 254.337 75.728 313.249 658.981 644.46 5.503
2010 07 24 22 08 07 VOI 6.7113 123.488 610.2 -21.9065 46.7933 0.0 246.484 80.2577 308.945 678.81 668.74 5.180
2010 07 24 22 51 09 SBV 6.4232 123.58 584.7 -13.4584 49.9212 0.0 254.423 75.739 306.223 654.157 646.65 5.513
2010 07 24 22 51 09 VOI 6.4232 123.58 584.7 -21.9065 46.7933 0.0 246.546 80.2275 311.637 683.538 670.76 5.192
2010 07 24 23 15 01 SBV 6.7403 123.327 633.7 -13.4584 49.9212 0.0 254.3 75.5822 306.702 649.684 641.71 5.503
2010 07 24 23 15 01 VOI 6.7403 123.327 633.7 -21.9065 46.7933 0.0 246.45 80.1229 309.615 676.786 666.05 5.179
2010 07 30 07 31 56 SBV 6.5583 123.36 615.8 -13.4584 49.9212 0.0 254.351 75.5651 298.667 643.036 643.09 5.511
2010 07 30 07 31 56 VOI 6.5583 123.36 615.8 -21.9065 46.7933 0.0 246.485 80.081 312.939 681.411 667.34 5.190
2010 08 04 12 08 21 SBV 1.2978 126.279 50.6 -13.4584 49.9212 0.0 255.963 77.0444 303.603 712.681 707.65 5.616
2010 09 18 19 21 08 SBV 36.5352 70.9695 215.4 -13.4584 49.9212 0.0 205.749 53.544 307.339 546.965 540.32 7.234
2010 09 18 19 21 08 VOI 36.5352 70.9695 215.4 -21.9065 46.7933 0.0 205.401 62.4535 309.499 611.031 602.20 6.594
2010 09 27 12 12 33 VOI -5.2995 133.898 20.4 -21.9065 46.7933 0.0 248.514 85.3683 307.078 764.089 755.61 4.995
2010 09 30 17 10 51 VOI -4.9188 133.807 18.3 -21.9065 46.7933 0.0 248.491 85.4233 303.261 760.89 756.23 4.991
2010 10 05 13 28 32 VOI 24.2175 125.249 32.8 -21.9065 46.7933 0.0 245.509 88.9478 304.728 777.244 771.80 4.696
2010 10 09 05 42 57 SBV 2.7637 128.221 140.8 -13.4584 49.9212 0.0 255.835 79.2815 302.705 713.882 709.78 5.425
2010 10 26 14 42 20 SBV -3.5248 100.104 20.0 -13.4584 49.9212 0.0 255.534 50.5103 300.948 538.778 536.72 7.554
2010 10 26 14 42 20 VOI -3.5248 100.104 20.0 -21.9065 46.7933 0.0 245.692 54.7977 311.589 581.169 568.54 7.242
2010 10 26 19 37 22 VOI -3.0065 100.37 22.6 -21.9065 46.7933 0.0 245.426 55.2524 296.676 569.188 571.48 7.206
2010 11 11 04 05 09 VOI -45.5992 96.3646 15.3 -21.9065 46.7933 0.0 283.402 46.6101 299.34 507.437 507.05 7.843
2010 12 16 11 29 30 SBV -7.2664 128.794 140.4 -13.4584 49.9212 0.0 257.832 77.5652 297.798 699.572 700.25 5.552
2010 12 16 11 29 30 VOI -7.2664 128.794 140.4 -21.9065 46.7933 0.0 249.068 79.9319 301.047 715.667 713.14 5.380
2010 12 21 18 41 42 SBV 28.3681 59.15 14.5 -13.4584 49.9212 0.0 193.346 42.5283 313.407 489.313 476.90 8.115
2010 12 21 18 41 42 VOI 28.3681 59.15 14.5 -21.9065 46.7933 0.0 194.734 51.3851 314.487 559.739 546.27 7.472
2011 01 19 20 23 13 SBV 28.6831 63.9948 79.9 -13.4584 49.9212 0.0 199.893 44.0498 311.759 492.546 481.68 7.980
2011 01 19 20 23 13 VOI 28.6831 63.9948 79.9 -21.9065 46.7933 0.0 200.124 52.9624 299.357 548.698 550.25 7.332
2011 02 05 13 53 29 SBV 24.6094 94.7347 86.5 -13.4584 49.9212 0.0 234.102 57.8296 304.084 587.756 583.42 6.980
2011 02 05 13 53 29 VOI 24.6094 94.7347 86.5 -21.9065 46.7933 0.0 229.195 65.6297 301.962 638.117 635.99 6.421
2011 02 11 14 39 16 SBV 4.1297 123.062 532.8 -13.4584 49.9212 0.0 254.921 74.6398 308.333 654.58 644.92 5.617
2011 02 11 14 39 16 VOI 4.1297 123.062 532.8 -21.9065 46.7933 0.0 246.848 78.853 312.455 681.674 668.02 5.313
2011 02 11 14 41 38 VOI 4.0464 123.034 531.2 -21.9065 46.7933 0.0 246.859 78.7943 298.352 667.4 667.84 5.318
2011 03 07 14 32 22 VOI -56.3864 -27.0253 92.0 -21.9065 46.7933 0.0 89.4364 63.1143 310.697 629.227 617.10 6.621
2011 03 07 14 32 27 VOI -56.41 -26.68 101.2 -21.9065 46.7933 0.0 89.1361 62.9226 310.69 626.951 614.84 6.630
2011 03 11 17 08 37 SBV -6.8567 116.73 518.59996875 -13.4584 49.9212 0.0 258.362 65.9302 306.651 602.394 594.32 6.236
2011 03 11 17 08 37 VOI -6.8567 116.73 518.59996875 -21.9065 46.7933 0.0 249.247 68.8797 302.676 616.472 612.39 6.032
2011 03 21 08 26 10 VOI 19.0747 121.307 39.9 -21.9065 46.7933 0.0 244.265 83.4529 299.839 744.53 743.84 5.132
2011 03 25 13 55 06 SBV 20.6298 99.9178 12.8 -13.4584 49.9212 0.0 239.689 59.6829 313.289 618.66 604.85 6.881
2011 03 25 13 55 06 VOI 20.6298 99.9178 12.8 -21.9065 46.7933 0.0 233.854 66.9185 302.753 656.156 652.99 6.352
2011 04 02 13 28 59 VOI 35.7317 26.5466 75.5 -21.9065 46.7933 0.0 158.319 60.4478 302.379 605.287 603.69 6.790
2011 04 04 20 06 27 SBV -9.7342 107.769 31.9 -13.4584 49.9212 0.0 260.286 56.6858 309.483 590.995 580.18 7.102
2011 04 04 20 06 27 VOI -9.7342 107.769 31.9 -21.9065 46.7933 0.0 250.348 59.5711 300.578 602.264 600.35 6.893
2011 05 15 21 07 03 VOI 36.4257 70.7231 207.6 -21.9065 46.7933 0.0 205.186 62.2699 308.858 609.98 601.79 6.610
2011 06 14 14 31 10 SBV 2.5446 126.455 66.0 -13.4584 49.9212 0.0 255.708 77.5181 305.771 715.754 708.58 5.577
2011 07 20 19 35 37 SBV 40.1562 71.5011 19.5 -13.4584 49.9212 0.0 205.26 56.9873 299.757 585.064 585.97 7.064
2011 07 20 19 35 37 VOI 40.1562 71.5011 19.5 -21.9065 46.7933 0.0 205.165 65.9012 302.321 648.016 646.32 6.415
2011 08 17 11 03 54 SBV -2.3027 128.036 38.7 -13.4584 49.9212 0.0 256.812 77.9107 305.777 721.034 713.78 5.556
2011 08 31 06 57 37 SBV -6.3592 126.75 467.2 -13.4584 49.9212 0.0 257.762 75.772 299.285 657.603 656.83 5.567
2011 08 31 06 57 37 VOI -6.3592 126.75 467.2 -21.9065 46.7933 0.0 249.008 78.3591 302.401 674.799 670.96 5.383
2011 09 04 04 48 57 SBV -56.5611 -26.9231 96.3 -13.4584 49.9212 0.0 86.5952 71.6285 308.535 680.438 670.65 6.003
2011 09 04 04 48 57 VOI -56.5611 -26.9231 96.3 -21.9065 46.7933 0.0 89.2621 63.0596 303.456 621.154 616.27 6.623
2011 09 06 17 55 11 VOI 3.0253 97.9991 106.6 -21.9065 46.7933 0.0 241.017 55.8349 300.668 568.078 566.60 7.130
2011 09 19 12 40 40 SBV 27.8039 88.1536 29.6 -13.4584 49.9212 0.0 227.101 55.2734 301.519 573.213 571.76 7.190
2011 09 19 12 40 40 VOI 27.8039 88.1536 29.6 -21.9065 46.7933 0.0 223.264 63.5555 309.815 638.81 629.10 6.588
2011 10 14 03 16 17 KIBK -9.3634 114.555 63.2 -2.35907 38.0433 0.0 269.842 76.3148 311.142 714.684 702.04 5.666
2011 10 14 03 16 17 LODK -9.3634 114.555 63.2 3.42195 35.3616 0.0 275.173 79.9148 309.069 732.529 722.03 5.401
2011 10 14 03 16 17 SBV -9.3634 114.555 63.2 -13.4584 49.9212 0.0 259.631 63.3409 313.034 636.788 622.31 6.609
2011 10 14 03 16 17 VOI -9.3634 114.555 63.2 -21.9065 46.7933 0.0 250.213 65.9969 307.698 648.716 639.57 6.417
2011 10 24 10 40 59 LODK 38.7294 43.4465 7.6 3.42195 35.3616 0.0 193.85 35.9078 310.442 431.915 422.06 8.562
2011 10 24 10 40 59 SBV 38.7294 43.4465 7.6 -13.4584 49.9212 0.0 172.026 52.2657 303.585 556.462 553.83 7.411
2011 10 24 10 40 59 VOI 38.7294 43.4465 7.6 -21.9065 46.7933 0.0 176.425 60.3969 302.194 613.216 612.00 6.815
2011 10 24 10 40 59 WIN 38.7294 43.4465 7.6 -22.5691 17.0915 0.0 206.737 65.792 299.667 646.598 647.54 6.426
2011 10 24 20 45 36 KIBK 38.5893 43.1165 10.1 -2.35907 38.0433 0.0 187.738 41.0136 315.182 479.275 464.89 8.224
2011 10 24 20 45 36 SBV 38.5893 43.1165 10.1 -13.4584 49.9212 0.0 171.607 52.164 302.436 554.159 552.68 7.417
2011 10 29 18 54 22 WIN -14.5572 -76.1207 29.0 -22.5691 17.0915 0.0 112.509 87.4116 311.035 776.677 764.14 4.831
2011 11 09 02 58 34 KIBK 27.2502 125.723 228.2 -2.35907 38.0433 0.0 266.857 89.0039 298.344 748.462 748.98 4.647
2011 11 09 02 58 34 SBV 27.2502 125.723 228.2 -13.4584 49.9212 0.0 251.555 83.8515 299.414 724.677 724.39 5.046
2011 11 15 04 04 44 SBV -0.953 126.88 24.4 -13.4584 49.9212 0.0 256.497 77.0955 308.623 721.294 711.21 5.620
2011 11 15 04 04 44 VOI -0.953 126.88 24.4 -21.9065 46.7933 0.0 248.073 80.4456 305.157 736.163 729.64 5.372
2011 11 23 18 48 15 WIN -15.3083 -65.1634 560.3 -22.5691 17.0915 0.0 110.121 77.2719 298.814 657.02 656.64 5.425
2011 12 01 00 26 55 SBV 15.4295 119.098 21.1 -13.4584 49.9212 0.0 250.923 74.1933 305.589 702.12 695.43 5.829
2011 12 01 00 26 55 VOI 15.4295 119.098 21.1 -21.9065 46.7933 0.0 243.955 79.971 312.797 741.769 728.03 5.402
2011 12 12 09 54 51 KIBK -56.049 -28.2135 130.600007812 -2.35907 38.0433 0.0 71.2719 74.9559 300.309 688.058 686.96 5.739
2011 12 12 09 54 51 LODK -56.049 -28.2135 130.600007812 3.42195 35.3616 0.0 65.8405 78.4531 300.661 708.098 706.86 5.482
2011 12 12 09 54 51 VOI -56.049 -28.2135 130.600007812 -21.9065 46.7933 0.0 90.5909 63.7781 309.35 628.066 617.26 6.560
2011 12 14 07 52 08 KIBK 0.0473 123.063 167.4 -2.35907 38.0433 0.0 267.644 85.0259 307.749 745.764 736.60 4.978
2011 12 14 07 52 08 SBV 0.0473 123.063 167.4 -13.4584 49.9212 0.0 256.038 73.6233 313.396 689.77 674.95 5.829
2011 12 14 07 52 08 VOI 0.0473 123.063 167.4 -21.9065 46.7933 0.0 247.638 77.2844 310.836 708.014 695.84 5.563
2011 12 28 15 21 44 KIBK 51.8349 95.9643 12.8 -2.35907 38.0433 0.0 242.458 72.7106 301.369 690.177 688.26 5.938
2011 12 28 15 21 44 SBV 51.8349 95.9643 12.8 -13.4584 49.9212 0.0 226.138 76.2516 311.357 720.833 709.43 5.668
2012 01 11 18 37 00 KIBK 2.4307 93.2081 20.9 -2.35907 38.0433 0.0 265.476 55.3535 312.163 585.724 572.32 7.200
2012 01 11 18 37 00 LODK 2.4307 93.2081 20.9 3.42195 35.3616 0.0 272.497 57.7727 303.251 594.06 589.50 7.023
2012 01 11 18 37 00 SBV 2.4307 93.2081 20.9 -13.4584 49.9212 0.0 248.639 45.7473 303.732 504.56 500.01 7.898
2012 01 11 18 37 00 VOI 2.4307 93.2081 20.9 -21.9065 46.7933 0.0 239.415 51.3875 305.071 549.367 543.60 7.487
2012 01 11 18 37 00 WIN 2.4307 93.2081 20.9 -22.5691 17.0915 0.0 246.476 78.1403 303.677 722.64 717.68 5.541
2012 01 16 13 40 01 KIBK -60.701 -55.8579 17.3 -2.35907 38.0433 0.0 94.5482 89.8761 302.275 780.976 777.79 4.643
2012 01 16 13 40 01 SBV -60.701 -55.8579 17.3 -13.4584 49.9212 0.0 110.18 85.9155 304.246 763.88 758.28 4.958
2012 01 16 13 40 01 VOI -60.701 -55.8579 17.3 -21.9065 46.7933 0.0 111.643 77.1191 304.764 717.866 711.42 5.633
2012 01 16 14 21 18 KIBK -60.8685 -56.0334 23.0 -2.35907 38.0433 0.0 94.7009 89.9484 303.677 781.816 777.23 4.643
2012 01 16 14 21 18 SBV -60.8685 -56.0334 23.0 -13.4584 49.9212 0.0 110.32 85.9381 300.222 759.074 757.50 4.955
2012 01 16 14 21 18 WIN -60.8685 -56.0334 23.0 -22.5691 17.0915 0.0 86.9403 62.3486 300.909 622.174 619.88 6.697
2012 01 23 05 53 41 KIBK -56.9317 -25.2293 18.7 -2.35907 38.0433 0.0 68.3955 73.7072 301.463 695.09 692.89 5.866
2012 02 07 03 48 45 KIBK 9.9194 123.217 17.5 -2.35907 38.0433 0.0 266.857 85.651 308.168 767.17 757.63 4.969
2012 02 07 03 48 45 LODK 9.9194 123.217 17.5 3.42195 35.3616 0.0 272.985 87.3085 305.189 772.275 765.69 4.837
2012 02 07 03 48 45 VOI 9.9194 123.217 17.5 -21.9065 46.7933 0.0 245.954 81.2979 301.128 737.771 735.54 5.302
2012 02 07 10 10 12 LODK 9.8996 123.175 12.6 3.42195 35.3616 0.0 272.979 87.2683 303.438 771.148 766.31 4.841
2012 02 07 10 10 12 SBV 9.8996 123.175 12.6 -13.4584 49.9212 0.0 253.512 76.3079 303.163 713.257 708.83 5.676
2012 02 07 10 10 12 VOI 9.8996 123.175 12.6 -21.9065 46.7933 0.0 245.947 81.2522 300.128 737.34 736.11 5.307
2012 02 27 06 17 07 KIBK 51.8008 95.9804 13.0 -2.35907 38.0433 0.0 242.481 72.7037 308.012 696.747 688.19 5.938
2012 02 27 06 17 07 LODK 51.8008 95.9804 13.0 3.42195 35.3616 0.0 248.248 69.4764 311.816 680.917 668.34 6.176
2012 04 12 08 38 17 KIBK 2.2376 93.0144 26.3 -2.35907 38.0433 0.0 265.59 55.1456 309.237 580.543 570.07 7.214
2012 04 12 08 38 17 VOI 2.2376 93.0144 26.3 -21.9065 46.7933 0.0 239.461 51.1233 307.326 548.889 540.87 7.505
2012 04 12 08 38 17 WIN 2.2376 93.0144 26.3 -22.5691 17.0915 0.0 246.489 77.8863 308.292 725.059 715.48 5.559
2012 04 12 09 27 51 LODK 1.2181 91.7146 10.0 3.42195 35.3616 0.0 273.278 56.3424 301.505 583.894 581.11 7.133
2012 04 12 10 43 05 KIBK 0.7675 92.4284 21.6 -2.35907 38.0433 0.0 266.574 54.4614 302.556 569.551 565.76 7.267
2012 04 12 10 43 05 LODK 0.7675 92.4284 21.6 3.42195 35.3616 0.0 273.556 57.0815 302.162 587.99 584.54 7.074
2012 04 12 10 43 05 SBV 0.7675 92.4284 21.6 -13.4584 49.9212 0.0 249.883 44.4332 309.859 500.123 489.42 7.993
2012 04 12 10 43 05 VOI 0.7675 92.4284 21.6 -21.9065 46.7933 0.0 240.244 49.8832 307.026 539.844 532.10 7.597
2012 04 12 10 43 05 WIN 0.7675 92.4284 21.6 -22.5691 17.0915 0.0 246.723 76.7688 302.33 713.515 709.86 5.643
2012 04 15 10 56 06 VOI -57.5759 -65.3721 8.4 -21.9065 46.7933 0.0 119.924 82.8917 300.256 745.988 744.04 5.204
2012 04 15 10 56 06 WIN -57.5759 -65.3721 8.4 -22.5691 17.0915 0.0 96.4414 67.2444 297.869 653.407 653.98 6.350
2012 04 16 05 57 25 KIBK 2.581 90.3359 25.0 -2.35907 38.0433 0.0 265.07 52.5061 310.231 562.371 550.95 7.408
2012 04 16 05 57 25 SBV 2.581 90.3359 25.0 -13.4584 49.9212 0.0 247.275 43.1433 300.396 479.811 478.67 8.083
2012 04 16 05 57 25 VOI 2.581 90.3359 25.0 -21.9065 46.7933 0.0 237.941 49.0134 306.628 532.331 525.10 7.656
2012 04 18 03 49 55 WIN -32.6374 -71.5641 29.7 -22.5691 17.0915 0.0 108.564 77.1074 313.178 724.746 709.80 5.627
2012 04 18 19 03 40 VOI -59.1876 -16.8077 13.6 -21.9065 46.7933 0.0 78.9102 57.9564 311.013 603.624 591.40 7.016
2012 05 21 02 03 45 KIBK 44.873 11.2227 17.7 -2.35907 38.0433 0.0 145.504 52.752 301.266 556.061 555.09 7.380
2012 05 21 02 03 45 LODK 44.873 11.2227 17.7 3.42195 35.3616 0.0 145.697 46.4165 305.207 511.579 506.60 7.843
2012 05 21 02 03 45 SBV 44.873 11.2227 17.7 -13.4584 49.9212 0.0 138.943 67.8354 298.204 656.477 658.42 6.281
2012 05 21 02 03 45 VOI 44.873 11.2227 17.7 -21.9065 46.7933 0.0 145.8 73.9624 299.002 694.55 695.88 5.831
2012 06 03 07 52 43 WIN -22.1017 -63.6574 539.4 -22.5691 17.0915 0.0 108.107 73.7064 308.809 648.964 638.50 5.683
2012 06 08 04 04 48 WIN -36.0516 -70.8547 5.8 -22.5691 17.0915 0.0 107.42 75.4967 308.414 714.538 704.35 5.748
2012 06 11 12 43 57 KIBK 36.3847 28.9676 32.0 -2.35907 38.0433 0.0 165.642 39.4633 305.29 453.379 448.84 8.322
2012 06 11 12 43 57 LODK 36.3847 28.9676 32.0 3.42195 35.3616 0.0 168.326 33.3282 301.262 396.936 396.26 8.712
2012 06 11 12 43 57 SBV 36.3847 28.9676 32.0 -13.4584 49.9212 0.0 154.31 53.3756 301.101 558.575 558.18 7.324
2012 06 11 12 43 57 WIN 36.3847 28.9676 32.0 -22.5691 17.0915 0.0 192.728 59.6995 301.941 604.495 603.49 6.860
2012 06 17 22 18 32 KIBK 15.5423 119.604 44.9 -2.35907 38.0433 0.0 265.461 82.5038 303.952 743.193 737.88 5.209
2012 06 17 22 18 32 LODK 15.5423 119.604 44.9 3.42195 35.3616 0.0 271.758 83.5509 313.562 758.177 743.18 5.131
2012 06 17 22 18 32 VOI 15.5423 119.604 44.9 -21.9065 46.7933 0.0 244.108 80.4584 305.643 734.072 727.49 5.359
2012 06 24 04 34 51 KIBK 3.0022 97.9116 101.9 -2.35907 38.0433 0.0 265.571 60.0818 308.429 606.119 596.37 6.829
2012 06 24 04 34 51 VOI 3.0022 97.9116 101.9 -21.9065 46.7933 0.0 240.997 55.7473 311.062 578.343 566.47 7.138
2012 06 30 21 07 22 KIBK 43.4335 84.6125 17.1 -2.35907 38.0433 0.0 235.41 61.8111 311.402 630.413 618.70 6.722
2012 06 30 21 07 22 LODK 43.4335 84.6125 17.1 3.42195 35.3616 0.0 241.935 58.983 309.671 609.27 599.05 6.933
2012 06 30 21 07 22 SBV 43.4335 84.6125 17.1 -13.4584 49.9212 0.0 217.698 64.8935 310.131 649.644 639.78 6.495
2012 06 30 21 07 22 VOI 43.4335 84.6125 17.1 -21.9065 46.7933 0.0 216.385 73.723 304.142 698.395 694.54 5.849
2012 07 27 05 33 16 KIBK -17.5507 66.2905 16.2000009766 -2.35907 38.0433 0.0 295.425 31.5735 299.218 381.775 382.02 8.799
2012 07 27 05 33 16 LODK -17.5507 66.2905 16.2000009766 3.42195 35.3616 0.0 301.402 36.9498 302.373 431.556 428.86 8.500
2012 08 12 12 23 04 KIBK 38.4023 46.838 8.7 -2.35907 38.0433 0.0 193.366 41.3651 311.971 479.179 467.96 8.200
2012 08 12 12 23 04 WIN 38.4023 46.838 8.7 -22.5691 17.0915 0.0 209.94 66.7668 296.722 649.738 653.54 6.354
2012 08 12 12 34 21 LODK 38.3798 46.7958 18.9 3.42195 35.3616 0.0 199.515 36.3276 300.508 423.836 423.85 8.534
2012 08 12 12 34 21 SBV 38.3798 46.7958 18.9 -13.4584 49.9212 0.0 176.122 51.6473 298.443 544.91 547.45 7.452
2012 08 12 12 34 21 VOI 38.3798 46.7958 18.9 -21.9065 46.7933 0.0 180.003 59.9662 304.148 610.395 607.24 6.844
2012 08 12 12 34 21 WIN 38.3798 46.7958 18.9 -22.5691 17.0915 0.0 209.906 66.7308 298.054 649.182 651.65 6.354
2012 08 13 10 46 49 KIBK 35.6526 82.5417 14.0 -2.35907 38.0433 0.0 237.459 56.1731 311.248 591.627 580.05 7.136
2012 08 13 10 46 49 VOI 35.6526 82.5417 14.0 -21.9065 46.7933 0.0 216.268 66.5115 303.668 654.208 650.89 6.374
2012 08 19 09 41 48 LODK -1.3518 120.128 27.9 3.42195 35.3616 0.0 273.535 84.8565 310.769 764.246 752.06 5.032
2012 08 27 15 05 35 KIBK 2.1983 126.87 90.9 -2.35907 38.0433 0.0 267.613 88.9174 308.593 774.184 764.25 4.692
2012 09 01 12 47 20 VOI 10.8107 126.826 44.4 -21.9065 46.7933 0.0 246.674 84.9058 300.513 752.048 750.46 5.020
2012 09 04 18 23 02 KIBK -10.677 113.965 34.8 -2.35907 38.0433 0.0 270.269 75.734 298.472 701.925 701.96 5.714
2012 09 04 18 23 02 SBV -10.677 113.965 34.8 -13.4584 49.9212 0.0 260.338 62.5407 303.488 625.007 620.08 6.672
2012 09 04 18 23 02 VOI -10.677 113.965 34.8 -21.9065 46.7933 0.0 250.787 65.0125 301.069 638.835 636.31 6.500
2012 09 15 04 51 33 KIBK -3.3008 100.67 23.3 -2.35907 38.0433 0.0 269.061 62.5494 308.084 631.36 621.88 6.673
2012 09 15 04 51 33 VOI -3.3008 100.67 23.3 -21.9065 46.7933 0.0 245.679 55.4043 312.6 586.11 572.46 7.194
2012 10 09 11 43 26 VOI -4.5414 129.235 29.6 -21.9065 46.7933 0.0 248.632 81.3179 299.136 734.006 733.43 5.303
2012 10 18 04 42 20 KIBK 4.1791 124.561 338.4 -2.35907 38.0433 0.0 267.407 86.7 301.988 729.489 726.15 4.794
2012 10 18 04 42 20 LODK 4.1791 124.561 338.4 3.42195 35.3616 0.0 273.333 88.9573 305.678 743.767 736.75 4.643
2012 10 18 04 42 20 SBV 4.1791 124.561 338.4 -13.4584 49.9212 0.0 255.118 76.0968 303.292 675.759 671.11 5.592
2012 10 18 04 42 20 VOI 4.1791 124.561 338.4 -21.9065 46.7933 0.0 247.055 80.2479 301.898 696.882 693.76 5.284
2012 11 03 18 17 25 SBV 9.235 126.281 55.5 -13.4584 49.9212 0.0 254.349 79.0693 307.108 726.849 718.46 5.464
2012 11 15 19 01 59 WIN -29.1789 -71.3863 61.5 -22.5691 17.0915 0.0 109.202 78.0788 304.827 718.073 711.49 5.545
2012 12 11 16 52 53 VOI -6.4969 129.868 161.5 -21.9065 46.7933 0.0 248.885 81.202 306.685 725.681 717.53 5.273
2012 12 12 06 18 25 KIBK 0.5606 126.224 43.8 -2.35907 38.0433 0.0 267.638 88.2046 304.478 772.217 766.37 4.761
2012 12 12 06 18 25 SBV 0.5606 126.224 43.8 -13.4584 49.9212 0.0 256.124 76.8135 313.232 721.782 707.11 5.635
2012 12 12 06 18 25 VOI 0.5606 126.224 43.8 -21.9065 46.7933 0.0 247.798 80.4021 304.712 732.935 726.89 5.370
2012 12 18 09 16 18 VOI -0.6936 123.884 46.4 -21.9065 46.7933 0.0 247.853 77.7651 310.14 723.662 712.16 5.564
2013 01 29 16 38 38 LODK 42.5824 79.7217 14.3 3.42195 35.3616 0.0 237.926 55.4526 309.395 584.451 574.66 7.189
2013 01 29 16 38 38 SBV 42.5824 79.7217 14.3 -13.4584 49.9212 0.0 213.161 62.1208 313.62 635.228 622.02 6.690
2013 01 29 16 38 38 VOI 42.5824 79.7217 14.3 -21.9065 46.7933 0.0 212.27 70.9977 313.579 692.017 678.85 6.049
2013 03 20 03 29 00 KIBK -58.9815 -24.5697 52.0 -2.35907 38.0433 0.0 67.2508 74.1576 309.763 701.709 691.23 5.824
2013 03 20 03 29 00 LODK -58.9815 -24.5697 52.0 3.42195 35.3616 0.0 62.0401 77.9779 310.295 724.019 713.21 5.539
2013 03 28 02 03 08 KIBK 23.8815 121.135 18.6 -2.35907 38.0433 0.0 265.056 84.6321 299.111 752.76 752.40 5.051
2013 03 28 02 03 08 VOI 23.8815 121.135 18.6 -21.9065 46.7933 0.0 243.776 85.4054 295.155 752.693 756.82 4.980
2013 04 07 04 42 32 SBV -3.4714 138.474 69.4 -13.4584 49.9212 0.0 256.73 87.7975 304.7 767.467 761.39 4.787
2013 04 10 11 52 34 KIBK 28.4463 51.629 12.8 -2.35907 38.0433 0.0 205.313 33.2937 302.247 400.375 398.67 8.722
2013 04 10 11 52 34 SBV 28.4463 51.629 12.8 -13.4584 49.9212 0.0 182.499 41.6897 304.444 473.76 470.39 8.172
2013 04 10 11 52 34 VOI 28.4463 51.629 12.8 -21.9065 46.7933 0.0 185.842 50.2762 307.209 544.357 538.27 7.552
2013 04 17 10 44 10 KIBK 27.9704 62.136 63.1 -2.35907 38.0433 0.0 221.456 38.0302 306.131 439.075 433.17 8.409
2013 04 17 10 44 10 LODK 27.9704 62.136 63.1 3.42195 35.3616 0.0 231.06 35.3201 309.867 419.721 409.73 8.580
2013 04 17 10 44 10 VOI 27.9704 62.136 63.1 -21.9065 46.7933 0.0 198.232 51.7534 305.728 547.86 543.09 7.426
2013 04 21 00 02 26 VOI 30.2688 103.02 18.0 -21.9065 46.7933 0.0 233.089 74.8953 301.248 702.272 700.72 5.767
2013 05 12 02 07 46 KIBK 26.6583 57.8438 15.1 -2.35907 38.0433 0.0 216.577 34.6095 311.926 421.145 409.54 8.639
2013 05 12 02 07 46 LODK 26.6583 57.8438 15.1 3.42195 35.3616 0.0 226.792 31.582 305.984 388.743 382.69 8.797
2013 05 12 02 07 46 VOI 26.6583 57.8438 15.1 -21.9065 46.7933 0.0 193.548 49.4501 305.921 536.416 531.55 7.614
2013 06 03 05 42 59 KIBK 23.8318 121.059 17.0 -2.35907 38.0433 0.0 265.029 84.5585 311.938 765.483 752.30 5.057
2013 06 03 05 42 59 LODK 23.8318 121.059 17.0 3.42195 35.3616 0.0 271.393 84.6981 304.663 758.876 752.85 5.048
2013 06 03 05 42 59 VOI 23.8318 121.059 17.0 -21.9065 46.7933 0.0 243.747 85.3212 303.003 760.389 756.66 4.987
2013 06 14 16 47 20 VOI -9.9513 107.302 20.6 -21.9065 46.7933 0.0 250.456 59.0652 310.059 609.828 598.44 6.933
2013 06 16 16 10 47 VOI 34.4507 25.044 21.5 -21.9065 46.7933 0.0 156.523 59.7408 315.165 619.494 605.09 6.862
2013 06 25 22 03 56 WIN 10.6905 -42.6687 17.5 -22.5691 17.0915 0.0 119.99 67.2194 313.559 668.119 653.73 6.336
2013 07 03 07 36 54 VOI 4.6907 96.5824 25.4 -21.9065 46.7933 0.0 239.46 55.4288 304.646 578.067 572.70 7.189
2013 07 03 07 36 54 WIN 4.6907 96.5824 25.4 -22.5691 17.0915 0.0 246.56 82.1238 311.428 751.196 738.54 5.238
2013 07 16 14 03 37 SBV -61.0527 -25.2274 19.9 -13.4584 49.9212 0.0 83.6076 71.1333 307.205 685.092 676.70 6.061
2013 07 16 14 03 37 VOI -61.0527 -25.2274 19.9 -21.9065 46.7933 0.0 85.4701 62.3843 307.77 629.723 620.60 6.695
2013 07 22 23 45 52 VOI 34.5047 104.261 5.1 -21.9065 46.7933 0.0 233.095 78.2718 300.628 722.86 721.97 5.521
2013 07 23 07 01 23 SBV -46.0946 34.8615 3.2 -13.4584 49.9212 0.0 26.1984 34.9301 308.151 421.776 413.73 8.626
2013 07 27 21 32 51 VOI -58.0352 -24.28 17.0 -21.9065 46.7933 0.0 86.2395 61.6839 307.053 624.797 616.38 6.748
2013 07 27 21 32 51 WIN -58.0352 -24.28 17.0 -22.5691 17.0915 0.0 57.8237 46.2015 300.444 504.935 503.73 7.871
2013 08 13 00 53 32 SBV -7.1167 129.791 104.8 -13.4584 49.9212 0.0 257.721 78.564 313.203 724.518 709.79 5.490
2013 08 13 00 53 32 VOI -7.1167 129.791 104.8 -21.9065 46.7933 0.0 248.98 80.9093 302.438 726.331 722.41 5.314
2013 08 18 16 32 08 WIN -34.8867 54.1278 10.9 -22.5691 17.0915 0.0 280.819 34.5286 303.743 412.726 408.02 8.656
2013 09 06 04 01 30 KIBK 15.2518 -45.2139 10.4 -2.35907 38.0433 0.0 94.043 84.1142 299.793 752.246 751.10 5.093
2013 09 06 04 01 30 WIN 15.2518 -45.2139 10.4 -22.5691 17.0915 0.0 120.424 71.6458 302.32 685.442 682.35 6.016
2013 09 07 11 33 52 KIBK 20.1862 122.334 189.4 -2.35907 38.0433 0.0 265.829 85.4489 303.366 740.92 736.29 4.935
2013 09 07 11 33 52 LODK 20.1862 122.334 189.4 3.42195 35.3616 0.0 272.16 85.9934 303.055 743.246 738.84 4.894
2013 09 07 11 33 52 VOI 20.1862 122.334 189.4 -21.9065 46.7933 0.0 244.549 84.8037 299.926 734.29 733.56 4.981
2013 09 25 11 29 47 KIBK 26.9109 65.5315 15.5 -2.35907 38.0433 0.0 226.638 39.3708 300.485 450.166 449.76 8.339
2013 09 25 11 29 47 LODK 26.9109 65.5315 15.5 3.42195 35.3616 0.0 236.221 37.1261 304.93 435.663 430.47 8.489
2013 09 25 11 29 47 SBV 26.9109 65.5315 15.5 -13.4584 49.9212 0.0 202.619 42.8978 302.77 481.532 479.60 8.090
2013 09 25 11 29 47 VOI 26.9109 65.5315 15.5 -21.9065 46.7933 0.0 202.307 51.8092 305.131 553.408 549.15 7.442
2013 09 26 16 42 32 WIN -15.9001 -74.6012 38.2 -22.5691 17.0915 0.0 112.071 85.548 309.127 764.4 753.72 4.980
2013 09 29 07 33 58 KIBK 27.1617 65.6192 18.7 -2.35907 38.0433 0.0 226.522 39.5993 298.084 449.175 451.17 8.322
2013 09 29 07 33 58 LODK 27.1617 65.6192 18.7 3.42195 35.3616 0.0 236.045 37.3302 302.48 434.451 431.71 8.475
2013 09 29 07 33 58 SBV 27.1617 65.6192 18.7 -13.4584 49.9212 0.0 202.633 43.1585 314.273 494.647 481.21 8.070
2013 09 29 07 33 58 VOI 27.1617 65.6192 18.7 -21.9065 46.7933 0.0 202.329 52.07 313.0 562.716 550.59 7.421
2013 10 05 17 26 02 LODK -38.707 78.5007 11.0 3.42195 35.3616 0.0 306.225 57.7927 307.396 599.735 592.12 7.014
2013 10 05 17 26 02 VOI -38.707 78.5007 11.0 -21.9065 46.7933 0.0 292.463 31.8811 304.563 390.409 385.07 8.790
2013 10 13 13 11 31 LODK 35.5277 23.3718 46.9 3.42195 35.3616 0.0 158.126 33.8214 301.96 400.387 398.91 8.675
2013 10 13 13 11 31 SBV 35.5277 23.3718 46.9 -13.4584 49.9212 0.0 147.859 54.8239 311.805 578.189 566.93 7.214
2013 10 13 13 11 31 VOI 35.5277 23.3718 46.9 -21.9065 46.7933 0.0 155.109 61.2834 310.046 621.728 612.39 6.739
2013 10 13 13 11 31 WIN 35.5277 23.3718 46.9 -22.5691 17.0915 0.0 186.841 58.0848 298.814 588.446 590.65 6.967
2013 10 30 10 37 49 WIN -61.7154 154.829 10.0 -22.5691 17.0915 0.0 218.437 89.4446 302.537 780.082 775.94 4.690
2013 10 31 02 51 36 WIN -35.4018 -73.1515 11.9 -22.5691 17.0915 0.0 108.764 77.4744 312.604 728.931 714.55 5.605
2013 11 01 12 01 55 KIBK 23.5436 121.458 14.8 -2.35907 38.0433 0.0 265.218 84.8985 299.813 755.436 754.38 5.030
2013 11 04 11 03 35 KIBK 4.6415 123.4 556.8 -2.35907 38.0433 0.0 267.283 85.5645 298.753 699.784 699.70 4.802
2013 11 04 11 03 35 LODK 4.6415 123.4 556.8 3.42195 35.3616 0.0 273.233 87.7749 304.096 715.515 710.10 4.643
2013 11 04 11 03 35 SBV 4.6415 123.4 556.8 -13.4584 49.9212 0.0 254.838 75.0974 299.815 646.562 645.43 5.574
2013 11 04 11 03 35 VOI 4.6415 123.4 556.8 -21.9065 46.7933 0.0 246.809 79.3625 298.235 668.041 668.62 5.262
2013 11 14 23 45 40 LODK -60.3091 -47.2872 10.0 3.42195 35.3616 0.0 81.9348 89.303 304.276 781.616 776.67 4.678
2013 11 14 23 45 40 WIN -60.3091 -47.2872 10.0 -22.5691 17.0915 0.0 79.3536 57.9988 302.23 595.695 592.23 7.015
2013 11 17 03 34 24 KIBK -60.3079 -47.199 24.0 -2.35907 38.0433 0.0 87.0383 85.6001 304.524 761.741 756.32 4.973
2013 11 17 03 34 24 VOI -60.3079 -47.199 24.0 -21.9065 46.7933 0.0 104.567 73.1712 306.428 695.781 687.72 5.920
2013 11 18 09 04 50 KIBK -60.3783 -46.5876 7.9 -2.35907 38.0433 0.0 86.5009 85.3005 307.317 765.65 757.43 5.001
2013 11 18 09 04 50 LODK -60.3783 -46.5876 7.9 3.42195 35.3616 0.0 81.3261 88.9689 303.471 779.602 775.46 4.704
2013 11 18 09 04 50 SBV -60.3783 -46.5876 7.9 -13.4584 49.9212 0.0 102.291 81.6093 303.819 743.06 737.88 5.292
2013 11 18 09 04 50 VOI -60.3783 -46.5876 7.9 -21.9065 46.7933 0.0 104.039 72.8591 306.74 696.806 688.44 5.946
2013 11 20 13 32 47 SBV 2.7153 128.447 56.1 -13.4584 49.9212 0.0 255.865 79.4887 304.212 726.161 720.55 5.435
2013 11 20 13 32 47 VOI 2.7153 128.447 56.1 -21.9065 46.7933 0.0 247.698 83.2701 310.601 752.468 740.59 5.149
2013 11 26 06 27 09 KIBK -53.9716 -54.9648 10.0 -2.35907 38.0433 0.0 93.8107 89.8847 290.59 770.63 779.06 4.643
2013 11 26 06 27 09 SBV -53.9716 -54.9648 10.0 -13.4584 49.9212 0.0 109.788 87.7683 299.446 769.376 768.55 4.812
2013 12 02 01 24 12 SBV -7.0288 128.415 25.9 -13.4584 49.9212 0.0 257.809 77.2476 307.378 720.656 711.74 5.610
2013 12 02 01 24 12 VOI -7.0288 128.415 25.9 -21.9065 46.7933 0.0 249.051 79.6652 299.238 725.777 725.04 5.433
2014 01 26 05 14 03 KIBK -8.0446 109.223 87.8 -2.35907 38.0433 0.0 270.262 71.0409 309.985 679.871 668.41 6.045
2014 01 26 05 14 03 LODK -8.0446 109.223 87.8 3.42195 35.3616 0.0 275.794 74.5413 306.199 696.819 689.19 5.786
2014 01 26 05 14 03 SBV -8.0446 109.223 87.8 -13.4584 49.9212 0.0 259.174 58.3983 309.592 597.106 586.18 6.954
2014 01 27 13 55 29 KIBK 38.191 20.507 13.8 -2.35907 38.0433 0.0 154.057 43.4859 309.284 492.987 484.28 8.051
2014 01 27 13 55 29 SBV 38.191 20.507 13.8 -13.4584 49.9212 0.0 145.837 58.3055 315.259 610.79 595.98 6.967
2014 02 02 03 58 40 KIBK -56.9339 -27.3456 142.9 -2.35907 38.0433 0.0 70.2804 74.7935 306.468 691.901 684.67 5.747
2014 02 02 03 58 40 SBV -56.9339 -27.3456 142.9 -13.4584 49.9212 0.0 86.8292 71.8823 303.364 671.597 666.98 5.968
2014 02 04 03 08 37 SBV 38.2552 20.4368 14.5 -13.4584 49.9212 0.0 145.787 58.3896 300.179 596.187 596.45 6.962
2014 02 04 03 08 37 VOI 38.2552 20.4368 14.5 -21.9065 46.7933 0.0 152.884 64.7613 314.983 654.103 639.73 6.501
2014 02 13 09 19 47 KIBK 35.8767 82.5807 4.1 -2.35907 38.0433 0.0 237.367 56.3203 305.489 588.503 582.69 7.128
2014 02 13 09 19 47 SBV 35.8767 82.5807 4.1 -13.4584 49.9212 0.0 218.261 57.9764 303.625 598.42 595.14 6.994
2014 02 13 09 19 47 VOI 35.8767 82.5807 4.1 -21.9065 46.7933 0.0 216.245 66.7106 298.388 651.809 653.77 6.361
2014 03 03 20 11 05 SBV 27.4238 127.328 118.9 -13.4584 49.9212 0.0 252.315 85.2621 309.347 754.001 743.78 4.965
2014 03 12 02 43 41 SBV -60.8439 -20.1181 10.0 -13.4584 49.9212 0.0 79.0859 68.637 298.255 662.406 663.03 6.244
2014 03 22 13 40 56 VOI 7.6804 94.2252 19.3 -21.9065 46.7933 0.0 236.595 55.0128 308.74 580.024 570.72 7.220
2014 04 16 03 56 56 KIBK -53.609 8.7098 10.0 -2.35907 38.0433 0.0 35.9416 56.5043 298.824 582.018 583.22 7.111
2014 04 16 03 56 56 LODK -53.609 8.7098 10.0 3.42195 35.3616 0.0 30.7779 61.0524 296.064 610.995 615.12 6.776
2014 04 16 03 56 56 SBV -53.609 8.7098 10.0 -13.4584 49.9212 0.0 54.9316 51.5495 306.514 553.359 546.32 7.480
2014 05 06 11 08 32 LODK 19.6152 99.7038 15.2 3.42195 35.3616 0.0 264.392 64.7073 302.408 641.13 637.41 6.525
2014 05 06 11 08 32 VOI 19.6152 99.7038 15.2 -21.9065 46.7933 0.0 234.083 66.1621 303.623 651.795 647.74 6.408
2014 05 16 10 16 32 KIBK 9.3491 122.035 30.1 -2.35907 38.0433 0.0 266.704 84.4559 307.804 758.932 749.73 5.063
2014 05 16 10 16 32 LODK 9.3491 122.035 30.1 3.42195 35.3616 0.0 272.824 86.1737 301.669 761.331 758.25 4.924
2014 05 19 01 02 05 KIBK 4.2401 92.7377 32.9 -2.35907 38.0433 0.0 264.175 55.0479 305.298 574.976 568.46 7.220
2014 05 19 01 02 05 LODK 4.2401 92.7377 32.9 3.42195 35.3616 0.0 271.336 57.2431 307.614 593.0 584.09 7.059
2014 05 19 01 02 05 SBV 4.2401 92.7377 32.9 -13.4584 49.9212 0.0 246.826 45.9938 298.893 500.034 500.39 7.876
2014 05 19 01 02 05 VOI 4.2401 92.7377 32.9 -21.9065 46.7933 0.0 237.98 51.9201 306.328 552.957 546.01 7.443
2014 06 15 11 10 49 KIBK -10.1131 91.0383 23.1 -2.35907 38.0433 0.0 274.632 53.1808 308.1 565.479 556.20 7.359
2014 06 15 11 10 49 SBV -10.1131 91.0383 23.1 -13.4584 49.9212 0.0 261.129 40.3548 310.205 466.986 455.75 8.279
2014 06 15 11 10 49 VOI -10.1131 91.0383 23.1 -21.9065 46.7933 0.0 248.964 43.9649 305.144 491.366 485.23 8.027
2014 06 30 07 52 46 VOI -55.4757 -28.3956 15.1 -21.9065 46.7933 0.0 91.0227 63.8891 307.115 639.902 631.32 6.592
2014 06 30 14 32 43 KIBK -55.4186 -28.224 11.9 -2.35907 38.0433 0.0 71.4431 74.7595 308.514 709.409 700.10 5.789
2014 07 15 07 59 37 VOI 5.7144 126.478 20.0 -21.9065 46.7933 0.0 247.12 82.6003 307.867 750.918 741.84 5.206
2014 08 04 08 29 52 KIBK 27.217 103.458 28.0 -2.35907 38.0433 0.0 256.06 69.4154 305.307 672.032 665.65 6.177
2014 08 07 11 45 20 KIBK -7.2741 128.036 10.0 -2.35907 38.0433 0.0 267.676 89.6985 302.749 782.393 778.29 4.650
2014 08 07 11 45 20 SBV -7.2741 128.036 10.0 -13.4584 49.9212 0.0 257.893 76.8289 297.457 710.884 711.89 5.644
2014 08 07 11 45 26 KIBK -7.13 127.92 19.5 -2.35907 38.0433 0.0 267.69 89.5889 302.687 780.232 776.20 4.657
2014 08 19 02 31 57 KIBK 32.711 47.638 10.0 -2.35907 38.0433 0.0 196.442 36.0433 301.953 424.277 423.04 8.552
2014 08 19 02 31 57 SBV 32.711 47.638 10.0 -13.4584 49.9212 0.0 176.909 45.9597 310.261 514.389 505.19 7.870
2014 08 19 18 08 04 KIBK 32.5827 47.7037 5.0 -2.35907 38.0433 0.0 196.6 35.9364 312.148 434.327 422.89 8.560
2014 09 11 02 45 52 LODK -0.2248 125.026 39.9 3.42195 35.3616 0.0 273.4 89.6787 306.592 781.691 773.76 4.645
2014 09 11 02 45 52 SBV -0.2248 125.026 39.9 -13.4584 49.9212 0.0 256.237 75.4648 303.829 705.151 699.88 5.732
2014 09 11 02 45 52 VOI -0.2248 125.026 39.9 -21.9065 46.7933 0.0 247.844 78.9991 304.402 725.472 719.71 5.475
2014 10 08 13 49 25 KIBK 23.3434 100.501 12.8 -2.35907 38.0433 0.0 256.077 65.8867 305.045 651.814 645.68 6.436
2014 10 08 13 49 25 SBV 23.3434 100.501 12.8 -13.4584 49.9212 0.0 238.755 61.5297 301.574 619.561 617.52 6.744
2014 11 04 08 48 28 KIBK -41.824 80.0437 7.4 -2.35907 38.0433 0.0 304.688 54.3992 297.395 565.931 568.23 7.268
2014 11 16 02 31 40 VOI 1.834 126.463 47.8 -21.9065 46.7933 0.0 247.628 81.1032 307.387 738.897 730.21 5.313
2014 11 18 16 52 29 KIBK -46.4072 33.7019 12.2 -2.35907 38.0433 0.0 6.24687 44.0354 307.729 496.023 488.88 8.014
2014 11 18 16 52 29 LODK -46.4072 33.7019 12.2 3.42195 35.3616 0.0 2.17469 49.6359 310.954 543.177 532.93 7.606
2014 11 22 10 10 13 KIBK 2.2707 127.031 45.2 -2.35907 38.0433 0.0 267.618 89.0814 304.35 776.049 770.36 4.691
2014 11 22 10 10 13 SBV 2.2707 127.031 45.2 -13.4584 49.9212 0.0 255.82 78.0084 304.224 719.297 713.66 5.546
2014 11 22 10 10 13 VOI 2.2707 127.031 45.2 -21.9065 46.7933 0.0 247.62 81.7933 300.306 735.759 734.16 5.258
2014 11 23 08 55 26 VOI 30.314 101.803 2.0 -21.9065 46.7933 0.0 232.291 74.0853 300.905 699.846 698.67 5.831
2014 11 27 14 33 26 KIBK 1.9648 126.465 47.7 -2.35907 38.0433 0.0 267.604 88.5037 304.886 773.583 767.34 4.736
2014 11 27 14 33 26 VOI 1.9648 126.465 47.7 -21.9065 46.7933 0.0 247.609 81.1547 311.927 743.722 730.49 5.309
2014 12 03 05 11 18 LODK 6.1572 123.126 614.0 3.42195 35.3616 0.0 273.145 87.4188 301.756 706.399 703.33 4.643
2014 12 03 05 11 18 VOI 6.1572 123.126 614.0 -21.9065 46.7933 0.0 246.508 79.7087 300.641 667.332 665.55 5.216
2014 12 07 22 04 50 SBV -6.11 130.483 116.0 -13.4584 49.9212 0.0 257.481 79.4497 310.548 725.417 713.36 5.422
2014 12 07 22 04 50 VOI -6.11 130.483 116.0 -21.9065 46.7933 0.0 248.797 81.9104 301.337 729.222 726.43 5.234
2014 12 11 21 03 38 LODK 25.5403 122.45 256.0 3.42195 35.3616 0.0 271.828 85.9155 313.034 745.411 731.06 4.881
2014 12 11 21 03 38 SBV 25.5403 122.45 256.0 -13.4584 49.9212 0.0 250.197 80.52 307.927 712.985 704.16 5.286
2014 12 11 21 03 38 VOI 25.5403 122.45 256.0 -21.9065 46.7933 0.0 244.261 87.2043 303.817 742.461 737.98 4.771
2014 12 22 11 34 01 KIBK 2.051 126.544 71.0 -2.35907 38.0433 0.0 267.604 88.5862 306.498 772.862 765.01 4.723
2014 12 22 11 34 01 SBV 2.051 126.544 71.0 -13.4584 49.9212 0.0 255.822 77.4832 302.825 712.044 707.81 5.578
2014 12 22 11 34 01 VOI 2.051 126.544 71.0 -21.9065 46.7933 0.0 247.604 81.2603 307.455 737.136 728.38 5.293
2015 02 03 10 49 37 WIN -32.6484 -67.1501 172.7 -22.5691 17.0915 0.0 106.484 73.553 300.77 675.767 673.25 5.842
2015 02 14 18 58 53 LODK 52.5097 -32.0209 16.9 3.42195 35.3616 0.0 106.194 73.6463 300.741 694.341 692.72 5.872
2015 02 14 18 58 53 WIN 52.5097 -32.0209 16.9 -22.5691 17.0915 0.0 135.541 86.114 305.108 766.241 761.24 4.910
2015 02 14 20 06 21 KIBK 22.6103 121.444 30.5 -2.35907 38.0433 0.0 265.296 84.8089 310.407 763.178 751.51 5.034
2015 02 14 20 06 21 LODK 22.6103 121.444 30.5 3.42195 35.3616 0.0 271.652 85.0844 310.692 764.809 752.75 5.015
2015 02 17 22 00 43 SBV -55.5186 -28.2292 18.1 -13.4584 49.9212 0.0 88.0273 72.3116 312.017 697.348 684.04 5.977
2015 02 28 13 44 52 KIBK -7.358 122.491 559.1 -2.35907 38.0433 0.0 268.373 84.1977 311.917 706.116 692.83 4.903
2015 02 28 13 44 52 LODK -7.358 122.491 559.1 3.42195 35.3616 0.0 273.74 87.59 302.044 712.398 709.08 4.647
2015 02 28 13 44 52 SBV -7.358 122.491 559.1 -13.4584 49.9212 0.0 258.295 71.4287 309.744 635.328 624.11 5.833
2015 02 28 13 44 52 VOI -7.358 122.491 559.1 -21.9065 46.7933 0.0 249.372 74.053 306.424 647.011 639.14 5.649
2015 03 07 08 22 16 KIBK -41.3165 80.6147 13.1 -2.35907 38.0433 0.0 303.838 54.4678 304.94 573.071 567.80 7.262
2015 03 07 08 22 16 LODK -41.3165 80.6147 13.1 3.42195 35.3616 0.0 305.562 60.6361 301.959 613.664 611.44 6.810
2015 03 18 22 12 11 SBV 1.6716 126.434 55.7 -13.4584 49.9212 0.0 255.894 77.2845 312.964 722.81 708.43 5.598
2015 03 18 22 12 11 VOI 1.6716 126.434 55.7 -21.9065 46.7933 0.0 247.648 81.0151 307.128 737.263 728.83 5.318
2015 03 19 18 27 28 WIN -36.1112 -73.689 9.7 -22.5691 17.0915 0.0 108.897 77.6597 302.825 720.539 715.94 5.592
2015 03 24 04 51 36 WIN -18.3544 -69.1883 127.1 -22.5691 17.0915 0.0 110.434 79.8399 298.208 713.726 713.87 5.395
2015 04 17 18 07 28 LODK 35.1952 26.8373 22.6 3.42195 35.3616 0.0 164.054 32.5888 300.151 390.615 390.99 8.752
2015 04 17 18 07 28 VOI 35.1952 26.8373 22.6 -21.9065 46.7933 0.0 158.501 59.8627 299.331 604.341 605.81 6.853
2015 04 17 18 07 28 WIN 35.1952 26.8373 22.6 -22.5691 17.0915 0.0 190.61 58.1868 306.545 599.907 594.35 6.968
2015 04 21 01 42 47 KIBK 24.0574 122.432 28.1 -2.35907 38.0433 0.0 265.573 85.8288 300.834 759.023 756.96 4.950
2015 04 21 01 42 47 LODK 24.0574 122.432 28.1 3.42195 35.3616 0.0 271.926 85.9472 302.372 761.109 757.39 4.943
2015 04 21 01 42 47 SBV 24.0574 122.432 28.1 -13.4584 49.9212 0.0 250.426 80.0068 300.526 728.658 727.19 5.398
2015 04 21 01 42 47 VOI 24.0574 122.432 28.1 -21.9065 46.7933 0.0 244.326 86.5488 310.486 772.23 761.02 4.885
2015 04 26 06 11 17 VOI 28.1302 84.7168 13.4 -21.9065 46.7933 0.0 220.377 61.7703 311.07 630.556 619.73 6.718
2015 04 26 06 11 17 WIN 28.1302 84.7168 13.4 -22.5691 17.0915 0.0 239.571 82.4277 306.357 749.577 742.67 5.211
2015 04 26 06 45 20 KIBK 28.1603 84.8433 14.7 -2.35907 38.0433 0.0 243.875 54.2171 298.811 564.991 565.62 7.281
2015 04 26 06 45 20 SBV 28.1603 84.8433 14.7 -13.4584 49.9212 0.0 223.903 53.4336 311.82 572.279 560.65 7.330
2015 04 26 06 45 20 VOI 28.1603 84.8433 14.7 -21.9065 46.7933 0.0 220.471 61.8656 302.373 622.292 620.15 6.710
2015 04 26 06 45 20 WIN 28.1603 84.8433 14.7 -22.5691 17.0915 0.0 239.634 82.5392 309.32 752.905 743.04 5.203
2015 04 27 07 09 08 KIBK 27.7365 85.9788 13.4 -2.35907 38.0433 0.0 244.984 54.941 310.061 581.719 571.06 7.228
2015 04 27 07 09 08 LODK 27.7365 85.9788 13.4 3.42195 35.3616 0.0 252.676 53.9234 299.74 563.955 563.36 7.304
2015 04 27 07 09 08 SBV 27.7365 85.9788 13.4 -13.4584 49.9212 0.0 225.177 53.8373 308.442 572.075 563.78 7.301
2015 04 27 07 09 08 VOI 27.7365 85.9788 13.4 -21.9065 46.7933 0.0 221.55 62.2062 311.046 633.47 622.61 6.685
2015 04 27 07 09 08 WIN 27.7365 85.9788 13.4 -22.5691 17.0915 0.0 240.272 83.1974 302.285 749.494 746.64 5.155
2015 05 13 07 04 57 KIBK 27.8014 86.126 12.3 -2.35907 38.0433 0.0 245.049 55.0866 298.645 571.532 572.28 7.218
2015 05 13 07 04 57 SBV 27.8014 86.126 12.3 -13.4584 49.9212 0.0 225.279 53.9755 302.69 567.511 564.96 7.292
2015 05 13 07 04 57 VOI 27.8014 86.126 12.3 -21.9065 46.7933 0.0 221.647 62.3412 305.286 628.793 623.69 6.675
2015 05 13 07 04 57 WIN 27.8014 86.126 12.3 -22.5691 17.0915 0.0 240.342 83.3427 311.699 759.839 747.57 5.143
2015 05 16 20 26 38 LODK -2.566 102.223 158.5 3.42195 35.3616 0.0 274.775 67.0927 311.613 649.316 636.28 6.303
2015 05 16 20 26 38 WIN -2.566 102.223 158.5 -22.5691 17.0915 0.0 247.699 84.5291 298.597 735.034 735.09 5.022
2015 05 25 04 53 15 LODK -16.8146 -14.2615 11.7 3.42195 35.3616 0.0 72.2992 52.9634 298.316 555.827 556.63 7.376
2015 05 25 04 53 15 SBV -16.8146 -14.2615 11.7 -13.4584 49.9212 0.0 96.4939 61.8165 297.992 618.037 618.58 6.734
2015 05 25 04 53 15 VOI -16.8146 -14.2615 11.7 -21.9065 46.7933 0.0 105.546 57.5125 302.63 592.887 588.83 7.048
2015 05 25 04 53 15 WIN -16.8146 -14.2615 11.7 -22.5691 17.0915 0.0 106.071 30.0328 299.265 368.816 368.62 8.848
2015 06 05 23 15 18 KIBK 6.0439 116.665 18.1 -2.35907 38.0433 0.0 266.42 78.9444 303.014 726.93 722.44 5.485
2015 06 11 13 51 54 WIN -22.4098 -68.4519 121.8 -22.5691 17.0915 0.0 109.476 77.8127 304.873 709.886 703.31 5.545
2015 06 18 12 51 33 KIBK -35.3709 -17.809 27.1 -2.35907 38.0433 0.0 70.6864 61.1888 307.11 620.483 612.55 6.771
2015 06 18 12 51 33 SBV -35.3709 -17.809 27.1 -13.4584 49.9212 0.0 88.5067 64.2408 307.241 640.892 632.26 6.559
2015 06 18 12 51 33 VOI -35.3709 -17.809 27.1 -21.9065 46.7933 0.0 95.0151 57.3656 305.476 592.176 585.21 7.058
2015 06 21 02 10 06 WIN -36.3349 -73.6674 17.4 -22.5691 17.0915 0.0 108.84 77.571 301.006 716.952 714.17 5.598
2015 07 04 01 07 37 KIBK 37.4703 78.1205 19.0 -2.35907 38.0433 0.0 232.385 54.3011 304.681 570.718 565.88 7.270
2015 07 04 01 07 37 LODK 37.4703 78.1205 19.0 3.42195 35.3616 0.0 239.65 51.7525 310.384 557.559 546.76 7.459
2015 07 04 01 07 37 SBV 37.4703 78.1205 19.0 -13.4584 49.9212 0.0 213.168 57.1734 314.663 601.39 587.22 7.051
2015 07 04 01 07 37 VOI 37.4703 78.1205 19.0 -21.9065 46.7933 0.0 211.901 66.0181 313.585 660.132 647.03 6.408
2015 07 04 06 43 15 KIBK 10.1385 125.977 50.8 -2.35907 38.0433 0.0 267.33 88.3772 306.289 774.011 766.40 4.745
2015 09 17 07 40 44 VOI 1.8841 126.429 41.55 -21.9065 46.7933 0.0 247.617 81.0907 307.841 740.002 730.86 5.316
2015 09 17 07 40 48 VOI 1.88 126.43 41.5 -21.9065 46.7933 0.0 247.618 81.0903 307.866 740.03 730.86 5.316
2015 09 19 15 59 28 LODK 15.2767 -45.9886 10.0 3.42195 35.3616 0.0 88.9602 80.769 313.251 748.322 733.60 5.351
2015 09 25 15 53 19 VOI -0.6212 131.262 18.0 -21.9065 46.7933 0.0 248.187 84.6351 307.583 761.348 752.43 5.052
2015 09 25 15 53 22 VOI -0.62 131.26 18.0 -21.9065 46.7933 0.0 248.187 84.6335 307.648 761.404 752.43 5.052
2015 10 24 01 39 57 KIBK -54.2258 6.1653 11.0 -2.35907 38.0433 0.0 38.5246 57.907 301.942 594.905 592.92 7.005
2015 10 24 04 03 57 KIBK -45.81 37.17 10.0 -2.35907 38.0433 0.0 1.27281 43.2811 302.883 485.443 483.17 8.067
2015 10 24 04 03 57 LODK -45.81 37.17 10.0 3.42195 35.3616 0.0 357.609 49.0431 303.572 531.609 528.76 7.649
2015 10 24 04 04 07 KIBK -45.8146 37.1711 10.0 -2.35907 38.0433 0.0 1.27109 43.2857 298.683 481.28 483.21 8.067
2015 10 24 04 04 07 LODK -45.8146 37.1711 10.0 3.42195 35.3616 0.0 357.608 49.0477 299.372 527.444 528.79 7.649
2015 10 27 09 09 40 KIBK 36.5244 70.3676 231.0 -2.35907 38.0433 0.0 225.053 49.0131 302.765 507.177 504.51 7.558
2015 10 27 09 09 40 LODK 36.5244 70.3676 231.0 3.42195 35.3616 0.0 232.667 46.0715 306.741 488.502 481.58 7.772
2015 10 27 09 09 40 SBV 36.5244 70.3676 231.0 -13.4584 49.9212 0.0 205.071 53.3263 300.48 536.979 537.21 7.243
2015 10 27 09 09 40 VOI 36.5244 70.3676 231.0 -21.9065 46.7933 0.0 204.817 62.238 309.109 607.611 599.18 6.603
2015 11 05 03 44 07 KIBK -8.3381 124.875 20.0 -2.35907 38.0433 0.0 268.134 86.5297 312.971 775.873 761.50 4.897
2015 11 05 03 44 07 SBV -8.3381 124.875 20.0 -13.4584 49.9212 0.0 258.423 73.5466 307.875 700.736 691.32 5.883
2015 11 05 03 44 07 VOI -8.3381 124.875 20.0 -21.9065 46.7933 0.0 249.516 75.9236 302.883 709.453 705.04 5.704
2015 11 08 07 31 43 WIN -30.8796 -71.4519 46.0 -22.5691 17.0915 0.0 108.885 77.5795 305.075 717.287 710.45 5.588
2015 11 09 16 47 01 KIBK 6.8431 94.648 10.0 -2.35907 38.0433 0.0 262.779 57.2315 306.526 595.24 587.49 7.066
2015 11 09 16 47 01 SBV 6.8431 94.648 10.0 -13.4584 49.9212 0.0 245.539 48.7781 313.186 539.384 525.47 7.680
2015 11 12 02 46 18 WIN -29.5097 -72.0585 10.0 -22.5691 17.0915 0.0 109.425 78.5236 301.529 724.078 720.79 5.525
2015 11 18 07 10 06 KIBK 38.67 20.6 11.0 -2.35907 38.0433 0.0 154.401 43.8848 303.217 490.571 487.93 8.024
2015 11 18 07 10 06 LODK 38.67 20.6 11.0 3.42195 35.3616 0.0 155.35 37.5778 302.362 437.552 435.65 8.456
2015 11 18 07 10 06 SBV 38.67 20.6 11.0 -13.4584 49.9212 0.0 146.095 58.661 311.583 610.046 598.91 6.945
2015 11 18 07 10 06 VOI 38.67 20.6 11.0 -21.9065 46.7933 0.0 153.127 65.0722 302.175 643.887 642.32 6.478
2015 11 22 09 06 06 VOI -7.1484 129.938 82.0 -21.9065 46.7933 0.0 248.975 81.0334 310.551 737.713 725.68 5.312
2015 11 25 22 45 15 WIN -10.5372 -70.9437 606.21 -22.5691 17.0915 0.0 111.8 84.2322 301.219 691.269 688.63 4.886
2015 11 25 22 50 43 WIN -10.0598 -71.0184 620.56 -22.5691 17.0915 0.0 111.854 84.4768 301.554 691.545 688.59 4.861
2015 11 27 05 45 06 WIN -9.1825 -71.2574 602.75 -22.5691 17.0915 0.0 111.96 85.0208 307.772 701.952 692.79 4.827
2015 11 28 21 00 21 WIN -24.828 -70.6009 34.0 -22.5691 17.0915 0.0 109.728 78.8624 309.354 730.137 719.06 5.495
2015 12 05 22 24 51 VOI -47.6165 85.0913 35.0 -21.9065 46.7933 0.0 296.402 39.9829 303.211 454.969 451.02 8.299
2015 12 05 22 24 51 WIN -47.6165 85.0913 35.0 -22.5691 17.0915 0.0 269.787 58.9842 305.348 602.123 595.33 6.939
2015 12 08 07 49 43 KIBK 38.2107 72.7797 22.0 -2.35907 38.0433 0.0 226.621 51.5643 309.772 555.131 545.40 7.468
2015 12 08 07 49 43 LODK 38.2107 72.7797 22.0 3.42195 35.3616 0.0 233.94 48.6181 306.642 529.576 522.70 7.685
2015 12 08 07 49 43 SBV 38.2107 72.7797 22.0 -13.4584 49.9212 0.0 207.23 55.6841 309.2 584.849 576.30 7.160
2015 12 08 07 49 43 VOI 38.2107 72.7797 22.0 -21.9065 46.7933 0.0 206.774 64.5897 312.285 649.107 637.44 6.511
2015 12 08 07 49 43 WIN 38.2107 72.7797 22.0 -22.5691 17.0915 0.0 230.85 79.8988 303.463 731.814 728.21 5.398
2015 12 10 10 21 47 SBV -4.1064 129.508 21.0 -13.4584 49.9212 0.0 257.156 78.9391 307.782 731.162 721.88 5.485
2015 12 10 10 21 47 VOI -4.1064 129.508 21.0 -21.9065 46.7933 0.0 248.566 81.7292 298.723 737.025 736.88 5.272
2015 12 21 18 47 25 LODK 3.6455 117.636 14.0 3.42195 35.3616 0.0 272.934 82.0869 306.298 747.727 739.95 5.244
2015 12 21 18 47 25 SBV 3.6455 117.636 14.0 -13.4584 49.9212 0.0 254.237 69.2926 301.211 669.39 666.86 6.192
2015 12 26 19 14 47 KIBK 36.4935 71.1263 206.0 -2.35907 38.0433 0.0 225.891 49.4273 299.857 509.839 510.05 7.540
2015 12 26 19 14 47 SBV 36.4935 71.1263 206.0 -13.4584 49.9212 0.0 205.939 53.5616 296.154 536.846 541.38 7.237
2015 12 26 19 14 47 VOI 36.4935 71.1263 206.0 -21.9065 46.7933 0.0 205.563 62.4703 308.822 611.44 603.28 6.596
2016 01 04 23 05 16 KIBK 24.8036 93.6505 55.0 -2.35907 38.0433 0.0 251.704 60.2728 301.437 605.399 603.07 6.829
2016 01 04 23 05 16 VOI 24.8036 93.6505 55.0 -21.9065 46.7933 0.0 228.379 65.0152 303.248 638.877 635.50 6.476
2016 01 04 23 05 17 KIBK 24.83 93.66 55.0 -2.35907 38.0433 0.0 251.695 60.2892 301.437 605.512 603.18 6.828
2016 01 04 23 05 17 VOI 24.83 93.66 55.0 -21.9065 46.7933 0.0 228.376 65.0391 303.249 639.033 635.66 6.474
2016 01 12 16 37 43 SBV 3.8966 126.857 13.0 -13.4584 49.9212 0.0 255.472 78.2405 306.42 727.281 719.48 5.536
2016 01 12 16 37 43 VOI 3.8966 126.857 13.0 -21.9065 46.7933 0.0 247.392 82.2507 305.201 747.587 741.13 5.232
2016 01 15 03 25 04 WIN -19.7597 -63.3288 582.56 -22.5691 17.0915 0.0 108.655 74.1498 303.766 642.798 637.40 5.635
2016 01 26 04 21 47 KIBK 35.6493 -3.6818 12.0 -2.35907 38.0433 0.0 125.021 54.2939 312.581 579.696 566.88 7.273
2016 01 26 04 21 47 SBV 35.6493 -3.6818 12.0 -13.4584 49.9212 0.0 123.753 70.3676 304.017 679.029 674.67 6.104
2016 01 26 04 21 47 VOI 35.6493 -3.6818 12.0 -21.9065 46.7933 0.0 132.003 74.5669 313.114 713.189 700.00 5.790
2016 02 06 19 57 16 VOI 22.9387 120.593 23.0 -21.9065 46.7933 0.0 243.617 84.5431 312.642 765.192 751.81 5.049
2016 02 13 10 02 18 KIBK -9.6338 119.401 28.0 -2.35907 38.0433 0.0 269.109 81.0923 313.453 747.455 732.52 5.321
2016 02 13 10 02 18 LODK -9.6338 119.401 28.0 3.42195 35.3616 0.0 274.36 84.7008 301.329 753.999 751.29 5.044
2016 02 13 10 02 18 SBV -9.6338 119.401 28.0 -13.4584 49.9212 0.0 259.35 67.9921 300.764 658.644 656.37 6.285
2016 02 13 10 02 18 VOI -9.6338 119.401 28.0 -21.9065 46.7933 0.0 250.167 70.4036 307.968 680.742 671.26 6.112
2016 02 18 17 25 42 VOI 0.8451 129.073 10.0 -21.9065 46.7933 0.0 247.95 83.1479 301.874 749.401 746.21 5.170
2016 02 28 21 29 30 SBV -51.7897 139.596 10.0 -13.4584 49.9212 0.0 261.851 79.3575 304.846 731.782 725.50 5.464
2016 03 03 12 49 32 SBV -4.9521 94.3299 24.0 -13.4584 49.9212 0.0 255.915 44.58 311.168 502.268 490.08 7.984
2016 03 03 12 49 32 VOI -4.9521 94.3299 24.0 -21.9065 46.7933 0.0 245.251 48.9701 300.04 525.52 524.54 7.663
2016 04 07 14 45 28 KIBK -8.2036 107.386 29.0 -2.35907 38.0433 0.0 270.582 69.2235 306.562 672.05 664.03 6.195
2016 04 07 14 45 28 SBV -8.2036 107.386 29.0 -13.4584 49.9212 0.0 259.315 56.5821 306.355 587.542 579.88 7.111
2016 04 11 10 28 43 KIBK 36.4725 71.1311 212.0 -2.35907 38.0433 0.0 225.91 49.4155 312.204 521.508 509.37 7.538
2016 04 11 10 28 43 SBV 36.4725 71.1311 212.0 -13.4584 49.9212 0.0 205.952 53.5445 305.605 545.572 540.66 7.236
2016 04 11 10 28 43 VOI 36.4725 71.1311 212.0 -21.9065 46.7933 0.0 205.572 62.4531 312.165 614.047 602.54 6.595
2016 04 14 13 54 57 LODK 23.0944 94.8654 136.0 3.42195 35.3616 0.0 260.562 60.6861 299.847 597.898 596.89 6.770
2016 04 14 13 54 57 SBV 23.0944 94.8654 136.0 -13.4584 49.9212 0.0 234.984 57.0522 312.039 584.991 572.67 7.021
2016 04 14 18 21 35 KIBK 7.7917 122.023 17.0 -2.35907 38.0433 0.0 266.853 84.357 309.083 761.699 751.21 5.073
2016 04 14 18 21 35 LODK 7.7917 122.023 17.0 3.42195 35.3616 0.0 272.925 86.2393 305.621 767.601 760.56 4.921
2016 04 20 05 25 29 LODK -55.7283 -27.2307 14.0 3.42195 35.3616 0.0 65.0415 77.8159 312.19 730.153 717.39 5.562
2016 05 29 09 46 51 KIBK -56.2409 -26.9353 78.0 -2.35907 38.0433 0.0 70.0978 74.3444 312.399 702.532 689.37 5.801
2016 05 29 09 46 51 LODK -56.2409 -26.9353 78.0 3.42195 35.3616 0.0 64.6819 77.8839 295.105 705.378 709.71 5.539
2016 05 29 09 46 51 SBV -56.2409 -26.9353 78.0 -13.4584 49.9212 0.0 86.7119 71.6165 302.604 676.482 672.61 6.010
2016 05 29 09 46 51 VOI -56.2409 -26.9353 78.0 -21.9065 46.7933 0.0 89.4354 63.0627 299.461 619.172 618.28 6.629
2016 06 01 05 23 42 LODK 25.5615 122.546 246.4 3.42195 35.3616 0.0 271.868 86.0011 303.27 737.111 732.53 4.877
2016 06 02 22 55 36 KIBK -2.0967 100.665 50.0 -2.35907 38.0433 0.0 268.44 62.5706 300.214 620.347 618.74 6.662
2016 06 02 22 55 36 VOI -2.0967 100.665 50.0 -21.9065 46.7933 0.0 244.935 55.8996 305.312 579.165 572.83 7.151
2016 06 06 16 25 21 SBV -4.587 125.626 429.62 -13.4584 49.9212 0.0 257.358 75.0587 311.146 668.881 656.26 5.633
2016 06 06 16 25 21 VOI -4.587 125.626 429.62 -21.9065 46.7933 0.0 248.685 77.9509 299.5 673.153 672.24 5.427
2016 06 08 19 15 10 KIBK 1.2789 126.371 31.0 -2.35907 38.0433 0.0 267.619 88.3817 297.781 767.978 768.83 4.750
2016 06 08 19 15 10 SBV 1.2789 126.371 31.0 -13.4584 49.9212 0.0 255.975 77.1289 301.673 713.578 710.48 5.616
2016 06 08 19 15 10 VOI 1.2789 126.371 31.0 -21.9065 46.7933 0.0 247.701 80.8089 313.19 745.185 730.68 5.342
2016 06 10 04 12 55 KIBK -11.2487 116.267 19.0 -2.35907 38.0433 0.0 269.965 77.996 308.991 727.501 717.02 5.555
2016 06 27 11 17 06 KIBK 39.4793 73.3388 13.0 -2.35907 38.0433 0.0 226.489 52.7524 301.806 557.396 555.62 7.384
2016 06 27 11 17 06 LODK 39.4793 73.3388 13.0 3.42195 35.3616 0.0 233.629 49.7188 303.627 536.372 532.51 7.608
2016 08 20 07 32 03 KIBK -55.2793 -31.874 10.0 -2.35907 38.0433 0.0 74.6281 76.7126 307.097 719.478 711.52 5.649
2016 08 20 07 32 03 LODK -55.2793 -31.874 10.0 3.42195 35.3616 0.0 69.1427 80.0739 304.612 735.607 730.36 5.397
2016 08 20 07 32 03 VOI -55.2793 -31.874 10.0 -21.9065 46.7933 0.0 93.9311 65.8809 304.685 651.281 645.08 6.449
2016 08 24 19 39 43 LODK -7.2805 122.425 532.4 3.42195 35.3616 0.0 273.745 87.5205 302.942 715.404 711.18 4.663
2016 08 24 19 39 43 SBV -7.2805 122.425 532.4 -13.4584 49.9212 0.0 258.273 71.3811 299.112 626.667 626.08 5.849
2016 08 24 19 39 43 VOI -7.2805 122.425 532.4 -21.9065 46.7933 0.0 249.353 74.0197 299.933 642.615 641.23 5.663
2016 08 25 01 36 13 KIBK 42.723 13.1877 4.44 -2.35907 38.0433 0.0 146.849 50.1746 301.287 538.865 537.94 7.571
2016 08 25 01 36 13 LODK 42.723 13.1877 4.44 3.42195 35.3616 0.0 147.047 43.839 301.359 489.31 488.24 8.030
2016 08 25 01 36 13 VOI 42.723 13.1877 4.44 -21.9065 46.7933 0.0 147.156 71.3849 304.896 687.293 682.79 6.023
2016 08 25 10 34 37 SBV 20.9224 94.5687 82.0 -13.4584 49.9212 0.0 235.956 55.5999 298.578 566.923 568.02 7.152
2016 08 25 10 34 37 VOI 20.9224 94.5687 82.0 -21.9065 46.7933 0.0 230.428 63.1439 298.267 618.674 620.17 6.603
2016 08 30 04 29 44 LODK -0.0471 -17.8294 10.0 3.42195 35.3616 0.0 85.7225 53.2699 308.278 568.354 558.86 7.357
2016 10 20 00 25 53 KIBK -4.8626 108.163 614.0 -2.35907 38.0433 0.0 269.26 70.0004 302.674 615.418 611.31 5.905
2016 10 20 00 25 53 SBV -4.8626 108.163 614.0 -13.4584 49.9212 0.0 257.241 58.013 310.732 547.585 535.59 6.723
2016 10 20 00 25 53 VOI -4.8626 108.163 614.0 -21.9065 46.7933 0.0 247.829 61.6648 303.147 564.108 559.73 6.477
2016 10 27 19 18 07 KIBK 42.9343 13.0434 10.0 -2.35907 38.0433 0.0 146.773 50.4094 310.846 549.325 538.84 7.551
2016 10 27 19 18 07 LODK 42.9343 13.0434 10.0 3.42195 35.3616 0.0 146.977 44.074 299.558 488.527 489.25 8.014
2016 10 27 19 18 07 VOI 42.9343 13.0434 10.0 -21.9065 46.7933 0.0 147.066 71.6199 300.796 683.702 683.29 6.005
2016 10 31 06 39 58 KIBK 42.8547 13.0884 10.0 -2.35907 38.0433 0.0 146.791 50.3247 307.576 545.413 538.20 7.558
2016 10 31 06 39 58 LODK 42.8547 13.0884 10.0 3.42195 35.3616 0.0 146.991 43.9893 308.125 496.414 488.57 8.020
2016 10 31 06 39 58 SBV 42.8547 13.0884 10.0 -13.4584 49.9212 0.0 140.109 65.4247 300.262 644.386 644.33 6.457
2016 10 31 06 39 58 VOI 42.8547 13.0884 10.0 -21.9065 46.7933 0.0 147.092 71.5351 301.896 684.291 682.78 6.011
2016 11 26 14 24 20 KIBK 39.23 74.0208 17.0 -2.35907 38.0433 0.0 227.331 52.9685 302.216 558.771 556.56 7.367
2016 11 26 14 24 20 LODK 39.23 74.0208 17.0 3.42195 35.3616 0.0 234.491 50.0008 300.146 534.408 534.01 7.586
2016 11 26 14 24 20 SBV 39.23 74.0208 17.0 -13.4584 49.9212 0.0 208.26 57.0368 297.712 583.778 586.67 7.061
2016 11 26 14 24 20 WIN 39.23 74.0208 17.0 -22.5691 17.0915 0.0 231.593 81.293 303.634 740.228 736.44 5.289
2016 12 06 01 12 48 VOI -7.3158 123.38 526.0 -21.9065 46.7933 0.0 249.335 74.8935 312.088 660.243 646.70 5.605
2016 12 07 22 03 33 KIBK 5.2834 96.1678 13.0 -2.35907 38.0433 0.0 264.013 58.5549 313.366 610.913 596.27 6.966
2016 12 07 22 03 33 LODK 5.2834 96.1678 13.0 3.42195 35.3616 0.0 270.954 60.6404 301.904 613.858 610.59 6.820
2016 12 07 22 03 33 SBV 5.2834 96.1678 13.0 -13.4584 49.9212 0.0 247.448 49.5463 303.813 535.432 530.80 7.625
2016 12 07 22 03 33 VOI 5.2834 96.1678 13.0 -21.9065 46.7933 0.0 238.929 55.3756 302.145 577.055 574.22 7.195
2016 12 07 22 03 33 WIN 5.2834 96.1678 13.0 -22.5691 17.0915 0.0 246.426 81.9799 303.449 744.417 739.75 5.249
2016 12 22 00 16 58 KIBK -7.5082 127.921 152.0 -2.35907 38.0433 0.0 267.692 89.5743 312.979 774.503 760.18 4.643
2016 12 26 14 22 21 WIN -43.4053 -73.9403 38.0 -22.5691 17.0915 0.0 107.394 75.5723 304.921 706.522 699.84 5.736
2016 12 30 22 29 48 KIBK -9.0279 118.664 79.0 -2.35907 38.0433 0.0 269.128 80.3739 308.389 732.497 722.63 5.363
2016 12 30 22 29 48 SBV -9.0279 118.664 79.0 -13.4584 49.9212 0.0 259.17 67.3893 304.919 653.139 646.73 6.311
2017 01 11 06 13 44 KIBK 4.4634 122.575 612.71 -2.35907 38.0433 0.0 267.23 84.7346 302.415 694.502 690.75 4.841
2017 01 11 06 13 44 SBV 4.4634 122.575 612.71 -13.4584 49.9212 0.0 254.76 74.2574 299.871 637.223 636.04 5.608
2017 01 11 06 13 44 VOI 4.4634 122.575 612.71 -21.9065 46.7933 0.0 246.712 78.537 300.337 660.979 659.46 5.300
2017 02 08 22 03 47 KIBK 25.2011 63.2577 24.05 -2.35907 38.0433 0.0 225.394 36.7168 300.609 426.647 426.14 8.510
2017 02 08 22 03 47 VOI 25.2011 63.2577 24.05 -21.9065 46.7933 0.0 200.257 49.4802 295.916 525.314 530.33 7.610
2017 02 11 14 03 44 KIBK 9.9071 125.452 15.0 -2.35907 38.0433 0.0 267.246 87.8494 297.082 767.196 768.78 4.795
2017 02 11 14 03 44 SBV 9.9071 125.452 15.0 -13.4584 49.9212 0.0 254.04 78.464 297.168 718.937 720.50 5.516
2017 04 06 06 09 04 LODK 35.7999 60.4364 13.0 3.42195 35.3616 0.0 221.489 39.6871 299.257 451.89 452.77 8.318
2017 04 06 06 09 04 VOI 35.7999 60.4364 13.0 -21.9065 46.7933 0.0 194.833 58.8286 303.0 602.334 600.26 6.928
2017 04 06 06 09 04 WIN 35.7999 60.4364 13.0 -22.5691 17.0915 0.0 222.119 71.082 302.001 681.21 679.35 6.046
2017 04 16 08 19 19 WIN -23.2706 -67.7655 155.0 -22.5691 17.0915 0.0 109.077 76.9321 312.713 709.087 694.67 5.601
2017 04 24 02 36 05 WIN -33.0361 -72.0063 21.0 -22.5691 17.0915 0.0 108.69 77.3332 300.601 714.692 712.32 5.613
2017 04 25 21 38 27 WIN -33.0291 -72.0452 28.0 -22.5691 17.0915 0.0 108.71 77.3664 301.145 714.405 711.49 5.609
2017 04 29 20 23 12 SBV 5.5046 125.072 26.0 -13.4584 49.9212 0.0 254.887 76.929 308.614 720.13 710.16 5.630
2017 04 29 20 23 12 VOI 5.5046 125.072 26.0 -21.9065 46.7933 0.0 246.933 81.2308 309.038 744.024 733.77 5.307
2017 05 04 04 46 53 KIBK 39.4996 71.4519 10.0 -2.35907 38.0433 0.0 224.489 51.7253 308.338 556.756 548.51 7.459
2017 05 04 04 46 53 LODK 39.4996 71.4519 10.0 3.42195 35.3616 0.0 231.653 48.5705 299.832 524.241 524.24 7.692
2017 05 04 04 46 53 VOI 39.4996 71.4519 10.0 -21.9065 46.7933 0.0 205.245 65.2917 298.05 641.347 643.93 6.461
2017 05 30 14 35 10 KIBK -1.2872 120.434 12.0 -2.35907 38.0433 0.0 267.807 82.3458 310.829 753.95 741.65 5.228
2017 05 30 14 35 10 LODK -1.2872 120.434 12.0 3.42195 35.3616 0.0 273.521 85.1579 311.661 769.141 756.06 5.012
2017 05 30 14 35 10 SBV -1.2872 120.434 12.0 -13.4584 49.9212 0.0 256.277 70.7531 307.002 684.475 676.05 6.087
2017 05 30 14 35 10 VOI -1.2872 120.434 12.0 -21.9065 46.7933 0.0 247.724 74.3485 307.741 706.59 697.49 5.823
2017 06 13 12 28 25 KIBK 38.9154 26.3713 12.0 -2.35907 38.0433 0.0 162.576 42.4573 290.018 465.651 476.33 8.124
2017 06 13 12 28 25 LODK 38.9154 26.3713 12.0 3.42195 35.3616 0.0 164.71 36.2655 313.719 437.577 424.43 8.539
2017 06 13 12 28 25 VOI 38.9154 26.3713 12.0 -21.9065 46.7933 0.0 158.764 63.4567 310.388 641.323 631.68 6.594
2017 06 13 12 28 25 WIN 38.9154 26.3713 12.0 -22.5691 17.0915 0.0 189.739 61.7759 309.34 629.031 620.62 6.711
2017 07 07 08 03 48 KIBK 11.1111 124.619 6.96 -2.35907 38.0433 0.0 267.041 87.0916 305.397 773.206 766.46 4.855
2017 07 19 02 05 13 WIN -16.4206 -73.6296 44.92 -22.5691 17.0915 0.0 111.791 84.4885 304.591 753.785 747.62 5.063
2017 07 20 12 16 16 LODK -17.4154 66.4836 10.0 3.42195 35.3616 0.0 301.065 37.0376 303.685 434.575 430.55 8.496
2017 07 21 22 31 09 KIBK 36.9249 27.4135 7.0 -2.35907 38.0433 0.0 163.449 40.316 308.261 467.076 459.54 8.273
2017 07 21 22 31 09 LODK 36.9249 27.4135 7.0 3.42195 35.3616 0.0 165.759 34.1339 299.062 405.33 406.84 8.669
2017 07 21 22 31 09 SBV 36.9249 27.4135 7.0 -13.4584 49.9212 0.0 152.745 54.4153 311.531 580.356 569.49 7.257
2017 07 28 17 53 24 WIN 13.396 -49.3259 10.0 -22.5691 17.0915 0.0 118.318 74.2159 306.437 704.875 697.53 5.827
2017 08 09 13 19 35 LODK 33.1926 103.855 9.0 3.42195 35.3616 0.0 260.844 70.1737 297.724 671.975 673.07 6.130
2017 08 09 13 19 35 SBV 33.1926 103.855 9.0 -13.4584 49.9212 0.0 237.242 69.2523 299.45 668.096 668.26 6.186
2017 08 09 23 27 36 LODK 44.3014 82.8268 20.0 3.42195 35.3616 0.0 239.857 58.2765 313.764 607.96 593.71 6.977
2017 08 09 23 27 36 SBV 44.3014 82.8268 20.0 -13.4584 49.9212 0.0 215.735 64.8168 310.491 649.026 638.84 6.499
2017 08 09 23 27 36 VOI 44.3014 82.8268 20.0 -21.9065 46.7933 0.0 214.697 73.6782 306.984 700.492 693.83 5.852
2017 08 12 05 28 16 LODK 13.9987 120.678 172.0 3.42195 35.3616 0.0 272.185 84.6428 303.573 739.109 734.13 5.009
2017 08 12 05 28 16 SBV 13.9987 120.678 172.0 -13.4584 49.9212 0.0 251.825 75.1882 299.083 683.992 683.76 5.706
2017 08 14 03 08 03 SBV -3.7682 101.623 31.0 -13.4584 49.9212 0.0 255.926 51.9196 312.534 559.44 545.77 7.448
2017 08 14 03 08 03 VOI -3.7682 101.623 31.0 -21.9065 46.7933 0.0 246.174 56.083 308.242 585.554 576.23 7.145
2017 09 01 17 06 47 LODK -1.159 99.6881 43.14 3.42195 35.3616 0.0 274.32 64.4561 305.347 638.702 631.95 6.535
2017 10 11 06 32 02 WIN -18.5212 -69.6411 82.43 -22.5691 17.0915 0.0 110.523 80.1845 309.401 731.867 720.82 5.382
2017 10 11 18 53 26 LODK -54.2584 8.6055 9.0 3.42195 35.3616 0.0 30.7092 61.6432 304.112 623.205 619.26 6.732
2017 10 11 18 53 26 SBV -54.2584 8.6055 9.0 -13.4584 49.9212 0.0 54.6248 51.9752 308.357 558.539 549.65 7.449
2017 10 25 10 47 39 KIBK -7.2364 123.04 549.19 -2.35907 38.0433 0.0 268.293 84.7461 300.802 698.561 696.39 4.867
2017 10 25 10 47 39 VOI -7.2364 123.04 549.19 -21.9065 46.7933 0.0 249.325 74.6057 297.767 642.31 643.09 5.615
2017 11 01 11 50 34 KIBK -3.7404 127.766 18.47 -2.35907 38.0433 0.0 267.68 89.5712 298.961 776.606 776.30 4.659
2017 11 01 11 50 34 SBV -3.7404 127.766 18.47 -13.4584 49.9212 0.0 257.118 77.3252 296.74 711.58 713.34 5.606
2017 11 12 00 36 05 KIBK -11.7424 -14.1142 10.0 -2.35907 38.0433 0.0 83.93 52.5127 304.366 558.814 553.30 7.412
2017 11 12 00 36 05 LODK -11.7424 -14.1142 10.0 3.42195 35.3616 0.0 75.9977 51.447 312.433 558.931 545.51 7.488
2017 11 12 00 36 05 SBV -11.7424 -14.1142 10.0 -13.4584 49.9212 0.0 99.1163 62.3602 313.21 637.223 622.57 6.693
2017 11 12 00 36 05 VOI -11.7424 -14.1142 10.0 -21.9065 46.7933 0.0 108.529 58.8546 298.364 598.347 598.62 6.950
2017 11 13 18 18 02 KIBK 34.9052 45.9563 19.0 -2.35907 38.0433 0.0 192.968 37.8051 314.54 450.465 436.69 8.435
2017 11 13 18 18 02 SBV 34.9052 45.9563 19.0 -13.4584 49.9212 0.0 174.826 48.2435 313.995 534.555 521.59 7.701
2017 11 13 18 18 02 VOI 34.9052 45.9563 19.0 -21.9065 46.7933 0.0 179.068 56.504 313.088 595.075 583.05 7.095
2017 11 13 18 18 02 WIN 34.9052 45.9563 19.0 -22.5691 17.0915 0.0 209.939 63.3883 313.823 643.196 629.94 6.599
2017 11 18 22 34 18 LODK 29.8327 94.9776 8.0 3.42195 35.3616 0.0 257.027 62.0912 302.04 624.494 621.40 6.710
2017 11 18 22 34 18 VOI 29.8327 94.9776 8.0 -21.9065 46.7933 0.0 227.746 69.2428 299.167 667.938 668.69 6.183
2017 12 01 06 32 41 WIN -1.0802 -23.4323 10.0 -22.5691 17.0915 0.0 121.523 44.7947 296.795 491.691 494.28 7.969
2017 12 02 02 32 29 KIBK 30.7431 57.3138 9.0 -2.35907 38.0433 0.0 212.633 37.6971 304.225 440.808 437.03 8.448
2017 12 02 02 32 29 LODK 30.7431 57.3138 9.0 3.42195 35.3616 0.0 221.628 34.1776 300.976 407.351 406.48 8.669
2017 12 02 02 32 29 SBV 30.7431 57.3138 9.0 -13.4584 49.9212 0.0 190.285 44.5177 308.364 501.187 493.85 7.974
2017 12 02 02 32 29 VOI 30.7431 57.3138 9.0 -21.9065 46.7933 0.0 192.207 53.3143 299.287 559.757 561.51 7.332
2017 12 02 02 32 29 WIN 30.7431 57.3138 9.0 -22.5691 17.0915 0.0 220.963 65.5727 304.424 649.756 645.53 6.446
2017 12 13 08 43 05 KIBK 30.7196 57.2705 10.0 -2.35907 38.0433 0.0 212.587 37.6573 306.471 442.561 436.54 8.450
2017 12 13 08 43 05 SBV 30.7196 57.2705 10.0 -13.4584 49.9212 0.0 190.23 44.488 301.214 493.643 493.45 7.976
2017 12 13 08 43 05 VOI 30.7196 57.2705 10.0 -21.9065 46.7933 0.0 192.161 53.2835 305.155 565.239 561.12 7.334
2017 12 13 21 41 17 LODK 30.8226 57.2861 8.0 3.42195 35.3616 0.0 221.511 34.221 303.526 410.432 407.02 8.667
2017 12 13 21 41 17 SBV 30.8226 57.2861 8.0 -13.4584 49.9212 0.0 190.232 44.5914 300.463 494.033 494.59 7.969
2017 12 13 21 41 17 VOI 30.8226 57.2861 8.0 -21.9065 46.7933 0.0 192.163 53.3867 309.443 570.606 562.20 7.327
2017 12 14 18 03 41 KIBK -54.2177 2.1681 10.0 -2.35907 38.0433 0.0 42.8472 59.4311 314.25 618.004 603.62 6.899
2017 12 14 18 03 41 VOI -54.2177 2.1681 10.0 -21.9065 46.7933 0.0 64.0761 46.4968 303.204 511.161 507.13 7.852
2017 12 14 18 03 41 WIN -54.2177 2.1681 10.0 -22.5691 17.0915 0.0 25.5124 33.5504 305.183 405.668 400.24 8.713
2017 12 16 16 47 38 KIBK -7.4921 108.174 90.0 -2.35907 38.0433 0.0 270.21 69.9999 299.59 662.895 661.83 6.120
2017 12 16 16 47 38 SBV -7.4921 108.174 90.0 -13.4584 49.9212 0.0 258.854 57.4832 300.058 580.931 579.56 7.018
2017 12 16 16 47 38 VOI -7.4921 108.174 90.0 -21.9065 46.7933 0.0 249.167 60.7178 303.86 607.058 601.89 6.787
2018 01 12 18 26 11 LODK 18.3629 96.0776 9.0 3.42195 35.3616 0.0 263.67 61.165 300.704 616.821 614.86 6.781
2018 01 12 18 26 11 VOI 18.3629 96.0776 9.0 -21.9065 46.7933 0.0 232.405 62.6677 308.471 634.729 625.91 6.656
2018 01 15 09 18 32 WIN -15.7589 -74.7095 39.0 -22.5691 17.0915 0.0 112.107 85.6974 312.158 768.079 754.38 4.966
2018 01 22 01 06 38 WIN -18.8524 -69.4564 116.0 -22.5691 17.0915 0.0 110.421 79.9053 300.574 717.703 715.48 5.393
2018 01 24 06 34 53 KIBK -7.1958 105.918 43.91 -2.35907 38.0433 0.0 270.387 67.7605 309.537 664.032 653.04 6.295
2018 01 24 06 34 53 LODK -7.1958 105.918 43.91 3.42195 35.3616 0.0 276.075 71.196 310.835 686.567 674.30 6.047
2018 01 24 06 34 53 VOI -7.1958 105.918 43.91 -21.9065 46.7933 0.0 248.825 58.734 310.419 604.923 593.25 6.947
2018 01 29 16 03 04 KIBK -53.0623 9.6842 10.0 -2.35907 38.0433 0.0 35.056 55.7191 305.856 583.431 577.63 7.168
2018 01 29 16 03 04 LODK -53.0623 9.6842 10.0 3.42195 35.3616 0.0 29.8701 60.2845 300.469 610.16 609.91 6.833
2018 01 29 16 03 04 SBV -53.0623 9.6842 10.0 -13.4584 49.9212 0.0 54.2386 50.7559 306.735 547.616 540.38 7.536
2018 01 29 16 03 04 WIN -53.0623 9.6842 10.0 -22.5691 17.0915 0.0 13.3911 30.9666 313.682 391.519 377.68 8.821
2018 02 01 07 06 44 KIBK 36.5432 70.8155 191.19 -2.35907 38.0433 0.0 225.527 49.2827 300.959 511.305 510.43 7.558
2018 02 01 07 06 44 LODK 36.5432 70.8155 191.19 3.42195 35.3616 0.0 233.127 46.3705 306.159 494.082 487.73 7.771
2018 02 01 07 06 44 SBV 36.5432 70.8155 191.19 -13.4584 49.9212 0.0 205.573 53.4975 306.154 547.867 542.41 7.249
2018 02 01 07 06 44 VOI 36.5432 70.8155 191.19 -21.9065 46.7933 0.0 205.25 62.4077 314.415 618.161 604.41 6.606
2018 02 05 13 56 24 LODK 24.1572 121.708 12.0 3.42195 35.3616 0.0 271.625 85.2827 309.224 767.192 756.61 5.003
2018 02 07 15 50 34 KIBK 24.1359 121.658 17.0 -2.35907 38.0433 0.0 265.248 85.13 300.222 756.632 755.17 5.011
2018 02 07 15 50 34 LODK 24.1359 121.658 17.0 3.42195 35.3616 0.0 271.607 85.2378 300.96 757.872 755.56 5.005
2018 02 27 13 34 33 SBV -2.7629 126.727 9.91 -13.4584 49.9212 0.0 256.903 76.5333 311.907 723.702 710.31 5.664
2018 03 25 19 58 12 KIBK -45.7783 96.0692 10.0 -2.35907 38.0433 0.0 292.398 66.454 299.362 649.998 649.90 6.394
2018 03 26 20 14 35 VOI -6.6247 129.814 169.0 -21.9065 46.7933 0.0 248.906 81.1057 309.508 727.155 716.19 5.278
2018 04 03 13 40 14 WIN -20.6588 -63.0058 559.0 -22.5691 17.0915 0.0 108.327 73.5783 300.252 638.029 636.14 5.683
2018 04 20 21 09 05 KIBK -42.7797 42.1877 10.0 -2.35907 38.0433 0.0 353.605 40.4149 306.435 465.541 459.75 8.267
2018 05 06 06 18 47 KIBK 14.5708 123.919 18.0 -2.35907 38.0433 0.0 266.695 86.5973 309.444 772.995 762.23 4.892
2018 05 06 06 18 47 SBV 14.5708 123.919 18.0 -13.4584 49.9212 0.0 252.717 78.3539 312.949 733.608 719.49 5.523
2018 05 06 06 18 47 VOI 14.5708 123.919 18.0 -21.9065 46.7933 0.0 245.588 83.8225 294.958 744.644 748.71 5.109
2018 05 10 10 41 40 SBV 36.9916 71.3833 116.0 -13.4584 49.9212 0.0 206.069 54.099 310.821 564.652 554.52 7.238
2018 05 10 10 41 40 VOI 36.9916 71.3833 116.0 -21.9065 46.7933 0.0 205.701 63.0078 312.631 628.37 616.40 6.592
2018 05 10 10 41 40 WIN 36.9916 71.3833 116.0 -22.5691 17.0915 0.0 230.046 78.2687 299.801 708.139 708.20 5.491
2018 07 29 17 07 08 KIBK -7.1221 122.747 577.48 -2.35907 38.0433 0.0 268.318 84.4591 300.302 694.141 692.47 4.877
2018 07 29 17 07 08 SBV -7.1221 122.747 577.48 -13.4584 49.9212 0.0 258.204 71.7259 304.509 630.292 624.31 5.802
2018 07 29 17 07 08 VOI -7.1221 122.747 577.48 -21.9065 46.7933 0.0 249.304 74.3741 312.743 653.586 639.40 5.618
2018 07 29 22 47 18 LODK -8.2395 116.508 14.0 3.42195 35.3616 0.0 274.669 81.7418 299.982 739.599 738.19 5.271
2018 07 29 22 47 18 SBV -8.2395 116.508 14.0 -13.4584 49.9212 0.0 258.98 65.4445 295.984 639.715 642.27 6.472
2018 07 29 22 47 18 VOI -8.2395 116.508 14.0 -21.9065 46.7933 0.0 249.752 68.1924 301.317 662.522 659.75 6.273
2018 08 06 11 46 19 LODK -8.2597 116.436 31.0 3.42195 35.3616 0.0 274.683 81.6727 311.166 747.814 735.22 5.272
2018 08 15 03 29 46 WIN -58.1107 -25.2588 35.0 -22.5691 17.0915 0.0 58.8512 46.684 299.466 505.227 504.97 7.830
2018 08 18 15 34 53 KIBK -7.4263 119.834 529.0 -2.35907 38.0433 0.0 268.712 81.5621 300.353 684.07 682.30 5.120
2018 08 18 15 34 53 LODK -7.4263 119.834 529.0 3.42195 35.3616 0.0 274.096 84.966 311.906 712.566 699.33 4.857
2018 08 18 15 34 53 SBV -7.4263 119.834 529.0 -13.4584 49.9212 0.0 258.467 68.8343 304.426 617.131 611.24 6.030
2018 08 18 15 34 53 VOI -7.4263 119.834 529.0 -21.9065 46.7933 0.0 249.445 71.5627 312.563 641.406 627.41 5.838
2018 08 20 04 10 22 KIBK -8.3298 116.598 21.41 -2.35907 38.0433 0.0 269.302 78.3412 309.804 729.868 718.56 5.528
2018 08 20 04 10 22 LODK -8.3298 116.598 21.41 3.42195 35.3616 0.0 274.668 81.8381 306.209 745.131 737.50 5.261
2018 08 20 04 10 22 VOI -8.3298 116.598 21.41 -21.9065 46.7933 0.0 249.785 68.2451 295.368 655.724 658.90 6.268
2018 08 20 14 56 03 SBV -8.3303 116.631 25.21 -13.4584 49.9212 0.0 259.013 65.547 299.167 641.846 641.21 6.461
2018 08 20 14 56 03 VOI -8.3303 116.631 25.21 -21.9065 46.7933 0.0 249.785 68.2756 307.128 667.132 658.54 6.265
2018 08 26 22 13 03 KIBK 34.6111 46.2422 10.0 -2.35907 38.0433 0.0 193.514 37.5734 299.549 434.906 436.12 8.453
2018 09 09 07 16 49 VOI 7.2369 126.478 10.0 -21.9065 46.7933 0.0 246.946 83.191 297.458 745.23 746.60 5.165
2018 09 19 07 27 34 KIBK -37.811 49.782 10.0 -2.35907 38.0433 0.0 340.207 36.8915 298.494 428.018 430.08 8.500
2018 09 19 07 27 34 WIN -37.811 49.782 10.0 -22.5691 17.0915 0.0 289.079 31.887 302.729 388.782 385.21 8.790
2018 09 29 06 59 39 LODK -0.3991 119.77 5.19 3.42195 35.3616 0.0 273.454 84.4422 301.593 756.611 753.58 5.069
2018 09 29 10 02 32 LODK -0.1781 119.84 10.0 3.42195 35.3616 0.0 273.432 84.4988 297.563 752.066 753.07 5.064
2018 09 29 10 02 32 SBV -0.1781 119.84 10.0 -13.4584 49.9212 0.0 255.858 70.4424 300.651 676.557 674.50 6.111
2018 09 29 10 02 32 VOI -0.1781 119.84 10.0 -21.9065 46.7933 0.0 247.381 74.2208 301.736 700.174 697.11 5.833
2018 10 11 18 44 54 LODK -7.453 114.455 9.0 3.42195 35.3616 0.0 274.848 79.6504 305.36 734.627 727.82 5.435
2018 10 11 18 44 54 SBV -7.453 114.455 9.0 -13.4584 49.9212 0.0 258.705 63.6005 312.496 644.96 631.03 6.607
2018 10 11 18 44 54 VOI -7.453 114.455 9.0 -21.9065 46.7933 0.0 249.429 66.5588 300.328 651.993 650.25 6.392
2018 10 26 22 54 34 LODK 37.5148 20.5635 14.0 3.42195 35.3616 0.0 154.647 36.5447 296.6 422.545 426.39 8.522
2018 10 26 22 54 34 SBV 37.5148 20.5635 14.0 -13.4584 49.9212 0.0 145.657 57.7224 312.185 603.592 591.86 7.010
2018 10 26 22 54 34 VOI 37.5148 20.5635 14.0 -21.9065 46.7933 0.0 152.843 64.0578 296.529 631.121 635.21 6.551
2018 10 26 22 54 34 WIN 37.5148 20.5635 14.0 -22.5691 17.0915 0.0 183.712 59.8515 301.001 607.251 607.25 6.854
2018 10 30 06 54 10 VOI -57.4045 -66.4086 10.0 -21.9065 46.7933 0.0 120.78 83.4615 308.315 756.716 746.72 5.163
2018 10 30 06 54 10 WIN -57.4045 -66.4086 10.0 -22.5691 17.0915 0.0 97.3566 67.8207 299.152 658.077 657.35 6.310
2018 11 05 07 55 14 KIBK 7.7518 123.865 581.0 -2.35907 38.0433 0.0 267.112 86.1772 303.575 705.346 700.47 4.747
2018 11 05 07 55 14 LODK 7.7518 123.865 581.0 3.42195 35.3616 0.0 273.17 88.0637 313.357 723.929 709.25 4.642
2018 11 05 07 55 14 SBV 7.7518 123.865 581.0 -13.4584 49.9212 0.0 254.162 76.3687 312.418 664.124 650.45 5.473
2018 11 10 01 49 30 LODK 71.6264 -11.2502 10.0 3.42195 35.3616 0.0 131.041 74.116 299.137 696.444 696.73 5.838
2018 11 12 14 03 42 LODK 15.5653 -49.8719 10.0 3.42195 35.3616 0.0 87.9836 84.5052 303.304 757.778 753.05 5.064
2018 11 16 20 02 13 KIBK -56.7065 -25.546 15.0 -2.35907 38.0433 0.0 68.7399 73.7868 308.388 703.092 693.96 5.862
2018 11 16 20 02 13 LODK -56.7065 -25.546 15.0 3.42195 35.3616 0.0 63.3601 77.3954 300.353 715.795 714.90 5.593
2018 11 16 20 02 13 VOI -56.7065 -25.546 15.0 -21.9065 46.7933 0.0 88.0297 62.3023 297.074 619.316 620.84 6.702
2018 11 16 20 02 13 WIN -56.7065 -25.546 15.0 -22.5691 17.0915 0.0 60.3244 46.1051 300.933 504.991 503.26 7.879
2018 11 26 16 37 07 KIBK 34.3464 45.7432 18.0 -2.35907 38.0433 0.0 192.786 37.2225 313.492 444.636 431.91 8.474
2018 11 26 16 37 07 LODK 34.3464 45.7432 18.0 3.42195 35.3616 0.0 199.7 32.2506 305.746 393.899 388.64 8.768
2018 11 26 16 37 07 VOI 34.3464 45.7432 18.0 -21.9065 46.7933 0.0 178.823 55.9498 303.494 581.679 579.26 7.137
2018 12 12 02 26 32 VOI -58.5981 -26.4656 164.66 -21.9065 46.7933 0.0 87.8311 62.865 298.888 607.915 607.63 6.612
2018 12 30 03 38 50 KIBK 5.8983 126.921 60.21 -2.35907 38.0433 0.0 267.554 89.1236 306.86 776.995 768.81 4.684
2018 12 30 03 38 50 SBV 5.8983 126.921 60.21 -13.4584 49.9212 0.0 255.091 78.8075 307.623 725.395 716.42 5.482
2019 01 07 17 27 17 KIBK 2.2414 126.736 60.0 -2.35907 38.0433 0.0 267.607 88.7859 303.194 771.781 767.24 4.710
2019 01 07 17 27 17 SBV 2.2414 126.736 60.0 -13.4584 49.9212 0.0 255.799 77.7157 302.424 714.188 710.35 5.564
2019 01 07 17 27 17 VOI 2.2414 126.736 60.0 -21.9065 46.7933 0.0 247.596 81.5099 310.568 742.83 730.97 5.276
2019 01 21 01 32 51 WIN -30.071 -71.4202 54.82 -22.5691 17.0915 0.0 109.037 77.8155 297.143 709.677 710.78 5.567
2019 01 22 23 59 18 KIBK -10.3113 119.147 16.77 -2.35907 38.0433 0.0 269.26 80.8325 302.592 736.913 732.84 5.344
2019 01 22 23 59 18 LODK -10.3113 119.147 16.77 3.42195 35.3616 0.0 274.469 84.503 303.776 757.162 752.01 5.062
2019 01 23 05 10 00 KIBK -10.4663 119.031 27.01 -2.35907 38.0433 0.0 269.305 80.7161 311.02 743.159 730.66 5.351
2019 01 23 19 01 29 KIBK -43.1219 42.3568 13.0 -2.35907 38.0433 0.0 353.392 40.7688 307.279 468.845 462.20 8.242
2019 01 23 19 01 29 LODK -43.1219 42.3568 13.0 3.42195 35.3616 0.0 350.393 46.7584 315.371 525.222 510.59 7.814
2019 01 23 19 01 29 SBV -43.1219 42.3568 13.0 -13.4584 49.9212 0.0 14.7184 30.2706 305.766 377.12 371.56 8.839
2019 02 03 09 27 11 KIBK -2.8458 100.076 20.0 -2.35907 38.0433 0.0 268.849 61.9647 300.68 620.498 618.44 6.718
2019 02 03 09 27 11 KMBO -2.8458 100.076 20.0 -1.1271 37.2525 0.02 270.194 62.8032 303.36 628.802 624.05 6.654
2019 02 03 09 27 11 LODK -2.8458 100.076 20.0 3.42195 35.3616 0.0 275.081 64.9802 308.015 647.818 638.40 6.504
2019 02 03 10 59 19 KMBO -2.8834 100.133 18.0 -1.1271 37.2525 0.02 270.21 62.8598 303.576 629.719 624.75 6.652
2019 02 03 10 59 19 LODK -2.8834 100.133 18.0 3.42195 35.3616 0.0 275.093 65.0398 308.358 648.873 639.12 6.500
2019 03 02 08 50 25 WIN -14.7016 -70.135 267.0 -22.5691 17.0915 0.0 111.194 81.98 302.582 713.955 709.81 5.190
2019 03 09 15 06 08 KIBK 10.384 126.006 30.0 -2.35907 38.0433 0.0 267.329 88.417 310.528 781.023 769.17 4.747
2019 03 09 15 06 08 KMBO 10.384 126.006 30.0 -1.1271 37.2525 0.02 268.675 88.9744 301.214 774.327 771.79 4.703
2019 03 09 15 06 08 SBV 10.384 126.006 30.0 -13.4584 49.9212 0.0 254.076 79.119 310.319 733.399 721.82 5.467
2019 03 09 15 06 08 VOI 10.384 126.006 30.0 -21.9065 46.7933 0.0 246.531 83.9974 301.064 749.837 747.69 5.094
2019 03 16 05 03 39 WIN -17.8744 -65.9072 359.0 -22.5691 17.0915 0.0 109.731 77.0728 308.346 683.944 673.97 5.518
2019 03 25 04 37 18 SBV 1.6617 126.38 45.0 -13.4584 49.9212 0.0 255.891 77.2298 301.973 712.728 709.33 5.605
2019 03 25 04 37 18 VOI 1.6617 126.38 45.0 -21.9065 46.7933 0.0 247.645 80.9615 300.427 731.505 729.77 5.326
2019 04 02 18 38 59 KIBK -18.2058 65.3656 10.0 -2.35907 38.0433 0.0 297.309 31.0736 306.586 385.68 378.61 8.817
2019 04 02 18 38 59 KMBO -18.2058 65.3656 10.0 -1.1271 37.2525 0.02 298.451 32.4009 301.545 392.326 390.33 8.767
2019 04 02 18 38 59 LODK -18.2058 65.3656 10.0 3.42195 35.3616 0.0 303.052 36.5521 303.897 430.644 426.47 8.527
2019 04 06 16 14 04 KIBK -55.9206 -27.856 58.6 -2.35907 38.0433 0.0 70.9916 74.7242 310.254 704.775 693.74 5.779
2019 04 06 16 14 04 KMBO -55.9206 -27.856 58.6 -1.1271 37.2525 0.02 69.6262 75.3426 302.59 700.688 697.36 5.732
2019 04 06 16 14 04 LODK -55.9206 -27.856 58.6 3.42195 35.3616 0.0 65.5519 78.2171 312.669 726.994 713.75 5.519
2019 04 06 16 14 04 VOI -55.9206 -27.856 58.6 -21.9065 46.7933 0.0 90.3597 63.5783 303.753 628.99 623.78 6.600
2019 04 07 21 54 47 KIBK -6.8492 125.014 539.0 -2.35907 38.0433 0.0 268.029 86.7166 308.591 716.686 706.76 4.722
2019 04 07 21 54 47 KMBO -6.8492 125.014 539.0 -1.1271 37.2525 0.02 269.153 87.645 311.961 724.394 711.12 4.651
2019 04 07 21 54 47 VOI -6.8492 125.014 539.0 -21.9065 46.7933 0.0 249.171 76.5741 300.92 657.254 654.89 5.480
2019 04 10 17 53 50 VOI -58.6064 -25.2559 44.83 -21.9065 46.7933 0.0 86.7806 62.2328 309.679 627.437 616.38 6.698
2019 04 13 11 40 42 KIBK -1.8518 122.553 17.48 -2.35907 38.0433 0.0 267.824 84.4413 297.963 750.931 751.53 5.067
2019 04 13 11 40 42 LODK -1.8518 122.553 17.48 3.42195 35.3616 0.0 273.491 87.3066 294.159 761.269 765.73 4.836
2019 04 13 11 40 42 SBV -1.8518 122.553 17.48 -13.4584 49.9212 0.0 256.564 72.6807 304.288 692.469 686.73 5.946
2019 04 13 11 40 42 VOI -1.8518 122.553 17.48 -21.9065 46.7933 0.0 248.014 76.0997 298.188 706.22 706.64 5.689
2019 04 19 05 00 52 KIBK 23.9888 121.693 20.0 -2.35907 38.0433 0.0 265.275 85.1502 308.038 764.051 754.77 5.009
2019 04 19 05 00 52 KMBO 23.9888 121.693 20.0 -1.1271 37.2525 0.02 266.72 85.372 306.836 763.947 755.85 4.992
2019 04 19 05 00 52 LODK 23.9888 121.693 20.0 3.42195 35.3616 0.0 271.633 85.2743 302.409 759.005 755.24 5.002
2019 04 19 05 00 52 SBV 23.9888 121.693 20.0 -13.4584 49.9212 0.0 250.098 79.3481 307.352 733.096 724.80 5.449
2019 04 19 05 00 52 VOI 23.9888 121.693 20.0 -21.9065 46.7933 0.0 244.011 85.9113 300.663 760.474 759.09 4.937
2019 04 23 09 11 04 KIBK 14.9236 120.497 20.0 -2.35907 38.0433 0.0 265.779 83.3167 301.779 748.565 745.42 5.156
2019 04 23 09 11 04 KMBO 14.9236 120.497 20.0 -1.1271 37.2525 0.02 267.175 83.7602 308.061 757.114 747.68 5.120
2019 04 23 09 11 04 LODK 14.9236 120.497 20.0 3.42195 35.3616 0.0 272.053 84.4333 312.586 765.037 751.02 5.068
2019 04 23 09 11 04 SBV 14.9236 120.497 20.0 -13.4584 49.9212 0.0 251.536 75.3105 304.788 707.954 702.03 5.745
2019 04 23 09 11 04 VOI 14.9236 120.497 20.0 -21.9065 46.7933 0.0 244.494 80.9688 301.124 735.606 733.52 5.326
2019 04 23 14 49 05 VOI -56.2633 -27.3509 79.0 -21.9065 46.7933 0.0 89.7697 63.2948 301.559 622.698 619.70 6.613
2019 04 24 05 37 49 KIBK 11.8458 125.187 54.0 -2.35907 38.0433 0.0 267.121 87.6843 308.952 773.003 762.73 4.799
2019 04 24 05 37 49 KMBO 11.8458 125.187 54.0 -1.1271 37.2525 0.02 268.482 88.2067 300.331 766.865 765.21 4.758
2019 04 30 14 19 37 VOI 10.8649 57.2283 10.0 -21.9065 46.7933 0.0 197.44 34.1398 308.01 413.97 406.75 8.666
2019 06 01 10 12 14 KIBK 6.2643 126.552 90.21 -2.35907 38.0433 0.0 267.508 88.7725 302.203 767.192 763.66 4.703
2019 06 01 10 12 14 KMBO 6.2643 126.552 90.21 -1.1271 37.2525 0.02 268.811 89.4249 308.851 776.881 766.70 4.652
2019 06 01 10 12 14 SBV 6.2643 126.552 90.21 -13.4584 49.9212 0.0 254.962 78.5468 296.124 709.049 711.59 5.492
2019 06 01 10 12 14 VOI 6.2643 126.552 90.21 -21.9065 46.7933 0.0 247.067 82.8809 298.96 734.908 734.76 5.168
2019 06 25 02 53 38 VOI -6.4078 129.169 212.0 -21.9065 46.7933 0.0 248.91 80.5857 306.983 717.111 708.67 5.305
2019 07 08 15 08 31 VOI 0.5126 126.189 35.0 -21.9065 46.7933 0.0 247.803 80.3523 309.655 738.619 727.63 5.376
2019 07 15 05 39 16 KIBK -18.2237 120.357 10.0 -2.35907 38.0433 0.0 270.155 81.9684 303.1 744.504 739.98 5.254
2019 07 15 05 39 16 LODK -18.2237 120.357 10.0 3.42195 35.3616 0.0 274.795 86.3114 299.494 762.963 762.19 4.915
2019 07 15 05 39 16 VOI -18.2237 120.357 10.0 -21.9065 46.7933 0.0 253.084 68.5898 306.892 671.151 662.63 6.249
2019 07 15 09 10 37 SBV -0.529 128.093 10.0 -13.4584 49.9212 0.0 256.454 78.3734 306.403 728.484 720.63 5.527
2019 07 27 23 37 48 LODK 20.8436 121.976 10.0 3.42195 35.3616 0.0 271.989 85.6343 297.237 757.315 758.71 4.973
2019 07 27 23 37 48 VOI 20.8436 121.976 10.0 -21.9065 46.7933 0.0 244.357 84.7829 294.433 750.301 755.06 5.033
2019 08 02 18 28 04 WIN -34.2367 -72.3079 25.0 -22.5691 17.0915 0.0 108.582 77.1889 312.209 724.894 710.91 5.623
2019 08 03 12 03 16 VOI -7.2668 104.825 52.76 -21.9065 46.7933 0.0 248.759 57.6969 304.181 590.477 585.07 7.017
2019 08 03 12 03 16 WIN -7.2668 104.825 52.76 -22.5691 17.0915 0.0 247.956 85.1686 301.623 753.409 750.36 5.003
2019 08 28 23 55 11 KIBK -60.2152 -26.5801 16.0 -2.35907 38.0433 0.0 68.775 75.569 302.797 707.634 704.10 5.727
2019 09 20 07 06 29 KIBK -6.0708 111.842 610.0 -2.35907 38.0433 0.0 269.321 73.6485 304.708 638.868 632.71 5.652
2019 09 20 07 06 29 LODK -6.0708 111.842 610.0 3.42195 35.3616 0.0 274.916 76.9475 297.261 649.683 651.02 5.421
2019 09 20 07 06 29 SBV -6.0708 111.842 610.0 -13.4584 49.9212 0.0 258.037 61.3348 303.004 562.17 557.82 6.503
2019 09 20 07 06 29 VOI -6.0708 111.842 610.0 -21.9065 46.7933 0.0 248.732 64.6244 298.568 578.737 578.85 6.277
2019 09 25 21 19 28 KIBK -33.8146 56.2955 10.0 -2.35907 38.0433 0.0 327.519 35.643 307.725 426.591 419.21 8.577
2019 09 30 02 02 31 KIBK 5.6929 126.549 73.0 -2.35907 38.0433 0.0 267.52 88.7456 308.548 775.422 765.54 4.710
2019 09 30 02 02 31 SBV 5.6929 126.549 73.0 -13.4584 49.9212 0.0 255.074 78.3979 297.673 711.737 712.71 5.507
2019 09 30 02 02 31 VOI 5.6929 126.549 73.0 -21.9065 46.7933 0.0 247.133 82.6579 300.406 737.181 735.57 5.189
2019 10 17 11 36 58 KIBK 6.7138 125.001 12.76 -2.35907 38.0433 0.0 267.316 87.2534 305.012 772.649 766.27 4.841
2019 10 24 16 08 02 KIBK -1.0987 -13.8367 10.0 -2.35907 38.0433 0.0 92.1224 51.869 300.165 549.839 548.48 7.459
2019 10 24 16 08 02 LODK -1.0987 -13.8367 10.0 3.42195 35.3616 0.0 84.5794 49.3795 309.64 540.474 529.70 7.641
2019 10 24 16 08 02 VOI -1.0987 -13.8367 10.0 -21.9065 46.7933 0.0 114.111 62.4553 307.256 631.908 623.49 6.682
2019 10 24 16 08 02 WIN -1.0987 -13.8367 10.0 -22.5691 17.0915 0.0 127.644 36.8677 298.403 427.816 429.08 8.508
2019 10 30 01 04 26 LODK 6.7587 124.995 14.95 3.42195 35.3616 0.0 273.333 89.2395 307.261 783.939 775.32 4.686
2019 10 30 01 04 26 SBV 6.7587 124.995 14.95 -13.4584 49.9212 0.0 254.598 77.1833 298.563 713.214 713.32 5.614
2019 11 01 01 11 10 LODK 6.9079 125.183 10.0 3.42195 35.3616 0.0 273.354 89.4173 295.072 773.404 776.98 4.673
2019 11 01 01 11 10 SBV 6.9079 125.183 10.0 -13.4584 49.9212 0.0 254.599 77.4027 310.584 727.281 715.36 5.599
2019 11 01 01 11 10 VOI 6.9079 125.183 10.0 -21.9065 46.7933 0.0 246.761 81.8809 309.15 750.105 739.77 5.257
2019 11 03 18 08 22 LODK -55.6659 -26.2338 8.0 3.42195 35.3616 0.0 64.1788 77.2792 304.642 720.598 715.40 5.604
2019 11 15 16 17 23 KIBK 1.6199 126.414 33.0 -2.35907 38.0433 0.0 267.611 88.4385 311.697 781.867 768.81 4.745
2019 11 15 16 17 23 SBV 1.6199 126.414 33.0 -13.4584 49.9212 0.0 255.903 77.2527 301.022 713.332 710.89 5.606
2019 11 15 21 12 34 KIBK 1.5673 126.414 23.0 -2.35907 38.0433 0.0 267.612 88.4359 309.481 781.117 770.27 4.748
2019 11 15 21 12 34 SBV 1.5673 126.414 23.0 -13.4584 49.9212 0.0 255.915 77.2395 300.522 714.211 712.27 5.610
2019 11 27 02 54 02 LODK 41.5149 19.5212 20.0 3.42195 35.3616 0.0 155.196 40.505 301.823 460.124 458.74 8.260
2019 11 28 07 23 24 LODK 35.7272 23.2673 71.76 3.42195 35.3616 0.0 158.058 34.0378 309.238 407.145 398.40 8.651
2019 12 16 06 11 36 KIBK 6.6969 125.174 18.0 -2.35907 38.0433 0.0 267.337 87.424 312.273 779.856 766.22 4.826
2019 12 21 11 39 35 KIBK 36.545 70.4485 212.0 -2.35907 38.0433 0.0 225.129 49.0738 299.913 506.628 506.81 7.563
2019 12 21 11 39 35 SBV 36.545 70.4485 212.0 -13.4584 49.9212 0.0 205.156 53.3725 309.092 547.808 539.42 7.248
2019 12 21 11 39 35 VOI 36.545 70.4485 212.0 -21.9065 46.7933 0.0 204.891 62.2841 314.874 615.634 601.44 6.607
2020 01 08 06 05 02 LODK 2.3334 96.347 20.34 3.42195 35.3616 0.0 272.601 60.9101 303.58 616.204 611.26 6.798
2020 01 08 06 05 02 VOI 2.3334 96.347 20.34 -21.9065 46.7933 0.0 240.798 54.0586 299.624 563.793 563.38 7.293
2020 01 20 13 27 32 KIBK 39.8309 77.1064 6.28 -2.35907 38.0433 0.0 230.102 55.1576 298.387 572.656 574.17 7.209
2020 01 20 13 27 32 LODK 39.8309 77.1064 6.28 3.42195 35.3616 0.0 237.128 52.3118 305.216 558.565 553.00 7.420
2020 01 20 16 58 11 VOI -0.1108 123.778 121.87 -21.9065 46.7933 0.0 247.73 77.8862 296.641 702.262 704.27 5.531
2020 01 21 06 51 16 KIBK -59.2336 -26.2748 91.29 -2.35907 38.0433 0.0 68.7376 75.068 304.567 697.352 692.05 5.743
2020 01 25 17 55 05 LODK 38.3898 39.0814 11.91 3.42195 35.3616 0.0 186.488 34.9691 303.368 416.101 413.36 8.616
2020 01 25 17 55 05 VOI 38.3898 39.0814 11.91 -21.9065 46.7933 0.0 171.761 60.412 314.952 625.385 611.39 6.813
