1995 09 17 17 09 20.490 KMBO -17.122 66.69 8.5 -1.1268 37.2523 1.94 295.663 33.0357 305.314 399.829 396.06 8.740
1995 10 06 18 09 46.670 KMBO -2.009 101.501 36.7 -1.1268 37.2523 1.94 269.72 64.2275 304.226 634.563 631.15 6.554
1995 10 18 09 30 39.730 KMBO 36.448 70.39 234.8 -1.1268 37.2523 1.94 226.927 48.4344 302.68 499.977 499.67 7.600
1995 10 23 22 46 49.700 KMBO 25.992 102.236 2.9 -1.1268 37.2523 1.94 257.439 68.1606 303.343 663.671 661.71 6.274
1995 10 29 19 24 32.200 KMBO 0.825 126.033 63.7 -1.1268 37.2523 1.94 268.863 88.7971 303.657 769.485 766.85 4.709
1995 11 05 16 29 59.280 KMBO -4.926 103.233 44.1 -1.1268 37.2523 1.94 270.957 65.9741 301.73 642.478 641.67 6.424
1995 11 08 07 14 18.260 KMBO 1.821 95.059 29.2 -1.1268 37.2523 1.94 267.541 57.8733 303.416 591.184 589.06 7.012
1995 11 08 16 01 21.300 KMBO 1.266 121.659 35.2 -1.1268 37.2523 1.94 268.753 84.4338 302.593 750.321 748.85 5.064
1995 11 13 02 17 53.20 KMBO 3.592 126.782 52.8 -1.1268 37.2523 1.94 268.854 89.6003 302.748 773.776 771.89 4.648
1995 12 05 06 32 06.930 KMBO -9.001 124.688 37.7 -1.1268 37.2523 1.94 269.292 87.2932 305.657 766.727 762.70 4.833
1996 01 01 08 05 09.560 KMBO 0.684 119.984 15.4 -1.1268 37.2523 1.94 268.785 82.747 303.408 745.875 743.18 5.199
1996 01 22 23 19 57.590 KMBO -60.6 -25.968 10.1 -1.1268 37.2523 1.94 66.8203 76.1572 304.22 711.67 708.49 5.684
1996 02 03 11 14 20.40 KMBO 27.287 100.294 10 -1.1268 37.2523 1.94 255.886 66.7667 303.191 654.191 651.78 6.372
1996 02 07 07 57 18.290 KMBO 1.023 120.209 13.8 -1.1268 37.2523 1.94 268.747 82.9792 302.186 745.936 744.65 5.183
1996 02 12 09 08 12.150 KMBO -11.074 118.742 42.5 -1.1268 37.2523 1.94 270.525 81.4329 303.555 735.445 732.46 5.289
1996 02 18 23 49 28.260 KMBO -1.238 -14.292 10 -1.1268 37.2523 1.94 90.4526 51.5328 303.431 548.209 545.96 7.484
1996 02 28 09 44 09.340 KMBO 1.717 126.134 107.1 -1.1268 37.2523 1.94 268.848 88.9157 303.339 765.002 762.35 4.688
1996 03 05 14 52 30.40 KMBO 24.083 122.266 41.8 -1.1268 37.2523 1.94 266.947 85.8999 301.927 756.89 755.47 4.942
1996 03 19 15 00 25.940 KMBO 40.01 76.707 25 -1.1268 37.2523 1.94 231.28 54.5204 302.021 566.084 566.61 7.253
1996 05 03 03 32 44.760 KMBO 40.765 109.647 9.5 -1.1268 37.2523 1.94 257.485 77.468 302.403 716.645 715.92 5.593
1996 06 02 02 52 09.620 KMBO 10.794 -42.272 10 -1.1268 37.2523 1.94 93.0867 79.9228 305.141 733.524 729.12 5.415
1996 06 06 17 35 36.80 KMBO -41.28 80.672 10 -1.1268 37.2523 1.94 303.945 55.9328 302.832 580.755 578.91 7.156
1996 06 11 18 22 53.430 KMBO 12.65 125.202 16.4 -1.1268 37.2523 1.94 268.461 88.2429 301.687 771.26 770.41 4.764
1996 07 16 10 07 35.860 KMBO 1.028 120.33 24.9 -1.1268 37.2523 1.94 268.749 83.1002 302.543 744.687 743.53 5.172
1996 07 20 00 00 41.570 KMBO 36.13 27.052 26.8 -1.1268 37.2523 1.94 163.388 38.2657 304.34 440.794 439.43 8.406
1996 07 22 14 19 35.700 KMBO 1.017 120.476 33.9 -1.1268 37.2523 1.94 268.753 83.2459 303.063 744.396 742.96 5.159
1996 08 12 17 00 28.590 KMBO -0.249 125.134 51.2 -1.1268 37.2523 1.94 268.889 87.8773 303.804 766.218 763.94 4.785
1996 08 22 05 35 43.160 KMBO -7.159 123.35 614 -1.1268 37.2523 1.94 269.371 85.9896 302.226 698.069 696.63 4.748
1996 08 27 10 50 49.100 KMBO -36.79 78.571 10 -1.1268 37.2523 1.94 303.207 52.0885 300.633 550.535 550.82 7.435
1996 09 05 23 42 07.150 KMBO 21.926 121.512 24.5 -1.1268 37.2523 1.94 266.82 85.0894 303.287 756.165 753.77 5.014
1996 09 20 00 03 19.970 KMBO 9.591 126.346 51.1 -1.1268 37.2523 1.94 268.746 89.2916 303.049 772.108 770.66 4.673
1996 09 20 04 10 28.220 KMBO 9.474 126.323 39.5 -1.1268 37.2523 1.94 268.744 89.2664 302.176 772.985 771.89 4.678
1996 09 20 12 24 38.470 KMBO 9.472 126.481 6.7 -1.1268 37.2523 1.94 268.77 89.4222 304.058 780.617 777.59 4.672
1996 09 28 14 10 41.230 KMBO 10.074 125.39 223.5 -1.1268 37.2523 1.94 268.574 88.361 302.011 747.813 746.44 4.699
1996 10 02 09 48 03.100 KMBO 11.772 125.517 46.8 -1.1268 37.2523 1.94 268.552 88.528 301.183 768.089 767.57 4.734
1996 10 08 01 36 54.190 KMBO -45.809 96.103 10 -1.1268 37.2523 1.94 292.587 67.9325 301.054 658.893 659.32 6.287
1996 10 09 13 10 50.420 KMBO 34.528 32.095 19 -1.1268 37.2523 1.94 171.161 35.7964 303.166 419.78 419.56 8.564
1996 10 10 15 21 02.830 KMBO 3.485 97.876 19.7 -1.1268 37.2523 1.94 266.774 60.7661 303.931 613.131 610.40 6.808
1997 02 04 10 37 51.190 KMBO 37.738 57.289 35.7 -1.1268 37.2523 1.94 210.226 42.881 303.893 477.734 476.20 8.088
1997 02 27 21 08 02.710 KMBO 29.961 68.202 33.6 -1.1268 37.2523 1.94 229.252 42.7432 306.293 478.631 474.91 8.102
1997 02 27 21 30 37.990 KMBO 30.037 67.974 43.4 -1.1268 37.2523 1.94 228.936 42.6433 304.158 475.175 473.08 8.105
1997 02 28 12 57 22.780 KMBO 38.088 48.04 39.2 -1.1268 37.2523 1.94 196.828 40.2726 302.589 454.822 454.67 8.266
1997 03 17 08 05 50.550 KMBO -6.66 105.483 50.9 -1.1268 37.2523 1.94 271.439 68.2486 302.524 656.98 655.34 6.257
1997 04 11 05 34 43.830 KMBO 39.555 76.947 20 -1.1268 37.2523 1.94 231.77 54.3825 303.239 567.421 566.29 7.264
1997 05 08 02 53 14.530 KMBO 24.889 92.276 33.7 -1.1268 37.2523 1.94 252.544 59.1803 303.509 599.995 597.85 6.916
1997 05 10 07 57 29.580 KMBO 33.878 59.823 6.7 -1.1268 37.2523 1.94 215.984 40.778 304.64 465.075 463.06 8.245
1997 06 02 21 24 39.40 KMBO -57.862 -25.642 33 -1.1268 37.2523 1.94 67.1757 74.9294 303.088 700.063 697.96 5.770
1997 08 13 04 45 03.180 KMBO 25.132 125.866 39.5 -1.1268 37.2523 1.94 268.4 89.2165 302.283 773.141 771.68 4.682
1997 08 20 07 15 14.480 KMBO 4.308 96.505 24.7 -1.1268 37.2523 1.94 266.164 59.4512 305.527 605.05 600.68 6.903
1997 09 17 14 50 36.350 KMBO 2.099 126.61 45.2 -1.1268 37.2523 1.94 268.858 89.399 303.312 773.968 771.84 4.666
1997 09 25 14 20 48.940 KMBO -13.749 66.255 10 -1.1268 37.2523 1.94 291.149 31.3167 302.2 381.288 380.62 8.809
1997 09 26 09 40 25.280 KMBO 43.092 12.818 0.5 -1.1268 37.2523 1.94 146.88 49.1933 301.2 529.948 531.04 7.645
1997 10 05 18 04 31.140 KMBO -59.737 -29.439 274.3 -1.1268 37.2523 1.94 70.1646 77.4543 302.394 687.282 685.43 5.511
1997 10 06 12 30 07.540 KMBO 9.761 125.803 124 -1.1268 37.2523 1.94 268.652 88.7602 302.695 761.183 759.66 4.696
1997 11 08 10 02 53.380 KMBO 35.116 87.374 38.1 -1.1268 37.2523 1.94 243.467 59.0469 301.291 596.92 596.68 6.922
1997 11 18 13 07 38.330 KMBO 37.482 20.692 10 -1.1268 37.2523 1.94 154.454 41.3634 302.696 467.379 467.55 8.201
1997 11 21 11 23 03.490 KMBO 22.219 92.683 29.6 -1.1268 37.2523 1.94 254.302 58.7799 303.282 597.823 595.60 6.946
1997 11 25 12 14 36.120 KMBO 1.208 122.562 46.3 -1.1268 37.2523 1.94 268.779 85.3351 301.774 753.685 752.10 4.989
1998 03 29 07 15 00.200 KMBO -0.05 -17.966 10 -1.1268 37.2523 1.94 91.3282 55.2247 302.523 575.342 573.10 7.213
1998 04 01 17 56 23.960 KMBO -0.502 99.322 61.6 -1.1268 37.2523 1.94 268.998 62.0656 302.977 616.023 614.11 6.696
1998 04 10 16 40 39.570 KMBO -1.215 -15.65 10 -1.1268 37.2523 1.94 90.4905 52.8906 302.836 557.28 556.06 7.385
1998 06 18 04 17 55.600 KMBO -11.476 -14.073 10 -1.1268 37.2523 1.94 82.385 51.9527 305.376 552.814 549.16 7.452
1998 06 27 13 55 53.470 KMBO 36.845 35.325 46.6 -1.1268 37.2523 1.94 176.857 37.8222 298.099 428.658 433.54 8.425
1998 09 21 06 52 44.650 KMBO 0.194 122.468 181.3 -1.1268 37.2523 1.94 268.861 85.2204 302.144 736.521 736.00 4.957
1998 09 28 13 34 30.360 KMBO -8.174 112.444 157.2 -1.1268 37.2523 1.94 270.993 75.1829 303.873 688.547 685.05 5.716
1998 09 28 19 23 24.460 KMBO 3.832 126.41 45.1 -1.1268 37.2523 1.94 268.827 89.234 302.486 773.051 771.08 4.679
1998 10 28 16 25 04.690 KMBO 0.82 125.956 46 -1.1268 37.2523 1.94 268.862 88.72 303.726 771.06 768.56 4.719
1998 11 08 07 25 49.740 KMBO -9.133 121.45 46.9 -1.1268 37.2523 1.94 269.807 84.0942 305.861 750.121 745.77 5.087
1998 11 19 15 39 21.350 KMBO 22.673 125.771 23 -1.1268 37.2523 1.94 268.398 89.0611 301.764 774.427 773.25 4.698
1998 12 06 00 47 14.210 KMBO 1.295 126.272 42.9 -1.1268 37.2523 1.94 268.859 89.0453 303.444 773.265 770.45 4.695
1998 12 16 17 45 06.750 KMBO 1.114 126.126 51.8 -1.1268 37.2523 1.94 268.859 88.8957 304.469 771.753 768.71 4.704
1998 12 26 15 39 10.420 KMBO -1.415 123.63 60.7 -1.1268 37.2523 1.94 268.968 86.352 305.178 759.798 755.45 4.900
1999 02 06 17 45 27.80 KMBO 19.246 121.253 52.1 -1.1268 37.2523 1.94 266.966 84.7025 302.381 750.328 748.29 5.038
1999 02 23 07 27 58.230 KMBO 0.145 119.483 50.4 -1.1268 37.2523 1.94 268.851 82.2351 304.589 739.374 735.78 5.227
1999 02 25 18 58 29.600 KMBO 51.632 104.914 10 -1.1268 37.2523 1.94 251.505 77.1988 301.454 714.901 714.43 5.611
1999 03 04 05 38 26.810 KMBO 28.277 57.203 36.9 -1.1268 37.2523 1.94 216.554 34.9458 303.95 411.18 409.50 8.611
1999 03 04 08 51 59.380 KMBO 5.394 121.923 15 -1.1268 37.2523 1.94 268.382 84.8 302.388 755.008 753.76 5.039
1999 03 04 08 52 01.00 KMBO 5.413 122.077 33 -1.1268 37.2523 1.94 268.395 84.9538 303.504 754.504 751.80 5.023
1999 03 28 19 05 12.270 KMBO 30.511 79.421 22.9 -1.1268 37.2523 1.94 239.764 50.9754 303.215 541.973 540.47 7.514
1995 04 14 13 15 17.600 NAI -60.773 -20.021 10 -1.2739 36.8037 1.692 60.8967 73.2781 305.807 696.21 691.92 5.898
1995 04 17 07 14 35.320 NAI 33.758 -38.58 10 -1.2739 36.8037 1.692 99.2723 78.582 303.003 723.687 721.95 5.509
1995 04 21 00 09 54.420 NAI 12.007 125.668 20.1 -1.2739 36.8037 1.692 268.527 89.1507 300.752 774.335 774.09 4.691
1995 04 21 00 30 10.730 NAI 11.943 125.584 15.3 -1.2739 36.8037 1.692 268.511 89.0669 303.436 776.659 774.49 4.699
1995 04 21 00 34 46.460 NAI 12.072 125.58 20.7 -1.2739 36.8037 1.692 268.508 89.0663 303.87 776.363 773.60 4.698
1995 04 23 05 07 58.60 NAI 12.374 125.492 0.9 -1.2739 36.8037 1.692 268.484 88.9882 303.065 779.009 776.53 4.707
1995 05 05 03 53 43.590 NAI 12.627 125.28 5.3 -1.2739 36.8037 1.692 268.434 88.788 303.383 776.797 774.85 4.722
1995 05 06 01 59 07.40 NAI 24.96 95.294 117.6 -1.2739 36.8037 1.692 254.316 62.2891 302.085 611.048 609.83 6.654
1995 05 13 08 47 13.60 NAI 40.167 21.686 13.9 -1.2739 36.8037 1.692 157.74 43.4971 302.646 484.59 484.36 8.050
1995 05 14 11 33 18.810 NAI -8.409 125.105 11.2 -1.2739 36.8037 1.692 268.994 88.1358 303.72 772.914 770.74 4.774
1995 05 15 04 05 57.940 NAI 41.589 88.816 0 -1.2739 36.8037 1.692 241.744 63.4495 303.137 633.201 632.22 6.612
1995 05 18 00 06 27.680 NAI -0.844 -22.012 12.2 -1.2739 36.8037 1.692 90.9717 58.8062 304.302 601.625 598.11 6.951
1995 05 23 22 10 12.110 NAI -55.878 -3.377 10 -1.2739 36.8037 1.692 46.2014 63.3404 296.273 625.166 630.00 6.616
1995 06 15 00 15 47.220 NAI 38.404 22.271 2.9 -1.2739 36.8037 1.692 157.843 41.6955 304.693 473.476 471.44 8.179
1995 07 27 05 51 20.190 NAI -12.577 79.226 23.9 -1.2739 36.8037 1.692 281.574 43.5054 302.359 483.172 481.57 8.058
1995 08 17 00 59 57.930 NAI 41.563 88.791 0 -1.2739 36.8037 1.692 241.735 63.4207 302.976 633.05 632.03 6.614
1995 08 18 02 16 26.770 NAI -55.791 -28.841 37.9 -1.2739 36.8037 1.692 70.2077 75.4582 304.318 703.551 700.35 5.730
1995 08 29 07 25 48.900 NAI -48.01 99.49 10 -1.2739 36.8037 1.692 290.103 71.0704 304.48 681.584 678.64 6.060
2002 01 03 07 05 26.100 GHAR 36.039 70.679 115 32.1224 13.0885 0.65 282.781 47.2693 301.332 502.254 500.79 7.757
2002 03 03 12 08 06.650 GHAR 36.472 70.45 194.7 32.1224 13.0885 0.65 282.292 46.9948 302.206 492.578 490.70 7.740
2002 03 03 12 08 18.00 GHAR 36.496 70.517 208.9 32.1224 13.0885 0.65 282.299 47.0424 301.309 491.281 489.69 7.729
2002 06 28 17 19 30.610 GHAR 43.763 130.665 568 32.1224 13.0885 0.65 311.014 85.4038 300.985 697.421 696.66 4.828
2002 10 12 20 09 09.920 GHAR -8.315 -71.669 516.4 32.1224 13.0885 0.65 57.6684 89.9598 303.612 725.732 724.22 4.629
2002 10 23 11 27 20.130 GHAR 63.554 -148.067 19.7 32.1224 13.0885 0.65 16.0131 83.4773 302.218 748.128 744.60 5.168
2002 11 02 01 26 11.830 GHAR 2.979 96.114 31 32.1224 13.0885 0.65 301.846 82.5181 304.061 742.271 739.58 5.213
2002 11 03 22 12 41.130 GHAR 63.628 -147.611 10.8 32.1224 13.0885 0.65 16.4008 83.3491 300.487 747.389 745.41 5.180
2000 01 08 11 59 24.700 MELI -23.219 -70.189 61.5 35.2899 -2.9392 0.04 49.1168 86.24 301.774 755.117 755.72 4.894
2000 04 23 09 27 23.30 MELI -28.289 -62.944 603.6 35.2899 -2.9392 0.04 45.3452 84.8639 300.087 692.09 693.26 4.818
2000 04 23 17 01 17.290 MELI -28.332 -62.926 604.6 35.2899 -2.9392 0.04 45.333 84.8827 300.986 692.729 693.27 4.816
2000 05 12 18 43 15.160 MELI -23.779 -66.74 193.5 35.2899 -2.9392 0.04 47.539 84.2451 301.963 730.836 730.75 5.017
2000 05 12 23 10 26.540 MELI 35.911 70.683 77.3 35.2899 -2.9392 0.04 292.94 58.4597 301.937 588.43 586.80 6.962
2000 12 06 17 11 06.610 MELI 39.493 54.811 33 35.2899 -2.9392 0.04 283.689 45.405 301.166 495.596 494.48 7.929
2000 12 12 05 26 46.290 MELI 6.028 -82.66 10 35.2899 -2.9392 0.04 55.3289 78.16 301.985 720.734 719.32 5.545
2001 01 10 16 02 43.580 MELI 56.986 -153.462 33 35.2899 -2.9392 0.04 23.8438 84.753 301.821 751.281 749.08 5.066
2001 01 26 03 16 40.260 MELI 23.442 70.31 16 35.2899 -2.9392 0.04 299.041 63.6375 302.691 632.47 629.55 6.609
2001 06 23 20 33 09.330 MELI -16.303 -73.561 2.2 35.2899 -2.9392 0.04 50.8615 84.249 301.296 753.997 753.81 5.074
2001 06 23 21 27 35.800 MELI -17.181 -72.642 33 35.2899 -2.9392 0.04 50.4728 84.1212 303.069 749.3 748.33 5.077
2001 06 26 04 18 32.670 MELI -17.831 -71.63 33 35.2899 -2.9392 0.04 50.0523 83.7918 303.776 748.109 746.68 5.103
2001 07 07 09 38 43.700 MELI -17.568 -72.007 33 35.2899 -2.9392 0.04 50.2127 83.9 301.682 747.018 747.22 5.094
2001 07 28 07 32 43.440 MELI 59.014 -155.089 134.1 35.2899 -2.9392 0.04 22.6347 83.226 302.799 733.396 729.58 5.157
2002 03 03 12 08 18.00 MELI 36.496 70.517 208.9 35.2899 -2.9392 0.04 292.542 58.1102 300.114 571.065 570.54 6.937
2002 04 18 16 08 36.920 MELI -27.52 -70.494 61.2 35.2899 -2.9392 0.04 49.1264 89.2523 302.781 770.9 770.24 4.657
2002 06 22 02 58 21.470 MELI 35.589 49.022 10 35.2899 -2.9392 0.04 285.337 41.9201 303.461 473.014 469.88 8.181
2002 09 13 22 28 29.380 MELI 13.005 93.105 21 35.2899 -2.9392 0.04 305.479 87.4412 302.26 766.903 765.35 4.832
2002 10 12 20 09 09.920 MELI -8.315 -71.669 516.4 35.2899 -2.9392 0.04 51.2519 77.8155 303.505 665.608 664.25 5.393
2002 10 24 06 08 38.730 MELI -1.951 29.05 19.2 35.2899 -2.9392 0.04 324.081 47.624 303.462 516.755 515.77 7.756
2002 11 03 22 12 41.130 MELI 63.628 -147.611 10.8 35.2899 -2.9392 0.04 28.9828 77.4952 302.147 717.04 713.86 5.616
2003 01 22 02 06 35.950 MELI 18.896 -104.081 27.4 35.2899 -2.9392 0.04 53.4319 87.9671 302.482 768.573 766.73 4.795
2003 05 14 06 03 33.630 MELI 18.36 -58.627 20.3 35.2899 -2.9392 0.04 59.2603 51.828 301.697 547.108 546.19 7.463
2003 07 27 11 41 27.20 MELI -20.136 -65.125 345 35.2899 -2.9392 0.04 47.1566 80.6858 300.938 695.961 696.19 5.237
2003 09 22 04 45 36.540 MELI 19.798 -70.659 10 35.2899 -2.9392 0.04 59.9958 60.9422 302.659 615.162 612.63 6.803
2003 09 27 11 33 25.130 MELI 50.008 87.778 16 35.2899 -2.9392 0.04 294.854 64.3551 303.058 636.971 633.59 6.565
2003 10 01 01 03 26.310 MELI 50.159 87.707 17.7 35.2899 -2.9392 0.04 294.743 64.2501 302.764 635.497 632.63 6.572
2004 01 16 18 07 53.950 MELI 7.664 -37.659 10 35.2899 -2.9392 0.04 44.0903 42.0403 301.922 472.015 472.16 8.161
2004 04 05 21 24 00.960 MELI 36.557 71.003 168.5 35.2938 -2.935 0.005 292.704 58.4434 300.723 577.77 577.00 6.930
2004 05 28 12 38 43.40 MELI 36.321 51.587 17 35.2938 -2.935 0.005 285.484 43.728 299.703 483.67 483.41 8.053
2004 11 15 09 06 55.390 MELI 4.741 -77.47 15 35.2938 -2.935 0.005 54.8401 74.656 302.246 699.857 698.72 5.800
2004 11 20 08 07 22.00 MELI 9.59 -84.149 24.5 35.2938 -2.935 0.005 55.9377 77.3835 303.533 715.534 712.55 5.603
2004 11 21 11 41 07.290 MELI 15.733 -61.678 21.2 35.2938 -2.935 0.005 57.8491 55.6845 306.411 580.122 574.36 7.180
2005 03 21 12 23 53.70 MELI -24.941 -63.456 576.6 35.2938 -2.935 0.005 45.8632 82.8633 300.888 684.867 685.75 4.985
2005 03 21 12 43 11.350 MELI -24.68 -63.508 567.1 35.2938 -2.935 0.005 45.9127 82.7163 300.982 684.631 685.84 5.001
2005 04 11 14 54 05.410 MELI -7.313 -77.962 128.6 35.2938 -2.935 0.005 52.9171 82.1304 301.482 727.121 726.65 5.208
2005 06 13 22 44 32.420 MELI -19.917 -69.215 111.9 35.2938 -2.935 0.005 48.93 83.4055 302.473 736.102 735.64 5.109
2005 07 24 15 42 05.00 MELI 7.906 92.145 17.5 35.2938 -2.935 0.005 305.429 89.608 303.476 779.525 776.36 4.661
2005 09 26 01 55 37.710 MELI -5.736 -76.475 129.1 35.2938 -2.935 0.005 52.8053 80.0067 302.346 715.685 715.32 5.370
2005 10 08 03 50 35.990 MELI 34.523 73.64 7.9 35.2938 -2.935 0.005 294.807 61.2293 304.106 618.165 614.43 6.788
2005 11 17 19 26 54.800 MELI -22.367 -67.942 161.7 35.2938 -2.935 0.005 48.1878 84.1282 302.376 733.623 733.69 5.037
2006 04 20 23 25 02.960 MELI 61.039 167.097 26.6 35.2938 -2.935 0.005 351.809 83.6655 299.852 744.915 744.43 5.155
2006 04 29 16 58 06.870 MELI 60.581 167.535 13.4 35.2938 -2.935 0.005 352.175 84.1505 300.31 749.463 748.98 5.118
2006 08 25 00 44 46.530 MELI -24.345 -67.009 184.9 35.2938 -2.935 0.005 47.6229 84.8118 299.61 732.093 734.56 4.973
2006 09 22 02 32 24.600 MELI -26.845 -63.114 583 35.2938 -2.935 0.005 45.5332 83.9672 300.417 688.836 690.69 4.894
2006 10 20 10 48 57.800 MELI -13.496 -76.667 34.3 35.2938 -2.935 0.005 52.0397 84.8639 301.319 751.524 751.73 5.021
2006 11 13 01 26 36.370 MELI -26.16 -63.291 581.9 35.2938 -2.935 0.005 45.6769 83.6032 301.325 687.996 688.98 4.923
