2005 06 13 22 44 24.007 CEU -19.9172 -69.2156 111.9 35.8987 -5.3731 0.32 47.3851 82.0049 307.909 736.747 728.45 5.215
2008 06 22 23 56 17.156 CEU 67.7013 141.181 22.2 35.8987 -5.3731 0.32 332.206 73.677 311.596 703.835 690.13 5.893
2008 06 28 12 54 41.503 CEU 10.8674 91.7274 27.9 35.8987 -5.3731 0.32 306.318 89.3831 303.876 778.868 773.62 4.678
2008 07 05 2 11 59.314 CEU 53.9462 152.863 646.1 35.8987 -5.3731 0.32 342.474 88.5608 303.463 709.544 704.20 4.640
2008 07 08 9 13 6.267 CEU -15.9861 -71.7482 122.6 35.8987 -5.3731 0.32 48.8295 81.1891 299.9 723.228 722.79 5.272
2001 02 25 2 21 54.582 GHAR 36.482 70.865 186.2 32.1224 13.0885 0.65 282.462 47.3194 303.493 499.008 494.04 7.720
2004 04 05 21 23 53.090 GHAR 36.5576 71.0033 168.5 32.1224 13.0885 0.65 282.454 47.4119 306.879 504.856 496.50 7.722
2004 09 28 15 27 40.038 GHAR -52.5011 28.0501 10 32.1224 13.0885 0.65 347.302 85.2762 296.261 754.404 758.74 4.973
2005 03 13 3 31 9.621 GHAR 27.0839 61.9044 51.8 32.1224 13.0885 0.65 288.91 42.4559 311.642 482.144 469.21 8.127
2011 10 13 3 16 19.877 KIBK -9.3634 114.555 63.2 -2.35907 38.0433 0.79 269.842 76.3148 311.142 714.684 702.04 5.666
2011 10 23 20 45 20.276 KIBK 38.5893 43.1165 10.1 -2.35907 38.0433 0.79 187.738 41.0136 315.182 479.275 464.89 8.224
2011 11 08 2 58 55.951 KIBK 27.2502 125.723 228.2 -2.35907 38.0433 0.79 266.857 89.0039 311.1 761.218 748.98 4.647
2011 12 11 9 54 43.670 KIBK -56.049 -28.2135 130.6 -2.35907 38.0433 0.79 71.2719 74.9559 312.537 700.286 686.96 5.739
2011 12 13 7 52 2.104 KIBK 0.0473 123.063 167.4 -2.35907 38.0433 0.79 267.644 85.0259 307.749 745.764 736.60 4.978
2011 12 27 15 21 53.561 KIBK 51.8349 95.9643 12.8 -2.35907 38.0433 0.79 242.458 72.7106 301.369 690.177 688.26 5.938
2012 01 10 18 36 47.357 KIBK 2.4307 93.2081 20.9 -2.35907 38.0433 0.79 265.476 55.3535 312.163 585.725 572.32 7.200
2012 01 15 13 40 18.717 KIBK -60.701 -55.8579 17.3 -2.35907 38.0433 0.79 94.5482 89.8761 302.275 780.977 777.79 4.643
2012 01 15 14 21 26.529 KIBK -60.8685 -56.0334 23 -2.35907 38.0433 0.79 94.7009 89.9484 303.677 781.817 777.23 4.643
2012 01 22 5 53 41.392 KIBK -56.9317 -25.2293 18.7 -2.35907 38.0433 0.79 68.3955 73.7072 300.083 693.71 692.89 5.866
2012 02 06 3 49 2.016 KIBK 9.9194 123.217 17.5 -2.35907 38.0433 0.79 266.857 85.651 308.168 767.171 757.63 4.969
2012 02 26 6 17 9.385 KIBK 51.8008 95.9804 13 -2.35907 38.0433 0.79 242.481 72.7037 306.552 695.286 688.19 5.938
2012 04 11 8 38 27.712 KIBK 2.2376 93.0144 26.3 -2.35907 38.0433 0.79 265.59 55.1456 309.237 580.544 570.07 7.214
2012 04 11 10 43 7.324 KIBK 0.7675 92.4284 21.6 -2.35907 38.0433 0.79 266.574 54.4614 301.59 568.585 565.76 7.267
2012 04 15 5 57 27.829 KIBK 2.581 90.3359 25 -2.35907 38.0433 0.79 265.07 52.5061 310.231 562.371 550.95 7.408
2012 05 20 2 3 49.474 KIBK 44.873 11.2227 17.7 -2.35907 38.0433 0.79 145.504 52.752 301.293 556.088 555.09 7.380
2012 06 10 12 44 6.330 KIBK 36.3847 28.9676 32 -2.35907 38.0433 0.79 165.642 39.4633 310.018 458.107 448.84 8.322
2012 06 16 22 18 44.879 KIBK 15.5423 119.604 44.9 -2.35907 38.0433 0.79 265.461 82.5038 303.952 743.192 737.88 5.209
2012 06 23 4 34 43.029 KIBK 3.0022 97.9116 101.9 -2.35907 38.0433 0.79 265.571 60.0818 308.429 606.119 596.37 6.829
2012 06 29 21 7 19.359 KIBK 43.4335 84.6125 17.1 -2.35907 38.0433 0.79 235.41 61.8111 311.402 630.412 618.70 6.722
2012 07 26 5 33 29.412 KIBK -17.5507 66.2905 16.2 -2.35907 38.0433 0.79 295.425 31.5735 303.755 386.3122 382.02 8.799
2012 08 11 12 23 4.211 KIBK 38.4023 46.838 8.7 -2.35907 38.0433 0.79 193.366 41.3651 311.971 479.179 467.96 8.200
2012 08 12 10 46 52.640 KIBK 35.6526 82.5417 14 -2.35907 38.0433 0.79 237.459 56.1731 311.248 591.627 580.05 7.136
2012 08 26 15 5 27.128 KIBK 2.1983 126.87 90.9 -2.35907 38.0433 0.79 267.613 88.9174 308.593 774.184 764.25 4.692
2012 09 03 18 23 8.216 KIBK -10.677 113.965 34.8 -2.35907 38.0433 0.79 270.269 75.734 297.547 701 701.96 5.714
2012 09 14 4 51 37.943 KIBK -3.3008 100.67 23.3 -2.35907 38.0433 0.79 269.061 62.5494 308.084 631.36 621.88 6.673
2012 10 17 4 42 15.918 KIBK 4.1791 124.561 338.4 -2.35907 38.0433 0.79 267.407 86.7 313.571 741.072 726.15 4.794
2012 12 11 6 18 24.680 KIBK 0.5606 126.224 43.8 -2.35907 38.0433 0.79 267.638 88.2046 304.478 772.217 766.37 4.761
2013 03 19 3 28 53.823 KIBK -58.9815 -24.5697 52 -2.35907 38.0433 0.79 67.2508 74.1576 309.763 701.709 691.23 5.824
2013 03 27 2 3 19.070 KIBK 23.8815 121.135 18.6 -2.35907 38.0433 0.79 265.056 84.6321 298.846 752.495 752.40 5.051
2013 04 09 11 52 47.191 KIBK 28.4463 51.629 12.8 -2.35907 38.0433 0.79 205.313 33.2937 302.259 400.3872 398.67 8.722
2013 04 16 10 44 11.475 KIBK 27.9704 62.136 63.1 -2.35907 38.0433 0.79 221.456 38.0302 306.131 439.075 433.17 8.409
2013 05 11 2 8 0.199 KIBK 26.6583 57.8438 15.1 -2.35907 38.0433 0.79 216.577 34.6095 311.926 421.146 409.54 8.639
2013 06 02 5 42 50.874 KIBK 23.8318 121.059 17 -2.35907 38.0433 0.79 265.029 84.5585 311.938 765.483 752.30 5.057
2013 09 05 4 1 35.566 KIBK 15.2518 -45.2139 10.4 -2.35907 38.0433 0.79 94.043 84.1142 298.483 750.936 751.10 5.093
2013 09 24 11 29 46.738 KIBK 26.9109 65.5315 15.5 -2.35907 38.0433 0.79 226.638 39.3708 300.548 450.229 449.76 8.339
2013 09 28 7 34 1.328 KIBK 27.1617 65.6192 18.7 -2.35907 38.0433 0.79 226.522 39.5993 303.829 454.92 451.17 8.322
2013 10 31 12 2 8.796 KIBK 23.5436 121.458 14.8 -2.35907 38.0433 0.79 265.218 84.8985 299.749 755.372 754.38 5.030
2013 11 03 11 3 40.388 KIBK 4.6415 123.4 556.8 -2.35907 38.0433 0.79 267.283 85.5645 298.603 699.634 699.70 4.802
2013 11 16 3 34 31.552 KIBK -60.3079 -47.199 24 -2.35907 38.0433 0.79 87.0383 85.6001 304.539 761.756 756.32 4.973
2013 11 17 9 4 51.087 KIBK -60.3783 -46.5876 7.9 -2.35907 38.0433 0.79 86.5009 85.3005 305.509 763.841 757.43 5.001
2013 11 25 6 27 21.980 KIBK -53.9716 -54.9648 10 -2.35907 38.0433 0.79 93.8107 89.8847 296.523 776.562 779.06 4.643
2014 01 25 5 14 10.533 KIBK -8.0446 109.223 87.8 -2.35907 38.0433 0.79 270.262 71.0409 309.704 679.59 668.41 6.045
2014 01 26 13 55 33.717 KIBK 38.191 20.507 13.8 -2.35907 38.0433 0.79 154.057 43.4859 309.284 492.986 484.28 8.051
2014 02 01 3 58 39.936 KIBK -56.9339 -27.3456 142.9 -2.35907 38.0433 0.79 70.2804 74.7935 305.792 691.225 684.67 5.747
2014 02 12 9 19 39.705 KIBK 35.8767 82.5807 4.1 -2.35907 38.0433 0.79 237.367 56.3203 305.489 588.503 582.69 7.128
2014 04 15 3 57 0.225 KIBK -53.609 8.7098 10 -2.35907 38.0433 0.79 35.9416 56.5043 298.417 581.611 583.22 7.111
2014 05 15 10 16 35.142 KIBK 9.3491 122.035 30.1 -2.35907 38.0433 0.79 266.704 84.4559 307.804 758.931 749.73 5.063
2014 06 14 11 10 52.990 KIBK -10.1131 91.0383 23.1 -2.35907 38.0433 0.79 274.632 53.1808 308.1 565.479 556.20 7.359
2014 06 29 14 32 42.823 KIBK -55.4186 -28.224 11.9 -2.35907 38.0433 0.79 71.4431 74.7595 308.514 709.41 700.10 5.789
2014 08 03 8 30 8.694 KIBK 27.217 103.458 28 -2.35907 38.0433 0.79 256.06 69.4154 305.307 672.032 665.65 6.177
2014 08 06 11 45 20.075 KIBK -7.2741 128.036 10 -2.35907 38.0433 0.79 267.676 89.6985 302.749 782.393 778.29 4.650
2014 08 06 11 45 22.174 KIBK -7.13 127.92 19.5 -2.35907 38.0433 0.79 267.69 89.5889 302.687 780.232 776.20 4.657
2014 08 18 2 32 3.695 KIBK 32.711 47.638 10 -2.35907 38.0433 0.79 196.442 36.0433 302.51 424.834 423.04 8.552
2014 08 18 18 8 10.140 KIBK 32.5827 47.7037 5 -2.35907 38.0433 0.79 196.6 35.9364 312.148 434.327 422.89 8.560
2014 11 17 16 52 37.024 KIBK -46.4072 33.7019 12.2 -2.35907 38.0433 0.79 6.24687 44.0354 307.729 496.024 488.88 8.014
2014 11 21 10 10 13.720 KIBK 2.2707 127.031 45.2 -2.35907 38.0433 0.79 267.618 89.0814 307.918 779.617 770.36 4.691
2014 11 26 14 33 40.422 KIBK 1.9648 126.465 47.7 -2.35907 38.0433 0.79 267.604 88.5037 304.668 773.365 767.34 4.736
2014 12 21 11 34 9.355 KIBK 2.051 126.544 71 -2.35907 38.0433 0.79 267.604 88.5862 306.498 772.862 765.01 4.723
2015 02 13 20 6 20.948 KIBK 22.6103 121.444 30.5 -2.35907 38.0433 0.79 265.296 84.8089 310.407 763.178 751.51 5.034
2015 02 27 13 44 52.119 KIBK -7.358 122.491 559.1 -2.35907 38.0433 0.79 268.373 84.1977 311.917 706.117 692.83 4.903
2015 03 06 8 22 12.888 KIBK -41.3165 80.6147 13.1 -2.35907 38.0433 0.79 303.838 54.4678 304.259 572.39 567.80 7.262
2015 04 20 1 42 56.131 KIBK 24.0574 122.432 28.1 -2.35907 38.0433 0.79 265.573 85.8288 302.409 760.597 756.96 4.950
2015 04 25 6 45 19.839 KIBK 28.1603 84.8433 14.7 -2.35907 38.0433 0.79 243.875 54.2171 298.693 564.873 565.62 7.281
2015 04 26 7 8 58.061 KIBK 27.7365 85.9788 13.4 -2.35907 38.0433 0.79 244.984 54.941 310.061 581.719 571.06 7.228
2015 05 12 7 5 6.131 KIBK 27.8014 86.126 12.3 -2.35907 38.0433 0.79 245.049 55.0866 310.879 583.767 572.28 7.218
2015 06 04 23 15 39.403 KIBK 6.0439 116.665 18.1 -2.35907 38.0433 0.79 266.42 78.9444 303.014 726.93 722.44 5.485
2015 06 17 12 51 23.047 KIBK -35.3709 -17.809 27.1 -2.35907 38.0433 0.79 70.6864 61.1888 307.11 620.482 612.55 6.771
2015 07 03 1 7 39.682 KIBK 37.4703 78.1205 19 -2.35907 38.0433 0.79 232.385 54.3011 304.452 570.489 565.88 7.270
2015 07 03 6 43 14.396 KIBK 10.1385 125.977 50.8 -2.35907 38.0433 0.79 267.33 88.3772 306.289 774.012 766.40 4.745
2015 10 23 1 40 4.806 KIBK -54.2258 6.1653 11 -2.35907 38.0433 0.79 38.5246 57.907 301.942 594.905 592.92 7.005
2015 10 23 4 4 12.508 KIBK -45.81 37.17 10 -2.35907 38.0433 0.79 1.27281 43.2811 303.037 485.598 483.17 8.067
2015 10 23 4 4 12.471 KIBK -45.8146 37.1711 10 -2.35907 38.0433 0.79 1.27109 43.2857 302.982 485.58 483.21 8.067
2015 10 26 9 9 31.906 KIBK 36.5244 70.3676 231 -2.35907 38.0433 0.79 225.053 49.0131 302.799 507.212 504.51 7.558
2015 11 04 3 43 59.417 KIBK -8.3381 124.875 20 -2.35907 38.0433 0.79 268.134 86.5297 312.971 775.873 761.50 4.897
2015 11 08 16 46 56.055 KIBK 6.8431 94.648 10 -2.35907 38.0433 0.79 262.779 57.2315 306.526 595.24 587.49 7.066
2015 11 17 7 10 5.065 KIBK 38.67 20.6 11 -2.35907 38.0433 0.79 154.401 43.8848 303.217 490.571 487.93 8.024
2015 12 07 7 49 56.061 KIBK 38.2107 72.7797 22 -2.35907 38.0433 0.79 226.621 51.5643 309.772 555.13 545.40 7.468
2015 12 25 19 14 44.437 KIBK 36.4935 71.1263 206 -2.35907 38.0433 0.79 225.891 49.4273 300.818 510.8 510.05 7.540
2016 01 03 23 5 17.157 KIBK 24.8036 93.6505 55 -2.35907 38.0433 0.79 251.704 60.2728 301.504 605.466 603.07 6.829
2016 01 03 23 5 17.044 KIBK 24.83 93.66 55 -2.35907 38.0433 0.79 251.695 60.2892 301.588 605.663 603.18 6.828
2016 01 25 4 21 50.604 KIBK 35.6493 -3.6818 12 -2.35907 38.0433 0.79 125.021 54.2939 312.581 579.696 566.88 7.273
2016 02 12 10 2 9.767 KIBK -9.6338 119.401 28 -2.35907 38.0433 0.79 269.109 81.0923 313.453 747.455 732.52 5.321
2016 04 06 14 45 21.581 KIBK -8.2036 107.386 29 -2.35907 38.0433 0.79 270.582 69.2235 306.562 672.05 664.03 6.195
2016 04 10 10 28 43.065 KIBK 36.4725 71.1311 212 -2.35907 38.0433 0.79 225.91 49.4155 312.204 521.508 509.37 7.538
2016 04 13 18 21 42.803 KIBK 7.7917 122.023 17 -2.35907 38.0433 0.79 266.853 84.357 309.083 761.699 751.21 5.073
2016 05 28 9 46 46.286 KIBK -56.2409 -26.9353 78 -2.35907 38.0433 0.79 70.0978 74.3444 312.399 702.532 689.37 5.801
2016 06 01 22 55 58.637 KIBK -2.0967 100.665 50 -2.35907 38.0433 0.79 268.44 62.5706 300.286 620.418 618.74 6.662
2016 06 07 19 15 14.572 KIBK 1.2789 126.371 31 -2.35907 38.0433 0.79 267.619 88.3817 297.712 767.909 768.83 4.750
2016 06 09 4 12 58.459 KIBK -11.2487 116.267 19 -2.35907 38.0433 0.79 269.965 77.996 308.991 727.501 717.02 5.555
2016 06 26 11 17 7.829 KIBK 39.4793 73.3388 13 -2.35907 38.0433 0.79 226.489 52.7524 301.806 557.396 555.62 7.384
2016 08 24 1 36 28.191 KIBK 42.723 13.1877 4.44 -2.35907 38.0433 0.79 146.849 50.1746 301.163 538.741 537.94 7.571
2016 10 19 0 25 52.325 KIBK -4.8626 108.163 614 -2.35907 38.0433 0.79 269.26 70.0004 307.302 620.046 611.31 5.905
2016 10 26 19 17 56.641 KIBK 42.9343 13.0434 10 -2.35907 38.0433 0.79 146.773 50.4094 310.846 549.324 538.84 7.551
2016 10 30 6 40 9.182 KIBK 42.8547 13.0884 10 -2.35907 38.0433 0.79 146.791 50.3247 307.576 545.413 538.20 7.558
2016 11 25 14 24 20.164 KIBK 39.23 74.0208 17 -2.35907 38.0433 0.79 227.331 52.9685 307.127 563.682 556.56 7.367
2016 12 06 22 3 20.222 KIBK 5.2834 96.1678 13 -2.35907 38.0433 0.79 264.013 58.5549 313.366 610.913 596.27 6.966
2016 12 21 0 16 58.795 KIBK -7.5082 127.921 152 -2.35907 38.0433 0.79 267.692 89.5743 312.979 774.503 760.18 4.643
2017 01 10 6 13 42.282 KIBK 4.4634 122.575 612.71 -2.35907 38.0433 0.79 267.23 84.7346 302.415 694.502 690.75 4.841
2017 02 07 22 3 51.381 KIBK 25.2011 63.2577 24.05 -2.35907 38.0433 0.79 225.394 36.7168 301.207 427.245 426.14 8.510
2017 02 10 14 3 42.305 KIBK 9.9071 125.452 15 -2.35907 38.0433 0.79 267.246 87.8494 300.36 770.474 768.78 4.795
2017 05 03 4 47 1.601 KIBK 39.4996 71.4519 10 -2.35907 38.0433 0.79 224.489 51.7253 308.338 556.756 548.51 7.459
2017 05 29 14 35 8.298 KIBK -1.2872 120.434 12 -2.35907 38.0433 0.79 267.807 82.3458 311.43 754.551 741.65 5.228
2017 06 12 12 28 29.087 KIBK 38.9154 26.3713 12 -2.35907 38.0433 0.79 162.576 42.4573 308.951 484.583 476.33 8.124
2017 07 06 8 3 50.160 KIBK 11.1111 124.619 6.96 -2.35907 38.0433 0.79 267.041 87.0916 305.397 773.206 766.46 4.855
2017 07 20 22 31 3.905 KIBK 36.9249 27.4135 7 -2.35907 38.0433 0.79 163.449 40.316 308.261 467.075 459.54 8.273
2017 10 24 10 47 41.960 KIBK -7.2364 123.04 549.19 -2.35907 38.0433 0.79 268.293 84.7461 304.912 702.671 696.39 4.867
2017 11 11 0 36 11.322 KIBK -11.7424 -14.1142 10 -2.35907 38.0433 0.79 83.93 52.5127 304.404 558.851 553.30 7.412
2017 11 12 18 18 1.144 KIBK 34.9052 45.9563 19 -2.35907 38.0433 0.79 192.968 37.8051 314.54 450.465 436.69 8.435
2017 12 01 2 32 40.187 KIBK 30.7431 57.3138 9 -2.35907 38.0433 0.79 212.633 37.6971 303.937 440.519 437.03 8.448
2017 12 12 8 43 5.329 KIBK 30.7196 57.2705 10 -2.35907 38.0433 0.79 212.587 37.6573 306.471 442.561 436.54 8.450
2017 12 13 18 3 33.965 KIBK -54.2177 2.1681 10 -2.35907 38.0433 0.79 42.8472 59.4311 314.25 618.004 603.62 6.899
2017 12 15 16 47 54.114 KIBK -7.4921 108.174 90 -2.35907 38.0433 0.79 270.21 69.9999 301.57 664.875 661.83 6.120
2018 01 23 6 34 42.224 KIBK -7.1958 105.918 43.91 -2.35907 38.0433 0.79 270.387 67.7605 309.537 664.032 653.04 6.295
2018 01 28 16 2 58.794 KIBK -53.0623 9.6842 10 -2.35907 38.0433 0.79 35.056 55.7191 305.856 583.431 577.63 7.168
2018 01 31 7 6 57.074 KIBK 36.5432 70.8155 191.19 -2.35907 38.0433 0.79 225.527 49.2827 300.861 511.206 510.43 7.558
2018 02 06 15 50 41.909 KIBK 24.1359 121.658 17 -2.35907 38.0433 0.79 265.248 85.13 301.599 758.009 755.17 5.011
2018 03 24 19 58 31.483 KIBK -45.7783 96.0692 10 -2.35907 38.0433 0.79 292.398 66.454 299.362 649.998 649.90 6.394
2018 04 19 21 9 8.213 KIBK -42.7797 42.1877 10 -2.35907 38.0433 0.79 353.605 40.4149 306.435 465.541 459.75 8.267
2018 05 05 6 18 52.868 KIBK 14.5708 123.919 18 -2.35907 38.0433 0.79 266.695 86.5973 309.444 772.995 762.23 4.892
2018 07 28 17 7 20.579 KIBK -7.1221 122.747 577.48 -2.35907 38.0433 0.79 268.318 84.4591 300.128 693.968 692.47 4.877
2018 08 17 15 34 52.702 KIBK -7.4263 119.834 529 -2.35907 38.0433 0.79 268.712 81.5621 307.756 691.473 682.30 5.120
2018 08 19 4 10 10.655 KIBK -8.3298 116.598 21.41 -2.35907 38.0433 0.79 269.302 78.3412 309.804 729.868 718.56 5.528
2018 08 25 22 13 25.361 KIBK 34.6111 46.2422 10 -2.35907 38.0433 0.79 193.514 37.5734 299.546 434.904 436.12 8.453
2018 09 18 7 27 40.845 KIBK -37.811 49.782 10 -2.35907 38.0433 0.79 340.207 36.8915 298.559 428.083 430.08 8.500
2018 11 04 7 55 20.398 KIBK 7.7518 123.865 581 -2.35907 38.0433 0.79 267.112 86.1772 303.595 705.366 700.47 4.747
2018 11 15 20 2 16.065 KIBK -56.7065 -25.546 15 -2.35907 38.0433 0.79 68.7399 73.7868 308.388 703.092 693.96 5.862
2018 11 25 16 37 20.925 KIBK 34.3464 45.7432 18 -2.35907 38.0433 0.79 192.786 37.2225 313.492 444.636 431.91 8.474
2018 12 29 3 39 0.933 KIBK 5.8983 126.921 60.21 -2.35907 38.0433 0.79 267.554 89.1236 306.86 776.996 768.81 4.684
2019 01 06 17 27 13.833 KIBK 2.2414 126.736 60 -2.35907 38.0433 0.79 267.607 88.7859 306.52 775.106 767.24 4.710
2019 01 22 5 9 53.180 KIBK -10.4663 119.031 27.01 -2.35907 38.0433 0.79 269.305 80.7161 311.02 743.159 730.66 5.351
2019 01 22 19 1 35.403 KIBK -43.1219 42.3568 13 -2.35907 38.0433 0.79 353.392 40.7688 307.279 468.845 462.20 8.242
2019 02 02 9 27 35.501 KIBK -2.8458 100.076 20 -2.35907 38.0433 0.79 268.849 61.9647 300.68 620.498 618.44 6.718
2019 03 08 15 6 0.224 KIBK 10.384 126.006 30 -2.35907 38.0433 0.79 267.329 88.417 310.528 781.023 769.17 4.747
2019 04 01 18 38 57.274 KIBK -18.2058 65.3656 10 -2.35907 38.0433 0.79 297.309 31.0736 306.586 385.6808 378.61 8.817
2019 04 05 16 14 6.197 KIBK -55.9206 -27.856 58.6 -2.35907 38.0433 0.79 70.9916 74.7242 310.254 704.776 693.74 5.779
2019 04 06 21 54 50.874 KIBK -6.8492 125.014 539 -2.35907 38.0433 0.79 268.029 86.7166 308.591 716.686 706.76 4.722
2019 04 12 11 40 45.051 KIBK -1.8518 122.553 17.48 -2.35907 38.0433 0.79 267.824 84.4413 302.361 755.329 751.53 5.067
2019 04 18 5 0 57.206 KIBK 23.9888 121.693 20 -2.35907 38.0433 0.79 265.275 85.1502 308.038 764.051 754.77 5.009
2019 04 22 9 11 5.983 KIBK 14.9236 120.497 20 -2.35907 38.0433 0.79 265.779 83.3167 304.675 751.461 745.42 5.156
2019 04 23 5 37 40.168 KIBK 11.8458 125.187 54 -2.35907 38.0433 0.79 267.121 87.6843 308.952 773.003 762.73 4.799
2019 05 31 10 12 25.029 KIBK 6.2643 126.552 90.21 -2.35907 38.0433 0.79 267.508 88.7725 303.804 768.794 763.66 4.703
2019 07 14 5 39 19.015 KIBK -18.2237 120.357 10 -2.35907 38.0433 0.79 270.155 81.9684 303.975 745.379 739.98 5.254
2019 08 27 23 55 17.182 KIBK -60.2152 -26.5801 16 -2.35907 38.0433 0.79 68.775 75.569 302.61 707.447 704.10 5.727
2019 09 19 7 6 22.559 KIBK -6.0708 111.842 610 -2.35907 38.0433 0.79 269.321 73.6485 305.824 639.984 632.71 5.652
2019 09 24 21 19 39.554 KIBK -33.8146 56.2955 10 -2.35907 38.0433 0.79 327.519 35.643 307.725 426.59 419.21 8.577
2019 09 29 2 2 40.544 KIBK 5.6929 126.549 73 -2.35907 38.0433 0.79 267.52 88.7456 308.548 775.423 765.54 4.710
2019 10 16 11 36 58.082 KIBK 6.7138 125.001 12.76 -2.35907 38.0433 0.79 267.316 87.2534 305.733 773.37 766.27 4.841
2019 10 23 16 8 13.595 KIBK -1.0987 -13.8367 10 -2.35907 38.0433 0.79 92.1224 51.869 300.165 549.839 548.48 7.459
2019 11 14 16 17 27.549 KIBK 1.6199 126.414 33 -2.35907 38.0433 0.79 267.611 88.4385 311.697 781.867 768.81 4.745
2019 11 14 21 12 45.333 KIBK 1.5673 126.414 23 -2.35907 38.0433 0.79 267.612 88.4359 309.481 781.117 770.27 4.748
2019 12 15 6 11 35.485 KIBK 6.6969 125.174 18 -2.35907 38.0433 0.79 267.337 87.424 312.273 779.857 766.22 4.826
2019 12 20 11 39 52.004 KIBK 36.545 70.4485 212 -2.35907 38.0433 0.79 225.129 49.0738 299.824 506.539 506.81 7.563
2020 01 19 13 27 46.100 KIBK 39.8309 77.1064 6.28 -2.35907 38.0433 0.79 230.102 55.1576 309.801 584.07 574.17 7.209
2020 01 20 6 51 31.884 KIBK -59.2336 -26.2748 91.29 -2.35907 38.0433 0.79 68.7376 75.068 304.567 697.352 692.05 5.743
2019 02 02 9 27 32.127 KMBO -2.8458 100.076 20 -1.1271 37.2525 1.93 270.194 62.8032 303.36 628.802 624.05 6.654
2019 02 02 10 59 26.876 KMBO -2.8834 100.133 18 -1.1271 37.2525 1.93 270.21 62.8598 303.576 629.719 624.75 6.652
2019 03 08 15 6 9.755 KMBO 10.384 126.006 30 -1.1271 37.2525 1.93 268.675 88.9744 301.215 774.329 771.79 4.703
2019 04 01 18 39 1.637 KMBO -18.2058 65.3656 10 -1.1271 37.2525 1.93 298.451 32.4009 301.545 392.3269 390.33 8.767
2019 04 05 16 14 14.022 KMBO -55.9206 -27.856 58.6 -1.1271 37.2525 1.93 69.6262 75.3426 302.57 700.667 697.36 5.732
2019 04 06 21 54 48.486 KMBO -6.8492 125.014 539 -1.1271 37.2525 1.93 269.153 87.645 311.961 724.394 711.12 4.651
2019 04 18 5 0 57.808 KMBO 23.9888 121.693 20 -1.1271 37.2525 1.93 266.72 85.372 306.836 763.947 755.85 4.992
2019 04 22 9 11 1.366 KMBO 14.9236 120.497 20 -1.1271 37.2525 1.93 267.175 83.7602 308.061 757.114 747.68 5.120
2019 04 23 5 37 49.285 KMBO 11.8458 125.187 54 -1.1271 37.2525 1.93 268.482 88.2067 300.331 766.865 765.21 4.758
2019 05 31 10 12 19.390 KMBO 6.2643 126.552 90.21 -1.1271 37.2525 1.93 268.811 89.4249 308.851 776.88 766.70 4.652
2011 10 13 3 16 22.240 LODK -9.3634 114.555 63.2 3.42195 35.3616 0.665 275.173 79.9148 309.069 732.529 722.03 5.401
2011 10 23 10 41 10.226 LODK 38.7294 43.4465 7.6 3.42195 35.3616 0.665 193.85 35.9078 310.442 431.915 422.06 8.562
2011 12 11 9 54 55.262 LODK -56.049 -28.2135 130.6 3.42195 35.3616 0.665 65.8405 78.4531 300.507 707.944 706.86 5.482
2012 01 10 18 36 55.891 LODK 2.4307 93.2081 20.9 3.42195 35.3616 0.665 272.497 57.7727 304.131 594.94 589.50 7.023
2012 02 06 3 49 8.263 LODK 9.9194 123.217 17.5 3.42195 35.3616 0.665 272.985 87.3085 304.866 771.952 765.69 4.837
2012 02 06 10 10 16.990 LODK 9.8996 123.175 12.6 3.42195 35.3616 0.665 272.979 87.2683 300.913 768.623 766.31 4.841
2012 02 26 6 17 4.249 LODK 51.8008 95.9804 13 3.42195 35.3616 0.665 248.248 69.4764 311.816 680.917 668.34 6.176
2012 04 11 9 27 50.161 LODK 1.2181 91.7146 10 3.42195 35.3616 0.665 273.278 56.3424 301.505 583.894 581.11 7.133
2012 04 11 10 43 6.223 LODK 0.7675 92.4284 21.6 3.42195 35.3616 0.665 273.556 57.0815 304.104 589.931 584.54 7.074
2012 05 20 2 3 43.978 LODK 44.873 11.2227 17.7 3.42195 35.3616 0.665 145.697 46.4165 305.207 511.579 506.60 7.843
2012 06 10 12 44 15.325 LODK 36.3847 28.9676 32 3.42195 35.3616 0.665 168.326 33.3282 300.82 396.4945 396.26 8.712
2012 06 16 22 18 35.085 LODK 15.5423 119.604 44.9 3.42195 35.3616 0.665 271.758 83.5509 313.562 758.177 743.18 5.131
2012 06 29 21 7 22.101 LODK 43.4335 84.6125 17.1 3.42195 35.3616 0.665 241.935 58.983 309.671 609.27 599.05 6.933
2012 07 26 5 33 30.166 LODK -17.5507 66.2905 16.2 3.42195 35.3616 0.665 301.402 36.9498 304.994 434.178 428.86 8.500
2012 08 11 12 34 35.822 LODK 38.3798 46.7958 18.9 3.42195 35.3616 0.665 199.515 36.3276 299.774 423.102 423.85 8.534
2012 08 18 9 41 40.873 LODK -1.3518 120.128 27.9 3.42195 35.3616 0.665 273.535 84.8565 310.769 764.246 752.06 5.032
2012 10 17 4 42 23.961 LODK 4.1791 124.561 338.4 3.42195 35.3616 0.665 273.333 88.9573 303.69 741.779 736.75 4.643
2013 01 28 16 38 42.294 LODK 42.5824 79.7217 14.3 3.42195 35.3616 0.665 237.926 55.4526 309.395 584.451 574.66 7.189
2013 03 19 3 28 51.977 LODK -58.9815 -24.5697 52 3.42195 35.3616 0.665 62.0401 77.9779 310.295 724.018 713.21 5.539
2013 04 16 10 44 9.096 LODK 27.9704 62.136 63.1 3.42195 35.3616 0.665 231.06 35.3201 309.867 419.721 409.73 8.580
2013 05 11 2 8 5.940 LODK 26.6583 57.8438 15.1 3.42195 35.3616 0.665 226.792 31.582 305.984 388.7435 382.69 8.797
2013 06 02 5 42 58.837 LODK 23.8318 121.059 17 3.42195 35.3616 0.665 271.393 84.6981 304.663 758.876 752.85 5.048
2013 09 06 11 33 52.159 LODK 20.1862 122.334 189.4 3.42195 35.3616 0.665 272.16 85.9934 301.603 741.794 738.84 4.894
2013 09 24 11 29 43.318 LODK 26.9109 65.5315 15.5 3.42195 35.3616 0.665 236.221 37.1261 304.74 435.472 430.47 8.489
2013 09 28 7 34 5.029 LODK 27.1617 65.6192 18.7 3.42195 35.3616 0.665 236.045 37.3302 302.114 434.085 431.71 8.475
2013 10 04 17 26 4.711 LODK -38.707 78.5007 11 3.42195 35.3616 0.665 306.225 57.7927 307.396 599.735 592.12 7.014
2013 10 12 13 11 50.573 LODK 35.5277 23.3718 46.9 3.42195 35.3616 0.665 158.126 33.8214 300.871 399.298 398.91 8.675
2013 11 03 11 3 34.831 LODK 4.6415 123.4 556.8 3.42195 35.3616 0.665 273.233 87.7749 303.889 715.308 710.10 4.643
2013 11 13 23 45 44.009 LODK -60.3091 -47.2872 10 3.42195 35.3616 0.665 81.9348 89.303 304.276 781.617 776.67 4.678
2014 01 25 5 14 14.730 LODK -8.0446 109.223 87.8 3.42195 35.3616 0.665 275.794 74.5413 306.199 696.819 689.19 5.786
2014 04 15 3 56 52.119 LODK -53.609 8.7098 10 3.42195 35.3616 0.665 30.7779 61.0524 306.538 621.469 615.12 6.776
2014 05 05 11 8 42.628 LODK 19.6152 99.7038 15.2 3.42195 35.3616 0.665 264.392 64.7073 299.522 638.244 637.41 6.525
2014 05 15 10 16 39.987 LODK 9.3491 122.035 30.1 3.42195 35.3616 0.665 272.824 86.1737 300.998 760.661 758.25 4.924
2014 05 18 1 2 24.664 LODK 4.2401 92.7377 32.9 3.42195 35.3616 0.665 271.336 57.2431 306.675 592.061 584.09 7.059
2014 09 10 2 46 1.951 LODK -0.2248 125.026 39.9 3.42195 35.3616 0.665 273.4 89.6787 306.592 781.691 773.76 4.645
2014 11 17 16 52 35.827 LODK -46.4072 33.7019 12.2 3.42195 35.3616 0.665 2.17469 49.6359 310.954 543.177 532.93 7.606
2014 12 02 5 11 28.006 LODK 6.1572 123.126 614 3.42195 35.3616 0.665 273.145 87.4188 301.599 706.243 703.33 4.643
2014 12 10 21 3 25.673 LODK 25.5403 122.45 256 3.42195 35.3616 0.665 271.828 85.9155 313.034 745.411 731.06 4.881
2015 02 13 18 59 12.751 LODK 52.5097 -32.0209 16.9 3.42195 35.3616 0.665 106.194 73.6463 300.741 694.34 692.72 5.872
2015 02 13 20 6 21.533 LODK 22.6103 121.444 30.5 3.42195 35.3616 0.665 271.652 85.0844 310.692 764.809 752.75 5.015
2015 02 27 13 45 2.746 LODK -7.358 122.491 559.1 3.42195 35.3616 0.665 273.74 87.59 301.828 712.182 709.08 4.647
2015 03 06 8 22 16.245 LODK -41.3165 80.6147 13.1 3.42195 35.3616 0.665 305.562 60.6361 303.03 614.735 611.44 6.810
2015 04 16 18 7 40.236 LODK 35.1952 26.8373 22.6 3.42195 35.3616 0.665 164.054 32.5888 302.182 392.6458 390.99 8.752
2015 04 20 1 42 50.614 LODK 24.0574 122.432 28.1 3.42195 35.3616 0.665 271.926 85.9472 307.39 766.126 757.39 4.943
2015 04 26 7 9 7.935 LODK 27.7365 85.9788 13.4 3.42195 35.3616 0.665 252.676 53.9234 300.632 564.847 563.36 7.304
2015 05 15 20 26 45.297 LODK -2.566 102.223 158.5 3.42195 35.3616 0.665 274.775 67.0927 311.613 649.316 636.28 6.303
2015 07 03 1 7 34.124 LODK 37.4703 78.1205 19 3.42195 35.3616 0.665 239.65 51.7525 310.384 557.56 546.76 7.459
2015 09 18 15 59 28.280 LODK 15.2767 -45.9886 10 3.42195 35.3616 0.665 88.9602 80.769 313.251 748.321 733.60 5.351
2015 10 23 4 4 12.663 LODK -45.81 37.17 10 3.42195 35.3616 0.665 357.609 49.0431 304.668 532.704 528.76 7.649
2015 10 23 4 4 12.627 LODK -45.8146 37.1711 10 3.42195 35.3616 0.665 357.608 49.0477 304.645 532.717 528.79 7.649
2015 10 26 9 9 28.590 LODK 36.5244 70.3676 231 3.42195 35.3616 0.665 232.667 46.0715 307.09 488.85 481.58 7.772
2015 11 17 7 10 5.860 LODK 38.67 20.6 11 3.42195 35.3616 0.665 155.35 37.5778 302.362 437.552 435.65 8.456
2015 12 07 7 49 57.416 LODK 38.2107 72.7797 22 3.42195 35.3616 0.665 233.94 48.6181 306.642 529.576 522.70 7.685
2015 12 20 18 47 28.870 LODK 3.6455 117.636 14 3.42195 35.3616 0.665 272.934 82.0869 306.298 747.728 739.95 5.244
2016 02 12 10 2 18.980 LODK -9.6338 119.401 28 3.42195 35.3616 0.665 274.36 84.7008 304.207 756.877 751.29 5.044
2016 04 13 13 55 17.299 LODK 23.0944 94.8654 136 3.42195 35.3616 0.665 260.562 60.6861 300.069 598.12 596.89 6.770
2016 04 13 18 21 45.070 LODK 7.7917 122.023 17 3.42195 35.3616 0.665 272.925 86.2393 305.621 767.601 760.56 4.921
2016 04 19 5 25 28.737 LODK -55.7283 -27.2307 14 3.42195 35.3616 0.665 65.0415 77.8159 312.19 730.153 717.39 5.562
2016 05 31 5 23 41.508 LODK 25.5615 122.546 246.4 3.42195 35.3616 0.665 271.868 86.0011 303.27 737.112 732.53 4.877
2016 06 26 11 17 7.955 LODK 39.4793 73.3388 13 3.42195 35.3616 0.665 233.629 49.7188 303.627 536.372 532.51 7.608
2016 08 23 19 39 40.238 LODK -7.2805 122.425 532.4 3.42195 35.3616 0.665 273.745 87.5205 302.423 714.885 711.18 4.663
2016 08 29 4 29 49.872 LODK -0.0471 -17.8294 10 3.42195 35.3616 0.665 85.7225 53.2699 308.278 568.355 558.86 7.357
2016 10 30 6 40 8.712 LODK 42.8547 13.0884 10 3.42195 35.3616 0.665 146.991 43.9893 308.125 496.413 488.57 8.020
2016 11 25 14 24 26.037 LODK 39.23 74.0208 17 3.42195 35.3616 0.665 234.491 50.0008 302.653 536.916 534.01 7.586
2016 12 06 22 3 32.396 LODK 5.2834 96.1678 13 3.42195 35.3616 0.665 270.954 60.6404 301.773 613.727 610.59 6.820
2017 04 05 6 9 10.717 LODK 35.7999 60.4364 13 3.42195 35.3616 0.665 221.489 39.6871 299.854 452.487 452.77 8.318
2017 05 03 4 46 53.941 LODK 39.4996 71.4519 10 3.42195 35.3616 0.665 231.653 48.5705 299.832 524.241 524.24 7.692
2017 05 29 14 35 10.220 LODK -1.2872 120.434 12 3.42195 35.3616 0.665 273.521 85.1579 311.661 769.141 756.06 5.012
2017 06 12 12 28 24.492 LODK 38.9154 26.3713 12 3.42195 35.3616 0.665 164.71 36.2655 313.719 437.577 424.43 8.539
2017 07 19 12 16 15.460 LODK -17.4154 66.4836 10 3.42195 35.3616 0.665 301.065 37.0376 303.685 434.575 430.55 8.496
2017 07 20 22 31 10.733 LODK 36.9249 27.4135 7 3.42195 35.3616 0.665 165.759 34.1339 301.536 407.803 406.84 8.669
2017 08 08 13 19 41.099 LODK 33.1926 103.855 9 3.42195 35.3616 0.665 260.844 70.1737 309.312 683.563 673.07 6.130
2017 08 08 23 27 37.855 LODK 44.3014 82.8268 20 3.42195 35.3616 0.665 239.857 58.2765 313.764 607.959 593.71 6.977
2017 08 11 5 28 17.514 LODK 13.9987 120.678 172 3.42195 35.3616 0.665 272.185 84.6428 303.573 739.109 734.13 5.009
2017 08 31 17 6 51.995 LODK -1.159 99.6881 43.14 3.42195 35.3616 0.665 274.32 64.4561 305.347 638.702 631.95 6.535
2017 10 10 18 53 26.807 LODK -54.2584 8.6055 9 3.42195 35.3616 0.665 30.7092 61.6432 306.182 625.275 619.26 6.732
2017 11 11 0 36 4.552 LODK -11.7424 -14.1142 10 3.42195 35.3616 0.665 75.9977 51.447 312.433 558.931 545.51 7.488
2017 11 17 22 34 14.596 LODK 29.8327 94.9776 8 3.42195 35.3616 0.665 257.027 62.0912 302.04 624.494 621.40 6.710
2017 12 01 2 32 44.675 LODK 30.7431 57.3138 9 3.42195 35.3616 0.665 221.628 34.1776 300.988 407.363 406.48 8.669
2017 12 12 21 41 25.145 LODK 30.8226 57.2861 8 3.42195 35.3616 0.665 221.511 34.221 305.342 412.247 407.02 8.667
2018 01 11 18 26 20.583 LODK 18.3629 96.0776 9 3.42195 35.3616 0.665 263.67 61.165 302.488 618.605 614.86 6.781
2018 01 23 6 34 42.618 LODK -7.1958 105.918 43.91 3.42195 35.3616 0.665 276.075 71.196 310.835 686.567 674.30 6.047
2018 01 28 16 3 3.608 LODK -53.0623 9.6842 10 3.42195 35.3616 0.665 29.8701 60.2845 300.667 610.359 609.91 6.833
2018 01 31 7 6 52.428 LODK 36.5432 70.8155 191.19 3.42195 35.3616 0.665 233.127 46.3705 306.159 494.081 487.73 7.771
2018 02 04 13 56 32.632 LODK 24.1572 121.708 12 3.42195 35.3616 0.665 271.625 85.2827 309.224 767.192 756.61 5.003
2018 02 06 15 50 39.438 LODK 24.1359 121.658 17 3.42195 35.3616 0.665 271.607 85.2378 301.548 758.46 755.56 5.005
2018 07 28 22 47 35.633 LODK -8.2395 116.508 14 3.42195 35.3616 0.665 274.669 81.7418 298.267 737.884 738.19 5.271
2018 08 05 11 46 23.701 LODK -8.2597 116.436 31 3.42195 35.3616 0.665 274.683 81.6727 311.166 747.815 735.22 5.272
2018 08 17 15 34 47.240 LODK -7.4263 119.834 529 3.42195 35.3616 0.665 274.096 84.966 311.906 712.566 699.33 4.857
2018 08 19 4 10 14.078 LODK -8.3298 116.598 21.41 3.42195 35.3616 0.665 274.668 81.8381 306.209 745.131 737.50 5.261
2018 09 28 6 59 57.633 LODK -0.3991 119.77 5.19 3.42195 35.3616 0.665 273.454 84.4422 301.593 756.61 753.58 5.069
2018 10 10 18 44 48.432 LODK -7.453 114.455 9 3.42195 35.3616 0.665 274.848 79.6504 305.122 734.39 727.82 5.435
2018 10 25 22 54 52.105 LODK 37.5148 20.5635 14 3.42195 35.3616 0.665 154.647 36.5447 297.938 423.883 426.39 8.522
2018 11 04 7 55 11.078 LODK 7.7518 123.865 581 3.42195 35.3616 0.665 273.17 88.0637 313.357 723.929 709.25 4.642
2018 11 09 1 49 39.042 LODK 71.6264 -11.2502 10 3.42195 35.3616 0.665 131.041 74.116 299.137 696.444 696.73 5.838
2018 11 11 14 3 58.876 LODK 15.5653 -49.8719 10 3.42195 35.3616 0.665 87.9836 84.5052 303.304 757.778 753.05 5.064
2019 01 21 23 59 17.965 LODK -10.3113 119.147 16.77 3.42195 35.3616 0.665 274.469 84.503 303.881 757.266 752.01 5.062
2019 01 22 19 1 28.150 LODK -43.1219 42.3568 13 3.42195 35.3616 0.665 350.393 46.7584 315.371 525.221 510.59 7.814
2019 02 02 9 27 29.197 LODK -2.8458 100.076 20 3.42195 35.3616 0.665 275.081 64.9802 308.015 647.818 638.40 6.504
2019 02 02 10 59 22.835 LODK -2.8834 100.133 18 3.42195 35.3616 0.665 275.093 65.0398 308.358 648.873 639.12 6.500
2019 04 01 18 38 59.203 LODK -18.2058 65.3656 10 3.42195 35.3616 0.665 303.052 36.5521 303.897 430.644 426.47 8.527
2019 04 05 16 14 4.325 LODK -55.9206 -27.856 58.6 3.42195 35.3616 0.665 65.5519 78.2171 312.669 726.994 713.75 5.519
2019 04 12 11 40 36.540 LODK -1.8518 122.553 17.48 3.42195 35.3616 0.665 273.491 87.3066 311.052 778.162 765.73 4.836
2019 04 18 5 0 56.104 LODK 23.9888 121.693 20 3.42195 35.3616 0.665 271.633 85.2743 308.729 765.325 755.24 5.002
2019 04 22 9 10 57.898 LODK 14.9236 120.497 20 3.42195 35.3616 0.665 272.053 84.4333 312.586 765.038 751.02 5.068
2019 07 14 5 39 22.881 LODK -18.2237 120.357 10 3.42195 35.3616 0.665 274.795 86.3114 299.724 763.193 762.19 4.915
2019 07 26 23 37 50.971 LODK 20.8436 121.976 10 3.42195 35.3616 0.665 271.989 85.6343 306.642 766.721 758.71 4.973
2019 10 23 16 8 4.215 LODK -1.0987 -13.8367 10 3.42195 35.3616 0.665 84.5794 49.3795 309.64 540.474 529.70 7.641
2019 10 29 1 4 36.372 LODK 6.7587 124.995 14.95 3.42195 35.3616 0.665 273.333 89.2395 307.261 783.938 775.32 4.686
2019 10 31 1 11 11.017 LODK 6.9079 125.183 10 3.42195 35.3616 0.665 273.354 89.4173 305.429 783.762 776.98 4.673
2019 11 02 18 8 37.094 LODK -55.6659 -26.2338 8 3.42195 35.3616 0.665 64.1788 77.2792 304.403 720.359 715.40 5.604
2019 11 26 2 54 8.849 LODK 41.5149 19.5212 20 3.42195 35.3616 0.665 155.196 40.505 301.823 460.124 458.74 8.260
2019 11 27 7 23 31.093 LODK 35.7272 23.2673 71.76 3.42195 35.3616 0.665 158.058 34.0378 309.238 407.1452 398.40 8.651
2020 01 07 6 5 15.076 LODK 2.3334 96.347 20.34 3.42195 35.3616 0.665 272.601 60.9101 303.58 616.204 611.26 6.798
2020 01 19 13 27 49.702 LODK 39.8309 77.1064 6.28 3.42195 35.3616 0.665 237.128 52.3118 304.947 558.295 553.00 7.420
2020 01 24 17 55 13.617 LODK 38.3898 39.0814 11.91 3.42195 35.3616 0.665 186.488 34.9691 303.552 416.285 413.36 8.616
2000 04 23 9 27 9.238 MELI -28.289 -62.944 603.6 35.2938 -2.935 0.005 45.3444 84.869 312.576 705.97 693.29 4.818
2000 04 23 17 1 2.435 MELI -28.332 -62.926 604.6 35.2938 -2.935 0.005 45.3322 84.8878 314.12 707.517 693.29 4.816
2000 07 21 1 53 29.448 MELI 9.418 -85.324 42.2 35.2938 -2.935 0.005 55.8538 78.439 307.45 724.968 716.07 5.518
2002 10 24 6 8 33.434 MELI -1.951 29.05 19.2 35.2938 -2.935 0.005 324.088 47.6243 305.309 520.998 515.78 7.756
2003 09 27 11 33 24.368 MELI 50.0089 87.7788 16 35.2938 -2.935 0.005 294.854 64.35 302.121 637.646 633.56 6.565
2004 03 08 23 39 9.421 MELI 10.9168 -43.9316 10 35.2938 -2.935 0.005 50.0973 44.3894 302.479 493.99 490.85 8.000
2005 03 13 3 31 16.086 MELI 27.0839 61.9044 51.8 35.2938 -2.935 0.005 295.636 55.2104 305.87 574.233 566.80 7.207
2005 04 11 14 54 4.649 MELI -7.3136 -77.962 128.6 35.2938 -2.935 0.005 52.917 82.1308 301.273 728.823 726.65 5.208
2005 05 21 5 11 30.421 MELI -3.2328 -80.9455 39.7 35.2938 -2.935 0.005 53.886 82.1001 304.368 741.946 736.53 5.236
2005 06 15 2 50 55.273 MELI 41.4472 -125.585 18 35.2938 -2.935 0.005 43.5939 87.2764 303.744 769.77 764.13 4.861
2005 11 17 19 26 45.856 MELI -22.3676 -67.9421 161.7 35.2938 -2.935 0.005 48.1878 84.1286 308.635 742.676 733.70 5.037
2006 03 31 1 16 54.452 MELI 33.5819 48.7952 15.4 35.2938 -2.935 0.005 287.397 42.3005 306.855 480.426 472.17 8.153
2006 10 20 10 48 51.423 MELI -13.4967 -76.6679 34.3 35.2938 -2.935 0.005 52.04 84.865 305.474 757.906 751.74 5.021
2006 11 13 1 26 29.249 MELI -26.1608 -63.2916 581.9 35.2938 -2.935 0.005 45.6772 83.6042 305.235 694.377 688.98 4.923
2007 02 04 20 56 58.585 MELI 19.4006 -78.4052 10 35.2938 -2.935 0.005 59.034 67.4408 303.491 660.347 655.23 6.334
2007 03 18 2 11 6.441 MELI 4.6445 -78.4592 17.7 35.2938 -2.935 0.005 54.89 75.5175 299.637 704.153 703.24 5.734
2007 04 03 3 35 3.972 MELI 36.5173 70.6851 213 35.2938 -2.935 0.005 292.599 58.2224 299.852 572.513 570.90 6.928
2007 07 03 8 25 59.185 MELI 0.72 -30.2614 10 35.2938 -2.935 0.005 33.5597 42.789 299.912 478.568 478.81 8.106
2007 07 12 5 23 40.605 MELI -7.9279 -74.3249 152.4 35.2938 -2.935 0.005 52.0075 79.6431 306.99 718.676 710.84 5.389
2007 07 21 13 26 58.837 MELI -8.0859 -71.2071 633.7 35.2938 -2.935 0.005 51.1599 77.3211 304.418 656.722 651.53 5.377
2007 07 31 22 55 24.351 MELI -0.1853 -17.7754 17.6 35.2938 -2.935 0.005 19.9339 37.9185 305.858 442.948 437.65 8.430
2007 08 15 23 40 55.912 MELI -13.3836 -76.5555 41.2 35.2938 -2.935 0.005 52.0159 84.7096 300.917 751.748 750.13 5.032
2007 08 20 22 42 27.951 MELI 8.1252 -39.2485 0.7 35.2938 -2.935 0.005 45.4471 42.829 299.342 479.734 479.98 8.111
2007 09 10 1 49 7.107 MELI 3.0005 -77.9001 29 35.2938 -2.935 0.005 54.5069 76.0059 304.512 710.152 704.41 5.693
2007 11 15 15 5 50.745 MELI -22.7389 -70.0773 35 35.2938 -2.935 0.005 49.0922 85.8543 307.709 764.968 756.90 4.933
2007 11 16 3 12 57.375 MELI -2.3388 -77.7937 123.6 35.2938 -2.935 0.005 53.5432 79.0369 301.08 712.708 710.57 5.446
2007 11 18 5 39 59.504 MELI -22.6479 -66.2655 216.4 35.2938 -2.935 0.005 47.4107 83.1674 307.605 730.654 722.74 5.094
2007 11 20 17 55 39.229 MELI -22.8806 -70.5143 13.7 35.2938 -2.935 0.005 49.2715 86.2517 309.664 772.138 762.11 4.905
2007 11 29 19 0 15.909 MELI 14.9946 -61.2236 147.3 35.2938 -2.935 0.005 57.3855 55.7075 302.114 564.108 560.78 7.128
2007 12 16 8 9 10.794 MELI -22.8877 -70.1289 57 35.2938 -2.935 0.005 49.1063 85.9873 307.95 763.309 755.00 4.916
2008 01 09 8 26 43.572 MELI 32.4042 85.2551 27.7 35.2938 -2.935 0.005 300.038 70.8153 302.113 676.994 672.97 6.092
2008 02 08 9 38 6.254 MELI 10.7251 -41.902 4.1 35.2938 -2.935 0.005 48.9695 42.9959 306.062 487.261 480.61 8.100
2008 02 21 2 46 6.428 MELI 77.0612 18.5685 10.5 35.2938 -2.935 0.005 206.107 42.9545 309.451 488.726 478.18 8.111
2008 05 12 6 27 59.884 MELI 31.0636 103.372 7.6 35.2938 -2.935 0.005 307.914 84.3628 301.806 755.373 751.73 5.091
2008 05 23 19 35 25.642 MELI 7.3593 -34.891 10 35.2938 -2.935 0.005 41.9203 40.3941 308.83 467.789 458.71 8.275
2008 06 27 11 40 14.091 MELI 10.996 91.841 27.6 35.2938 -2.935 0.005 305.323 87.5855 300.523 767.085 765.15 4.819
2008 09 03 11 25 0.682 MELI -26.83 -63.1933 570.6 35.2938 -2.935 0.005 45.5751 84.0073 311.459 703.58 691.98 4.896
2008 09 10 11 0 28.798 MELI 26.7723 55.8332 12 35.2938 -2.935 0.005 294.867 50.4391 304.293 542.498 536.75 7.569
2008 09 10 13 8 8.447 MELI 8.1265 -38.6802 3.1 35.2938 -2.935 0.005 45.0977 42.4283 304.551 481.307 476.36 8.138
2008 10 12 20 55 38.591 MELI -20.1808 -64.9821 357.8 35.2938 -2.935 0.005 47.0858 80.6228 301.549 696.461 694.56 5.237
2008 11 10 1 21 46.280 MELI 37.6199 95.8853 0.1 35.2938 -2.935 0.005 303.398 75.5211 311.359 718.332 704.97 5.753
2005 02 14 23 38 7.132 PVLZ 41.669 79.3417 31.4 35.173 -4.301 0.09 294.413 63.3984 303.555 630.668 625.20 6.626
2009 12 26 8 57 14.046 SBV -5.4255 131.324 64.9 -13.4584 49.9212 0.065 257.312 80.4145 309.079 734.982 724.41 5.364
2010 01 05 4 55 28.093 SBV -58.464 -14.8595 10 -13.4584 49.9212 0.065 75.2875 65.5046 308.819 653.076 643.21 6.470
2010 02 07 6 9 50.971 SBV 23.4364 123.691 23 -13.4584 49.9212 0.065 251.093 80.8923 308.945 742.574 732.66 5.332
2010 02 15 21 51 44.933 SBV -7.2679 128.767 134.7 -13.4584 49.9212 0.065 257.834 77.5384 298.225 700.492 700.74 5.556
2010 03 04 0 18 36.732 SBV 22.9301 120.8 27 -13.4584 49.9212 0.065 249.885 78.2166 313.843 732.361 717.56 5.529
2010 03 05 16 6 55.760 SBV -3.8389 100.916 24.2 -13.4584 49.9212 0.065 255.891 51.2181 306.079 548.669 541.46 7.503
2010 03 08 2 32 23.530 SBV 38.7884 40.044 12.2 -13.4584 49.9212 0.065 167.904 52.7874 310.095 566.115 556.93 7.372
2010 03 14 0 57 39.853 SBV -1.6485 128.082 63.6 -13.4584 49.9212 0.065 256.678 78.1041 307.52 721.017 712.03 5.534
2010 03 25 5 29 23.354 SBV 13.8293 120.014 24.6 -13.4584 49.9212 0.065 251.655 74.5224 302.472 700.418 696.80 5.803
2010 03 30 16 54 46.433 SBV 13.6128 92.8746 38.5 -13.4584 49.9212 0.065 239.443 50.3398 299.734 533.851 533.64 7.554
2010 04 05 10 5 34.655 SBV -0.0893 125.105 28.1 -13.4584 49.9212 0.065 256.208 75.5727 308.073 711.568 702.05 5.727
2010 04 11 22 7 57.342 SBV 37.0075 -3.4764 619.6 -13.4584 49.9212 0.065 124.301 70.9886 313.034 630.992 617.65 5.821
2010 04 13 23 49 30.136 SBV 33.1928 96.7466 13.8 -13.4584 49.9212 0.065 231.884 64.395 303.903 640.767 636.70 6.536
2010 05 09 5 59 35.066 SBV 3.7328 96.0278 42.3 -13.4584 49.9212 0.065 248.625 48.8406 306.024 528.308 521.43 7.665
2010 05 26 8 53 3.485 SBV 25.7386 129.955 12 -13.4584 49.9212 0.065 253.639 87.0207 303.488 770.053 765.65 4.854
2010 05 31 10 16 1.771 SBV 6.9374 123.962 34.3 -13.4584 49.9212 0.065 254.37 76.2424 298.299 704.728 705.10 5.676
2010 06 12 19 26 43.965 SBV 7.8506 91.9546 31.4 -13.4584 49.9212 0.065 243.331 46.7994 304.942 512.627 507.06 7.817
2010 06 16 3 16 22.341 SBV -2.2032 136.587 22.1 -13.4584 49.9212 0.065 256.737 86.252 306.824 768.033 759.82 4.919
2010 07 23 22 7 57.467 SBV 6.7113 123.488 610.2 -13.4584 49.9212 0.065 254.337 75.728 313.249 658.981 644.46 5.503
2010 07 23 22 51 3.765 SBV 6.4232 123.58 584.7 -13.4584 49.9212 0.065 254.423 75.739 306.223 654.157 646.65 5.513
2010 07 23 23 15 1.368 SBV 6.7403 123.327 633.7 -13.4584 49.9212 0.065 254.3 75.5822 306.702 649.684 641.71 5.503
2010 07 29 7 31 56.181 SBV 6.5583 123.36 615.8 -13.4584 49.9212 0.065 254.351 75.5651 298.667 643.036 643.09 5.511
2010 08 03 12 8 21.672 SBV 1.2978 126.279 50.6 -13.4584 49.9212 0.065 255.963 77.0444 303.603 712.681 707.65 5.616
2010 09 17 19 21 7.874 SBV 36.5352 70.9695 215.4 -13.4584 49.9212 0.065 205.749 53.544 307.339 546.965 540.32 7.234
2010 10 08 5 43 0.373 SBV 2.7637 128.221 140.8 -13.4584 49.9212 0.065 255.835 79.2815 302.705 713.882 709.78 5.425
2010 10 25 14 42 19.520 SBV -3.5248 100.104 20 -13.4584 49.9212 0.065 255.534 50.5103 300.948 538.778 536.72 7.554
2010 12 15 11 29 29.975 SBV -7.2664 128.794 140.4 -13.4584 49.9212 0.065 257.832 77.5652 297.798 699.572 700.25 5.552
2010 12 20 18 41 47.444 SBV 28.3681 59.15 14.5 -13.4584 49.9212 0.065 193.346 42.5283 313.407 489.313 476.90 8.115
2011 01 18 20 23 12.563 SBV 28.6831 63.9948 79.9 -13.4584 49.9212 0.065 199.893 44.0498 311.759 492.546 481.68 7.980
2011 02 04 13 53 41.528 SBV 24.6094 94.7347 86.5 -13.4584 49.9212 0.065 234.102 57.8296 304.084 587.756 583.42 6.980
2011 02 10 14 39 14.503 SBV 4.1297 123.062 532.8 -13.4584 49.9212 0.065 254.921 74.6398 308.333 654.58 644.92 5.617
2011 03 10 17 8 28.807 SBV -6.8567 116.73 518.6 -13.4584 49.9212 0.065 258.362 65.9302 306.651 602.394 594.32 6.236
2011 03 24 13 55 2.829 SBV 20.6298 99.9178 12.8 -13.4584 49.9212 0.065 239.689 59.6829 313.289 618.66 604.85 6.881
2011 04 03 20 6 33.038 SBV -9.7342 107.769 31.9 -13.4584 49.9212 0.065 260.286 56.6858 309.483 590.995 580.18 7.102
2011 06 13 14 31 16.818 SBV 2.5446 126.455 66 -13.4584 49.9212 0.065 255.708 77.5181 305.771 715.753 708.58 5.577
2011 07 19 19 35 41.042 SBV 40.1562 71.5011 19.5 -13.4584 49.9212 0.065 205.26 56.9873 299.757 585.065 585.97 7.064
2011 08 16 11 3 51.693 SBV -2.3027 128.036 38.7 -13.4584 49.9212 0.065 256.812 77.9107 305.777 721.034 713.78 5.556
2011 08 30 6 57 39.482 SBV -6.3592 126.75 467.2 -13.4584 49.9212 0.065 257.762 75.772 299.285 657.603 656.83 5.567
2011 09 03 4 48 50.047 SBV -56.5611 -26.9231 96.3 -13.4584 49.9212 0.065 86.5952 71.6285 308.535 680.438 670.65 6.003
2011 09 18 12 40 47.256 SBV 27.8039 88.1536 29.6 -13.4584 49.9212 0.065 227.101 55.2734 301.475 573.169 571.76 7.190
2011 10 13 3 16 17.596 SBV -9.3634 114.555 63.2 -13.4584 49.9212 0.065 259.631 63.3409 313.034 636.788 622.31 6.609
2011 10 23 10 41 17.422 SBV 38.7294 43.4465 7.6 -13.4584 49.9212 0.065 172.026 52.2657 301.684 554.562 553.83 7.411
2011 10 23 20 45 28.426 SBV 38.5893 43.1165 10.1 -13.4584 49.9212 0.065 171.607 52.164 302.436 554.16 552.68 7.417
2011 11 08 2 59 7.487 SBV 27.2502 125.723 228.2 -13.4584 49.9212 0.065 251.555 83.8515 299.324 724.587 724.39 5.046
2011 11 14 4 5 2.880 SBV -0.953 126.88 24.4 -13.4584 49.9212 0.065 256.497 77.0955 308.623 721.293 711.21 5.620
2011 11 30 0 27 1.818 SBV 15.4295 119.098 21.1 -13.4584 49.9212 0.065 250.923 74.1933 305.589 702.121 695.43 5.829
2011 12 13 7 51 55.375 SBV 0.0473 123.063 167.4 -13.4584 49.9212 0.065 256.038 73.6233 313.396 689.771 674.95 5.829
2011 12 27 15 21 48.524 SBV 51.8349 95.9643 12.8 -13.4584 49.9212 0.065 226.138 76.2516 311.357 720.833 709.43 5.668
2012 01 10 18 36 58.123 SBV 2.4307 93.2081 20.9 -13.4584 49.9212 0.065 248.639 45.7473 303.799 504.626 500.01 7.898
2012 01 15 13 40 15.315 SBV -60.701 -55.8579 17.3 -13.4584 49.9212 0.065 110.18 85.9155 304.246 763.88 758.28 4.958
2012 01 15 14 21 32.798 SBV -60.8685 -56.0334 23 -13.4584 49.9212 0.065 110.32 85.9381 300.222 759.074 757.50 4.955
2012 02 06 10 10 16.456 SBV 9.8996 123.175 12.6 -13.4584 49.9212 0.065 253.512 76.3079 303.061 713.155 708.83 5.676
2012 04 11 10 43 0.235 SBV 0.7675 92.4284 21.6 -13.4584 49.9212 0.065 249.883 44.4332 309.859 500.124 489.42 7.993
2012 04 15 5 57 33.135 SBV 2.581 90.3359 25 -13.4584 49.9212 0.065 247.275 43.1433 300.396 479.811 478.67 8.083
2012 05 20 2 3 52.477 SBV 44.873 11.2227 17.7 -13.4584 49.9212 0.065 138.943 67.8354 299.363 657.636 658.42 6.281
2012 06 10 12 44 15.076 SBV 36.3847 28.9676 32 -13.4584 49.9212 0.065 154.31 53.3756 298.88 556.354 558.18 7.324
2012 06 29 21 7 22.087 SBV 43.4335 84.6125 17.1 -13.4584 49.9212 0.065 217.698 64.8935 310.131 649.644 639.78 6.495
2012 08 11 12 34 21.083 SBV 38.3798 46.7958 18.9 -13.4584 49.9212 0.065 176.122 51.6473 313.451 559.918 547.45 7.452
2012 09 03 18 23 2.431 SBV -10.677 113.965 34.8 -13.4584 49.9212 0.065 260.338 62.5407 303.167 624.686 620.08 6.672
2012 10 17 4 42 25.483 SBV 4.1791 124.561 338.4 -13.4584 49.9212 0.065 255.118 76.0968 302.697 675.164 671.11 5.592
2012 11 02 18 17 25.059 SBV 9.235 126.281 55.5 -13.4584 49.9212 0.065 254.349 79.0693 307.108 726.849 718.46 5.464
2012 12 11 6 18 14.800 SBV 0.5606 126.224 43.8 -13.4584 49.9212 0.065 256.124 76.8135 313.232 721.782 707.11 5.635
2013 01 28 16 38 37.542 SBV 42.5824 79.7217 14.3 -13.4584 49.9212 0.065 213.161 62.1208 313.62 635.228 622.02 6.690
2013 04 06 4 42 32.183 SBV -3.4714 138.474 69.4 -13.4584 49.9212 0.065 256.73 87.7975 304.7 767.467 761.39 4.787
2013 04 09 11 52 45.034 SBV 28.4463 51.629 12.8 -13.4584 49.9212 0.065 182.499 41.6897 304.136 473.452 470.39 8.172
2013 07 15 14 3 36.663 SBV -61.0527 -25.2274 19.9 -13.4584 49.9212 0.065 83.6076 71.1333 303.782 681.669 676.70 6.061
2013 07 22 7 1 28.574 SBV -46.0946 34.8615 3.2 -13.4584 49.9212 0.065 26.1984 34.9301 308.151 421.776 413.73 8.626
2013 08 12 0 53 29.635 SBV -7.1167 129.791 104.8 -13.4584 49.9212 0.065 257.721 78.564 313.203 724.518 709.79 5.490
2013 09 24 11 29 43.789 SBV 26.9109 65.5315 15.5 -13.4584 49.9212 0.065 202.619 42.8978 302.771 481.532 479.60 8.090
2013 09 28 7 33 52.775 SBV 27.1617 65.6192 18.7 -13.4584 49.9212 0.065 202.633 43.1585 314.273 494.648 481.21 8.070
2013 10 12 13 11 41.366 SBV 35.5277 23.3718 46.9 -13.4584 49.9212 0.065 147.859 54.8239 311.805 578.189 566.93 7.214
2013 11 03 11 3 38.203 SBV 4.6415 123.4 556.8 -13.4584 49.9212 0.065 254.838 75.0974 299.198 645.945 645.43 5.574
2013 11 17 9 4 52.709 SBV -60.3783 -46.5876 7.9 -13.4584 49.9212 0.065 102.291 81.6093 303.771 743.012 737.88 5.292
2013 11 19 13 32 46.400 SBV 2.7153 128.447 56.1 -13.4584 49.9212 0.065 255.865 79.4887 304.212 726.162 720.55 5.435
2013 11 25 6 27 32.421 SBV -53.9716 -54.9648 10 -13.4584 49.9212 0.065 109.788 87.7683 299.446 769.375 768.55 4.812
2013 12 01 1 24 5.272 SBV -7.0288 128.415 25.9 -13.4584 49.9212 0.065 257.809 77.2476 307.378 720.656 711.74 5.610
2014 01 25 5 14 12.086 SBV -8.0446 109.223 87.8 -13.4584 49.9212 0.065 259.174 58.3983 309.082 596.596 586.18 6.954
2014 01 26 13 55 28.019 SBV 38.191 20.507 13.8 -13.4584 49.9212 0.065 145.837 58.3055 315.259 610.79 595.98 6.967
2014 02 01 3 58 41.518 SBV -56.9339 -27.3456 142.9 -13.4584 49.9212 0.065 86.8292 71.8823 303.093 671.325 666.98 5.968
2014 02 03 3 8 45.343 SBV 38.2552 20.4368 14.5 -13.4584 49.9212 0.065 145.787 58.3896 300.142 596.149 596.45 6.962
2014 02 12 9 19 38.755 SBV 35.8767 82.5807 4.1 -13.4584 49.9212 0.065 218.261 57.9764 303.625 598.42 595.14 6.994
2014 03 02 20 11 9.696 SBV 27.4238 127.328 118.9 -13.4584 49.9212 0.065 252.315 85.2621 309.347 754.001 743.78 4.965
2014 04 15 3 56 52.504 SBV -53.609 8.7098 10 -13.4584 49.9212 0.065 54.9316 51.5495 306.514 553.36 546.32 7.480
2014 05 18 1 2 28.208 SBV 4.2401 92.7377 32.9 -13.4584 49.9212 0.065 246.826 45.9938 298.893 500.034 500.39 7.876
2014 06 14 11 10 51.020 SBV -10.1131 91.0383 23.1 -13.4584 49.9212 0.065 261.129 40.3548 310.205 466.985 455.75 8.279
2014 08 18 2 31 57.222 SBV 32.711 47.638 10 -13.4584 49.9212 0.065 176.909 45.9597 310.261 514.389 505.19 7.870
2014 09 10 2 46 3.678 SBV -0.2248 125.026 39.9 -13.4584 49.9212 0.065 256.237 75.4648 303.63 704.952 699.88 5.732
2014 10 07 13 49 39.963 SBV 23.3434 100.501 12.8 -13.4584 49.9212 0.065 238.755 61.5297 301.574 619.561 617.52 6.744
2014 11 21 10 10 13.527 SBV 2.2707 127.031 45.2 -13.4584 49.9212 0.065 255.82 78.0084 307.28 722.353 713.66 5.546
2014 12 06 22 4 58.180 SBV -6.11 130.483 116 -13.4584 49.9212 0.065 257.481 79.4497 310.548 725.418 713.36 5.422
2014 12 10 21 3 28.493 SBV 25.5403 122.45 256 -13.4584 49.9212 0.065 250.197 80.52 307.927 712.984 704.16 5.286
2014 12 21 11 34 12.131 SBV 2.051 126.544 71 -13.4584 49.9212 0.065 255.822 77.4832 302.795 712.014 707.81 5.578
2015 02 16 22 0 43.419 SBV -55.5186 -28.2292 18.1 -13.4584 49.9212 0.065 88.0273 72.3116 312.017 697.348 684.04 5.977
2015 02 27 13 44 54.266 SBV -7.358 122.491 559.1 -13.4584 49.9212 0.065 258.295 71.4287 309.744 635.328 624.11 5.833
2015 03 17 22 12 15.704 SBV 1.6716 126.434 55.7 -13.4584 49.9212 0.065 255.894 77.2845 312.964 722.81 708.43 5.598
2015 04 20 1 42 55.667 SBV 24.0574 122.432 28.1 -13.4584 49.9212 0.065 250.426 80.0068 301.396 729.529 727.19 5.398
2015 04 25 6 45 12.191 SBV 28.1603 84.8433 14.7 -13.4584 49.9212 0.065 223.903 53.4336 311.82 572.279 560.65 7.330
2015 04 26 7 9 0.866 SBV 27.7365 85.9788 13.4 -13.4584 49.9212 0.065 225.177 53.8373 308.442 572.076 563.78 7.301
2015 05 12 7 5 15.078 SBV 27.8014 86.126 12.3 -13.4584 49.9212 0.065 225.279 53.9755 302.548 567.369 564.96 7.292
2015 06 17 12 51 33.299 SBV -35.3709 -17.809 27.1 -13.4584 49.9212 0.065 88.5067 64.2408 306.947 640.598 632.26 6.559
2015 07 03 1 7 28.973 SBV 37.4703 78.1205 19 -13.4584 49.9212 0.065 213.168 57.1734 314.663 601.39 587.22 7.051
2015 10 26 9 9 34.501 SBV 36.5244 70.3676 231 -13.4584 49.9212 0.065 205.071 53.3263 300.48 536.979 537.21 7.243
2015 11 04 3 44 6.389 SBV -8.3381 124.875 20 -13.4584 49.9212 0.065 258.423 73.5466 307.875 700.736 691.32 5.883
2015 11 08 16 46 51.902 SBV 6.8431 94.648 10 -13.4584 49.9212 0.065 245.539 48.7781 313.186 539.384 525.47 7.680
2015 11 17 7 9 55.888 SBV 38.67 20.6 11 -13.4584 49.9212 0.065 146.095 58.661 311.583 610.045 598.91 6.945
2015 12 07 7 49 53.250 SBV 38.2107 72.7797 22 -13.4584 49.9212 0.065 207.23 55.6841 309.2 584.85 576.30 7.160
2015 12 09 10 21 36.169 SBV -4.1064 129.508 21 -13.4584 49.9212 0.065 257.156 78.9391 307.782 731.163 721.88 5.485
2015 12 20 18 47 32.171 SBV 3.6455 117.636 14 -13.4584 49.9212 0.065 254.237 69.2926 301.211 669.39 666.86 6.192
2015 12 25 19 14 46.658 SBV 36.4935 71.1263 206 -13.4584 49.9212 0.065 205.939 53.5616 297.289 537.981 541.38 7.237
2016 01 11 16 37 57.688 SBV 3.8966 126.857 13 -13.4584 49.9212 0.065 255.472 78.2405 305.86 726.722 719.48 5.536
2016 01 25 4 22 2.088 SBV 35.6493 -3.6818 12 -13.4584 49.9212 0.065 123.753 70.3676 304.017 679.029 674.67 6.104
2016 02 12 10 2 21.870 SBV -9.6338 119.401 28 -13.4584 49.9212 0.065 259.35 67.9921 300.701 658.581 656.37 6.285
2016 02 27 21 29 36.164 SBV -51.7897 139.596 10 -13.4584 49.9212 0.065 261.851 79.3575 304.846 731.782 725.50 5.464
2016 03 02 12 49 35.700 SBV -4.9521 94.3299 24 -13.4584 49.9212 0.065 255.915 44.58 311.168 502.268 490.08 7.984
2016 04 06 14 45 23.363 SBV -8.2036 107.386 29 -13.4584 49.9212 0.065 259.315 56.5821 306.355 587.542 579.88 7.111
2016 04 10 10 28 50.182 SBV 36.4725 71.1311 212 -13.4584 49.9212 0.065 205.952 53.5445 305.571 545.539 540.66 7.236
2016 04 13 13 55 3.998 SBV 23.0944 94.8654 136 -13.4584 49.9212 0.065 234.984 57.0522 312.039 584.991 572.67 7.021
2016 05 28 9 46 54.722 SBV -56.2409 -26.9353 78 -13.4584 49.9212 0.065 86.7119 71.6165 301.813 675.691 672.61 6.010
2016 06 05 16 25 17.765 SBV -4.587 125.626 429.62 -13.4584 49.9212 0.065 257.358 75.0587 311.146 668.881 656.26 5.633
2016 06 07 19 15 8.695 SBV 1.2789 126.371 31 -13.4584 49.9212 0.065 255.975 77.1289 304.023 715.928 710.48 5.616
2016 08 23 19 39 43.195 SBV -7.2805 122.425 532.4 -13.4584 49.9212 0.065 258.273 71.3811 300.285 627.84 626.08 5.849
2016 08 24 10 34 53.605 SBV 20.9224 94.5687 82 -13.4584 49.9212 0.065 235.956 55.5999 298.578 566.923 568.02 7.152
2016 10 19 0 25 48.698 SBV -4.8626 108.163 614 -13.4584 49.9212 0.065 257.241 58.013 310.732 547.584 535.59 6.723
2016 10 30 6 40 16.426 SBV 42.8547 13.0884 10 -13.4584 49.9212 0.065 140.109 65.4247 299.997 644.121 644.33 6.457
2016 11 25 14 24 25.284 SBV 39.23 74.0208 17 -13.4584 49.9212 0.065 208.26 57.0368 300.522 586.588 586.67 7.061
2016 12 06 22 3 30.582 SBV 5.2834 96.1678 13 -13.4584 49.9212 0.065 247.448 49.5463 305.428 537.046 530.80 7.625
2016 12 29 22 30 11.130 SBV -9.0279 118.664 79 -13.4584 49.9212 0.065 259.17 67.3893 305.519 653.739 646.73 6.311
2017 01 10 6 13 43.948 SBV 4.4634 122.575 612.71 -13.4584 49.9212 0.065 254.76 74.2574 299.66 637.012 636.04 5.608
2017 02 10 14 3 43.781 SBV 9.9071 125.452 15 -13.4584 49.9212 0.065 254.04 78.464 299.285 721.054 720.50 5.516
2017 04 28 20 23 5.034 SBV 5.5046 125.072 26 -13.4584 49.9212 0.065 254.887 76.929 308.198 719.714 710.16 5.630
2017 07 20 22 30 56.125 SBV 36.9249 27.4135 7 -13.4584 49.9212 0.065 152.745 54.4153 311.531 580.356 569.49 7.257
2017 08 08 23 27 41.015 SBV 44.3014 82.8268 20 -13.4584 49.9212 0.065 215.735 64.8168 310.491 649.026 638.84 6.499
2017 08 13 3 8 1.144 SBV -3.7682 101.623 31 -13.4584 49.9212 0.065 255.926 51.9196 312.534 559.44 545.77 7.448
2017 10 10 18 53 24.368 SBV -54.2584 8.6055 9 -13.4584 49.9212 0.065 54.6248 51.9752 308.357 558.539 549.65 7.449
2017 11 11 0 36 0.836 SBV -11.7424 -14.1142 10 -13.4584 49.9212 0.065 99.1163 62.3602 313.21 637.224 622.57 6.693
2017 11 12 18 18 1.290 SBV 34.9052 45.9563 19 -13.4584 49.9212 0.065 174.826 48.2435 313.995 534.555 521.59 7.701
2017 12 01 2 32 33.777 SBV 30.7431 57.3138 9 -13.4584 49.9212 0.065 190.285 44.5177 310.291 503.114 493.85 7.974
2017 12 12 8 43 13.921 SBV 30.7196 57.2705 10 -13.4584 49.9212 0.065 190.23 44.488 300.214 492.643 493.45 7.976
2017 12 12 21 41 28.280 SBV 30.8226 57.2861 8 -13.4584 49.9212 0.065 190.232 44.5914 300.377 493.947 494.59 7.969
2017 12 15 16 47 53.677 SBV -7.4921 108.174 90 -13.4584 49.9212 0.065 258.854 57.4832 301.687 582.56 579.56 7.018
2018 01 28 16 2 57.719 SBV -53.0623 9.6842 10 -13.4584 49.9212 0.065 54.2386 50.7559 306.735 547.616 540.38 7.536
2018 01 31 7 6 52.087 SBV 36.5432 70.8155 191.19 -13.4584 49.9212 0.065 205.573 53.4975 306.154 547.867 542.41 7.249
2018 02 26 13 34 41.406 SBV -2.7629 126.727 9.91 -13.4584 49.9212 0.065 256.903 76.5333 311.907 723.701 710.31 5.664
2018 05 05 6 18 47.891 SBV 14.5708 123.919 18 -13.4584 49.9212 0.065 252.717 78.3539 312.949 733.608 719.49 5.523
2018 05 09 10 41 31.519 SBV 36.9916 71.3833 116 -13.4584 49.9212 0.065 206.069 54.099 310.821 564.652 554.52 7.238
2018 07 28 17 7 16.966 SBV -7.1221 122.747 577.48 -13.4584 49.9212 0.065 258.204 71.7259 304.509 630.293 624.31 5.802
2018 08 17 15 34 54.445 SBV -7.4263 119.834 529 -13.4584 49.9212 0.065 258.467 68.8343 304.355 617.06 611.24 6.030
2018 08 19 14 56 27.271 SBV -8.3303 116.631 25.21 -13.4584 49.9212 0.065 259.013 65.547 299.167 641.846 641.21 6.461
2018 09 28 10 2 35.094 SBV -0.1781 119.84 10 -13.4584 49.9212 0.065 255.858 70.4424 306.185 682.091 674.50 6.111
2018 10 10 18 44 41.435 SBV -7.453 114.455 9 -13.4584 49.9212 0.065 258.705 63.6005 312.496 644.961 631.03 6.607
2018 10 25 22 54 37.593 SBV 37.5148 20.5635 14 -13.4584 49.9212 0.065 145.657 57.7224 312.185 603.592 591.86 7.010
2018 11 04 7 55 10.444 SBV 7.7518 123.865 581 -13.4584 49.9212 0.065 254.162 76.3687 312.418 664.124 650.45 5.473
2018 12 29 3 38 58.829 SBV 5.8983 126.921 60.21 -13.4584 49.9212 0.065 255.091 78.8075 307.427 725.198 716.42 5.482
2019 01 06 17 27 16.336 SBV 2.2414 126.736 60 -13.4584 49.9212 0.065 255.799 77.7157 303.138 714.902 710.35 5.564
2019 01 22 19 1 36.446 SBV -43.1219 42.3568 13 -13.4584 49.9212 0.065 14.7184 30.2706 305.778 377.1325 371.56 8.839
2019 03 08 15 5 59.169 SBV 10.384 126.006 30 -13.4584 49.9212 0.065 254.076 79.119 310.319 733.4 721.82 5.467
2019 03 24 4 37 29.995 SBV 1.6617 126.38 45 -13.4584 49.9212 0.065 255.891 77.2298 301.883 712.638 709.33 5.605
2019 04 12 11 40 42.419 SBV -1.8518 122.553 17.48 -13.4584 49.9212 0.065 256.564 72.6807 304.288 692.469 686.73 5.946
2019 04 18 5 0 59.056 SBV 23.9888 121.693 20 -13.4584 49.9212 0.065 250.098 79.3481 307.352 733.096 724.80 5.449
2019 04 22 9 11 3.934 SBV 14.9236 120.497 20 -13.4584 49.9212 0.065 251.536 75.3105 304.788 707.954 702.03 5.745
2019 07 14 9 10 44.769 SBV -0.529 128.093 10 -13.4584 49.9212 0.065 256.454 78.3734 306.403 728.484 720.63 5.527
2019 10 29 1 4 43.500 SBV 6.7587 124.995 14.95 -13.4584 49.9212 0.065 254.598 77.1833 300.234 714.884 713.32 5.614
2019 10 31 1 11 4.303 SBV 6.9079 125.183 10 -13.4584 49.9212 0.065 254.599 77.4027 310.584 727.281 715.36 5.599
2019 11 14 16 17 37.639 SBV 1.6199 126.414 33 -13.4584 49.9212 0.065 255.903 77.2527 301.382 713.692 710.89 5.606
2019 11 14 21 12 52.260 SBV 1.5673 126.414 23 -13.4584 49.9212 0.065 255.915 77.2395 302.939 716.629 712.27 5.610
2019 12 20 11 39 41.884 SBV 36.545 70.4485 212 -13.4584 49.9212 0.065 205.156 53.3725 309.092 547.808 539.42 7.248
2009 12 19 13 2 11.432 VOI 23.7932 121.703 50.1 -21.9065 46.7933 1.158 244.028 85.8341 302.427 757.894 754.74 4.936
2009 12 26 8 57 13.860 VOI -5.4255 131.324 64.9 -21.9065 46.7933 1.158 248.67 82.9366 307.664 746.754 737.66 5.175
2010 01 17 11 59 58.992 VOI -57.6927 -66.0377 10 -21.9065 46.7933 1.158 120.45 83.1423 301.591 748.348 745.07 5.186
2010 02 05 6 58 55.205 VOI -47.9345 99.5103 16 -21.9065 46.7933 1.158 282.729 49.2449 312.299 540.694 527.31 7.652
2010 02 15 21 51 39.873 VOI -7.2679 128.767 134.7 -21.9065 46.7933 1.158 249.07 79.9061 305.161 720.288 713.64 5.383
2010 03 04 0 18 37.146 VOI 22.9301 120.8 27 -21.9065 46.7933 1.158 243.706 84.7104 313.11 765.914 752.06 5.035
2010 03 25 5 29 25.114 VOI 13.8293 120.014 24.6 -21.9065 46.7933 1.158 244.504 80.0775 299.977 729.013 728.05 5.394
2010 03 30 16 54 33.132 VOI 13.6128 92.8746 38.5 -21.9065 46.7933 1.158 232.608 57.348 312.583 598 585.07 7.040
2010 04 05 10 5 34.041 VOI -0.0893 125.105 28.1 -21.9065 46.7933 1.158 247.825 79.1223 308.055 731.364 721.95 5.470
2010 04 11 22 8 9.028 VOI 37.0075 -3.4764 619.6 -21.9065 46.7933 1.158 132.424 75.3547 302.158 644.93 642.72 5.510
2010 04 13 23 49 33.477 VOI 33.1928 96.7466 13.8 -21.9065 46.7933 1.158 228.156 72.6085 301.497 689.769 688.18 5.936
2010 04 24 7 40 59.742 VOI -1.8988 128.112 38.7 -21.9065 46.7933 1.158 248.257 81.2395 300.217 733.475 731.87 5.306
2010 05 05 16 28 57.848 VOI -4.1395 101.105 26.3 -21.9065 46.7933 1.158 246.297 55.4617 304.717 578.218 572.42 7.190
2010 05 09 5 59 32.582 VOI 3.7328 96.0278 42.3 -21.9065 46.7933 1.158 239.799 54.4705 305.862 570.229 563.63 7.255
2010 05 31 10 16 2.174 VOI 6.9374 123.962 34.3 -21.9065 46.7933 1.158 246.537 80.7794 298.431 729.807 730.19 5.341
2010 05 31 19 51 34.073 VOI 11.2109 93.6519 131.6 -21.9065 46.7933 1.158 234.316 56.5367 312.759 582.535 569.33 7.063
2010 06 12 19 26 36.691 VOI 7.8506 91.9546 31.4 -21.9065 46.7933 1.158 235.277 53.2433 313.04 569.698 556.17 7.346
2010 06 16 3 16 17.450 VOI -2.2032 136.587 22.1 -21.9065 46.7933 1.158 248.247 88.9972 311.095 785.395 773.00 4.704
2010 07 23 22 8 1.235 VOI 6.7113 123.488 610.2 -21.9065 46.7933 1.158 246.484 80.2577 308.945 678.81 668.74 5.180
2010 07 23 22 51 2.049 VOI 6.4232 123.58 584.7 -21.9065 46.7933 1.158 246.546 80.2275 311.637 683.538 670.76 5.192
2010 07 23 23 14 57.079 VOI 6.7403 123.327 633.7 -21.9065 46.7933 1.158 246.45 80.1229 309.615 676.786 666.05 5.179
2010 07 29 7 31 38.877 VOI 6.5583 123.36 615.8 -21.9065 46.7933 1.158 246.485 80.081 312.939 681.411 667.34 5.190
2010 09 17 19 20 59.467 VOI 36.5352 70.9695 215.4 -21.9065 46.7933 1.158 205.401 62.4535 309.499 611.032 602.20 6.594
2010 09 26 12 12 33.039 VOI -5.2995 133.898 20.4 -21.9065 46.7933 1.158 248.514 85.3683 307.078 764.089 755.61 4.995
2010 09 29 17 10 47.721 VOI -4.9188 133.807 18.3 -21.9065 46.7933 1.158 248.491 85.4233 303.261 760.89 756.23 4.991
2010 10 04 13 28 32.434 VOI 24.2175 125.249 32.8 -21.9065 46.7933 1.158 245.509 88.9478 304.728 777.244 771.80 4.696
2010 10 25 14 42 7.670 VOI -3.5248 100.104 20 -21.9065 46.7933 1.158 245.692 54.7977 311.589 581.169 568.54 7.242
2010 10 25 19 37 30.438 VOI -3.0065 100.37 22.6 -21.9065 46.7933 1.158 245.426 55.2524 296.676 569.188 571.48 7.206
2010 11 10 4 5 22.453 VOI -45.5992 96.3646 15.3 -21.9065 46.7933 1.158 283.402 46.6101 299.34 507.437 507.05 7.843
2010 12 15 11 29 28.129 VOI -7.2664 128.794 140.4 -21.9065 46.7933 1.158 249.068 79.9319 301.047 715.667 713.14 5.380
2010 12 20 18 41 42.498 VOI 28.3681 59.15 14.5 -21.9065 46.7933 1.158 194.734 51.3851 314.487 559.739 546.27 7.472
2011 01 18 20 23 24.209 VOI 28.6831 63.9948 79.9 -21.9065 46.7933 1.158 200.124 52.9624 299.357 548.698 550.25 7.332
2011 02 04 13 53 42.995 VOI 24.6094 94.7347 86.5 -21.9065 46.7933 1.158 229.195 65.6297 301.962 638.117 635.99 6.421
2011 02 10 14 39 11.530 VOI 4.1297 123.062 532.8 -21.9065 46.7933 1.158 246.848 78.853 312.455 681.674 668.02 5.313
2011 02 10 14 41 58.702 VOI 4.0464 123.034 531.2 -21.9065 46.7933 1.158 246.859 78.7943 298.352 667.4 667.84 5.318
2011 03 06 14 32 25.070 VOI -56.3864 -27.0253 92 -21.9065 46.7933 1.158 89.4364 63.1143 310.697 629.227 617.10 6.621
2011 03 06 14 32 27.339 VOI -56.41 -26.68 101.2 -21.9065 46.7933 1.158 89.1361 62.9226 310.69 626.951 614.84 6.630
2011 03 10 17 8 32.954 VOI -6.8567 116.73 518.6 -21.9065 46.7933 1.158 249.247 68.8797 302.676 616.472 612.39 6.032
2011 03 20 8 26 10.060 VOI 19.0747 121.307 39.9 -21.9065 46.7933 1.158 244.265 83.4529 299.839 744.529 743.84 5.132
2011 03 24 13 55 10.347 VOI 20.6298 99.9178 12.8 -21.9065 46.7933 1.158 233.854 66.9185 302.753 656.156 652.99 6.352
2011 04 01 13 29 4.992 VOI 35.7317 26.5466 75.5 -21.9065 46.7933 1.158 158.319 60.4478 302.379 605.287 603.69 6.790
2011 04 03 20 6 40.963 VOI -9.7342 107.769 31.9 -21.9065 46.7933 1.158 250.348 59.5711 300.578 602.264 600.35 6.893
2011 05 14 21 7 11.228 VOI 36.4257 70.7231 207.6 -21.9065 46.7933 1.158 205.186 62.2699 308.858 609.98 601.79 6.610
2011 07 19 19 35 38.655 VOI 40.1562 71.5011 19.5 -21.9065 46.7933 1.158 205.165 65.9012 302.321 648.016 646.32 6.415
2011 08 30 6 57 37.552 VOI -6.3592 126.75 467.2 -21.9065 46.7933 1.158 249.008 78.3591 302.401 674.799 670.96 5.383
2011 09 03 4 48 55.052 VOI -56.5611 -26.9231 96.3 -21.9065 46.7933 1.158 89.2621 63.0596 303.456 621.154 616.27 6.623
2011 09 05 17 55 10.140 VOI 3.0253 97.9991 106.6 -21.9065 46.7933 1.158 241.017 55.8349 300.668 568.078 566.60 7.130
2011 09 18 12 40 37.005 VOI 27.8039 88.1536 29.6 -21.9065 46.7933 1.158 223.264 63.5555 309.815 638.81 629.10 6.588
2011 10 13 3 16 23.732 VOI -9.3634 114.555 63.2 -21.9065 46.7933 1.158 250.213 65.9969 307.698 648.716 639.57 6.417
2011 10 23 10 41 18.078 VOI 38.7294 43.4465 7.6 -21.9065 46.7933 1.158 176.425 60.3969 302.31 613.332 612.00 6.815
2011 11 14 4 5 5.143 VOI -0.953 126.88 24.4 -21.9065 46.7933 1.158 248.073 80.4456 305.05 736.056 729.64 5.372
2011 11 30 0 26 53.178 VOI 15.4295 119.098 21.1 -21.9065 46.7933 1.158 243.955 79.971 312.797 741.769 728.03 5.402
2011 12 11 9 54 46.234 VOI -56.049 -28.2135 130.6 -21.9065 46.7933 1.158 90.5909 63.7781 309.35 628.066 617.26 6.560
2011 12 13 7 51 57.523 VOI 0.0473 123.063 167.4 -21.9065 46.7933 1.158 247.638 77.2844 310.836 708.013 695.84 5.563
2012 01 10 18 36 56.054 VOI 2.4307 93.2081 20.9 -21.9065 46.7933 1.158 239.415 51.3875 305.981 550.277 543.60 7.487
2012 01 15 13 40 18.848 VOI -60.701 -55.8579 17.3 -21.9065 46.7933 1.158 111.643 77.1191 302.67 715.772 711.42 5.633
2012 02 06 3 49 10.707 VOI 9.9194 123.217 17.5 -21.9065 46.7933 1.158 245.954 81.2979 301.208 737.851 735.54 5.302
2012 02 06 10 10 18.688 VOI 9.8996 123.175 12.6 -21.9065 46.7933 1.158 245.947 81.2522 297.935 735.147 736.11 5.307
2012 04 11 8 38 36.187 VOI 2.2376 93.0144 26.3 -21.9065 46.7933 1.158 239.461 51.1233 301.421 542.984 540.87 7.505
2012 04 11 10 43 2.132 VOI 0.7675 92.4284 21.6 -21.9065 46.7933 1.158 240.244 49.8832 307.026 539.844 532.10 7.597
2012 04 14 10 56 15.268 VOI -57.5759 -65.3721 8.4 -21.9065 46.7933 1.158 119.924 82.8917 300.256 745.988 744.04 5.204
2012 04 15 5 57 30.147 VOI 2.581 90.3359 25 -21.9065 46.7933 1.158 237.941 49.0134 306.628 532.331 525.10 7.656
2012 04 17 19 3 42.989 VOI -59.1876 -16.8077 13.6 -21.9065 46.7933 1.158 78.9102 57.9564 311.013 603.624 591.40 7.016
2012 05 20 2 3 51.552 VOI 44.873 11.2227 17.7 -21.9065 46.7933 1.158 145.8 73.9624 299.541 695.089 695.88 5.831
2012 06 16 22 18 40.121 VOI 15.5423 119.604 44.9 -21.9065 46.7933 1.158 244.108 80.4584 305.643 734.072 727.49 5.359
2012 06 23 4 34 41.269 VOI 3.0022 97.9116 101.9 -21.9065 46.7933 1.158 240.997 55.7473 311.062 578.343 566.47 7.138
2012 06 29 21 7 27.347 VOI 43.4335 84.6125 17.1 -21.9065 46.7933 1.158 216.385 73.723 302.858 697.111 694.54 5.849
2012 08 11 12 34 28.703 VOI 38.3798 46.7958 18.9 -21.9065 46.7933 1.158 180.003 59.9662 305.328 611.575 607.24 6.844
2012 08 12 10 46 59.661 VOI 35.6526 82.5417 14 -21.9065 46.7933 1.158 216.268 66.5115 303.668 654.207 650.89 6.374
2012 08 31 12 47 31.416 VOI 10.8107 126.826 44.4 -21.9065 46.7933 1.158 246.674 84.9058 300.513 752.047 750.46 5.020
2012 09 03 18 23 4.584 VOI -10.677 113.965 34.8 -21.9065 46.7933 1.158 250.787 65.0125 301.015 638.781 636.31 6.500
2012 09 14 4 51 32.690 VOI -3.3008 100.67 23.3 -21.9065 46.7933 1.158 245.679 55.4043 312.6 586.11 572.46 7.194
2012 10 08 11 43 31.730 VOI -4.5414 129.235 29.6 -21.9065 46.7933 1.158 248.632 81.3179 299.136 734.006 733.43 5.303
2012 10 17 4 42 25.517 VOI 4.1791 124.561 338.4 -21.9065 46.7933 1.158 247.055 80.2479 301.898 696.881 693.76 5.284
2012 12 10 16 53 1.153 VOI -6.4969 129.868 161.5 -21.9065 46.7933 1.158 248.885 81.202 306.685 725.682 717.53 5.273
2012 12 11 6 18 23.326 VOI 0.5606 126.224 43.8 -21.9065 46.7933 1.158 247.798 80.4021 304.712 732.936 726.89 5.370
2012 12 17 9 16 20.229 VOI -0.6936 123.884 46.4 -21.9065 46.7933 1.158 247.853 77.7651 310.14 723.661 712.16 5.564
2013 01 28 16 38 37.512 VOI 42.5824 79.7217 14.3 -21.9065 46.7933 1.158 212.27 70.9977 313.579 692.017 678.85 6.049
2013 04 09 11 52 41.802 VOI 28.4463 51.629 12.8 -21.9065 46.7933 1.158 185.842 50.2762 307.209 544.357 538.27 7.552
2013 04 16 10 44 11.568 VOI 27.9704 62.136 63.1 -21.9065 46.7933 1.158 198.232 51.7534 305.728 547.86 543.09 7.426
2013 04 20 0 2 43.326 VOI 30.2688 103.02 18 -21.9065 46.7933 1.158 233.089 74.8953 301.248 702.272 700.72 5.767
2013 06 02 5 42 58.964 VOI 23.8318 121.059 17 -21.9065 46.7933 1.158 243.747 85.3212 303.013 760.399 756.66 4.987
2013 06 13 16 47 13.831 VOI -9.9513 107.302 20.6 -21.9065 46.7933 1.158 250.456 59.0652 310.059 609.828 598.44 6.933
2013 06 15 16 10 45.821 VOI 34.4507 25.044 21.5 -21.9065 46.7933 1.158 156.523 59.7408 315.165 619.494 605.09 6.862
2013 07 02 7 37 0.779 VOI 4.6907 96.5824 25.4 -21.9065 46.7933 1.158 239.46 55.4288 303.735 577.156 572.70 7.189
2013 07 15 14 3 34.297 VOI -61.0527 -25.2274 19.9 -21.9065 46.7933 1.158 85.4701 62.3843 306.237 628.19 620.60 6.695
2013 07 21 23 45 51.968 VOI 34.5047 104.261 5.1 -21.9065 46.7933 1.158 233.095 78.2718 300.628 722.86 721.97 5.521
2013 07 26 21 32 50.257 VOI -58.0352 -24.28 17 -21.9065 46.7933 1.158 86.2395 61.6839 307.053 624.796 616.38 6.748
2013 08 12 0 53 40.656 VOI -7.1167 129.791 104.8 -21.9065 46.7933 1.158 248.98 80.9093 302.438 726.332 722.41 5.314
2013 09 06 11 33 53.585 VOI 20.1862 122.334 189.4 -21.9065 46.7933 1.158 244.549 84.8037 299.926 734.291 733.56 4.981
2013 09 24 11 29 40.873 VOI 26.9109 65.5315 15.5 -21.9065 46.7933 1.158 202.307 51.8092 304.795 553.072 549.15 7.442
2013 09 28 7 33 55.084 VOI 27.1617 65.6192 18.7 -21.9065 46.7933 1.158 202.329 52.07 313 562.716 550.59 7.421
2013 10 04 17 26 13.104 VOI -38.707 78.5007 11 -21.9065 46.7933 1.158 292.463 31.8811 304.563 390.409 385.07 8.790
2013 10 12 13 11 41.669 VOI 35.5277 23.3718 46.9 -21.9065 46.7933 1.158 155.109 61.2834 310.046 621.727 612.39 6.739
2013 11 03 11 3 39.544 VOI 4.6415 123.4 556.8 -21.9065 46.7933 1.158 246.809 79.3625 297.565 667.371 668.62 5.262
2013 11 16 3 34 27.798 VOI -60.3079 -47.199 24 -21.9065 46.7933 1.158 104.567 73.1712 306.428 695.78 687.72 5.920
2013 11 17 9 4 49.883 VOI -60.3783 -46.5876 7.9 -21.9065 46.7933 1.158 104.039 72.8591 304.964 695.03 688.44 5.946
2013 11 19 13 32 40.132 VOI 2.7153 128.447 56.1 -21.9065 46.7933 1.158 247.698 83.2701 310.601 752.469 740.59 5.149
2013 12 01 1 24 12.410 VOI -7.0288 128.415 25.9 -21.9065 46.7933 1.158 249.051 79.6652 299.238 725.777 725.04 5.433
2014 02 03 3 8 30.429 VOI 38.2552 20.4368 14.5 -21.9065 46.7933 1.158 152.884 64.7613 314.983 654.103 639.73 6.501
2014 02 12 9 19 46.779 VOI 35.8767 82.5807 4.1 -21.9065 46.7933 1.158 216.245 66.7106 297.731 651.152 653.77 6.361
2014 03 21 13 41 0.466 VOI 7.6804 94.2252 19.3 -21.9065 46.7933 1.158 236.595 55.0128 308.74 580.024 570.72 7.220
2014 05 05 11 8 41.378 VOI 19.6152 99.7038 15.2 -21.9065 46.7933 1.158 234.083 66.1621 303.328 651.5 647.74 6.408
2014 05 18 1 2 24.020 VOI 4.2401 92.7377 32.9 -21.9065 46.7933 1.158 237.98 51.9201 306.328 552.957 546.01 7.443
2014 06 14 11 10 57.329 VOI -10.1131 91.0383 23.1 -21.9065 46.7933 1.158 248.964 43.9649 305.097 491.318 485.23 8.027
2014 06 29 7 52 48.563 VOI -55.4757 -28.3956 15.1 -21.9065 46.7933 1.158 91.0227 63.8891 307.115 639.902 631.32 6.592
2014 07 14 7 59 46.748 VOI 5.7144 126.478 20 -21.9065 46.7933 1.158 247.12 82.6003 307.867 750.919 741.84 5.206
2014 09 10 2 46 2.680 VOI -0.2248 125.026 39.9 -21.9065 46.7933 1.158 247.844 78.9991 304.402 725.472 719.71 5.475
2014 11 15 2 31 32.440 VOI 1.834 126.463 47.8 -21.9065 46.7933 1.158 247.628 81.1032 307.387 738.897 730.21 5.313
2014 11 21 10 10 18.297 VOI 2.2707 127.031 45.2 -21.9065 46.7933 1.158 247.62 81.7933 300.108 735.561 734.16 5.258
2014 11 26 14 33 32.155 VOI 1.9648 126.465 47.7 -21.9065 46.7933 1.158 247.609 81.1547 311.927 743.722 730.49 5.309
2014 12 02 5 11 27.859 VOI 6.1572 123.126 614 -21.9065 46.7933 1.158 246.508 79.7087 300.73 667.421 665.55 5.216
2014 12 06 22 5 7.465 VOI -6.11 130.483 116 -21.9065 46.7933 1.158 248.797 81.9104 301.337 729.222 726.43 5.234
2014 12 21 11 33 59.869 VOI 2.051 126.544 71 -21.9065 46.7933 1.158 247.604 81.2603 307.455 737.136 728.38 5.293
2015 02 27 13 44 57.763 VOI -7.358 122.491 559.1 -21.9065 46.7933 1.158 249.372 74.053 306.424 647.011 639.14 5.649
2015 03 17 22 12 21.465 VOI 1.6716 126.434 55.7 -21.9065 46.7933 1.158 247.648 81.0151 307.128 737.263 728.83 5.318
2015 04 16 18 7 40.340 VOI 35.1952 26.8373 22.6 -21.9065 46.7933 1.158 158.501 59.8627 304.863 609.873 605.81 6.853
2015 04 20 1 42 46.806 VOI 24.0574 122.432 28.1 -21.9065 46.7933 1.158 244.326 86.5488 310.486 772.23 761.02 4.885
2015 04 25 6 11 15.664 VOI 28.1302 84.7168 13.4 -21.9065 46.7933 1.158 220.377 61.7703 311.07 630.556 619.73 6.718
2015 04 25 6 45 17.631 VOI 28.1603 84.8433 14.7 -21.9065 46.7933 1.158 220.471 61.8656 302.373 622.292 620.15 6.710
2015 04 26 7 8 56.176 VOI 27.7365 85.9788 13.4 -21.9065 46.7933 1.158 221.55 62.2062 311.046 633.47 622.61 6.685
2015 05 12 7 5 10.242 VOI 27.8014 86.126 12.3 -21.9065 46.7933 1.158 221.647 62.3412 305.286 628.794 623.69 6.675
2015 05 24 4 53 15.043 VOI -16.8146 -14.2615 11.7 -21.9065 46.7933 1.158 105.546 57.5125 306.457 596.714 588.83 7.048
2015 06 17 12 51 32.850 VOI -35.3709 -17.809 27.1 -21.9065 46.7933 1.158 95.0151 57.3656 306.483 593.183 585.21 7.058
2015 07 03 1 7 29.803 VOI 37.4703 78.1205 19 -21.9065 46.7933 1.158 211.901 66.0181 313.585 660.132 647.03 6.408
2015 09 16 7 40 47.989 VOI 1.8841 126.429 41.55 -21.9065 46.7933 1.158 247.617 81.0907 307.841 740.002 730.86 5.316
2015 09 16 7 40 47.986 VOI 1.88 126.43 41.5 -21.9065 46.7933 1.158 247.618 81.0903 307.866 740.03 730.86 5.316
2015 09 24 15 53 19.185 VOI -0.6212 131.262 18 -21.9065 46.7933 1.158 248.187 84.6351 307.583 761.348 752.43 5.052
2015 09 24 15 53 19.194 VOI -0.62 131.26 18 -21.9065 46.7933 1.158 248.187 84.6335 307.648 761.404 752.43 5.052
2015 10 26 9 9 24.649 VOI 36.5244 70.3676 231 -21.9065 46.7933 1.158 204.817 62.238 309.109 607.61 599.18 6.603
2015 11 04 3 44 11.931 VOI -8.3381 124.875 20 -21.9065 46.7933 1.158 249.516 75.9236 302.868 709.437 705.04 5.704
2015 11 17 7 10 5.637 VOI 38.67 20.6 11 -21.9065 46.7933 1.158 153.127 65.0722 302.027 643.74 642.32 6.478
2015 11 21 9 6 0.388 VOI -7.1484 129.938 82 -21.9065 46.7933 1.158 248.975 81.0334 310.551 737.713 725.68 5.312
2015 12 04 22 24 56.242 VOI -47.6165 85.0913 35 -21.9065 46.7933 1.158 296.402 39.9829 303.211 454.969 451.02 8.299
2015 12 07 7 49 53.428 VOI 38.2107 72.7797 22 -21.9065 46.7933 1.158 206.774 64.5897 312.285 649.107 637.44 6.511
2015 12 09 10 21 47.648 VOI -4.1064 129.508 21 -21.9065 46.7933 1.158 248.566 81.7292 298.723 737.025 736.88 5.272
2015 12 25 19 14 35.732 VOI 36.4935 71.1263 206 -21.9065 46.7933 1.158 205.563 62.4703 308.822 611.44 603.28 6.596
2016 01 03 23 5 16.321 VOI 24.8036 93.6505 55 -21.9065 46.7933 1.158 228.379 65.0152 303.248 638.877 635.50 6.476
2016 01 03 23 5 16.166 VOI 24.83 93.66 55 -21.9065 46.7933 1.158 228.376 65.0391 303.249 639.033 635.66 6.474
2016 01 11 16 37 53.164 VOI 3.8966 126.857 13 -21.9065 46.7933 1.158 247.392 82.2507 309.981 752.367 741.13 5.232
2016 01 25 4 21 52.626 VOI 35.6493 -3.6818 12 -21.9065 46.7933 1.158 132.003 74.5669 313.114 713.188 700.00 5.790
2016 02 05 19 57 13.050 VOI 22.9387 120.593 23 -21.9065 46.7933 1.158 243.617 84.5431 312.642 765.192 751.81 5.049
2016 02 12 10 2 16.575 VOI -9.6338 119.401 28 -21.9065 46.7933 1.158 250.167 70.4036 307.968 680.743 671.26 6.112
2016 02 17 17 26 0.024 VOI 0.8451 129.073 10 -21.9065 46.7933 1.158 247.95 83.1479 301.874 749.4 746.21 5.170
2016 03 02 12 49 46.469 VOI -4.9521 94.3299 24 -21.9065 46.7933 1.158 245.251 48.9701 299.842 525.323 524.54 7.663
2016 04 10 10 28 42.668 VOI 36.4725 71.1311 212 -21.9065 46.7933 1.158 205.572 62.4531 312.165 614.047 602.54 6.595
2016 05 28 9 46 57.289 VOI -56.2409 -26.9353 78 -21.9065 46.7933 1.158 89.4354 63.0627 300.713 620.424 618.28 6.629
2016 06 01 22 55 54.497 VOI -2.0967 100.665 50 -21.9065 46.7933 1.158 244.935 55.8996 305.312 579.165 572.83 7.151
2016 06 05 16 25 29.247 VOI -4.587 125.626 429.62 -21.9065 46.7933 1.158 248.685 77.9509 299.534 673.187 672.24 5.427
2016 06 07 19 14 57.654 VOI 1.2789 126.371 31 -21.9065 46.7933 1.158 247.701 80.8089 313.19 745.186 730.68 5.342
2016 08 19 7 32 17.603 VOI -55.2793 -31.874 10 -21.9065 46.7933 1.158 93.9311 65.8809 304.338 650.935 645.08 6.449
2016 08 23 19 39 43.268 VOI -7.2805 122.425 532.4 -21.9065 46.7933 1.158 249.353 74.0197 299.933 642.615 641.23 5.663
2016 08 24 10 34 53.343 VOI 20.9224 94.5687 82 -21.9065 46.7933 1.158 230.428 63.1439 297.99 618.397 620.17 6.603
2016 10 30 6 40 14.555 VOI 42.8547 13.0884 10 -21.9065 46.7933 1.158 147.092 71.5351 301.111 683.506 682.78 6.011
2016 12 05 1 12 51.195 VOI -7.3158 123.38 526 -21.9065 46.7933 1.158 249.335 74.8935 312.088 660.243 646.70 5.605
2016 12 06 22 3 31.640 VOI 5.2834 96.1678 13 -21.9065 46.7933 1.158 238.929 55.3756 303.422 578.332 574.22 7.195
2017 01 10 6 13 42.908 VOI 4.4634 122.575 612.71 -21.9065 46.7933 1.158 246.712 78.537 300.171 660.813 659.46 5.300
2017 02 07 22 3 54.802 VOI 25.2011 63.2577 24.05 -21.9065 46.7933 1.158 200.257 49.4802 298.442 527.84 530.33 7.610
2017 04 05 6 9 3.817 VOI 35.7999 60.4364 13 -21.9065 46.7933 1.158 194.833 58.8286 304.194 603.527 600.26 6.928
2017 04 28 20 23 3.964 VOI 5.5046 125.072 26 -21.9065 46.7933 1.158 246.933 81.2308 309.433 744.419 733.77 5.307
2017 05 03 4 47 11.753 VOI 39.4996 71.4519 10 -21.9065 46.7933 1.158 205.245 65.2917 298.05 641.347 643.93 6.461
2017 06 12 12 28 27.614 VOI 38.9154 26.3713 12 -21.9065 46.7933 1.158 158.764 63.4567 310.388 641.324 631.68 6.594
2017 08 08 23 27 43.841 VOI 44.3014 82.8268 20 -21.9065 46.7933 1.158 214.697 73.6782 306.984 700.492 693.83 5.852
2017 08 13 3 8 3.988 VOI -3.7682 101.623 31 -21.9065 46.7933 1.158 246.174 56.083 308.242 585.554 576.23 7.145
2017 10 24 10 47 44.306 VOI -7.2364 123.04 549.19 -21.9065 46.7933 1.158 249.325 74.6057 301.395 645.939 643.09 5.615
2017 11 17 22 34 17.329 VOI 29.8327 94.9776 8 -21.9065 46.7933 1.158 227.746 69.2428 299.167 667.938 668.69 6.183
2017 12 01 2 32 44.680 VOI 30.7431 57.3138 9 -21.9065 46.7933 1.158 192.207 53.3143 299.287 559.757 561.51 7.332
2017 12 12 8 43 10.465 VOI 30.7196 57.2705 10 -21.9065 46.7933 1.158 192.161 53.2835 305.155 565.24 561.12 7.334
2017 12 12 21 41 19.137 VOI 30.8226 57.2861 8 -21.9065 46.7933 1.158 192.163 53.3867 309.443 570.606 562.20 7.327
2017 12 13 18 3 40.792 VOI -54.2177 2.1681 10 -21.9065 46.7933 1.158 64.0761 46.4968 303.204 511.162 507.13 7.852
2017 12 15 16 47 48.352 VOI -7.4921 108.174 90 -21.9065 46.7933 1.158 249.167 60.7178 306.948 610.146 601.89 6.787
2018 01 11 18 26 14.542 VOI 18.3629 96.0776 9 -21.9065 46.7933 1.158 232.405 62.6677 308.471 634.729 625.91 6.656
2018 01 23 6 34 44.497 VOI -7.1958 105.918 43.91 -21.9065 46.7933 1.158 248.825 58.734 310.419 604.922 593.25 6.947
2018 01 31 7 6 44.055 VOI 36.5432 70.8155 191.19 -21.9065 46.7933 1.158 205.25 62.4077 314.415 618.16 604.41 6.606
2018 03 25 20 14 35.304 VOI -6.6247 129.814 169 -21.9065 46.7933 1.158 248.906 81.1057 309.508 727.154 716.19 5.278
2018 05 05 6 19 3.864 VOI 14.5708 123.919 18 -21.9065 46.7933 1.158 245.588 83.8225 297.163 746.849 748.71 5.109
2018 05 09 10 41 29.611 VOI 36.9916 71.3833 116 -21.9065 46.7933 1.158 205.701 63.0078 312.631 628.37 616.40 6.592
2018 07 28 17 7 7.507 VOI -7.1221 122.747 577.48 -21.9065 46.7933 1.158 249.304 74.3741 312.743 653.586 639.40 5.618
2018 07 28 22 47 34.745 VOI -8.2395 116.508 14 -21.9065 46.7933 1.158 249.752 68.1924 301.533 662.738 659.75 6.273
2018 08 17 15 34 45.758 VOI -7.4263 119.834 529 -21.9065 46.7933 1.158 249.445 71.5627 312.563 641.405 627.41 5.838
2018 08 19 4 10 21.994 VOI -8.3298 116.598 21.41 -21.9065 46.7933 1.158 249.785 68.2451 298.899 659.255 658.90 6.268
2018 08 19 14 56 18.946 VOI -8.3303 116.631 25.21 -21.9065 46.7933 1.158 249.785 68.2756 307.128 667.132 658.54 6.265
2018 09 08 7 16 47.578 VOI 7.2369 126.478 10 -21.9065 46.7933 1.158 246.946 83.191 297.458 745.23 746.60 5.165
2018 09 28 10 2 38.362 VOI -0.1781 119.84 10 -21.9065 46.7933 1.158 247.381 74.2208 302.16 700.598 697.11 5.833
2018 10 10 18 44 53.585 VOI -7.453 114.455 9 -21.9065 46.7933 1.158 249.429 66.5588 300.259 651.924 650.25 6.392
2018 10 25 22 54 47.757 VOI 37.5148 20.5635 14 -21.9065 46.7933 1.158 152.843 64.0578 301.421 636.013 635.21 6.551
2018 10 29 6 54 10.149 VOI -57.4045 -66.4086 10 -21.9065 46.7933 1.158 120.78 83.4615 308.315 756.716 746.72 5.163
2018 11 25 16 37 30.015 VOI 34.3464 45.7432 18 -21.9065 46.7933 1.158 178.823 55.9498 304.587 582.772 579.26 7.137
2018 12 11 2 26 32.573 VOI -58.5981 -26.4656 164.66 -21.9065 46.7933 1.158 87.8311 62.865 298.968 607.995 607.63 6.612
2019 01 06 17 27 8.339 VOI 2.2414 126.736 60 -21.9065 46.7933 1.158 247.596 81.5099 310.568 742.829 730.97 5.276
2019 03 08 15 6 7.726 VOI 10.384 126.006 30 -21.9065 46.7933 1.158 246.531 83.9974 299.134 747.908 747.69 5.094
2019 03 24 4 37 33.172 VOI 1.6617 126.38 45 -21.9065 46.7933 1.158 247.645 80.9615 300.427 731.505 729.77 5.326
2019 04 05 16 14 2.014 VOI -55.9206 -27.856 58.6 -21.9065 46.7933 1.158 90.3597 63.5783 313.54 638.776 623.78 6.600
2019 04 09 17 53 49.593 VOI -58.6064 -25.2559 44.83 -21.9065 46.7933 1.158 86.7806 62.2328 309.679 627.436 616.38 6.698
2019 04 12 11 40 48.318 VOI -1.8518 122.553 17.48 -21.9065 46.7933 1.158 248.014 76.0997 298.157 706.189 706.64 5.689
2019 04 22 9 11 7.268 VOI 14.9236 120.497 20 -21.9065 46.7933 1.158 244.494 80.9688 299.99 734.472 733.52 5.326
2019 04 29 14 19 43.790 VOI 10.8649 57.2283 10 -21.9065 46.7933 1.158 197.44 34.1398 308.01 413.97 406.75 8.666
2019 06 24 2 53 31.422 VOI -6.4078 129.169 212 -21.9065 46.7933 1.158 248.91 80.5857 306.983 717.111 708.67 5.305
2019 07 07 15 8 30.985 VOI 0.5126 126.189 35 -21.9065 46.7933 1.158 247.803 80.3523 309.655 738.62 727.63 5.376
2019 07 14 5 39 16.740 VOI -18.2237 120.357 10 -21.9065 46.7933 1.158 253.084 68.5898 306.892 671.152 662.63 6.249
2019 07 26 23 37 55.232 VOI 20.8436 121.976 10 -21.9065 46.7933 1.158 244.357 84.7829 299.981 755.849 755.06 5.033
2019 08 02 12 3 21.953 VOI -7.2668 104.825 52.76 -21.9065 46.7933 1.158 248.759 57.6969 304.181 590.478 585.07 7.017
2019 09 19 7 6 29.381 VOI -6.0708 111.842 610 -21.9065 46.7933 1.158 248.732 64.6244 301.384 581.553 578.85 6.277
2019 09 29 2 2 47.075 VOI 5.6929 126.549 73 -21.9065 46.7933 1.158 247.133 82.6579 301.905 738.68 735.57 5.189
2019 10 23 16 8 6.198 VOI -1.0987 -13.8367 10 -21.9065 46.7933 1.158 114.111 62.4553 307.256 631.908 623.49 6.682
2019 10 31 1 11 5.544 VOI 6.9079 125.183 10 -21.9065 46.7933 1.158 246.761 81.8809 309.15 750.106 739.77 5.257
2019 12 20 11 39 36.590 VOI 36.545 70.4485 212 -21.9065 46.7933 1.158 204.891 62.2841 314.874 615.634 601.44 6.607
2020 01 07 6 5 17.081 VOI 2.3334 96.347 20.34 -21.9065 46.7933 1.158 240.798 54.0586 299.624 563.793 563.38 7.293
2020 01 19 16 58 15.429 VOI -0.1108 123.778 121.87 -21.9065 46.7933 1.158 247.73 77.8862 301.199 706.82 704.27 5.531
2020 01 24 17 54 59.767 VOI 38.3898 39.0814 11.91 -21.9065 46.7933 1.158 171.761 60.412 314.952 625.385 611.39 6.813
2008 08 11 23 38 35.076 WIN -0.9785 -21.7975 16.2 -22.5691 17.0915 1.72 122.475 43.4619 299.574 482.793 482.66 8.061
2008 08 22 7 47 39.478 WIN -17.8435 65.4242 15.8 -22.5691 17.0915 1.72 255.675 45.4506 298.236 497.353 497.91 7.925
2009 07 12 6 12 41.638 WIN -15.0411 -70.5354 198.7 -22.5691 17.0915 1.72 111.233 82.2188 304.375 724.432 718.48 5.193
2009 08 10 19 55 33.313 WIN 14.0522 92.8685 30.7 -22.5691 17.0915 1.72 244.617 82.6273 306.732 748.364 740.65 5.199
2009 09 12 20 6 24.394 WIN 10.7159 -67.9132 19.6 -22.5691 17.0915 1.72 112.949 89.5071 300.148 777.249 776.08 4.659
2009 09 21 8 52 58.597 WIN 27.3693 91.4597 16.1 -22.5691 17.0915 1.72 243.015 87.3065 306.111 773.359 766.63 4.825
2009 10 29 17 44 16.945 WIN 36.3822 70.7684 213.9 -22.5691 17.0915 1.72 229.712 77.4988 313.413 706.613 693.07 5.515
2010 01 05 4 55 36.118 WIN -58.464 -14.8595 10 -22.5691 17.0915 1.72 46.3477 42.5355 301.709 477.936 475.65 8.133
2010 01 17 11 59 53.402 WIN -57.6927 -66.0377 10 -22.5691 17.0915 1.72 96.9368 67.5863 306.834 664.277 655.87 6.327
2010 02 05 6 58 56.871 WIN -47.9345 99.5103 16 -22.5691 17.0915 1.72 259.709 68.6267 310.948 674.072 661.46 6.250
2010 02 27 6 34 6.368 WIN -36.1485 -72.9327 28.1 -22.5691 17.0915 1.72 108.49 77.0678 304.295 715.822 709.75 5.631
2010 02 27 7 37 13.724 WIN -36.94 -72.8146 39.7 -22.5691 17.0915 1.72 108.252 76.7286 303.171 711.242 706.30 5.653
2010 02 27 8 1 10.889 WIN -37.84 -75.2105 35 -22.5691 17.0915 1.72 109.376 78.2453 310.924 727.98 715.28 5.543
2010 02 27 8 25 20.945 WIN -34.8047 -72.4495 34.2 -22.5691 17.0915 1.72 108.53 77.1195 307.071 718.021 709.18 5.626
2010 03 03 17 44 16.260 WIN -36.5647 -73.2926 27 -22.5691 17.0915 1.72 108.591 77.2112 310.798 723.283 710.71 5.621
2010 03 04 22 39 18.464 WIN -22.2651 -68.4579 108.4 -22.5691 17.0915 1.72 109.507 77.866 304.061 710.892 705.13 5.545
2010 03 11 14 55 14.859 WIN -34.2937 -71.802 24.4 -22.5691 17.0915 1.72 108.316 76.7735 313.189 723.625 708.66 5.653
2010 03 26 14 51 58.744 WIN -28.0601 -70.9122 41.4 -22.5691 17.0915 1.72 109.227 78.052 304.253 719.654 713.65 5.553
2010 03 30 16 54 33.541 WIN 13.6128 92.8746 38.5 -22.5691 17.0915 1.72 244.67 82.4456 313.169 752.823 738.66 5.210
2010 06 12 19 26 48.160 WIN 7.8506 91.9546 31.4 -22.5691 17.0915 1.72 245.277 79.2017 300.628 723.913 722.14 5.460
2011 10 23 10 41 20.564 WIN 38.7294 43.4465 7.6 -22.5691 17.0915 1.72 206.737 65.792 299.736 646.667 647.54 6.426
2011 10 28 18 54 22.003 WIN -14.5572 -76.1207 29 -22.5691 17.0915 1.72 112.509 87.4116 311.035 776.677 764.14 4.831
2011 11 22 18 48 15.639 WIN -15.3083 -65.1634 560.3 -22.5691 17.0915 1.72 110.121 77.2719 298.814 657.02 656.64 5.425
2012 01 10 18 36 58.032 WIN 2.4307 93.2081 20.9 -22.5691 17.0915 1.72 246.476 78.1403 302.028 720.991 717.68 5.541
2012 01 15 14 21 30.781 WIN -60.8685 -56.0334 23 -22.5691 17.0915 1.72 86.9403 62.3486 300.909 622.173 619.88 6.697
2012 04 11 8 38 29.828 WIN 2.2376 93.0144 26.3 -22.5691 17.0915 1.72 246.489 77.8863 308.292 725.059 715.48 5.559
2012 04 11 10 43 5.110 WIN 0.7675 92.4284 21.6 -22.5691 17.0915 1.72 246.723 76.7688 303.872 715.057 709.86 5.643
2012 04 14 10 56 17.856 WIN -57.5759 -65.3721 8.4 -22.5691 17.0915 1.72 96.4414 67.2444 297.869 653.408 653.98 6.350
2012 04 17 3 50 0.027 WIN -32.6374 -71.5641 29.7 -22.5691 17.0915 1.72 108.564 77.1074 313.178 724.746 709.80 5.627
2012 06 02 7 52 43.090 WIN -22.1017 -63.6574 539.4 -22.5691 17.0915 1.72 108.107 73.7064 308.809 648.964 638.50 5.683
2012 06 07 4 4 54.021 WIN -36.0516 -70.8547 5.8 -22.5691 17.0915 1.72 107.42 75.4967 308.414 714.538 704.35 5.748
2012 06 10 12 44 14.141 WIN 36.3847 28.9676 32 -22.5691 17.0915 1.72 192.728 59.6995 302.205 604.759 603.49 6.860
2012 08 11 12 23 16.779 WIN 38.4023 46.838 8.7 -22.5691 17.0915 1.72 209.94 66.7668 296.722 649.738 653.54 6.354
2012 11 14 19 1 58.950 WIN -29.1789 -71.3863 61.5 -22.5691 17.0915 1.72 109.202 78.0788 304.827 718.072 711.49 5.545
2013 06 24 22 3 56.085 WIN 10.6905 -42.6687 17.5 -22.5691 17.0915 1.72 119.99 67.2194 313.559 668.119 653.73 6.336
2013 07 02 7 36 53.477 WIN 4.6907 96.5824 25.4 -22.5691 17.0915 1.72 246.56 82.1238 311.428 751.196 738.54 5.238
2013 07 26 21 32 58.353 WIN -58.0352 -24.28 17 -22.5691 17.0915 1.72 57.8237 46.2015 298.47 502.962 503.73 7.871
2013 08 17 16 32 24.361 WIN -34.8867 54.1278 10.9 -22.5691 17.0915 1.72 280.819 34.5286 303.743 412.727 408.02 8.656
2013 09 25 16 42 32.272 WIN -15.9001 -74.6012 38.2 -22.5691 17.0915 1.72 112.071 85.548 309.127 764.4 753.72 4.980
2013 10 29 10 37 52.300 WIN -61.7154 154.829 10 -22.5691 17.0915 1.72 218.437 89.4446 300.725 778.27 775.94 4.690
2013 10 30 2 51 36.567 WIN -35.4018 -73.1515 11.9 -22.5691 17.0915 1.72 108.764 77.4744 312.604 728.932 714.55 5.605
2013 11 13 23 45 43.930 WIN -60.3091 -47.2872 10 -22.5691 17.0915 1.72 79.3536 57.9988 302.23 595.695 592.23 7.015
2015 02 02 10 49 46.447 WIN -32.6484 -67.1501 172.7 -22.5691 17.0915 1.72 106.484 73.553 300.77 675.768 673.25 5.842
2015 02 13 18 58 54.612 WIN 52.5097 -32.0209 16.9 -22.5691 17.0915 1.72 135.541 86.114 305.039 766.172 761.24 4.910
2015 03 18 18 27 26.281 WIN -36.1112 -73.689 9.7 -22.5691 17.0915 1.72 108.897 77.6597 302.825 720.539 715.94 5.592
2015 03 23 4 51 36.077 WIN -18.3544 -69.1883 127.1 -22.5691 17.0915 1.72 110.434 79.8399 298.208 713.726 713.87 5.395
2015 04 16 18 7 30.633 WIN 35.1952 26.8373 22.6 -22.5691 17.0915 1.72 190.61 58.1868 306.545 599.907 594.35 6.968
2015 04 25 6 11 18.775 WIN 28.1302 84.7168 13.4 -22.5691 17.0915 1.72 239.571 82.4277 306.357 749.577 742.67 5.211
2015 04 25 6 45 9.460 WIN 28.1603 84.8433 14.7 -22.5691 17.0915 1.72 239.634 82.5392 309.32 752.905 743.04 5.203
2015 04 26 7 8 58.986 WIN 27.7365 85.9788 13.4 -22.5691 17.0915 1.72 240.272 83.1974 309.347 756.556 746.64 5.155
2015 05 12 7 5 6.206 WIN 27.8014 86.126 12.3 -22.5691 17.0915 1.72 240.342 83.3427 311.699 759.838 747.57 5.143
2015 05 15 20 26 52.407 WIN -2.566 102.223 158.5 -22.5691 17.0915 1.72 247.699 84.5291 298.597 735.035 735.09 5.022
2015 05 24 4 53 19.295 WIN -16.8146 -14.2615 11.7 -22.5691 17.0915 1.72 106.071 30.0328 300.133 369.6834 368.62 8.848
2015 06 10 13 52 1.632 WIN -22.4098 -68.4519 121.8 -22.5691 17.0915 1.72 109.476 77.8127 304.873 709.886 703.31 5.545
2015 06 20 2 10 5.699 WIN -36.3349 -73.6674 17.4 -22.5691 17.0915 1.72 108.84 77.571 301.006 716.952 714.17 5.598
2015 11 07 7 31 36.232 WIN -30.8796 -71.4519 46 -22.5691 17.0915 1.72 108.885 77.5795 305.075 717.288 710.45 5.588
2015 11 11 2 46 17.547 WIN -29.5097 -72.0585 10 -22.5691 17.0915 1.72 109.425 78.5236 301.529 724.077 720.79 5.525
2015 11 24 22 45 33.345 WIN -10.5372 -70.9437 606.21 -22.5691 17.0915 1.72 111.8 84.2322 301.219 691.269 688.63 4.886
2015 11 24 22 50 48.503 WIN -10.0598 -71.0184 620.56 -22.5691 17.0915 1.72 111.854 84.4768 301.554 691.546 688.59 4.861
2015 11 26 5 45 6.665 WIN -9.1825 -71.2574 602.75 -22.5691 17.0915 1.72 111.96 85.0208 307.772 701.952 692.79 4.827
2015 11 27 21 0 9.462 WIN -24.828 -70.6009 34 -22.5691 17.0915 1.72 109.728 78.8624 309.354 730.137 719.06 5.495
2015 12 04 22 24 51.221 WIN -47.6165 85.0913 35 -22.5691 17.0915 1.72 269.787 58.9842 305.348 602.122 595.33 6.939
2015 12 07 7 50 2.194 WIN 38.2107 72.7797 22 -22.5691 17.0915 1.72 230.85 79.8988 303.331 731.682 728.21 5.398
2016 01 14 3 25 21.813 WIN -19.7597 -63.3288 582.56 -22.5691 17.0915 1.72 108.655 74.1498 303.766 642.798 637.40 5.635
2016 11 25 14 24 21.551 WIN 39.23 74.0208 17 -22.5691 17.0915 1.72 231.593 81.293 306.803 743.397 736.44 5.289
2016 12 06 22 3 30.326 WIN 5.2834 96.1678 13 -22.5691 17.0915 1.72 246.426 81.9799 303.108 744.077 739.75 5.249
2016 12 25 14 22 20.495 WIN -43.4053 -73.9403 38 -22.5691 17.0915 1.72 107.394 75.5723 304.921 706.521 699.84 5.736
2017 04 05 6 9 6.237 WIN 35.7999 60.4364 13 -22.5691 17.0915 1.72 222.119 71.082 301.82 681.028 679.35 6.046
2017 04 15 8 19 29.271 WIN -23.2706 -67.7655 155 -22.5691 17.0915 1.72 109.077 76.9321 312.713 709.087 694.67 5.601
2017 04 23 2 36 5.003 WIN -33.0361 -72.0063 21 -22.5691 17.0915 1.72 108.69 77.3332 300.601 714.693 712.32 5.613
2017 04 24 21 38 27.085 WIN -33.0291 -72.0452 28 -22.5691 17.0915 1.72 108.71 77.3664 301.145 714.405 711.49 5.609
2017 06 12 12 28 27.904 WIN 38.9154 26.3713 12 -22.5691 17.0915 1.72 189.739 61.7759 309.34 629.031 620.62 6.711
2017 07 18 2 5 13.450 WIN -16.4206 -73.6296 44.92 -22.5691 17.0915 1.72 111.791 84.4885 304.591 753.786 747.62 5.063
2017 07 27 17 53 17.008 WIN 13.396 -49.3259 10 -22.5691 17.0915 1.72 118.318 74.2159 306.437 704.874 697.53 5.827
2017 10 10 6 32 9.029 WIN -18.5212 -69.6411 82.43 -22.5691 17.0915 1.72 110.523 80.1845 309.401 731.867 720.82 5.382
2017 11 12 18 18 1.972 WIN 34.9052 45.9563 19 -22.5691 17.0915 1.72 209.939 63.3883 313.49 642.863 629.94 6.599
2017 11 30 6 32 49.649 WIN -1.0802 -23.4323 10 -22.5691 17.0915 1.72 121.523 44.7947 297.891 492.787 494.28 7.969
2017 12 01 2 32 39.963 WIN 30.7431 57.3138 9 -22.5691 17.0915 1.72 220.963 65.5727 304.601 649.933 645.53 6.446
2017 12 13 18 3 39.911 WIN -54.2177 2.1681 10 -22.5691 17.0915 1.72 25.5124 33.5504 305.183 405.667 400.24 8.713
2018 01 14 9 18 31.324 WIN -15.7589 -74.7095 39 -22.5691 17.0915 1.72 112.107 85.6974 312.158 768.079 754.38 4.966
2018 01 21 1 6 38.516 WIN -18.8524 -69.4564 116 -22.5691 17.0915 1.72 110.421 79.9053 300.574 717.703 715.48 5.393
2018 01 28 16 2 48.858 WIN -53.0623 9.6842 10 -22.5691 17.0915 1.72 13.3911 30.9666 313.682 391.519 377.68 8.821
2018 04 02 13 40 34.318 WIN -20.6588 -63.0058 559 -22.5691 17.0915 1.72 108.327 73.5783 300.252 638.029 636.14 5.683
2018 05 09 10 41 43.107 WIN 36.9916 71.3833 116 -22.5691 17.0915 1.72 230.046 78.2687 299.76 708.098 708.20 5.491
2018 08 14 3 29 51.234 WIN -58.1107 -25.2588 35 -22.5691 17.0915 1.72 58.8512 46.684 299.466 505.227 504.97 7.830
2018 09 18 7 27 35.892 WIN -37.811 49.782 10 -22.5691 17.0915 1.72 289.079 31.887 303.363 389.4155 385.21 8.790
2018 10 25 22 54 48.245 WIN 37.5148 20.5635 14 -22.5691 17.0915 1.72 183.712 59.8515 301.001 607.251 607.25 6.854
2018 10 29 6 54 19.720 WIN -57.4045 -66.4086 10 -22.5691 17.0915 1.72 97.3566 67.8207 299.152 658.077 657.35 6.310
2018 11 15 20 2 22.387 WIN -56.7065 -25.546 15 -22.5691 17.0915 1.72 60.3244 46.1051 299.975 504.033 503.26 7.879
2019 01 20 1 32 50.911 WIN -30.071 -71.4202 54.82 -22.5691 17.0915 1.72 109.037 77.8155 297.143 709.677 710.78 5.567
2019 03 01 8 50 39.173 WIN -14.7016 -70.135 267 -22.5691 17.0915 1.72 111.194 81.98 302.582 713.954 709.81 5.190
2019 03 15 5 3 39.297 WIN -17.8744 -65.9072 359 -22.5691 17.0915 1.72 109.731 77.0728 308.346 683.944 673.97 5.518
2019 08 01 18 27 53.310 WIN -34.2367 -72.3079 25 -22.5691 17.0915 1.72 108.582 77.1889 312.209 724.894 710.91 5.623
2019 08 02 12 3 24.308 WIN -7.2668 104.825 52.76 -22.5691 17.0915 1.72 247.956 85.1686 301.623 753.41 750.36 5.003
2019 10 23 16 8 12.182 WIN -1.0987 -13.8367 10 -22.5691 17.0915 1.72 127.644 36.8677 300.118 429.531 429.08 8.508
