2012 10 05 18 22 54.180 AKOS 12.953 -91.734 23.2 6.2984 0.0681 0.0 83.4997 90.3554 300.678 779.498 779.13 4.642
2012 10 05 18 22 54.180 KUKU 12.953 -91.734 23.2 6.1924 -0.3687 0.0 83.6998 89.9558 300.724 777.544 777.28 4.643
2012 10 05 18 22 54.180 MRON 12.953 -91.734 23.2 6.4647 -1.4371 0.0 83.6728 88.8602 300.405 772.225 772.16 4.715
2012 10 05 18 22 54.180 SHAI 12.953 -91.734 23.2 5.9371 0.0627 0.0 83.8507 90.4308 301.136 779.956 779.49 4.641
2012 10 08 01 50 25.960 AKOS -21.797 -68.379 122.9 6.2984 0.0681 0.0 75.6749 72.5938 299.655 671.695 674.09 5.916
2012 10 08 01 50 25.960 KLEF -21.797 -68.379 122.9 6.6142 0.4407 0.0 75.5415 73.0621 299.579 674.619 676.86 5.882
2012 10 08 01 50 25.960 KUKU -21.797 -68.379 122.9 6.1924 -0.3687 0.0 75.5816 72.1559 299.155 669.195 671.50 5.948
2012 10 08 01 50 25.960 MRON -21.797 -68.379 122.9 6.4647 -1.4371 0.0 74.846 71.3115 298.784 663.824 666.46 6.009
2012 10 08 01 50 25.960 SHAI -21.797 -68.379 122.9 5.9371 0.0627 0.0 76.0135 72.4372 299.587 670.627 673.16 5.928
2012 10 08 01 50 25.960 WEIJ -21.797 -68.379 122.9 5.5885 -0.3333 0.0 76.1687 71.9339 299.612 667.652 670.15 5.964
2012 10 11 17 22 09.850 KLEF -32.876 -70.586 82.0 6.6142 0.4407 0.0 73.9212 77.8787 300.525 707.675 709.11 5.540
2012 10 11 17 22 09.850 KUKU -32.876 -70.586 82.0 6.1924 -0.3687 0.0 73.7909 76.9806 300.474 702.624 704.09 5.607
2012 10 11 17 22 09.850 MRON -32.876 -70.586 82.0 6.4647 -1.4371 0.0 72.9269 76.2775 300.29 698.44 700.15 5.657
2012 10 11 17 22 09.850 SHAI -32.876 -70.586 82.0 5.9371 0.0627 0.0 74.2586 77.1821 300.304 703.454 705.21 5.593
2012 10 11 17 22 09.850 WEIJ -32.876 -70.586 82.0 5.5885 -0.3333 0.0 74.3131 76.6603 299.484 699.634 702.27 5.631
2012 10 14 10 13 40.290 AKOS 41.72 46.314 24.0 6.2984 0.0681 0.0 242.474 54.0633 294.189 555.899 562.94 7.291
2012 10 14 10 13 40.290 KLEF 41.72 46.314 24.0 6.6142 0.4407 0.0 242.392 53.5825 294.954 552.664 559.41 7.325
2012 10 14 10 13 40.290 KUKU 41.72 46.314 24.0 6.1924 -0.3687 0.0 242.785 54.432 297.313 562.023 565.62 7.264
2012 10 14 10 13 40.290 MRON 41.72 46.314 24.0 6.4647 -1.4371 0.0 243.97 54.947 294.647 562.357 569.32 7.227
2012 10 14 10 13 40.290 SHAI 41.72 46.314 24.0 5.9371 0.0627 0.0 242.184 54.3344 294.164 557.874 564.93 7.271
2012 10 14 10 13 40.290 WEIJ 41.72 46.314 24.0 5.5885 -0.3333 0.0 242.262 54.8552 293.823 561.533 568.72 7.233
2012 10 21 01 25 22.270 AKOS 66.275 -18.713 7.4 6.2984 0.0681 0.0 158.598 61.285 299.302 614.032 616.51 6.766
2012 10 21 01 25 22.270 KLEF 66.275 -18.713 7.4 6.6142 0.4407 0.0 158.126 61.0304 298.516 612.246 614.77 6.785
2012 10 21 01 25 22.270 KUKU 66.275 -18.713 7.4 6.1924 -0.3687 0.0 159.105 61.3254 299.675 615.405 616.79 6.763
2012 10 21 01 25 22.270 MRON 66.275 -18.713 7.4 6.4647 -1.4371 0.0 160.262 60.9075 298.867 611.597 613.95 6.794
2012 10 21 01 25 22.270 SHAI 66.275 -18.713 7.4 5.9371 0.0627 0.0 158.664 61.6392 298.456 616.186 618.92 6.739
2012 10 21 01 25 22.270 WEIJ 66.275 -18.713 7.4 5.5885 -0.3333 0.0 159.164 61.9242 298.136 617.866 620.85 6.717
2012 10 21 20 28 18.100 AKOS 12.693 -88.205 51.5 6.2984 0.0681 0.0 84.2636 86.9604 299.516 758.416 759.40 4.857
2012 10 21 20 28 18.100 KLEF 12.693 -88.205 51.5 6.6142 0.4407 0.0 83.8773 87.2548 299.128 759.028 760.83 4.834
2012 10 24 00 45 33.800 AKOS 10.074 -85.371 22.3 6.2984 0.0681 0.0 84.6047 84.4461 299.779 748.979 750.73 5.067
2012 10 24 00 45 33.800 KLEF 10.074 -85.371 22.3 6.6142 0.4407 0.0 84.2325 84.7596 299.403 750.603 752.31 5.042
2012 10 24 00 45 33.800 KUKU 10.074 -85.371 22.3 6.1924 -0.3687 0.0 84.781 84.0352 299.671 746.87 748.65 5.099
2012 10 24 00 45 33.800 MRON 10.074 -85.371 22.3 6.4647 -1.4371 0.0 84.687 82.9433 298.897 741.097 743.03 5.185
2012 10 24 00 45 33.800 SHAI 10.074 -85.371 22.3 5.9371 0.0627 0.0 84.9612 84.5002 298.932 749.132 751.01 5.062
2012 10 24 00 45 33.800 WEIJ 10.074 -85.371 22.3 5.5885 -0.3333 0.0 85.37 84.1689 299.172 747.372 749.33 5.088
2012 11 03 12 58 12.400 AKOS 7.128 -34.048 9.9 6.2984 0.0681 0.0 89.3111 33.888 301.8 403.4 402.87 8.693
2012 11 03 12 58 12.400 KLEF 7.128 -34.048 9.9 6.6142 0.4407 0.0 88.7154 34.2404 300.063 404.663 405.93 8.672
2012 11 03 12 58 12.400 KUKU 7.128 -34.048 9.9 6.1924 -0.3687 0.0 89.5481 33.4609 299.846 398.446 399.15 8.722
2012 11 03 12 58 12.400 MRON 7.128 -34.048 9.9 6.4647 -1.4371 0.0 89.1645 32.385 301.728 390.328 389.74 8.770
2012 11 03 12 58 12.400 SHAI 7.128 -34.048 9.9 5.9371 0.0627 0.0 89.9541 33.9056 300.135 401.735 403.03 8.692
2012 11 04 06 37 36.400 AKOS -15.981 -72.025 122.4 6.2984 0.0681 0.0 78.7325 74.6831 298.938 684.538 686.25 5.762
2012 11 04 06 37 36.400 KLEF -15.981 -72.025 122.4 6.6142 0.4407 0.0 78.5451 75.1334 299.706 687.306 688.84 5.729
2012 11 04 06 37 36.400 KUKU -15.981 -72.025 122.4 6.1924 -0.3687 0.0 78.6938 74.2378 299.483 682.083 683.67 5.796
2012 11 04 06 37 36.400 MRON -15.981 -72.025 122.4 6.4647 -1.4371 0.0 78.0742 73.3175 298.815 676.415 678.32 5.865
2012 11 04 06 37 36.400 SHAI -15.981 -72.025 122.4 5.9371 0.0627 0.0 79.0841 74.565 299.137 683.737 685.56 5.771
2012 11 06 06 17 28.600 AKOS 9.967 57.182 15.3 6.2984 0.0681 0.0 270.998 56.603 300.582 581.982 582.07 7.113
2012 11 06 06 17 28.600 KLEF 9.967 57.182 15.3 6.6142 0.4407 0.0 271.312 56.1943 300.769 579.169 579.16 7.143
2012 11 06 06 17 28.600 KUKU 9.967 57.182 15.3 6.1924 -0.3687 0.0 270.944 57.0475 300.696 585.096 585.23 7.079
2012 11 06 06 17 28.600 MRON 9.967 57.182 15.3 6.4647 -1.4371 0.0 271.432 58.0632 300.407 591.807 592.38 7.002
2012 11 06 06 17 28.600 SHAI 9.967 57.182 15.3 5.9371 0.0627 0.0 270.573 56.6575 300.989 582.389 582.47 7.109
2012 11 07 06 26 32.330 AKOS 38.477 46.614 6.0 6.2984 0.0681 0.0 244.895 52.8331 298.171 553.841 556.64 7.387
2012 11 07 06 26 32.330 KLEF 38.477 46.614 6.0 6.6142 0.4407 0.0 244.852 52.349 286.975 538.645 553.05 7.420
2012 11 07 06 26 32.330 KUKU 38.477 46.614 6.0 6.1924 -0.3687 0.0 245.181 53.2175 297.176 555.846 559.47 7.358
2012 11 07 06 26 32.330 MRON 38.477 46.614 6.0 6.4647 -1.4371 0.0 246.34 53.7944 286.171 548.841 563.67 7.315
2012 11 07 06 26 32.330 SHAI 38.477 46.614 6.0 5.9371 0.0627 0.0 244.579 53.0883 286.125 543.795 558.54 7.368
2012 11 07 16 35 49.310 AKOS 14.031 -92.066 38.7 6.2984 0.0681 0.0 83.414 90.5541 300.631 777.321 777.87 4.641
2012 11 07 16 35 49.310 KLEF 14.031 -92.066 38.7 6.6142 0.4407 0.0 83.0194 90.8367 300.002 778.692 779.17 4.639
2012 11 07 16 35 49.310 KUKU 14.031 -92.066 38.7 6.1924 -0.3687 0.0 83.6217 90.1585 299.775 775.465 776.03 4.642
2012 11 07 16 35 49.310 MRON 14.031 -92.066 38.7 6.4647 -1.4371 0.0 83.6158 89.0626 300.41 770.1 770.92 4.696
2012 11 07 16 35 49.310 SHAI 14.031 -92.066 38.7 5.9371 0.0627 0.0 83.7635 90.6363 299.812 777.502 778.25 4.640
2012 11 07 22 42 43.870 AKOS 13.864 -92.237 7.8 6.2984 0.0681 0.0 83.3747 90.7381 302.226 784.356 783.41 4.640
2012 11 07 22 42 43.870 KLEF 13.864 -92.237 7.8 6.6142 0.4407 0.0 82.9808 91.0217 301.218 784.348 784.72 4.638
2012 11 07 22 42 43.870 KUKU 13.864 -92.237 7.8 6.1924 -0.3687 0.0 83.5814 90.342 299.666 779.796 781.58 4.642
2012 11 07 22 42 43.870 MRON 13.864 -92.237 7.8 6.4647 -1.4371 0.0 83.5727 89.2461 300.83 775.96 776.48 4.688
2012 11 10 14 57 50.210 AKOS -8.936 -75.088 128.6 6.2984 0.0681 0.0 81.3035 76.4206 298.935 693.725 695.36 5.638
2012 11 10 14 57 50.210 KLEF -8.936 -75.088 128.6 6.6142 0.4407 0.0 81.0576 76.8428 299.45 696.24 697.74 5.607
2012 11 10 14 57 50.210 KUKU -8.936 -75.088 128.6 6.1924 -0.3687 0.0 81.3266 75.9743 299.512 691.302 692.84 5.669
2012 11 10 14 57 50.210 MRON -8.936 -75.088 128.6 6.4647 -1.4371 0.0 80.8449 74.9826 298.635 685.425 687.19 5.739
2012 11 10 14 57 50.210 SHAI -8.936 -75.088 128.6 5.9371 0.0627 0.0 81.6654 76.3488 299.37 693.16 694.95 5.643
2012 11 10 14 57 50.210 WEIJ -8.936 -75.088 128.6 5.5885 -0.3333 0.0 81.9411 75.8976 298.796 690.586 692.39 5.674
2012 11 11 18 19 44.670 KUKU 23.198 95.799 19.8 6.1924 -0.3687 0.0 278.086 93.2284 301.579 792.909 792.86 4.610
2012 11 11 22 14 59.50 AKOS 14.07 -92.331 18.6 6.2984 0.0681 0.0 83.3493 90.8051 299.743 780.693 781.92 4.639
2012 11 11 22 14 59.50 KLEF 14.07 -92.331 18.6 6.6142 0.4407 0.0 82.9543 91.0872 299.052 782.002 783.22 4.637
2012 11 11 22 14 59.50 KUKU 14.07 -92.331 18.6 6.1924 -0.3687 0.0 83.5574 90.4097 298.869 778.819 780.08 4.642
2012 11 11 22 14 59.50 MRON 14.07 -92.331 18.6 6.4647 -1.4371 0.0 83.5528 89.3138 298.513 773.463 774.99 4.681
2012 11 11 22 14 59.50 SHAI 14.07 -92.331 18.6 5.9371 0.0627 0.0 83.6987 90.8877 298.906 780.856 782.31 4.639
2012 11 11 22 14 59.50 WEIJ 14.07 -92.331 18.6 5.5885 -0.3333 0.0 84.1307 90.5901 299.606 779.556 780.93 4.641
2012 11 13 04 31 30.980 AKOS -45.669 -77.084 35.0 6.2984 0.0681 0.0 76.4253 85.567 301.704 754.724 754.93 4.966
2012 11 14 19 02 05.690 AKOS -29.178 -71.386 61.5 6.2984 0.0681 0.0 75.2195 77.0776 299.582 704.892 706.91 5.607
2012 11 14 19 02 05.690 KLEF -29.178 -71.386 61.5 6.6142 0.4407 0.0 75.1454 77.5575 299.247 707.557 709.60 5.571
2012 11 14 19 02 05.690 KUKU -29.178 -71.386 61.5 6.1924 -0.3687 0.0 75.0767 76.653 299.173 702.483 704.52 5.638
2012 11 14 19 02 05.690 MRON -29.178 -71.386 61.5 6.4647 -1.4371 0.0 74.2619 75.8951 299.657 697.967 700.25 5.687
2012 11 14 19 02 05.690 SHAI -29.178 -71.386 61.5 5.9371 0.0627 0.0 75.5301 76.8845 299.217 703.527 705.81 5.621
2012 11 14 19 02 05.690 WEIJ -29.178 -71.386 61.5 5.5885 -0.3333 0.0 75.6205 76.3674 299.299 700.609 702.89 5.658
2012 11 15 09 20 21.450 AKOS 18.199 -100.524 57.9 6.2984 0.0681 0.0 80.6822 98.0399 299.268 807.818 809.85 4.492
2012 11 15 09 20 21.450 KLEF 18.199 -100.524 57.9 6.6142 0.4407 0.0 80.2591 98.2852 299.228 808.778 810.95 4.485
2012 11 15 09 20 21.450 KUKU 18.199 -100.524 57.9 6.1924 -0.3687 0.0 80.9273 97.6648 298.421 805.971 808.17 4.503
2012 11 15 09 20 21.450 MRON 18.199 -100.524 57.9 6.4647 -1.4371 0.0 81.0214 96.5729 298.309 800.859 803.23 4.533
2012 11 15 09 20 21.450 SHAI 18.199 -100.524 57.9 5.9371 0.0627 0.0 81.0262 98.1535 298.558 808.108 810.37 4.488
2012 11 15 09 20 21.450 WEIJ 18.199 -100.524 57.9 5.5885 -0.3333 0.0 81.4874 97.8954 298.279 806.829 809.22 4.496
2012 11 21 21 36 22.210 AKOS -33.966 -72.14 17.4 6.2984 0.0681 0.0 74.6686 78.9402 299.001 720.791 722.91 5.480
2012 11 21 21 36 22.210 KLEF -33.966 -72.14 17.4 6.6142 0.4407 0.0 74.6339 79.4243 298.648 723.438 725.56 5.445
2012 11 21 21 36 22.210 KUKU -33.966 -72.14 17.4 6.1924 -0.3687 0.0 74.493 78.5279 298.753 718.543 720.64 5.509
2012 11 21 21 36 22.210 MRON -33.966 -72.14 17.4 6.4647 -1.4371 0.0 73.6256 77.835 298.654 714.444 716.83 5.561
2012 11 21 21 36 22.210 SHAI -33.966 -72.14 17.4 5.9371 0.0627 0.0 74.9605 78.7237 298.572 719.362 721.70 5.496
2012 11 21 21 36 22.210 WEIJ -33.966 -72.14 17.4 5.5885 -0.3333 0.0 75.008 78.2012 298.688 716.478 718.82 5.534
2012 11 22 13 07 11.880 AKOS -22.7 -63.626 535.3 6.2984 0.0681 0.0 73.1629 68.5931 299.769 607.889 609.71 6.038
2012 11 22 13 07 11.880 KLEF -22.7 -63.626 535.3 6.6142 0.4407 0.0 73.0454 69.0659 299.778 610.898 612.56 6.005
2012 11 22 13 07 11.880 KUKU -22.7 -63.626 535.3 6.1924 -0.3687 0.0 73.0495 68.1589 300.299 605.419 607.08 6.067
2012 11 22 13 07 11.880 MRON -22.7 -63.626 535.3 6.4647 -1.4371 0.0 72.26 67.3422 300.097 600.217 602.12 6.125
2012 11 22 13 07 11.880 SHAI -22.7 -63.626 535.3 5.9371 0.0627 0.0 73.5034 68.4245 299.669 606.789 608.67 6.050
2012 11 22 13 07 11.880 WEIJ -22.7 -63.626 535.3 5.5885 -0.3333 0.0 73.6421 67.9159 299.582 603.702 605.58 6.085
2012 11 28 03 09 48.720 AKOS -4.598 -76.127 122.2 6.2984 0.0681 0.0 82.4746 76.8345 299.995 697.275 698.36 5.610
2012 11 28 03 09 48.720 KLEF -4.598 -76.127 122.2 6.6142 0.4407 0.0 82.1956 77.2366 300.325 699.605 700.61 5.581
2012 11 28 03 09 48.720 KUKU -4.598 -76.127 122.2 6.1924 -0.3687 0.0 82.534 76.3915 300.582 694.862 695.87 5.642
2012 11 28 03 09 48.720 MRON -4.598 -76.127 122.2 6.4647 -1.4371 0.0 82.1359 75.3658 299.379 688.659 690.05 5.713
2012 11 28 03 09 48.720 SHAI -4.598 -76.127 122.2 5.9371 0.0627 0.0 82.8406 76.7907 299.589 696.869 698.11 5.613
2012 11 28 03 09 48.720 WEIJ -4.598 -76.127 122.2 5.5885 -0.3333 0.0 83.1516 76.3622 300.216 694.496 695.70 5.644
2012 12 05 17 08 13.520 AKOS 33.505 59.605 13.0 6.2984 0.0681 0.0 257.763 61.252 299.205 612.685 614.86 6.773
2012 12 05 17 08 13.520 KLEF 33.505 59.605 13.0 6.6142 0.4407 0.0 257.816 60.7689 299.125 609.605 611.57 6.809
2012 12 05 17 08 13.520 KUKU 33.505 59.605 13.0 6.1924 -0.3687 0.0 257.946 61.6688 298.882 615.362 617.67 6.742
2012 12 05 17 08 13.520 MRON 33.505 59.605 13.0 6.4647 -1.4371 0.0 258.88 62.3898 298.644 620.124 622.49 6.687
2012 12 05 17 08 13.520 SHAI 33.505 59.605 13.0 5.9371 0.0627 0.0 257.431 61.4615 298.503 613.983 616.29 6.757
2012 12 05 17 08 13.520 WEIJ 33.505 59.605 13.0 5.5885 -0.3333 0.0 257.365 61.9829 298.996 617.476 619.81 6.717
2012 12 13 23 03 39.00 AKOS 80.8 121.745 14.8 6.2984 0.0681 0.0 302.2 88.6503 297.715 769.715 772.25 4.738
2012 12 13 23 03 39.00 KLEF 80.8 121.745 14.8 6.6142 0.4407 0.0 301.877 88.2887 297.819 767.819 770.52 4.767
2012 12 13 23 03 39.00 KUKU 80.8 121.745 14.8 6.1924 -0.3687 0.0 302.616 88.814 297.389 770.389 773.02 4.725
2012 12 13 23 03 39.00 MRON 80.8 121.745 14.8 6.4647 -1.4371 0.0 303.705 88.6899 297.603 769.603 772.42 4.735
2012 12 13 23 03 39.00 SHAI 80.8 121.745 14.8 5.9371 0.0627 0.0 302.157 89.0066 296.996 770.996 773.94 4.709
2012 12 13 23 03 39.00 WEIJ 80.8 121.745 14.8 5.5885 -0.3333 0.0 302.5 89.4035 297.057 773.057 775.81 4.678
2012 12 22 16 41 46.170 AKOS 22.467 94.715 141.2 6.2984 0.0681 0.0 277.555 91.8959 298.14 769.97 772.05 4.625
2012 12 22 16 41 46.170 KLEF 22.467 94.715 141.2 6.6142 0.4407 0.0 277.702 91.4333 299.973 769.803 769.91 4.630
2012 12 22 16 41 46.170 KUKU 22.467 94.715 141.2 6.1924 -0.3687 0.0 277.626 92.3371 297.198 771.028 774.09 4.618
2012 12 22 16 41 46.170 MRON 22.467 94.715 141.2 6.4647 -1.4371 0.0 278.288 93.2109 300.653 778.483 778.11 4.604
2012 12 22 16 41 46.170 SHAI 22.467 94.715 141.2 5.9371 0.0627 0.0 277.226 92.0394 300.915 772.745 772.72 4.623
2012 12 22 16 41 46.170 WEIJ 22.467 94.715 141.2 5.5885 -0.3333 0.0 277.058 92.5366 300.444 775.274 775.02 4.615
2012 12 23 13 31 40.320 AKOS 42.44 41.057 12.9 6.2984 0.0681 0.0 236.975 51.0455 298.511 539.191 542.39 7.513
2012 12 23 13 31 40.320 KLEF 42.44 41.057 12.9 6.6142 0.4407 0.0 236.855 50.5693 298.142 535.822 538.79 7.546
2012 12 23 13 31 40.320 KUKU 42.44 41.057 12.9 6.1924 -0.3687 0.0 237.325 51.3993 298.326 542.006 545.04 7.488
2012 12 23 13 31 40.320 MRON 42.44 41.057 12.9 6.4647 -1.4371 0.0 238.594 51.8599 298.749 545.429 548.45 7.454
2012 12 23 13 31 40.320 SHAI 42.44 41.057 12.9 5.9371 0.0627 0.0 236.694 51.3296 298.703 541.383 544.54 7.493
2012 12 23 13 31 40.320 WEIJ 42.44 41.057 12.9 5.5885 -0.3333 0.0 236.812 51.8459 298.505 545.185 548.41 7.454
2012 12 27 00 37 07.860 AKOS -35.787 -73.319 10.0 6.2984 0.0681 0.0 75.0656 80.3503 301.458 731.598 731.79 5.377
2012 12 27 00 37 07.860 KLEF -35.787 -73.319 10.0 6.6142 0.4407 0.0 75.0441 80.8352 301.078 734.218 734.39 5.339
2012 12 27 00 37 07.860 KUKU -35.787 -73.319 10.0 6.1924 -0.3687 0.0 74.8798 79.9427 301.317 729.457 729.59 5.408
2012 12 27 00 37 07.860 MRON -35.787 -73.319 10.0 6.4647 -1.4371 0.0 73.9983 79.2725 301.492 725.632 725.97 5.458
2012 12 27 00 37 07.860 SHAI -35.787 -73.319 10.0 5.9371 0.0627 0.0 75.3502 80.1263 301.03 730.17 730.57 5.395
2012 12 27 00 37 07.860 WEIJ -35.787 -73.319 10.0 5.5885 -0.3333 0.0 75.3833 79.6027 301.132 727.272 727.73 5.434
2012 12 29 17 50 52.580 AKOS 35.665 70.563 117.8 6.2984 0.0681 0.0 263.672 70.5172 299.571 659.991 661.89 6.072
2012 12 29 17 50 52.580 KLEF 35.665 70.563 117.8 6.6142 0.4407 0.0 263.715 70.0336 299.807 657.227 658.93 6.108
2012 12 29 17 50 52.580 KUKU 35.665 70.563 117.8 6.1924 -0.3687 0.0 263.848 70.932 298.943 662.363 664.40 6.043
2012 12 29 17 50 52.580 MRON 35.665 70.563 117.8 6.4647 -1.4371 0.0 264.73 71.6409 299.209 666.629 668.64 5.991
2012 12 29 17 50 52.580 SHAI 35.665 70.563 117.8 5.9371 0.0627 0.0 263.365 70.7303 298.903 661.323 663.19 6.056
2012 12 29 17 50 52.580 WEIJ 35.665 70.563 117.8 5.5885 -0.3333 0.0 263.31 71.2523 298.935 664.355 666.35 6.019
2012 12 30 12 21 21.770 AKOS 14.474 -93.0 32.5 6.2984 0.0681 0.0 83.1762 91.4021 301.407 782.637 782.60 4.634
2012 12 30 12 21 21.770 KLEF 14.474 -93.0 32.5 6.6142 0.4407 0.0 82.7789 91.6809 301.599 783.829 783.88 4.631
2012 12 30 12 21 21.770 KUKU 14.474 -93.0 32.5 6.1924 -0.3687 0.0 83.3877 91.0085 301.442 780.672 780.77 4.638
2012 12 30 12 21 21.770 MRON 14.474 -93.0 32.5 6.4647 -1.4371 0.0 83.3921 89.9126 301.116 775.346 775.69 4.643
2012 12 30 12 21 21.770 SHAI 14.474 -93.0 32.5 5.9371 0.0627 0.0 83.525 91.4876 300.523 782.753 783.00 4.633
2012 12 30 12 21 21.770 WEIJ 14.474 -93.0 32.5 5.5885 -0.3333 0.0 83.9596 91.1936 301.26 781.49 781.64 4.636
2013 01 05 17 42 20.960 AKOS -20.003 66.442 4.5 6.2984 0.0681 0.0 284.643 70.2704 300.616 673.656 674.60 6.122
2013 01 05 17 42 20.960 KLEF -20.003 66.442 4.5 6.6142 0.4407 0.0 285.107 70.0586 300.364 672.404 673.31 6.137
2013 01 05 17 42 20.960 KUKU -20.003 66.442 4.5 6.1924 -0.3687 0.0 284.355 70.6258 300.895 675.935 676.76 6.095
2013 01 05 17 42 20.960 MRON -20.003 66.442 4.5 6.4647 -1.4371 0.0 284.17 71.7075 299.929 681.969 683.31 6.017
2013 01 05 17 42 20.960 SHAI -20.003 66.442 4.5 5.9371 0.0627 0.0 284.291 70.1311 301.029 673.069 673.73 6.132
2013 01 05 17 42 20.960 WEIJ -20.003 66.442 4.5 5.5885 -0.3333 0.0 283.787 70.3542 301.336 674.376 675.09 6.116
2013 01 08 14 16 09.590 AKOS 39.668 25.537 11.1 6.2984 0.0681 0.0 221.306 40.3604 300.646 457.056 458.55 8.275
2013 01 08 14 16 09.590 KLEF 39.668 25.537 11.1 6.6142 0.4407 0.0 221.061 39.9014 300.958 453.368 454.74 8.304
2013 01 08 14 16 09.590 KUKU 39.668 25.537 11.1 6.1924 -0.3687 0.0 221.795 40.6743 300.282 459.692 461.15 8.254
2013 01 08 14 16 09.590 MRON 39.668 25.537 11.1 6.4647 -1.4371 0.0 223.394 41.0022 300.928 462.338 463.81 8.231
2013 01 08 14 16 09.590 SHAI 39.668 25.537 11.1 5.9371 0.0627 0.0 221.03 40.6716 300.101 459.511 461.15 8.254
2013 01 08 14 16 09.590 WEIJ 39.668 25.537 11.1 5.5885 -0.3333 0.0 221.278 41.1706 300.074 463.484 465.27 8.219
2013 01 09 01 41 53.60 AKOS 25.322 95.008 92.6 6.2984 0.0681 0.0 277.765 91.7829 299.732 776.672 777.17 4.628
2013 01 09 01 41 53.60 KLEF 25.322 95.008 92.6 6.6142 0.4407 0.0 277.888 91.3135 299.798 774.738 775.00 4.633
2013 01 09 01 41 53.60 KUKU 25.322 95.008 92.6 6.1924 -0.3687 0.0 277.857 92.22 299.573 778.513 779.20 4.622
2013 01 09 01 41 53.60 MRON 25.322 95.008 92.6 6.4647 -1.4371 0.0 278.562 93.0597 299.509 782.449 783.06 4.609
2013 01 09 01 41 53.60 SHAI 25.322 95.008 92.6 5.9371 0.0627 0.0 277.443 91.9426 299.45 777.39 777.92 4.626
2013 01 09 01 41 53.60 WEIJ 25.322 95.008 92.6 5.5885 -0.3333 0.0 277.301 92.4475 299.764 779.704 780.26 4.619
2013 01 10 13 47 05.80 AKOS 4.742 95.098 51.7 6.2984 0.0681 0.0 276.668 94.4684 299.961 793.881 794.48 4.584
2013 01 10 13 47 05.80 KLEF 4.742 95.098 51.7 6.6142 0.4407 0.0 276.948 94.0711 299.042 790.962 792.65 4.592
2013 01 10 13 47 05.80 KUKU 4.742 95.098 51.7 6.1924 -0.3687 0.0 276.603 94.9105 300.818 796.738 796.50 4.574
2013 01 10 13 47 05.80 MRON 4.742 95.098 51.7 6.4647 -1.4371 0.0 276.973 95.9425 299.655 800.575 801.21 4.549
2013 01 10 13 47 05.80 SHAI 4.742 95.098 51.7 5.9371 0.0627 0.0 276.31 94.5065 302.012 795.932 794.65 4.583
2013 01 10 13 47 05.80 WEIJ 4.742 95.098 51.7 5.5885 -0.3333 0.0 276.0 94.9304 300.328 796.248 796.60 4.574
2013 01 20 23 32 22.950 KLEF 53.916 -35.213 13.6 6.6142 0.4407 0.0 135.202 55.2659 301.043 572.093 573.47 7.202
2013 01 20 23 32 22.950 KUKU 53.916 -35.213 13.6 6.1924 -0.3687 0.0 136.303 55.3131 298.184 570.234 573.84 7.198
2013 01 20 23 32 22.950 MRON 53.916 -35.213 13.6 6.4647 -1.4371 0.0 137.353 54.6336 296.477 563.527 568.94 7.250
2013 01 20 23 32 22.950 SHAI 53.916 -35.213 13.6 5.9371 0.0627 0.0 135.956 55.721 300.43 575.48 576.78 7.170
2013 01 20 23 32 22.950 WEIJ 53.916 -35.213 13.6 5.5885 -0.3333 0.0 136.563 55.8747 300.082 576.132 577.91 7.159
2013 01 21 22 22 54.780 AKOS 4.962 95.921 24.6 6.2984 0.0681 0.0 276.764 95.2573 303.222 803.442 801.58 4.568
2013 01 21 22 22 54.780 KLEF 4.962 95.921 24.6 6.6142 0.4407 0.0 277.042 94.8584 301.067 799.287 799.76 4.577
2013 01 21 22 22 54.780 KUKU 4.962 95.921 24.6 6.1924 -0.3687 0.0 276.701 95.6997 300.46 802.68 803.60 4.557
2013 01 21 22 22 54.780 MRON 4.962 95.921 24.6 6.4647 -1.4371 0.0 277.078 96.7297 300.18 807.4 808.28 4.531
2013 01 21 22 22 54.780 SHAI 4.962 95.921 24.6 5.9371 0.0627 0.0 276.406 95.2973 300.864 801.084 801.77 4.567
2013 01 28 16 38 53.840 AKOS 42.582 79.721 14.3 6.2984 0.0681 0.0 267.665 78.1507 298.809 715.969 718.56 5.545
2013 01 28 16 38 53.840 KLEF 42.582 79.721 14.3 6.6142 0.4407 0.0 267.649 77.6657 298.191 713.351 715.85 5.582
2013 01 28 16 38 53.840 KUKU 42.582 79.721 14.3 6.1924 -0.3687 0.0 267.882 78.5437 299.002 718.162 720.73 5.515
2013 01 28 16 38 53.840 MRON 42.582 79.721 14.3 6.4647 -1.4371 0.0 268.812 79.1513 298.219 721.379 724.04 5.473
2013 01 28 16 38 53.840 SHAI 42.582 79.721 14.3 5.9371 0.0627 0.0 267.396 78.3953 298.143 717.303 719.92 5.526
2013 01 28 16 38 53.840 WEIJ 42.582 79.721 14.3 5.5885 -0.3333 0.0 267.404 78.9199 299.091 720.251 722.82 5.489
2013 01 30 20 15 43.390 AKOS -28.109 -70.888 46.1 6.2984 0.0681 0.0 75.1985 76.3825 298.428 702.038 704.73 5.661
2013 01 30 20 15 43.390 KLEF -28.109 -70.888 46.1 6.6142 0.4407 0.0 75.1161 76.8611 298.112 704.722 707.44 5.627
2013 01 30 20 15 43.390 KUKU -28.109 -70.888 46.1 6.1924 -0.3687 0.0 75.0626 75.9556 298.004 699.614 702.31 5.688
2013 01 30 20 15 43.390 MRON -28.109 -70.888 46.1 6.4647 -1.4371 0.0 74.2582 75.1848 298.373 694.983 697.92 5.747
2013 01 30 20 15 43.390 SHAI -28.109 -70.888 46.1 5.9371 0.0627 0.0 75.5133 76.1944 298.101 700.711 703.65 5.674
2013 01 30 20 15 43.390 WEIJ -28.109 -70.888 46.1 5.5885 -0.3333 0.0 75.6128 75.6788 298.165 697.775 700.71 5.710
2013 02 09 14 16 06.960 AKOS 1.034 -77.462 144.2 6.2984 0.0681 0.0 83.8189 77.493 300.696 698.736 699.51 5.555
2013 02 09 14 16 06.960 KLEF 1.034 -77.462 144.2 6.6142 0.4407 0.0 83.5001 77.8651 300.818 700.858 701.57 5.527
2013 02 09 14 16 06.960 KUKU 1.034 -77.462 144.2 6.1924 -0.3687 0.0 83.9242 77.0581 300.273 696.313 697.09 5.588
2013 02 09 14 16 06.960 MRON 1.034 -77.462 144.2 6.4647 -1.4371 0.0 83.6374 75.9983 300.07 690.11 691.13 5.664
2013 02 09 14 16 06.960 SHAI 1.034 -77.462 144.2 5.9371 0.0627 0.0 84.1866 77.4857 300.455 698.495 699.47 5.556
2013 02 09 14 16 06.960 WEIJ 1.034 -77.462 144.2 5.5885 -0.3333 0.0 84.5399 77.0903 300.273 696.313 697.27 5.586
2013 02 10 19 54 33.570 AKOS -33.46 -71.993 44.8 6.2984 0.0681 0.0 74.6773 78.6886 300.108 716.538 717.79 5.492
2013 02 10 19 54 33.570 KLEF -33.46 -71.993 44.8 6.6142 0.4407 0.0 74.6385 79.1725 299.859 719.289 720.45 5.457
2013 02 10 19 54 33.570 KUKU -33.46 -71.993 44.8 6.1924 -0.3687 0.0 74.5049 78.275 299.868 714.298 715.51 5.521
2013 02 10 19 54 33.570 MRON -33.46 -71.993 44.8 6.4647 -1.4371 0.0 73.6424 77.5752 299.763 710.193 711.65 5.574
2013 02 10 19 54 33.570 SHAI -33.46 -71.993 44.8 5.9371 0.0627 0.0 74.9712 78.4745 299.749 715.179 716.60 5.506
2013 02 10 19 54 33.570 WEIJ -33.46 -71.993 44.8 5.5885 -0.3333 0.0 75.0231 77.9524 300.171 712.601 713.71 5.546
2013 02 18 03 40 49.50 AKOS 5.526 -33.007 12.4 6.2984 0.0681 0.0 86.961 32.9052 298.393 391.343 393.92 8.747
2013 02 18 03 40 49.50 KUKU 5.526 -33.007 12.4 6.1924 -0.3687 0.0 87.163 32.4719 297.698 387.648 390.13 8.766
2013 02 18 03 40 49.50 MRON 5.526 -33.007 12.4 6.4647 -1.4371 0.0 86.662 31.4086 298.295 378.245 380.79 8.807
2013 02 18 03 40 49.50 SHAI 5.526 -33.007 12.4 5.9371 0.0627 0.0 87.6218 32.9044 298.745 391.695 393.92 8.747
2013 02 18 03 40 49.50 WEIJ 5.526 -33.007 12.4 5.5885 -0.3333 0.0 88.2784 32.518 298.182 388.132 390.53 8.764
2013 02 22 12 01 58.670 AKOS -27.905 -63.134 585.6 6.2984 0.0681 0.0 71.0245 69.7637 299.965 611.295 612.66 5.930
2013 02 22 12 01 58.670 KLEF -27.905 -63.134 585.6 6.6142 0.4407 0.0 70.9559 70.2447 299.832 614.162 615.51 5.897
2013 02 22 12 01 58.670 KUKU -27.905 -63.134 585.6 6.1924 -0.3687 0.0 70.8687 69.3414 300.552 608.882 610.15 5.959
2013 02 22 12 01 58.670 MRON -27.905 -63.134 585.6 6.4647 -1.4371 0.0 70.0063 68.5976 299.877 604.207 605.72 6.012
2013 02 22 12 01 58.670 SHAI -27.905 -63.134 585.6 5.9371 0.0627 0.0 71.3439 69.5658 299.629 609.959 611.47 5.944
2013 02 22 12 01 58.670 WEIJ -27.905 -63.134 585.6 5.5885 -0.3333 0.0 71.4293 69.0473 300.476 606.806 608.37 5.980
2013 03 19 03 29 02.700 AKOS -58.981 -24.569 52.0 6.2984 0.0681 0.0 26.5479 67.9948 299.38 651.68 654.84 6.261
2013 03 19 03 29 02.700 KLEF -58.981 -24.569 52.0 6.6142 0.4407 0.0 26.8565 68.3865 299.034 654.334 657.30 6.234
2013 03 19 03 29 02.700 KUKU -58.981 -24.569 52.0 6.1924 -0.3687 0.0 26.1182 67.792 299.812 651.112 653.57 6.276
2013 03 19 03 29 02.700 MRON -58.981 -24.569 52.0 6.4647 -1.4371 0.0 24.9349 67.8172 299.293 650.593 653.75 6.274
2013 03 19 03 29 02.700 SHAI -58.981 -24.569 52.0 5.9371 0.0627 0.0 26.6327 67.6445 299.034 649.334 652.63 6.287
2013 03 19 03 29 02.700 WEIJ -58.981 -24.569 52.0 5.5885 -0.3333 0.0 26.3046 67.2163 300.115 647.415 649.92 6.318
2013 03 25 23 02 12.520 AKOS 14.59 -90.477 193.7 6.2984 0.0681 0.0 83.8059 88.9615 298.25 749.73 752.49 4.663
2013 03 25 23 02 12.520 KLEF 14.59 -90.477 193.7 6.6142 0.4407 0.0 83.4095 89.2415 298.572 751.052 753.79 4.643
2013 03 25 23 02 12.520 KUKU 14.59 -90.477 193.7 6.1924 -0.3687 0.0 84.0163 88.5673 298.346 747.827 750.65 4.694
2013 03 25 23 02 12.520 MRON 14.59 -90.477 193.7 6.4647 -1.4371 0.0 84.0178 87.4714 297.997 742.478 745.46 4.780
2013 03 25 23 02 12.520 SHAI 14.59 -90.477 193.7 5.9371 0.0627 0.0 84.1549 89.046 298.404 749.884 752.89 4.656
2013 03 25 23 02 12.520 WEIJ 14.59 -90.477 193.7 5.5885 -0.3333 0.0 84.5887 88.7509 298.067 748.547 751.52 4.679
2013 04 02 14 34 56.830 AKOS -40.393 45.185 14.3 6.2984 0.0681 0.0 307.273 62.2639 300.742 620.911 622.36 6.686
2013 04 02 14 34 56.830 KLEF -40.393 45.185 14.3 6.6142 0.4407 0.0 307.82 62.287 300.316 620.486 622.54 6.684
2013 04 02 14 34 56.830 KUKU -40.393 45.185 14.3 6.1924 -0.3687 0.0 306.813 62.447 300.866 622.036 623.57 6.672
2013 04 02 14 34 56.830 MRON -40.393 45.185 14.3 6.4647 -1.4371 0.0 306.063 63.3161 300.148 627.318 629.34 6.614
2013 04 02 14 34 56.830 SHAI -40.393 45.185 14.3 5.9371 0.0627 0.0 307.019 61.9834 300.72 618.89 620.47 6.708
2013 04 02 14 34 56.830 WEIJ -40.393 45.185 14.3 5.5885 -0.3333 0.0 306.426 61.9528 300.594 618.764 620.24 6.710
2013 04 09 11 52 50.190 AKOS 28.446 51.629 12.8 6.2984 0.0681 0.0 255.81 53.4278 299.561 558.371 559.70 7.343
2013 04 09 11 52 50.190 KLEF 28.446 51.629 12.8 6.6142 0.4407 0.0 255.911 52.9492 300.197 555.007 556.17 7.379
2013 04 09 11 52 50.190 KUKU 28.446 51.629 12.8 6.1924 -0.3687 0.0 255.974 53.8548 299.609 561.419 562.83 7.311
2013 04 09 11 52 50.190 MRON 28.446 51.629 12.8 6.4647 -1.4371 0.0 256.926 54.632 298.991 566.801 568.47 7.256
2013 04 09 11 52 50.190 SHAI 28.446 51.629 12.8 5.9371 0.0627 0.0 255.431 53.6169 299.948 559.758 561.11 7.329
2013 04 09 11 52 50.190 WEIJ 28.446 51.629 12.8 5.5885 -0.3333 0.0 255.316 54.1332 299.702 563.512 564.89 7.292
2013 04 10 01 58 28.370 AKOS 28.418 51.724 14.8 6.2984 0.0681 0.0 255.891 53.5021 300.571 559.201 559.93 7.337
2013 04 10 01 58 28.370 KLEF 28.418 51.724 14.8 6.6142 0.4407 0.0 255.991 53.0236 299.955 555.585 556.40 7.373
2013 04 10 01 58 28.370 KUKU 28.418 51.724 14.8 6.1924 -0.3687 0.0 256.054 53.9292 301.696 563.326 563.05 7.304
2013 04 10 01 58 28.370 MRON 28.418 51.724 14.8 6.4647 -1.4371 0.0 257.004 54.7072 299.687 567.317 568.69 7.250
2013 04 10 01 58 28.370 SHAI 28.418 51.724 14.8 5.9371 0.0627 0.0 255.511 53.6909 302.178 562.808 561.33 7.323
2013 04 10 01 58 28.370 WEIJ 28.418 51.724 14.8 5.5885 -0.3333 0.0 255.395 54.2071 296.777 560.407 565.11 7.286
2013 04 16 10 44 19.30 AKOS 27.97 62.136 63.1 6.2984 0.0681 0.0 262.165 62.4388 300.975 616.945 616.46 6.667
2013 04 16 10 44 19.30 KLEF 27.97 62.136 63.1 6.6142 0.4407 0.0 262.28 61.9643 301.023 613.993 613.28 6.703
2013 04 16 10 44 19.30 KUKU 27.97 62.136 63.1 6.1924 -0.3687 0.0 262.291 62.8713 300.652 619.622 619.33 6.639
2013 04 16 10 44 19.30 MRON 27.97 62.136 63.1 6.4647 -1.4371 0.0 263.117 63.6815 300.929 624.899 624.67 6.583
2013 04 16 10 44 19.30 SHAI 27.97 62.136 63.1 5.9371 0.0627 0.0 261.811 62.6135 301.238 618.208 617.63 6.653
2013 04 16 10 44 19.30 WEIJ 27.97 62.136 63.1 5.5885 -0.3333 0.0 261.68 63.1248 301.453 621.423 621.04 6.622
2013 04 17 03 15 52.300 AKOS 28.123 62.337 59.9 6.2984 0.0681 0.0 262.193 62.6355 300.063 617.763 618.12 6.653
2013 04 17 03 15 52.300 KLEF 28.123 62.337 59.9 6.6142 0.4407 0.0 262.307 62.1608 301.056 614.756 614.94 6.690
2013 04 17 03 15 52.300 KUKU 28.123 62.337 59.9 6.1924 -0.3687 0.0 262.32 63.0678 300.653 620.353 620.99 6.627
2013 04 17 03 15 52.300 MRON 28.123 62.337 59.9 6.4647 -1.4371 0.0 263.147 63.8761 299.868 625.568 626.30 6.571
2013 04 17 03 15 52.300 SHAI 28.123 62.337 59.9 5.9371 0.0627 0.0 261.841 62.811 300.249 618.949 619.30 6.644
2013 04 17 03 15 52.300 WEIJ 28.123 62.337 59.9 5.5885 -0.3333 0.0 261.711 63.3226 300.5 622.2 622.69 6.610
2013 04 20 05 11 57.520 AKOS -54.905 1.122 10.0 6.2984 0.0681 0.0 358.802 60.9867 303.049 615.529 614.96 6.778
2013 04 20 05 11 57.520 KLEF -54.905 1.122 10.0 6.6142 0.4407 0.0 359.228 61.2967 300.899 615.379 617.07 6.754
2013 04 20 05 11 57.520 MRON -54.905 1.122 10.0 6.4647 -1.4371 0.0 357.097 61.183 297.942 611.422 616.30 6.763
2013 04 20 05 11 57.520 SHAI -54.905 1.122 10.0 5.9371 0.0627 0.0 358.791 60.6278 297.029 606.509 612.51 6.805
2013 04 20 05 11 57.520 WEIJ -54.905 1.122 10.0 5.5885 -0.3333 0.0 358.332 60.2873 303.002 610.482 610.17 6.830
2013 04 24 09 25 30.80 AKOS 34.512 70.21 67.5 6.2984 0.0681 0.0 263.868 70.1046 298.992 663.912 664.96 6.120
2013 04 24 09 25 30.80 KLEF 34.512 70.21 67.5 6.6142 0.4407 0.0 263.922 69.6219 298.12 660.04 661.99 6.154
2013 04 24 09 25 30.80 KUKU 34.512 70.21 67.5 6.1924 -0.3687 0.0 264.035 70.5227 298.423 665.343 667.51 6.088
2013 04 24 09 25 30.80 MRON 34.512 70.21 67.5 6.4647 -1.4371 0.0 264.904 71.2487 298.12 669.04 671.89 6.037
2013 04 24 09 25 30.80 SHAI 34.512 70.21 67.5 5.9371 0.0627 0.0 263.556 70.3116 298.272 664.192 666.24 6.104
2013 04 24 09 25 30.80 WEIJ 34.512 70.21 67.5 5.5885 -0.3333 0.0 263.49 70.8325 294.252 663.172 669.42 6.065
2013 04 30 06 25 24.270 AKOS 37.588 -24.959 19.7 6.2984 0.0681 0.0 137.599 38.5823 299.322 440.052 442.37 8.393
2013 04 30 06 25 24.270 KLEF 37.588 -24.959 19.7 6.6142 0.4407 0.0 136.827 38.5199 299.558 439.288 441.82 8.397
2013 04 30 06 25 24.270 KUKU 37.588 -24.959 19.7 6.1924 -0.3687 0.0 138.279 38.4388 299.056 438.786 441.18 8.402
2013 04 30 06 25 24.270 MRON 37.588 -24.959 19.7 6.4647 -1.4371 0.0 139.514 37.6506 299.49 432.22 434.55 8.451
2013 04 30 06 25 24.270 SHAI 37.588 -24.959 19.7 5.9371 0.0627 0.0 137.915 38.8822 299.778 442.508 444.90 8.372
2013 04 30 06 25 24.270 WEIJ 37.588 -24.959 19.7 5.5885 -0.3333 0.0 138.739 38.9665 299.544 443.274 445.64 8.366
2013 05 01 06 57 15.190 AKOS 33.105 75.721 27.4 6.2984 0.0681 0.0 267.477 74.5743 298.418 694.228 696.28 5.804
2013 05 01 06 57 15.190 KLEF 33.105 75.721 27.4 6.6142 0.4407 0.0 267.546 74.0935 300.807 693.617 693.48 5.841
2013 05 01 06 57 15.190 KUKU 33.105 75.721 27.4 6.1924 -0.3687 0.0 267.627 74.9971 298.665 696.475 698.73 5.772
2013 05 01 06 57 15.190 MRON 33.105 75.721 27.4 6.4647 -1.4371 0.0 268.452 75.7482 300.129 702.938 703.02 5.716
2013 05 01 06 57 15.190 SHAI 33.105 75.721 27.4 5.9371 0.0627 0.0 267.167 74.7718 298.563 695.373 697.44 5.789
2013 05 01 06 57 15.190 WEIJ 33.105 75.721 27.4 5.5885 -0.3333 0.0 267.084 75.2903 298.434 698.244 700.44 5.750
2013 05 10 19 56 06.610 AKOS -28.967 -13.183 13.8 6.2984 0.0681 0.0 22.0802 37.3116 299.592 429.982 433.31 8.470
2013 05 10 19 56 06.610 KLEF -28.967 -13.183 13.8 6.6142 0.4407 0.0 22.4809 37.731 298.738 433.128 436.87 8.442
2013 05 10 19 56 06.610 KUKU -28.967 -13.183 13.8 6.1924 -0.3687 0.0 21.4582 37.0701 300.73 429.12 431.27 8.485
2013 05 10 19 56 06.610 MRON -28.967 -13.183 13.8 6.4647 -1.4371 0.0 19.6425 36.9987 300.446 427.836 430.69 8.490
2013 05 11 02 08 11.290 AKOS 26.658 57.843 15.1 6.2984 0.0681 0.0 260.613 58.4666 300.987 595.697 595.32 6.970
2013 05 11 02 08 11.290 KLEF 26.658 57.843 15.1 6.6142 0.4407 0.0 260.741 57.9937 301.942 592.652 592.01 7.006
2013 05 11 02 08 11.290 KUKU 26.658 57.843 15.1 6.1924 -0.3687 0.0 260.737 58.9007 300.787 598.497 598.34 6.944
2013 05 11 02 08 11.290 MRON 26.658 57.843 15.1 6.4647 -1.4371 0.0 261.581 59.7219 301.226 603.936 604.00 6.886
2013 05 11 02 08 11.290 SHAI 26.658 57.843 15.1 5.9371 0.0627 0.0 260.242 58.6368 301.233 596.943 596.52 6.961
2013 05 11 02 08 11.290 WEIJ 26.658 57.843 15.1 5.5885 -0.3333 0.0 260.097 59.1464 301.672 600.382 600.07 6.926
2013 05 11 03 09 51.60 MRON 26.596 57.92 12.2 6.4647 -1.4371 0.0 261.656 59.7811 301.515 605.455 604.87 6.882
2013 05 12 00 07 03.710 AKOS 26.705 57.778 24.0 6.2984 0.0681 0.0 260.549 58.4169 300.252 592.542 593.62 6.971
2013 05 12 00 07 03.710 KLEF 26.705 57.778 24.0 6.6142 0.4407 0.0 260.677 57.9438 302.154 591.444 590.31 7.008
2013 05 12 00 07 03.710 MRON 26.705 57.778 24.0 6.4647 -1.4371 0.0 261.519 59.6712 299.952 601.242 602.30 6.887
2013 05 12 00 07 03.710 SHAI 26.705 57.778 24.0 5.9371 0.0627 0.0 260.179 58.5874 301.708 594.999 594.83 6.962
2013 05 12 00 07 03.710 WEIJ 26.705 57.778 24.0 5.5885 -0.3333 0.0 260.034 59.0972 299.412 596.702 598.38 6.928
2013 05 12 07 30 00.730 AKOS 13.486 -91.543 22.4 6.2984 0.0681 0.0 83.5411 90.1107 299.983 777.253 778.11 4.642
2013 05 12 07 30 00.730 KLEF 13.486 -91.543 22.4 6.6142 0.4407 0.0 83.1495 90.3974 298.277 776.547 779.44 4.642
2013 05 12 07 30 00.730 KUKU 13.486 -91.543 22.4 6.1924 -0.3687 0.0 83.7446 89.713 303.895 779.165 776.27 4.648
2013 05 12 07 30 00.730 WEIJ 13.486 -91.543 22.4 5.5885 -0.3333 0.0 84.3199 89.8868 300.057 776.327 777.08 4.643
2013 05 12 10 54 49.100 AKOS 26.726 57.783 14.4 6.2984 0.0681 0.0 260.539 58.4247 300.284 595.184 595.14 6.973
2013 05 12 10 54 49.100 KLEF 26.726 57.783 14.4 6.6142 0.4407 0.0 260.667 57.9516 298.396 589.296 591.82 7.010
2013 05 12 10 54 49.100 KUKU 26.726 57.783 14.4 6.1924 -0.3687 0.0 260.664 58.8586 304.962 602.862 598.16 6.947
2013 05 12 10 54 49.100 MRON 26.726 57.783 14.4 6.4647 -1.4371 0.0 261.51 59.6787 300.767 603.667 603.81 6.889
2013 05 12 10 54 49.100 SHAI 26.726 57.783 14.4 5.9371 0.0627 0.0 260.169 58.5954 300.008 595.908 596.34 6.963
2013 05 12 10 54 49.100 WEIJ 26.726 57.783 14.4 5.5885 -0.3333 0.0 260.025 59.1052 300.767 599.667 599.89 6.929
2013 05 14 19 18 18.390 MRON 0.787 92.425 26.8 6.4647 -1.4371 0.0 276.488 93.7499 300.976 794.586 794.38 4.600
2013 05 14 19 18 18.390 SHAI 0.787 92.425 26.8 5.9371 0.0627 0.0 275.934 92.2692 301.654 788.264 787.55 4.624
2013 05 16 05 57 00.620 AKOS -57.581 -7.018 10.0 6.2984 0.0681 0.0 7.84664 63.9243 296.871 629.251 634.50 6.567
2013 05 16 05 57 00.620 KLEF -57.581 -7.018 10.0 6.6142 0.4407 0.0 8.23064 64.2652 297.211 631.591 636.75 6.543
2013 05 16 05 57 00.620 KUKU -57.581 -7.018 10.0 6.1924 -0.3687 0.0 7.37257 63.7881 296.753 628.133 633.60 6.577
2013 05 16 05 57 00.620 MRON -57.581 -7.018 10.0 6.4647 -1.4371 0.0 6.17305 63.9902 296.984 629.364 634.95 6.562
2013 05 16 05 57 00.620 SHAI -57.581 -7.018 10.0 5.9371 0.0627 0.0 7.87031 63.566 297.447 626.827 632.13 6.593
2013 05 16 05 57 00.620 WEIJ -57.581 -7.018 10.0 5.5885 -0.3333 0.0 7.45868 63.1921 296.652 624.032 629.64 6.619
2013 05 18 04 05 42.730 AKOS -53.12 22.098 10.0 6.2984 0.0681 0.0 335.038 62.0679 300.07 619.34 622.15 6.698
2013 05 18 04 05 42.730 KLEF -53.12 22.098 10.0 6.6142 0.4407 0.0 335.533 62.2775 297.644 618.914 623.57 6.681
2013 05 18 04 05 42.730 KUKU -53.12 22.098 10.0 6.1924 -0.3687 0.0 334.532 62.0783 299.75 619.02 622.21 6.697
2013 05 18 04 05 42.730 MRON -53.12 22.098 10.0 6.4647 -1.4371 0.0 333.458 62.6215 298.056 621.326 625.83 6.655
2013 05 18 04 05 42.730 SHAI -53.12 22.098 10.0 5.9371 0.0627 0.0 334.928 61.7223 299.796 617.066 619.81 6.724
2013 05 18 04 05 42.730 WEIJ -53.12 22.098 10.0 5.5885 -0.3333 0.0 334.393 61.49 300.665 615.935 618.23 6.742
2013 05 18 10 03 17.790 AKOS 26.687 57.82 8.8 6.2984 0.0681 0.0 260.583 58.451 300.77 595.98 596.22 6.972
2013 05 18 10 03 17.790 KLEF 26.687 57.82 8.8 6.6142 0.4407 0.0 260.711 57.978 301.643 592.853 592.91 7.009
2013 05 18 10 03 17.790 KUKU 26.687 57.82 8.8 6.1924 -0.3687 0.0 260.707 58.885 300.571 598.781 599.24 6.946
2013 05 18 10 03 17.790 MRON 26.687 57.82 8.8 6.4647 -1.4371 0.0 261.552 59.7057 300.989 604.199 604.90 6.888
2013 05 18 10 03 17.790 SHAI 26.687 57.82 8.8 5.9371 0.0627 0.0 260.212 58.6214 300.997 597.207 597.42 6.963
2013 05 18 10 03 17.790 WEIJ 26.687 57.82 8.8 5.5885 -0.3333 0.0 260.068 59.1311 301.478 600.688 600.97 6.929
2013 05 18 10 57 49.610 AKOS 26.665 57.803 12.6 6.2984 0.0681 0.0 260.587 58.4324 295.85 590.24 595.48 6.973
2013 05 18 10 57 49.610 KLEF 26.665 57.803 12.6 6.6142 0.4407 0.0 260.715 57.9595 295.863 587.253 592.17 7.010
2013 05 18 10 57 49.610 KUKU 26.665 57.803 12.6 6.1924 -0.3687 0.0 260.711 58.8665 295.771 593.161 598.50 6.946
2013 05 18 10 57 49.610 MRON 26.665 57.803 12.6 6.4647 -1.4371 0.0 261.556 59.6875 295.131 598.521 604.16 6.888
2013 05 18 10 57 49.610 SHAI 26.665 57.803 12.6 5.9371 0.0627 0.0 260.216 58.6027 301.479 596.869 596.68 6.963
2013 05 18 10 57 49.610 WEIJ 26.665 57.803 12.6 5.5885 -0.3333 0.0 260.071 59.1124 295.758 595.148 600.23 6.929
2013 05 20 09 49 08.210 KLEF -45.006 -80.724 35.0 6.6142 0.4407 0.0 79.118 88.4184 300.153 767.943 768.73 4.741
2013 05 20 09 49 08.210 SHAI -45.006 -80.724 35.0 5.9371 0.0627 0.0 79.3217 87.6753 299.733 763.523 765.17 4.800
2013 05 21 23 02 43.970 AKOS -13.869 -72.417 84.5 6.2984 0.0681 0.0 79.4178 74.6572 299.562 688.592 690.33 5.777
2013 05 21 23 02 43.970 KLEF -13.869 -72.417 84.5 6.6142 0.4407 0.0 79.2125 75.1003 300.295 691.325 692.89 5.744
2013 05 21 23 02 43.970 KUKU -13.869 -72.417 84.5 6.1924 -0.3687 0.0 79.397 74.2109 299.975 686.005 687.75 5.811
2013 05 21 23 02 43.970 MRON -13.869 -72.417 84.5 6.4647 -1.4371 0.0 78.8149 73.2681 299.242 680.272 682.25 5.880
2013 05 21 23 02 43.970 SHAI -13.869 -72.417 84.5 5.9371 0.0627 0.0 79.7739 74.5524 299.676 687.706 689.72 5.785
2013 05 21 23 02 43.970 WEIJ -13.869 -72.417 84.5 5.5885 -0.3333 0.0 80.0062 74.0779 299.821 684.851 686.96 5.821
2013 05 26 06 08 15.310 AKOS 39.949 67.435 15.5 6.2984 0.0681 0.0 260.054 68.6681 297.994 659.684 662.64 6.238
2013 05 26 06 08 15.310 KLEF 39.949 67.435 15.5 6.6142 0.4407 0.0 260.054 68.1828 298.238 656.928 659.60 6.272
2013 05 26 06 08 15.310 KUKU 39.949 67.435 15.5 6.1924 -0.3687 0.0 260.27 69.0672 297.377 662.067 665.12 6.209
2013 05 26 06 08 15.310 MRON 39.949 67.435 15.5 6.4647 -1.4371 0.0 261.224 69.703 297.331 666.021 669.03 6.162
2013 05 26 06 08 15.310 SHAI 39.949 67.435 15.5 5.9371 0.0627 0.0 259.765 68.905 297.449 661.139 664.13 6.220
2013 05 26 06 08 15.310 WEIJ 39.949 67.435 15.5 5.5885 -0.3333 0.0 259.757 69.4296 297.643 664.333 667.39 6.182
2013 05 27 03 36 29.690 AKOS 14.65 53.815 3.1 6.2984 0.0681 0.0 266.983 53.3909 304.74 564.05 560.81 7.350
2013 05 27 03 36 29.690 KLEF 14.65 53.815 3.1 6.6142 0.4407 0.0 267.257 52.958 303.982 560.292 557.61 7.383
2013 05 27 03 36 29.690 KUKU 14.65 53.815 3.1 6.1924 -0.3687 0.0 266.982 53.8377 304.045 567.355 564.09 7.316
2013 05 27 03 36 29.690 MRON 14.65 53.815 3.1 6.4647 -1.4371 0.0 267.609 54.8078 302.782 573.092 571.14 7.247
2013 05 27 03 36 29.690 SHAI 14.65 53.815 3.1 5.9371 0.0627 0.0 266.55 53.4807 300.13 560.44 561.48 7.344
2013 05 27 03 36 29.690 WEIJ 14.65 53.815 3.1 5.5885 -0.3333 0.0 266.25 53.9463 301.835 565.145 564.89 7.308
2013 05 27 09 41 14.670 AKOS 9.361 -82.654 15.9 6.2984 0.0681 0.0 84.9462 81.8432 298.878 736.208 738.31 5.264
2013 05 27 09 41 14.670 KLEF 9.361 -82.654 15.9 6.6142 0.4407 0.0 84.5774 82.1628 298.696 738.026 739.98 5.239
2013 05 27 09 41 14.670 KUKU 9.361 -82.654 15.9 6.1924 -0.3687 0.0 85.1166 81.4294 298.613 733.943 736.12 5.297
2013 05 27 09 41 14.670 MRON 9.361 -82.654 15.9 6.4647 -1.4371 0.0 85.0037 80.3391 298.631 727.961 730.30 5.383
2013 05 27 09 41 14.670 SHAI 9.361 -82.654 15.9 5.9371 0.0627 0.0 85.3056 81.8913 298.891 736.221 738.56 5.260
2013 05 27 09 41 14.670 WEIJ 9.361 -82.654 15.9 5.5885 -0.3333 0.0 85.7111 81.5535 299.15 734.48 736.79 5.287
2013 06 07 20 13 14.00 AKOS -43.85 -16.3 10.0 6.2984 0.0681 0.0 20.8045 52.0637 299.028 548.028 551.57 7.428
2013 06 07 20 13 14.00 KLEF -43.85 -16.3 10.0 6.6142 0.4407 0.0 21.1531 52.4631 299.116 551.116 554.54 7.400
2013 06 07 20 13 14.00 KUKU -43.85 -16.3 10.0 6.1924 -0.3687 0.0 20.3056 51.8509 298.323 546.323 549.98 7.444
2013 06 07 20 13 14.00 MRON -43.85 -16.3 10.0 6.4647 -1.4371 0.0 18.9121 51.8538 298.385 546.385 550.03 7.443
2013 06 07 20 13 14.00 WEIJ -43.85 -16.3 10.0 5.5885 -0.3333 0.0 20.5435 51.2795 298.888 541.888 545.69 7.487
2013 06 08 12 25 07.630 AKOS -22.609 -66.761 206.5 6.2984 0.0681 0.0 74.6878 71.3508 299.708 656.078 657.59 5.977
2013 06 08 12 25 07.630 KLEF -22.609 -66.761 206.5 6.6142 0.4407 0.0 74.5641 71.8218 299.103 658.473 660.40 5.944
2013 06 08 12 25 07.630 KUKU -22.609 -66.761 206.5 6.1924 -0.3687 0.0 74.5841 70.9149 299.85 653.22 654.97 6.010
2013 06 08 12 25 07.630 MRON -22.609 -66.761 206.5 6.4647 -1.4371 0.0 73.8238 70.0859 300.099 648.469 649.98 6.068
2013 06 08 12 25 07.630 WEIJ -22.609 -66.761 206.5 5.5885 -0.3333 0.0 75.1702 70.681 299.494 651.864 653.55 6.027
2013 06 15 16 11 02.90 AKOS 34.45 25.044 21.5 6.2984 0.0681 0.0 225.163 36.2918 299.731 420.641 422.65 8.539
2013 06 15 16 11 02.90 KLEF 34.45 25.044 21.5 6.6142 0.4407 0.0 224.968 35.8202 300.015 416.925 418.61 8.567
2013 06 15 16 11 02.90 KUKU 34.45 25.044 21.5 6.1924 -0.3687 0.0 225.647 36.6337 299.709 423.619 425.57 8.518
2013 06 15 16 11 02.90 MRON 34.45 25.044 21.5 6.4647 -1.4371 0.0 227.332 37.0582 299.121 427.031 429.14 8.490
2013 06 15 16 11 02.90 WEIJ 34.45 25.044 21.5 5.5885 -0.3333 0.0 225.009 37.097 299.31 427.22 429.54 8.487
2013 06 15 17 34 29.170 KLEF 11.741 -87.045 41.4 6.6142 0.4407 0.0 84.0608 86.2264 298.965 755.794 756.99 4.918
2013 06 15 17 34 29.170 KUKU 11.741 -87.045 41.4 6.1924 -0.3687 0.0 84.6309 85.5196 299.084 751.914 753.51 4.976
2013 06 15 17 34 29.170 MRON 11.741 -87.045 41.4 6.4647 -1.4371 0.0 84.5718 84.4253 296.334 744.164 748.01 5.064
2013 06 15 17 34 29.170 WEIJ 11.741 -87.045 41.4 5.5885 -0.3333 0.0 85.214 85.6717 299.938 753.768 754.27 4.963
2013 06 16 02 51 36.370 AKOS -56.356 -27.608 98.5 6.2984 0.0681 0.0 30.2406 66.456 301.291 638.921 640.01 6.355
2013 06 16 02 51 36.370 KLEF -56.356 -27.608 98.5 6.6142 0.4407 0.0 30.5305 66.8618 300.08 640.71 642.59 6.328
2013 06 16 02 51 36.370 KUKU -56.356 -27.608 98.5 6.1924 -0.3687 0.0 29.8177 66.2332 299.878 636.508 638.59 6.371
2013 06 16 05 19 00.660 AKOS 18.165 -99.15 55.0 6.2984 0.0681 0.0 81.1395 96.7554 300.444 803.784 804.40 4.528
2013 06 16 05 19 00.660 KLEF 18.165 -99.15 55.0 6.6142 0.4407 0.0 80.7187 97.0025 301.042 805.382 805.52 4.522
2013 06 16 05 19 00.660 KUKU 18.165 -99.15 55.0 6.1924 -0.3687 0.0 81.3823 96.3793 301.092 802.432 802.70 4.538
2013 06 16 05 19 00.660 MRON 18.165 -99.15 55.0 6.4647 -1.4371 0.0 81.4716 95.287 300.793 797.133 797.73 4.566
2013 06 16 05 19 00.660 WEIJ 18.165 -99.15 55.0 5.5885 -0.3333 0.0 81.9418 96.6077 299.696 802.036 803.75 4.532
2013 06 16 21 39 06.600 AKOS 34.424 25.186 25.0 6.2984 0.0681 0.0 225.38 36.3569 298.831 419.231 422.74 8.534
2013 06 16 21 39 06.600 KLEF 34.424 25.186 25.0 6.6142 0.4407 0.0 225.188 35.885 299.134 415.534 418.69 8.562
2013 06 16 21 39 06.600 KUKU 34.424 25.186 25.0 6.1924 -0.3687 0.0 225.862 36.6997 298.874 422.274 425.66 8.512
2013 06 16 21 39 06.600 MRON 34.424 25.186 25.0 6.4647 -1.4371 0.0 227.542 37.1271 298.19 425.59 429.25 8.485
2013 06 16 21 39 06.600 WEIJ 34.424 25.186 25.0 5.5885 -0.3333 0.0 225.222 37.1618 298.424 425.824 429.62 8.482
2013 06 17 11 21 42.80 MRON -36.551 52.389 10.0 6.4647 -1.4371 0.0 298.627 66.0476 301.493 647.413 647.67 6.420
2013 06 17 11 21 42.80 WEIJ -36.551 52.389 10.0 5.5885 -0.3333 0.0 298.798 64.6552 299.155 636.075 638.63 6.522
2013 06 24 22 04 14.180 AKOS 10.69 -42.668 17.5 6.2984 0.0681 0.0 92.3295 42.4649 297.454 470.274 473.92 8.136
2013 06 24 22 04 14.180 KLEF 10.69 -42.668 17.5 6.6142 0.4407 0.0 91.7886 42.7833 296.961 472.781 476.51 8.114
2013 06 24 22 04 14.180 KUKU 10.69 -42.668 17.5 6.1924 -0.3687 0.0 92.585 42.0524 297.073 466.893 470.57 8.162
2013 06 24 22 04 14.180 MRON 10.69 -42.668 17.5 6.4647 -1.4371 0.0 92.4305 40.9613 297.165 457.985 461.62 8.240
2013 06 24 22 04 14.180 WEIJ 10.69 -42.668 17.5 5.5885 -0.3333 0.0 93.459 42.1849 297.074 467.894 471.66 8.154
2013 07 02 07 37 05.90 AKOS 4.69 96.582 25.4 6.2984 0.0681 0.0 276.801 95.9433 300.72 804.63 804.60 4.551
2013 07 02 07 37 05.90 KLEF 4.69 96.582 25.4 6.6142 0.4407 0.0 277.08 95.5453 301.007 802.917 802.78 4.561
2013 07 02 07 37 05.90 KUKU 4.69 96.582 25.4 6.1924 -0.3687 0.0 276.736 96.3855 300.451 806.36 806.61 4.540
2013 07 02 07 37 05.90 MRON 4.69 96.582 25.4 6.4647 -1.4371 0.0 277.11 97.4168 300.278 811.188 811.27 4.512
2013 07 02 07 37 05.90 WEIJ 4.69 96.582 25.4 5.5885 -0.3333 0.0 276.132 96.4066 301.861 807.771 806.71 4.539
2013 07 02 13 55 42.40 AKOS 4.619 96.684 32.4 6.2984 0.0681 0.0 276.803 96.0526 296.534 799.494 804.06 4.548
2013 07 02 13 55 42.40 KLEF 4.619 96.684 32.4 6.6142 0.4407 0.0 277.082 95.6549 303.008 804.968 802.24 4.558
2013 07 02 20 04 55.670 KLEF -23.928 -66.656 208.2 6.6142 0.4407 0.0 74.1025 72.0833 294.979 655.309 661.79 5.924
2013 07 02 20 04 55.670 KUKU -23.928 -66.656 208.2 6.1924 -0.3687 0.0 74.0997 71.1763 299.289 654.619 656.38 5.989
2013 07 02 20 04 55.670 MRON -23.928 -66.656 208.2 6.4647 -1.4371 0.0 73.3199 70.3646 300.093 650.423 651.51 6.048
2013 07 02 20 04 55.670 WEIJ -23.928 -66.656 208.2 5.5885 -0.3333 0.0 74.6789 70.9292 299.231 652.561 654.88 6.008
2013 07 03 19 21 46.610 AKOS 1.549 30.889 15.7 6.2984 0.0681 0.0 279.587 31.099 299.142 375.532 377.60 8.817
2013 07 03 19 21 46.610 KLEF 1.549 30.889 15.7 6.6142 0.4407 0.0 280.289 30.7744 299.239 372.629 374.75 8.827
2013 07 03 19 21 46.610 KUKU 1.549 30.889 15.7 6.1924 -0.3687 0.0 279.28 31.5163 299.119 379.509 381.28 8.802
2013 07 03 19 21 46.610 MRON 1.549 30.889 15.7 6.4647 -1.4371 0.0 279.535 32.6038 298.988 388.378 390.83 8.759
2013 07 03 19 21 46.610 WEIJ 1.549 30.889 15.7 5.5885 -0.3333 0.0 278.146 31.4119 298.959 378.349 380.35 8.806
2013 07 08 02 52 44.230 AKOS 13.272 -89.235 77.2 6.2984 0.0681 0.0 84.0639 87.9007 298.714 758.484 760.94 4.778
2013 07 08 02 52 44.230 KLEF 13.272 -89.235 77.2 6.6142 0.4407 0.0 83.6744 88.1905 298.527 760.297 762.31 4.755
2013 07 08 02 52 44.230 KUKU 13.272 -89.235 77.2 6.1924 -0.3687 0.0 84.2645 87.5013 295.024 753.794 759.03 4.808
2013 07 08 02 52 44.230 MRON 13.272 -89.235 77.2 6.4647 -1.4371 0.0 84.2387 86.4057 297.088 749.858 753.71 4.893
2013 07 08 02 52 44.230 WEIJ 13.272 -89.235 77.2 5.5885 -0.3333 0.0 84.8416 87.6707 300.028 758.798 759.85 4.796
2013 07 08 15 30 28.150 AKOS 16.723 40.844 7.7 6.2984 0.0681 0.0 260.311 41.1937 300.049 463.899 465.12 8.226
2013 07 08 15 30 28.150 KLEF 16.723 40.844 7.7 6.6142 0.4407 0.0 260.591 40.7445 297.709 458.559 461.41 8.257
2013 07 08 15 30 28.150 KUKU 16.723 40.844 7.7 6.1924 -0.3687 0.0 260.364 41.6391 297.851 465.701 468.78 8.194
2013 07 08 15 30 28.150 MRON 16.723 40.844 7.7 6.4647 -1.4371 0.0 261.235 42.5666 297.289 473.139 476.34 8.131
2013 07 08 15 30 28.150 WEIJ 16.723 40.844 7.7 5.5885 -0.3333 0.0 259.493 41.7959 299.536 468.386 470.08 8.183
2013 07 10 14 32 12.980 AKOS -19.341 -69.3 111.7 6.2984 0.0681 0.0 76.7988 72.8508 300.546 675.566 676.82 5.901
2013 07 10 14 32 12.980 KLEF -19.341 -69.3 111.7 6.6142 0.4407 0.0 76.6428 73.3126 300.285 678.305 679.55 5.868
2013 07 10 14 32 12.980 KUKU -19.341 -69.3 111.7 6.1924 -0.3687 0.0 76.7275 72.4092 301.031 673.051 674.21 5.934
2013 07 10 14 32 12.980 MRON -19.341 -69.3 111.7 6.4647 -1.4371 0.0 76.0358 71.5327 300.52 667.54 668.99 5.997
2013 07 10 14 32 12.980 WEIJ -19.341 -69.3 111.7 5.5885 -0.3333 0.0 77.324 72.2138 300.669 671.689 673.03 5.948
2013 07 15 14 03 41.730 AKOS -61.052 -25.227 19.9 6.2984 0.0681 0.0 26.8718 69.9996 297.797 667.067 671.27 6.128
2013 07 15 14 03 41.730 KLEF -61.052 -25.227 19.9 6.6142 0.4407 0.0 27.1813 70.3878 298.216 669.486 673.65 6.099
2013 07 15 14 03 41.730 KUKU -61.052 -25.227 19.9 6.1924 -0.3687 0.0 26.4453 69.8015 298.399 665.669 670.06 6.142
2013 07 15 14 03 41.730 MRON -61.052 -25.227 19.9 6.4647 -1.4371 0.0 25.2784 69.8391 297.47 665.74 670.31 6.139
2013 07 15 14 03 41.730 WEIJ -61.052 -25.227 19.9 5.5885 -0.3333 0.0 26.6219 69.2237 297.571 661.841 666.47 6.184
2013 07 17 02 37 43.740 AKOS -15.666 -71.745 13.0 6.2984 0.0681 0.0 78.7271 74.3575 300.628 696.888 697.52 5.821
2013 07 17 02 37 43.740 KLEF -15.666 -71.745 13.0 6.6142 0.4407 0.0 78.5373 74.807 301.298 699.558 700.13 5.786
2013 07 17 02 37 43.740 KUKU -15.666 -71.745 13.0 6.1924 -0.3687 0.0 78.6905 73.9121 301.147 694.407 694.92 5.854
2013 07 17 02 37 43.740 MRON -15.666 -71.745 13.0 6.4647 -1.4371 0.0 78.0743 72.989 300.47 688.73 689.49 5.922
2013 07 17 02 37 43.740 WEIJ -15.666 -71.745 13.0 5.5885 -0.3333 0.0 79.2956 73.7593 301.031 693.291 694.01 5.865
2013 07 21 23 45 55.920 AKOS 34.504 104.26 5.1 6.2984 0.0681 0.0 283.278 98.0373 300.683 816.763 817.10 4.497
2013 07 21 23 45 55.920 KLEF 34.504 104.26 5.1 6.6142 0.4407 0.0 283.315 97.5533 300.538 814.618 814.92 4.511
2013 07 21 23 45 55.920 KUKU 34.504 104.26 5.1 6.1924 -0.3687 0.0 283.451 98.4503 297.153 815.233 818.96 4.485
2013 07 21 23 45 55.920 MRON 34.504 104.26 5.1 6.4647 -1.4371 0.0 284.307 99.1469 294.893 815.973 822.06 4.464
2013 07 21 23 45 55.920 WEIJ 34.504 104.26 5.1 5.5885 -0.3333 0.0 282.939 98.7751 300.258 819.338 820.43 4.475
2013 07 22 07 01 41.750 AKOS -46.094 34.861 3.2 6.2984 0.0681 0.0 319.413 60.6718 297.392 608.642 613.65 6.806
2013 07 22 07 01 41.750 KLEF -46.094 34.861 3.2 6.6142 0.4407 0.0 319.954 60.7837 296.634 608.884 614.43 6.797
2013 07 22 07 01 41.750 KUKU -46.094 34.861 3.2 6.1924 -0.3687 0.0 318.915 60.7769 296.828 609.078 614.35 6.798
2013 07 22 07 01 41.750 MRON -46.094 34.861 3.2 6.4647 -1.4371 0.0 317.985 61.5096 296.279 613.529 619.31 6.744
2013 07 22 07 01 41.750 WEIJ -46.094 34.861 3.2 5.5885 -0.3333 0.0 318.633 60.2283 297.1 605.35 610.58 6.840
2013 07 26 21 33 00.60 AKOS -58.035 -24.28 17.0 6.2984 0.0681 0.0 26.4208 67.0779 296.789 648.729 653.59 6.338
2013 07 26 21 33 00.60 KLEF -58.035 -24.28 17.0 6.6142 0.4407 0.0 26.7291 67.4712 297.322 651.262 656.09 6.310
2013 07 26 21 33 00.60 KUKU -58.035 -24.28 17.0 6.1924 -0.3687 0.0 25.9893 66.8729 296.346 647.286 652.29 6.351
2013 07 26 21 33 00.60 MRON -58.035 -24.28 17.0 6.4647 -1.4371 0.0 24.798 66.8925 296.331 647.271 652.44 6.350
2013 07 26 21 33 00.60 WEIJ -58.035 -24.28 17.0 5.5885 -0.3333 0.0 26.1804 66.2981 296.455 643.395 648.60 6.394
2013 08 11 21 23 43.870 AKOS 30.041 97.97 23.0 6.2984 0.0681 0.0 279.376 93.6818 300.808 793.938 794.41 4.602
2013 08 11 21 23 43.870 KLEF 30.041 97.97 23.0 6.6142 0.4407 0.0 279.457 93.2034 298.054 789.184 792.20 4.611
2013 08 11 21 23 43.870 KUKU 30.041 97.97 23.0 6.1924 -0.3687 0.0 279.507 94.1091 299.606 794.736 796.38 4.594
2013 08 11 21 23 43.870 MRON 30.041 97.97 23.0 6.4647 -1.4371 0.0 280.284 94.8834 299.406 798.536 799.91 4.578
2013 08 11 21 23 43.870 WEIJ 30.041 97.97 23.0 5.5885 -0.3333 0.0 278.971 94.3846 300.557 796.688 797.66 4.588
2013 08 12 09 49 31.920 AKOS -5.411 -81.979 12.8 6.2984 0.0681 0.0 82.971 82.7198 302.181 744.261 743.51 5.201
2013 08 12 09 49 31.920 KLEF -5.411 -81.979 12.8 6.6142 0.4407 0.0 82.6974 83.1221 302.561 746.641 745.60 5.172
2013 08 12 09 49 31.920 KUKU -5.411 -81.979 12.8 6.1924 -0.3687 0.0 83.0287 82.2767 299.756 739.836 741.20 5.232
2013 08 12 09 49 31.920 MRON -5.411 -81.979 12.8 6.4647 -1.4371 0.0 82.6377 81.2513 300.192 734.272 735.80 5.311
2013 08 12 09 49 31.920 WEIJ -5.411 -81.979 12.8 5.5885 -0.3333 0.0 83.6344 82.2463 299.417 739.497 741.04 5.234
2013 08 13 15 43 15.910 AKOS 5.718 -78.125 18.6 6.2984 0.0681 0.0 84.8138 77.6911 300.414 714.504 715.37 5.578
2013 08 13 15 43 15.910 KLEF 5.718 -78.125 18.6 6.6142 0.4407 0.0 84.4644 78.0358 300.433 716.523 717.28 5.552
2013 08 13 15 43 15.910 KUKU 5.718 -78.125 18.6 6.1924 -0.3687 0.0 84.9559 77.2663 300.118 712.208 712.99 5.610
2013 08 13 15 43 15.910 MRON 5.718 -78.125 18.6 6.4647 -1.4371 0.0 84.7621 76.1868 300.641 705.731 706.89 5.685
2013 08 13 15 43 15.910 WEIJ 5.718 -78.125 18.6 5.5885 -0.3333 0.0 85.5661 77.3488 300.26 712.35 713.46 5.604
2013 08 17 16 32 31.830 AKOS -34.886 54.127 10.9 6.2984 0.0681 0.0 297.659 65.3166 298.894 640.064 642.77 6.473
2013 08 17 16 32 31.830 KLEF -34.886 54.127 10.9 6.6142 0.4407 0.0 298.189 65.2601 301.881 642.051 642.42 6.477
2013 08 17 16 32 31.830 KUKU -34.886 54.127 10.9 6.1924 -0.3687 0.0 297.249 65.5637 301.881 644.051 644.35 6.454
2013 08 17 16 32 31.830 MRON -34.886 54.127 10.9 6.4647 -1.4371 0.0 296.682 66.5293 300.818 648.988 650.55 6.385
2013 08 17 16 32 31.830 WEIJ -34.886 54.127 10.9 5.5885 -0.3333 0.0 296.79 65.1318 302.033 641.203 641.53 6.487
2013 08 21 12 38 29.510 AKOS 16.857 -99.518 18.9 6.2984 0.0681 0.0 81.1813 97.3023 300.38 810.87 811.64 4.516
2013 08 21 12 38 29.510 KUKU 16.857 -99.518 18.9 6.1924 -0.3687 0.0 81.4161 96.9211 300.93 809.42 809.92 4.527
2013 08 21 12 38 29.510 MRON 16.857 -99.518 18.9 6.4647 -1.4371 0.0 81.4817 95.8271 299.086 802.576 804.95 4.555
2013 08 21 12 38 29.510 WEIJ 16.857 -99.518 18.9 5.5885 -0.3333 0.0 81.9811 97.1373 300.898 810.388 810.91 4.521
2013 08 23 08 34 06.10 AKOS -22.292 -68.641 103.0 6.2984 0.0681 0.0 75.6433 72.9513 290.763 668.753 678.44 5.896
2013 08 23 08 34 06.10 KLEF -22.292 -68.641 103.0 6.6142 0.4407 0.0 75.514 73.4206 297.314 677.304 681.20 5.862
2013 08 23 08 34 06.10 KUKU -22.292 -68.641 103.0 6.1924 -0.3687 0.0 75.5468 72.5141 291.356 666.346 675.85 5.928
2013 08 23 08 34 06.10 MRON -22.292 -68.641 103.0 6.4647 -1.4371 0.0 74.806 71.6751 291.073 661.063 670.87 5.989
2013 08 23 08 34 06.10 WEIJ -22.292 -68.641 103.0 5.5885 -0.3333 0.0 76.1309 72.2878 290.812 664.802 674.49 5.945
2013 08 25 16 07 16.970 AKOS -33.365 57.059 14.0 6.2984 0.0681 0.0 294.939 66.8254 299.969 649.999 651.88 6.362
2013 08 25 16 07 16.970 KLEF -33.365 57.059 14.0 6.6142 0.4407 0.0 295.46 66.7464 300.963 649.993 651.39 6.368
2013 08 25 16 07 16.970 KUKU -33.365 57.059 14.0 6.1924 -0.3687 0.0 294.548 67.0895 302.653 653.683 653.55 6.344
2013 08 25 16 07 16.970 MRON -33.365 57.059 14.0 6.4647 -1.4371 0.0 294.036 68.0779 297.184 655.214 659.78 6.273
2013 08 31 00 04 17.930 MRON 28.23 99.341 10.1 6.4647 -1.4371 0.0 280.795 96.3928 298.361 805.431 808.90 4.542
2013 09 05 04 01 36.70 AKOS 15.251 -45.213 10.4 6.2984 0.0681 0.0 96.2733 45.283 297.483 494.413 497.71 7.937
2013 09 05 04 01 36.70 KLEF 15.251 -45.213 10.4 6.6142 0.4407 0.0 95.7134 45.5595 297.555 496.485 499.89 7.916
2013 09 05 04 01 36.70 KUKU 15.251 -45.213 10.4 6.1924 -0.3687 0.0 96.578 44.8917 297.272 491.202 494.60 7.965
2013 09 05 04 01 36.70 MRON 15.251 -45.213 10.4 6.4647 -1.4371 0.0 96.6051 43.796 297.601 482.531 485.83 8.042
2013 09 05 04 01 36.70 WEIJ 15.251 -45.213 10.4 5.5885 -0.3333 0.0 97.3819 45.0871 296.667 492.597 496.18 7.951
2013 09 05 12 29 16.830 KLEF 10.645 -86.101 33.0 6.6142 0.4407 0.0 84.1568 85.4167 301.422 754.592 754.03 4.988
2013 09 05 12 29 16.830 KUKU 10.645 -86.101 33.0 6.1924 -0.3687 0.0 84.7128 84.6985 299.161 748.331 750.43 5.045
2013 09 05 12 29 16.830 MRON 10.645 -86.101 33.0 6.4647 -1.4371 0.0 84.6311 83.6056 295.474 738.644 744.87 5.131
2013 09 05 12 29 16.830 WEIJ 10.645 -86.101 33.0 5.5885 -0.3333 0.0 85.2996 84.8387 298.506 748.676 751.15 5.034
2013 09 06 02 28 10.490 AKOS -47.018 33.303 10.0 6.2984 0.0681 0.0 321.337 60.698 301.835 612.345 612.76 6.802
2013 09 06 02 28 10.490 KLEF -47.018 33.303 10.0 6.6142 0.4407 0.0 321.874 60.8232 298.724 610.234 613.64 6.793
2013 09 06 02 28 10.490 KUKU -47.018 33.303 10.0 6.1924 -0.3687 0.0 320.836 60.7908 301.106 612.616 613.38 6.795
2013 09 06 02 28 10.490 MRON -47.018 33.303 10.0 6.4647 -1.4371 0.0 319.882 61.5002 301.478 616.988 618.18 6.742
2013 09 06 02 28 10.490 WEIJ -47.018 33.303 10.0 5.5885 -0.3333 0.0 320.572 60.2354 300.581 608.091 609.57 6.837
2013 09 07 00 13 29.910 AKOS 14.667 -92.091 74.1 6.2984 0.0681 0.0 83.402 90.5056 302.59 774.68 773.49 4.640
2013 09 07 00 13 29.910 KLEF 14.667 -92.091 74.1 6.6142 0.4407 0.0 83.0044 90.7838 302.744 775.834 774.78 4.638
2013 09 07 00 13 29.910 KUKU 14.667 -92.091 74.1 6.1924 -0.3687 0.0 83.614 90.1123 301.894 771.984 771.67 4.642
2013 09 20 23 34 14.420 AKOS -52.223 14.496 10.0 6.2984 0.0681 0.0 343.309 59.583 299.76 602.34 605.35 6.881
2013 09 20 23 34 14.420 KLEF -52.223 14.496 10.0 6.6142 0.4407 0.0 343.795 59.827 299.16 603.74 607.05 6.863
2013 09 20 23 34 14.420 KUKU -52.223 14.496 10.0 6.1924 -0.3687 0.0 342.792 59.5578 299.286 601.866 605.17 6.883
2013 09 20 23 34 14.420 MRON -52.223 14.496 10.0 6.4647 -1.4371 0.0 341.644 60.0242 298.335 603.915 608.38 6.850
2013 09 20 23 34 14.420 WEIJ -52.223 14.496 10.0 5.5885 -0.3333 0.0 342.704 58.9616 297.858 596.438 601.03 6.926
2013 09 24 07 22 53.850 AKOS 7.358 59.549 19.4 6.2984 0.0681 0.0 272.933 59.0317 299.272 596.422 598.47 6.934
2013 09 24 07 22 53.850 KLEF 7.358 59.549 19.4 6.6142 0.4407 0.0 273.263 58.637 301.447 595.597 595.73 6.961
2013 09 24 07 22 53.850 KUKU 7.358 59.549 19.4 6.1924 -0.3687 0.0 272.853 59.4733 301.084 601.234 601.53 6.903
2013 09 24 11 29 48.230 AKOS 26.91 65.531 15.5 6.2984 0.0681 0.0 264.409 65.3122 301.055 641.825 641.24 6.481
2013 09 24 11 29 48.230 KLEF 26.91 65.531 15.5 6.6142 0.4407 0.0 264.536 64.8407 301.271 639.041 638.17 6.516
2013 09 24 11 29 48.230 KUKU 26.91 65.531 15.5 6.1924 -0.3687 0.0 264.519 65.7476 300.689 644.459 644.06 6.449
2013 09 24 11 29 48.230 MRON 26.91 65.531 15.5 6.4647 -1.4371 0.0 265.302 66.577 300.873 649.643 649.36 6.389
2013 09 24 11 29 48.230 WEIJ 26.91 65.531 15.5 5.5885 -0.3333 0.0 263.915 65.9861 301.305 646.075 645.61 6.432
2013 09 24 13 01 39.40 AKOS 27.309 65.674 11.3 6.2984 0.0681 0.0 264.298 65.4781 300.241 643.201 643.00 6.469
2013 09 24 13 01 39.40 KLEF 27.309 65.674 11.3 6.6142 0.4407 0.0 264.421 65.0058 301.477 640.437 639.93 6.505
2013 09 24 13 01 39.40 KUKU 27.309 65.674 11.3 6.1924 -0.3687 0.0 264.412 65.9128 302.351 647.311 645.80 6.438
2013 09 24 13 01 39.40 MRON 27.309 65.674 11.3 6.4647 -1.4371 0.0 265.201 66.737 300.047 651.007 651.07 6.377
2013 09 24 17 20 14.480 AKOS 27.113 65.546 16.1 6.2984 0.0681 0.0 264.324 65.3453 303.716 644.236 641.36 6.478
2013 09 24 17 20 14.480 KLEF 27.113 65.546 16.1 6.6142 0.4407 0.0 264.449 64.8734 303.026 640.546 638.29 6.514
2013 09 24 17 20 14.480 KUKU 27.113 65.546 16.1 6.1924 -0.3687 0.0 264.436 65.7803 299.176 642.696 644.17 6.446
2013 09 25 16 42 43.180 AKOS -15.9 -74.601 38.2 6.2984 0.0681 0.0 79.5728 77.1018 299.032 707.852 709.51 5.614
2013 09 25 16 42 43.180 KLEF -15.9 -74.601 38.2 6.6142 0.4407 0.0 79.3828 77.5504 299.704 710.524 712.02 5.581
2013 09 25 16 42 43.180 KUKU -15.9 -74.601 38.2 6.1924 -0.3687 0.0 79.5391 76.6562 299.562 705.382 707.00 5.647
2013 09 25 16 42 43.180 MRON -15.9 -74.601 38.2 6.4647 -1.4371 0.0 78.9361 75.7299 299.08 699.901 701.75 5.710
2013 09 25 16 42 43.180 WEIJ -15.9 -74.601 38.2 5.5885 -0.3333 0.0 80.1374 76.5063 298.474 704.294 706.14 5.657
2013 09 26 06 46 03.200 AKOS 14.326 -93.472 10.1 6.2984 0.0681 0.0 83.0622 91.8738 300.149 787.949 788.29 4.630
2013 09 26 06 46 03.200 KLEF 14.326 -93.472 10.1 6.6142 0.4407 0.0 82.6652 92.1533 300.442 789.242 789.58 4.626
2013 09 26 06 46 03.200 KUKU 14.326 -93.472 10.1 6.1924 -0.3687 0.0 83.2731 91.4798 300.264 786.064 786.47 4.634
2013 09 26 06 46 03.200 MRON 14.326 -93.472 10.1 6.4647 -1.4371 0.0 83.2757 90.3839 299.981 780.781 781.38 4.642
2013 09 26 06 46 03.200 WEIJ 14.326 -93.472 10.1 5.5885 -0.3333 0.0 83.8454 91.664 299.567 786.367 787.33 4.632
2013 09 28 07 34 07.460 AKOS 27.161 65.619 18.7 6.2984 0.0681 0.0 264.338 65.4148 301.03 641.57 641.39 6.472
2013 09 28 07 34 07.460 KLEF 27.161 65.619 18.7 6.6142 0.4407 0.0 264.462 64.9428 301.247 638.787 638.32 6.508
2013 09 28 07 34 07.460 KUKU 27.161 65.619 18.7 6.1924 -0.3687 0.0 264.451 65.8497 300.598 644.138 644.20 6.441
2013 09 28 07 34 07.460 MRON 27.161 65.619 18.7 6.4647 -1.4371 0.0 265.237 66.6759 300.754 649.294 649.47 6.380
2013 09 28 07 34 07.460 WEIJ 27.161 65.619 18.7 5.5885 -0.3333 0.0 263.848 66.0908 301.349 645.889 645.77 6.423
2013 09 29 23 23 16.380 AKOS -37.437 -73.595 23.0 6.2984 0.0681 0.0 74.9776 80.9905 300.619 732.239 733.13 5.325
2013 09 29 23 23 16.380 KLEF -37.437 -73.595 23.0 6.6142 0.4407 0.0 74.9694 81.4758 300.421 735.041 735.71 5.285
2013 09 29 23 23 16.380 KUKU -37.437 -73.595 23.0 6.1924 -0.3687 0.0 74.781 80.5881 299.594 729.214 730.98 5.356
2013 09 29 23 23 16.380 MRON -37.437 -73.595 23.0 6.4647 -1.4371 0.0 73.8832 79.9415 299.759 726.379 727.53 5.405
2013 09 29 23 23 16.380 WEIJ -37.437 -73.595 23.0 5.5885 -0.3333 0.0 75.2739 80.2347 301.612 729.232 729.06 5.383
2013 09 30 08 16 10.390 AKOS 49.486 -28.551 17.0 6.2984 0.0681 0.0 141.117 49.3314 298.899 526.509 529.05 7.635
2013 09 30 08 16 10.390 KLEF 49.486 -28.551 17.0 6.6142 0.4407 0.0 140.5 49.1995 299.74 526.35 528.02 7.644
2013 09 30 08 16 10.390 KUKU 49.486 -28.551 17.0 6.1924 -0.3687 0.0 141.696 49.2498 299.215 525.825 528.44 7.640
2013 09 30 08 16 10.390 MRON 49.486 -28.551 17.0 6.4647 -1.4371 0.0 142.843 48.5756 299.183 520.793 523.28 7.689
2013 09 30 08 16 10.390 WEIJ 49.486 -28.551 17.0 5.5885 -0.3333 0.0 141.973 49.8126 299.608 530.218 532.76 7.599
2013 10 02 01 06 38.640 AKOS 11.246 57.598 16.3 6.2984 0.0681 0.0 270.24 56.9983 301.147 584.507 584.72 7.083
2013 10 02 01 06 38.640 KLEF 11.246 57.598 16.3 6.6142 0.4407 0.0 270.539 56.5827 301.098 581.458 581.76 7.114
2013 10 02 01 06 38.640 KUKU 11.246 57.598 16.3 6.1924 -0.3687 0.0 270.2 57.4438 301.195 587.555 587.87 7.050
2013 10 02 01 06 38.640 MRON 11.246 57.598 16.3 6.4647 -1.4371 0.0 270.717 58.4484 300.697 594.057 594.90 6.972
2013 10 04 17 26 14.250 AKOS -38.707 78.5 11.0 6.2984 0.0681 0.0 282.136 84.9462 300.228 754.978 755.49 5.024
2013 10 04 17 26 14.250 KLEF -38.707 78.5 11.0 6.6142 0.4407 0.0 282.616 84.862 300.644 754.394 755.08 5.030
2013 10 04 17 26 14.250 KUKU -38.707 78.5 11.0 6.1924 -0.3687 0.0 281.776 85.2134 300.488 756.238 756.82 5.002
2013 10 04 17 26 14.250 MRON -38.707 78.5 11.0 6.4647 -1.4371 0.0 281.307 86.2046 299.931 760.681 761.74 4.920
2013 10 04 17 26 14.250 WEIJ -38.707 78.5 11.0 5.5885 -0.3333 0.0 281.335 84.8038 300.491 754.241 754.75 5.035
2013 10 12 02 10 28.910 AKOS 10.835 -62.302 82.1 6.2984 0.0681 0.0 88.6364 61.7553 299.223 607.313 609.76 6.712
2013 10 12 02 10 28.910 KLEF 10.835 -62.302 82.1 6.6142 0.4407 0.0 88.2207 62.0732 299.293 609.383 611.88 6.689
2013 10 12 02 10 28.910 KUKU 10.835 -62.302 82.1 6.1924 -0.3687 0.0 88.8311 61.3426 298.306 604.396 606.98 6.744
2013 10 12 02 10 28.910 MRON 10.835 -62.302 82.1 6.4647 -1.4371 0.0 88.7118 60.2516 298.766 596.856 599.58 6.825
2013 10 12 02 10 28.910 WEIJ 10.835 -62.302 82.1 5.5885 -0.3333 0.0 89.4995 61.4721 299.119 605.209 607.86 6.734
2013 10 12 13 11 53.650 AKOS 35.527 23.371 46.9 6.2984 0.0681 0.0 221.836 36.1256 297.575 413.925 418.34 8.539
2013 10 12 13 11 53.650 KLEF 35.527 23.371 46.9 6.6142 0.4407 0.0 221.599 35.6605 297.854 410.204 414.35 8.567
2013 10 12 13 11 53.650 KUKU 35.527 23.371 46.9 6.1924 -0.3687 0.0 222.351 36.4523 297.464 416.814 421.13 8.519
2013 10 12 13 11 53.650 MRON 35.527 23.371 46.9 6.4647 -1.4371 0.0 224.078 36.8253 297.459 419.809 424.26 8.495
2013 10 12 13 11 53.650 WEIJ 35.527 23.371 46.9 5.5885 -0.3333 0.0 221.75 36.9344 297.266 420.616 425.26 8.487
2013 10 21 02 27 11.730 KLEF 35.269 76.963 28.9 6.6142 0.4407 0.0 267.661 75.2126 301.036 699.306 699.74 5.756
2013 10 21 02 27 11.730 KUKU 35.269 76.963 28.9 6.1924 -0.3687 0.0 267.777 76.1126 300.212 704.482 704.89 5.687
2013 10 22 05 40 42.130 AKOS 5.052 95.843 30.2 6.2984 0.0681 0.0 276.765 95.1696 302.301 802.171 800.35 4.570
2013 10 22 05 40 42.130 KLEF 5.052 95.843 30.2 6.6142 0.4407 0.0 277.042 94.7704 299.698 797.568 798.53 4.579
2013 10 22 05 40 42.130 KUKU 5.052 95.843 30.2 6.1924 -0.3687 0.0 276.702 95.6121 303.536 805.406 802.37 4.559
2013 10 22 05 40 42.130 WEIJ 5.052 95.843 30.2 5.5885 -0.3333 0.0 276.099 95.6362 302.184 804.054 802.49 4.559
2013 10 24 17 57 37.590 MRON 14.234 93.114 26.8 6.4647 -1.4371 0.0 277.347 92.8162 298.654 788.064 789.98 4.616
2013 10 24 17 57 37.590 WEIJ 14.234 93.114 26.8 5.5885 -0.3333 0.0 276.228 91.9713 300.59 786.0 786.09 4.628
2013 10 25 21 51 57.960 AKOS -56.323 -27.413 112.0 6.2984 0.0681 0.0 30.0449 66.3729 301.506 636.546 638.00 6.356
2013 10 25 21 51 57.960 KLEF -56.323 -27.413 112.0 6.6142 0.4407 0.0 30.3356 66.7783 301.08 639.12 640.58 6.329
2013 10 25 21 51 57.960 KUKU -56.323 -27.413 112.0 6.1924 -0.3687 0.0 29.6214 66.1507 300.38 634.42 636.59 6.373
2013 10 25 21 51 57.960 MRON -56.323 -27.413 112.0 6.4647 -1.4371 0.0 28.4234 66.1222 300.715 634.755 636.43 6.374
2013 10 25 21 51 57.960 WEIJ -56.323 -27.413 112.0 5.5885 -0.3333 0.0 29.841 65.5841 298.95 628.99 632.94 6.415
2013 10 30 02 29 11.490 AKOS -35.431 -73.15 12.8 6.2984 0.0681 0.0 75.0206 80.1256 297.353 725.863 730.11 5.394
2013 10 30 02 29 11.490 KLEF -35.431 -73.15 12.8 6.6142 0.4407 0.0 74.9964 80.6103 297.021 728.531 732.73 5.356
2013 10 30 02 29 11.490 KUKU -35.431 -73.15 12.8 6.1924 -0.3687 0.0 74.8369 79.717 297.221 723.731 727.91 5.424
2013 10 30 02 29 11.490 MRON -35.431 -73.15 12.8 6.4647 -1.4371 0.0 73.9584 79.0421 297.339 719.849 724.25 5.474
2013 10 30 02 29 11.490 WEIJ -35.431 -73.15 12.8 5.5885 -0.3333 0.0 75.3426 79.3797 297.005 721.515 726.05 5.450
2013 10 30 02 51 49.440 AKOS -35.401 -73.151 11.9 6.2984 0.0681 0.0 75.0263 80.1187 302.274 730.834 730.23 5.395
2013 10 30 02 51 49.440 KLEF -35.401 -73.151 11.9 6.6142 0.4407 0.0 75.0018 80.6034 301.983 733.543 732.84 5.357
2013 10 30 02 51 49.440 KUKU -35.401 -73.151 11.9 6.1924 -0.3687 0.0 74.8427 79.71 302.181 728.741 728.02 5.425
2013 10 30 02 51 49.440 MRON -35.401 -73.151 11.9 6.4647 -1.4371 0.0 73.9646 79.0346 302.337 724.897 724.36 5.474
2013 10 30 02 51 49.440 WEIJ -35.401 -73.151 11.9 5.5885 -0.3333 0.0 75.3487 79.3729 302.047 726.607 726.16 5.451
2013 10 31 23 03 58.620 AKOS -30.313 -71.501 19.8 6.2984 0.0681 0.0 75.0351 77.4646 299.481 711.861 714.31 5.590
2013 10 31 23 03 58.620 KLEF -30.313 -71.501 19.8 6.6142 0.4407 0.0 74.9705 77.9458 299.204 714.584 717.00 5.553
2013 10 31 23 03 58.620 KUKU -30.313 -71.501 19.8 6.1924 -0.3687 0.0 74.8843 77.0427 299.194 709.574 711.95 5.620
2013 10 31 23 03 58.620 MRON -30.313 -71.501 19.8 6.4647 -1.4371 0.0 74.0561 76.3001 298.797 705.177 707.77 5.673
2013 10 31 23 03 58.620 WEIJ -30.313 -71.501 19.8 5.5885 -0.3333 0.0 75.4215 76.747 299.248 707.628 710.26 5.642
2013 11 13 23 45 48.200 AKOS -60.309 -47.287 10.0 6.2984 0.0681 0.0 48.8806 76.0701 299.043 705.843 708.52 5.684
2013 11 13 23 45 48.200 KLEF -60.309 -47.287 10.0 6.6142 0.4407 0.0 49.1113 76.5005 298.348 708.147 710.97 5.655
2013 11 13 23 45 48.200 KUKU -60.309 -47.287 10.0 6.1924 -0.3687 0.0 48.5066 75.8092 298.395 704.195 707.04 5.702
2013 11 13 23 45 48.200 MRON -60.309 -47.287 10.0 6.4647 -1.4371 0.0 47.3857 75.6653 298.432 703.232 706.24 5.713
2013 11 13 23 45 48.200 WEIJ -60.309 -47.287 10.0 5.5885 -0.3333 0.0 48.7731 75.2664 298.202 701.002 703.91 5.744
2013 11 16 03 34 34.790 AKOS -60.307 -47.199 24.0 6.2984 0.0681 0.0 48.7975 76.0358 300.031 704.241 706.10 5.684
2013 11 16 03 34 34.790 KLEF -60.307 -47.199 24.0 6.6142 0.4407 0.0 49.0285 76.4661 300.375 706.585 708.55 5.655
2013 11 16 03 34 34.790 KUKU -60.307 -47.199 24.0 6.1924 -0.3687 0.0 48.4233 75.775 300.424 702.634 704.62 5.701
2013 11 16 03 34 34.790 MRON -60.307 -47.199 24.0 6.4647 -1.4371 0.0 47.3021 75.6318 299.425 701.635 703.83 5.712
2013 11 16 03 34 34.790 WEIJ -60.307 -47.199 24.0 5.5885 -0.3333 0.0 48.6895 75.2321 300.212 699.422 701.49 5.743
2013 11 16 08 35 06.10 AKOS -60.347 -46.376 13.7 6.2984 0.0681 0.0 48.0077 75.7562 300.073 705.063 706.14 5.705
2013 11 16 08 35 06.10 KLEF -60.347 -46.376 13.7 6.6142 0.4407 0.0 48.2414 76.1853 300.399 707.389 708.59 5.676
2013 11 16 08 35 06.10 KUKU -60.347 -46.376 13.7 6.1924 -0.3687 0.0 47.6317 75.4974 300.491 703.481 704.66 5.725
2013 11 16 08 35 06.10 MRON -60.347 -46.376 13.7 6.4647 -1.4371 0.0 46.5083 75.3602 299.483 702.473 703.90 5.735
2013 11 16 08 35 06.10 WEIJ -60.347 -46.376 13.7 5.5885 -0.3333 0.0 47.8951 74.9531 300.218 700.208 701.51 5.766
2013 11 16 09 35 46.220 AKOS -60.356 -46.52 10.0 6.2984 0.0681 0.0 48.1431 75.8155 300.146 705.926 707.08 5.701
2013 11 16 09 35 46.220 KLEF -60.356 -46.52 10.0 6.6142 0.4407 0.0 48.3764 76.2448 298.763 706.543 709.53 5.673
2013 11 16 09 35 46.220 KUKU -60.356 -46.52 10.0 6.1924 -0.3687 0.0 47.7673 75.5565 299.401 703.181 705.61 5.721
2013 11 16 09 35 46.220 MRON -60.356 -46.52 10.0 6.4647 -1.4371 0.0 46.6443 75.4184 299.189 702.969 704.84 5.732
2013 11 16 09 35 46.220 WEIJ -60.356 -46.52 10.0 5.5885 -0.3333 0.0 48.0311 75.0123 298.231 699.011 702.46 5.763
2013 11 17 09 04 56.260 AKOS -60.378 -46.587 7.9 6.2984 0.0681 0.0 48.2027 75.855 298.302 704.042 707.65 5.699
2013 11 17 09 04 56.260 KLEF -60.378 -46.587 7.9 6.6142 0.4407 0.0 48.4359 76.2843 297.587 706.327 710.10 5.671
2013 11 17 09 04 56.260 KUKU -60.378 -46.587 7.9 6.1924 -0.3687 0.0 47.827 75.5959 297.7 702.44 706.18 5.719
2013 11 17 09 04 56.260 MRON -60.378 -46.587 7.9 6.4647 -1.4371 0.0 46.7042 75.4577 297.688 701.428 705.41 5.729
2013 11 17 09 04 56.260 WEIJ -60.378 -46.587 7.9 5.5885 -0.3333 0.0 48.0908 75.0519 297.391 699.131 703.03 5.760
2013 11 17 09 11 00.920 AKOS -60.43 -45.178 10.0 6.2984 0.0681 0.0 46.8485 75.3744 300.882 702.962 704.58 5.735
2013 11 17 09 11 00.920 KLEF -60.43 -45.178 10.0 6.6142 0.4407 0.0 47.0863 75.8016 300.826 705.906 707.03 5.702
2013 11 17 09 11 00.920 KUKU -60.43 -45.178 10.0 6.1924 -0.3687 0.0 46.4696 75.1187 300.605 701.685 703.11 5.754
2013 11 17 09 11 00.920 MRON -60.43 -45.178 10.0 6.4647 -1.4371 0.0 45.3431 74.9907 301.823 701.903 702.40 5.763
2013 11 17 12 11 36.150 AKOS -60.543 -44.357 10.0 6.2984 0.0681 0.0 46.0399 75.1579 298.108 699.958 703.34 5.751
2013 11 17 12 11 36.150 KLEF -60.543 -44.357 10.0 6.6142 0.4407 0.0 46.2808 75.5836 298.354 702.204 705.79 5.719
2013 11 17 12 11 36.150 KUKU -60.543 -44.357 10.0 6.1924 -0.3687 0.0 45.6589 74.9046 297.506 698.356 701.88 5.770
2013 11 17 12 11 36.150 MRON -60.543 -44.357 10.0 6.4647 -1.4371 0.0 44.5304 74.7838 297.566 697.416 701.21 5.779
2013 11 17 12 11 36.150 WEIJ -60.543 -44.357 10.0 5.5885 -0.3333 0.0 45.9146 74.3566 298.165 695.015 698.69 5.812
2013 11 22 06 51 27.340 AKOS 34.419 45.57 21.7 6.2984 0.0681 0.0 246.935 50.4105 303.268 537.928 536.03 7.558
2013 11 22 06 51 27.340 KLEF 34.419 45.57 21.7 6.6142 0.4407 0.0 246.937 49.9252 302.777 533.437 532.34 7.594
2013 11 22 06 51 27.340 KUKU 34.419 45.57 21.7 6.1924 -0.3687 0.0 247.192 50.8107 304.109 541.769 539.05 7.529
2013 11 22 06 51 27.340 MRON 34.419 45.57 21.7 6.4647 -1.4371 0.0 248.33 51.4556 300.185 542.845 543.86 7.483
2013 11 22 17 21 00.80 AKOS 5.424 92.818 26.9 6.2984 0.0681 0.0 276.492 92.1346 300.669 786.589 786.88 4.626
2013 11 22 17 21 00.80 KLEF 5.424 92.818 26.9 6.6142 0.4407 0.0 276.767 91.7353 300.112 785.032 785.03 4.631
2013 11 22 17 21 00.80 KUKU 5.424 92.818 26.9 6.1924 -0.3687 0.0 276.43 92.5771 301.319 789.239 788.93 4.620
2013 11 22 17 21 00.80 MRON 5.424 92.818 26.9 6.4647 -1.4371 0.0 276.806 93.6065 300.948 793.868 793.67 4.603
2013 11 22 17 21 00.80 WEIJ 5.424 92.818 26.9 5.5885 -0.3333 0.0 275.829 92.6015 298.823 787.743 789.04 4.619
2013 11 22 18 30 59.390 AKOS 34.377 45.702 18.9 6.2984 0.0681 0.0 247.076 50.4946 300.258 535.868 537.07 7.552
2013 11 22 18 30 59.390 KLEF 34.377 45.702 18.9 6.6142 0.4407 0.0 247.08 50.0093 300.762 532.372 533.39 7.589
2013 11 22 18 30 59.390 KUKU 34.377 45.702 18.9 6.1924 -0.3687 0.0 247.332 50.8952 300.119 538.729 540.09 7.524
2013 11 22 18 30 59.390 MRON 34.377 45.702 18.9 6.4647 -1.4371 0.0 248.467 51.5417 299.75 543.36 544.91 7.478
2013 11 22 18 30 59.390 WEIJ 34.377 45.702 18.9 5.5885 -0.3333 0.0 246.712 51.2543 299.737 541.347 542.82 7.498
2013 11 23 23 30 43.270 AKOS 36.607 86.809 10.0 6.2984 0.0681 0.0 273.122 83.6743 299.436 747.166 748.69 5.132
2013 11 23 23 30 43.270 KLEF 36.607 86.809 10.0 6.6142 0.4407 0.0 273.158 83.1903 297.701 743.431 746.19 5.171
2013 11 23 23 30 43.270 KUKU 36.607 86.809 10.0 6.1924 -0.3687 0.0 273.294 84.0873 301.436 751.166 750.80 5.099
2013 11 23 23 30 43.270 MRON 36.607 86.809 10.0 6.4647 -1.4371 0.0 274.143 84.7857 300.719 754.449 754.32 5.045
2013 11 23 23 30 43.270 WEIJ 36.607 86.809 10.0 5.5885 -0.3333 0.0 272.786 84.4125 298.983 750.714 752.47 5.073
2013 11 24 18 05 41.580 AKOS 34.159 45.68 12.1 6.2984 0.0681 0.0 247.223 50.3934 301.259 536.679 537.38 7.562
2013 11 24 18 05 41.580 KLEF 34.159 45.68 12.1 6.6142 0.4407 0.0 247.23 49.9081 300.839 533.259 533.69 7.598
2013 11 24 18 05 41.580 KUKU 34.159 45.68 12.1 6.1924 -0.3687 0.0 247.477 50.7948 301.21 539.63 540.41 7.533
2013 11 24 18 05 41.580 MRON 34.159 45.68 12.1 6.4647 -1.4371 0.0 248.61 51.4452 300.816 544.236 545.26 7.487
2013 11 24 18 05 41.580 WEIJ 34.159 45.68 12.1 5.5885 -0.3333 0.0 246.855 51.1518 300.836 542.256 543.12 7.508
2013 11 25 06 27 09.580 AKOS -54.052 -55.077 10.0 6.2984 0.0681 0.0 57.3292 75.703 299.448 703.868 706.36 5.711
2013 11 25 06 27 09.580 KLEF -54.052 -55.077 10.0 6.6142 0.4407 0.0 57.4981 76.1598 298.973 706.393 708.97 5.679
2013 11 25 06 27 09.580 KUKU -54.052 -55.077 10.0 6.1924 -0.3687 0.0 56.9946 75.3953 299.543 701.963 704.60 5.735
2013 11 25 06 27 09.580 MRON -54.052 -55.077 10.0 6.4647 -1.4371 0.0 55.9017 75.1054 298.775 700.195 702.96 5.756
2013 11 25 06 27 09.580 WEIJ -54.052 -55.077 10.0 5.5885 -0.3333 0.0 57.3353 74.8926 299.586 699.006 701.68 5.773
2013 11 25 07 21 18.210 AKOS -53.891 -53.951 10.0 6.2984 0.0681 0.0 56.361 75.0578 295.131 695.921 702.68 5.760
2013 11 25 07 21 18.210 KLEF -53.891 -53.951 10.0 6.6142 0.4407 0.0 56.5323 75.514 294.675 698.465 705.30 5.725
2013 11 25 07 21 18.210 KUKU -53.891 -53.951 10.0 6.1924 -0.3687 0.0 56.0241 74.7515 294.339 694.129 700.91 5.783
2013 11 25 07 21 18.210 MRON -53.891 -53.951 10.0 6.4647 -1.4371 0.0 54.9266 74.4662 294.543 692.333 699.28 5.804
2013 11 25 07 21 18.210 WEIJ -53.891 -53.951 10.0 5.5885 -0.3333 0.0 56.3637 74.2474 294.289 691.079 697.96 5.822
2013 11 25 20 06 55.130 AKOS -12.705 -76.258 76.7 6.2984 0.0681 0.0 80.7271 78.1417 299.703 709.573 710.88 5.525
2013 11 25 20 06 55.130 KLEF -12.705 -76.258 76.7 6.6142 0.4407 0.0 80.5104 78.5781 299.248 712.118 713.29 5.494
2013 11 25 20 06 55.130 KUKU -12.705 -76.258 76.7 6.1924 -0.3687 0.0 80.7212 77.6949 299.366 707.236 708.41 5.559
2013 11 25 20 06 55.130 MRON -12.705 -76.258 76.7 6.4647 -1.4371 0.0 80.1799 76.7345 299.731 701.601 703.04 5.630
2013 11 25 20 06 55.130 WEIJ -12.705 -76.258 76.7 5.5885 -0.3333 0.0 81.3253 77.5806 299.47 706.34 707.76 5.568
2013 11 28 13 51 36.110 AKOS 29.346 51.36 13.4 6.2984 0.0681 0.0 254.993 53.4256 299.209 558.099 559.61 7.343
2013 11 28 13 51 36.110 KLEF 29.346 51.36 13.4 6.6142 0.4407 0.0 255.081 52.9454 299.853 554.743 556.06 7.379
2013 11 28 13 51 36.110 KUKU 29.346 51.36 13.4 6.1924 -0.3687 0.0 255.167 53.8498 299.137 561.027 562.72 7.311
2013 11 28 13 51 36.110 MRON 29.346 51.36 13.4 6.4647 -1.4371 0.0 256.139 54.6114 298.566 566.456 568.24 7.257
2013 11 28 13 51 36.110 WEIJ 29.346 51.36 13.4 5.5885 -0.3333 0.0 254.516 54.1388 299.348 563.238 564.85 7.291
2013 12 02 12 18 47.730 KUKU -53.403 25.364 10.0 6.1924 -0.3687 0.0 331.085 63.2271 300.216 627.486 629.81 6.618
2013 12 17 12 30 00.10 AKOS -25.588 -70.509 65.0 6.2984 0.0681 0.0 75.6172 75.422 299.881 695.87 697.10 5.723
2013 12 17 12 30 00.10 KLEF -25.588 -70.509 65.0 6.6142 0.4407 0.0 75.5137 75.8969 299.592 698.582 699.81 5.687
2013 12 17 12 30 00.10 KUKU -25.588 -70.509 65.0 6.1924 -0.3687 0.0 75.4994 74.99 299.439 693.429 694.62 5.756
2013 12 17 12 30 00.10 MRON -25.588 -70.509 65.0 6.4647 -1.4371 0.0 74.7257 74.187 299.469 688.459 689.99 5.816
2013 12 17 12 30 00.10 WEIJ -25.588 -70.509 65.0 5.5885 -0.3333 0.0 76.0636 74.7359 299.693 691.683 693.13 5.775
2013 12 28 15 21 06.50 KLEF 36.049 31.318 59.5 6.6142 0.4407 0.0 231.412 40.7116 299.752 453.702 455.40 8.234
2013 12 28 15 21 06.50 KUKU 36.049 31.318 59.5 6.1924 -0.3687 0.0 231.944 41.5483 299.321 460.271 462.28 8.174
2013 12 28 15 21 06.50 MRON 36.049 31.318 59.5 6.4647 -1.4371 0.0 233.42 42.0309 299.041 463.991 466.18 8.143
2013 12 28 15 21 06.50 WEIJ 36.049 31.318 59.5 5.5885 -0.3333 0.0 231.328 41.9874 298.627 463.577 465.90 8.145
2014 01 04 00 11 50.490 AKOS -20.674 -70.642 25.6 6.2984 0.0681 0.0 76.9598 74.381 298.675 693.185 695.77 5.815
2014 01 04 00 11 50.490 KLEF -20.674 -70.642 25.6 6.6142 0.4407 0.0 76.8137 74.8454 298.609 696.119 698.47 5.779
2014 01 04 00 11 50.490 KUKU -20.674 -70.642 25.6 6.1924 -0.3687 0.0 76.8807 73.9407 299.226 690.736 693.20 5.848
2014 01 04 00 11 50.490 MRON -20.674 -70.642 25.6 6.4647 -1.4371 0.0 76.1782 73.0762 298.82 685.33 688.13 5.911
2014 01 04 00 11 50.490 WEIJ -20.674 -70.642 25.6 5.5885 -0.3333 0.0 77.4685 73.7348 298.8 689.31 691.98 5.864
2014 01 05 03 36 38.10 AKOS 4.609 -76.686 32.8 6.2984 0.0681 0.0 84.6594 76.3649 298.485 703.475 705.83 5.671
2014 01 05 03 36 38.10 KLEF 4.609 -76.686 32.8 6.6142 0.4407 0.0 84.3161 76.7171 298.458 705.448 707.82 5.646
2014 01 05 03 36 38.10 KUKU 4.609 -76.686 32.8 6.1924 -0.3687 0.0 84.7927 75.9372 297.914 700.904 703.39 5.698
2014 01 05 03 36 38.10 MRON 4.609 -76.686 32.8 6.4647 -1.4371 0.0 84.5731 74.8621 297.584 694.574 697.22 5.780
2014 01 05 03 36 38.10 WEIJ 4.609 -76.686 32.8 5.5885 -0.3333 0.0 85.408 76.0066 298.169 701.159 703.79 5.693
2014 01 08 04 22 11.130 KLEF -20.76 -70.62 28.3 6.6142 0.4407 0.0 76.7822 74.8449 299.515 696.385 698.08 5.779
2014 01 08 04 22 11.130 KUKU -20.76 -70.62 28.3 6.1924 -0.3687 0.0 76.8476 73.94 299.132 691.002 692.81 5.848
2014 01 08 04 22 11.130 MRON -20.76 -70.62 28.3 6.4647 -1.4371 0.0 76.1437 73.0767 298.794 685.664 687.75 5.910
2014 01 08 04 22 11.130 WEIJ -20.76 -70.62 28.3 5.5885 -0.3333 0.0 77.4351 73.7333 298.741 689.611 691.58 5.863
2014 01 11 13 10 49.970 AKOS 14.674 -92.105 74.5 6.2984 0.0681 0.0 83.3984 90.5183 299.258 771.288 773.51 4.640
2014 01 11 13 10 49.970 KLEF 14.674 -92.105 74.5 6.6142 0.4407 0.0 83.0007 90.7964 298.798 771.828 774.79 4.638
2014 01 11 13 10 49.970 KUKU 14.674 -92.105 74.5 6.1924 -0.3687 0.0 83.6105 90.125 298.231 768.261 771.68 4.642
2014 01 13 04 01 04.530 AKOS 18.992 -66.868 30.9 6.2984 0.0681 0.0 91.4313 66.1878 301.437 644.907 644.56 6.414
2014 01 13 04 01 04.530 KLEF 18.992 -66.868 30.9 6.6142 0.4407 0.0 90.9814 66.4443 301.079 646.549 646.20 6.395
2014 01 13 04 01 04.530 KUKU 18.992 -66.868 30.9 6.1924 -0.3687 0.0 91.6873 65.8071 300.89 642.36 642.12 6.441
2014 01 13 04 01 04.530 MRON 18.992 -66.868 30.9 6.4647 -1.4371 0.0 91.7635 64.7134 300.742 635.212 635.03 6.522
2014 01 13 04 01 04.530 WEIJ 18.992 -66.868 30.9 5.5885 -0.3333 0.0 92.3 66.0268 301.283 643.753 643.55 6.425
2014 01 26 13 55 43.330 AKOS 38.191 20.507 13.8 6.2984 0.0681 0.0 215.445 36.7682 298.551 424.221 428.06 8.510
2014 01 26 13 55 43.330 KLEF 38.191 20.507 13.8 6.6142 0.4407 0.0 215.134 36.3197 297.865 420.535 424.23 8.538
2014 01 26 13 55 43.330 KUKU 38.191 20.507 13.8 6.1924 -0.3687 0.0 216.005 37.0625 298.175 426.845 430.56 8.491
2014 01 26 13 55 43.330 MRON 38.191 20.507 13.8 6.4647 -1.4371 0.0 217.763 37.3299 298.345 429.015 432.79 8.474
2014 01 26 13 55 43.330 WEIJ 38.191 20.507 13.8 5.5885 -0.3333 0.0 215.495 37.578 298.288 430.958 434.97 8.457
2014 01 27 16 42 37.520 AKOS -19.234 -63.943 599.3 6.2984 0.0681 0.0 74.6303 67.921 298.68 598.16 600.35 6.053
2014 01 27 16 42 37.520 KUKU -19.234 -63.943 599.3 6.1924 -0.3687 0.0 74.5466 67.4809 299.169 595.649 597.68 6.083
2014 01 27 16 42 37.520 MRON -19.234 -63.943 599.3 6.4647 -1.4371 0.0 73.8115 66.6191 298.677 590.157 592.43 6.143
2014 01 27 16 42 37.520 WEIJ -19.234 -63.943 599.3 5.5885 -0.3333 0.0 75.1577 67.2737 298.665 594.146 596.40 6.098
2014 01 29 10 01 50.430 AKOS -18.553 -69.424 116.7 6.2984 0.0681 0.0 77.0831 72.788 297.666 672.236 675.88 5.904
2014 01 29 10 01 50.430 KLEF -18.553 -69.424 116.7 6.6142 0.4407 0.0 76.9201 73.2476 297.473 675.043 678.59 5.871
2014 01 29 10 01 50.430 KUKU -18.553 -69.424 116.7 6.1924 -0.3687 0.0 77.0185 72.3455 297.144 669.714 673.26 5.937
2014 01 29 10 01 50.430 MRON -18.553 -69.424 116.7 6.4647 -1.4371 0.0 76.3399 71.4595 297.613 664.183 667.98 6.001
2014 01 29 10 01 50.430 WEIJ -18.553 -69.424 116.7 5.5885 -0.3333 0.0 77.6181 72.1583 297.791 668.361 672.13 5.951
2014 02 01 03 58 45.70 AKOS -56.933 -27.345 142.9 6.2984 0.0681 0.0 29.8422 66.8841 297.983 633.912 637.85 6.310
2014 02 01 03 58 45.70 KLEF -56.933 -27.345 142.9 6.6142 0.4407 0.0 30.1347 67.2877 297.53 636.46 640.40 6.281
2014 02 01 03 58 45.70 KUKU -56.933 -27.345 142.9 6.1924 -0.3687 0.0 29.4188 66.6644 297.491 632.421 636.46 6.326
2014 02 01 03 58 45.70 MRON -56.933 -27.345 142.9 6.4647 -1.4371 0.0 28.2254 66.6428 297.175 632.105 636.35 6.328
2014 02 01 03 58 45.70 WEIJ -56.933 -27.345 142.9 5.5885 -0.3333 0.0 29.6336 66.0965 297.68 628.61 632.83 6.366
2014 02 03 03 08 46.330 AKOS 38.255 20.436 14.5 6.2984 0.0681 0.0 215.291 36.7879 296.871 423.541 428.12 8.508
2014 02 03 03 08 46.330 KLEF 38.255 20.436 14.5 6.6142 0.4407 0.0 214.978 36.3399 297.23 419.9 424.29 8.537
2014 02 03 03 08 46.330 KUKU 38.255 20.436 14.5 6.1924 -0.3687 0.0 215.851 37.0814 297.508 426.178 430.62 8.489
2014 02 03 03 08 46.330 MRON 38.255 20.436 14.5 6.4647 -1.4371 0.0 217.61 37.3462 297.636 428.306 432.82 8.472
2014 02 03 03 08 46.330 WEIJ 38.255 20.436 14.5 5.5885 -0.3333 0.0 215.344 37.5977 297.586 430.256 435.03 8.455
2014 02 08 19 50 34.430 AKOS -60.424 -45.331 10.0 6.2984 0.0681 0.0 46.996 75.4257 296.568 700.138 704.87 5.731
2014 02 08 19 50 34.430 KLEF -60.424 -45.331 10.0 6.6142 0.4407 0.0 47.2333 75.8531 296.816 702.386 707.32 5.698
2014 02 08 19 50 34.430 KUKU -60.424 -45.331 10.0 6.1924 -0.3687 0.0 46.6174 75.1696 296.935 698.505 703.40 5.751
2014 02 08 19 50 34.430 MRON -60.424 -45.331 10.0 6.4647 -1.4371 0.0 45.4913 75.0405 296.97 697.54 702.68 5.760
2014 02 08 19 50 34.430 WEIJ -60.424 -45.331 10.0 5.5885 -0.3333 0.0 46.8771 74.6235 296.637 695.207 700.22 5.792
2014 02 10 12 06 46.720 AKOS 40.268 48.761 62.9 6.2984 0.0681 0.0 245.578 55.0935 295.411 559.691 565.86 7.200
2014 02 10 12 06 46.720 KLEF 40.268 48.761 62.9 6.6142 0.4407 0.0 245.524 54.6102 296.16 556.44 562.36 7.237
2014 02 10 12 06 46.720 KUKU 40.268 48.761 62.9 6.1924 -0.3687 0.0 245.864 55.4732 295.161 562.441 568.59 7.174
2014 02 10 12 06 46.720 MRON 40.268 48.761 62.9 6.4647 -1.4371 0.0 247.006 56.0308 295.112 566.392 572.55 7.134
2014 02 10 12 06 46.720 WEIJ 40.268 48.761 62.9 5.5885 -0.3333 0.0 245.325 55.8767 294.932 565.212 571.51 7.145
2014 02 12 09 19 48.420 AKOS 35.876 82.58 4.1 6.2984 0.0681 0.0 270.751 80.2823 298.127 729.707 731.86 5.391
2014 02 12 09 19 48.420 KLEF 35.876 82.58 4.1 6.6142 0.4407 0.0 270.795 79.7989 298.713 727.293 729.24 5.428
2014 02 12 09 19 48.420 KUKU 35.876 82.58 4.1 6.1924 -0.3687 0.0 270.918 80.6978 298.24 731.82 734.10 5.359
2014 02 12 09 19 48.420 MRON 35.876 82.58 4.1 6.4647 -1.4371 0.0 271.762 81.4092 297.971 735.551 737.87 5.303
2014 02 12 09 19 48.420 WEIJ 35.876 82.58 4.1 5.5885 -0.3333 0.0 270.402 81.0155 299.018 733.598 735.82 5.335
2014 02 12 09 24 43.240 AKOS 35.892 82.49 10.0 6.2984 0.0681 0.0 270.696 80.209 300.101 729.861 730.49 5.396
2014 02 12 09 24 43.240 KLEF 35.892 82.49 10.0 6.6142 0.4407 0.0 270.74 79.7256 299.497 727.257 727.87 5.432
2014 02 12 11 43 10.290 AKOS -22.327 -68.727 96.0 6.2984 0.0681 0.0 75.6715 73.0371 298.952 677.662 679.73 5.892
2014 02 12 11 43 10.290 KLEF -22.327 -68.727 96.0 6.6142 0.4407 0.0 75.5423 73.5064 298.831 680.541 682.49 5.858
2014 02 12 11 43 10.290 KUKU -22.327 -68.727 96.0 6.1924 -0.3687 0.0 75.5749 72.5999 299.408 675.118 677.14 5.924
2014 02 12 11 43 10.290 MRON -22.327 -68.727 96.0 6.4647 -1.4371 0.0 74.8342 71.761 299.129 669.839 672.16 5.985
2014 02 12 11 43 10.290 WEIJ -22.327 -68.727 96.0 5.5885 -0.3333 0.0 76.1586 72.3734 298.843 673.553 675.78 5.941
2014 02 18 09 27 14.830 AKOS 14.596 -58.971 28.3 6.2984 0.0681 0.0 91.5156 58.5076 299.801 591.971 593.56 6.966
2014 02 18 09 27 14.830 KLEF 14.596 -58.971 28.3 6.6142 0.4407 0.0 91.0596 58.7971 299.775 593.945 595.57 6.948
2014 02 18 09 27 14.830 KUKU 14.596 -58.971 28.3 6.1924 -0.3687 0.0 91.7529 58.109 299.859 589.029 590.78 6.994
2014 02 18 09 27 14.830 MRON 14.596 -58.971 28.3 6.4647 -1.4371 0.0 91.7284 57.0133 299.15 581.32 583.07 7.078
2014 02 18 09 27 14.830 WEIJ 14.596 -58.971 28.3 5.5885 -0.3333 0.0 92.4299 58.2828 300.014 590.184 592.01 6.980
2014 02 18 23 35 58.180 AKOS -14.205 -75.662 58.8 6.2984 0.0681 0.0 80.2557 77.8161 298.663 709.483 711.13 5.555
2014 02 18 23 35 58.180 KLEF -14.205 -75.662 58.8 6.6142 0.4407 0.0 80.0513 78.2583 299.253 712.073 713.59 5.521
2014 02 18 23 35 58.180 KUKU -14.205 -75.662 58.8 6.1924 -0.3687 0.0 80.2371 77.3696 299.254 707.074 708.64 5.589
2014 02 18 23 35 58.180 MRON -14.205 -75.662 58.8 6.4647 -1.4371 0.0 79.6676 76.4244 298.697 701.517 703.34 5.657
2014 02 18 23 35 58.180 WEIJ -14.205 -75.662 58.8 5.5885 -0.3333 0.0 80.8384 77.2389 299.263 706.083 707.90 5.599
2014 03 02 09 37 54.760 AKOS 12.588 -87.704 70.4 6.2984 0.0681 0.0 84.3638 86.4841 299.192 752.432 754.89 4.889
2014 03 02 09 37 54.760 KLEF 12.588 -87.704 70.4 6.6142 0.4407 0.0 83.9781 86.7796 297.776 753.016 756.33 4.867
2014 03 02 09 37 54.760 KUKU 12.588 -87.704 70.4 6.1924 -0.3687 0.0 84.5589 86.0819 301.25 752.49 752.92 4.921
2014 03 02 09 37 54.760 MRON 12.588 -87.704 70.4 6.4647 -1.4371 0.0 84.5172 84.9868 297.914 744.154 747.48 5.012
2014 03 02 09 37 54.760 WEIJ 12.588 -87.704 70.4 5.5885 -0.3333 0.0 85.1391 86.2431 297.966 750.206 753.72 4.908
2014 03 02 22 17 17.210 AKOS 14.244 -92.992 33.1 6.2984 0.0681 0.0 83.1838 91.4216 300.928 782.718 782.60 4.634
2014 03 02 22 17 17.210 KLEF 14.244 -92.992 33.1 6.6142 0.4407 0.0 82.7876 91.702 301.227 784.017 783.89 4.631
2014 03 02 22 17 17.210 KUKU 14.244 -92.992 33.1 6.1924 -0.3687 0.0 83.3937 91.0271 301.08 780.87 780.77 4.638
2014 03 02 22 17 17.210 MRON 14.244 -92.992 33.1 6.4647 -1.4371 0.0 83.3938 89.9312 300.754 775.544 775.69 4.643
2014 03 02 22 17 17.210 WEIJ 14.244 -92.992 33.1 5.5885 -0.3333 0.0 83.9663 91.2099 300.727 781.517 781.63 4.636
2014 03 04 10 51 14.920 AKOS -33.617 -71.987 17.0 6.2984 0.0681 0.0 74.6435 78.7252 299.476 719.556 721.79 5.496
2014 03 04 10 51 14.920 KLEF -33.617 -71.987 17.0 6.6142 0.4407 0.0 74.6061 79.2092 299.109 722.189 724.45 5.461
2014 03 04 10 51 14.920 KUKU -33.617 -71.987 17.0 6.1924 -0.3687 0.0 74.4701 78.312 299.237 717.317 719.51 5.525
2014 03 04 10 51 14.920 MRON -33.617 -71.987 17.0 6.4647 -1.4371 0.0 73.6058 77.6145 299.141 713.221 715.66 5.578
2014 03 04 10 51 14.920 WEIJ -33.617 -71.987 17.0 5.5885 -0.3333 0.0 74.9873 77.988 299.121 715.201 717.70 5.550
2014 03 09 20 29 54.810 AKOS 1.517 -79.559 25.9 6.2984 0.0681 0.0 83.9151 79.5262 299.193 722.383 724.42 5.442
2014 03 09 20 29 54.810 KLEF 1.517 -79.559 25.9 6.6142 0.4407 0.0 83.5938 79.8944 299.372 724.562 726.41 5.414
2014 03 09 20 29 54.810 KUKU 1.517 -79.559 25.9 6.1924 -0.3687 0.0 84.025 79.0927 298.987 720.177 722.05 5.473
2014 03 09 20 29 54.810 MRON 1.517 -79.559 25.9 6.4647 -1.4371 0.0 83.7541 78.0294 298.628 713.818 716.19 5.550
2014 03 09 20 29 54.810 WEIJ 1.517 -79.559 25.9 5.5885 -0.3333 0.0 84.6357 79.1322 298.923 720.113 722.27 5.470
2014 03 11 02 44 06.280 AKOS -60.843 -20.118 10.0 6.2984 0.0681 0.0 21.5893 68.7851 299.27 662.99 665.44 6.217
2014 03 11 02 44 06.280 KLEF -60.843 -20.118 10.0 6.6142 0.4407 0.0 21.9179 69.1612 299.608 665.328 667.78 6.190
2014 03 11 02 44 06.280 KUKU -60.843 -20.118 10.0 6.1924 -0.3687 0.0 21.1511 68.6036 298.997 661.717 664.30 6.230
2014 03 11 02 44 06.280 MRON -60.843 -20.118 10.0 6.4647 -1.4371 0.0 19.9778 68.6862 299.353 662.073 664.84 6.224
2014 03 11 02 44 06.280 WEIJ -60.843 -20.118 10.0 5.5885 -0.3333 0.0 21.3035 68.0195 299.219 657.939 660.63 6.272
2014 03 14 20 32 09.680 AKOS -53.559 25.342 10.0 6.2984 0.0681 0.0 331.646 63.3337 302.698 631.018 630.53 6.610
2014 03 14 20 32 09.680 KLEF -53.559 25.342 10.0 6.6142 0.4407 0.0 332.142 63.5299 302.26 631.58 631.84 6.596
2014 03 14 20 32 09.680 KUKU -53.559 25.342 10.0 6.1924 -0.3687 0.0 331.147 63.3576 302.742 631.062 630.68 6.609
2014 03 14 20 32 09.680 MRON -53.559 25.342 10.0 6.4647 -1.4371 0.0 330.103 63.9287 302.073 634.393 634.44 6.568
2014 03 14 20 32 09.680 WEIJ -53.559 25.342 10.0 5.5885 -0.3333 0.0 330.989 62.7732 302.028 626.348 626.78 6.648
2014 03 15 08 59 20.160 AKOS -14.101 -76.352 10.0 6.2984 0.0681 0.0 80.4683 78.4586 299.642 720.482 721.23 5.519
2014 03 15 08 59 20.160 KLEF -14.101 -76.352 10.0 6.6142 0.4407 0.0 80.2626 78.9001 300.213 723.053 723.66 5.488
2014 03 15 08 59 20.160 KUKU -14.101 -76.352 10.0 6.1924 -0.3687 0.0 80.4515 78.0121 300.23 718.07 718.76 5.553
2014 03 15 08 59 20.160 MRON -14.101 -76.352 10.0 6.4647 -1.4371 0.0 79.8872 77.0648 299.713 712.553 713.47 5.623
2014 03 15 08 59 20.160 WEIJ -14.101 -76.352 10.0 5.5885 -0.3333 0.0 81.0518 77.8836 300.235 717.075 718.03 5.563
2014 03 15 23 51 32.300 AKOS -5.671 -80.935 26.5 6.2984 0.0681 0.0 82.8183 81.7206 301.151 736.851 736.14 5.269
2014 03 15 23 51 32.300 KLEF -5.671 -80.935 26.5 6.6142 0.4407 0.0 82.5468 82.1246 301.374 739.074 738.27 5.239
2014 03 15 23 51 32.300 KUKU -5.671 -80.935 26.5 6.1924 -0.3687 0.0 82.8731 81.277 301.846 734.546 733.80 5.305
2014 03 15 23 51 32.300 MRON -5.671 -80.935 26.5 6.4647 -1.4371 0.0 82.474 80.2544 301.178 728.878 728.33 5.386
2014 03 15 23 51 32.300 WEIJ -5.671 -80.935 26.5 5.5885 -0.3333 0.0 83.4801 81.2427 301.503 734.203 733.61 5.308
2014 03 16 21 16 28.980 AKOS -19.905 -70.615 9.4 6.2984 0.0681 0.0 77.1587 74.1849 300.733 695.753 697.17 5.834
2014 03 16 21 16 28.980 KLEF -19.905 -70.615 9.4 6.6142 0.4407 0.0 77.0061 74.6474 300.565 698.585 699.86 5.798
2014 03 16 21 16 28.980 KUKU -19.905 -70.615 9.4 6.1924 -0.3687 0.0 77.0857 73.7436 300.17 693.19 694.59 5.866
2014 03 16 21 16 28.980 MRON -19.905 -70.615 9.4 6.4647 -1.4371 0.0 76.3947 72.8702 299.796 687.816 689.45 5.930
2014 03 16 21 16 28.980 WEIJ -19.905 -70.615 9.4 5.5885 -0.3333 0.0 77.6769 73.5454 299.865 691.885 693.40 5.881
2014 03 17 05 11 33.400 AKOS -20.06 -70.828 5.3 6.2984 0.0681 0.0 77.2013 74.4145 300.145 697.745 699.18 5.817
2014 03 17 05 11 33.400 KLEF -20.06 -70.828 5.3 6.6142 0.4407 0.0 77.0498 74.8773 299.99 700.59 701.87 5.782
2014 03 17 05 11 33.400 KUKU -20.06 -70.828 5.3 6.1924 -0.3687 0.0 77.1275 73.9733 299.649 695.25 696.60 5.850
2014 03 17 05 11 33.400 MRON -20.06 -70.828 5.3 6.4647 -1.4371 0.0 76.4356 73.1012 299.256 689.856 691.49 5.914
2014 03 17 05 11 33.400 WEIJ -20.06 -70.828 5.3 5.5885 -0.3333 0.0 77.7176 73.774 299.321 693.921 695.42 5.865
2014 03 18 21 26 46.280 AKOS -19.957 -70.783 7.5 6.2984 0.0681 0.0 77.2113 74.3505 298.851 696.571 698.44 5.821
2014 03 18 21 26 46.280 KLEF -19.957 -70.783 7.5 6.6142 0.4407 0.0 77.0589 74.813 299.677 699.397 701.13 5.786
2014 03 18 21 26 46.280 KUKU -19.957 -70.783 7.5 6.1924 -0.3687 0.0 77.1382 73.9092 299.373 694.093 695.87 5.855
2014 03 18 21 26 46.280 MRON -19.957 -70.783 7.5 6.4647 -1.4371 0.0 76.4476 73.036 298.97 688.69 690.74 5.918
2014 03 18 21 26 46.280 WEIJ -19.957 -70.783 7.5 5.5885 -0.3333 0.0 77.7289 73.7108 299.029 692.749 694.69 5.869
2014 03 19 20 17 44.680 AKOS -60.737 -25.538 19.0 6.2984 0.0681 0.0 27.2453 69.7872 298.688 667.008 670.12 6.143
2014 03 19 20 17 44.680 KLEF -60.737 -25.538 19.0 6.6142 0.4407 0.0 27.5531 70.177 299.142 669.462 672.52 6.115
2014 03 19 20 17 44.680 KUKU -60.737 -25.538 19.0 6.1924 -0.3687 0.0 26.8193 69.5871 299.295 665.615 668.89 6.156
2014 03 19 20 17 44.680 MRON -60.737 -25.538 19.0 6.4647 -1.4371 0.0 25.6506 69.619 299.332 665.652 669.10 6.154
2014 03 19 20 17 44.680 WEIJ -60.737 -25.538 19.0 5.5885 -0.3333 0.0 26.9994 69.0102 298.463 661.783 665.30 6.200
2014 03 21 13 41 09.860 AKOS 7.68 94.225 19.3 6.2984 0.0681 0.0 276.764 93.2648 301.076 793.216 793.22 4.609
2014 03 21 13 41 09.860 KLEF 7.68 94.225 19.3 6.6142 0.4407 0.0 277.023 92.8543 301.242 791.382 791.33 4.616
2014 03 21 13 41 09.860 KUKU 7.68 94.225 19.3 6.1924 -0.3687 0.0 276.72 93.7095 300.923 795.063 795.27 4.601
2014 03 21 13 41 09.860 MRON 7.68 94.225 19.3 6.4647 -1.4371 0.0 277.14 94.7223 301.593 799.733 799.92 4.580
2014 03 21 13 41 09.860 WEIJ 7.68 94.225 19.3 5.5885 -0.3333 0.0 276.12 93.7589 301.291 795.431 795.50 4.600
2014 03 22 12 59 57.00 AKOS -19.822 -70.944 4.4 6.2984 0.0681 0.0 77.3117 74.4687 298.348 697.348 699.64 5.813
2014 03 22 12 59 57.00 KLEF -19.822 -70.944 4.4 6.6142 0.4407 0.0 77.1579 74.9308 298.147 700.147 702.32 5.778
2014 03 22 12 59 57.00 KUKU -19.822 -70.944 4.4 6.1924 -0.3687 0.0 77.2399 74.0272 298.793 694.793 697.06 5.847
2014 03 22 12 59 57.00 MRON -19.822 -70.944 4.4 6.4647 -1.4371 0.0 76.5525 73.152 298.405 689.405 691.93 5.910
2014 03 22 12 59 57.00 WEIJ -19.822 -70.944 4.4 5.5885 -0.3333 0.0 77.8309 73.8305 298.44 693.44 695.90 5.861
2014 03 22 13 29 59.150 AKOS -19.69 -70.891 17.1 6.2984 0.0681 0.0 77.3265 74.3912 299.69 695.54 697.10 5.816
2014 03 22 13 29 59.150 KLEF -19.69 -70.891 17.1 6.6142 0.4407 0.0 77.1717 74.8529 299.746 698.596 699.78 5.781
2014 03 22 13 29 59.150 KUKU -19.69 -70.891 17.1 6.1924 -0.3687 0.0 77.2557 73.9495 299.35 693.2 694.52 5.850
2014 03 22 13 29 59.150 MRON -19.69 -70.891 17.1 6.4647 -1.4371 0.0 76.5699 73.0729 298.898 687.748 689.38 5.914
2014 03 22 13 29 59.150 WEIJ -19.69 -70.891 17.1 5.5885 -0.3333 0.0 77.8474 73.754 299.18 692.031 693.36 5.864
2014 03 23 18 20 01.190 AKOS -19.703 -70.781 13.9 6.2984 0.0681 0.0 77.2797 74.2929 299.374 695.184 697.05 5.824
2014 03 23 18 20 01.190 KLEF -19.703 -70.781 13.9 6.6142 0.4407 0.0 77.1251 74.7548 299.478 698.288 699.74 5.789
2014 03 23 18 20 01.190 KUKU -19.703 -70.781 13.9 6.1924 -0.3687 0.0 77.2086 73.8513 298.893 692.703 694.47 5.858
2014 03 23 18 20 01.190 MRON -19.703 -70.781 13.9 6.4647 -1.4371 0.0 76.5219 72.9751 298.47 687.28 689.33 5.922
2014 03 23 18 20 01.190 WEIJ -19.703 -70.781 13.9 5.5885 -0.3333 0.0 77.8004 73.6554 298.524 691.334 693.31 5.872
2014 03 24 15 45 30.700 AKOS -19.549 -70.715 12.7 6.2984 0.0681 0.0 77.296 74.1985 298.691 693.99 696.70 5.832
2014 03 24 15 45 30.700 KLEF -19.549 -70.715 12.7 6.6142 0.4407 0.0 77.1402 74.66 298.515 696.815 699.39 5.796
2014 03 24 15 45 30.700 KUKU -19.549 -70.715 12.7 6.1924 -0.3687 0.0 77.226 73.7568 299.106 691.406 694.11 5.865
2014 03 24 15 45 30.700 MRON -19.549 -70.715 12.7 6.4647 -1.4371 0.0 76.5411 72.8789 298.746 686.046 688.95 5.929
2014 03 24 15 45 30.700 WEIJ -19.549 -70.715 12.7 5.5885 -0.3333 0.0 77.8186 73.5623 299.023 690.323 692.96 5.879
