2014 01 25 05 14 20.520 FURI -8.044 109.222 87.8 8.8952 38.6798 2.565 281.991 72.2654 304.156 678.656 675.90 5.953
2014 01 26 13 55 43.330 FURI 38.191 20.507 13.8 8.8952 38.6798 2.565 146.007 33.4506 304.203 401.8925 399.39 8.714
2014 02 01 03 58 45.70 FURI -56.933 -27.345 142.9 8.8952 38.6798 2.565 65.0519 84.7425 303.769 740.718 738.60 4.999
2014 02 03 03 08 46.330 FURI 38.255 20.436 14.5 8.8952 38.6798 2.565 145.947 33.5349 302.592 401.2815 400.01 8.707
2014 02 12 09 19 48.420 FURI 35.876 82.58 4.1 8.8952 38.6798 2.565 247.013 48.0967 303.214 522.814 521.01 7.734
2014 02 18 09 27 14.830 FURI 14.596 -58.971 28.3 8.8952 38.6798 2.565 79.4911 95.1 303.074 802.264 800.20 4.572
2014 03 02 20 11 22.710 FURI 27.423 127.327 118.9 8.8952 38.6798 2.565 277.261 84.7724 302.7 742.01 740.65 5.017
2014 03 13 17 06 51.00 FURI 33.622 131.807 83.4 8.8952 38.6798 2.565 279.092 87.7257 301.006 760.026 759.18 4.793
2014 03 21 13 41 09.860 FURI 7.68 94.225 19.3 8.8952 38.6798 2.565 275.471 54.9363 304.688 572.847 569.47 7.233
2014 04 15 03 57 01.840 FURI -53.609 8.709 10 8.8952 38.6798 2.565 32.3622 67.2506 301.755 654.935 655.92 6.326
2014 05 04 20 18 25.10 FURI 34.878 139.366 161.4 8.8952 38.6798 2.565 283.36 93.6235 302.753 779.762 777.49 4.595
2014 05 05 11 08 45.650 FURI 19.615 99.703 15.2 8.8952 38.6798 2.565 269.01 59.8326 303.789 607.159 604.62 6.879
2014 05 15 10 16 44.180 FURI 9.349 122.035 30.1 8.8952 38.6798 2.565 277.726 82.0891 303.21 740.05 737.41 5.241
2014 05 18 01 02 31.860 FURI 4.24 92.737 32.9 8.8952 38.6798 2.565 277.872 53.8624 304.205 562.364 559.80 7.305
2014 05 21 16 21 54.220 FURI 18.24 88.064 45.1 8.8952 38.6798 2.565 265.873 48.7667 303.204 523.003 520.24 7.672
2014 05 24 09 25 03.190 FURI 40.276 25.369 8.2 8.8952 38.6798 2.565 155.607 33.4252 302 400.8295 400.15 8.718
2014 06 14 11 11 03.260 FURI -10.113 91.038 23.1 8.8952 38.6798 2.565 288.153 55.4294 302.571 574.33 572.83 7.191
2014 06 29 07 52 56.840 FURI -55.475 -28.395 15.1 8.8952 38.6798 2.565 66.0685 84.6719 303.649 755.829 753.71 5.040
2014 06 29 14 32 49.770 FURI -55.418 -28.224 11.9 8.8952 38.6798 2.565 65.9292 84.5597 305.037 757.236 753.68 5.049
2014 07 05 09 39 27.790 FURI 1.933 96.938 20 8.8952 38.6798 2.565 279.201 58.3518 305.13 597.31 593.70 6.977
2014 07 11 19 22 00.820 FURI 37.005 142.452 20 8.8952 38.6798 2.565 285.378 95.5232 303.695 805.894 803.13 4.564
2014 07 11 19 22 05.800 FURI 36.97 142.39 12 8.8952 38.6798 2.565 285.336 95.4845 297.806 800.975 804.29 4.565
2014 07 20 18 32 47.790 FURI 44.641 148.783 61 8.8952 38.6798 2.565 290.53 97.7519 301.736 808.965 807.84 4.502
2014 08 03 08 30 14.300 FURI 27.217 103.458 28 8.8952 38.6798 2.565 266.495 63.5859 304.042 631.762 628.00 6.603
2014 08 10 03 43 18.150 FURI 41.134 142.279 50.6 8.8952 38.6798 2.565 285.607 94.2915 301.66 794.53 793.41 4.589
2014 08 10 03 43 19.50 FURI 41.2 142.206 55.6 8.8952 38.6798 2.565 285.563 94.2207 301.725 793.695 792.50 4.590
2014 09 10 02 46 08.190 FURI -0.224 125.026 39.9 8.8952 38.6798 2.565 278.868 86.4239 303.618 761.447 758.22 4.900
2014 10 07 13 49 41.780 FURI 23.343 100.5 12.8 8.8952 38.6798 2.565 267.196 60.6979 304.294 613.534 610.93 6.816
2014 11 15 02 31 42.240 FURI 1.834 126.462 47.8 8.8952 38.6798 2.565 278.77 87.5296 302.681 764.461 762.65 4.812
2014 11 17 16 52 47.640 FURI -46.407 33.701 12.2 8.8952 38.6798 2.565 5.99234 55.2315 301.871 573.25 574.59 7.193
2014 11 21 10 10 20.780 FURI 2.27 127.03 45.2 8.8952 38.6798 2.565 278.77 88.0246 305.04 769.28 765.33 4.776
2014 11 22 08 55 26.490 FURI 30.314 101.803 2 8.8952 38.6798 2.565 264.073 62.3909 305.153 628.683 624.13 6.692
2014 11 26 14 33 45.180 FURI 1.964 126.465 47.7 8.8952 38.6798 2.565 278.764 87.5129 304.34 766.18 762.58 4.813
2014 12 02 05 11 31.00 FURI 6.157 123.126 614 8.8952 38.6798 2.565 278.247 83.6009 302.356 687.376 685.03 4.927
2014 12 06 22 05 10.730 FURI -6.11 130.482 116 8.8952 38.6798 2.565 278.606 92.7022 303.485 780.774 778.92 4.613
2014 12 10 21 03 39.260 FURI 25.54 122.45 256 8.8952 38.6798 2.565 275.397 80.634 302.699 706.458 704.07 5.288
2014 12 20 09 29 57.490 FURI 37.401 141.553 31.3 8.8952 38.6798 2.565 284.854 94.7271 301.558 799.088 797.82 4.581
2014 12 21 11 34 14.500 FURI 2.051 126.544 71 8.8952 38.6798 2.565 278.763 87.5778 305.618 765.138 760.18 4.803
2014 12 29 09 29 37.390 FURI 8.634 121.521 8 8.8952 38.6798 2.565 277.756 81.6816 305.07 742.699 738.74 5.279
2015 02 13 18 59 13.510 FURI 52.509 -32.02 16.9 8.8952 38.6798 2.565 100.009 71.2644 303.019 680.479 678.24 6.051
2015 02 13 20 06 32.470 FURI 22.61 121.444 30.5 8.8952 38.6798 2.565 275.499 79.9954 303.425 728.974 726.11 5.408
2015 02 16 22 00 54.320 FURI -55.518 -28.229 18.1 8.8952 38.6798 2.565 65.9247 84.6032 305.061 756.76 752.87 5.045
2015 02 16 23 06 28.80 FURI 39.946 143.177 10.8 8.8952 38.6798 2.565 286.109 95.2741 299.59 802.53 803.50 4.570
2015 02 27 13 45 05.640 FURI -7.358 122.49 559.1 8.8952 38.6798 2.565 279.587 85.0588 303.131 699.51 697.12 4.837
2015 03 03 10 37 31.380 FURI -0.719 98.754 33.5 8.8952 38.6798 2.565 280.566 60.5934 304.386 611.025 607.30 6.817
2015 03 17 22 12 30.280 FURI 1.671 126.433 55.7 8.8952 38.6798 2.565 278.776 87.5257 303.461 764.201 761.72 4.811
2015 04 20 01 42 58.10 FURI 24.057 122.431 28.1 8.8952 38.6798 2.565 275.63 80.7587 303.661 733.67 730.55 5.350
2015 04 25 06 11 26.630 FURI 28.13 84.716 13.4 8.8952 38.6798 2.565 255.34 47.3214 303.666 516.055 513.35 7.787
2015 04 25 06 45 21.360 FURI 28.16 84.843 14.7 8.8952 38.6798 2.565 255.399 47.4374 303.754 516.414 514.05 7.777
2015 04 26 07 09 09.310 FURI 27.736 85.978 13.4 8.8952 38.6798 2.565 256.52 48.3091 303.003 522.713 520.99 7.717
2015 05 12 07 05 18.830 FURI 27.801 86.126 12.3 8.8952 38.6798 2.565 256.559 48.4517 302.439 523.628 522.26 7.707
2015 05 12 07 36 53.300 FURI 27.524 86.141 13.8 8.8952 38.6798 2.565 256.807 48.4011 302.56 523.229 521.63 7.710
2015 05 12 21 12 58.600 FURI 38.9 142.021 39.3 8.8952 38.6798 2.565 285.269 94.6945 302.314 797.733 796.60 4.582
2015 05 15 20 26 55.950 FURI -2.566 102.223 158.5 8.8952 38.6798 2.565 281.068 64.344 306.447 623.516 618.73 6.501
2015 05 24 04 53 23.400 FURI -16.814 -14.261 11.7 8.8952 38.6798 2.565 68.0164 58.252 301.65 595.27 594.78 6.982
2015 05 30 11 23 02.850 FURI 27.828 140.493 685.5 8.8952 38.6798 2.565 283.376 96.1898 302.36 738.529 737.14 4.472
2015 05 30 18 49 07.530 FURI 30.793 142.977 10.3 8.8952 38.6798 2.565 284.996 97.5698 303.762 817.252 814.08 4.510
2015 06 04 23 15 45.200 FURI 6.043 116.665 18.1 8.8952 38.6798 2.565 277.734 77.2539 302.188 715.007 712.99 5.611
2015 07 03 01 07 46.210 FURI 37.47 78.12 19 8.8952 38.6798 2.565 241.555 45.5549 300.821 498.63 498.89 7.910
2015 07 03 06 43 22.840 FURI 10.138 125.977 50.8 8.8952 38.6798 2.565 278.249 85.8285 301.393 754.573 753.93 4.947
2015 07 07 05 10 27.860 FURI 43.969 148.004 51.1 8.8952 38.6798 2.565 289.878 97.459 303.404 809.563 807.70 4.511
2015 08 13 10 39 54.310 FURI -37.022 77.953 15.4 8.8952 38.6798 2.565 312.915 58.6597 304.876 600.586 597.78 6.948
2015 09 16 07 40 58.00 FURI 1.88 126.43 41.5 8.8952 38.6798 2.565 278.767 87.491 302.696 765.716 763.20 4.817
2015 09 16 07 40 58.690 FURI 1.884 126.428 41.55 8.8952 38.6798 2.565 278.767 87.4885 302.685 765.014 763.18 4.817
2015 09 18 15 59 42.640 FURI 15.276 -45.988 10 8.8952 38.6798 2.565 82.8043 82.5972 303.923 746.302 743.15 5.212
2015 09 24 15 53 27.00 FURI -0.62 131.26 18 8.8952 38.6798 2.565 278.818 92.6441 304.127 794.147 790.63 4.619
2015 09 24 15 53 27.740 FURI -0.621 131.262 18 8.8952 38.6798 2.565 278.818 92.6462 304.04 793.32 790.64 4.619
2015 10 23 04 04 18.00 FURI -45.81 37.17 10 8.8952 38.6798 2.565 1.83328 54.4711 301.513 568.533 569.46 7.251
2015 10 23 04 04 18.140 FURI -45.814 37.171 10 8.8952 38.6798 2.565 1.83197 54.4751 301.039 567.918 569.49 7.251
2015 10 26 09 09 42.560 FURI 36.524 70.367 231 8.8952 38.6798 2.565 234.188 39.796 296.271 425.681 431.17 8.213
2015 11 04 03 44 15.190 FURI -8.338 124.875 20 8.8952 38.6798 2.565 279.3 87.5495 302.763 768.592 766.56 4.815
2015 11 08 16 47 02.160 FURI 6.843 94.648 10 8.8952 38.6798 2.565 276.07 55.4375 303.526 577.385 574.58 7.197
2015 11 13 20 51 31.30 FURI 31 128.872 12 8.8952 38.6798 2.565 277.7 85.6481 308.293 766.283 758.24 4.975
2015 11 17 07 10 07.300 FURI 38.67 20.6 11 8.8952 38.6798 2.565 146.555 33.8079 305.252 405.971 402.94 8.691
2015 11 21 09 06 13.460 FURI -7.148 129.937 82 8.8952 38.6798 2.565 278.62 92.3213 302.325 782.885 781.15 4.621
2015 12 04 22 25 00.110 FURI -47.616 85.091 35 8.8952 38.6798 2.565 310.238 69.6461 300.411 665.32 666.85 6.150
2015 12 07 07 50 05.950 FURI 38.21 72.779 22 8.8952 38.6798 2.565 235.341 42.3364 304.745 475.815 472.75 8.139
2015 12 09 10 21 48.530 FURI -4.106 129.507 21 8.8952 38.6798 2.565 278.758 91.4415 301.608 785.098 784.62 4.634
2015 12 20 18 47 36.610 FURI 3.645 117.635 14 8.8952 38.6798 2.565 278.293 78.5434 304.408 723.817 720.86 5.514
2015 12 25 19 14 47.190 FURI 36.493 71.126 206 8.8952 38.6798 2.565 235.089 40.2768 302.597 438.426 437.41 8.192
2016 01 03 23 05 22.00 FURI 24.83 93.66 55 8.8952 38.6798 2.565 263.149 54.5926 301.662 563.682 562.68 7.246
2016 01 03 23 05 22.270 FURI 24.803 93.65 55 8.8952 38.6798 2.565 263.163 54.5803 301.694 563.444 562.59 7.247
2016 01 11 16 38 05.910 FURI 3.896 126.856 13 8.8952 38.6798 2.565 278.701 87.6075 303.477 769.586 767.88 4.814
2016 01 11 17 08 03.920 FURI 44.476 141.086 238.81 8.8952 38.6798 2.565 284.978 92.5631 302.306 765.405 763.79 4.610
2016 01 14 03 25 33.640 FURI 41.972 142.781 46 8.8952 38.6798 2.565 286.008 94.4259 301.249 794.628 794.56 4.587
2016 01 25 04 22 02.730 FURI 35.649 -3.681 12 8.8952 38.6798 2.565 114.151 46.8586 303.384 511.674 510.16 7.820
2016 02 05 19 57 27.390 FURI 22.938 120.592 23 8.8952 38.6798 2.565 275.125 79.1822 303.24 725.869 722.78 5.470
2016 02 12 10 02 24.50 FURI -9.633 119.401 28 8.8952 38.6798 2.565 280.342 82.4397 303.348 742.318 739.76 5.217
2016 03 02 12 49 48.110 FURI -4.952 94.329 24 8.8952 38.6798 2.565 283.832 57.1573 303.803 587.712 584.88 7.067
2016 04 06 14 45 29.620 FURI -8.203 107.385 29 8.8952 38.6798 2.565 282.43 70.5212 303.524 674.924 672.16 6.099
2016 04 10 10 28 58.720 FURI 36.472 71.131 212 8.8952 38.6798 2.565 235.115 40.2681 301.212 436.511 436.78 8.190
2016 04 13 13 55 17.800 FURI 23.094 94.865 136 8.8952 38.6798 2.565 264.917 55.5095 303.909 563.129 560.72 7.146
2016 04 13 18 21 52.730 FURI 7.791 122.023 17 8.8952 38.6798 2.565 277.934 82.2882 304.238 743.527 740.45 5.232
2016 04 14 12 26 35.730 FURI 32.788 130.704 9 8.8952 38.6798 2.565 278.535 86.9393 301.844 766.133 765.07 4.872
2016 04 15 16 25 06.220 FURI 32.79 130.754 10 8.8952 38.6798 2.565 278.562 86.9806 301.451 766.25 765.10 4.869
2016 05 28 09 46 59.780 FURI -56.24 -26.935 78 8.8952 38.6798 2.565 64.7618 84.2424 302.099 743.339 743.57 5.057
2016 05 31 05 23 47.310 FURI 25.561 122.545 246.4 8.8952 38.6798 2.565 275.433 80.7175 302.895 707.605 705.54 5.285
2016 06 01 22 56 00.800 FURI -2.096 100.665 50 8.8952 38.6798 2.565 281.051 62.7266 304.197 622.417 619.85 6.651
2016 06 05 16 25 33.540 FURI -4.587 125.626 429.62 8.8952 38.6798 2.565 279.058 87.692 302.201 722.68 721.64 4.687
2016 06 07 19 15 15.330 FURI 1.278 126.371 31 8.8952 38.6798 2.565 278.792 87.524 302.289 765.979 764.71 4.817
2016 06 09 04 13 08.130 FURI -11.248 116.266 19 8.8952 38.6798 2.565 281.245 79.7106 302.607 728.496 726.60 5.427
2016 06 21 16 26 34.420 FURI 22.658 -45.14 10 8.8952 38.6798 2.565 84.121 80.9611 302.439 736.038 734.48 5.338
2016 06 26 11 17 11.280 FURI 39.479 73.338 13 8.8952 38.6798 2.565 234.84 43.4196 305.364 487.104 482.91 8.064
2016 08 19 07 32 22.730 FURI -55.279 -31.874 10 8.8952 38.6798 2.565 68.9986 86.4317 304.617 765.906 763.26 4.897
2016 08 21 03 45 23.740 FURI -55.277 -31.754 10 8.8952 38.6798 2.565 68.8988 86.3669 308.809 770.089 762.95 4.902
2016 08 23 19 39 44.660 FURI -7.28 122.425 532.4 8.8952 38.6798 2.565 279.589 84.9823 302.681 701.04 699.15 4.854
2016 08 24 01 36 32.870 FURI 42.723 13.187 4.44 8.8952 38.6798 2.565 139.029 40.4377 301.804 459.954 460.13 8.273
2016 08 24 10 34 54.580 FURI 20.922 94.568 82 8.8952 38.6798 2.565 266.285 55.0688 302.263 564.703 563.24 7.198
2016 08 29 04 29 57.880 FURI -0.047 -17.829 10 8.8952 38.6798 2.565 79.4107 56.9662 310.988 595.127 585.59 7.086
2016 09 20 16 21 16.550 FURI 30.501 142.047 9 8.8952 38.6798 2.565 284.463 96.8686 302.85 813.32 811.14 4.530
2016 09 23 00 14 34.700 FURI 34.461 141.636 10 8.8952 38.6798 2.565 284.649 95.5395 301.939 806.258 804.90 4.564
2016 09 23 22 53 10.400 FURI 6.571 126.491 65 8.8952 38.6798 2.565 278.543 86.8496 305.048 761.668 757.32 4.862
2016 10 19 00 26 01.90 FURI -4.862 108.162 614 8.8952 38.6798 2.565 281.14 70.5992 303.256 617.186 614.93 5.862
2016 10 21 05 07 23.10 FURI 35.367 133.814 5.7 8.8952 38.6798 2.565 280.168 89.069 303.265 779.274 775.78 4.705
2016 10 26 19 18 08.320 FURI 42.934 13.043 10 8.8952 38.6798 2.565 138.999 40.6664 302.372 462.071 461.15 8.256
2016 10 30 06 40 19.200 FURI 42.854 13.088 10 8.8952 38.6798 2.565 138.998 40.5843 302.161 460.981 460.47 8.261
2016 11 21 20 59 49.10 FURI 37.391 141.402 11.35 8.8952 38.6798 2.565 284.759 94.6134 302.144 802.153 800.42 4.585
2016 11 25 14 24 30.590 FURI 39.23 74.02 17 8.8952 38.6798 2.565 235.802 43.713 302.315 485.745 484.63 8.042
2016 12 05 01 13 04.880 FURI -7.315 123.38 526 8.8952 38.6798 2.565 279.459 85.9224 304.311 707.45 704.26 4.787
2016 12 06 22 03 33.390 FURI 5.283 96.167 13 8.8952 38.6798 2.565 277.141 57.1165 304.324 589.903 586.10 7.074
2016 12 21 00 17 14.990 FURI -7.508 127.92 152 8.8952 38.6798 2.565 278.86 90.3981 303.441 765.471 764.09 4.639
2016 12 29 22 30 19.300 FURI -9.027 118.663 79 8.8952 38.6798 2.565 280.396 81.6149 300.48 729.2 729.35 5.261
2017 01 10 06 13 47.250 FURI 4.463 122.575 612.71 8.8952 38.6798 2.565 278.397 83.3015 301.454 684.224 683.68 4.950
2017 03 14 02 51 16.850 FURI 6.129 92.316 10 8.8952 38.6798 2.565 276.497 53.2116 303.079 560.248 558.38 7.362
2017 04 03 17 40 18.560 FURI -22.678 25.155 29 8.8952 38.6798 2.565 24.3687 34.061 302.243 402.703 403.21 8.666
2017 04 05 06 09 12.460 FURI 35.799 60.436 13 8.8952 38.6798 2.565 221.804 33.3295 302.634 399.1935 398.32 8.723
2017 04 28 20 23 17.260 FURI 5.504 125.071 26 8.8952 38.6798 2.565 278.478 85.6097 301.169 756.928 756.04 4.972
2017 05 03 04 47 13.190 FURI 39.499 71.451 10 8.8952 38.6798 2.565 232.696 42.2535 301.201 474.03 473.96 8.147
2017 05 09 01 54 14.530 FURI 24.449 126.318 10 8.8952 38.6798 2.565 277.115 84.2414 304.005 754.495 751.55 5.087
2017 05 10 23 23 37.270 FURI -56.427 -25.782 17.39 8.8952 38.6798 2.565 63.757 83.7454 303.504 751.254 748.66 5.112
2017 05 20 01 06 14.230 FURI 9.384 123.958 533 8.8952 38.6798 2.565 278.001 83.9642 303.582 697.371 693.95 4.934
2017 05 29 14 35 21.510 FURI -1.287 120.433 12 8.8952 38.6798 2.565 279.106 82.0521 303.719 743.228 740.13 5.246
2017 06 12 12 28 39.70 FURI 38.915 26.371 12 8.8952 38.6798 2.565 156.486 31.8688 303.353 387.3025 385.94 8.785
2017 07 06 08 03 57.220 FURI 11.111 124.619 6.96 8.8952 38.6798 2.565 277.935 84.3707 303.301 755.1 752.82 5.076
2017 07 26 10 32 57.430 FURI 26.897 130.183 12 8.8952 38.6798 2.565 278.569 87.3649 302.731 768.321 766.68 4.837
2017 07 27 17 53 24.610 FURI 13.396 -49.325 10 8.8952 38.6798 2.565 81.8418 86.0525 303.448 762.857 760.71 4.940
2017 08 08 13 19 49.540 FURI 33.192 103.855 9 8.8952 38.6798 2.565 263.812 64.4327 305.813 641.292 636.51 6.547
2017 08 08 23 27 53.80 FURI 44.301 82.826 20 8.8952 38.6798 2.565 240.89 51.973 302.499 549.438 548.03 7.445
2017 08 11 05 28 25.720 FURI 13.998 120.678 172 8.8952 38.6798 2.565 276.764 80.1864 302.309 712.608 710.97 5.350
2017 08 13 03 08 10.560 FURI -3.768 101.622 31 8.8952 38.6798 2.565 281.725 63.9916 305.513 634.973 630.44 6.571
2017 08 18 02 59 21.950 FURI -1.09 -13.663 10 8.8952 38.6798 2.565 78.0899 53.0818 304.469 560.538 557.54 7.370
2017 08 31 17 06 55.750 FURI -1.159 99.688 43.14 8.8952 38.6798 2.565 280.693 61.5919 305.802 617.072 612.99 6.739
2017 09 03 03 30 01.770 FURI 41.334 129.03 0 8.8952 38.6798 2.565 276.905 84.461 302.363 755.613 754.23 5.073
2017 09 04 08 07 35.380 FURI -57.788 -25.578 35 8.8952 38.6798 2.565 63.4524 84.2524 306.275 752.914 748.61 5.068
2017 09 07 17 26 49.320 FURI 27.782 139.804 451 8.8952 38.6798 2.565 283.037 95.6061 301.635 756.334 755.67 4.521
2017 09 20 16 37 16.360 FURI 37.981 144.66 11 8.8952 38.6798 2.565 286.872 96.9398 303.012 813.671 811.04 4.528
2017 10 10 18 53 27.840 FURI -54.258 8.605 9 8.8952 38.6798 2.565 32.3238 67.833 308.608 665.788 659.75 6.284
2017 10 24 10 47 47.540 FURI -7.236 123.04 549.19 8.8952 38.6798 2.565 279.5 85.5768 303.204 702.683 700.50 4.803
2017 10 31 11 50 50.410 FURI -3.74 127.765 18.47 8.8952 38.6798 2.565 278.877 89.6683 302.183 777.743 776.79 4.650
2017 11 11 00 36 14.980 FURI -11.742 -14.114 10 8.8952 38.6798 2.565 70.9825 56.3509 305.74 585.779 581.50 7.129
2017 11 17 22 34 19.500 FURI 29.832 94.977 8 8.8952 38.6798 2.565 260.477 56.4639 301.833 583.353 582.29 7.124
2017 11 30 06 32 50.760 FURI -1.08 -23.432 10 8.8952 38.6798 2.565 79.4763 62.662 303.138 626.397 624.78 6.667
2017 12 13 18 03 42.790 FURI -54.217 2.168 10 8.8952 38.6798 2.565 38.7319 69.9952 308.894 679.123 672.93 6.130
2017 12 15 16 47 58.230 FURI -7.492 108.174 90 8.8952 38.6798 2.565 282.026 71.1356 302.778 670.567 668.88 6.036
2018 01 11 18 26 24.230 FURI 18.362 96.077 9 8.8952 38.6798 2.565 268.567 56.3758 301.546 582.335 581.42 7.132
2018 01 24 10 51 19.90 FURI 41.103 142.432 31 8.8952 38.6798 2.565 285.708 94.4112 300.993 796.923 796.38 4.588
2018 01 28 16 03 03.970 FURI -53.062 9.684 10 8.8952 38.6798 2.565 31.4938 66.4763 303.564 651.613 651.02 6.381
2018 01 31 07 07 00.230 FURI 36.543 70.815 191.19 8.8952 38.6798 2.565 234.686 40.1005 302.218 438.008 437.37 8.213
2018 02 26 13 34 53.750 FURI -2.762 126.727 9.91 8.8952 38.6798 2.565 278.923 88.4941 304.456 775.726 772.70 4.745
2018 03 25 20 14 47.710 FURI -6.624 129.813 169 8.8952 38.6798 2.565 278.654 92.1214 302.033 770.343 770.11 4.619
2018 04 15 19 30 43.200 FURI 1.408 126.875 34 8.8952 38.6798 2.565 278.795 88.0022 305.66 771.479 766.56 4.780
2018 04 19 21 09 17.00 FURI -42.779 42.187 10 8.8952 38.6798 2.565 355.572 51.5236 302.732 547.752 547.76 7.466
2018 05 05 06 19 05.40 FURI 14.57 123.919 18 8.8952 38.6798 2.565 277.42 83.2343 301.548 746.527 745.14 5.165
2018 05 09 10 41 45.920 FURI 36.991 71.383 116 8.8952 38.6798 2.565 234.904 40.731 302.087 450.187 449.82 8.206
2018 07 28 17 07 23.370 FURI -7.122 122.747 577.48 8.8952 38.6798 2.565 279.532 85.2713 302.583 698.233 696.50 4.814
2018 07 28 22 47 38.740 FURI -8.239 116.508 14 8.8952 38.6798 2.565 280.654 79.3768 301.754 726.034 725.57 5.453
2018 08 05 11 46 38.190 FURI -8.259 116.436 31 8.8952 38.6798 2.565 280.671 79.3104 300.953 722.782 722.62 5.455
2018 08 14 03 29 53.440 FURI -58.11 -25.258 35 8.8952 38.6798 2.565 63.1449 84.2451 302.568 749.147 748.57 5.068
2018 08 17 15 35 01.870 FURI -7.426 119.834 529 8.8952 38.6798 2.565 279.983 82.4744 302.41 687.56 687.05 5.050
2018 08 19 04 10 23.490 FURI -8.329 116.598 21.41 8.8952 38.6798 2.565 280.655 79.4809 301.768 725.298 724.94 5.444
2018 08 19 14 56 28.30 FURI -8.33 116.631 25.21 8.8952 38.6798 2.565 280.649 79.5131 301.142 725.132 724.56 5.441
2018 09 05 18 07 59.150 FURI 42.686 141.929 35 8.8952 38.6798 2.565 285.473 93.6243 305.642 797.512 792.17 4.603
2018 09 18 07 27 41.330 FURI -37.811 49.782 10 8.8952 38.6798 2.565 345.07 47.6082 301.592 516.281 517.88 7.753
2018 09 28 10 02 43.480 FURI -0.178 119.84 10 8.8952 38.6798 2.565 278.968 81.2935 303.149 738.688 736.45 5.308
2018 10 10 18 44 55.280 FURI -7.453 114.455 9 8.8952 38.6798 2.565 280.852 77.2327 302.17 715.91 714.53 5.612
2018 10 13 11 10 22.400 FURI 52.854 153.242 461 8.8952 38.6798 2.565 295.036 97.2928 303.849 765.469 762.02 4.473
2018 10 25 22 54 52.590 FURI 37.514 20.563 14 8.8952 38.6798 2.565 145.515 32.8669 300.985 393.4145 394.25 8.743
2018 11 04 07 55 28.10 FURI 7.751 123.864 581 8.8952 38.6798 2.565 278.156 84.1001 301.089 691.098 690.35 4.903
2018 11 09 01 49 40.60 FURI 71.626 -11.25 10 8.8952 38.6798 2.565 126.254 69.6711 300.93 669.89 669.79 6.165
2018 11 11 14 03 59.560 FURI 15.565 -49.871 10 8.8952 38.6798 2.565 81.8543 86.2703 306.666 767.126 761.77 4.922
2015 09 16 22 54 32.860 KOWA -31.572 -71.674 22.44 14.4967 -4.014 0.3163 65.7194 79.3603 298.736 721.895 724.71 5.445
2015 09 16 23 18 41.850 KOWA -31.562 -71.426 28.41 14.4967 -4.014 0.3163 65.5753 79.1634 299.847 720.992 722.77 5.458
2015 09 17 03 55 15.430 KOWA -31.424 -71.687 27 14.4967 -4.014 0.3163 65.7523 79.3098 299.341 721.931 723.77 5.448
2015 09 17 04 10 27.00 KOWA -31.52 -71.81 23 14.4967 -4.014 0.3163 65.8079 79.4449 299.914 723.909 725.09 5.439
2015 09 17 04 10 27.780 KOWA -31.517 -71.804 23 14.4967 -4.014 0.3163 65.8049 79.439 299.967 723.182 725.06 5.439
2015 09 18 15 59 42.640 KOWA 15.276 -45.988 10 14.4967 -4.014 0.3163 85.4509 40.5279 297.503 455.883 459.08 8.272
2015 09 19 05 06 47.500 KOWA -29.641 -72.077 6 14.4967 -4.014 0.3163 66.2885 78.895 301.38 724.9 724.80 5.482
2015 09 19 12 52 20.00 KOWA -32.33 -72.07 18 14.4967 -4.014 0.3163 65.8275 79.9774 298.618 726.638 728.75 5.400
2015 09 19 12 52 20.920 KOWA -32.333 -72.062 18 14.4967 -4.014 0.3163 65.8222 79.9725 298.697 725.796 728.72 5.400
2015 09 21 05 39 34.00 KOWA -31.58 -71.74 30 14.4967 -4.014 0.3163 65.7567 79.415 300.089 723.109 723.91 5.439
2015 09 21 05 39 34.910 KOWA -31.575 -71.743 30 14.4967 -4.014 0.3163 65.7593 79.4153 300.046 722.155 723.91 5.439
2015 09 21 17 40 00.60 KOWA -31.727 -71.379 35 14.4967 -4.014 0.3163 65.519 79.195 300.431 721.391 721.98 5.454
2015 09 22 07 13 00.00 KOWA -31.44 -71.26 58 14.4967 -4.014 0.3163 65.4991 78.9839 299.108 716.128 718.21 5.463
2015 09 22 07 13 00.520 KOWA -31.444 -71.265 58 14.4967 -4.014 0.3163 65.5013 78.9895 298.968 715.468 718.24 5.463
2015 09 26 02 51 18.830 KOWA -30.814 -71.321 46 14.4967 -4.014 0.3163 65.6464 78.7735 298.55 714.74 718.41 5.482
2015 09 28 15 28 05.00 KOWA -23.8 -66.6 219 14.4967 -4.014 0.3163 64.6799 72.0224 300.968 659.988 660.57 5.921
2015 10 23 04 04 18.00 KOWA -45.81 37.17 10 14.4967 -4.014 0.3163 317.456 70.6053 300.088 675.108 676.81 6.082
2015 10 23 04 04 18.140 KOWA -45.814 37.171 10 14.4967 -4.014 0.3163 317.456 70.6087 301.497 676.376 676.83 6.082
2015 10 26 09 09 42.560 KOWA 36.524 70.367 231 14.4967 -4.014 0.3163 272.814 69.0555 293.276 632.711 640.38 6.143
2015 11 07 07 31 43.870 KOWA -30.879 -71.451 46 14.4967 -4.014 0.3163 65.7102 78.9021 297.996 715.146 719.11 5.473
2015 11 11 01 54 38.570 KOWA -29.506 -72.006 12 14.4967 -4.014 0.3163 66.273 78.7842 300.489 721.938 723.20 5.489
2015 11 11 02 46 19.830 KOWA -29.509 -72.058 10 14.4967 -4.014 0.3163 66.3015 78.827 300.281 722.471 723.77 5.486
2015 11 17 07 10 07.300 KOWA 38.67 20.6 11 14.4967 -4.014 0.3163 228.795 32.4252 300.278 388.9975 390.39 8.766
2015 11 24 22 45 38.880 KOWA -10.537 -70.943 606.21 14.4967 -4.014 0.3163 70.6134 70.85 299.509 614.648 617.23 5.846
2015 11 24 22 50 54.370 KOWA -10.059 -71.018 620.56 14.4967 -4.014 0.3163 70.7913 70.7627 299.392 614.017 615.55 5.845
2015 11 26 05 45 18.400 KOWA -9.182 -71.257 602.75 14.4967 -4.014 0.3163 71.1458 70.7014 298.001 613.621 616.61 5.859
2015 11 27 21 00 22.920 KOWA -24.828 -70.6 34 14.4967 -4.014 0.3163 66.485 75.7681 298.15 699.249 702.89 5.703
2015 12 07 07 50 05.950 KOWA 38.21 72.779 22 14.4967 -4.014 0.3163 273.62 70.8799 298.526 672.595 674.80 6.081
2015 12 17 19 49 53.50 KOWA 15.8 -93.629 85 14.4967 -4.014 0.3163 76.2104 85.7806 296.213 745.183 749.58 4.944
2015 12 25 19 14 47.190 KOWA 36.493 71.126 206 14.4967 -4.014 0.3163 273.263 69.6678 297.23 644.059 646.76 6.108
2016 01 03 23 05 22.00 KOWA 24.83 93.66 55 14.4967 -4.014 0.3163 286.264 90.7815 299.124 776.144 776.73 4.639
2016 01 03 23 05 22.270 KOWA 24.803 93.65 55 14.4967 -4.014 0.3163 286.259 90.7803 299.238 775.988 776.72 4.639
2016 03 19 11 26 33.230 KOWA 17.996 -60.701 26 14.4967 -4.014 0.3163 84.8196 54.364 300.175 563.964 564.22 7.275
2016 04 10 10 28 58.720 KOWA 36.472 71.131 212 14.4967 -4.014 0.3163 273.273 69.673 296.571 641.87 646.16 6.105
2016 04 13 13 55 17.800 KOWA 23.094 94.865 136 14.4967 -4.014 0.3163 286.714 92.3292 301.97 775.19 774.45 4.619
2016 04 15 14 11 26.430 KOWA 13.4 -92.367 22.41 14.4967 -4.014 0.3163 76.3199 85.1601 300.879 754.469 754.17 5.013
2016 04 16 23 58 36.980 KOWA 0.381 -79.921 20.59 14.4967 -4.014 0.3163 75.2579 76.2621 300.283 706.322 707.07 5.679
2016 04 20 08 33 47.330 KOWA 0.639 -80.21 14 14.4967 -4.014 0.3163 75.3332 76.4766 299.091 707.781 709.35 5.666
2016 04 22 03 03 41.720 KOWA -0.292 -80.503 10 14.4967 -4.014 0.3163 75.1391 76.9956 299 710.299 712.96 5.630
2016 04 25 07 07 08.600 KOWA 14.479 -93.15 16 14.4967 -4.014 0.3163 76.2308 85.6441 300.17 756.589 757.59 4.974
2016 04 27 12 51 19.440 KOWA 14.517 -93.088 16 14.4967 -4.014 0.3163 76.248 85.5768 300.756 757.335 757.26 4.980
2016 05 18 07 57 02.650 KOWA 0.426 -79.789 16 14.4967 -4.014 0.3163 75.2612 76.1231 297.871 704.241 707.02 5.687
2016 05 18 16 46 43.860 KOWA 0.494 -79.616 29.95 14.4967 -4.014 0.3163 75.2679 75.9386 299.317 701.476 703.87 5.698
2016 05 28 09 46 59.780 KOWA -56.24 -26.935 78 14.4967 -4.014 0.3163 23.2266 73.0417 297.888 678.128 682.96 5.883
2016 06 10 03 25 22.920 KOWA 12.831 -86.963 10 14.4967 -4.014 0.3163 77.3136 80.1625 300.642 729.741 730.19 5.400
2016 08 19 07 32 22.730 KOWA -55.279 -31.874 10 14.4967 -4.014 0.3163 28.1866 73.3852 300.038 691.327 693.59 5.877
2016 08 21 03 45 23.740 KOWA -55.277 -31.754 10 14.4967 -4.014 0.3163 28.0704 73.3511 300.533 690.813 693.39 5.880
2016 08 24 01 36 32.870 KOWA 42.723 13.187 4.44 14.4967 -4.014 0.3163 212.936 31.7908 299.831 383.9805 386.06 8.791
2016 08 24 10 34 54.580 KOWA 20.922 94.568 82 14.4967 -4.014 0.3163 286.509 92.683 302.519 783.959 782.42 4.617
2016 09 10 10 08 20.20 KOWA -5.573 -76.953 121 14.4967 -4.014 0.3163 73.4585 74.9985 299.1 687.1 688.18 5.740
2016 09 14 01 58 31.570 KOWA 7.373 -76.168 18 14.4967 -4.014 0.3163 77.2344 70.9668 300.507 675.956 676.25 6.071
2017 02 21 14 09 04.320 KOWA -19.281 -63.904 595.98 14.4967 -4.014 0.3163 64.7898 67.8319 300.757 599.456 600.36 6.057
2017 04 03 17 40 18.560 KOWA -22.678 25.155 29 14.4967 -4.014 0.3163 319.564 46.704 299.847 505.307 507.57 7.816
2017 04 15 08 19 43.400 KOWA -23.27 -67.765 155 14.4967 -4.014 0.3163 65.4373 72.7694 299.885 670.505 671.89 5.889
2017 04 24 21 38 30.840 KOWA -33.029 -72.045 28 14.4967 -4.014 0.3163 65.7017 80.2443 299.342 726.522 728.70 5.377
2017 05 10 23 23 37.270 KOWA -56.427 -25.782 17.39 14.4967 -4.014 0.3163 22.0657 72.9675 300.366 688.116 689.95 5.906
2017 05 12 10 41 26.380 KOWA 12.91 -90.056 10 14.4967 -4.014 0.3163 76.7399 83.0842 299.478 744.117 745.63 5.179
2017 06 12 12 28 39.70 KOWA 38.915 26.371 12 14.4967 -4.014 0.3163 236.144 36.1525 301.483 422.433 422.41 8.554
2017 06 14 07 29 05.630 KOWA 14.982 -91.988 94 14.4967 -4.014 0.3163 76.5437 84.4337 296.042 737.431 741.83 5.051
2017 06 22 12 31 04.490 KOWA 13.752 -90.948 46.82 14.4967 -4.014 0.3163 76.6527 83.7366 301.332 743.862 743.75 5.119
2017 06 30 22 29 45.110 KOWA -0.288 -80.493 13 14.4967 -4.014 0.3163 75.1394 76.9849 297.816 709.725 712.41 5.630
2017 07 18 02 05 19.870 KOWA -16.42 -73.629 44.92 14.4967 -4.014 0.3163 69.8295 75.2911 299.495 696.645 698.69 5.739
2017 07 20 22 31 11.240 KOWA 36.924 27.413 7 14.4967 -4.014 0.3163 239.706 35.7952 299.72 418.5 420.05 8.575
2017 07 27 17 53 24.610 KOWA 13.396 -49.325 10 14.4967 -4.014 0.3163 82.9415 43.9354 299.374 484.784 486.87 8.033
2017 09 04 08 07 35.380 KOWA -57.788 -25.578 35 14.4967 -4.014 0.3163 21.7144 74.1923 299.866 692.505 694.52 5.811
2017 09 19 18 14 38.430 KOWA 18.567 -98.48 51 14.4967 -4.014 0.3163 74.9393 89.5883 300.536 771.126 771.76 4.654
2017 09 23 12 53 02.420 KOWA 16.773 -94.95 9.62 14.4967 -4.014 0.3163 75.9231 86.779 300.113 763.712 764.21 4.884
2017 10 10 06 32 20.800 KOWA -18.521 -69.641 82.43 14.4967 -4.014 0.3163 67.6781 72.4993 299.092 675.312 678.25 5.934
2017 10 10 18 53 27.840 KOWA -54.258 8.605 9 14.4967 -4.014 0.3163 346.928 69.3221 304.072 670.252 669.40 6.172
2014 01 25 05 14 20.520 KMBO -8.044 109.222 87.8 -1.1271 37.2525 1.93 271.426 71.9905 302.633 676.133 674.13 5.974
2014 01 26 13 55 43.330 KMBO 38.191 20.507 13.8 -1.1271 37.2525 1.93 154.535 42.0657 302.86 473.549 472.71 8.152
2014 02 01 03 58 45.70 KMBO -56.933 -27.345 142.9 -1.1271 37.2525 1.93 68.9276 75.4362 301.546 689.495 688.41 5.697
2014 02 03 03 08 46.330 KMBO 38.255 20.436 14.5 -1.1271 37.2525 1.93 154.466 42.1474 302.135 472.824 473.27 8.146
2014 02 12 09 19 48.420 KMBO 35.876 82.58 4.1 -1.1271 37.2525 1.93 239.073 55.9804 299.868 578.467 580.18 7.154
2014 02 18 09 27 14.830 KMBO 14.596 -58.971 28.3 -1.1271 37.2525 1.93 89.5258 96.3053 303.323 807.513 805.85 4.542
2014 03 02 20 11 22.710 KMBO 27.423 127.327 118.9 -1.1271 37.2525 1.93 269.039 90.5791 301.598 768.908 768.73 4.639
2014 03 11 02 44 06.280 KMBO -60.843 -20.118 10 -1.1271 37.2525 1.93 61.3273 73.678 304.151 696.891 694.27 5.869
2014 03 13 17 06 51.00 KMBO 33.622 131.807 83.4 -1.1271 37.2525 1.93 271.578 94.417 298.312 788.332 790.56 4.583
2014 03 21 13 41 09.860 KMBO 7.68 94.225 19.3 -1.1271 37.2525 1.93 263.756 57.485 302.583 588.742 587.77 7.045
2014 04 15 03 57 01.840 KMBO -53.609 8.709 10 -1.1271 37.2525 1.93 34.5546 57.3817 300.129 587.309 589.51 7.045
2014 05 05 11 08 45.650 KMBO 19.615 99.703 15.2 -1.1271 37.2525 1.93 258.974 64.5705 300.208 635.578 636.66 6.533
2014 05 18 01 02 31.860 KMBO 4.24 92.737 32.9 -1.1271 37.2525 1.93 265.759 55.6979 300.302 572.461 573.12 7.173
2014 05 21 16 21 54.220 KMBO 18.24 88.064 45.1 -1.1271 37.2525 1.93 254.486 53.5356 300.546 555.345 556.32 7.323
2014 05 24 09 25 03.190 KMBO 40.276 25.369 8.2 -1.1271 37.2525 1.93 162.296 42.6121 303.492 479.321 478.13 8.115
2014 06 14 11 11 03.260 KMBO -10.113 91.038 23.1 -1.1271 37.2525 1.93 275.932 54.1936 300.303 563.062 563.63 7.286
2014 06 29 07 52 56.840 KMBO -55.475 -28.395 15.1 -1.1271 37.2525 1.93 70.207 75.4758 303.235 705.415 703.76 5.734
2014 07 05 09 39 27.790 KMBO 1.933 96.938 20 -1.1271 37.2525 1.93 267.583 59.7541 303.282 605.462 603.42 6.882
2014 08 18 02 32 04.100 KMBO 32.711 47.638 10 -1.1271 37.2525 1.93 198.287 35.0578 304.824 416.744 414.50 8.611
2014 08 18 18 08 22.750 KMBO 32.582 47.703 5 -1.1271 37.2525 1.93 198.454 34.953 304.374 415.644 414.37 8.619
2014 09 10 02 46 08.190 KMBO -0.224 125.026 39.9 -1.1271 37.2525 1.93 268.888 87.7696 302.944 766.773 764.74 4.796
2014 10 07 13 49 41.780 KMBO 23.343 100.5 12.8 -1.1271 37.2525 1.93 257.662 66.0493 302.354 647.594 646.67 6.425
2014 11 15 02 31 42.240 KMBO 1.834 126.462 47.8 -1.1271 37.2525 1.93 268.856 89.2456 301.896 771.676 770.82 4.678
2014 11 17 16 52 47.640 KMBO -46.407 33.701 12.2 -1.1271 37.2525 1.93 5.00712 45.2026 301.244 496.624 498.25 7.928
2014 11 21 10 10 20.780 KMBO 2.27 127.03 45.2 -1.1271 37.2525 1.93 268.873 89.8218 304.113 776.353 773.80 4.643
2014 11 22 08 55 26.490 KMBO 30.314 101.803 2 -1.1271 37.2525 1.93 255.548 68.7948 301.786 666.316 665.88 6.229
2014 11 22 13 08 18.340 KMBO 36.638 137.891 9.9 -1.1271 37.2525 1.93 275.462 99.211 300.506 821.186 821.79 4.459
2014 11 26 14 33 45.180 KMBO 1.964 126.465 47.7 -1.1271 37.2525 1.93 268.854 89.2512 302.862 772.702 770.85 4.677
2015 09 18 15 59 42.640 KMBO 15.276 -45.988 10 -1.1271 37.2525 1.93 92.8639 83.7735 302.2 750.579 749.41 5.121
2015 09 24 15 53 27.00 KMBO -0.62 131.26 18 -1.1271 37.2525 1.93 268.835 93.9944 301.408 797.428 796.85 4.595
2015 09 24 15 53 27.740 KMBO -0.621 131.262 18 -1.1271 37.2525 1.93 268.835 93.9964 301.593 796.873 796.86 4.595
2015 10 23 04 04 18.00 KMBO -45.81 37.17 10 -1.1271 37.2525 1.93 0.117686 44.4981 299.333 490.353 493.00 7.981
2015 10 23 04 04 18.140 KMBO -45.814 37.171 10 -1.1271 37.2525 1.93 0.116247 44.5021 299.316 490.196 493.03 7.980
2015 10 26 09 09 42.560 KMBO 36.524 70.367 231 -1.1271 37.2525 1.93 226.853 48.4728 293.085 491.495 500.33 7.599
2015 11 04 03 44 15.190 KMBO -8.338 124.875 20 -1.1271 37.2525 1.93 269.234 87.4863 300.781 766.61 766.16 4.822
2015 11 08 16 47 02.160 KMBO 6.843 94.648 10 -1.1271 37.2525 1.93 264.361 57.8164 302 592.859 591.59 7.022
2015 11 13 20 51 31.30 KMBO 31 128.872 12 -1.1271 37.2525 1.93 269.868 91.9643 306.088 794.078 788.51 4.628
2015 11 17 07 10 07.300 KMBO 38.67 20.6 11 -1.1271 37.2525 1.93 154.89 42.4669 303.992 477.711 476.42 8.125
2015 11 21 09 06 13.460 KMBO -7.148 129.937 82 -1.1271 37.2525 1.93 268.556 92.5249 301.925 782.485 782.01 4.618
2015 12 04 22 25 00.110 KMBO -47.616 85.091 35 -1.1271 37.2525 1.93 302.983 62.0678 299.768 615.677 617.67 6.699
2015 12 07 07 50 05.950 KMBO 38.21 72.779 22 -1.1271 37.2525 1.93 228.356 51.0266 302.462 541.532 541.29 7.508
2015 12 09 10 21 48.530 KMBO -4.106 129.507 21 -1.1271 37.2525 1.93 268.722 92.1687 299.865 786.355 787.94 4.626
2015 12 20 18 47 36.610 KMBO 3.645 117.635 14 -1.1271 37.2525 1.93 268.254 80.4754 300.779 731.188 731.42 5.372
2015 12 25 19 14 47.190 KMBO 36.493 71.126 206 -1.1271 37.2525 1.93 227.687 48.901 300.938 504.767 505.99 7.580
2016 01 03 23 05 22.00 KMBO 24.83 93.66 55 -1.1271 37.2525 1.93 253.369 60.3651 299.302 602.322 603.64 6.823
2016 01 03 23 05 22.270 KMBO 24.803 93.65 55 -1.1271 37.2525 1.93 253.378 60.3487 299.095 601.845 603.53 6.824
2016 01 11 16 38 05.910 KMBO 3.896 126.856 13 -1.1271 37.2525 1.93 268.856 89.68 302.106 778.215 777.73 4.651
2016 01 25 04 22 02.730 KMBO 35.649 -3.681 12 -1.1271 37.2525 1.93 124.735 52.8547 302.366 556.656 556.28 7.379
2016 02 05 19 57 27.390 KMBO 22.938 120.592 23 -1.1271 37.2525 1.93 266.373 84.2994 303.347 751.976 750.01 5.075
2016 02 12 10 02 24.50 KMBO -9.633 119.401 28 -1.1271 37.2525 1.93 270.199 82.0721 301.71 738.68 737.71 5.242
2016 02 17 17 26 02.320 KMBO 0.845 129.072 10 -1.1271 37.2525 1.93 268.907 91.8354 301.588 789.287 788.23 4.630
2016 03 02 12 49 48.110 KMBO -4.952 94.329 24 -1.1271 37.2525 1.93 271.852 57.1058 301.115 585.024 584.38 7.072
2016 04 06 14 45 29.620 KMBO -8.203 107.385 29 -1.1271 37.2525 1.93 271.756 70.1767 301.813 670.213 669.91 6.126
2016 04 10 10 28 58.720 KMBO 36.472 71.131 212 -1.1271 37.2525 1.93 227.706 48.8899 299.485 502.784 505.32 7.578
2016 04 13 13 55 17.800 KMBO 23.094 94.865 136 -1.1271 37.2525 1.93 254.96 60.9541 301.861 599.081 598.88 6.748
2016 04 13 18 21 52.730 KMBO 7.791 122.023 17 -1.1271 37.2525 1.93 268.18 84.9706 299.742 753.031 754.30 5.025
2016 05 28 09 46 59.780 KMBO -56.24 -26.935 78 -1.1271 37.2525 1.93 68.7356 74.9738 301.907 693.147 693.06 5.753
2016 05 31 05 23 47.310 KMBO 25.561 122.545 246.4 -1.1271 37.2525 1.93 266.963 86.2312 301.435 734.145 733.78 4.857
2016 06 01 22 56 00.800 KMBO -2.096 100.665 50 -1.1271 37.2525 1.93 269.79 63.3914 301.006 624.226 624.19 6.609
2016 06 05 16 25 33.540 KMBO -4.587 125.626 429.62 -1.1271 37.2525 1.93 269.013 88.29 300.333 723.812 724.37 4.643
2016 06 07 19 15 15.330 KMBO 1.278 126.371 31 -1.1271 37.2525 1.93 268.861 89.1437 300.876 772.566 772.43 4.690
2016 06 09 04 13 08.130 KMBO -11.248 116.266 19 -1.1271 37.2525 1.93 271.037 79.0055 300.581 722.47 722.60 5.480
2016 06 21 16 26 34.420 KMBO 22.658 -45.14 10 -1.1271 37.2525 1.93 93.9683 83.4089 301.331 747.93 747.56 5.150
2016 06 26 11 17 11.280 KMBO 39.479 73.338 13 -1.1271 37.2525 1.93 228.186 52.1958 300.862 550.602 551.42 7.423
2016 08 19 07 32 22.730 KMBO -55.279 -31.874 10 -1.1271 37.2525 1.93 73.2598 77.2997 303.3 716.589 714.89 5.605
2016 08 21 03 45 23.740 KMBO -55.277 -31.754 10 -1.1271 37.2525 1.93 73.1574 77.2334 303.74 717.02 714.52 5.610
2016 08 23 19 39 44.660 KMBO -7.28 122.425 532.4 -1.1271 37.2525 1.93 269.494 85.0705 301.231 699.59 699.49 4.849
2016 08 24 01 36 32.870 KMBO 42.723 13.187 4.44 -1.1271 37.2525 1.93 147.154 48.7367 300.495 524.645 526.93 7.676
2016 08 24 10 34 54.580 KMBO 20.922 94.568 82 -1.1271 37.2525 1.93 255.992 60.1451 300.715 598.155 599.15 6.829
2016 08 29 04 29 57.880 KMBO -0.047 -17.829 10 -1.1271 37.2525 1.93 91.3327 55.088 308.478 579.617 572.11 7.224
2016 09 23 22 53 10.400 KMBO 6.571 126.491 65 -1.1271 37.2525 1.93 268.801 89.3708 299.089 767.709 769.40 4.663
2016 10 19 00 26 01.90 KMBO -4.862 108.162 614 -1.1271 37.2525 1.93 270.489 70.8839 299.726 615.656 616.51 5.843
2016 10 26 19 18 08.320 KMBO 42.934 13.043 10 -1.1271 37.2525 1.93 147.079 48.9713 300.822 526.521 527.85 7.656
2016 10 30 06 40 19.200 KMBO 42.854 13.088 10 -1.1271 37.2525 1.93 147.096 48.8862 300.561 525.381 527.19 7.663
2016 11 25 14 24 30.590 KMBO 39.23 74.02 17 -1.1271 37.2525 1.93 229.031 52.4281 299.721 550.151 552.49 7.407
2016 12 05 01 13 04.880 KMBO -7.315 123.38 526 -1.1271 37.2525 1.93 269.377 86.0175 302.565 705.704 704.63 4.781
2016 12 06 22 03 33.390 KMBO 5.283 96.167 13 -1.1271 37.2525 1.93 265.548 59.185 303.3 602.879 600.63 6.925
2016 12 21 00 17 14.990 KMBO -7.508 127.92 152 -1.1271 37.2525 1.93 268.803 90.5164 300.874 763.904 764.56 4.638
2016 12 29 22 30 19.300 KMBO -9.027 118.663 79 -1.1271 37.2525 1.93 270.23 81.3414 299.446 726.166 727.79 5.285
2017 01 10 06 13 47.250 KMBO 4.463 122.575 612.71 -1.1271 37.2525 1.93 268.518 85.4242 299.485 693.255 694.06 4.791
2017 02 07 22 03 55.700 KMBO 25.201 63.257 24.05 -1.1271 37.2525 1.93 227.747 36.3152 300.4 420.72 422.62 8.536
2017 02 10 14 03 43.920 KMBO 9.907 125.451 15 -1.1271 37.2525 1.93 268.589 88.4168 302.021 772.12 771.47 4.751
2017 03 14 02 51 16.850 KMBO 6.129 92.316 10 -1.1271 37.2525 1.93 264.415 55.4408 301.425 574.594 574.69 7.196
2017 04 05 06 09 12.460 KMBO 35.799 60.436 13 -1.1271 37.2525 1.93 215.534 42.6281 298.819 473.378 477.24 8.115
2017 04 28 20 23 17.260 KMBO 5.504 125.071 26 -1.1271 37.2525 1.93 268.677 87.9356 299.628 766.387 767.45 4.787
2017 05 03 04 47 13.190 KMBO 39.499 71.451 10 -1.1271 37.2525 1.93 226.195 51.1381 299.504 541.333 544.04 7.503
2017 05 10 23 23 37.270 KMBO -56.427 -25.782 17.39 -1.1271 37.2525 1.93 67.6652 74.4472 303.32 700.07 697.48 5.810
2017 05 20 01 06 14.230 KMBO 9.384 123.958 533 -1.1271 37.2525 1.93 268.359 86.9313 301.786 709.575 708.35 4.707
2017 05 29 14 35 21.510 KMBO -1.287 120.433 12 -1.1271 37.2525 1.93 269.026 83.1584 302.394 746.903 745.87 5.170
2017 06 12 12 28 39.70 KMBO 38.915 26.371 12 -1.1271 37.2525 1.93 163.309 41.0847 300.358 463.307 465.06 8.219
2017 07 06 08 03 57.220 KMBO 11.111 124.619 6.96 -1.1271 37.2525 1.93 268.396 87.6303 300.813 769.612 769.05 4.813
2017 07 19 12 16 23.560 KMBO -17.415 66.483 10 -1.1271 37.2525 1.93 296.261 32.9851 301.198 394.6575 395.40 8.742
2017 07 20 22 31 11.240 KMBO 36.924 27.413 7 -1.1271 37.2525 1.93 164.228 38.946 303.305 449.084 448.08 8.366
2017 07 27 17 53 24.610 KMBO 13.396 -49.325 10 -1.1271 37.2525 1.93 91.8797 86.9283 302.39 766.799 765.15 4.868
2017 08 08 13 19 49.540 KMBO 33.192 103.855 9 -1.1271 37.2525 1.93 255.769 71.1996 301.183 679.662 679.52 6.052
2017 08 08 23 27 53.80 KMBO 44.301 82.826 20 -1.1271 37.2525 1.93 234.936 60.7307 299.799 609.739 610.89 6.802
2017 08 11 05 28 25.720 KMBO 13.998 120.678 172 -1.1271 37.2525 1.93 267.321 83.891 301.066 730.365 730.41 5.066
2017 08 13 03 08 10.560 KMBO -3.768 101.622 31 -1.1271 37.2525 1.93 270.555 64.3523 304.056 635.516 632.72 6.547
2017 08 18 02 59 21.950 KMBO -1.09 -13.663 10 -1.1271 37.2525 1.93 90.5629 50.9054 303.261 543.331 541.26 7.529
2017 08 31 17 06 55.750 KMBO -1.159 99.688 43.14 -1.1271 37.2525 1.93 269.338 62.4219 302.679 619.949 618.50 6.676
2017 09 03 03 30 01.770 KMBO 41.334 129.03 0 -1.1271 37.2525 1.93 270.326 92.0751 300.323 789.573 791.03 4.627
2017 09 04 08 07 35.380 KMBO -57.788 -25.578 35 -1.1271 37.2525 1.93 67.1368 74.8689 304.91 701.549 697.33 5.774
2017 10 10 18 53 27.840 KMBO -54.258 8.605 9 -1.1271 37.2525 1.93 34.4375 57.9525 307.922 599.102 593.67 7.000
2017 10 24 10 47 47.540 KMBO -7.236 123.04 549.19 -1.1271 37.2525 1.93 269.414 85.681 300.484 699.963 700.92 4.797
2017 11 11 00 36 14.980 KMBO -11.742 -14.114 10 -1.1271 37.2525 1.93 82.1931 52.0281 302.257 550.297 549.73 7.446
2017 11 12 18 18 17.290 KMBO 34.905 45.956 19 -1.1271 37.2525 1.93 194.643 36.7599 300.485 426.214 427.76 8.504
2017 11 17 22 34 19.500 KMBO 29.832 94.977 8 -1.1271 37.2525 1.93 251.599 62.9841 300.037 626.557 627.57 6.644
2017 11 30 06 32 50.760 KMBO -1.08 -23.432 10 -1.1271 37.2525 1.93 90.6815 60.6722 302.023 612.282 611.31 6.818
2017 12 01 02 32 46.10 KMBO 30.743 57.313 9 -1.1271 37.2525 1.93 214.741 36.9992 300.801 429.811 431.02 8.494
2017 12 12 08 43 17.950 KMBO 30.719 57.27 10 -1.1271 37.2525 1.93 214.697 36.9584 300.738 428.808 430.52 8.497
2017 12 12 21 41 31.160 KMBO 30.822 57.286 8 -1.1271 37.2525 1.93 214.642 37.0507 300.077 429.936 431.62 8.491
2017 12 15 16 47 58.230 KMBO -7.492 108.174 90 -1.1271 37.2525 1.93 271.392 70.9388 300.131 666.92 667.56 6.051
2018 01 11 18 26 24.230 KMBO 18.362 96.077 9 -1.1271 37.2525 1.93 258.078 60.9601 299.697 612.486 613.61 6.795
2018 01 23 06 34 54.240 KMBO -7.195 105.918 43.91 -1.1271 37.2525 1.93 271.591 68.6941 302.31 660.09 658.90 6.228
2018 01 28 16 03 03.970 KMBO -53.062 9.684 10 -1.1271 37.2525 1.93 33.6595 56.6001 303.243 584.292 583.99 7.103
2018 01 31 07 07 00.230 KMBO 36.543 70.815 191.19 -1.1271 37.2525 1.93 227.323 48.75 299.731 504.521 506.31 7.598
2018 02 26 13 34 53.750 KMBO -2.762 126.727 9.91 -1.1271 37.2525 1.93 268.907 89.4216 302.894 778.164 777.04 4.672
2018 07 28 17 07 23.370 KMBO -7.122 122.747 577.48 -1.1271 37.2525 1.93 269.441 85.3914 300.768 696.418 697.00 4.807
2018 07 28 22 47 38.740 KMBO -8.239 116.508 14 -1.1271 37.2525 1.93 270.42 79.2061 299.945 723.225 724.52 5.467
2018 08 05 11 46 38.190 KMBO -8.259 116.436 31 -1.1271 37.2525 1.93 270.434 79.135 298.12 718.949 721.54 5.469
2018 08 14 03 29 53.440 KMBO -58.11 -25.258 35 -1.1271 37.2525 1.93 66.7676 74.8383 302.226 697.805 697.15 5.776
2018 08 17 15 35 01.870 KMBO -7.426 119.834 529 -1.1271 37.2525 1.93 269.838 82.4997 300.157 686.307 687.08 5.049
2018 08 19 04 10 23.490 KMBO -8.329 116.598 21.41 -1.1271 37.2525 1.93 270.424 79.2958 300.167 722.697 723.82 5.459
2018 08 19 14 56 28.30 KMBO -8.33 116.631 25.21 -1.1271 37.2525 1.93 270.419 79.3285 299.202 722.192 723.44 5.456
2018 08 25 22 13 25.620 KMBO 34.611 46.242 10 -1.1271 37.2525 1.93 195.213 36.5372 302.032 426.431 427.24 8.521
2018 08 28 07 08 11.270 KMBO -10.885 124.118 14 -1.1271 37.2525 1.93 269.487 86.7114 301.521 764.271 763.40 4.885
2018 09 18 07 27 41.330 KMBO -37.811 49.782 10 -1.1271 37.2525 1.93 339.508 38.2845 299.427 439.116 441.92 8.410
2018 09 28 06 59 59.780 KMBO -0.399 119.77 5.19 -1.1271 37.2525 1.93 268.923 82.5113 302.095 744.335 743.64 5.218
2018 09 28 10 02 43.480 KMBO -0.178 119.84 10 -1.1271 37.2525 1.93 268.894 82.5855 300.92 743.459 743.23 5.211
2018 10 10 18 44 55.280 KMBO -7.453 114.455 9 -1.1271 37.2525 1.93 270.538 77.1655 300.489 714.229 714.04 5.618
2018 10 25 22 54 52.590 KMBO 37.514 20.563 14 -1.1271 37.2525 1.93 154.287 41.4369 300.838 465.268 467.53 8.195
2018 11 04 07 55 28.10 KMBO 7.751 123.864 581 -1.1271 37.2525 1.93 268.434 86.793 299.004 702.013 703.37 4.700
2018 11 09 01 49 40.60 KMBO 71.626 -11.25 10 -1.1271 37.2525 1.93 130.273 78.9564 300.379 723.339 724.27 5.480
2018 11 11 14 03 59.560 KMBO 15.565 -49.871 10 -1.1271 37.2525 1.93 91.8476 87.5271 305.226 772.686 768.06 4.820
2018 11 15 20 02 22.920 KMBO -56.706 -25.546 15 -1.1271 37.2525 1.93 67.3828 74.4334 305.432 701.531 697.80 5.812
2018 11 25 16 37 32.710 KMBO 34.346 45.743 18 -1.1271 37.2525 1.93 194.483 36.176 303.006 423.316 422.92 8.542
2018 12 01 13 27 21.80 KMBO -7.384 128.706 136 -1.1271 37.2525 1.93 268.704 91.2984 299.407 768.347 770.04 4.632
2018 12 11 02 26 32.730 KMBO -58.598 -26.465 164.66 -1.1271 37.2525 1.93 67.739 75.6144 302.784 688.073 687.01 5.679
2018 12 29 03 39 09.740 KMBO 5.898 126.92 60.21 -1.1271 37.2525 1.93 268.852 89.7836 301.214 771.494 771.87 4.643
2019 01 06 17 27 20.840 KMBO 2.215 126.74 60 -1.1271 37.2525 1.93 268.862 89.531 301.321 770.501 770.72 4.652
2019 01 22 19 01 43.580 KMBO -43.115 42.324 13 -1.1271 37.2525 1.93 352.417 42.0492 301.755 472.194 472.76 8.152
2014 01 25 05 14 20.520 LSZ -8.044 109.222 87.8 -15.2779 28.1882 1.2 255.959 79.3182 301.451 715.951 715.82 5.441
2014 01 26 13 55 43.330 LSZ 38.191 20.507 13.8 -15.2779 28.1882 1.2 170.786 53.6713 300.431 561.121 563.25 7.304
2014 02 01 03 58 45.70 LSZ -56.933 -27.345 142.9 -15.2779 28.1882 1.2 68.5112 58.7737 298.243 580.192 582.86 6.908
2014 02 03 03 08 46.330 LSZ 38.255 20.436 14.5 -15.2779 28.1882 1.2 170.709 53.7434 300.582 561.272 563.67 7.300
2014 02 12 09 19 48.420 LSZ 35.876 82.58 4.1 -15.2779 28.1882 1.2 235.438 72.3269 299.066 684.665 687.85 5.961
2014 02 18 09 27 14.830 LSZ 14.596 -58.971 28.3 -15.2779 28.1882 1.2 105.399 91.104 302.586 782.776 782.17 4.636
2014 03 11 02 44 06.280 LSZ -60.843 -20.118 10 -15.2779 28.1882 1.2 59.0903 57.1343 301.539 587.279 586.71 7.074
2014 03 16 21 16 28.980 LSZ -19.905 -70.615 9.4 -15.2779 28.1882 1.2 107.264 92.8866 302.507 794.546 792.85 4.617
2014 03 17 05 11 33.400 LSZ -20.06 -70.828 5.3 -15.2779 28.1882 1.2 107.347 93.032 302.063 795.683 794.21 4.615
2014 03 21 13 41 09.860 LSZ 7.68 94.225 19.3 -15.2779 28.1882 1.2 250.542 69.2836 303.035 667.194 666.07 6.190
2014 04 03 02 43 14.260 LSZ -20.588 -70.49 12 -15.2779 28.1882 1.2 107.25 92.573 302.389 793.148 790.96 4.621
2014 04 03 05 26 13.640 LSZ -20.749 -70.54 13 -15.2779 28.1882 1.2 107.275 92.5701 302.061 792.44 790.78 4.621
2014 04 11 00 01 43.940 LSZ -20.695 -70.661 10.4 -15.2779 28.1882 1.2 107.317 92.6943 301.763 792.842 791.79 4.620
2014 04 15 03 57 01.840 LSZ -53.609 8.709 10 -15.2779 28.1882 1.2 29.2503 41.1962 297.057 460.237 465.30 8.221
2014 05 18 01 02 31.860 LSZ 4.24 92.737 32.9 -15.2779 28.1882 1.2 251.498 66.7717 300.886 648.045 648.26 6.367
2014 05 21 16 21 54.220 LSZ 18.24 88.064 45.1 -15.2779 28.1882 1.2 244.422 67.7368 300.648 652.447 653.36 6.290
2014 05 24 09 25 03.190 LSZ 40.276 25.369 8.2 -15.2779 28.1882 1.2 176.691 55.3289 303.729 577.558 576.20 7.185
2014 06 14 11 11 03.260 LSZ -10.113 91.038 23.1 -15.2779 28.1882 1.2 258.097 61.3583 300.38 613.139 613.79 6.764
2014 06 29 07 52 56.840 LSZ -55.475 -28.395 15.1 -15.2779 28.1882 1.2 70.336 58.8094 299.136 595.316 597.52 6.952
2014 06 29 14 32 49.770 LSZ -55.418 -28.224 11.9 -15.2779 28.1882 1.2 70.2082 58.6984 300.928 597.127 597.27 6.959
2014 07 05 09 39 27.790 LSZ 1.933 96.938 20 -15.2779 28.1882 1.2 253.091 70.0729 300.974 670.154 670.66 6.135
2014 07 19 14 14 02.290 LSZ 11.709 57.957 10 -15.2779 28.1882 1.2 228.402 39.8487 300 452.73 454.55 8.308
2014 08 03 08 30 14.300 LSZ 27.217 103.458 28 -15.2779 28.1882 1.2 249.724 84.2953 302.465 751.185 749.72 5.068
2014 08 18 02 32 04.100 LSZ 32.711 47.638 10 -15.2779 28.1882 1.2 204.346 51.2174 303.856 546.775 545.48 7.489
2014 08 18 18 08 22.750 LSZ 32.582 47.703 5 -15.2779 28.1882 1.2 204.464 51.1229 302.599 544.869 545.56 7.497
2014 08 23 22 32 23.320 LSZ -32.695 -71.441 32 -15.2779 28.1882 1.2 107.914 89.7334 301.337 775.036 774.53 4.651
2014 08 24 23 21 41.700 LSZ -14.52 -73.535 70 -15.2779 28.1882 1.2 107.748 97.1617 302.641 805.96 804.36 4.516
2014 08 24 23 21 43.400 LSZ -14.589 -73.45 74.4 -15.2779 28.1882 1.2 107.732 97.0624 300.706 803.275 803.40 4.519
2014 09 10 02 46 08.190 LSZ -0.224 125.026 39.9 -15.2779 28.1882 1.2 254.691 96.5394 300.983 805.812 805.32 4.535
2014 09 24 11 16 13.260 LSZ -23.784 -66.588 204.5 -15.2779 28.1882 1.2 105.798 88.2007 301.417 748.176 747.43 4.724
2014 10 07 13 49 41.780 LSZ 23.343 100.5 12.8 -15.2779 28.1882 1.2 248.823 80.4246 301.694 731.934 731.85 5.369
2014 11 03 08 48 29.700 LSZ -41.824 80.043 7.4 -15.2779 28.1882 1.2 284.784 51.72 303.587 549.857 547.66 7.472
2014 11 15 02 31 42.240 LSZ 1.834 126.462 47.8 -15.2779 28.1882 1.2 254.922 98.461 302.824 814.604 813.08 4.479
2014 11 17 16 52 47.640 LSZ -46.407 33.701 12.2 -15.2779 28.1882 1.2 349.742 31.376 298.405 377.7845 381.36 8.805
2014 11 21 10 10 20.780 LSZ 2.27 127.03 45.2 -15.2779 28.1882 1.2 254.984 99.1216 301.897 817.137 816.35 4.459
2014 11 22 08 55 26.490 LSZ 30.314 101.803 2 -15.2779 28.1882 1.2 248.583 84.0352 302.737 754.267 752.63 5.093
2014 11 26 14 33 45.180 LSZ 1.964 126.465 47.7 -15.2779 28.1882 1.2 254.94 98.4975 299.931 812.77 813.26 4.478
2014 12 02 05 11 31.00 LSZ 6.157 123.126 614 -15.2779 28.1882 1.2 255.341 96.344 299.826 742.846 744.31 4.476
2015 02 02 10 49 48.440 LSZ -32.648 -67.15 172.7 -15.2779 28.1882 1.2 105.646 86.2821 301.433 743.012 741.70 4.883
2015 02 11 18 57 20.460 LSZ -23.065 -66.662 203.6 -15.2779 28.1882 1.2 105.846 88.4613 301.307 749.867 748.77 4.703
2015 02 16 22 00 54.320 LSZ -55.518 -28.229 18.1 -15.2779 28.1882 1.2 70.1556 58.735 299.224 594.923 596.52 6.956
2015 02 27 13 45 05.640 LSZ -7.358 122.49 559.1 -15.2779 28.1882 1.2 254.387 92.2058 300.474 729.853 730.27 4.590
2015 03 03 10 37 31.380 LSZ -0.719 98.754 33.5 -15.2779 28.1882 1.2 254.183 71.0736 301.557 675.196 674.76 6.058
2015 03 06 08 22 20.90 LSZ -41.316 80.614 13.1 -15.2779 28.1882 1.2 283.937 52.0091 300.932 548.862 548.90 7.449
2015 03 17 22 12 30.280 LSZ 1.671 126.433 55.7 -15.2779 28.1882 1.2 254.899 98.3909 301.701 812.441 811.84 4.480
2015 03 23 04 51 37.830 LSZ -18.354 -69.188 127.1 -15.2779 28.1882 1.2 106.718 92.0471 301.905 775.095 774.24 4.624
2015 04 16 18 07 43.610 LSZ 35.195 26.837 22.6 -15.2779 28.1882 1.2 178.303 50.2107 300.856 533.266 536.17 7.555
2015 04 25 06 11 26.630 LSZ 28.13 84.716 13.4 -15.2779 28.1882 1.2 239.147 69.678 300.365 668.754 670.09 6.155
2015 04 25 06 45 21.360 LSZ 28.16 84.843 14.7 -15.2779 28.1882 1.2 239.218 69.7896 300.211 668.87 670.56 6.147
2015 04 26 07 09 09.310 LSZ 27.736 85.978 13.4 -15.2779 28.1882 1.2 240.063 70.4425 299.947 672.657 674.75 6.100
2015 05 12 07 05 18.830 LSZ 27.801 86.126 12.3 -15.2779 28.1882 1.2 240.134 70.5885 301.37 674.56 675.82 6.089
2015 05 15 20 26 55.950 LSZ -2.566 102.223 158.5 -15.2779 28.1882 1.2 254.933 73.9284 302.838 678.907 677.66 5.810
2015 05 24 04 53 23.400 LSZ -16.814 -14.261 11.7 -15.2779 28.1882 1.2 94.0459 40.7691 300.852 460.472 460.79 8.256
2015 06 10 13 52 08.660 LSZ -22.409 -68.451 121.8 -15.2779 28.1882 1.2 106.536 90.2294 302.385 767.744 766.38 4.641
2015 06 17 12 51 35.660 LSZ -35.37 -17.809 27.1 -15.2779 28.1882 1.2 76.0568 45.6664 297.072 494.431 498.18 7.903
2015 06 20 02 10 07.650 LSZ -36.334 -73.667 17.4 -15.2779 28.1882 1.2 109.172 90.3223 302.225 780.595 779.42 4.642
2015 09 16 22 54 32.860 LSZ -31.572 -71.674 22.44 -15.2779 28.1882 1.2 108.037 90.267 300.791 777.95 778.43 4.642
2015 09 16 23 18 41.850 LSZ -31.562 -71.426 28.41 -15.2779 28.1882 1.2 107.908 90.0687 301.655 777.775 776.63 4.643
2015 09 17 01 41 05.870 LSZ -31.104 -71.65 42.32 -15.2779 28.1882 1.2 108.022 90.3919 306.101 781.2 776.30 4.642
2015 09 17 03 55 15.430 LSZ -31.424 -71.687 27 -15.2779 28.1882 1.2 108.043 90.3233 300.291 777.881 778.02 4.642
2015 09 17 04 10 27.00 LSZ -31.52 -71.81 23 -15.2779 28.1882 1.2 108.108 90.3935 301.295 780.265 778.93 4.642
2015 09 17 04 10 27.780 LSZ -31.517 -71.804 23 -15.2779 28.1882 1.2 108.105 90.3895 301.277 779.467 778.91 4.642
2015 09 18 09 10 44.730 LSZ -32.368 -72.229 8 -15.2779 28.1882 1.2 108.336 90.4675 301.184 782.473 781.71 4.642
2015 09 18 15 59 42.640 LSZ 15.276 -45.988 10 -15.2779 28.1882 1.2 109.105 79.3142 301.955 726.334 726.13 5.456
2015 09 19 12 52 20.00 LSZ -32.33 -72.07 18 -15.2779 28.1882 1.2 108.25 90.3516 301.069 780.089 779.51 4.642
2015 09 19 12 52 20.920 LSZ -32.333 -72.062 18 -15.2779 28.1882 1.2 108.246 90.3442 301.046 779.145 779.47 4.642
2015 09 21 05 39 34.00 LSZ -31.58 -71.74 30 -15.2779 28.1882 1.2 108.072 90.3181 301.204 778.224 777.55 4.642
2015 09 21 05 39 34.910 LSZ -31.575 -71.743 30 -15.2779 28.1882 1.2 108.073 90.3221 302.265 778.374 777.56 4.642
2015 09 21 17 40 00.60 LSZ -31.727 -71.379 35 -15.2779 28.1882 1.2 107.883 89.98 302.199 777.159 775.24 4.643
2015 09 22 07 13 00.00 LSZ -31.44 -71.26 58 -15.2779 28.1882 1.2 107.822 89.9711 302.445 774.465 772.51 4.643
2015 09 22 07 13 00.520 LSZ -31.444 -71.265 58 -15.2779 28.1882 1.2 107.824 89.9739 300.266 771.766 772.52 4.643
2015 09 26 02 51 18.830 LSZ -30.814 -71.321 46 -15.2779 28.1882 1.2 107.852 90.212 300.996 775.186 775.04 4.642
2015 09 28 15 28 05.00 LSZ -23.8 -66.6 219 -15.2779 28.1882 1.2 105.802 88.207 303.237 749.257 745.84 4.719
2015 11 07 07 31 43.870 LSZ -30.879 -71.451 46 -15.2779 28.1882 1.2 107.919 90.2985 288.777 775.326 775.44 4.642
2015 11 11 01 54 38.570 LSZ -29.506 -72.006 12 -15.2779 28.1882 1.2 108.182 91.1795 302.992 786.441 784.38 4.637
2015 11 11 02 46 19.830 LSZ -29.509 -72.058 10 -15.2779 28.1882 1.2 108.207 91.2216 301.363 785.553 784.91 4.637
2015 11 17 07 10 07.300 LSZ 38.67 20.6 11 -15.2779 28.1882 1.2 170.952 54.1319 303.384 567.104 567.06 7.273
2015 11 24 22 45 38.880 LSZ -10.537 -70.943 606.21 -15.2779 28.1882 1.2 106.67 95.9138 301.061 742.2 742.81 4.491
2015 11 26 05 45 18.400 LSZ -9.182 -71.257 602.75 -15.2779 28.1882 1.2 106.591 96.5957 299.815 745.435 746.20 4.472
2015 12 04 22 25 00.110 LSZ -47.616 85.091 35 -15.2779 28.1882 1.2 284.621 56.6754 298.408 577.317 579.62 7.103
2015 12 07 07 50 05.950 LSZ 38.21 72.779 22 -15.2779 28.1882 1.2 227.099 67.6588 300.58 654.649 656.55 6.294
2015 12 20 18 47 36.610 LSZ 3.645 117.635 14 -15.2779 28.1882 1.2 254.815 90.4146 301.008 780.417 781.03 4.641
2015 12 25 19 14 47.190 LSZ 36.493 71.126 206 -15.2779 28.1882 1.2 226.248 65.5246 298.505 619.334 622.56 6.383
2016 01 01 02 00 39.950 LSZ -50.557 139.448 10 -15.2779 28.1882 1.2 244.11 91.2343 303.454 787.523 784.70 4.637
2016 01 03 23 05 22.00 LSZ 24.83 93.66 55 -15.2779 28.1882 1.2 245.224 75.2447 299.755 695.775 697.53 5.736
2016 01 03 23 05 22.270 LSZ 24.803 93.65 55 -15.2779 28.1882 1.2 245.225 75.2251 299.601 695.351 697.41 5.737
2016 01 14 03 25 28.270 LSZ -19.759 -63.328 582.56 -15.2779 28.1882 1.2 104.817 86.3335 299.728 700.478 700.75 4.739
2016 01 25 04 22 02.730 LSZ 35.649 -3.681 12 -15.2779 28.1882 1.2 143.508 58.9622 302.441 600.73 600.82 6.925
2016 02 10 00 33 05.340 LSZ -30.572 -71.583 29 -15.2779 28.1882 1.2 107.984 90.501 301.087 778.767 778.56 4.641
2016 03 02 12 49 48.110 LSZ -4.952 94.329 24 -15.2779 28.1882 1.2 255.551 65.7077 300.385 642.294 642.48 6.450
2016 03 19 11 26 33.230 LSZ 17.996 -60.701 26 -15.2779 28.1882 1.2 104.8 93.5894 301.676 794.465 794.03 4.602
2016 04 06 14 45 29.620 LSZ -8.203 107.385 29 -15.2779 28.1882 1.2 256.159 77.5149 301.996 713.396 712.76 5.590
2016 04 13 13 55 17.800 LSZ 23.094 94.865 136 -15.2779 28.1882 1.2 246.24 75.5394 301.424 689.644 690.03 5.687
2016 04 19 05 25 39.940 LSZ -55.728 -27.23 14 -15.2779 28.1882 1.2 69.091 58.2771 299.732 592.811 594.01 6.986
2016 05 28 09 46 59.780 LSZ -56.24 -26.935 78 -15.2779 28.1882 1.2 68.5143 58.3082 297.384 582.624 586.56 6.964
2016 06 01 22 56 00.800 LSZ -2.096 100.665 50 -15.2779 28.1882 1.2 254.737 72.548 299.668 679.888 681.68 5.947
2016 06 05 16 25 33.540 LSZ -4.587 125.626 429.62 -15.2779 28.1882 1.2 254.191 95.9543 298.911 757.39 759.51 4.513
2016 06 07 19 15 15.330 LSZ 1.278 126.371 31 -15.2779 28.1882 1.2 254.844 98.2292 299.84 812.53 814.14 4.488
2016 06 09 04 13 08.130 LSZ -11.248 116.266 19 -15.2779 28.1882 1.2 255.435 85.2674 299.102 753.991 755.26 5.004
2016 06 21 16 26 34.420 LSZ 22.658 -45.14 10 -15.2779 28.1882 1.2 110.623 81.0564 299.739 734.338 735.67 5.320
2016 06 26 11 17 11.280 LSZ 39.479 73.338 13 -15.2779 28.1882 1.2 227.196 68.8406 300.933 664.673 665.38 6.211
2016 07 25 17 26 50.220 LSZ -26.104 -70.507 72 -15.2779 28.1882 1.2 107.418 90.9509 302.537 777.336 775.49 4.638
2016 08 04 14 15 13.90 LSZ -22.308 -66.026 270 -15.2779 28.1882 1.2 105.629 88.1003 300.166 740.096 739.74 4.712
2016 08 19 07 32 22.730 LSZ -55.279 -31.874 10 -15.2779 28.1882 1.2 73.6603 60.637 297.858 608.147 610.87 6.823
2016 08 21 03 45 23.740 LSZ -55.277 -31.754 10 -15.2779 28.1882 1.2 73.552 60.5706 298.242 607.522 610.42 6.828
2016 08 23 19 39 44.660 LSZ -7.28 122.425 532.4 -15.2779 28.1882 1.2 254.399 92.1646 301.188 732.547 732.52 4.593
2016 08 24 01 36 32.870 LSZ 42.723 13.187 4.44 -15.2779 28.1882 1.2 163.118 59.3399 299.304 601.454 604.98 6.896
2016 08 24 10 34 54.580 LSZ 20.922 94.568 82 -15.2779 28.1882 1.2 246.631 74.4225 300.788 689.228 689.65 5.790
2016 10 26 19 18 08.320 LSZ 42.934 13.043 10 -15.2779 28.1882 1.2 162.997 59.5725 300.743 603.442 605.69 6.878
2016 10 30 06 40 19.200 LSZ 42.854 13.088 10 -15.2779 28.1882 1.2 163.032 59.4864 298.478 601.297 605.09 6.884
2016 11 04 16 20 43.940 LSZ -35.103 -70.996 90.79 -15.2779 28.1882 1.2 107.636 88.6476 304.534 765.613 762.46 4.722
2016 11 20 20 57 43.980 LSZ -31.642 -68.764 115.79 -15.2779 28.1882 1.2 106.53 87.8755 301.845 756.884 755.93 4.776
2016 11 25 14 24 30.590 LSZ 39.23 74.02 17 -15.2779 28.1882 1.2 227.835 69.0626 299.549 662.979 666.09 6.195
2016 12 05 01 13 04.880 LSZ -7.315 123.38 526 -15.2779 28.1882 1.2 254.265 93.0674 301.972 738.111 737.24 4.575
2016 12 06 22 03 33.390 LSZ 5.283 96.167 13 -15.2779 28.1882 1.2 251.818 70.3424 298.434 671.013 673.54 6.116
2016 12 25 14 22 27.30 LSZ -43.405 -73.94 38 -15.2779 28.1882 1.2 109.26 88.1939 300.014 766.004 766.36 4.774
2016 12 29 22 30 19.300 LSZ -9.027 118.663 79 -15.2779 28.1882 1.2 254.927 88.1136 299.351 760.071 761.69 4.762
2017 01 10 06 13 47.250 LSZ 4.463 122.575 612.71 -15.2779 28.1882 1.2 255.137 95.3846 298.19 736.96 740.10 4.504
2017 02 07 22 03 55.700 LSZ 25.201 63.257 24.05 -15.2779 28.1882 1.2 224.125 52.7927 300.246 552.566 554.52 7.375
2017 02 18 12 10 17.970 LSZ -23.861 -66.659 222 -15.2779 28.1882 1.2 105.823 88.2424 302.7 746.749 745.67 4.715
2017 02 21 14 09 04.320 LSZ -19.281 -63.904 595.98 -15.2779 28.1882 1.2 105.027 86.981 300.946 702.645 702.61 4.685
2017 03 14 02 51 16.850 LSZ 6.129 92.316 10 -15.2779 28.1882 1.2 250.644 66.9838 301.668 652.837 653.12 6.356
2017 04 05 06 09 12.460 LSZ 35.799 60.436 13 -15.2779 28.1882 1.2 216.806 59.2662 297.031 597.591 602.76 6.903
2017 04 15 08 19 43.400 LSZ -23.27 -67.765 155 -15.2779 28.1882 1.2 106.269 89.3803 303.036 760.656 758.59 4.645
2017 04 23 02 36 07.840 LSZ -33.036 -72.006 21 -15.2779 28.1882 1.2 108.218 90.08 301.06 778.24 777.76 4.643
2017 04 24 21 38 30.840 LSZ -33.029 -72.045 28 -15.2779 28.1882 1.2 108.24 90.1133 300.465 776.645 776.87 4.643
2017 04 28 20 23 17.260 LSZ 5.504 125.071 26 -15.2779 28.1882 1.2 255.396 98.0525 298.621 811.381 814.15 4.493
2017 05 10 23 23 37.270 LSZ -56.427 -25.782 17.39 -15.2779 28.1882 1.2 67.2977 57.7837 298.997 588.747 590.03 7.024
2017 06 12 12 28 39.70 LSZ 38.915 26.371 12 -15.2779 28.1882 1.2 177.83 53.9342 299.518 562.467 565.49 7.287
2017 07 19 12 16 23.560 LSZ -17.415 66.483 10 -15.2779 28.1882 1.2 267.636 36.7692 302.408 428.868 427.51 8.519
2017 07 20 22 31 11.240 LSZ 36.924 27.413 7 -15.2779 28.1882 1.2 179.05 51.9248 299.644 548.423 551.47 7.434
2017 07 27 17 53 24.610 LSZ 13.396 -49.325 10 -15.2779 28.1882 1.2 107.818 81.7911 300.647 739.056 739.36 5.264
2017 08 08 13 19 49.540 LSZ 33.192 103.855 9 -15.2779 28.1882 1.2 249.492 86.6944 302.995 766.474 764.74 4.877
2017 08 08 23 27 53.80 LSZ 44.301 82.826 20 -15.2779 28.1882 1.2 233.765 77.362 299.992 712.932 714.41 5.588
2017 08 11 05 28 25.720 LSZ 13.998 120.678 172 -15.2779 28.1882 1.2 255.793 95.9487 299.992 786.291 787.45 4.538
2017 08 13 03 08 10.560 LSZ -3.768 101.622 31 -15.2779 28.1882 1.2 255.262 73.0414 303.07 688.53 686.83 5.916
2017 08 18 02 59 21.950 LSZ -1.09 -13.663 10 -15.2779 28.1882 1.2 111.081 43.6385 303.014 486.084 484.81 8.052
2017 09 04 08 07 35.380 LSZ -57.788 -25.578 35 -15.2779 28.1882 1.2 66.3155 58.2189 299.27 588.909 590.56 6.984
2017 10 10 06 32 20.800 LSZ -18.521 -69.641 82.43 -15.2779 28.1882 1.2 106.872 92.4108 300.669 780.889 781.14 4.621
2017 10 10 18 53 27.840 LSZ -54.258 8.605 9 -15.2779 28.1882 1.2 29.0369 41.7942 304.464 472.644 470.35 8.178
2017 10 24 10 47 47.540 LSZ -7.236 123.04 549.19 -15.2779 28.1882 1.2 254.316 92.7639 301.901 734.38 733.73 4.579
2017 11 11 00 36 14.980 LSZ -11.742 -14.114 10 -15.2779 28.1882 1.2 99.7934 41.236 301.372 464.412 464.96 8.224
2017 11 12 18 18 17.290 LSZ 34.905 45.956 19 -15.2779 28.1882 1.2 201.735 52.6832 300.725 552.455 555.02 7.379
2017 11 17 22 34 19.500 LSZ 29.832 94.977 8 -15.2779 28.1882 1.2 244.884 78.41 300.415 720.935 721.85 5.515
2017 11 30 06 32 50.760 LSZ -1.08 -23.432 10 -15.2779 28.1882 1.2 108.326 52.8428 302.627 556.887 555.82 7.388
2017 12 01 02 32 46.10 LSZ 30.743 57.313 9 -15.2779 28.1882 1.2 215.676 53.6531 299.25 560.259 563.44 7.312
2017 12 12 08 43 17.950 LSZ 30.719 57.27 10 -15.2779 28.1882 1.2 215.642 53.6121 299.978 560.047 562.98 7.314
2017 12 12 21 41 31.160 LSZ 30.822 57.286 8 -15.2779 28.1882 1.2 215.614 53.7036 297.972 559.831 563.97 7.308
2017 12 13 18 03 42.790 LSZ -54.217 2.168 10 -15.2779 28.1882 1.2 37.6812 43.8384 304.567 489.797 486.67 8.035
2017 12 15 16 47 58.230 LSZ -7.492 108.174 90 -15.2779 28.1882 1.2 255.946 78.4438 299.547 709.336 710.80 5.503
2018 01 11 18 26 24.230 LSZ 18.362 96.077 9 -15.2779 28.1882 1.2 247.935 74.7512 300.706 700.495 700.75 5.787
2018 01 14 09 18 45.540 LSZ -15.758 -74.709 39 -15.2779 28.1882 1.2 108.253 97.8597 301.315 811.794 811.13 4.500
2018 01 21 01 06 42.890 LSZ -18.852 -69.456 116 -15.2779 28.1882 1.2 106.823 92.1475 300.535 775.664 775.99 4.623
2018 01 23 06 34 54.240 LSZ -7.195 105.918 43.91 -15.2779 28.1882 1.2 256.047 76.3439 301.89 705.67 704.31 5.670
2018 01 28 16 03 03.970 LSZ -53.062 9.684 10 -15.2779 28.1882 1.2 28.1812 40.4346 298.761 455.81 459.04 8.273
2018 01 31 07 07 00.230 LSZ 36.543 70.815 191.19 -15.2779 28.1882 1.2 225.968 65.3786 299.067 619.856 623.19 6.400
2018 03 24 19 58 33.380 LSZ -45.778 96.069 10 -15.2779 28.1882 1.2 274.879 63.809 299.726 631.365 631.99 6.594
2018 04 02 13 40 34.840 LSZ -20.658 -63.005 559 -15.2779 28.1882 1.2 104.652 85.8127 304.117 703.297 700.36 4.788
2018 04 10 10 19 34.30 LSZ -30.986 -71.556 76.08 -15.2779 28.1882 1.2 107.973 90.3515 302.319 774.309 772.16 4.641
2018 05 09 10 41 45.920 LSZ 36.991 71.383 116 -15.2779 28.1882 1.2 226.304 66.0173 298.789 631.888 635.37 6.380
2018 07 28 17 07 23.370 LSZ -7.122 122.747 577.48 -15.2779 28.1882 1.2 254.361 92.5145 298.682 728.332 730.03 4.582
2018 07 28 22 47 38.740 LSZ -8.239 116.508 14 -15.2779 28.1882 1.2 255.184 86.2566 299.136 759.416 761.05 4.922
2018 08 05 11 46 38.190 LSZ -8.259 116.436 31 -15.2779 28.1882 1.2 255.195 86.1826 298.072 755.901 758.06 4.925
2018 08 14 03 29 53.440 LSZ -58.11 -25.258 35 -15.2779 28.1882 1.2 65.8189 58.1939 297.935 587.514 590.39 6.986
2018 08 17 15 35 01.870 LSZ -7.426 119.834 529 -15.2779 28.1882 1.2 254.737 89.6487 301.144 721.294 721.22 4.633
2018 08 19 04 10 23.490 LSZ -8.329 116.598 21.41 -15.2779 28.1882 1.2 255.179 86.3198 299.087 758.617 760.15 4.916
2018 08 19 14 56 28.30 LSZ -8.33 116.631 25.21 -15.2779 28.1882 1.2 255.174 86.3511 300.995 759.985 759.74 4.912
2018 08 21 21 31 47.540 LSZ 10.779 -62.907 146.18 -15.2779 28.1882 1.2 104.74 93.8292 301.885 781.364 780.70 4.590
2018 08 24 09 04 06.780 LSZ -11.042 -70.816 609.48 -15.2779 28.1882 1.2 106.691 95.6503 299.051 739.291 741.33 4.499
2018 09 28 10 02 43.480 LSZ -0.178 119.84 10 -15.2779 28.1882 1.2 254.809 91.5478 302.255 787.794 786.89 4.633
2018 10 10 18 44 55.280 LSZ -7.453 114.455 9 -15.2779 28.1882 1.2 255.36 84.4878 299.484 752.224 753.06 5.067
2018 10 25 22 54 52.590 LSZ 37.514 20.563 14 -15.2779 28.1882 1.2 170.772 52.9971 298.588 554.018 558.27 7.355
2018 10 29 06 54 21.440 LSZ -57.404 -66.408 10 -15.2779 28.1882 1.2 102.13 79.7281 298.639 726.218 727.39 5.439
2018 11 11 14 03 59.560 LSZ 15.565 -49.871 10 -15.2779 28.1882 1.2 107.936 82.9565 302.467 746.927 745.48 5.181
2018 11 15 20 02 22.920 LSZ -56.706 -25.546 15 -15.2779 28.1882 1.2 66.9067 57.7722 302.19 591.289 590.34 7.025
2018 11 25 16 37 32.710 LSZ 34.346 45.743 18 -15.2779 28.1882 1.2 201.648 52.1001 304.445 551.754 550.85 7.419
2018 12 11 02 26 32.730 LSZ -58.598 -26.465 164.66 -15.2779 28.1882 1.2 66.7272 58.9734 298.695 579.984 581.96 6.885
2019 01 05 19 25 38.580 LSZ -8.148 -71.583 571.18 -15.2779 28.1882 1.2 106.532 97.1975 300.157 750.597 751.75 4.458
2019 01 06 17 27 20.840 LSZ 2.215 126.74 60 -15.2779 28.1882 1.2 254.976 98.8276 301.831 814.011 813.30 4.467
2019 01 20 01 32 51.480 LSZ -30.073 -71.423 53.04 -15.2779 28.1882 1.2 107.899 90.5226 299.533 775.072 775.66 4.641
2019 01 22 19 01 43.580 LSZ -43.115 42.324 13 -15.2779 28.1882 1.2 332.123 30.2714 299.97 369.4095 371.37 8.840
2014 02 18 09 27 14.830 MACI 14.596 -58.971 28.3 28.2502 -16.5082 1.674 63.8147 41.583 301.755 465.925 465.13 8.193
2014 03 15 08 59 20.160 MACI -14.101 -76.352 10 28.2502 -16.5082 1.674 53.5148 71.5783 301.898 682.738 682.13 6.019
2014 03 16 21 16 28.980 MACI -19.905 -70.615 9.4 28.2502 -16.5082 1.674 49.144 70.8928 302.317 678.337 678.36 6.064
2014 04 01 23 46 47.380 MACI -19.619 -70.787 17.1 28.2502 -16.5082 1.674 49.3133 70.8297 302.502 677.122 676.71 6.067
2014 04 03 02 43 14.260 MACI -20.588 -70.49 12 28.2502 -16.5082 1.674 48.8987 71.2498 302.997 681.737 680.12 6.039
2014 04 11 20 29 13.610 MACI 11.719 -86.014 142.3 28.2502 -16.5082 1.674 64.2363 66.5755 302.537 635.927 634.51 6.348
2014 04 15 03 57 01.840 MACI -53.609 8.709 10 28.2502 -16.5082 1.674 337.811 84.4076 302.697 753.857 754.25 5.046
2014 04 18 14 27 24.690 MACI 17.321 -100.993 24.4 28.2502 -16.5082 1.674 64.1905 77.2721 302.252 713.562 711.72 5.614
2014 05 08 17 00 15.920 MACI 17.148 -100.811 24.9 28.2502 -16.5082 1.674 64.1918 77.1904 302.61 712.69 711.20 5.619
2014 05 13 06 35 24.530 MACI 7.145 -82.24 13.1 28.2502 -16.5082 1.674 62.2884 65.2918 302.841 643.311 641.47 6.483
2014 05 24 09 25 03.190 MACI 40.276 25.369 8.2 28.2502 -16.5082 1.674 263.918 36.3161 303.302 426.112 423.57 8.551
2014 08 24 23 21 41.700 MACI -14.52 -73.535 70 28.2502 -16.5082 1.674 52.1252 69.6541 303.497 663.797 662.79 6.141
2014 08 24 23 21 43.400 MACI -14.589 -73.45 74.4 28.2502 -16.5082 1.674 52.0652 69.6313 301.489 662.089 662.16 6.141
2014 10 14 03 51 37.110 MACI 12.589 -88.072 63.9 28.2502 -16.5082 1.674 64.4962 68.016 299.268 651.158 652.18 6.273
2014 12 06 17 21 49.20 MACI 7.982 -82.733 15 28.2502 -16.5082 1.674 62.6667 65.341 301.108 642.088 641.45 6.480
2015 04 16 18 07 43.610 MACI 35.195 26.837 22.6 28.2502 -16.5082 1.674 271.657 37.2861 302.446 431.836 429.63 8.485
2015 04 25 06 11 26.630 MACI 28.13 84.716 13.4 28.2502 -16.5082 1.674 299.841 86.0333 301.103 760.473 759.39 4.951
2015 04 25 06 45 21.360 MACI 28.16 84.843 14.7 28.2502 -16.5082 1.674 299.895 86.1157 300.328 759.968 759.58 4.944
2015 04 26 07 09 09.310 MACI 27.736 85.978 13.4 28.2502 -16.5082 1.674 300.416 87.1961 300.307 764.997 765.09 4.859
2015 05 29 07 00 07.990 MACI 56.707 -156.676 64.6 28.2502 -16.5082 1.674 34.4158 88.9024 301.348 767.358 765.85 4.724
2015 06 10 13 52 08.660 MACI -22.409 -68.451 121.8 28.2502 -16.5082 1.674 47.262 71.0473 301.77 665.11 665.85 6.019
2015 07 16 15 16 32.980 MACI 13.8 -58.57 19.4 28.2502 -16.5082 1.674 62.9189 41.5901 303.25 468.27 466.44 8.195
2015 09 16 22 54 32.860 MACI -31.572 -71.674 22.44 28.2502 -16.5082 1.674 47.4607 79.3509 299.276 722.416 725.22 5.438
2015 09 16 23 18 41.850 MACI -31.562 -71.426 28.41 28.2502 -16.5082 1.674 47.3058 79.1884 301.175 722.325 723.47 5.449
2015 09 17 03 55 15.430 MACI -31.424 -71.687 27 28.2502 -16.5082 1.674 47.4895 79.2594 301.123 722.693 724.05 5.444
2015 09 17 04 10 27.00 MACI -31.52 -71.81 23 28.2502 -16.5082 1.674 47.5534 79.4015 300.662 724.662 725.41 5.434
2015 09 17 04 10 27.780 MACI -31.517 -71.804 23 28.2502 -16.5082 1.674 47.5501 79.3957 300.294 723.514 725.38 5.435
2015 09 18 15 59 42.640 MACI 15.276 -45.988 10 28.2502 -16.5082 1.674 59.7338 30.1766 298.802 368.162 370.33 8.844
2015 09 21 17 40 00.60 MACI -31.727 -71.379 35 28.2502 -16.5082 1.674 47.2531 79.2705 301.726 722.666 722.96 5.441
2015 09 22 07 13 00.00 MACI -31.44 -71.26 58 28.2502 -16.5082 1.674 47.2181 79.0017 299.999 716.999 718.86 5.455
2015 09 22 07 13 00.520 MACI -31.444 -71.265 58 28.2502 -16.5082 1.674 47.2207 79.0075 300.138 716.618 718.89 5.454
2015 09 26 02 51 18.830 MACI -30.814 -71.321 46 28.2502 -16.5082 1.674 47.3472 78.6168 300.771 715.941 718.11 5.486
2015 11 24 22 45 38.880 MACI -10.537 -70.943 606.21 28.2502 -16.5082 1.674 52.2203 65.2267 302.03 583.15 583.69 6.230
2015 11 24 22 50 54.370 MACI -10.059 -71.018 620.56 28.2502 -16.5082 1.674 52.429 64.9948 300.305 579.935 581.10 6.238
2015 11 26 05 45 18.400 MACI -9.182 -71.257 602.75 28.2502 -16.5082 1.674 52.8615 64.6534 300.758 579.358 580.32 6.271
2015 12 07 07 50 05.950 MACI 38.21 72.779 22 28.2502 -16.5082 1.674 292.432 72.6214 303.141 687.191 684.71 5.961
2016 01 03 23 05 22.00 MACI 24.83 93.66 55 28.2502 -16.5082 1.674 303.823 94.5736 301.461 795.461 793.85 4.585
2016 01 14 03 25 28.270 MACI -19.759 -63.328 582.56 28.2502 -16.5082 1.674 44.865 65.7734 298.922 586.652 589.41 6.200
2016 01 24 10 30 29.560 MACI 59.62 -153.339 125.6 28.2502 -16.5082 1.674 37.2601 85.4991 302.247 744.687 742.32 4.975
2016 04 13 13 55 17.800 MACI 23.094 94.865 136 28.2502 -16.5082 1.674 304.231 96.4543 301.347 793.597 792.97 4.533
2016 04 16 23 58 36.980 MACI 0.381 -79.921 20.59 28.2502 -16.5082 1.674 59.31 66.5504 301.065 648.135 648.64 6.386
2016 04 20 08 33 47.330 MACI 0.639 -80.21 14 28.2502 -16.5082 1.674 59.4665 66.6686 300.549 650.269 650.44 6.379
2016 04 22 03 03 41.720 MACI -0.292 -80.503 10 28.2502 -16.5082 1.674 59.1918 67.3924 300.385 654.715 655.72 6.329
2016 04 29 01 33 38.910 MACI 10.275 -103.736 10 28.2502 -16.5082 1.674 62.6469 82.794 305.067 748.157 744.04 5.201
2016 05 18 07 57 02.650 MACI 0.426 -79.789 16 28.2502 -16.5082 1.674 59.2983 66.4141 299.647 646.997 648.50 6.398
2016 05 18 16 46 43.860 MACI 0.494 -79.616 29.95 28.2502 -16.5082 1.674 59.2864 66.2308 300.435 644.575 645.26 6.408
2016 05 28 09 46 59.780 MACI -56.24 -26.935 78 28.2502 -16.5082 1.674 9.22825 84.6202 300.493 743.763 746.53 5.011
2016 06 10 03 25 22.920 MACI 12.831 -86.963 10 28.2502 -16.5082 1.674 64.636 66.9354 302.47 653.6 652.31 6.366
2016 11 20 20 57 43.980 MACI -31.642 -68.764 115.79 28.2502 -16.5082 1.674 45.5841 77.5971 300.466 702.536 704.61 5.538
2016 11 24 18 43 48.830 MACI 11.959 -88.835 10.34 28.2502 -16.5082 1.674 64.2397 68.9593 300.962 665.132 665.00 6.221
2016 12 25 14 22 27.30 MACI -43.405 -73.94 38 28.2502 -16.5082 1.674 48.0468 88.6415 300.961 769.931 770.32 4.707
2017 02 21 14 09 04.320 MACI -19.281 -63.904 595.98 28.2502 -16.5082 1.674 45.3801 65.8229 301.79 588.47 588.63 6.190
2017 04 03 17 40 18.560 MACI -22.678 25.155 29 28.2502 -16.5082 1.674 319.537 64.6458 302.188 635.628 636.37 6.510
2017 04 24 21 38 30.840 MACI -33.029 -72.045 28 28.2502 -16.5082 1.674 47.506 80.5643 300.03 728.24 730.97 5.344
2017 05 01 12 31 55.290 MACI 59.829 -136.676 8 28.2502 -16.5082 1.674 50.8722 79.4879 300.031 726.741 725.70 5.466
2017 06 12 12 28 39.70 MACI 38.915 26.371 12 28.2502 -16.5082 1.674 266.463 36.9738 302.603 430.533 428.57 8.509
2017 06 14 07 29 05.630 MACI 14.982 -91.988 94 28.2502 -16.5082 1.674 65.0005 70.444 297.841 661.211 663.75 6.090
2017 06 30 22 29 45.110 MACI -0.288 -80.493 13 28.2502 -16.5082 1.674 59.191 67.3817 300.564 654.454 655.17 6.329
2017 07 18 02 05 19.870 MACI -16.42 -73.629 44.92 28.2502 -16.5082 1.674 51.6372 70.8916 301.535 672.715 673.20 6.057
2017 07 20 22 31 11.240 MACI 36.924 27.413 7 28.2502 -16.5082 1.674 269.74 37.7318 302.527 438.337 435.75 8.461
2017 09 08 04 49 20.00 MACI 15.035 -93.906 56.67 28.2502 -16.5082 1.674 64.7896 72.1 299.96 678.01 677.89 5.981
2017 09 19 18 14 38.430 MACI 18.567 -98.48 51 28.2502 -16.5082 1.674 64.9834 74.5795 301.495 694.065 693.00 5.802
2017 10 10 06 32 20.800 MACI -18.521 -69.641 82.43 28.2502 -16.5082 1.674 48.9836 69.2955 299.841 657.041 659.40 6.159
2017 10 10 18 53 27.840 MACI -54.258 8.605 9 28.2502 -16.5082 1.674 337.923 84.9868 308.478 762.688 757.32 5.000
2017 11 12 18 18 17.290 MACI 34.905 45.956 19 28.2502 -16.5082 1.674 281.185 52.8843 299.741 553.501 553.84 7.391
2017 11 13 02 28 23.680 MACI 9.514 -84.486 19.36 28.2502 -16.5082 1.674 63.3664 66.1948 300.961 646.331 646.18 6.417
2017 12 01 02 32 46.10 MACI 30.743 57.313 9 28.2502 -16.5082 1.674 288.309 63.1829 299.801 627.791 627.60 6.642
2017 12 03 11 19 05.260 MACI -0.489 -80.31 16 28.2502 -16.5082 1.674 59.0791 67.3271 301.022 654.762 654.34 6.332
2018 01 10 02 51 31.860 MACI 17.474 -83.519 10 28.2502 -16.5082 1.674 66.8903 62.0062 301.367 620.507 619.94 6.722
2018 01 23 09 31 42.940 MACI 56.046 -149.072 25 28.2502 -16.5082 1.674 40.5982 86.852 304.639 765.699 760.98 4.893
2018 04 02 13 40 34.840 MACI -20.658 -63.005 559 28.2502 -16.5082 1.674 44.378 66.197 301.12 592.28 593.97 6.182
2018 08 21 21 31 47.540 MACI 10.779 -62.907 146.18 28.2502 -16.5082 1.674 61.3107 46.741 300.743 494.203 494.34 7.772
2018 08 24 09 04 06.780 MACI -11.042 -70.816 609.48 28.2502 -16.5082 1.674 51.9796 65.4365 299.8 583.02 584.76 6.213
2018 09 07 02 12 04.350 MACI -2.345 -78.895 93.53 28.2502 -16.5082 1.674 58.0731 67.081 299.397 642.097 643.62 6.324
2018 10 25 22 54 52.590 MACI 37.514 20.563 14 28.2502 -16.5082 1.674 264.371 32.3018 301.155 388.615 387.95 8.774
2018 11 30 17 29 29.330 MACI 61.346 -149.955 46.7 28.2502 -16.5082 1.674 40.1782 83.1003 298.906 738.576 739.28 5.187
2019 01 05 19 25 38.580 MACI -8.148 -71.583 571.18 28.2502 -16.5082 1.674 53.3952 64.2948 301.087 579.507 580.50 6.313
2019 01 20 01 32 51.480 MACI -30.073 -71.423 53.04 28.2502 -16.5082 1.674 47.5226 78.1821 299.952 712.522 714.90 5.514
2014 01 13 04 01 04.530 TSUM 18.992 -66.868 30.9 -19.2022 17.5838 1.26 109.815 91.106 304.615 785.105 781.93 4.636
2014 01 25 05 14 20.520 TSUM -8.044 109.222 87.8 -19.2022 17.5838 1.26 250.878 88.9288 301.899 765.399 764.50 4.695
2014 01 26 13 55 43.330 TSUM 38.191 20.507 13.8 -19.2022 17.5838 1.26 183.289 57.1532 301.621 587.311 588.42 7.049
2014 02 01 03 58 45.70 TSUM -56.933 -27.345 142.9 -19.2022 17.5838 1.26 60.3213 50.1918 298.489 518.438 520.95 7.527
2014 02 03 03 08 46.330 TSUM 38.255 20.436 14.5 -19.2022 17.5838 1.26 183.207 57.2138 301.449 587.139 588.74 7.044
2014 02 12 09 19 48.420 TSUM 35.876 82.58 4.1 -19.2022 17.5838 1.26 239.795 82.3187 299.352 740.951 743.72 5.219
2014 02 18 09 27 14.830 TSUM 14.596 -58.971 28.3 -19.2022 17.5838 1.26 112.01 82.4805 300.6 738.79 740.19 5.210
2014 03 15 08 59 20.160 TSUM -14.101 -76.352 10 -19.2022 17.5838 1.26 109.448 89.071 299.452 774.311 775.10 4.704
2014 03 15 23 51 32.300 TSUM -5.671 -80.935 26.5 -19.2022 17.5838 1.26 109.942 96.1554 301.528 806.248 805.30 4.546
2014 03 16 21 16 28.980 TSUM -19.905 -70.615 9.4 -19.2022 17.5838 1.26 107.487 82.0331 301.903 740.942 740.05 5.255
2014 03 17 05 11 33.400 TSUM -20.06 -70.828 5.3 -19.2022 17.5838 1.26 107.531 82.1777 301.701 742.321 741.49 5.244
2014 03 21 13 41 09.860 TSUM 7.68 94.225 19.3 -19.2022 17.5838 1.26 248.996 80.0369 302.519 729.678 728.40 5.402
2014 03 23 18 20 01.190 TSUM -19.703 -70.781 13.9 -19.2022 17.5838 1.26 107.563 82.2426 300.996 740.825 740.41 5.239
2014 04 01 23 46 47.380 TSUM -19.619 -70.787 17.1 -19.2022 17.5838 1.26 107.576 82.2733 301.849 741.488 740.04 5.237
2014 04 03 01 58 29.40 TSUM -20.364 -70.5 10.6 -19.2022 17.5838 1.26 107.39 81.7931 300.388 739.367 738.58 5.274
2014 04 03 02 43 14.260 TSUM -20.588 -70.49 12 -19.2022 17.5838 1.26 107.357 81.7176 302.408 740.167 737.95 5.280
2014 04 03 05 26 13.640 TSUM -20.749 -70.54 13 -19.2022 17.5838 1.26 107.35 81.7146 301.013 738.392 737.76 5.280
2014 04 04 01 37 51.480 TSUM -20.607 -70.533 19.3 -19.2022 17.5838 1.26 107.367 81.7504 301.618 738.157 736.91 5.276
2014 04 11 00 01 43.940 TSUM -20.695 -70.661 10.4 -19.2022 17.5838 1.26 107.395 81.8387 301.145 739.224 738.85 5.270
2014 04 15 03 57 01.840 TSUM -53.609 8.709 10 -19.2022 17.5838 1.26 14.7178 35.0209 298.523 409.702 413.21 8.620
2014 05 18 01 02 31.860 TSUM 4.24 92.737 32.9 -19.2022 17.5838 1.26 249.374 77.4384 301.366 711.525 712.05 5.591
2014 05 24 09 25 03.190 TSUM 40.276 25.369 8.2 -19.2022 17.5838 1.26 188.534 59.6129 301.055 604.884 606.44 6.873
2014 06 14 11 11 03.260 TSUM -10.113 91.038 23.1 -19.2022 17.5838 1.26 253.115 71.2137 298.162 674.921 676.89 6.054
2014 06 29 07 52 56.840 TSUM -55.475 -28.395 15.1 -19.2022 17.5838 1.26 62.5002 50.0076 299.503 531.683 533.53 7.594
2014 06 29 14 32 49.770 TSUM -55.418 -28.224 11.9 -19.2022 17.5838 1.26 62.3643 49.8948 301.235 533.434 533.18 7.604
2014 07 19 14 14 02.290 TSUM 11.709 57.957 10 -19.2022 17.5838 1.26 232.756 50.263 301.531 537.261 537.27 7.567
2014 08 18 02 32 04.100 TSUM 32.711 47.638 10 -19.2022 17.5838 1.26 213.482 59.0849 303.527 603.446 602.12 6.915
2014 08 23 22 32 23.320 TSUM -32.695 -71.441 32 -19.2022 17.5838 1.26 105.78 79.0867 299.489 720.188 720.54 5.480
2014 08 24 23 21 41.700 TSUM -14.52 -73.535 70 -19.2022 17.5838 1.26 108.776 86.3545 301.599 754.918 754.09 4.902
2014 08 24 23 21 43.400 TSUM -14.589 -73.45 74.4 -19.2022 17.5838 1.26 108.753 86.2545 300.689 753.258 753.09 4.909
2014 09 24 11 16 13.260 TSUM -23.784 -66.588 204.5 -19.2022 17.5838 1.26 105.516 77.3485 299.652 691.411 691.60 5.553
2014 11 03 08 48 29.700 TSUM -41.824 80.043 7.4 -19.2022 17.5838 1.26 273.138 57.0572 303.9 589.219 586.17 7.085
2014 11 17 16 52 47.640 TSUM -46.407 33.701 12.2 -19.2022 17.5838 1.26 328.566 30.202 298.547 367.9265 370.66 8.842
2015 02 02 10 49 48.440 TSUM -32.648 -67.15 172.7 -19.2022 17.5838 1.26 103.691 75.5987 301.068 685.647 685.13 5.687
2015 02 11 18 57 20.460 TSUM -23.065 -66.662 203.6 -19.2022 17.5838 1.26 105.694 77.6065 299.251 691.811 693.13 5.533
2015 02 16 22 00 54.320 TSUM -55.518 -28.229 18.1 -19.2022 17.5838 1.26 62.2948 49.9439 299.256 530.955 532.57 7.598
2015 03 06 08 22 20.90 TSUM -41.316 80.614 13.1 -19.2022 17.5838 1.26 272.422 57.4605 301.06 588.99 588.09 7.054
2015 03 10 20 55 44.520 TSUM 6.796 -73.037 162 -19.2022 17.5838 1.26 108.896 92.7857 300.934 773.434 774.05 4.609
2015 03 18 18 27 28.660 TSUM -36.111 -73.689 9.7 -19.2022 17.5838 1.26 106.343 79.9308 300.916 729.275 728.53 5.423
2015 03 23 04 51 37.830 TSUM -18.354 -69.188 127.1 -19.2022 17.5838 1.26 107.298 81.2066 301.246 721.436 721.22 5.287
2015 04 25 06 11 26.630 TSUM 28.13 84.716 13.4 -19.2022 17.5838 1.26 242.103 80.1532 300.981 729.37 730.54 5.386
2015 04 25 06 45 21.360 TSUM 28.16 84.843 14.7 -19.2022 17.5838 1.26 242.167 80.2663 298.769 728.428 730.93 5.377
2015 04 26 07 09 09.310 TSUM 27.736 85.978 13.4 -19.2022 17.5838 1.26 242.835 80.9619 300.346 734.056 734.85 5.324
2015 05 15 20 26 55.950 TSUM -2.566 102.223 158.5 -19.2022 17.5838 1.26 251.071 84.1027 304.3 735.369 732.95 5.055
2015 06 10 13 52 08.660 TSUM -22.409 -68.451 121.8 -19.2022 17.5838 1.26 106.417 79.3742 301.07 712.429 711.94 5.431
2015 06 17 12 51 35.660 TSUM -35.37 -17.809 27.1 -19.2022 17.5838 1.26 72.1022 35.1127 302.849 412.208 410.90 8.614
2015 06 20 02 10 07.650 TSUM -36.334 -73.667 17.4 -19.2022 17.5838 1.26 106.293 79.8512 301.132 727.502 726.83 5.428
2015 07 03 01 07 46.210 TSUM 37.47 78.12 19 -19.2022 17.5838 1.26 236.641 80.1076 299.726 727.536 729.61 5.385
2015 07 16 15 16 32.980 TSUM 13.8 -58.57 19.4 -19.2022 17.5838 1.26 112.027 81.8232 303.276 739.315 738.05 5.258
2015 09 16 22 54 32.860 TSUM -31.572 -71.674 22.44 -19.2022 17.5838 1.26 106.096 79.5843 299.005 723.164 724.66 5.446
2015 09 16 23 18 41.850 TSUM -31.562 -71.426 28.41 -19.2022 17.5838 1.26 105.979 79.3836 301.842 723.962 722.70 5.459
2015 09 17 03 55 15.430 TSUM -31.424 -71.687 27 -19.2022 17.5838 1.26 106.128 79.6359 300.092 723.682 724.28 5.441
2015 09 17 04 10 27.00 TSUM -31.52 -71.81 23 -19.2022 17.5838 1.26 106.17 79.7102 300.58 725.55 725.26 5.436
2015 09 17 04 10 27.780 TSUM -31.517 -71.804 23 -19.2022 17.5838 1.26 106.168 79.7061 300.592 724.782 725.24 5.437
2015 09 18 09 10 44.730 TSUM -32.368 -72.229 8 -19.2022 17.5838 1.26 106.226 79.8165 302.68 729.969 728.25 5.432
2015 09 18 15 59 42.640 TSUM 15.276 -45.988 10 -19.2022 17.5838 1.26 116.701 71.3163 301.141 679.52 680.33 6.041
2015 09 19 05 06 47.500 TSUM -29.641 -72.077 6 -19.2022 17.5838 1.26 106.608 80.4596 300.043 731.563 732.09 5.383
2015 09 19 12 52 20.00 TSUM -32.33 -72.07 18 -19.2022 17.5838 1.26 106.155 79.6978 300.261 726.281 725.95 5.438
2015 09 19 12 52 20.920 TSUM -32.333 -72.062 18 -19.2022 17.5838 1.26 106.15 79.6904 300.312 725.411 725.91 5.439
2015 09 21 05 39 34.00 TSUM -31.58 -71.74 30 -19.2022 17.5838 1.26 106.126 79.6362 300.489 724.509 723.84 5.440
2015 09 21 05 39 34.910 TSUM -31.575 -71.743 30 -19.2022 17.5838 1.26 106.128 79.64 300.43 723.539 723.86 5.440
2015 09 21 17 40 00.60 TSUM -31.727 -71.379 35 -19.2022 17.5838 1.26 105.927 79.2998 301.359 722.319 721.28 5.464
2015 09 22 07 13 00.00 TSUM -31.44 -71.26 58 -19.2022 17.5838 1.26 105.922 79.2807 299.177 718.197 718.56 5.459
2015 09 22 07 13 00.520 TSUM -31.444 -71.265 58 -19.2022 17.5838 1.26 105.924 79.2837 299.178 717.678 718.57 5.458
2015 09 26 02 51 18.830 TSUM -30.814 -71.321 46 -19.2022 17.5838 1.26 106.063 79.5029 299.26 719.45 721.14 5.446
2015 10 23 04 04 18.00 TSUM -45.81 37.17 10 -19.2022 17.5838 1.26 322.148 31.0833 297.619 375.6385 378.71 8.817
2015 10 23 04 04 18.140 TSUM -45.814 37.171 10 -19.2022 17.5838 1.26 322.151 31.0869 297.764 375.6435 378.74 8.817
2015 10 26 09 09 42.560 TSUM 36.524 70.367 231 -19.2022 17.5838 1.26 231.34 74.5325 294.217 666.626 674.46 5.725
2015 11 07 07 04 31.380 TSUM -29.464 -72.301 13 -19.2022 17.5838 1.26 106.737 80.6972 308.901 740.54 732.21 5.363
2015 11 07 07 31 43.870 TSUM -30.879 -71.451 46 -19.2022 17.5838 1.26 106.113 79.5924 298.619 719.769 721.63 5.439
2015 11 08 16 47 02.160 TSUM 6.843 94.648 10 -19.2022 17.5838 1.26 249.211 80.1324 301.783 731.642 730.43 5.396
2015 11 11 01 54 38.570 TSUM -29.506 -72.006 12 -19.2022 17.5838 1.26 106.598 80.4388 301.828 732.277 730.99 5.383
2015 11 11 02 46 19.830 TSUM -29.509 -72.058 10 -19.2022 17.5838 1.26 106.62 80.4814 300.713 731.903 731.55 5.381
2015 11 17 07 10 07.300 TSUM 38.67 20.6 11 -19.2022 17.5838 1.26 183.375 57.6349 300.248 589.968 592.26 7.012
2015 11 24 22 45 38.880 TSUM -10.537 -70.943 606.21 -19.2022 17.5838 1.26 108.553 85.2222 298.763 690.902 693.46 4.811
2015 11 24 22 50 54.370 TSUM -10.059 -71.018 620.56 -19.2022 17.5838 1.26 108.601 85.4435 299.229 691.828 693.27 4.789
2015 11 26 05 45 18.400 TSUM -9.182 -71.257 602.75 -19.2022 17.5838 1.26 108.698 85.9454 297.675 694.295 697.25 4.759
2015 11 27 21 00 22.920 TSUM -24.828 -70.6 34 -19.2022 17.5838 1.26 106.765 80.5762 300.044 727.143 728.43 5.367
2015 12 04 22 25 00.110 TSUM -47.616 85.091 35 -19.2022 17.5838 1.26 272.953 60.964 298.282 607.191 609.07 6.795
2015 12 07 07 50 05.950 TSUM 38.21 72.779 22 -19.2022 17.5838 1.26 232.762 77.0827 300.379 710.448 712.61 5.607
2015 12 25 19 14 47.190 TSUM 36.493 71.126 206 -19.2022 17.5838 1.26 231.9 74.9927 298.091 675.92 679.77 5.698
2016 01 14 03 25 28.270 TSUM -19.759 -63.328 582.56 -19.2022 17.5838 1.26 105.441 75.4951 299.223 643.973 644.97 5.539
2016 01 25 04 22 02.730 TSUM 35.649 -3.681 12 -19.2022 17.5838 1.26 156.205 58.1573 300.689 592.978 595.56 6.973
2016 02 10 00 33 05.340 TSUM -30.572 -71.583 29 -19.2022 17.5838 1.26 106.227 79.7868 299.97 724.65 724.82 5.429
2016 02 12 10 02 24.50 TSUM -9.633 119.401 28 -19.2022 17.5838 1.26 249.028 97.8448 301.977 813.947 812.63 4.501
2016 03 02 12 49 48.110 TSUM -4.952 94.329 24 -19.2022 17.5838 1.26 251.535 75.8821 300.01 703.919 704.32 5.705
2016 03 19 11 26 33.230 TSUM 17.996 -60.701 26 -19.2022 17.5838 1.26 111.797 85.2837 300.803 754.592 754.89 4.992
2016 04 06 14 45 29.620 TSUM -8.203 107.385 29 -19.2022 17.5838 1.26 251.121 87.1577 301.057 763.457 763.09 4.849
2016 04 10 10 28 58.720 TSUM 36.472 71.131 212 -19.2022 17.5838 1.26 231.908 74.9829 298.626 674.925 679.06 5.697
2016 04 13 13 55 17.800 TSUM 23.094 94.865 136 -19.2022 17.5838 1.26 247.481 86.326 301.521 746.741 747.11 4.874
2016 04 16 23 58 36.980 TSUM 0.381 -79.921 20.59 -19.2022 17.5838 1.26 109.191 97.2147 304.809 813.848 811.09 4.518
2016 04 19 05 25 39.940 TSUM -55.728 -27.23 14 -19.2022 17.5838 1.26 61.0876 49.5448 299.876 528.955 530.20 7.629
2016 05 18 07 57 02.650 TSUM 0.426 -79.789 16 -19.2022 17.5838 1.26 109.181 97.1048 299.249 809.619 811.36 4.521
2016 05 28 09 46 59.780 TSUM -56.24 -26.935 78 -19.2022 17.5838 1.26 60.3935 49.651 297.86 520.1 523.55 7.595
2016 06 01 22 56 00.800 TSUM -2.096 100.665 50 -19.2022 17.5838 1.26 251.025 82.782 302.096 739.316 738.65 5.189
2016 07 25 17 26 50.220 TSUM -26.104 -70.507 72 -19.2022 17.5838 1.26 106.523 80.1317 299.296 721.095 721.65 5.390
2016 08 19 07 32 22.730 TSUM -55.279 -31.874 10 -19.2022 17.5838 1.26 66.2007 51.7125 298.585 544.875 547.11 7.473
2016 08 21 03 45 23.740 TSUM -55.277 -31.754 10 -19.2022 17.5838 1.26 66.0818 51.6489 299.194 544.473 546.64 7.477
2016 08 24 01 36 32.870 TSUM 42.723 13.187 4.44 -19.2022 17.5838 1.26 175.282 61.7476 298.766 616.916 621.58 6.715
2016 08 24 10 34 54.580 TSUM 20.922 94.568 82 -19.2022 17.5838 1.26 247.51 85.2439 300.32 746.76 747.99 4.978
2016 08 29 04 29 57.880 TSUM -0.047 -17.829 10 -19.2022 17.5838 1.26 120.789 39.6032 303.103 453.242 451.97 8.329
2016 09 10 10 08 20.20 TSUM -5.573 -76.953 121 -19.2022 17.5838 1.26 109.447 92.4567 299.678 776.678 777.03 4.617
2016 09 14 01 58 31.570 TSUM 7.373 -76.168 18 -19.2022 17.5838 1.26 108.547 95.9127 300.376 804.825 805.75 4.552
2016 10 19 00 26 01.90 TSUM -4.862 108.162 614 -19.2022 17.5838 1.26 250.936 88.9673 300.049 709.979 710.44 4.635
2016 10 26 19 18 08.320 TSUM 42.934 13.043 10 -19.2022 17.5838 1.26 175.138 61.9666 299.354 619.053 622.15 6.698
2016 10 30 06 40 19.200 TSUM 42.854 13.088 10 -19.2022 17.5838 1.26 175.182 61.8841 299.792 618.611 621.60 6.704
2016 11 20 20 57 43.980 TSUM -31.642 -68.764 115.79 -19.2022 17.5838 1.26 104.7 77.172 300.961 700 700.36 5.596
2016 11 25 14 24 30.590 TSUM 39.23 74.02 17 -19.2022 17.5838 1.26 233.485 78.4704 300.402 719.832 721.10 5.504
2016 12 01 22 40 26.340 TSUM -15.294 -70.822 10 -19.2022 17.5838 1.26 108.091 83.6229 300.046 747.726 748.30 5.138
2016 12 06 22 03 33.390 TSUM 5.283 96.167 13 -19.2022 17.5838 1.26 249.699 81.0032 304.098 737.677 734.56 5.330
2016 12 18 13 30 11.430 TSUM -9.966 -70.969 622.53 -19.2022 17.5838 1.26 108.601 85.4272 299.285 691.875 693.03 4.790
2016 12 25 14 22 27.30 TSUM -43.405 -73.94 38 -19.2022 17.5838 1.26 105.133 78.1388 297.796 712.786 714.42 5.549
2016 12 29 22 30 19.300 TSUM -9.027 118.663 79 -19.2022 17.5838 1.26 249.257 97.3785 300.078 803.798 804.34 4.509
2017 02 07 22 03 55.700 TSUM 25.201 63.257 24.05 -19.2022 17.5838 1.26 229.578 62.6272 299.532 620.851 623.49 6.653
2017 02 18 12 10 17.970 TSUM -23.861 -66.659 222 -19.2022 17.5838 1.26 105.524 77.3906 298.934 687.983 689.93 5.544
2017 02 21 14 09 04.320 TSUM -19.281 -63.904 595.98 -19.2022 17.5838 1.26 105.711 76.1461 299.71 646.409 647.43 5.488
2017 04 05 06 09 12.460 TSUM 35.799 60.436 13 -19.2022 17.5838 1.26 223.842 68.1101 298.711 657.271 660.95 6.261
2017 04 15 08 19 43.400 TSUM -23.27 -67.765 155 -19.2022 17.5838 1.26 106.026 78.5272 299.42 703.04 703.57 5.482
2017 04 23 02 36 07.840 TSUM -33.036 -72.006 21 -19.2022 17.5838 1.26 105.999 79.451 299.851 723.031 724.12 5.456
2017 04 24 21 38 30.840 TSUM -33.029 -72.045 28 -19.2022 17.5838 1.26 106.019 79.4844 300.048 722.228 723.29 5.452
2017 05 10 23 23 37.270 TSUM -56.427 -25.782 17.39 -19.2022 17.5838 1.26 59.0198 49.1911 300.069 525.818 526.99 7.652
2017 06 12 12 28 39.70 TSUM 38.915 26.371 12 -19.2022 17.5838 1.26 189.76 58.394 297.453 592.402 597.38 6.958
2017 07 18 02 05 19.870 TSUM -16.42 -73.629 44.92 -19.2022 17.5838 1.26 108.677 85.8338 301.011 754.161 754.40 4.952
2017 07 20 22 31 11.240 TSUM 36.924 27.413 7 -19.2022 17.5838 1.26 191.144 56.5888 301.486 584.266 585.47 7.093
2017 07 27 17 53 24.610 TSUM 13.396 -49.325 10 -19.2022 17.5838 1.26 114.897 73.4158 301.233 692.642 692.77 5.888
2017 08 08 23 27 53.80 TSUM 44.301 82.826 20 -19.2022 17.5838 1.26 239.267 86.7544 300.388 762.328 763.54 4.865
2017 08 13 03 08 10.560 TSUM -3.768 101.622 31 -19.2022 17.5838 1.26 251.208 83.1489 304.155 745.615 742.83 5.168
2017 08 18 02 59 21.950 TSUM -1.09 -13.663 10 -19.2022 17.5838 1.26 122.442 35.5122 302.3 417.37 417.35 8.591
2017 10 10 06 32 20.800 TSUM -18.521 -69.641 82.43 -19.2022 17.5838 1.26 107.397 81.5676 300.111 727.331 728.24 5.272
2017 10 10 18 53 27.840 TSUM -54.258 8.605 9 -19.2022 17.5838 1.26 14.6531 35.6656 301.549 418.728 418.90 8.581
2017 11 12 18 18 17.290 TSUM 34.905 45.956 19 -19.2022 17.5838 1.26 211.171 60.1853 299.793 605.522 608.32 6.833
2017 11 30 06 32 50.760 TSUM -1.08 -23.432 10 -19.2022 17.5838 1.26 116.818 44.023 300.696 486.956 488.01 8.025
2017 12 01 02 32 46.10 TSUM 30.743 57.313 9 -19.2022 17.5838 1.26 222.849 62.6474 299.803 623.812 626.24 6.653
2017 12 03 11 19 05.260 TSUM -0.489 -80.31 16 -19.2022 17.5838 1.26 109.312 97.2971 300.055 811.814 812.20 4.516
2017 12 12 08 43 17.950 TSUM 30.719 57.27 10 -19.2022 17.5838 1.26 222.822 62.6047 299.479 622.548 625.79 6.655
2017 12 12 21 41 31.160 TSUM 30.822 57.286 8 -19.2022 17.5838 1.26 222.799 62.6894 299.123 623.982 626.68 6.651
2017 12 13 18 03 42.790 TSUM -54.217 2.168 10 -19.2022 17.5838 1.26 24.7326 36.9013 304.364 431.593 429.23 8.506
2017 12 15 16 47 58.230 TSUM -7.492 108.174 90 -19.2022 17.5838 1.26 250.997 88.1264 299.159 758.948 760.46 4.758
2018 01 11 18 26 24.230 TSUM 18.362 96.077 9 -19.2022 17.5838 1.26 248.246 85.6027 301.089 758.878 759.20 4.968
2018 01 14 09 18 45.540 TSUM -15.758 -74.709 39 -19.2022 17.5838 1.26 108.993 87.0289 300.28 760.759 760.96 4.859
2018 01 21 01 06 42.890 TSUM -18.852 -69.456 116 -19.2022 17.5838 1.26 107.299 81.302 298.705 720.834 722.98 5.283
2018 01 23 06 34 54.240 TSUM -7.195 105.918 43.91 -19.2022 17.5838 1.26 251.233 86.1045 302.8 758.58 756.05 4.928
2018 01 28 16 03 03.970 TSUM -53.062 9.684 10 -19.2022 17.5838 1.26 13.3095 34.3476 300.485 405.534 407.41 8.661
2018 01 31 07 07 00.230 TSUM 36.543 70.815 191.19 -19.2022 17.5838 1.26 231.663 74.8267 298.17 676.959 680.44 5.716
2018 04 02 13 40 34.840 TSUM -20.658 -63.005 559 -19.2022 17.5838 1.26 105.124 74.9667 302.894 646.074 644.02 5.589
2018 04 10 10 19 34.30 TSUM -30.986 -71.556 76.08 -19.2022 17.5838 1.26 106.143 79.6494 300.804 719.794 718.50 5.426
2018 04 19 21 09 17.00 TSUM -42.779 42.187 10 -19.2022 17.5838 1.26 310.895 31.3658 300.23 380.2495 381.05 8.808
2018 05 09 10 41 45.920 TSUM 36.991 71.383 116 -19.2022 17.5838 1.26 231.984 75.4616 298.806 688.905 692.40 5.692
2018 07 28 22 47 38.740 TSUM -8.239 116.508 14 -19.2022 17.5838 1.26 249.747 95.6566 299.992 803.272 804.94 4.560
2018 08 14 03 29 53.440 TSUM -58.11 -25.258 35 -19.2022 17.5838 1.26 57.228 49.8407 297.235 525.814 529.46 7.600
2018 08 21 21 31 47.540 TSUM 10.779 -62.907 146.18 -19.2022 17.5838 1.26 110.595 84.6834 300.488 736.967 737.57 5.008
2018 08 24 09 04 06.780 TSUM -11.042 -70.816 609.48 -19.2022 17.5838 1.26 108.492 84.9444 297.606 688.846 691.82 4.830
2018 08 25 22 13 25.620 TSUM 34.611 46.242 10 -19.2022 17.5838 1.26 211.536 60.0573 302.496 608.896 608.88 6.844
2018 09 07 02 12 04.350 TSUM -2.345 -78.895 93.53 -19.2022 17.5838 1.26 109.418 95.3511 301.584 794.204 793.58 4.561
2018 10 25 22 54 52.590 TSUM 37.514 20.563 14 -19.2022 17.5838 1.26 183.378 56.4811 296.551 576.981 583.63 7.099
2018 10 29 06 54 21.440 TSUM -57.404 -66.408 10 -19.2022 17.5838 1.26 95.6988 70.8256 298.914 674.493 676.09 6.091
2018 11 01 22 19 51.540 TSUM -19.588 -69.292 102 -19.2022 17.5838 1.26 107.143 80.9372 299.71 722.189 722.64 5.317
2018 11 11 14 03 59.560 TSUM 15.565 -49.871 10 -19.2022 17.5838 1.26 115.254 74.8089 302.028 701.488 700.95 5.782
2018 11 15 20 02 22.920 TSUM -56.706 -25.546 15 -19.2022 17.5838 1.26 58.5584 49.2244 301.071 527.171 527.62 7.651
