2014 01 13 04 01 04.530 RTC 18.992 -66.868 30.9 33.9881 -6.8569 0.0045 61.4117 55.042 301.878 569.367 568.24 7.226
2014 02 01 03 58 45.70 RTC -56.933 -27.345 142.9 33.9881 -6.8569 0.0045 16.9202 92.2181 301.952 774.902 775.09 4.614
2014 02 12 09 19 48.420 RTC 35.876 82.58 4.1 33.9881 -6.8569 0.0045 298.288 70.6532 299.373 674.973 675.62 6.110
2014 02 18 09 27 14.830 RTC 14.596 -58.971 28.3 33.9881 -6.8569 0.0045 57.9267 50.704 301.576 536.765 536.85 7.538
2014 03 10 05 18 13.590 RTC 40.723 -125.086 6.1 33.9881 -6.8569 0.0045 47.1822 86.3925 303.416 765.845 761.87 4.932
2014 03 15 08 59 20.160 RTC -14.101 -76.352 10.0 33.9881 -6.8569 0.0045 51.8942 81.5075 301.178 738.037 738.24 5.281
2014 03 16 21 16 28.980 RTC -19.905 -70.615 9.4 33.9881 -6.8569 0.0045 48.9954 80.945 301.085 734.125 735.61 5.323
2014 03 22 12 59 57.00 RTC -19.822 -70.944 4.4 33.9881 -6.8569 0.0045 49.1484 81.1249 301.785 737.805 737.39 5.309
2014 04 01 23 46 47.380 RTC -19.619 -70.787 17.1 33.9881 -6.8569 0.0045 49.1046 80.8809 301.284 733.924 733.98 5.327
2014 04 03 02 43 14.260 RTC -20.588 -70.49 12.0 33.9881 -6.8569 0.0045 48.8604 81.303 301.994 737.754 737.10 5.293
2014 04 10 23 27 45.30 RTC 12.434 -86.33 12.6 33.9881 -6.8569 0.0045 57.9686 74.4945 300.832 698.822 697.86 5.817
2014 04 11 20 29 13.610 RTC 11.719 -86.014 142.3 33.9881 -6.8569 0.0045 57.8226 74.6104 302.997 685.406 683.11 5.768
2014 04 15 03 57 01.840 RTC -53.609 8.709 10.0 33.9881 -6.8569 0.0045 347.111 88.2762 301.921 772.101 773.31 4.735
2014 04 18 14 27 24.690 RTC 17.321 -100.993 24.4 33.9881 -6.8569 0.0045 56.4648 83.834 301.096 747.426 746.80 5.122
2014 04 24 03 10 11.720 RTC 49.648 -127.652 9.8 33.9881 -6.8569 0.0045 46.1788 81.5846 298.931 736.23 736.54 5.308
2014 05 08 17 00 15.920 RTC 17.148 -100.811 24.9 33.9881 -6.8569 0.0045 56.4924 83.784 300.688 746.788 746.48 5.126
2014 05 10 07 36 00.600 RTC 17.057 -100.932 23.3 33.9881 -6.8569 0.0045 56.4558 83.9305 299.936 747.355 747.47 5.115
2014 07 07 11 23 54.780 RTC 14.724 -92.461 53.0 33.9881 -6.8569 0.0045 57.7696 78.3366 299.004 712.244 714.08 5.525
2014 07 20 18 32 47.790 RTC 44.641 148.783 61.0 33.9881 -6.8569 0.0045 339.716 98.6668 298.993 810.222 810.87 4.482
2014 08 18 02 32 04.100 RTC 32.711 47.638 10.0 33.9881 -6.8569 0.0045 287.215 45.082 301.684 497.603 495.42 7.959
2014 09 24 11 16 13.260 RTC -23.784 -66.588 204.5 33.9881 -6.8569 0.0045 46.6388 80.7631 301.236 710.995 711.64 5.276
2014 09 25 17 51 17.940 RTC 61.986 -151.915 106.9 33.9881 -6.8569 0.0045 28.8702 80.2745 301.991 719.071 717.25 5.385
2014 12 06 17 21 49.20 RTC 7.982 -82.733 15.0 33.9881 -6.8569 0.0045 57.0062 73.8845 299.349 693.349 694.09 5.860
2014 12 08 08 54 52.520 RTC 7.94 -82.686 20.0 33.9881 -6.8569 0.0045 56.9952 73.8681 301.468 693.967 693.18 5.860
2015 02 11 18 57 20.460 RTC -23.065 -66.662 203.6 33.9881 -6.8569 0.0045 46.7626 80.3217 300.462 708.022 709.38 5.312
2015 03 23 04 51 37.830 RTC -18.354 -69.188 127.1 33.9881 -6.8569 0.0045 48.5788 78.9136 300.976 709.166 710.18 5.445
2015 04 25 06 11 26.630 RTC 28.13 84.716 13.4 33.9881 -6.8569 0.0045 301.156 76.0642 299.363 705.752 706.20 5.705
2015 04 25 06 45 21.360 RTC 28.16 84.843 14.7 33.9881 -6.8569 0.0045 301.195 76.1447 300.092 706.751 706.44 5.699
2015 04 26 07 09 09.310 RTC 27.736 85.978 13.4 33.9881 -6.8569 0.0045 301.685 77.2217 300.712 713.421 712.75 5.625
2015 05 12 07 05 18.830 RTC 27.801 86.126 12.3 33.9881 -6.8569 0.0045 301.726 77.2992 300.914 714.104 713.36 5.619
2017 11 12 18 18 17.290 RTC 34.905 45.956 19.0 33.9881 -6.8569 0.0045 284.506 43.1364 298.2 476.929 478.38 8.095
2017 11 13 02 28 23.680 RTC 9.514 -84.486 19.36 33.9881 -6.8569 0.0045 57.3691 74.5162 298.887 695.226 696.99 5.812
2017 11 17 22 34 19.500 RTC 29.832 94.977 8.0 33.9881 -6.8569 0.0045 304.925 82.6836 300.166 743.685 743.10 5.218
2017 12 01 02 32 46.10 RTC 30.743 57.313 9.0 33.9881 -6.8569 0.0045 291.523 53.507 300.544 560.553 559.95 7.348
2017 12 03 11 19 05.260 RTC -0.489 -80.31 16.0 33.9881 -6.8569 0.0045 54.965 76.5904 301.286 710.046 709.83 5.656
2017 12 12 08 43 17.950 RTC 30.719 57.27 10.0 33.9881 -6.8569 0.0045 291.527 53.4813 299.795 558.865 559.61 7.349
2017 12 12 21 41 31.160 RTC 30.822 57.286 8.0 33.9881 -6.8569 0.0045 291.461 53.4565 299.485 559.345 559.74 7.352
2018 01 10 02 51 31.860 RTC 17.474 -83.519 10.0 33.9881 -6.8569 0.0045 59.624 69.5732 301.519 669.678 668.63 6.179
2018 01 14 09 18 45.540 RTC -15.758 -74.709 39.0 33.9881 -6.8569 0.0045 51.1289 81.2895 299.642 731.121 732.85 5.291
2018 01 23 09 31 42.940 RTC 56.046 -149.072 25.0 33.9881 -6.8569 0.0045 30.7477 84.714 304.689 754.769 750.13 5.069
2018 02 16 23 39 39.700 RTC 16.388 -97.978 25.98 33.9881 -6.8569 0.0045 57.0391 81.9278 301.014 737.333 736.73 5.262
2018 04 02 13 40 34.840 RTC -20.658 -63.005 559.0 33.9881 -6.8569 0.0045 45.2759 76.2143 300.782 650.962 652.38 5.481
2018 08 12 14 58 54.286 RTC 69.561 -145.299 2.2 33.9881 -6.8569 0.0045 35.331 72.3875 300.372 687.105 685.83 5.990
2018 08 14 03 29 53.440 RTC -58.11 -25.258 35.0 33.9881 -6.8569 0.0045 15.2276 93.0404 300.999 789.578 791.48 4.606
2018 08 17 23 22 24.900 RTC 8.769 -83.153 15.0 33.9881 -6.8569 0.0045 57.201 73.8087 299.557 691.676 693.61 5.866
2018 08 21 21 31 47.540 RTC 10.779 -62.907 146.18 33.9881 -6.8569 0.0045 56.2506 55.9901 299.943 562.423 563.10 7.106
2018 08 24 09 04 06.780 RTC -11.042 -70.816 609.48 33.9881 -6.8569 0.0045 50.4869 75.3912 299.164 640.403 643.16 5.520
2018 08 25 22 13 25.620 RTC 34.611 46.242 10.0 33.9881 -6.8569 0.0045 284.906 43.4386 302.13 483.53 482.23 8.076
2018 09 18 07 27 41.330 RTC -37.811 49.782 10.0 33.9881 -6.8569 0.0045 316.041 88.7285 301.084 773.774 775.03 4.705
2018 10 13 11 10 22.400 RTC 52.854 153.242 461.0 33.9881 -6.8569 0.0045 343.562 91.7955 301.165 737.785 735.99 4.612
2018 11 11 14 03 59.560 RTC 15.565 -49.871 10.0 33.9881 -6.8569 0.0045 56.562 42.7842 301.557 478.016 477.64 8.116
2018 11 25 16 37 32.710 RTC 34.346 45.743 18.0 33.9881 -6.8569 0.0045 285.009 43.1086 301.409 478.719 478.33 8.097
2018 11 30 17 29 29.330 RTC 61.346 -149.955 46.7 33.9881 -6.8569 0.0045 30.4 80.3704 297.621 723.31 724.65 5.396
2018 12 11 02 26 32.730 RTC -58.598 -26.465 164.66 33.9881 -6.8569 0.0045 16.225 93.684 305.91 782.2 779.31 4.585
2018 12 20 17 01 55.150 RTC 55.099 164.699 16.56 33.9881 -6.8569 0.0045 352.991 90.9752 300.364 783.234 781.49 4.640
2019 01 05 19 25 38.580 RTC -8.148 -71.583 571.18 33.9881 -6.8569 0.0045 51.3512 74.1653 300.028 637.468 639.43 5.627
2019 01 20 01 32 51.480 RTC -30.073 -71.423 53.04 33.9881 -6.8569 0.0045 48.6546 88.1724 298.329 762.869 766.19 4.744
2019 01 22 19 01 43.580 RTC -43.115 42.324 13.0 33.9881 -6.8569 0.0045 321.03 88.9243 301.494 774.934 775.59 4.687
