2011 05 15 13 08 15.420 KAD 0.458 -25.608 18.9 10.435 7.6414 0.0 72.1761 34.5084 303.223 408.813 407.04 8.652
2011 11 07 22 35 25.320 KAD 11.691 -85.783 177.2 10.435 7.6414 0.0 79.1561 91.2219 302.143 765.828 764.82 4.631
2011 11 17 01 57 04.790 KAD -1.747 -81.705 19.6 10.435 7.6414 0.0 79.6182 89.6696 306.106 781.321 776.59 4.650
2011 11 22 18 48 16.290 KAD -15.308 -65.163 560.3 10.435 7.6414 0.0 75.1055 76.5021 301.286 653.001 653.03 5.471
2011 12 07 22 23 07.780 KAD -27.932 -71.134 13.8 10.435 7.6414 0.0 75.5607 85.0912 303.42 757.644 755.79 5.011
2011 12 11 09 54 56.480 KAD -56.049 -28.213 130.6 10.435 7.6414 0.0 37.1327 72.6403 301.173 673.697 674.43 5.899
2011 12 27 15 21 57.570 KAD 51.834 95.964 12.8 10.435 7.6414 0.0 275.177 80.8522 301.349 733.783 733.25 5.349
2012 03 25 22 37 06.560 TORO -35.203 -72.126 28.2 10.986 8.118 0.0 75.4846 88.4184 300.834 769.28 769.83 4.741
2012 04 11 08 38 37.800 IFE 2.237 93.014 26.3 7.55 4.547 0.08 277.439 88.1912 304.358 771.561 768.60 4.767
2012 04 11 08 38 37.800 TORO 2.237 93.014 26.3 10.986 8.118 0.0 280.757 84.57 300.476 749.696 750.82 5.056
2012 04 11 10 43 10.530 IFE 0.767 92.428 21.6 7.55 4.547 0.08 277.477 87.7998 302.673 769.145 767.43 4.798
2012 04 11 10 43 10.530 TORO 0.767 92.428 21.6 10.986 8.118 0.0 280.893 84.2688 297.584 747.074 750.00 5.079
2012 04 14 10 56 18.310 IFE -57.575 -65.372 8.4 7.55 4.547 0.08 69.0182 85.7886 302.33 761.022 760.32 4.950
2012 04 14 10 56 18.310 TORO -57.575 -65.372 8.4 10.986 8.118 0.0 70.2994 90.5256 300.8 782.51 782.98 4.640
2012 04 15 05 57 40.120 TORO 2.581 90.335 25.0 10.986 8.118 0.0 280.665 81.8764 295.809 732.71 737.11 5.258
2012 04 17 03 50 15.280 IFE -32.637 -71.564 29.7 7.55 4.547 0.08 76.1176 82.4876 302.578 741.3 740.01 5.209
2012 04 17 03 50 15.280 TORO -32.637 -71.564 29.7 10.986 8.118 0.0 75.2602 87.3197 303.147 765.888 764.34 4.826
2012 04 17 19 03 57.120 IFE -59.187 -16.807 13.6 7.55 4.547 0.08 22.7998 68.6889 299.798 662.68 664.32 6.222
2012 04 17 19 03 57.120 TORO -59.187 -16.807 13.6 10.986 8.118 0.0 25.6728 72.7788 296.131 683.032 689.27 5.923
2012 05 01 22 43 35.30 TORO 14.454 -93.042 28.7 10.986 8.118 0.0 76.5403 97.8828 308.641 820.636 812.73 4.499
2012 05 14 10 00 39.800 IFE -17.796 -69.792 108.7 7.55 4.547 0.08 77.8425 77.5646 302.248 704.467 704.15 5.558
2012 05 14 10 00 39.800 NSU -17.796 -69.792 108.7 6.867 7.417 0.006 79.4725 80.0168 304.92 721.131 717.53 5.378
2012 05 14 10 00 39.800 TORO -17.796 -69.792 108.7 10.986 8.118 0.0 75.8048 82.0433 302.029 729.231 728.35 5.222
2012 05 20 02 03 53.990 TORO 44.873 11.222 17.7 10.986 8.118 0.0 185.474 33.8718 306.164 406.186 402.60 8.684
2012 05 28 05 07 23.520 IFE -28.021 -63.113 591.1 7.55 4.547 0.08 72.3652 74.2069 302.341 638.839 637.85 5.617
2012 05 28 05 07 23.520 NSU -28.021 -63.113 591.1 6.867 7.417 0.006 74.4966 76.2857 303.301 651.791 649.33 5.472
2012 05 28 05 07 23.520 TORO -28.021 -63.113 591.1 10.986 8.118 0.0 71.2804 78.9991 301.991 664.486 664.03 5.270
2012 06 02 07 52 54.600 IFE -22.101 -63.657 539.4 7.55 4.547 0.08 74.3002 72.9879 301.854 635.273 635.21 5.724
2012 06 02 07 52 54.600 NSU -22.101 -63.657 539.4 6.867 7.417 0.006 76.2044 75.2716 304.909 651.319 648.06 5.567
2012 06 02 07 52 54.600 TORO -22.101 -63.657 539.4 10.986 8.118 0.0 72.7012 77.6449 305.304 664.72 661.18 5.398
2012 06 04 00 45 16.380 IFE 5.294 -82.632 15.0 7.55 4.547 0.08 82.7767 86.5285 303.781 765.42 762.30 4.898
2012 06 04 00 45 16.380 TORO 5.294 -82.632 15.0 10.986 8.118 0.0 79.0634 89.739 305.407 782.042 777.60 4.647
2012 06 04 03 15 24.590 IFE 5.45 -82.563 9.5 7.55 4.547 0.08 82.7921 86.4408 303.603 765.032 762.79 4.906
2012 06 04 03 15 24.590 NSU 5.45 -82.563 9.5 6.867 7.417 0.006 83.2105 89.3382 308.278 783.698 776.68 4.680
2012 06 04 03 15 24.590 TORO 5.45 -82.563 9.5 10.986 8.118 0.0 79.0706 89.6422 308.161 785.586 778.07 4.656
2012 06 07 04 05 04.70 IFE -36.051 -70.854 5.8 7.55 4.547 0.08 75.2726 82.7598 301.664 745.612 745.24 5.195
2012 06 07 04 05 04.70 NSU -36.051 -70.854 5.8 6.867 7.417 0.006 77.5569 84.6077 305.85 759.791 754.65 5.051
2012 06 07 04 05 04.70 TORO -36.051 -70.854 5.8 10.986 8.118 0.0 74.7096 87.6346 302.597 771.55 769.69 4.806
2012 06 07 16 03 18.520 IFE -15.911 -72.472 106.7 7.55 4.547 0.08 79.0873 79.7048 301.667 716.166 716.07 5.402
2012 06 07 16 03 18.520 NSU -15.911 -72.472 106.7 6.867 7.417 0.006 80.6029 82.2206 304.095 732.586 729.39 5.211
2012 06 07 16 03 18.520 TORO -15.911 -72.472 106.7 10.986 8.118 0.0 76.8724 84.0948 304.347 741.85 739.10 5.066
2012 06 10 12 44 16.360 IFE 36.384 28.967 32.0 7.55 4.547 0.08 223.772 36.3347 302.531 422.19 421.61 8.533
2012 06 10 12 44 16.360 TORO 36.384 28.967 32.0 10.986 8.118 0.0 221.924 31.5369 304.278 382.941 379.87 8.796
2012 06 23 04 34 53.600 TORO 3.002 97.911 101.9 10.986 8.118 0.0 280.889 89.2327 298.579 761.993 764.40 4.665
2012 06 29 21 07 32.950 AWK 43.433 84.612 17.1 6.243 7.112 0.008 265.95 76.6585 306.765 714.836 709.77 5.654
2012 06 29 21 07 32.950 IFE 43.433 84.612 17.1 7.55 4.547 0.08 268.704 77.6414 301.056 715.124 715.21 5.584
2012 06 29 21 07 32.950 TORO 43.433 84.612 17.1 10.986 8.118 0.0 268.85 72.7365 300.88 686.945 686.86 5.945
2012 07 25 00 27 45.820 AWK 2.625 96.11 28.6 6.243 7.112 0.008 276.151 88.7233 299.475 768.676 770.78 4.724
2012 07 25 00 27 45.820 TORO 2.625 96.11 28.6 10.986 8.118 0.0 280.822 87.5365 299.281 763.464 765.11 4.817
2012 07 26 05 33 33.860 AWK -17.55 66.29 16.2 6.243 7.112 0.008 286.675 63.0261 296.261 621.422 626.47 6.640
2012 07 26 05 33 33.860 TORO -17.55 66.29 16.2 10.986 8.118 0.0 291.927 64.0693 297.473 629.615 633.52 6.566
2013 07 15 14 03 41.730 TORO -61.052 -25.227 19.9 10.986 8.118 0.0 33.7176 76.4883 297.177 704.459 709.59 5.650
2013 07 17 02 37 43.740 TORO -15.666 -71.745 13.0 10.986 8.118 0.0 76.6843 83.3577 306.899 752.172 746.97 5.151
2013 07 21 23 45 55.920 TORO 34.504 104.26 5.1 10.986 8.118 0.0 282.454 88.8539 300.3 774.402 774.80 4.724
2013 07 22 07 01 41.750 TORO -46.094 34.861 3.2 10.986 8.118 0.0 329.876 61.6901 294.384 612.656 620.88 6.726
2013 07 26 21 33 00.60 TORO -58.035 -24.28 17.0 10.986 8.118 0.0 33.2398 73.6975 297.39 689.338 694.06 5.856
2013 08 13 15 43 15.910 TORO 5.718 -78.125 18.6 10.986 8.118 0.0 79.4748 85.2526 309.297 763.387 755.36 5.004
2013 08 17 16 32 31.830 TORO -34.886 54.127 10.9 10.986 8.118 0.0 307.596 63.0735 293.188 619.359 628.41 6.630
2013 10 04 17 26 14.250 TORO -38.707 78.5 11.0 10.986 8.118 0.0 290.914 81.951 314.65 753.41 740.35 5.245
