2007 07 22 13 26 53 AVE -8.0859 -71.2071 633.7 33.2981 -7.4133 0.0 51.7329 73.1501 306.041 635.313 628.52 5.668
2007 07 22 15 34 39 AVE -22.2136 -65.7495 290.6 33.2981 -7.4133 0.0 46.7062 78.3458 305.677 695.362 689.40 5.433
2007 08 01 22 55 29 AVE -0.1853 -17.7754 17.6 33.2981 -7.4133 0.0 15.3422 34.7052 302.72 412.342 410.25 8.631
2007 08 16 23 40 52 AVE -13.3836 -76.5555 41.2 33.2981 -7.4133 0.0 52.508 80.5304 305.37 734.536 728.46 5.352
2007 08 17 05 16 37 AVE -14.2784 -76.0919 24.7 33.2981 -7.4133 0.0 52.2362 80.7168 302.913 735.293 731.71 5.341
2007 08 17 11 35 38 AVE -14.2544 -76.2006 31.8 33.2981 -7.4133 0.0 52.2764 80.7856 296.49 728.199 731.03 5.335
2007 09 11 01 49 14 AVE 3.0005 -77.9001 29.0 33.2981 -7.4133 0.0 56.0663 72.0744 298.677 681.36 681.49 5.986
2007 10 03 17 59 57 AVE 54.5424 -161.776 44.5 33.2981 -7.4133 0.0 21.2456 89.7645 309.308 783.206 772.03 4.664
2007 11 15 15 40 40 AVE -22.3208 -69.7803 33.6 33.2981 -7.4133 0.0 48.6652 81.1789 308.689 742.231 733.18 5.297
2007 12 14 05 20 13 AVE -23.1885 -70.4177 41.7 33.2981 -7.4133 0.0 48.8721 82.1907 311.886 749.776 737.54 5.219
2007 12 14 07 23 39 AVE -23.2335 -70.5276 30.6 33.2981 -7.4133 0.0 48.9196 82.2963 301.67 741.528 739.51 5.214
2007 12 17 08 09 15 AVE -22.8877 -70.1289 57.0 33.2981 -7.4133 0.0 48.7668 81.7933 303.353 737.404 733.70 5.241
2008 01 10 08 26 35 AVE 32.4042 85.2551 27.7 33.2981 -7.4133 0.0 300.0 75.0227 309.898 709.734 697.92 5.782
2008 02 05 17 01 16 AVE -20.1855 -69.9476 42.8 33.2981 -7.4133 0.0 49.0092 79.8978 313.843 739.432 725.17 5.396
2008 02 09 09 38 10 AVE 10.7251 -41.902 4.1 33.2981 -7.4133 0.0 49.1989 38.791 301.288 447.779 445.98 8.388
2008 02 17 14 44 58 AVE -21.3193 -68.3628 131.8 33.2981 -7.4133 0.0 48.1193 79.5323 312.653 726.109 713.10 5.397
2008 02 22 02 46 17 AVE 77.0612 18.5685 10.5 33.2981 -7.4133 0.0 211.011 45.4108 300.703 499.697 497.90 7.935
2008 02 22 14 15 50 AVE 41.1003 -114.876 10.0 33.2981 -7.4133 0.0 54.1368 80.3343 310.487 742.524 730.06 5.402
2008 05 13 06 28 00 AVE 31.0636 103.372 7.6 33.2981 -7.4133 0.0 308.44 88.5375 305.27 779.267 772.26 4.759
2008 05 24 19 35 26 AVE 7.3593 -34.891 10.0 33.2981 -7.4133 0.0 40.8162 36.2424 309.441 433.427 423.82 8.546
2008 05 26 08 21 38 AVE 32.6031 105.377 14.0 33.2981 -7.4133 0.0 309.442 88.9008 301.203 775.81 772.86 4.730
2008 05 30 15 45 58 AVE 63.9564 -20.9875 10.0 33.2981 -7.4133 0.0 158.113 31.823 300.672 385.885 384.54 8.793
2008 06 28 11 40 16 AVE 10.996 91.841 27.6 33.2981 -7.4133 0.0 304.213 91.6442 298.704 784.267 784.16 4.633
2008 07 06 02 11 56 AVE 53.9462 152.863 646.1 33.2981 -7.4133 0.0 343.577 91.4499 306.717 726.127 717.58 4.602
2008 07 09 09 12 56 AVE -15.9861 -71.7482 122.6 33.2981 -7.4133 0.0 50.3846 78.5023 309.794 718.688 708.33 5.477
2008 08 06 09 49 18 AVE 32.8105 105.503 10.8 33.2981 -7.4133 0.0 309.505 88.8508 308.575 783.48 773.16 4.735
2008 08 12 23 38 34 AVE -0.9785 -21.7975 16.2000009766 33.2981 -7.4133 0.0 20.3781 36.6908 303.494 430.391 427.47 8.511
2008 08 26 13 22 00 AVE 31.0612 83.6521 25.5 33.2981 -7.4133 0.0 299.663 74.5038 308.888 706.061 695.28 5.822
2008 08 29 15 22 11 AVE -0.0245 -17.4395 4.5 33.2981 -7.4133 0.0 14.9318 34.4633 312.565 422.109 410.17 8.649
2008 08 31 08 30 46 AVE 26.3088 101.895 2.4 33.2981 -7.4133 0.0 307.774 90.4404 305.678 789.493 782.16 4.642
2008 09 04 11 25 07 AVE -26.83 -63.1933 570.6 33.2981 -7.4133 0.0 44.7045 79.8889 303.569 674.869 671.18 5.208
2008 09 11 11 00 30 AVE 26.7723 55.8332 12.0 33.2981 -7.4133 0.0 293.139 54.418 302.379 570.168 566.25 7.280
2008 09 11 13 08 04 AVE 8.1265 -38.6802 3.1 33.2981 -7.4133 0.0 44.6213 38.232 309.114 451.07 441.64 8.422
2008 09 25 02 33 02 AVE 17.5209 -105.455 10.0 33.2981 -7.4133 0.0 56.1384 87.0365 301.208 767.854 765.08 4.869
2008 10 07 08 30 33 AVE 29.8445 90.3787 6.4 33.2981 -7.4133 0.0 302.614 80.1017 300.809 732.381 729.70 5.416
2008 10 12 10 40 11 AVE 19.1935 -64.826 25.7 33.2981 -7.4133 0.0 62.3937 52.7804 312.871 566.653 552.46 7.393
2008 10 13 20 55 31 AVE -20.1808 -64.9821 357.8 33.2981 -7.4133 0.0 46.6496 76.437 303.44 675.756 672.00 5.547
2008 10 17 19 41 23 AVE 14.541 -92.3345 83.5 33.2981 -7.4133 0.0 58.5285 77.9874 300.39 710.679 708.69 5.542
2008 10 29 23 09 42 AVE 30.5928 67.3746 18.8 33.2981 -7.4133 0.0 294.004 62.2118 313.137 634.332 619.43 6.710
2008 10 30 11 32 28 AVE 30.4973 67.5633 2.9 33.2981 -7.4133 0.0 294.11 62.3993 311.933 636.955 623.26 6.700
2008 11 23 18 49 38 AVE -1.1892 -14.0194 8.0 33.2981 -7.4133 0.0 9.70363 34.8642 306.636 419.114 413.21 8.623
2008 11 25 09 02 57 AVE 54.2201 154.293 505.3 33.2981 -7.4133 0.0 344.754 91.4157 300.454 732.39 730.09 4.615
2009 03 07 10 50 27 AVE 80.3143 -1.9637 14.2 33.2981 -7.4133 0.0 186.225 47.1786 304.84 517.146 511.15 7.807
2009 03 07 10 50 27 SFS 80.3143 -1.9637 14.2 36.4656 -6.2055 0.005 184.924 43.9993 302.497 489.593 485.91 8.035
2009 03 13 23 23 23 AVE 5.518 -82.7165 10.7 33.2981 -7.4133 0.0 57.1229 74.7101 302.64 703.665 699.70 5.797
2009 04 18 02 07 56 AVE -19.5806 -70.5024 28.7 33.2981 -7.4133 0.0 49.3388 79.8995 313.542 740.953 726.97 5.400
2009 05 29 08 24 42 SFS 16.8078 -86.243 29.0 36.4656 -6.2055 0.005 56.4396 72.3236 302.508 686.498 682.38 5.974
2009 05 29 08 24 47 SFS 20.28 -86.6 10.0 36.4656 -6.2055 0.005 57.3557 70.7207 302.502 679.711 675.52 6.098
2009 06 07 20 33 17 AVE 23.8302 -46.2162 14.6 33.2981 -7.4133 0.0 65.5917 35.1929 300.708 414.862 413.10 8.614
2009 07 05 06 49 28 AVE 9.7523 -79.0221 48.6 33.2981 -7.4133 0.0 58.127 69.3643 300.398 664.144 662.36 6.180
2009 08 11 19 55 31 SFS 14.0522 92.8685 30.7 36.4656 -6.2055 0.005 307.233 88.8884 308.753 780.972 770.76 4.718
2009 08 21 06 34 56 SFS 72.2089 0.9513 9.5 36.4656 -6.2055 0.005 189.837 36.0034 308.109 429.595 420.59 8.569
2009 10 30 17 44 25 AVE 36.3822 70.7684 213.9 33.2981 -7.4133 0.0 292.505 62.5401 304.876 606.711 600.01 6.619
2009 10 30 17 44 25 SFS 36.3822 70.7684 213.9 36.4656 -6.2055 0.005 295.239 60.2573 300.632 587.133 584.68 6.782
2009 11 14 03 05 48 SFS -19.469 -70.4181 36.0 36.4656 -6.2055 0.005 47.0987 82.2515 309.207 748.051 738.44 5.217
2009 11 15 19 44 18 AVE -22.9595 -66.5863 214.3 33.2981 -7.4133 0.0 47.0232 79.4177 309.856 713.501 703.36 5.378
2009 11 18 15 30 39 AVE 51.9622 -131.598 8.7 33.2981 -7.4133 0.0 44.388 82.0623 301.648 742.876 739.21 5.269
2010 01 11 00 27 37 SFS 40.6654 -124.467 20.6 36.4656 -6.2055 0.005 45.4932 84.6193 300.254 752.77 750.56 5.073
2010 01 13 21 53 04 SFS 18.3823 -72.588 15.0 36.4656 -6.2055 0.005 58.0459 60.517 305.108 615.548 608.99 6.833
2010 03 05 22 39 21 AVE -22.2651 -68.4579 108.4 33.2981 -7.4133 0.0 48.04 80.2269 314.573 734.43 719.52 5.350
2010 03 09 02 32 30 AVE 38.7884 40.044 12.2 33.2981 -7.4133 0.0 276.815 38.4219 300.141 442.038 440.58 8.417
2010 03 27 14 52 06 AVE -28.0601 -70.9122 41.4 33.2981 -7.4133 0.0 48.7295 85.723 306.458 762.329 755.64 4.940
2010 03 31 16 54 45 AVE 13.6128 92.8746 38.5 33.2981 -7.4133 0.0 304.495 91.0105 302.496 783.582 779.63 4.638
2010 04 05 22 40 38 SFS 32.2764 -115.263 5.2 36.4656 -6.2055 0.005 49.9198 84.7491 310.246 766.117 754.01 5.063
2010 04 14 23 49 28 SFS 33.1928 96.7466 13.8 36.4656 -6.2055 0.005 307.123 80.1577 311.792 742.332 728.60 5.412
2010 05 07 02 42 48 SFS -18.0961 -70.5865 46.8 36.4656 -6.2055 0.005 47.3117 81.4408 306.382 739.728 732.91 5.274
2010 05 25 16 18 14 SFS -8.1152 -71.6412 582.1 36.4656 -6.2055 0.005 49.1973 75.5926 307.876 655.077 646.48 5.520
2010 06 02 03 26 04 AVE 9.3208 -84.1898 28.4 33.2981 -7.4133 0.0 58.0499 73.9184 311.46 705.092 692.20 5.855
2010 07 13 00 11 15 AVE -22.2789 -68.3159 109.4 33.2981 -7.4133 0.0 47.9695 80.1384 302.81 722.079 718.94 5.357
2010 08 13 11 54 15 AVE -1.2779 -77.3694 206.5 33.2981 -7.4133 0.0 54.9154 74.0455 298.463 672.888 673.36 5.781
2010 08 13 11 54 15 SFS -1.2779 -77.3694 206.5 36.4656 -6.2055 0.005 51.9394 75.6945 307.765 691.602 682.81 5.663
2011 01 02 09 56 43 AVE -26.8513 -63.2373 584.3 33.2981 -7.4133 0.0 44.7265 79.9317 306.222 676.557 670.22 5.200
2011 01 02 09 56 43 SFS -26.8513 -63.2373 584.3 36.4656 -6.2055 0.005 42.9803 82.7587 299.515 684.246 684.66 4.988
2011 01 19 20 23 09 AVE 28.6831 63.9948 79.9 33.2981 -7.4133 0.0 293.951 60.2958 312.094 613.172 599.38 6.830
2011 01 19 20 23 09 SFS 28.6831 63.9948 79.9 36.4656 -6.2055 0.005 297.186 58.5015 297.476 586.139 586.99 6.957
2011 02 05 13 53 41 AVE 24.6094 94.7347 86.5 33.2981 -7.4133 0.0 304.861 86.2236 300.648 753.365 751.03 4.917
2011 02 05 13 53 41 SFS 24.6094 94.7347 86.5 36.4656 -6.2055 0.005 307.257 83.9264 306.913 748.147 739.49 5.102
2011 02 26 13 07 18 AVE 17.8214 -95.1708 130.600007812 33.2981 -7.4133 0.0 58.6135 78.613 303.312 711.648 706.67 5.485
2011 02 26 13 07 18 SFS 17.8214 -95.1708 130.600007812 36.4656 -6.2055 0.005 55.2426 78.821 308.665 718.092 707.77 5.471
2011 03 07 12 31 50 AVE -18.2064 -69.5006 114.5 33.2981 -7.4133 0.0 49.0963 78.2885 299.983 708.626 708.18 5.494
2011 08 25 17 46 00 AVE -7.6203 -74.538 149.3 33.2981 -7.4133 0.0 52.8549 75.4785 307.378 696.341 688.12 5.689
2011 08 25 17 46 00 SFS -7.6203 -74.538 149.3 36.4656 -6.2055 0.005 50.1263 77.4621 308.517 708.612 699.29 5.549
2011 09 03 13 47 02 AVE -28.4135 -63.136 592.7 33.2981 -7.4133 0.0 44.4853 80.9766 306.308 681.308 674.92 5.119
2011 09 03 13 47 02 SFS -28.4135 -63.136 592.7 36.4656 -6.2055 0.005 42.8014 83.8377 307.456 696.786 689.29 4.898
2011 09 10 19 41 25 AVE 49.3886 -127.065 15.4 33.2981 -7.4133 0.0 47.3398 81.7854 307.436 746.144 736.70 5.290
2011 09 19 12 40 43 AVE 27.8039 88.1536 29.6 33.2981 -7.4133 0.0 302.043 79.5389 306.917 731.829 723.07 5.452
2011 09 19 12 40 43 SFS 27.8039 88.1536 29.6 36.4656 -6.2055 0.005 304.51 77.2734 300.635 713.01 710.50 5.618
2011 10 24 10 41 20 SFS 38.7294 43.4465 7.6 36.4656 -6.2055 0.005 282.629 39.0203 298.474 446.077 446.22 8.380
2011 10 29 18 54 33 AVE -14.5572 -76.1207 29.0 33.2981 -7.4133 0.0 52.2106 80.9087 311.417 744.193 732.11 5.325
2011 10 29 18 54 33 SFS -14.5572 -76.1207 29.0 36.4656 -6.2055 0.005 49.6963 83.0933 300.431 744.629 743.59 5.161
2011 11 08 22 35 24 SFS 11.6918 -85.7838 177.2 36.4656 -6.2055 0.005 55.2363 74.8123 302.866 684.747 680.41 5.741
2011 11 18 01 56 49 AVE -1.7479 -81.7057 19.6 33.2981 -7.4133 0.0 55.5518 77.8731 313.142 730.721 716.46 5.561
2011 11 23 18 48 14 AVE -15.3083 -65.1634 560.3 33.2981 -7.4133 0.0 47.6991 73.2684 301.068 637.108 635.60 5.686
2011 11 23 18 48 14 SFS -15.3083 -65.1634 560.3 36.4656 -6.2055 0.005 45.4423 75.7669 302.161 652.202 649.64 5.513
2011 12 08 22 23 07 AVE -27.9324 -71.1344 13.8 33.2981 -7.4133 0.0 48.85 85.787 300.155 760.327 759.94 4.941
2011 12 12 01 47 23 AVE 17.9024 -99.9298 65.4 33.2981 -7.4133 0.0 57.5737 82.4186 308.226 744.305 734.44 5.218
2011 12 28 15 21 54 AVE 51.8349 95.9643 12.8 33.2981 -7.4133 0.0 301.074 72.0448 308.13 692.448 682.30 6.011
2012 01 31 05 10 50 AVE -14.2139 -75.6584 34.2 33.2981 -7.4133 0.0 52.0956 80.3455 308.041 737.045 728.33 5.368
2012 01 31 05 10 50 SFS -14.2139 -75.6584 34.2 36.4656 -6.2055 0.005 49.5784 82.531 306.09 746.614 739.90 5.201
2012 02 27 06 17 15 AVE 51.8008 95.9804 13.0 33.2981 -7.4133 0.0 301.095 72.071 299.692 684.135 682.42 6.009
2012 02 27 06 17 15 SFS 51.8008 95.9804 13.0 36.4656 -6.2055 0.005 302.441 69.0114 304.357 670.08 663.65 6.231
2012 03 06 07 45 58 AVE -28.2579 -63.2916 551.9 33.2981 -7.4133 0.0 44.5915 80.9623 308.496 686.989 678.41 5.138
2012 03 06 07 45 58 SFS -28.2579 -63.2916 551.9 36.4656 -6.2055 0.005 42.8971 83.8173 301.667 694.512 692.80 4.917
2012 03 21 18 02 47 AVE 16.4734 -98.3694 19.4 33.2981 -7.4133 0.0 57.7572 81.9183 308.71 747.991 737.66 5.264
2012 03 21 18 02 47 SFS 16.4734 -98.3694 19.4 36.4656 -6.2055 0.005 54.417 82.0929 302.307 742.458 738.54 5.250
2012 04 03 17 36 35 AVE 16.3729 -98.4615 16.2999990234 33.2981 -7.4133 0.0 57.7261 82.0464 306.965 747.433 738.85 5.254
2012 04 12 22 41 38 AVE 43.5513 -127.629 16.4 33.2981 -7.4133 0.0 46.5054 86.0601 308.42 768.796 758.48 4.958
2012 04 12 22 55 10 AVE 18.2042 -102.876 27.6 33.2981 -7.4133 0.0 56.8672 84.6131 307.152 759.042 750.27 5.061
2012 04 12 22 55 10 SFS 18.2042 -102.876 27.6 36.4656 -6.2055 0.005 53.5404 84.5638 300.376 751.971 749.98 5.065
2012 04 13 07 15 46 AVE 28.8386 -113.127 10.0 33.2981 -7.4133 0.0 53.8841 86.3764 304.291 767.544 761.50 4.927
2012 05 15 10 00 28 AVE -17.7968 -69.7926 108.7 33.2981 -7.4133 0.0 49.2878 78.2326 308.21 717.203 708.51 5.499
2012 05 15 10 00 28 SFS -17.7968 -69.7926 108.7 36.4656 -6.2055 0.005 47.022 80.6842 306.161 728.403 721.81 5.316
2012 05 29 05 07 13 AVE -28.021 -63.1134 591.1 33.2981 -7.4133 0.0 44.5166 80.6837 303.958 677.593 673.55 5.142
2012 05 29 05 07 13 SFS -28.021 -63.1134 591.1 36.4656 -6.2055 0.005 42.8185 83.5373 305.07 693.063 687.95 4.923
2012 06 03 07 52 44 AVE -22.1017 -63.6574 539.4 33.2981 -7.4133 0.0 45.6441 76.8694 308.91 666.828 657.68 5.444
2012 06 03 07 52 44 SFS -22.1017 -63.6574 539.4 36.4656 -6.2055 0.005 43.7013 79.5814 304.315 676.727 672.21 5.241
2012 06 05 03 15 15 AVE 5.4503 -82.5631 9.5 33.2981 -7.4133 0.0 57.0992 74.6184 313.293 713.983 699.37 5.804
2012 06 05 03 15 15 SFS 5.4503 -82.5631 9.5 36.4656 -6.2055 0.005 53.9032 75.8113 304.228 711.754 706.23 5.714
2012 06 08 16 03 14 AVE -15.9117 -72.4723 106.7 33.2981 -7.4133 0.0 50.6818 78.993 304.31 717.695 712.81 5.447
2012 06 25 03 14 58 AVE 57.5012 163.415 16.0 33.2981 -7.4133 0.0 352.327 89.2205 304.21 779.54 773.44 4.714
2012 06 30 21 07 26 AVE 43.4335 84.6125 17.1 33.2981 -7.4133 0.0 296.556 69.3431 308.889 676.178 665.32 6.203
2012 08 03 09 38 18 AVE -8.454 -74.2726 148.8 33.2981 -7.4133 0.0 52.6083 75.771 313.403 704.089 689.87 5.671
2012 08 12 12 23 12 AVE 38.4023 46.838 8.7 33.2981 -7.4133 0.0 280.553 43.7417 306.842 493.111 484.83 8.054
2012 08 12 12 23 12 SFS 38.4023 46.838 8.7 36.4656 -6.2055 0.005 284.378 41.6816 299.165 468.658 468.05 8.199
2012 08 12 12 34 33 AVE 38.3798 46.7958 18.9 33.2981 -7.4133 0.0 280.557 43.7132 301.385 485.829 483.01 8.053
2012 08 12 12 34 33 SFS 38.3798 46.7958 18.9 36.4656 -6.2055 0.005 284.386 41.655 299.976 467.661 466.25 8.198
2012 08 31 13 43 20 AVE 71.4464 -11.0341 11.1 33.2981 -7.4133 0.0 175.1 38.2578 313.806 454.227 439.61 8.426
2012 09 06 14 42 02 AVE 10.0242 -85.3884 20.7 33.2981 -7.4133 0.0 58.1935 74.5528 307.914 706.351 696.98 5.809
2012 09 26 23 45 19 AVE 24.7742 -110.184 8.10000048828 33.2981 -7.4133 0.0 54.9091 86.5934 303.772 768.47 763.00 4.907
2012 10 01 16 31 31 AVE 1.9079 -76.3716 155.2 33.2981 -7.4133 0.0 55.5522 71.421 302.401 666.922 663.38 5.992
2012 10 01 16 31 31 SFS 1.9079 -76.3716 155.2 36.4656 -6.2055 0.005 52.475 72.9665 305.963 679.633 672.56 5.880
2012 10 25 00 45 33 AVE 10.0745 -85.3716 22.3 33.2981 -7.4133 0.0 58.2058 74.5124 308.497 706.468 696.51 5.812
2012 10 29 03 03 55 AVE 52.6777 -132.172 7.4 33.2981 -7.4133 0.0 44.0416 81.7943 297.668 737.695 738.01 5.292
2012 10 29 18 54 18 AVE 52.5384 -132.659 5.1 33.2981 -7.4133 0.0 43.6725 82.1005 305.313 747.329 740.00 5.267
2012 11 08 16 35 46 AVE 14.0318 -92.0669 38.7 33.2981 -7.4133 0.0 58.4737 78.0307 309.526 725.157 714.04 5.553
2012 11 11 14 57 43 AVE -8.9367 -75.0884 128.600007812 33.2981 -7.4133 0.0 52.7571 76.7031 307.203 705.418 697.40 5.612
2012 11 11 14 57 43 SFS -8.9367 -75.0884 128.600007812 36.4656 -6.2055 0.005 50.0671 78.7191 306.768 716.123 708.58 5.464
2012 11 15 19 02 03 AVE -29.1789 -71.3863 61.5 33.2981 -7.4133 0.0 48.9184 86.7706 300.9 759.563 758.46 4.851
2012 11 16 09 20 19 AVE 18.1995 -100.525 57.9 33.2981 -7.4133 0.0 57.4625 82.7376 311.333 749.924 736.95 5.198
2013 01 06 08 58 18 AVE 55.2347 -134.801 3.1 33.2981 -7.4133 0.0 42.3576 80.9901 305.696 742.146 734.42 5.357
2013 01 29 16 38 48 AVE 42.5824 79.7217 14.3 33.2981 -7.4133 0.0 294.167 66.4653 307.104 656.747 647.71 6.410
2013 01 29 16 38 48 SFS 42.5824 79.7217 14.3 36.4656 -6.2055 0.005 296.36 63.8171 300.31 632.696 630.43 6.603
2013 01 31 20 15 35 AVE -28.1096 -70.8883 46.1 33.2981 -7.4133 0.0 48.7145 85.7396 304.76 760.167 755.18 4.937
2013 01 31 20 15 35 SFS -28.1096 -70.8883 46.1 36.4656 -6.2055 0.005 46.7993 88.4441 300.201 768.653 768.28 4.724
2013 02 10 14 15 59 AVE 1.0345 -77.462 144.2 33.2981 -7.4133 0.0 55.4927 72.8107 310.955 684.96 672.87 5.895
2013 02 10 14 15 59 SFS 1.0345 -77.462 144.2 36.4656 -6.2055 0.005 52.4402 74.3594 307.49 690.511 681.92 5.780
2013 02 15 13 13 48 AVE 67.5173 142.702 8.9 33.2981 -7.4133 0.0 334.641 76.9904 301.415 714.876 711.41 5.653
2013 02 15 13 13 48 SFS 67.5173 142.702 8.9 36.4656 -6.2055 0.005 334.295 73.6951 305.523 699.998 692.35 5.895
2013 02 23 12 01 55 AVE -27.9052 -63.1349 585.6 33.2981 -7.4133 0.0 44.5422 80.6148 303.447 677.205 673.67 5.150
2013 04 10 11 52 46 AVE 28.4463 51.629 12.8 33.2981 -7.4133 0.0 291.093 50.3342 303.151 540.438 535.80 7.576
2013 04 17 10 44 12 AVE 27.9704 62.136 63.1 33.2981 -7.4133 0.0 293.841 59.0851 305.77 600.334 592.90 6.923
2013 04 17 10 44 12 SFS 27.9704 62.136 63.1 36.4656 -6.2055 0.005 297.173 57.368 304.503 587.028 580.89 7.046
2013 04 23 01 16 30 AVE 18.0412 -102.198 31.5 33.2981 -7.4133 0.0 57.0289 84.1611 300.676 749.713 747.41 5.095
2013 05 12 02 08 09 AVE 26.6583 57.8438 15.1 33.2981 -7.4133 0.0 293.616 56.1138 311.461 591.005 577.97 7.156
2013 05 25 05 44 44 AVE 54.815 153.391 607.0 33.2981 -7.4133 0.0 344.015 90.7 308.924 728.328 717.56 4.618
2013 05 25 05 44 44 SFS 54.815 153.391 607.0 36.4656 -6.2055 0.005 343.661 87.4066 303.252 707.397 702.26 4.670
2013 06 25 22 04 11 AVE 10.6905 -42.6687 17.5 33.2981 -7.4133 0.0 49.6287 39.3856 305.808 455.203 448.86 8.343
2013 06 25 22 04 11 SFS 10.6905 -42.6687 17.5 36.4656 -6.2055 0.005 46.0315 41.732 306.468 475.258 468.30 8.182
2013 07 22 23 45 48 AVE 34.5047 104.261 5.1 33.2981 -7.4133 0.0 308.796 86.9807 299.397 766.31 765.10 4.883
2013 07 22 23 45 48 SFS 34.5047 104.261 5.1 36.4656 -6.2055 0.005 310.614 84.2085 306.444 759.564 751.22 5.106
2013 07 23 07 01 40 AVE -46.0946 34.8615 3.2 33.2981 -7.4133 0.0 325.68 87.775 304.892 776.416 771.87 4.779
2013 08 13 09 49 29 AVE -5.4117 -81.979 12.8 33.2981 -7.4133 0.0 55.0183 80.1705 303.376 734.672 730.29 5.391
2013 08 14 15 43 09 AVE 5.718 -78.1251 18.6 33.2981 -7.4133 0.0 56.8474 70.7695 301.042 677.346 675.03 6.085
2013 08 22 12 38 24 AVE 16.8572 -99.5188 18.9 33.2981 -7.4133 0.0 57.5532 82.6449 302.706 745.855 741.53 5.213
2013 09 05 00 23 01 AVE 51.1711 -130.267 10.0 33.2981 -7.4133 0.0 45.2679 82.0383 304.003 744.903 738.89 5.271
2013 09 06 04 01 31 AVE 15.2518 -45.2139 10.4 33.2981 -7.4133 0.0 55.3772 38.5935 302.36 446.183 443.05 8.401
2013 09 06 04 01 31 SFS 15.2518 -45.2139 10.4 36.4656 -6.2055 0.005 51.2365 40.5966 303.474 463.984 459.78 8.266
2013 09 25 11 29 47 SFS 26.9109 65.5315 15.5 36.4656 -6.2055 0.005 298.444 60.5295 306.44 616.778 608.66 6.836
2013 09 26 16 42 42 SFS -15.9001 -74.6012 38.2 36.4656 -6.2055 0.005 49.0569 82.8492 301.981 743.672 741.14 5.176
2014 01 14 04 00 55 SFS 18.9922 -66.8685 30.9 36.4656 -6.2055 0.005 58.4088 55.5877 301.305 574.819 572.17 7.185
2014 02 13 09 19 45 AVE 35.8767 82.5807 4.1 33.2981 -7.4133 0.0 297.915 71.4045 300.143 682.28 680.20 6.055
2014 02 19 09 27 04 AVE 14.596 -58.9719 28.3 33.2981 -7.4133 0.0 58.7142 50.1383 310.711 544.367 532.57 7.581
2014 02 19 09 27 04 SFS 14.596 -58.9719 28.3 36.4656 -6.2055 0.005 54.9187 51.6546 305.881 550.937 543.99 7.471
2014 03 16 08 59 14 AVE -14.1014 -76.352 10.0 33.2981 -7.4133 0.0 52.3473 80.8088 312.785 747.999 734.53 5.338
2014 03 16 08 59 14 SFS -14.1014 -76.352 10.0 36.4656 -6.2055 0.005 49.8131 82.9717 306.374 752.924 745.92 5.174
2014 03 16 23 51 28 AVE -5.6717 -80.9351 26.5 33.2981 -7.4133 0.0 54.7729 79.4689 303.586 728.948 724.37 5.441
2014 03 17 21 16 17 AVE -19.9051 -70.6156 9.4 33.2981 -7.4133 0.0 49.346 80.1907 311.134 743.139 731.57 5.382
2014 03 17 21 16 17 SFS -19.9051 -70.6156 9.4 36.4656 -6.2055 0.005 47.1395 82.6831 302.545 747.708 744.77 5.192
2014 03 18 05 11 26 AVE -20.06 -70.8284 5.3 33.2981 -7.4133 0.0 49.4205 80.443 304.06 738.099 733.60 5.363
2014 03 23 12 59 54 AVE -19.8225 -70.9441 4.4 33.2981 -7.4133 0.0 49.5021 80.3721 300.951 734.76 733.36 5.369
2014 03 24 18 20 00 AVE -19.7033 -70.7814 13.9 33.2981 -7.4133 0.0 49.4458 80.1786 302.767 733.962 730.75 5.382
2014 04 02 23 46 35 AVE -19.6193 -70.7877 17.1 33.2981 -7.4133 0.0 49.4596 80.1288 313.517 743.914 729.95 5.385
2014 04 04 01 58 24 AVE -20.3644 -70.5007 10.6 33.2981 -7.4133 0.0 49.2354 80.4069 312.938 745.906 732.55 5.365
2014 04 04 02 43 02 AVE -20.5887 -70.4905 12.0 33.2981 -7.4133 0.0 49.2025 80.5455 312.975 746.455 733.06 5.354
2014 04 04 05 26 05 AVE -20.7493 -70.5408 13.0 33.2981 -7.4133 0.0 49.2052 80.6855 309.246 743.309 733.65 5.342
2014 04 05 01 37 48 AVE -20.6075 -70.5337 19.3 33.2981 -7.4133 0.0 49.2196 80.5883 310.0 742.501 732.08 5.349
2014 04 11 23 27 41 AVE 12.4342 -86.3301 12.6 33.2981 -7.4133 0.0 58.7201 74.0872 303.811 700.826 695.49 5.848
2014 04 12 00 01 33 AVE -20.6954 -70.6616 10.4 33.2981 -7.4133 0.0 49.2664 80.7361 307.043 741.807 734.35 5.339
2014 04 12 20 29 10 AVE 11.7198 -86.014 142.3 33.2981 -7.4133 0.0 58.5678 74.1927 301.852 684.051 680.70 5.799
2014 04 16 03 56 48 AVE -53.609 8.7098 10.0 33.2981 -7.4133 0.0 346.54 87.6729 313.941 783.792 770.43 4.783
2014 04 16 03 56 48 SFS -53.609 8.7098 10.0 36.4656 -6.2055 0.005 348.024 90.6341 304.402 788.14 784.34 4.638
2014 04 19 14 27 18 AVE 17.3211 -100.994 24.4 33.2981 -7.4133 0.0 57.2611 83.585 300.154 747.312 745.54 5.142
2014 04 19 14 27 18 SFS 17.3211 -100.994 24.4 36.4656 -6.2055 0.005 53.9284 83.6369 306.609 753.986 745.76 5.139
2014 04 25 03 10 03 AVE 49.6483 -127.652 9.8 33.2981 -7.4133 0.0 46.9587 81.8894 304.452 744.629 738.17 5.283
2014 04 25 03 10 03 SFS 49.6483 -127.652 9.8 36.4656 -6.2055 0.005 44.3199 79.8438 307.554 736.778 727.13 5.443
2014 05 09 17 00 10 AVE 17.1486 -100.811 24.9 33.2981 -7.4133 0.0 57.2879 83.531 305.093 751.903 745.19 5.146
2014 05 09 17 00 10 SFS 17.1486 -100.811 24.9 36.4656 -6.2055 0.005 53.9552 83.5968 306.196 753.298 745.49 5.142
2014 05 11 07 35 58 AVE 17.0579 -100.932 23.3 33.2981 -7.4133 0.0 57.251 83.6771 302.079 749.873 746.18 5.135
2014 05 11 07 35 58 SFS 17.0579 -100.932 23.3 36.4656 -6.2055 0.005 53.9193 83.7435 302.121 750.208 746.48 5.130
2014 05 14 06 35 15 AVE 7.1451 -82.24 13.1 33.2981 -7.4133 0.0 57.4903 73.4383 299.259 692.439 691.82 5.892
2014 07 08 11 23 49 AVE 14.724 -92.4614 53.0 33.2981 -7.4133 0.0 58.5433 77.9972 303.388 717.198 712.21 5.551
2014 07 08 11 23 49 SFS 14.724 -92.4614 53.0 36.4656 -6.2055 0.005 55.19 78.44 300.306 716.518 714.63 5.517
2014 07 18 11 49 30 AVE 60.2995 -140.337 10.0 33.2981 -7.4133 0.0 38.6556 79.0577 310.607 735.428 722.77 5.499
2014 07 26 10 54 49 AVE 58.3062 -136.96 10.0 33.2981 -7.4133 0.0 41.0597 79.4821 299.104 726.265 725.11 5.469
2014 08 19 18 08 10 AVE 32.5827 47.7037 5.0 33.2981 -7.4133 0.0 286.584 45.795 300.91 504.214 501.86 7.907
2014 08 25 23 21 28 AVE -14.589 -73.45 74.4 33.2981 -7.4133 0.0 51.2531 78.8979 310.894 727.438 715.91 5.464
2014 08 25 23 21 32 AVE -14.52 -73.535 70.0 33.2981 -7.4133 0.0 51.2949 78.9192 310.887 728.048 716.53 5.464
2014 09 25 11 16 08 AVE -23.7849 -66.5888 204.5 33.2981 -7.4133 0.0 46.9153 79.9801 301.872 709.609 707.47 5.338
2014 09 26 17 51 09 AVE 61.9863 -151.916 106.9 33.2981 -7.4133 0.0 29.5145 80.8077 308.547 730.707 720.13 5.344
2014 09 26 17 51 09 SFS 61.9863 -151.916 106.9 36.4656 -6.2055 0.005 27.6599 78.0421 301.482 708.625 705.01 5.549
2014 10 08 13 49 33 AVE 23.3434 100.501 12.8 33.2981 -7.4133 0.0 307.147 91.2307 306.607 792.396 784.17 4.638
2014 10 15 03 51 31 AVE 12.5893 -88.072 63.9 33.2981 -7.4133 0.0 58.6217 75.4602 309.205 707.514 696.77 5.730
2014 11 23 08 55 23 AVE 30.314 101.803 2.0 33.2981 -7.4133 0.0 307.687 87.9342 303.829 775.915 770.34 4.807
2014 12 07 17 21 47 AVE 7.9824 -82.7339 15.0 33.2981 -7.4133 0.0 57.7129 73.4061 298.627 691.298 691.28 5.895
2014 12 07 17 21 47 SFS 7.9824 -82.7339 15.0 36.4656 -6.2055 0.005 54.4508 74.4763 300.234 699.134 697.54 5.815
2014 12 09 08 54 46 AVE 7.9401 -82.6865 20.0 33.2981 -7.4133 0.0 57.7013 73.3888 300.673 692.422 690.36 5.895
2014 12 09 08 54 46 SFS 7.9401 -82.6865 20.0 36.4656 -6.2055 0.005 54.4403 74.4625 306.648 704.647 696.64 5.815
2015 02 03 10 49 41 AVE -32.6484 -67.1501 172.7 33.2981 -7.4133 0.0 46.4523 86.4049 301.253 745.284 743.96 4.847
2015 02 12 18 57 06 AVE -23.0653 -66.6621 203.6 33.2981 -7.4133 0.0 47.0472 79.5406 312.127 717.607 705.20 5.372
2015 02 12 18 57 06 SFS -23.0653 -66.6621 203.6 36.4656 -6.2055 0.005 45.0595 82.2091 299.854 719.392 719.30 5.173
2015 03 24 04 51 34 AVE -18.3544 -69.1883 127.1 33.2981 -7.4133 0.0 48.9352 78.161 305.579 712.09 706.06 5.499
2015 03 24 04 51 34 SFS -18.3544 -69.1883 127.1 36.4656 -6.2055 0.005 46.7045 80.6439 303.8 723.726 719.52 5.313
2015 04 25 13 56 10 AVE 51.642 -130.859 6.4 33.2981 -7.4133 0.0 44.8903 81.9678 299.415 740.534 739.11 5.277
2015 04 26 06 11 24 AVE 28.1302 84.7168 13.4 33.2981 -7.4133 0.0 300.713 76.7743 310.388 722.485 710.23 5.657
2015 04 26 06 11 24 SFS 28.1302 84.7168 13.4 36.4656 -6.2055 0.005 303.264 74.5686 309.533 708.96 697.55 5.819
2015 04 26 06 45 17 AVE 28.1603 84.8433 14.7 33.2981 -7.4133 0.0 300.753 76.855 302.142 714.479 710.47 5.651
2015 04 26 06 45 17 SFS 28.1603 84.8433 14.7 36.4656 -6.2055 0.005 303.299 74.6455 301.093 700.752 697.78 5.813
2015 04 27 07 09 01 AVE 27.7365 85.9788 13.4 33.2981 -7.4133 0.0 301.248 77.9335 301.752 720.342 716.74 5.572
2015 05 13 07 05 18 AVE 27.8014 86.126 12.3 33.2981 -7.4133 0.0 301.29 78.0115 307.553 726.756 717.35 5.567
2015 05 13 07 05 18 SFS 27.8014 86.126 12.3 36.4656 -6.2055 0.005 303.811 75.7886 300.217 706.856 704.76 5.727
2015 05 13 07 36 47 AVE 27.5248 86.1418 13.8 33.2981 -7.4133 0.0 301.345 78.1667 299.138 718.958 717.97 5.555
2015 05 25 04 53 13 AVE -16.8146 -14.2615 11.7 33.2981 -7.4133 0.0 7.46234 50.2578 306.128 543.292 538.21 7.554
2015 05 25 04 53 13 SFS -16.8146 -14.2615 11.7 36.4656 -6.2055 0.005 8.07513 53.5349 310.803 572.439 562.63 7.315
2015 05 30 07 00 08 AVE 56.7079 -156.676 64.6 33.2981 -7.4133 0.0 25.3909 86.6277 308.447 765.125 754.74 4.904
2015 05 30 07 00 08 SFS 56.7079 -156.676 64.6 36.4656 -6.2055 0.005 23.5527 83.8679 303.618 746.526 740.84 5.127
2015 06 11 13 52 03 AVE -22.4098 -68.4519 121.8 33.2981 -7.4133 0.0 48.0187 80.3191 299.585 718.405 718.49 5.339
2015 06 18 12 51 31 AVE -35.3709 -17.809 27.1 33.2981 -7.4133 0.0 9.3157 69.0023 308.721 672.966 665.12 6.185
2015 07 04 01 07 35 TIO 37.4703 78.1205 19.0 30.9267 -7.26167 0.0 293.079 68.6022 300.221 662.722 660.61 6.253
2015 07 17 15 16 25 AVE 13.8008 -58.5702 19.4 33.2981 -7.4133 0.0 58.0805 50.2207 303.367 538.895 534.47 7.577
2015 07 30 02 35 53 AVE 59.9722 -153.325 121.2 33.2981 -7.4133 0.0 28.2307 82.9093 301.646 733.16 729.51 5.183
2015 07 30 02 35 53 SFS 59.9722 -153.325 121.2 36.4656 -6.2055 0.005 26.3707 80.1547 303.866 720.878 714.90 5.391
2015 09 14 08 14 07 AVE 24.913 -109.623 10.0 33.2981 -7.4133 0.0 55.132 86.0965 303.339 765.286 760.24 4.947
2015 09 19 15 59 36 AVE 15.2767 -45.9886 10.0 33.2981 -7.4133 0.0 55.7241 39.1961 303.611 452.553 448.15 8.361
2015 09 29 15 28 01 AVE -23.8 -66.6 219.0 33.2981 -7.4133 0.0 46.9191 79.9978 310.876 717.116 705.98 5.333
2015 10 27 09 09 41 AVE 36.5244 70.3676 231.0 33.2981 -7.4133 0.0 292.264 62.1873 306.849 604.588 595.92 6.636
2015 10 27 09 09 41 SFS 36.5244 70.3676 231.0 36.4656 -6.2055 0.005 295.007 59.9044 298.0 580.363 580.55 6.800
2015 11 12 01 54 35 AVE -29.5067 -72.0068 12.0 33.2981 -7.4133 0.0 49.2264 87.3939 310.768 779.076 768.10 4.814
2015 11 12 02 46 15 AVE -29.5097 -72.0585 10.0 33.2981 -7.4133 0.0 49.253 87.43 303.241 772.056 768.61 4.811
2015 11 25 22 45 39 AVE -10.5372 -70.9437 606.21 33.2981 -7.4133 0.0 51.0905 74.4663 299.425 638.379 638.28 5.589
2015 11 25 22 45 39 SFS -10.5372 -70.9437 606.21 36.4656 -6.2055 0.005 48.5253 76.6575 301.895 652.909 650.38 5.435
2015 11 25 22 50 54 AVE -10.0598 -71.0184 620.56 33.2981 -7.4133 0.0 51.2202 74.226 301.539 637.96 635.73 5.600
2015 11 25 22 50 54 SFS -10.0598 -71.0184 620.56 36.4656 -6.2055 0.005 48.6355 76.3988 298.838 647.243 647.76 5.447
2015 11 27 05 45 15 AVE -9.1825 -71.2574 602.75 33.2981 -7.4133 0.0 51.4967 73.8657 302.624 638.487 635.14 5.633
2015 11 27 05 45 15 SFS -9.1825 -71.2574 602.75 36.4656 -6.2055 0.005 48.8743 76.0012 306.257 653.973 647.04 5.483
2015 11 28 21 00 19 AVE -24.828 -70.6009 34.0 33.2981 -7.4133 0.0 48.8047 83.3911 312.644 757.665 744.71 5.131
2015 11 28 21 00 19 SFS -24.828 -70.6009 34.0 36.4656 -6.2055 0.005 46.7786 86.0182 300.906 759.111 757.95 4.918
2015 12 08 07 49 59 AVE 38.2107 72.7797 22.0 33.2981 -7.4133 0.0 292.543 63.3228 304.458 632.481 626.16 6.633
2015 12 18 19 49 46 AVE 15.8009 -93.6294 85.0 33.2981 -7.4133 0.0 58.5515 78.4003 299.524 711.903 710.76 5.511
2015 12 26 19 14 45 AVE 36.4935 71.1263 206.0 33.2981 -7.4133 0.0 292.607 62.764 298.845 602.978 602.31 6.607
2016 01 04 23 05 14 AVE 24.83 93.66 55.0 33.2981 -7.4133 0.0 304.442 85.2947 306.109 757.9 750.08 5.003
2016 01 04 23 05 14 SFS 24.83 93.66 55.0 36.4656 -6.2055 0.005 306.857 83.0141 307.095 747.297 738.43 5.183
2016 01 04 23 05 21 AVE 24.8036 93.6505 55.0 33.2981 -7.4133 0.0 304.44 85.3025 306.246 758.076 750.12 5.002
2016 01 04 23 05 21 SFS 24.8036 93.6505 55.0 36.4656 -6.2055 0.005 306.856 83.0229 306.522 746.77 738.48 5.182
2016 01 15 03 25 18 AVE -19.7597 -63.3288 582.56 33.2981 -7.4133 0.0 45.8918 75.0237 310.947 655.002 643.77 5.555
2016 01 15 03 25 18 SFS -19.7597 -63.3288 582.56 36.4656 -6.2055 0.005 43.8641 77.6863 309.447 668.044 658.35 5.366
2016 01 25 10 30 26 AVE 59.6204 -153.339 125.6 33.2981 -7.4133 0.0 28.1986 83.2238 308.431 741.055 730.62 5.159
2016 03 20 11 26 31 AVE 17.996 -60.7019 26.0 33.2981 -7.4133 0.0 61.3853 49.8901 304.614 536.669 530.85 7.602
2016 04 03 05 49 53 AVE 57.008 -157.932 11.4 33.2981 -7.4133 0.0 24.3858 86.6451 306.043 769.887 761.90 4.916
2016 04 11 10 28 51 AVE 36.4725 71.1311 212.0 33.2981 -7.4133 0.0 292.619 62.7757 299.826 603.413 601.76 6.604
2016 04 11 10 28 51 SFS 36.4725 71.1311 212.0 36.4656 -6.2055 0.005 295.336 60.4833 304.29 592.515 586.40 6.766
2016 04 14 13 55 14 AVE 23.0944 94.8654 136.0 33.2981 -7.4133 0.0 304.981 87.1851 303.307 754.962 750.01 4.827
2016 04 14 13 55 14 SFS 23.0944 94.8654 136.0 36.4656 -6.2055 0.005 307.419 84.9363 304.539 745.16 738.93 5.008
2016 04 17 23 58 31 AVE 0.3819 -79.9218 20.59 33.2981 -7.4133 0.0 55.7075 75.2064 304.565 706.885 701.17 5.755
2016 04 17 23 58 31 SFS 0.3819 -79.9218 20.59 36.4656 -6.2055 0.005 52.6632 76.7063 304.687 715.529 709.72 5.647
2016 04 21 08 33 41 AVE 0.639 -80.2104 14.0 33.2981 -7.4133 0.0 55.8033 75.3012 304.099 708.036 702.77 5.749
2016 04 23 03 03 35 AVE -0.2921 -80.5039 10.0 33.2981 -7.4133 0.0 55.6495 76.0646 309.32 718.292 707.83 5.691
2016 04 28 12 51 12 AVE 14.5178 -93.0882 16.0 33.2981 -7.4133 0.0 58.4156 78.6216 298.567 720.72 720.55 5.513
2016 05 19 07 57 00 AVE 0.4261 -79.7899 16.0 33.2981 -7.4133 0.0 55.6984 75.0727 308.246 710.539 701.14 5.766
2016 05 19 07 57 00 SFS 0.4261 -79.7899 16.0 36.4656 -6.2055 0.005 52.6534 76.5748 304.93 715.773 709.72 5.658
2016 05 19 16 46 37 AVE 0.4947 -79.616 29.95 33.2981 -7.4133 0.0 55.6886 74.8906 306.82 705.962 697.99 5.776
2016 05 19 16 46 37 SFS 0.4947 -79.616 29.95 36.4656 -6.2055 0.005 52.6424 76.3952 302.405 710.127 706.60 5.667
2016 06 08 10 51 36 AVE 18.3637 -105.173 10.0 33.2981 -7.4133 0.0 56.2564 86.3469 302.215 765.492 761.68 4.924
2016 06 11 03 25 20 AVE 12.8318 -86.9633 10.0 33.2981 -7.4133 0.0 58.7682 74.4106 308.134 707.457 697.78 5.824
2016 06 27 11 16 59 AVE 39.4793 73.3388 13.0 33.2981 -7.4133 0.0 292.219 63.2441 299.299 628.197 627.03 6.640
2016 07 12 02 10 51 AVE 0.5812 -79.638 21.0 33.2981 -7.4133 0.0 55.7109 74.8604 311.253 711.516 699.11 5.781
2016 07 26 17 26 43 AVE -26.1049 -70.5074 72.0 33.2981 -7.4133 0.0 48.6545 84.1663 303.545 748.092 744.28 5.058
2016 08 05 14 15 06 AVE -22.3087 -66.0261 270.0 33.2981 -7.4133 0.0 46.8321 78.5973 298.766 691.984 692.93 5.421
2016 08 25 10 34 43 AVE 20.9224 94.5687 82.0 33.2981 -7.4133 0.0 304.948 88.1982 311.723 774.514 761.20 4.763
2016 08 30 04 29 43 AVE -0.0471 -17.8294 10.0 33.2981 -7.4133 0.0 15.4705 34.5872 314.995 424.765 410.39 8.640
2016 09 11 10 08 19 AVE -5.573 -76.9536 121.0 33.2981 -7.4133 0.0 53.9041 76.1918 297.895 694.07 695.23 5.652
2016 11 21 20 57 39 AVE -31.6428 -68.7645 115.79 33.2981 -7.4133 0.0 47.4074 86.7208 300.103 752.207 751.99 4.839
2016 11 25 18 43 42 AVE 11.9597 -88.8355 10.34 33.2981 -7.4133 0.0 58.4243 76.4234 304.092 714.932 709.31 5.675
2016 11 25 18 43 42 SFS 11.9597 -88.8355 10.34 36.4656 -6.2055 0.005 55.0962 77.1129 306.48 721.171 713.18 5.626
2016 11 26 14 24 24 AVE 39.23 74.0208 17.0 33.2981 -7.4133 0.0 292.664 63.8279 308.208 640.324 630.24 6.599
2016 12 02 22 40 13 AVE -15.2943 -70.8228 10.0 33.2981 -7.4133 0.0 50.1279 77.377 311.071 727.519 715.88 5.592
2016 12 09 14 49 46 AVE 40.4753 -126.153 12.08 33.2981 -7.4133 0.0 47.3178 87.3566 305.491 772.947 765.60 4.854
2016 12 19 13 30 09 AVE -9.9661 -70.9698 622.53 33.2981 -7.4133 0.0 51.2239 74.1303 310.982 646.704 635.03 5.606
2017 01 09 23 46 58 AVE 74.3918 -92.4041 31.0 33.2981 -7.4133 0.0 84.6902 56.9199 306.166 588.593 580.83 7.097
2017 02 19 12 10 08 AVE -23.8613 -66.6592 222.0 33.2981 -7.4133 0.0 46.9416 80.0791 305.393 711.739 706.09 5.325
2017 02 22 14 08 51 AVE -19.2814 -63.9047 595.98 33.2981 -7.4133 0.0 46.2751 75.0849 311.435 654.703 642.96 5.544
2017 02 22 14 08 51 SFS -19.2814 -63.9047 595.98 36.4656 -6.2055 0.005 44.2126 77.7219 303.527 661.171 657.37 5.358
2017 03 30 04 09 19 AVE 56.938 162.787 15.52 33.2981 -7.4133 0.0 351.804 89.7327 302.266 780.06 775.92 4.674
2017 03 30 04 09 19 SFS 56.938 162.787 15.52 36.4656 -6.2055 0.005 351.129 86.4898 306.425 768.759 760.31 4.930
2017 04 04 17 40 10 AVE -22.6784 25.1558 29.0 33.2981 -7.4133 0.0 329.82 63.7423 306.214 636.5 630.74 6.572
2017 04 04 17 40 10 SFS -22.6784 25.1558 29.0 36.4656 -6.2055 0.005 332.631 65.8642 302.5 646.616 644.60 6.416
2017 04 06 06 09 13 AVE 35.7999 60.4364 13.0 33.2981 -7.4133 0.0 288.55 54.9061 301.888 572.953 569.39 7.246
2017 04 16 08 19 36 AVE -23.2706 -67.7655 155.0 33.2981 -7.4133 0.0 47.574 80.4256 301.5 717.124 715.33 5.320
2017 05 02 12 31 54 AVE 59.8298 -136.676 8.0 33.2981 -7.4133 0.0 41.4795 78.2366 302.157 722.805 718.59 5.560
2017 05 02 12 31 54 SFS 59.8298 -136.676 8.0 36.4656 -6.2055 0.005 39.2539 75.7325 299.711 706.224 704.37 5.743
2017 05 02 14 18 04 AVE 59.8295 -136.704 2.53 33.2981 -7.4133 0.0 41.4577 78.2461 312.299 733.902 719.55 5.561
2017 05 02 14 18 04 SFS 59.8295 -136.704 2.53 36.4656 -6.2055 0.005 39.2326 75.7417 311.253 718.718 705.33 5.743
2017 06 15 07 29 05 AVE 14.9823 -91.9882 94.0 33.2981 -7.4133 0.0 58.6597 77.4729 294.302 700.538 704.63 5.578
2017 06 15 07 29 05 TIO 14.9823 -91.9882 94.0 30.9267 -7.26167 0.0 61.0193 78.0117 296.763 706.019 707.64 5.537
2017 06 15 07 29 05 SFS 14.9823 -91.9882 94.0 36.4656 -6.2055 0.005 55.3002 77.9177 306.054 714.717 707.07 5.545
2017 06 23 12 30 55 AVE 13.7527 -90.9488 46.82 33.2981 -7.4133 0.0 58.5644 77.2496 305.255 715.616 708.78 5.609
2017 06 23 12 30 55 TIO 13.7527 -90.9488 46.82 30.9267 -7.26167 0.0 60.9408 77.7238 307.723 720.76 711.45 5.573
2017 07 01 22 29 45 AVE -0.2882 -80.4935 13.0 33.2981 -7.4133 0.0 55.6488 76.0538 295.979 704.396 707.27 5.691
2017 07 19 02 05 02 AVE -16.4206 -73.6296 44.92 33.2981 -7.4133 0.0 51.0589 80.175 310.393 737.231 726.26 5.377
2017 07 19 02 05 02 TIO -16.4206 -73.6296 44.92 30.9267 -7.26167 0.0 53.2641 79.2265 310.319 732.039 721.08 5.448
2017 07 19 02 05 02 SFS -16.4206 -73.6296 44.92 36.4656 -6.2055 0.005 48.6589 82.4866 306.27 745.308 738.51 5.200
2017 07 28 17 53 21 AVE 13.396 -49.3259 10.0 33.2981 -7.4133 0.0 55.2391 42.9206 304.628 484.29 478.85 8.106
2017 08 09 13 19 49 AVE 33.1926 103.855 9.0 33.2981 -7.4133 0.0 308.63 87.5358 305.531 774.492 767.18 4.837
2017 08 09 13 19 49 TIO 33.1926 103.855 9.0 30.9267 -7.26167 0.0 306.7 88.9083 307.0 782.51 773.79 4.729
2017 08 09 23 27 50 AVE 44.3014 82.8268 20.0 33.2981 -7.4133 0.0 295.238 67.8024 302.302 659.484 655.22 6.313
2017 08 19 02 59 19 TIO -1.0907 -13.6631 10.0 30.9267 -7.26167 0.0 10.2954 32.4178 303.423 394.304 391.56 8.761
2017 09 20 18 14 28 AVE 18.5678 -98.4808 51.0 33.2981 -7.4133 0.0 57.9989 80.9007 310.887 740.634 728.08 5.339
2017 09 20 18 14 28 SFS 18.5678 -98.4808 51.0 36.4656 -6.2055 0.005 54.6454 80.9708 298.918 728.991 728.41 5.334
2017 10 11 06 31 58 AVE -18.5212 -69.6411 82.43 33.2981 -7.4133 0.0 49.1098 78.5943 303.782 717.753 713.51 5.481
2017 10 11 06 31 58 TIO -18.5212 -69.6411 82.43 30.9267 -7.26167 0.0 51.2528 77.4934 299.25 707.149 707.39 5.562
2017 10 11 18 53 03 AVE -54.2584 8.6055 9.0 33.2981 -7.4133 0.0 346.631 88.2915 314.048 787.011 773.53 4.734
2017 11 12 00 36 14 AVE -11.7424 -14.1142 10.0 33.2981 -7.4133 0.0 7.91053 45.2416 307.508 505.937 499.43 7.921
2017 11 12 00 36 14 TIO -11.7424 -14.1142 10.0 30.9267 -7.26167 0.0 8.65784 42.9314 300.598 480.472 480.88 8.088
2017 11 13 18 18 06 AVE 34.9052 45.9563 19.0 33.2981 -7.4133 0.0 283.749 43.7831 300.554 485.583 483.61 8.048
2017 11 13 18 18 06 TIO 34.9052 45.9563 19.0 30.9267 -7.26167 0.0 280.472 44.4207 310.045 500.217 488.77 8.003
2017 11 13 18 18 06 SFS 34.9052 45.9563 19.0 36.4656 -6.2055 0.005 287.823 41.9684 306.797 477.069 468.86 8.175
2017 11 14 02 28 06 AVE 9.5147 -84.4865 19.36 33.2981 -7.4133 0.0 58.093 74.0649 310.015 705.822 694.37 5.846
2017 11 14 02 28 06 SFS 9.5147 -84.4865 19.36 36.4656 -6.2055 0.005 54.7983 75.0077 304.774 706.02 699.83 5.775
2017 11 18 22 34 16 AVE 29.8327 94.9776 8.0 33.2981 -7.4133 0.0 304.573 83.4369 301.284 750.126 747.02 5.164
2017 11 18 22 34 16 TIO 29.8327 94.9776 8.0 30.9267 -7.26167 0.0 302.477 84.5587 305.218 759.802 752.80 5.073
2017 11 18 22 34 16 SFS 29.8327 94.9776 8.0 36.4656 -6.2055 0.005 306.799 80.9645 303.596 739.47 733.99 5.351
2017 12 01 06 32 49 AVE -1.0802 -23.4323 10.0 33.2981 -7.4133 0.0 22.376 37.3808 303.197 436.924 434.26 8.468
2017 12 01 06 32 49 TIO -1.0802 -23.4323 10.0 30.9267 -7.26167 0.0 24.4336 35.3511 299.304 415.686 416.87 8.594
2017 12 01 06 32 49 SFS -1.0802 -23.4323 10.0 36.4656 -6.2055 0.005 21.4998 40.647 299.18 460.268 461.63 8.252
2017 12 02 02 32 36 AVE 30.7431 57.3138 9.0 33.2981 -7.4133 0.0 290.859 54.1414 300.846 567.048 564.60 7.301
2017 12 02 02 32 36 TIO 30.7431 57.3138 9.0 30.9267 -7.26167 0.0 288.031 54.7062 300.161 570.506 568.75 7.260
2017 12 02 02 32 36 SFS 30.7431 57.3138 9.0 36.4656 -6.2055 0.005 294.357 52.3764 307.712 560.87 551.58 7.429
2017 12 04 11 19 02 AVE -0.4895 -80.3107 16.0 33.2981 -7.4133 0.0 55.5809 76.0159 303.828 711.536 706.57 5.693
2017 12 13 08 43 05 TIO 30.7196 57.2705 10.0 30.9267 -7.26167 0.0 288.033 54.678 306.167 576.149 568.39 7.262
2017 12 13 21 41 09 AVE 30.8226 57.2861 8.0 33.2981 -7.4133 0.0 290.797 54.0909 308.776 574.768 564.39 7.304
2017 12 13 21 41 09 TIO 30.8226 57.2861 8.0 30.9267 -7.26167 0.0 287.969 54.6591 299.645 569.807 568.57 7.264
2018 01 11 02 51 22 AVE 17.4743 -83.5193 10.0 33.2981 -7.4133 0.0 60.4189 69.2053 300.573 668.541 666.36 6.206
2018 01 11 02 51 22 TIO 17.4743 -83.5193 10.0 30.9267 -7.26167 0.0 62.8994 69.6676 300.592 671.45 669.23 6.172
2018 01 12 18 26 22 TIO 18.3629 96.0776 9.0 30.9267 -7.26167 0.0 303.229 91.6135 304.55 792.865 786.78 4.634
2018 01 15 09 18 36 AVE -15.7589 -74.7095 39.0 33.2981 -7.4133 0.0 51.5535 80.574 308.712 738.367 729.04 5.348
2018 01 15 09 18 36 SFS -15.7589 -74.7095 39.0 36.4656 -6.2055 0.005 49.1081 82.836 311.616 753.146 740.97 5.177
2018 01 22 01 06 36 AVE -18.8524 -69.4564 116.0 33.2981 -7.4133 0.0 48.9779 78.678 299.378 709.987 710.16 5.466
2018 01 22 01 06 36 TIO -18.8524 -69.4564 116.0 30.9267 -7.26167 0.0 51.1129 77.5635 312.838 717.318 703.98 5.546
2018 01 22 01 06 36 SFS -18.8524 -69.4564 116.0 36.4656 -6.2055 0.005 46.7597 81.1686 302.281 726.255 723.58 5.274
2018 01 24 09 31 31 AVE 56.0464 -149.073 25.0 33.2981 -7.4133 0.0 31.424 85.198 306.273 760.838 752.59 5.031
2018 01 26 02 10 19 AVE 55.5419 166.446 11.17 33.2981 -7.4133 0.0 354.859 91.3596 303.005 789.072 784.18 4.638
2018 01 26 02 10 19 TIO 55.5419 166.446 11.17 30.9267 -7.26167 0.0 354.585 93.7116 300.318 797.244 795.09 4.607
2018 01 29 16 02 53 AVE -53.0623 9.6842 10.0 33.2981 -7.4133 0.0 345.729 87.2811 310.197 778.169 768.55 4.812
2018 01 29 16 02 53 TIO -53.0623 9.6842 10.0 30.9267 -7.26167 0.0 345.436 84.9313 314.235 770.651 756.98 5.003
2018 02 01 07 06 48 AVE 36.5432 70.8155 191.19 33.2981 -7.4133 0.0 292.448 62.5137 297.845 601.865 602.20 6.629
2018 02 01 07 06 48 TIO 36.5432 70.8155 191.19 30.9267 -7.26167 0.0 290.034 63.5028 309.433 620.006 608.77 6.560
2018 02 17 23 39 30 AVE 16.3887 -97.9789 25.98 33.2981 -7.4133 0.0 57.8278 81.6461 308.749 745.625 735.26 5.284
2018 02 17 23 39 30 TIO 16.3887 -97.9789 25.98 30.9267 -7.26167 0.0 60.1102 82.3525 302.873 743.483 738.99 5.231
2018 02 17 23 39 30 SFS 16.3887 -97.9789 25.98 36.4656 -6.2055 0.005 54.4863 81.837 310.53 748.366 736.22 5.269
2018 04 03 13 40 26 AVE -20.6588 -63.0058 559.0 33.2981 -7.4133 0.0 45.5561 75.4309 301.011 649.329 648.06 5.536
2018 04 03 13 40 26 TIO -20.6588 -63.0058 559.0 30.9267 -7.26167 0.0 47.5999 74.1201 307.776 648.773 640.69 5.630
2018 04 03 13 40 26 SFS -20.6588 -63.0058 559.0 36.4656 -6.2055 0.005 43.5737 78.1232 306.218 669.187 662.75 5.344
2018 05 10 10 41 34 AVE 36.9916 71.3833 116.0 33.2981 -7.4133 0.0 292.483 62.7641 298.582 612.268 611.85 6.639
2018 05 10 10 41 34 TIO 36.9916 71.3833 116.0 30.9267 -7.26167 0.0 290.086 63.7775 298.291 618.701 618.59 6.568
2018 08 13 14 58 52 AVE 69.5619 -145.3 2.2 33.2981 -7.4133 0.0 35.9788 72.9402 309.975 701.143 689.15 5.950
2018 08 13 14 58 52 TIO 69.5619 -145.3 2.2 30.9267 -7.26167 0.0 36.4505 75.2643 307.909 712.689 702.82 5.777
2018 08 13 21 14 40 AVE 69.5205 -144.36 1.7 33.2981 -7.4133 0.0 36.7688 72.7777 297.919 688.206 688.27 5.962
2018 08 18 23 22 00 AVE 8.7694 -83.1531 15.0 33.2981 -7.4133 0.0 57.9158 73.3406 301.613 693.89 690.87 5.900
2018 08 18 23 22 00 TIO 8.7694 -83.1531 15.0 30.9267 -7.26167 0.0 60.383 73.4702 301.786 694.854 691.63 5.891
2018 08 18 23 22 00 SFS 8.7694 -83.1531 15.0 36.4656 -6.2055 0.005 54.6349 74.3606 299.599 697.818 696.83 5.825
2018 08 22 21 31 39 AVE 10.7791 -62.907 146.18 33.2981 -7.4133 0.0 56.968 55.4088 311.905 571.938 558.96 7.149
2018 08 22 21 31 39 TIO 10.7791 -62.907 146.18 30.9267 -7.26167 0.0 59.8311 55.1438 303.101 561.256 557.04 7.168
2018 08 22 21 31 39 SFS 10.7791 -62.907 146.18 36.4656 -6.2055 0.005 53.464 56.9884 309.499 580.724 570.17 7.032
2018 08 23 09 31 38 AVE 43.6449 -127.603 10.0 33.2981 -7.4133 0.0 46.527 85.9821 299.483 760.539 759.15 4.966
2018 08 23 09 31 38 TIO 43.6449 -127.603 10.0 30.9267 -7.26167 0.0 47.9136 87.9031 306.662 777.07 768.58 4.812
2018 08 25 09 04 04 AVE -11.0424 -70.8169 609.48 33.2981 -7.4133 0.0 50.9376 74.6853 311.539 651.447 639.25 5.572
2018 08 25 09 04 04 TIO -11.0424 -70.8169 609.48 30.9267 -7.26167 0.0 53.2343 73.8364 304.695 639.859 634.45 5.632
2018 08 25 09 04 04 SFS -11.0424 -70.8169 609.48 36.4656 -6.2055 0.005 48.3941 76.8972 303.711 655.753 651.43 5.416
2018 08 26 22 13 16 AVE 34.6111 46.2422 10.0 33.2981 -7.4133 0.0 284.148 44.0823 305.998 494.844 487.42 8.029
2018 08 26 22 13 16 TIO 34.6111 46.2422 10.0 30.9267 -7.26167 0.0 280.883 44.7064 302.717 496.587 492.46 7.986
2018 08 26 22 13 16 SFS 34.6111 46.2422 10.0 36.4656 -6.2055 0.005 288.213 42.283 308.871 483.119 472.83 8.156
2018 09 08 02 11 40 AVE -2.3453 -78.8955 93.53 33.2981 -7.4133 0.0 54.9656 75.9031 311.042 708.666 696.56 5.681
2018 09 08 02 11 40 SFS -2.3453 -78.8955 93.53 36.4656 -6.2055 0.005 52.0122 77.5492 311.941 718.791 705.83 5.563
2018 09 19 07 27 35 TIO -37.811 49.782 10.0 30.9267 -7.26167 0.0 313.757 86.672 310.198 775.316 765.13 4.868
2018 10 23 05 39 25 AVE 49.2496 -129.478 10.96 33.2981 -7.4133 0.0 45.6461 83.0266 310.51 756.416 743.91 5.200
2018 10 23 05 39 25 TIO 49.2496 -129.478 10.96 30.9267 -7.26167 0.0 46.8651 85.0606 304.542 760.82 754.37 5.041
2018 10 23 06 16 21 AVE 49.3468 -129.214 10.0 33.2981 -7.4133 0.0 45.8399 82.8345 304.985 750.057 743.08 5.214
2018 10 23 06 16 21 TIO 49.3468 -129.214 10.0 30.9267 -7.26167 0.0 47.0611 84.8675 310.628 766.098 753.56 5.056
2018 11 02 22 19 37 AVE -19.5882 -69.2923 102.0 33.2981 -7.4133 0.0 48.7955 79.0425 308.669 722.861 713.77 5.443
2018 11 02 22 19 37 TIO -19.5882 -69.2923 102.0 30.9267 -7.26167 0.0 50.9143 77.9035 299.079 707.032 707.48 5.524
2018 11 10 01 49 37 AVE 71.6264 -11.2502 10.0 33.2981 -7.4133 0.0 174.828 38.4441 297.245 439.403 441.34 8.415
2018 11 10 01 49 37 TIO 71.6264 -11.2502 10.0 30.9267 -7.26167 0.0 174.753 40.8116 298.017 459.927 461.13 8.256
2018 11 12 14 03 55 AVE 15.5653 -49.8719 10.0 33.2981 -7.4133 0.0 57.3788 42.1641 309.182 482.668 472.59 8.158
2018 11 12 14 03 55 TIO 15.5653 -49.8719 10.0 30.9267 -7.26167 0.0 60.8689 41.7612 310.667 480.875 469.26 8.186
2018 11 12 14 03 55 SFS 15.5653 -49.8719 10.0 36.4656 -6.2055 0.005 53.3027 43.9613 305.007 493.034 487.17 8.030
2018 11 15 21 21 48 AVE 55.6324 162.001 50.21 33.2981 -7.4133 0.0 351.148 90.9622 296.506 775.257 776.87 4.640
2018 11 15 21 21 48 SFS 55.6324 162.001 50.21 36.4656 -6.2055 0.005 350.509 87.7121 301.495 765.016 761.54 4.825
2018 11 26 16 37 32 AVE 34.3464 45.7432 18.0 33.2981 -7.4133 0.0 284.238 43.7474 308.362 493.265 483.49 8.050
2018 12 01 17 29 28 AVE 61.3464 -149.955 46.7 33.2981 -7.4133 0.0 31.0553 80.8906 297.555 727.056 727.46 5.356
2018 12 01 17 29 28 TIO 61.3464 -149.955 46.7 30.9267 -7.26167 0.0 31.6367 83.1875 301.501 743.05 739.60 5.182
2018 12 01 17 29 28 SFS 61.3464 -149.955 46.7 36.4656 -6.2055 0.005 29.1453 78.1621 304.671 719.328 712.52 5.559
2018 12 25 12 41 15 AVE 55.4171 164.435 10.0 33.2981 -7.4133 0.0 353.178 91.3647 303.023 789.311 784.40 4.638
2018 12 25 12 41 15 TIO 55.4171 164.435 10.0 30.9267 -7.26167 0.0 352.856 93.7107 306.921 804.041 795.29 4.608
2018 12 25 12 41 15 SFS 55.4171 164.435 10.0 36.4656 -6.2055 0.005 352.463 88.1304 304.402 775.576 769.19 4.803
2019 01 06 19 25 33 AVE -8.1486 -71.5834 571.18 33.2981 -7.4133 0.0 51.8401 73.4814 303.377 639.695 635.56 5.674
2019 01 06 19 25 33 TIO -8.1486 -71.5834 571.18 30.9267 -7.26167 0.0 54.1916 72.7437 299.463 631.588 631.32 5.724
2019 01 21 01 32 49 AVE -30.071 -71.4202 54.82 33.2981 -7.4133 0.0 48.9018 87.3772 297.553 759.919 762.18 4.806
2019 01 21 01 32 49 TIO -30.071 -71.4202 54.82 30.9267 -7.26167 0.0 50.832 86.001 310.859 766.546 755.45 4.914
2019 01 23 19 01 40 AVE -43.1219 42.3568 13.0 33.2981 -7.4133 0.0 320.239 88.6316 302.298 776.269 774.20 4.710
2019 01 23 19 01 40 TIO -43.1219 42.3568 13.0 30.9267 -7.26167 0.0 319.023 86.599 301.492 765.723 764.42 4.871
2019 02 23 10 17 20 AVE -2.199 -77.0231 132.36 33.2981 -7.4133 0.0 54.6364 74.2905 306.106 690.101 682.96 5.787
2019 02 23 10 17 20 SFS -2.199 -77.0231 132.36 36.4656 -6.2055 0.005 51.6936 75.9881 299.304 692.997 692.69 5.664
2019 03 02 08 50 30 AVE -14.7016 -70.135 267.0 33.2981 -7.4133 0.0 49.9568 76.489 307.298 689.221 681.36 5.579
2019 03 02 08 50 30 TIO -14.7016 -70.135 267.0 30.9267 -7.26167 0.0 52.1796 75.5114 314.246 690.689 675.83 5.650
2019 03 02 08 50 30 SFS -14.7016 -70.135 267.0 36.4656 -6.2055 0.005 47.5662 78.8382 301.273 696.088 694.29 5.408
2019 03 16 05 03 43 AVE -17.8744 -65.9072 359.0 33.2981 -7.4133 0.0 47.518 75.5157 310.308 677.353 666.65 5.615
2019 03 16 05 03 43 TIO -17.8744 -65.9072 359.0 30.9267 -7.26167 0.0 49.6507 74.3468 310.202 670.637 659.99 5.694
2019 03 24 19 20 50 AVE 4.5629 -76.2231 122.0 33.2981 -7.4133 0.0 56.2998 69.8204 303.305 661.761 657.24 6.121
2019 04 01 07 04 04 AVE -1.944 -80.8089 18.0 33.2981 -7.4133 0.0 55.3756 77.2451 312.861 727.199 713.24 5.608
2019 05 27 07 41 05 AVE -5.8132 -75.2775 122.4 33.2981 -7.4133 0.0 53.4356 74.9894 308.562 697.727 688.26 5.736
2019 05 27 07 41 05 TIO -5.8132 -75.2775 122.4 30.9267 -7.26167 0.0 55.8181 74.4185 309.428 695.322 684.94 5.779
2019 05 27 07 41 05 SFS -5.8132 -75.2775 122.4 36.4656 -6.2055 0.005 50.6338 76.883 312.784 712.664 699.01 5.602
2019 05 31 09 03 16 AVE 13.1462 -89.3663 25.0 33.2981 -7.4133 0.0 58.62 76.2496 306.118 713.642 705.96 5.683
2019 05 31 09 03 16 TIO 13.1462 -89.3663 25.0 30.9267 -7.26167 0.0 61.017 76.6698 303.329 713.263 708.36 5.655
2019 05 31 09 03 16 SFS 13.1462 -89.3663 25.0 36.4656 -6.2055 0.005 55.2736 76.8651 300.251 711.215 709.42 5.642
2019 06 26 09 05 26 AVE 56.208 164.184 10.0 33.2981 -7.4133 0.0 352.97 90.5605 305.385 787.944 780.68 4.642
2019 06 26 09 05 26 TIO 56.208 164.184 10.0 30.9267 -7.26167 0.0 352.646 92.9063 312.954 806.377 791.58 4.621
2019 06 27 02 17 41 AVE 56.1779 164.11 10.0 33.2981 -7.4133 0.0 352.908 90.5854 299.057 781.732 780.80 4.642
2019 06 27 02 17 41 SFS 56.1779 164.11 10.0 36.4656 -6.2055 0.005 352.198 87.3501 299.843 767.277 765.43 4.863
2019 06 27 05 23 42 AVE 8.449 -82.7677 26.22 33.2981 -7.4133 0.0 57.8311 73.1871 302.32 691.976 688.26 5.908
2019 06 27 05 23 42 TIO 8.449 -82.7677 26.22 30.9267 -7.26167 0.0 60.3015 73.2965 305.519 695.848 688.90 5.900
2019 08 30 15 07 36 AVE 43.5436 -127.876 4.74 33.2981 -7.4133 0.0 46.3438 86.1956 310.63 773.614 761.09 4.948
2019 08 30 15 07 36 TIO 43.5436 -127.876 4.74 30.9267 -7.26167 0.0 47.728 88.1181 312.598 784.91 770.49 4.797
2019 09 25 03 23 27 AVE 19.077 -67.2701 10.0 33.2981 -7.4133 0.0 62.3062 54.8811 308.245 579.806 570.19 7.244
2019 09 25 03 23 27 TIO 19.077 -67.2701 10.0 30.9267 -7.26167 0.0 65.1872 55.0819 297.375 570.416 571.65 7.229
2019 09 25 03 23 27 SFS 19.077 -67.2701 10.0 36.4656 -6.2055 0.005 58.4631 55.8672 309.325 587.966 577.28 7.172
2019 09 25 21 19 38 TIO -33.8146 56.2955 10.0 30.9267 -7.26167 0.0 309.654 87.9761 304.53 775.953 771.27 4.769
2019 10 24 16 08 14 TIO -1.0987 -13.8367 10.0 30.9267 -7.26167 0.0 10.565 32.4571 314.947 406.172 391.90 8.759
2019 11 21 04 27 02 TIO 13.8855 -93.2133 14.16 30.9267 -7.26167 0.0 60.6418 79.5795 301.216 728.947 726.14 5.445
2019 11 21 04 27 02 SFS 13.8855 -93.2133 14.16 36.4656 -6.2055 0.005 54.9536 79.5149 305.449 732.756 725.74 5.451
2019 12 04 08 46 28 AVE -18.5597 -70.6504 32.4399980469 33.2981 -7.4133 0.0 49.5448 79.3456 297.426 721.286 723.38 5.441
2019 12 04 08 46 28 TIO -18.5597 -70.6504 32.4399980469 30.9267 -7.26167 0.0 51.6934 78.2664 301.454 719.409 717.43 5.518
2019 12 21 11 39 47 AVE 36.545 70.4485 212.0 33.2981 -7.4133 0.0 292.289 62.2398 305.781 605.82 598.22 6.639
2019 12 21 11 39 47 TIO 36.545 70.4485 212.0 30.9267 -7.26167 0.0 289.866 63.2243 301.74 608.314 604.78 6.571
2019 12 21 11 39 47 SFS 36.545 70.4485 212.0 36.4656 -6.2055 0.005 295.028 59.9548 300.249 584.889 582.83 6.805
2019 12 25 16 43 26 AVE -26.9915 -63.3748 581.63 33.2981 -7.4133 0.0 44.7865 80.1173 307.54 679.07 671.41 5.189
2019 12 25 16 43 26 TIO -26.9915 -63.3748 581.63 30.9267 -7.26167 0.0 46.6841 78.6583 305.682 669.569 663.72 5.291
2019 12 25 16 43 26 SFS -26.9915 -63.3748 581.63 36.4656 -6.2055 0.005 43.0415 82.9445 303.562 689.453 685.82 4.974
2019 12 25 19 03 38 AVE 3.5273 -74.0501 11.0 33.2981 -7.4133 0.0 55.6679 68.5989 312.378 676.547 663.02 6.243
2019 12 26 03 35 59 AVE 50.6081 -129.966 6.38 33.2981 -7.4133 0.0 45.4276 82.2987 303.704 746.573 740.86 5.250
2020 01 08 08 24 15 AVE 17.9161 -66.8125 10.0 33.2981 -7.4133 0.0 61.5927 55.0408 310.125 582.855 571.40 7.231
2020 01 08 08 24 15 TIO 17.9161 -66.8125 10.0 30.9267 -7.26167 0.0 64.4746 55.1799 301.275 575.037 572.40 7.221
2020 01 10 08 38 08 AVE 62.3408 171.06 10.0 33.2981 -7.4133 0.0 358.716 84.688 300.374 754.696 752.33 5.075
2020 01 25 17 55 08 AVE 38.3898 39.0814 11.91 33.2981 -7.4133 0.0 276.836 37.7202 303.277 439.302 434.72 8.462
2020 01 25 17 55 08 SFS 38.3898 39.0814 11.91 36.4656 -6.2055 0.005 281.281 35.7425 304.464 423.604 417.83 8.584
