2012 08 11 12 34 36.600 B01KR 38.379 46.795 18.9 -22.2377 26.7184 1.236 200.88 63.1738 300.131 625.531 628.70 6.612
2012 09 03 18 23 08.350 B01KR -10.677 113.964 34.8 -22.2377 26.7184 1.236 248.655 83.5103 299.504 743.154 743.95 5.141
2012 10 09 12 32 08.820 B01KR -60.641 153.933 12.1 -22.2377 26.7184 1.236 227.631 87.0604 303.606 767.786 764.28 4.876
2012 11 11 01 12 39.150 B01KR 22.89 95.848 14.2 -22.2377 26.7184 1.236 241.265 80.859 299.384 732.234 734.14 5.333
2012 11 14 19 02 05.690 B01KR -29.178 -71.386 61.5 -22.2377 26.7184 1.236 113.161 86.0847 299.558 752.868 753.40 4.933
2012 08 11 12 34 36.600 B02LT 38.379 46.795 18.9 -21.3928 25.5811 0.984 202.301 62.7037 300.293 622.693 625.54 6.644
2012 09 03 18 23 08.350 B02LT -10.677 113.964 34.8 -21.3928 25.5811 0.984 249.322 84.6867 299.156 748.826 749.95 5.048
2012 09 14 04 51 48.60 B02LT -3.3 100.67 23.3 -21.3928 25.5811 0.984 248.853 74.9212 299.146 698.106 698.96 5.778
2012 11 11 01 12 39.150 B02LT 22.89 95.848 14.2 -21.3928 25.5811 0.984 242.527 81.3777 298.944 734.794 736.86 5.291
2012 11 14 19 02 05.690 B02LT -29.178 -71.386 61.5 -21.3928 25.5811 0.984 111.905 85.5818 299.566 749.896 750.94 4.974
2012 08 11 12 34 36.600 B03SL 38.379 46.795 18.9 -21.1207 24.7635 0.906 203.212 62.6962 300.235 622.635 625.47 6.645
2012 08 12 10 47 07.390 B03SL 35.652 82.541 14 -21.1207 24.7635 0.906 233.68 78.6056 299.3 719.91 722.33 5.496
2012 09 03 18 23 08.350 B03SL -10.677 113.964 34.8 -21.1207 24.7635 0.906 249.464 85.4835 299.378 753.028 753.94 4.984
2012 09 14 04 51 48.60 B03SL -3.3 100.67 23.3 -21.1207 24.7635 0.906 249.163 75.673 300.191 703.131 703.27 5.721
2012 11 11 01 12 39.150 B03SL 22.89 95.848 14.2 -21.1207 24.7635 0.906 243.135 81.9197 298.428 737.278 739.70 5.247
2012 11 14 19 02 05.690 B03SL -29.178 -71.386 61.5 -21.1207 24.7635 0.906 111.293 85.0497 300.372 747.702 748.29 5.018
2012 08 11 12 34 36.600 B04KH 38.379 46.795 18.9 -20.4742 24.5139 0.921 203.703 62.1681 300.882 619.282 621.93 6.681
2012 09 03 18 23 08.350 B04KH -10.677 113.964 34.8 -20.4742 24.5139 0.921 250.06 85.8222 300.372 755.042 755.63 4.954
2012 09 14 04 51 48.60 B04KH -3.3 100.67 23.3 -20.4742 24.5139 0.921 249.834 75.8854 299.644 703.584 704.48 5.705
2012 11 11 01 12 39.150 B04KH 22.89 95.848 14.2 -20.4742 24.5139 0.921 243.819 81.8224 299.552 737.402 739.17 5.255
2012 11 14 19 02 05.690 B04KH -29.178 -71.386 61.5 -20.4742 24.5139 0.921 110.615 85.1598 300.013 748.323 748.86 5.009
2012 08 11 12 34 36.600 B05MO 38.379 46.795 18.9 -20.2184 24.132 0.927 204.182 62.0506 299.669 618.069 621.13 6.691
2012 08 12 10 47 07.390 B05MO 35.652 82.541 14 -20.2184 24.132 0.927 234.754 78.3866 298.799 718.409 721.09 5.511
2012 09 03 18 23 08.350 B05MO -10.677 113.964 34.8 -20.2184 24.132 0.927 250.25 86.2188 299.915 756.584 757.59 4.922
2012 09 14 04 51 48.60 B05MO -3.3 100.67 23.3 -20.2184 24.132 0.927 250.107 76.2364 300.294 706.254 706.48 5.681
2012 11 11 01 12 39.150 B05MO 22.89 95.848 14.2 -20.2184 24.132 0.927 244.216 82.0197 299.078 737.948 740.20 5.240
2012 11 14 19 02 05.690 B05MO -29.178 -71.386 61.5 -20.2184 24.132 0.927 110.217 84.9707 300.083 747.393 747.92 5.024
2012 08 11 12 34 36.600 B06OR 38.379 46.795 18.9 -19.9011 23.5269 0.937 204.91 61.9521 300.332 617.732 620.45 6.698
2012 08 12 10 47 07.390 B06OR 35.652 82.541 14 -19.9011 23.5269 0.937 235.391 78.5684 299.443 720.053 722.07 5.499
2012 09 03 18 23 08.350 B06OR -10.677 113.964 34.8 -19.9011 23.5269 0.937 250.462 86.8339 300.153 759.803 760.60 4.874
2012 09 14 04 51 48.60 B06OR -3.3 100.67 23.3 -19.9011 23.5269 0.937 250.446 76.7973 299.77 708.71 709.65 5.643
2012 11 11 01 12 39.150 B06OR 22.89 95.848 14.2 -19.9011 23.5269 0.937 244.765 82.3765 300.328 741.178 742.05 5.217
2012 11 14 19 02 05.690 B06OR -29.178 -71.386 61.5 -19.9011 23.5269 0.937 109.663 84.6264 300.627 745.937 746.20 5.051
2012 08 11 12 34 36.600 B07DX 38.379 46.795 18.9 -20.549 22.7494 0.945 205.421 62.8144 300.701 624.101 626.21 6.637
2012 09 03 18 23 08.350 B07DX -10.677 113.964 34.8 -20.549 22.7494 0.945 249.697 87.4377 299.993 762.663 763.52 4.826
2012 09 14 04 51 48.60 B07DX -3.3 100.67 23.3 -20.549 22.7494 0.945 249.8 77.5408 301.195 714.135 713.83 5.589
2012 11 11 01 12 39.150 B07DX 22.89 95.848 14.2 -20.549 22.7494 0.945 244.527 83.3216 300.416 746.286 746.96 5.147
2012 11 14 19 02 05.690 B07DX -29.178 -71.386 61.5 -20.549 22.7494 0.945 109.877 83.676 300.772 741.102 741.36 5.125
2012 08 11 12 34 36.600 B08TS 38.379 46.795 18.9 -20.1645 22.4588 0.948 205.864 62.5567 300.351 621.751 624.48 6.653
2012 08 12 10 47 07.390 B08TS 35.652 82.541 14 -20.1645 22.4588 0.948 235.915 79.4698 299.678 725.308 726.99 5.434
2012 09 03 18 23 08.350 B08TS -10.677 113.964 34.8 -20.1645 22.4588 0.948 250.024 87.775 300.447 765.117 765.15 4.801
2012 09 14 04 51 48.60 B08TS -3.3 100.67 23.3 -20.1645 22.4588 0.948 250.197 77.8064 300.622 715.562 715.31 5.568
2012 11 11 01 12 39.150 B08TS 22.89 95.848 14.2 -20.1645 22.4588 0.948 244.995 83.3889 301.072 746.922 747.29 5.142
2012 11 14 19 02 05.690 B08TS -29.178 -71.386 61.5 -20.1645 22.4588 0.948 109.408 83.62 300.399 740.729 741.08 5.130
2012 08 11 12 34 36.600 B09NK 38.379 46.795 18.9 -19.6626 22.1937 0.954 206.332 62.1839 299.441 618.841 621.97 6.681
2012 08 12 10 47 07.390 B09NK 35.652 82.541 14 -19.6626 22.1937 0.954 236.457 79.3022 300.686 725.296 726.06 5.447
2012 09 03 18 23 08.350 B09NK -10.677 113.964 34.8 -19.6626 22.1937 0.954 250.47 88.1116 301.047 766.697 766.76 4.775
2012 09 14 04 51 48.60 B09NK -3.3 100.67 23.3 -19.6626 22.1937 0.954 250.711 78.0485 300.379 716.319 716.65 5.550
2012 11 11 01 12 39.150 B09NK 22.89 95.848 14.2 -19.6626 22.1937 0.954 245.557 83.3835 301.128 746.978 747.25 5.143
2012 11 13 04 31 30.980 B09NK -45.669 -77.084 35 -19.6626 22.1937 0.954 110.236 82.4185 303.323 740.363 737.70 5.229
2012 11 14 19 02 05.690 B09NK -29.178 -71.386 61.5 -19.6626 22.1937 0.954 108.846 83.6399 300.341 740.651 741.20 5.128
2012 08 11 12 34 36.600 B10PP 38.379 46.795 18.9 -18.9132 22.5427 0.974 206.297 61.3694 300.086 613.486 616.48 6.743
2012 08 12 10 47 07.390 B10PP 35.652 82.541 14 -18.9132 22.5427 0.974 236.771 78.5475 301.287 720.897 721.91 5.501
2012 09 03 18 23 08.350 B10PP -10.677 113.964 34.8 -18.9132 22.5427 0.974 251.263 87.9239 299.644 765.314 765.87 4.789
2012 09 14 04 51 48.60 B10PP -3.3 100.67 23.3 -18.9132 22.5427 0.974 251.469 77.7093 301.175 715.115 714.76 5.576
2012 11 11 01 12 39.150 B10PP 22.89 95.848 14.2 -18.9132 22.5427 0.974 246.075 82.7509 299.721 742.571 743.97 5.191
2012 11 14 19 02 05.690 B10PP -29.178 -71.386 61.5 -18.9132 22.5427 0.974 108.347 84.2867 299.628 743.958 744.51 5.076
2012 08 11 12 34 36.600 B11ET 38.379 46.795 18.9 -19.0159 22.3165 0.974 206.48 61.5434 300.283 614.683 617.65 6.730
2012 08 12 10 47 07.390 B11ET 35.652 82.541 14 -19.0159 22.3165 0.974 236.847 78.7725 300.828 722.438 723.15 5.485
2012 09 03 18 23 08.350 B11ET -10.677 113.964 34.8 -19.0159 22.3165 0.974 251.124 88.1157 300.852 766.502 766.79 4.774
2012 09 14 04 51 48.60 B11ET -3.3 100.67 23.3 -19.0159 22.3165 0.974 251.367 77.9246 299.49 715.45 715.96 5.559
2012 11 11 01 12 39.150 B11ET 22.89 95.848 14.2 -19.0159 22.3165 0.974 246.081 82.988 300.856 744.706 745.20 5.174
2012 11 14 19 02 05.690 B11ET -29.178 -71.386 61.5 -19.0159 22.3165 0.974 108.334 84.0498 300.293 742.603 743.31 5.095
2012 08 11 12 34 36.600 B12SS 38.379 46.795 18.9 -18.7462 22.1965 0.978 206.714 61.3366 300.231 613.631 616.25 6.745
2012 08 12 10 47 07.390 B12SS 35.652 82.541 14 -18.7462 22.1965 0.978 237.125 78.6687 300.361 720.971 722.57 5.493
2012 09 03 18 23 08.350 B12SS -10.677 113.964 34.8 -18.7462 22.1965 0.978 251.367 88.2767 300.743 767.393 767.56 4.762
2012 09 14 04 51 48.60 B12SS -3.3 100.67 23.3 -18.7462 22.1965 0.978 251.643 78.0354 300.193 716.133 716.58 5.551
2012 11 11 01 12 39.150 B12SS 22.89 95.848 14.2 -18.7462 22.1965 0.978 246.374 82.9677 301.02 744.87 745.08 5.176
2012 11 14 19 02 05.690 B12SS -29.178 -71.386 61.5 -18.7462 22.1965 0.978 108.043 84.0788 298.809 742.119 743.46 5.092
2012 08 11 12 34 36.600 B13NX 38.379 46.795 18.9 -18.5794 21.9944 0.979 206.987 61.2545 300.673 613.073 615.69 6.752
2012 08 12 10 47 07.390 B13NX 35.652 82.541 14 -18.5794 21.9944 0.979 237.382 78.6924 300.628 721.238 722.69 5.491
2012 09 03 18 23 08.350 B13NX -10.677 113.964 34.8 -18.5794 21.9944 0.979 251.494 88.4956 300.759 768.429 768.60 4.744
2012 11 11 01 12 39.150 B13NX 22.89 95.848 14.2 -18.5794 21.9944 0.979 246.611 83.0636 302.276 747.126 745.57 5.169
2012 11 14 19 02 05.690 B13NX -29.178 -71.386 61.5 -18.5794 21.9944 0.979 107.804 83.9902 300.698 743.008 743.02 5.099
2012 08 11 12 34 36.600 B14MH 38.379 46.795 18.9 -18.295 21.7918 0.995 207.313 61.0652 300.434 611.834 614.39 6.766
2012 08 12 10 47 07.390 B14MH 35.652 82.541 14 -18.295 21.7918 0.995 237.726 78.6365 300.267 720.877 722.37 5.495
2012 09 03 18 23 08.350 B14MH -10.677 113.964 34.8 -18.295 21.7918 0.995 251.737 88.7372 300.469 769.139 769.75 4.725
2012 09 14 04 51 48.60 B14MH -3.3 100.67 23.3 -18.295 21.7918 0.995 252.104 78.4159 299.752 717.712 718.68 5.522
2012 11 11 01 12 39.150 B14MH 22.89 95.848 14.2 -18.295 21.7918 0.995 246.952 83.1078 299.737 744.607 745.79 5.165
2012 11 14 19 02 05.690 B14MH -29.178 -71.386 61.5 -18.295 21.7918 0.995 107.462 83.9568 300.272 742.602 742.86 5.102
2012 08 11 12 34 36.600 B15MW 38.379 46.795 18.9 -19.6305 23.8268 0.942 204.717 61.601 299.848 615.248 618.09 6.725
2012 08 12 10 47 07.390 B15MW 35.652 82.541 14 -19.6305 23.8268 0.942 235.384 78.1783 300.201 717.811 719.92 5.527
2012 09 03 18 23 08.350 B15MW -10.677 113.964 34.8 -19.6305 23.8268 0.942 250.777 86.603 300.095 758.765 759.48 4.892
2012 09 14 04 51 48.60 B15MW -3.3 100.67 23.3 -19.6305 23.8268 0.942 250.716 76.5089 299.102 707.042 708.02 5.663
2012 11 11 01 12 39.150 B15MW 22.89 95.848 14.2 -19.6305 23.8268 0.942 244.873 82.0015 299.638 738.488 740.09 5.241
2012 11 14 19 02 05.690 B15MW -29.178 -71.386 61.5 -19.6305 23.8268 0.942 109.564 85.0039 300.627 747.937 748.11 5.021
2012 08 11 12 34 36.600 B1665 38.379 46.795 18.9 -22.8246 27.2286 0.953 200.181 63.5907 299.217 627.617 631.47 6.582
2012 09 03 18 23 08.350 B1665 -10.677 113.964 34.8 -22.8246 27.2286 0.953 248.146 82.9555 299.243 739.893 741.09 5.184
2012 11 11 01 12 39.150 B1665 22.89 95.848 14.2 -22.8246 27.2286 0.953 240.515 80.7345 299.668 731.518 733.49 5.342
2012 11 14 19 02 05.690 B1665 -29.178 -71.386 61.5 -22.8246 27.2286 0.953 113.905 86.2029 299.336 752.666 753.96 4.923
2012 08 11 12 34 36.600 B17CI 38.379 46.795 18.9 -19.2938 22.9094 0.959 205.772 61.5954 299.404 614.804 618.02 6.725
2012 08 12 10 47 07.390 B17CI 35.652 82.541 14 -19.2938 22.9094 0.959 236.247 78.5618 299.578 720.208 722.01 5.500
2012 09 03 18 23 08.350 B17CI -10.677 113.964 34.8 -19.2938 22.9094 0.959 250.954 87.5143 300.059 763.729 763.90 4.820
2012 09 14 04 51 48.60 B17CI -3.3 100.67 23.3 -19.2938 22.9094 0.959 251.077 77.368 300.766 712.726 712.86 5.601
2012 11 11 01 12 39.150 B17CI 22.89 95.848 14.2 -19.2938 22.9094 0.959 245.576 82.6152 300.255 742.105 743.27 5.201
2012 11 14 19 02 05.690 B17CI -29.178 -71.386 61.5 -19.2938 22.9094 0.959 108.849 84.4083 300.681 745.011 745.12 5.067
2012 08 11 12 34 36.600 Q01MP 38.379 46.795 18.9 -13.4078 34.87 0.486 194.639 52.7114 300.1 552.5 555.28 7.376
2012 08 12 10 47 07.390 Q01MP 35.652 82.541 14 -13.4078 34.87 0.486 231.713 66.4242 299.18 646.79 649.81 6.387
2012 09 03 18 23 08.350 Q01MP -10.677 113.964 34.8 -13.4078 34.87 0.486 258.605 77.0927 299.941 708.611 709.53 5.620
2012 09 14 04 51 48.60 Q01MP -3.3 100.67 23.3 -13.4078 34.87 0.486 256.858 65.7062 300.083 642.043 642.60 6.450
2012 11 11 01 12 39.150 Q01MP 22.89 95.848 14.2 -13.4078 34.87 0.486 245.095 69.7422 299.075 667.945 670.10 6.153
2012 12 17 09 16 31.250 Q01MP -0.693 123.883 46.4 -13.4078 34.87 0.486 256.689 88.881 300.041 768.791 769.26 4.707
2012 08 11 12 34 36.600 Q02GG 38.379 46.795 18.9 -13.2923 35.0304 0.994 194.476 52.5672 299.879 551.279 554.22 7.387
2012 08 12 10 47 07.390 Q02GG 35.652 82.541 14 -13.2923 35.0304 0.994 231.666 66.2351 299.059 645.669 648.60 6.401
2012 09 03 18 23 08.350 Q02GG -10.677 113.964 34.8 -13.2923 35.0304 0.994 258.744 76.9542 300.251 707.921 708.75 5.630
2012 09 14 04 51 48.60 Q02GG -3.3 100.67 23.3 -13.2923 35.0304 0.994 256.977 65.5454 299.923 640.883 641.57 6.461
2012 11 11 01 12 39.150 Q02GG 22.89 95.848 14.2 -13.2923 35.0304 0.994 245.115 69.5493 298.962 666.832 668.91 6.167
2012 12 17 09 16 31.250 Q02GG -0.693 123.883 46.4 -13.2923 35.0304 0.994 256.805 88.7257 300.393 768.143 768.53 4.719
2012 08 11 12 34 36.600 Q03LC 38.379 46.795 18.9 -13.3088 35.2425 1.37 194.217 52.542 300.8 551.2 554.03 7.389
2012 08 12 10 47 07.390 Q03LC 35.652 82.541 14 -13.3088 35.2425 1.37 231.484 66.1122 299.086 644.716 647.82 6.410
2012 08 18 09 41 55.160 Q03LC -1.351 120.127 27.9 -13.3088 35.2425 1.37 256.844 84.7137 299.875 750.715 751.32 5.044
2012 09 03 18 23 08.350 Q03LC -10.677 113.964 34.8 -13.3088 35.2425 1.37 258.757 76.7474 300.103 706.753 707.58 5.645
2012 09 14 04 51 48.60 Q03LC -3.3 100.67 23.3 -13.3088 35.2425 1.37 256.949 65.3398 298.406 638.346 640.24 6.477
2012 11 11 01 12 39.150 Q03LC 22.89 95.848 14.2 -13.3088 35.2425 1.37 244.987 69.3804 298.936 665.786 667.87 6.179
2012 12 17 09 16 31.250 Q03LC -0.693 123.883 46.4 -13.3088 35.2425 1.37 256.79 88.5191 300.64 767.39 767.55 4.736
2012 08 11 12 34 36.600 Q04NM 38.379 46.795 18.9 -13.3309 35.6584 1.207 193.711 52.4847 300.143 550.543 553.61 7.393
2012 08 12 10 47 07.390 Q04NM 35.652 82.541 14 -13.3309 35.6584 1.207 231.133 65.8644 297.571 642.181 646.23 6.428
2012 08 18 09 41 55.160 Q04NM -1.351 120.127 27.9 -13.3309 35.6584 1.207 256.822 84.3088 299.402 748.262 749.27 5.075
2012 09 03 18 23 08.350 Q04NM -10.677 113.964 34.8 -13.3309 35.6584 1.207 258.792 76.3434 299.687 704.357 705.30 5.673
2012 09 14 04 51 48.60 Q04NM -3.3 100.67 23.3 -13.3309 35.6584 1.207 256.905 64.9363 298.022 634.982 637.62 6.507
2012 10 17 04 42 31.60 Q04NM 4.179 124.561 338.4 -13.3309 35.6584 1.207 256.711 89.8849 298.893 739.853 741.13 4.638
2012 11 11 01 12 39.150 Q04NM 22.89 95.848 14.2 -13.3309 35.6584 1.207 244.745 69.0445 298.796 663.666 665.80 6.204
2012 12 17 09 16 31.250 Q04NM -0.693 123.883 46.4 -13.3309 35.6584 1.207 256.77 88.1142 301.126 765.876 765.63 4.768
2012 08 11 12 34 36.600 Q05MJ 38.379 46.795 18.9 -13.3953 36.1257 0.661 193.133 52.4623 300.046 550.446 553.45 7.395
2012 08 12 10 47 07.390 Q05MJ 35.652 82.541 14 -13.3953 36.1257 0.661 230.708 65.6176 298.977 641.587 644.65 6.445
2012 08 18 09 41 55.160 Q05MJ -1.351 120.127 27.9 -13.3953 36.1257 0.661 256.758 83.854 300.073 745.913 746.95 5.111
2012 09 03 18 23 08.350 Q05MJ -10.677 113.964 34.8 -13.3953 36.1257 0.661 258.79 75.8841 299.671 701.338 702.69 5.704
2012 09 14 04 51 48.60 Q05MJ -3.3 100.67 23.3 -13.3953 36.1257 0.661 256.811 64.4849 299.617 633.557 634.67 6.539
2012 11 11 01 12 39.150 Q05MJ 22.89 95.848 14.2 -13.3953 36.1257 0.661 244.434 68.6883 299.719 661.589 663.59 6.229
2012 12 17 09 16 31.250 Q05MJ -0.693 123.883 46.4 -13.3953 36.1257 0.661 256.708 87.6591 300.743 763.493 763.45 4.803
2012 08 11 12 34 36.600 Q06MQ 38.379 46.795 18.9 -13.3496 36.7453 0.44 192.394 52.31 300.112 549.512 552.33 7.405
2012 08 12 10 47 07.390 Q06MQ 35.652 82.541 14 -13.3496 36.7453 0.44 230.234 65.1937 299.158 638.788 641.92 6.476
2012 08 18 09 41 55.160 Q06MQ -1.351 120.127 27.9 -13.3496 36.7453 0.44 256.802 83.2509 299.937 742.797 743.86 5.160
2012 09 03 18 23 08.350 Q06MQ -10.677 113.964 34.8 -13.3496 36.7453 0.44 258.921 75.2927 299.808 698.458 699.30 5.749
2012 09 14 04 51 48.60 Q06MQ -3.3 100.67 23.3 -13.3496 36.7453 0.44 256.829 63.8804 300.072 630.012 630.71 6.582
2012 10 17 04 42 31.60 Q06MQ 4.179 124.561 338.4 -13.3496 36.7453 0.44 256.611 88.8315 299.437 735.377 736.24 4.643
2012 11 11 01 12 39.150 Q06MQ 22.89 95.848 14.2 -13.3496 36.7453 0.44 244.138 68.1499 297.842 656.712 660.23 6.267
2012 12 11 06 18 28.980 Q06MQ 0.56 126.223 43.8 -13.3496 36.7453 0.44 256.732 89.6193 301.586 772.626 773.03 4.649
2012 12 17 09 16 31.250 Q06MQ -0.693 123.883 46.4 -13.3496 36.7453 0.44 256.754 87.0562 300.436 760.186 760.54 4.850
2012 08 11 12 34 36.600 Q07MR 38.379 46.795 18.9 -13.1967 37.4986 0.821 191.511 52.0376 300.247 547.647 550.31 7.423
2012 08 12 10 47 07.390 Q07MR 35.652 82.541 14 -13.1967 37.4986 0.821 229.719 64.6072 299.393 635.003 638.12 6.520
2012 08 18 09 41 55.160 Q07MR -1.351 120.127 27.9 -13.1967 37.4986 0.821 256.951 82.5167 299.238 739.098 740.05 5.213
2012 08 26 15 05 37.160 Q07MR 2.198 126.869 90.9 -13.1967 37.4986 0.821 256.874 89.8824 300.785 768.625 768.77 4.642
2012 09 03 18 23 08.350 Q07MR -10.677 113.964 34.8 -13.1967 37.4986 0.821 259.178 74.5859 300.156 694.806 695.22 5.802
2012 09 14 04 51 48.60 Q07MR -3.3 100.67 23.3 -13.1967 37.4986 0.821 256.957 63.1402 299.156 624.096 625.82 6.634
2012 10 17 04 42 31.60 Q07MR 4.179 124.561 338.4 -13.1967 37.4986 0.821 256.703 88.0882 299.543 731.483 732.78 4.686
2012 11 11 01 12 39.150 Q07MR 22.89 95.848 14.2 -13.1967 37.4986 0.821 243.862 67.4458 298.829 653.699 655.81 6.319
2012 12 11 06 18 28.980 Q07MR 0.56 126.223 43.8 -13.1967 37.4986 0.821 256.874 88.8839 301.119 769.159 769.59 4.707
2012 12 17 09 16 31.250 Q07MR -0.693 123.883 46.4 -13.1967 37.4986 0.821 256.906 86.3226 302.373 758.123 756.96 4.907
2012 08 11 12 34 36.600 W01PD 38.379 46.795 18.9 -13.7073 33.0061 1.136 196.771 53.3984 300.543 557.943 560.33 7.325
2012 08 12 10 47 07.390 W01PD 35.652 82.541 14 -13.7073 33.0061 1.136 232.971 67.8488 299.608 656.218 658.82 6.284
2012 08 18 09 41 55.160 W01PD -1.351 120.127 27.9 -13.7073 33.0061 1.136 256.432 86.8863 300.352 762.192 762.08 4.868
2012 09 03 18 23 08.350 W01PD -10.677 113.964 34.8 -13.7073 33.0061 1.136 258.039 78.8444 299.642 718.312 719.25 5.491
2012 09 14 04 51 48.60 W01PD -3.3 100.67 23.3 -13.7073 33.0061 1.136 256.612 67.5292 300.221 654.181 654.24 6.318
2012 11 11 01 12 39.150 W01PD 22.89 95.848 14.2 -13.7073 33.0061 1.136 245.795 71.4563 299.579 678.449 680.54 6.029
2012 08 11 12 34 36.600 W02NB 38.379 46.795 18.9 -13.724 33.5599 1.174 196.113 53.2914 300.766 557.166 559.55 7.333
2012 08 12 10 47 07.390 W02NB 35.652 82.541 14 -13.724 33.5599 1.174 232.526 67.5022 299.328 653.938 656.64 6.309
2012 08 18 09 41 55.160 W02NB -1.351 120.127 27.9 -13.724 33.5599 1.174 256.42 86.348 300.008 758.848 759.45 4.910
2012 09 03 18 23 08.350 W02NB -10.677 113.964 34.8 -13.724 33.5599 1.174 258.102 78.3094 299.74 715.39 716.30 5.529
2012 09 14 04 51 48.60 W02NB -3.3 100.67 23.3 -13.724 33.5599 1.174 256.572 66.992 299.837 649.777 650.83 6.355
2012 11 11 01 12 39.150 W02NB 22.89 95.848 14.2 -13.724 33.5599 1.174 245.495 70.9994 299.09 675.94 677.78 6.061
2012 08 11 12 34 36.600 W03BL 38.379 46.795 18.9 -13.6788 33.8245 1.336 195.813 53.1904 301.169 556.569 558.81 7.341
2012 08 12 10 47 07.390 W03BL 35.652 82.541 14 -13.6788 33.8245 1.336 232.35 67.2978 299.031 652.641 655.36 6.324
2012 09 03 18 23 08.350 W03BL -10.677 113.964 34.8 -13.6788 33.8245 1.336 258.185 78.0613 299.344 713.994 714.93 5.548
2012 09 14 04 51 48.60 W03BL -3.3 100.67 23.3 -13.6788 33.8245 1.336 256.61 66.7332 299.387 648.327 649.19 6.374
2012 11 11 01 12 39.150 W03BL 22.89 95.848 14.2 -13.6788 33.8245 1.336 245.398 70.7547 299.338 674.188 676.30 6.079
2012 12 17 09 16 31.250 W03BL -0.693 123.883 46.4 -13.6788 33.8245 1.336 256.41 89.8951 301.382 774.132 773.99 4.643
2012 08 11 12 34 36.600 W04VR 38.379 46.795 18.9 -13.7212 34.1205 1.027 195.45 53.1689 300.864 556.264 558.66 7.342
2012 08 12 10 47 07.390 W04VR 35.652 82.541 14 -13.7212 34.1205 1.027 232.086 67.1388 298.859 651.469 654.36 6.336
2012 08 18 09 41 55.160 W04VR -1.351 120.127 27.9 -13.7212 34.1205 1.027 256.427 85.8032 299.795 755.635 756.76 4.954
2012 09 03 18 23 08.350 W04VR -10.677 113.964 34.8 -13.7212 34.1205 1.027 258.184 77.7706 299.921 712.571 713.31 5.570
2012 09 14 04 51 48.60 W04VR -3.3 100.67 23.3 -13.7212 34.1205 1.027 256.551 66.4475 299.705 646.665 647.36 6.396
2012 11 11 01 12 39.150 W04VR 22.89 95.848 14.2 -13.7212 34.1205 1.027 245.205 70.5281 298.817 672.687 674.92 6.096
2012 12 17 09 16 31.250 W04VR -0.693 123.883 46.4 -13.7212 34.1205 1.027 256.371 89.607 300.743 772.493 772.65 4.649
2012 08 11 12 34 36.600 W05SL 38.379 46.795 18.9 -13.7627 34.3834 0.53 195.127 53.1547 300.447 555.847 558.56 7.343
2012 08 12 10 47 07.390 W05SL 35.652 82.541 14 -13.7627 34.3834 0.53 231.848 67.0012 298.683 650.293 653.49 6.345
2012 08 18 09 41 55.160 W05SL -1.351 120.127 27.9 -13.7627 34.3834 0.53 256.387 85.5475 298.482 753.322 755.49 4.976
2012 09 03 18 23 08.350 W05SL -10.677 113.964 34.8 -13.7627 34.3834 0.53 258.179 77.5118 299.463 711.133 711.87 5.590
2012 09 14 04 51 48.60 W05SL -3.3 100.67 23.3 -13.7627 34.3834 0.53 256.495 66.194 300.06 645 645.74 6.414
2012 11 11 01 12 39.150 W05SL 22.89 95.848 14.2 -13.7627 34.3834 0.53 245.029 70.3292 298.468 671.318 673.71 6.111
2012 12 17 09 16 31.250 W05SL -0.693 123.883 46.4 -13.7627 34.3834 0.53 256.332 89.3511 300.771 771.521 771.46 4.670
2012 08 11 12 34 36.600 W06SB 38.379 46.795 18.9 -13.7421 34.5959 0.514 194.88 53.0914 299.861 555.261 558.09 7.348
2012 08 12 10 47 07.390 W06SB 35.652 82.541 14 -13.7421 34.5959 0.514 231.694 66.8498 298.844 649.454 652.53 6.355
2012 08 18 09 41 55.160 W06SB -1.351 120.127 27.9 -13.7421 34.5959 0.514 256.409 85.3411 301.342 755.202 754.46 4.994
2012 09 03 18 23 08.350 W06SB -10.677 113.964 34.8 -13.7421 34.5959 0.514 258.229 77.3102 300.584 710.254 710.74 5.605
2012 09 14 04 51 48.60 W06SB -3.3 100.67 23.3 -13.7421 34.5959 0.514 256.507 65.9868 299.858 643.818 644.41 6.430
2012 08 11 12 34 36.600 W07CR 38.379 46.795 18.9 -10.6838 34.1931 0.504 196.206 50.2079 301.25 534.65 536.45 7.559
2012 08 12 10 47 07.390 W07CR 35.652 82.541 14 -10.6838 34.1931 0.504 234.231 64.8413 299.332 636.942 639.48 6.504
2012 08 30 13 43 25.300 W07CR 71.446 -11.034 11.1 -10.6838 34.1931 0.504 135.691 87.2999 301.462 767.182 767.48 4.826
2012 09 03 18 23 08.350 W07CR -10.677 113.964 34.8 -10.6838 34.1931 0.504 261.248 78.1431 300.473 715.143 715.42 5.541
2012 09 14 04 51 48.60 W07CR -3.3 100.67 23.3 -10.6838 34.1931 0.504 259.843 66.2855 300.07 646.01 646.32 6.408
2012 12 17 09 16 31.250 W07CR -0.693 123.883 46.4 -10.6838 34.1931 0.504 259.39 89.5684 300.99 772.74 772.48 4.652
2012 08 11 12 34 36.600 W08KB 38.379 46.795 18.9 -11.61 34.2964 0.481 195.815 51.0832 300.535 540.935 543.09 7.496
2012 08 12 10 47 07.390 W08KB 35.652 82.541 14 -11.61 34.2964 0.481 233.469 65.4566 297.231 638.861 643.51 6.457
2012 09 03 18 23 08.350 W08KB -10.677 113.964 34.8 -11.61 34.2964 0.481 260.333 77.9046 299.608 713.278 714.08 5.560
2012 09 14 04 51 48.60 W08KB -3.3 100.67 23.3 -11.61 34.2964 0.481 258.835 66.2048 299.833 644.773 645.80 6.414
2012 11 11 01 12 39.150 W08KB 22.89 95.848 14.2 -11.61 34.2964 0.481 247.043 69.3233 299.528 665.378 667.45 6.184
2012 12 17 09 16 31.250 W08KB -0.693 123.883 46.4 -11.61 34.2964 0.481 258.471 89.4573 301.109 771.879 771.96 4.661
2012 08 11 12 34 36.600 W09TK 38.379 46.795 18.9 -12.1085 34.0464 0.475 195.981 51.6203 300.384 544.784 547.12 7.456
2012 08 12 10 47 07.390 W09TK 35.652 82.541 14 -12.1085 34.0464 0.475 233.305 65.9888 300.085 644.715 646.95 6.419
2012 08 18 09 41 55.160 W09TK -1.351 120.127 27.9 -12.1085 34.0464 0.475 258.034 85.8875 299.326 756.166 757.18 4.947
2012 09 03 18 23 08.350 W09TK -10.677 113.964 34.8 -12.1085 34.0464 0.475 259.795 78.0734 298.428 713.078 715.01 5.547
2012 09 14 04 51 48.60 W09TK -3.3 100.67 23.3 -12.1085 34.0464 0.475 258.302 66.4631 299.495 646.455 647.46 6.395
2012 11 11 01 12 39.150 W09TK 22.89 95.848 14.2 -12.1085 34.0464 0.475 246.716 69.7828 299.524 668.394 670.30 6.151
2012 12 17 09 16 31.250 W09TK -0.693 123.883 46.4 -12.1085 34.0464 0.475 257.973 89.6967 300.576 773.326 773.07 4.643
2012 08 11 12 34 36.600 W10LW 38.379 46.795 18.9 -12.6208 34.1652 0.488 195.695 52.0916 300.879 548.279 550.65 7.420
2012 09 03 18 23 08.350 W10LW -10.677 113.964 34.8 -12.6208 34.1652 0.488 259.298 77.8841 299.534 713.184 713.96 5.561
2012 09 14 04 51 48.60 W10LW -3.3 100.67 23.3 -12.6208 34.1652 0.488 257.742 66.363 299.108 645.048 646.82 6.402
2012 11 11 01 12 39.150 W10LW 22.89 95.848 14.2 -12.6208 34.1652 0.488 246.185 69.9377 299.268 669.118 671.27 6.140
2012 12 17 09 16 31.250 W10LW -0.693 123.883 46.4 -12.6208 34.1652 0.488 257.465 89.5751 301.407 773.157 772.51 4.652
2012 08 11 12 34 36.600 W11KP 38.379 46.795 18.9 -13.2166 34.3113 0.511 195.358 52.6391 301.079 552.479 554.74 7.382
2012 08 12 10 47 07.390 W11KP 35.652 82.541 14 -13.2166 34.3113 0.511 232.295 66.6399 297.75 647.36 651.17 6.371
2012 08 18 09 41 55.160 W11KP -1.351 120.127 27.9 -13.2166 34.3113 0.511 256.932 85.6207 300.544 755.385 755.86 4.970
2012 09 03 18 23 08.350 W11KP -10.677 113.964 34.8 -13.2166 34.3113 0.511 258.719 77.658 300.115 711.785 712.69 5.579
2012 09 14 04 51 48.60 W11KP -3.3 100.67 23.3 -13.2166 34.3113 0.511 257.09 66.242 298.389 644.349 646.05 6.411
2012 11 11 01 12 39.150 W11KP 22.89 95.848 14.2 -13.2166 34.3113 0.511 245.564 70.1137 299.462 670.312 672.37 6.127
2012 08 11 12 34 36.600 W12MB 38.379 46.795 18.9 -14.0852 34.9112 0.481 194.419 53.3626 299.794 557.194 560.10 7.327
2012 09 03 18 23 08.350 W12MB -10.677 113.964 34.8 -14.0852 34.9112 0.481 257.926 76.9598 300.528 708.198 708.77 5.630
2012 09 14 04 51 48.60 W12MB -3.3 100.67 23.3 -14.0852 34.9112 0.481 256.118 65.6966 299.667 641.607 642.54 6.450
2012 11 11 01 12 39.150 W12MB 22.89 95.848 14.2 -14.0852 34.9112 0.481 244.458 70.0531 298.634 669.484 672.04 6.131
2012 12 17 09 16 31.250 W12MB -0.693 123.883 46.4 -14.0852 34.9112 0.481 256.016 88.8359 303.713 772.463 769.05 4.710
2012 08 11 12 34 36.600 W13CC 38.379 46.795 18.9 -14.548 35.1806 0.487 193.987 53.7615 300.406 559.806 563.04 7.298
2012 08 12 10 47 07.390 W13CC 35.652 82.541 14 -14.548 35.1806 0.487 230.658 67.0849 299.114 650.724 654.07 6.339
2012 08 18 09 41 55.160 W13CC -1.351 120.127 27.9 -14.548 35.1806 0.487 255.606 84.7719 300.215 751.055 751.61 5.039
2012 09 03 18 23 08.350 W13CC -10.677 113.964 34.8 -14.548 35.1806 0.487 257.494 76.6387 299.829 706.499 706.96 5.653
2012 09 14 04 51 48.60 W13CC -3.3 100.67 23.3 -14.548 35.1806 0.487 255.599 65.459 299.248 640.188 641.01 6.467
2012 11 11 01 12 39.150 W13CC 22.89 95.848 14.2 -14.548 35.1806 0.487 243.895 70.0671 299.571 670.421 672.14 6.130
2012 08 11 12 34 36.600 W14MC 38.379 46.795 18.9 -15.0626 35.2259 0.5 193.811 54.2547 300.01 563.41 566.65 7.262
2012 08 12 10 47 07.390 W14MC 35.652 82.541 14 -15.0626 35.2259 0.5 230.262 67.4455 296.861 651.491 656.37 6.313
2012 08 18 09 41 55.160 W14MC -1.351 120.127 27.9 -15.0626 35.2259 0.5 255.093 84.728 298.422 749.262 751.39 5.043
2012 09 03 18 23 08.350 W14MC -10.677 113.964 34.8 -15.0626 35.2259 0.5 256.979 76.5273 300.253 705.923 706.32 5.661
2012 09 14 04 51 48.60 W14MC -3.3 100.67 23.3 -15.0626 35.2259 0.5 255.035 65.4433 299.525 639.485 640.91 6.469
2012 11 11 01 12 39.150 W14MC 22.89 95.848 14.2 -15.0626 35.2259 0.5 243.406 70.2955 299.918 671.788 673.56 6.113
2012 12 17 09 16 31.250 W14MC -0.693 123.883 46.4 -15.0626 35.2259 0.5 255.046 88.5249 301.398 768.148 767.58 4.735
2012 08 11 12 34 36.600 W15SS 38.379 46.795 18.9 -15.6818 34.9747 0.777 193.955 54.9059 299.776 568.176 571.39 7.214
2012 08 12 10 47 07.390 W15SS 35.652 82.541 14 -15.6818 34.9747 0.777 230.03 68.0714 297.155 655.785 660.33 6.267
2012 08 18 09 41 55.160 W15SS -1.351 120.127 27.9 -15.6818 34.9747 0.777 254.475 84.9704 300.301 752.141 752.61 5.024
2012 09 03 18 23 08.350 W15SS -10.677 113.964 34.8 -15.6818 34.9747 0.777 256.319 76.6868 299.939 706.609 707.22 5.650
2012 09 14 04 51 48.60 W15SS -3.3 100.67 23.3 -15.6818 34.9747 0.777 254.376 65.7215 300.122 642.062 642.71 6.448
2012 11 11 01 12 39.150 W15SS 22.89 95.848 14.2 -15.6818 34.9747 0.777 242.983 70.8233 299.201 675.071 676.79 6.073
2012 12 17 09 16 31.250 W15SS -0.693 123.883 46.4 -15.6818 34.9747 0.777 254.429 88.7636 300.917 768.667 768.70 4.716
2012 08 11 12 34 36.600 Z01TG 38.379 46.795 18.9 -12.296 29.9948 1.17 200.771 52.8049 301.45 553.85 555.87 7.370
2012 08 12 10 47 07.390 Z01TG 35.652 82.541 14 -12.296 29.9948 1.17 236.311 68.8221 299.789 662.399 664.80 6.216
2012 08 30 13 43 25.300 Z01TG 71.446 -11.034 11.1 -12.296 29.9948 1.17 140.06 87.9621 302.396 771.097 770.74 4.774
2012 09 03 18 23 08.350 Z01TG -10.677 113.964 34.8 -12.296 29.9948 1.17 258.991 81.9591 299.077 734.727 735.99 5.251
2012 09 14 04 51 48.60 Z01TG -3.3 100.67 23.3 -12.296 29.9948 1.17 258.195 70.4275 300.014 671.954 672.24 6.110
2012 11 11 01 12 39.150 Z01TG 22.89 95.848 14.2 -12.296 29.9948 1.17 248.586 73.3296 298.819 689.669 691.63 5.892
2012 08 11 12 34 36.600 Z02PP 38.379 46.795 18.9 -12.6965 30.1358 1.237 200.464 53.1476 300.439 555.839 558.41 7.345
2012 08 12 10 47 07.390 Z02PP 35.652 82.541 14 -12.6965 30.1358 1.237 235.909 69.014 297.518 662.128 666.01 6.202
2012 08 18 09 41 55.160 Z02PP -1.351 120.127 27.9 -12.6965 30.1358 1.237 257.389 89.6984 299.193 774.034 775.45 4.647
2012 08 30 13 43 25.300 Z02PP 71.446 -11.034 11.1 -12.6965 30.1358 1.237 140.01 88.3802 300.619 771.319 772.74 4.741
2012 09 03 18 23 08.350 Z02PP -10.677 113.964 34.8 -12.6965 30.1358 1.237 258.616 81.7599 299.166 733.816 734.94 5.267
2012 09 14 04 51 48.60 Z02PP -3.3 100.67 23.3 -12.6965 30.1358 1.237 257.77 70.2963 299.392 670.352 671.44 6.119
2012 11 11 01 12 39.150 Z02PP 22.89 95.848 14.2 -12.6965 30.1358 1.237 248.152 73.3995 298.993 689.863 692.05 5.887
2012 08 11 12 34 36.600 Z03CK 38.379 46.795 18.9 -12.939 30.4424 1.433 200.021 53.2957 301.144 557.544 559.51 7.333
2012 08 18 09 41 55.160 Z03CK -1.351 120.127 27.9 -12.939 30.4424 1.433 257.155 89.394 299.182 773.023 774.04 4.671
2012 09 03 18 23 08.350 Z03CK -10.677 113.964 34.8 -12.939 30.4424 1.433 258.423 81.4267 299.844 732.514 733.18 5.294
2012 09 14 04 51 48.60 Z03CK -3.3 100.67 23.3 -12.939 30.4424 1.433 257.508 70.002 299.885 668.825 669.63 6.140
2012 11 11 01 12 39.150 Z03CK 22.89 95.848 14.2 -12.939 30.4424 1.433 247.781 73.2535 299.463 689.313 691.20 5.898
2012 08 11 12 34 36.600 Z04NN 38.379 46.795 18.9 -13.075 30.6276 1.62 199.759 53.3762 300.38 557.78 560.11 7.327
2012 08 18 09 41 55.160 Z04NN -1.351 120.127 27.9 -13.075 30.6276 1.62 257.024 89.2107 298.423 771.283 773.18 4.686
2012 08 30 13 43 25.300 Z04NN 71.446 -11.034 11.1 -13.075 30.6276 1.62 139.62 88.8495 301.533 775.233 774.96 4.703
2012 09 03 18 23 08.350 Z04NN -10.677 113.964 34.8 -13.075 30.6276 1.62 258.317 81.2273 299.765 731.415 732.12 5.310
2012 09 14 04 51 48.60 Z04NN -3.3 100.67 23.3 -13.075 30.6276 1.62 257.36 69.8244 299.591 667.531 668.54 6.153
2012 11 11 01 12 39.150 Z04NN 22.89 95.848 14.2 -13.075 30.6276 1.62 247.567 73.1609 298.618 688.468 690.66 5.904
2012 08 11 12 34 36.600 Z05CS 38.379 46.795 18.9 -13.1667 30.8784 1.512 199.435 53.3979 300.688 558.068 560.28 7.326
2012 08 12 10 47 07.390 Z05CS 35.652 82.541 14 -13.1667 30.8784 1.512 235.002 68.855 298.46 662.07 665.05 6.213
2012 08 18 09 41 55.160 Z05CS -1.351 120.127 27.9 -13.1667 30.8784 1.512 256.938 88.9646 300.183 771.023 772.02 4.705
2012 09 03 18 23 08.350 Z05CS -10.677 113.964 34.8 -13.1667 30.8784 1.512 258.264 80.9717 300.228 729.898 730.76 5.332
2012 09 14 04 51 48.60 Z05CS -3.3 100.67 23.3 -13.1667 30.8784 1.512 257.256 69.5822 297.897 664.857 667.05 6.170
2012 11 11 01 12 39.150 Z05CS 22.89 95.848 14.2 -13.1667 30.8784 1.512 247.359 72.9915 299.068 687.938 689.67 5.917
2012 08 11 12 34 36.600 Z06LW 38.379 46.795 18.9 -13.3218 31.0287 1.44 199.208 53.5073 300.368 558.768 561.09 7.317
2012 08 18 09 41 55.160 Z06LW -1.351 120.127 27.9 -13.3218 31.0287 1.44 256.786 88.8152 299.727 770.567 771.32 4.716
2012 09 03 18 23 08.350 Z06LW -10.677 113.964 34.8 -13.3218 31.0287 1.44 258.132 80.8034 299.349 729.018 729.86 5.344
2012 09 14 04 51 48.60 Z06LW -3.3 100.67 23.3 -13.3218 31.0287 1.44 257.088 69.4397 299.3 665.26 666.17 6.180
2012 08 11 12 34 36.600 Z07FW 38.379 46.795 18.9 -13.1206 31.7754 0.523 198.398 53.1251 300.751 556.131 558.28 7.346
2012 08 12 10 47 07.390 Z07FW 35.652 82.541 14 -13.1206 31.7754 0.523 234.349 68.2255 298.044 657.654 661.14 6.257
2012 08 18 09 41 55.160 Z07FW -1.351 120.127 27.9 -13.1206 31.7754 0.523 256.999 88.0917 301.602 768.462 767.89 4.774
2012 09 03 18 23 08.350 Z07FW -10.677 113.964 34.8 -13.1206 31.7754 0.523 258.445 80.1152 299.647 725.297 726.17 5.397
2012 09 14 04 51 48.60 Z07FW -3.3 100.67 23.3 -13.1206 31.7754 0.523 257.282 68.7075 299.937 660.897 661.63 6.233
2012 11 11 01 12 39.150 Z07FW 22.89 95.848 14.2 -13.1206 31.7754 0.523 246.954 72.2068 299.593 683.463 685.01 5.973
2012 08 11 12 34 36.600 Z08MF 38.379 46.795 18.9 -13.2546 31.9314 0.46 198.172 53.2155 301.3 556.7 558.95 7.339
2012 08 12 10 47 07.390 Z08MF 35.652 82.541 14 -13.2546 31.9314 0.46 234.131 68.2202 299.039 658.668 661.11 6.257
2012 08 18 09 41 55.160 Z08MF -1.351 120.127 27.9 -13.2546 31.9314 0.46 256.868 87.9377 299.346 766.206 767.15 4.786
2012 09 03 18 23 08.350 Z08MF -10.677 113.964 34.8 -13.2546 31.9314 0.46 258.335 79.9449 299.837 724.487 725.25 5.410
2012 09 14 04 51 48.60 Z08MF -3.3 100.67 23.3 -13.2546 31.9314 0.46 257.134 68.5594 299.961 659.921 660.70 6.244
2012 11 11 01 12 39.150 Z08MF 22.89 95.848 14.2 -13.2546 31.9314 0.46 246.753 72.14 298.443 682.293 684.62 5.978
2012 08 11 12 34 36.600 Z09CG 38.379 46.795 18.9 -13.3058 32.221 0.716 197.815 53.1944 301.201 556.601 558.81 7.341
2012 08 18 09 41 55.160 Z09CG -1.351 120.127 27.9 -13.3058 32.221 0.716 256.822 87.655 298.563 763.423 765.80 4.808
2012 08 30 13 43 25.300 Z09CG 71.446 -11.034 11.1 -13.3058 32.221 0.716 138.155 89.4088 300.506 776.206 777.58 4.659
2012 09 03 18 23 08.350 Z09CG -10.677 113.964 34.8 -13.3058 32.221 0.716 258.327 79.6585 300.131 722.781 723.70 5.432
2012 09 14 04 51 48.60 Z09CG -3.3 100.67 23.3 -13.3058 32.221 0.716 257.07 68.2791 299.28 657.24 658.95 6.263
2012 11 11 01 12 39.150 Z09CG 22.89 95.848 14.2 -13.3058 32.221 0.716 246.561 71.9199 300.486 682.336 683.30 5.995
2012 08 11 12 34 36.600 Z10KW 38.379 46.795 18.9 -13.4991 32.3828 0.892 197.566 53.3421 301.081 557.481 559.90 7.329
2012 08 12 10 47 07.390 Z10KW 35.652 82.541 14 -13.4991 32.3828 0.892 233.606 68.1024 299.322 657.932 660.39 6.266
2012 08 18 09 41 55.160 Z10KW -1.351 120.127 27.9 -13.4991 32.3828 0.892 256.632 87.4949 299.082 763.922 765.03 4.820
2012 08 30 13 43 25.300 Z10KW 71.446 -11.034 11.1 -13.4991 32.3828 0.892 138.043 89.6309 299.419 776.119 778.61 4.643
2012 09 03 18 23 08.350 Z10KW -10.677 113.964 34.8 -13.4991 32.3828 0.892 258.157 79.4742 300.199 721.869 722.69 5.445
2012 09 14 04 51 48.60 Z10KW -3.3 100.67 23.3 -13.4991 32.3828 0.892 256.858 68.1277 299.268 657.228 658.00 6.275
2012 11 11 01 12 39.150 Z10KW 22.89 95.848 14.2 -13.4991 32.3828 0.892 246.303 71.8784 300.223 682.093 683.06 5.998
2012 08 11 12 34 36.600 Z11CP 38.379 46.795 18.9 -13.5636 32.5889 1.022 197.304 53.3557 301.27 557.67 560.00 7.328
2012 08 12 10 47 07.390 Z11CP 35.652 82.541 14 -13.5636 32.5889 1.022 233.399 68.0149 299.493 657.103 659.85 6.272
2012 08 18 09 41 55.160 Z11CP -1.351 120.127 27.9 -13.5636 32.5889 1.022 256.57 87.2936 299.166 763.006 764.05 4.835
2012 09 03 18 23 08.350 Z11CP -10.677 113.964 34.8 -13.5636 32.5889 1.022 258.123 79.2665 300.245 720.895 721.56 5.461
2012 09 14 04 51 48.60 Z11CP -3.3 100.67 23.3 -13.5636 32.5889 1.022 256.782 67.9295 299.902 655.842 656.76 6.289
2012 11 11 01 12 39.150 Z11CP 22.89 95.848 14.2 -13.5636 32.5889 1.022 246.139 71.7363 299.262 680.112 682.21 6.009
