2017 02 07 22 03 55.700 AMDT 25.201 63.257 24.05 1.9487 34.9358 0.0 234.2 35.7741 300.241 416.541 417.76 8.569
2017 02 07 22 03 55.700 GULU 25.201 63.257 24.05 2.8778 32.2848 0.0 238.299 37.165 300.237 427.557 429.51 8.484
2017 02 07 22 03 55.700 KABG 25.201 63.257 24.05 3.5104 34.1433 0.0 237.1 35.3385 300.76 413.075 413.91 8.596
2017 02 07 22 03 55.700 KITG 25.201 63.257 24.05 3.292 32.8798 0.0 238.198 36.4448 300.328 421.628 423.37 8.530
2017 02 07 22 03 55.700 KOTD 25.201 63.257 24.05 3.0002 34.1104 0.0 236.475 35.6933 300.398 415.698 416.99 8.574
2017 02 07 22 03 55.700 KUMI 25.201 63.257 24.05 1.4769 33.8648 0.0 234.836 36.8804 300.28 425.59 427.21 8.502
2017 02 07 22 03 55.700 LANG 25.201 63.257 24.05 2.7402 33.5637 0.0 236.749 36.2755 301.092 421.407 421.97 8.541
2017 02 07 22 03 55.700 LIRA 25.201 63.257 24.05 2.1096 33.0643 0.0 236.5 37.0625 301.162 427.462 428.70 8.490
2017 02 07 22 03 55.700 NAPK 25.201 63.257 24.05 2.3692 34.3775 0.0 235.369 35.9067 300.002 417.302 418.86 8.562
2017 03 14 02 51 16.850 AMDT 6.129 92.316 10.0 1.9487 34.9358 0.0 268.397 57.3641 300.963 588.113 588.36 7.057
2017 03 14 02 51 16.850 GULU 6.129 92.316 10.0 2.8778 32.2848 0.0 269.78 59.9085 300.286 605.456 606.07 6.874
2017 03 14 02 51 16.850 KABG 6.129 92.316 10.0 3.5104 34.1433 0.0 270.314 58.0036 301.195 592.36 592.84 7.008
2017 03 14 02 51 16.850 KITG 6.129 92.316 10.0 3.292 32.8798 0.0 270.192 59.2791 300.99 601.14 601.73 6.919
2017 03 14 02 51 16.850 KOTD 6.129 92.316 10.0 3.0002 34.1104 0.0 269.723 58.0819 300.483 592.633 593.40 7.001
2017 03 14 02 51 16.850 KUMI 6.129 92.316 10.0 1.4769 33.8648 0.0 267.982 58.4785 300.719 595.879 596.18 6.970
2017 03 14 02 51 16.850 LIRA 6.129 92.316 10.0 2.1096 33.0643 0.0 268.811 59.2081 301.298 601.448 601.24 6.924
2017 03 14 02 51 16.850 NAPK 6.129 92.316 10.0 2.3692 34.3775 0.0 268.957 57.8766 301.194 591.344 591.96 7.018
2017 04 05 06 09 12.460 AMDT 35.799 60.436 13.0 1.9487 34.9358 0.0 220.834 41.1499 300.383 462.923 464.94 8.219
2017 04 05 06 09 12.460 GULU 35.799 60.436 13.0 2.8778 32.2848 0.0 224.935 41.848 299.439 467.999 470.55 8.170
2017 04 05 06 09 12.460 KABG 35.799 60.436 13.0 3.5104 34.1433 0.0 223.147 40.2796 300.631 456.186 457.65 8.279
2017 04 05 06 09 12.460 KITG 35.799 60.436 13.0 3.292 32.8798 0.0 224.556 41.1703 299.926 462.466 464.99 8.218
2017 04 05 06 09 12.460 KOTD 35.799 60.436 13.0 3.0002 34.1104 0.0 222.756 40.7194 299.985 459.525 461.32 8.249
2017 04 05 06 09 12.460 KUMI 35.799 60.436 13.0 1.4769 33.8648 0.0 221.815 42.1201 299.997 470.547 472.89 8.151
2017 04 05 06 09 12.460 LIRA 35.799 60.436 13.0 2.1096 33.0643 0.0 223.328 42.0356 299.217 469.757 472.15 8.157
2017 04 28 20 23 17.260 AMDT 5.504 125.071 26.0 1.9487 34.9358 0.0 271.94 89.9501 300.034 775.774 776.91 4.643
2017 05 03 04 47 13.190 AMDT 39.499 71.451 10.0 1.9487 34.9358 0.0 230.933 49.9925 298.593 532.403 535.18 7.588
2017 05 03 04 47 13.190 GULU 39.499 71.451 10.0 2.8778 32.2848 0.0 234.377 50.8959 297.829 538.659 541.90 7.523
2017 05 03 04 47 13.190 KABG 39.499 71.451 10.0 3.5104 34.1433 0.0 232.999 49.2463 299.139 526.964 529.39 7.643
2017 05 03 04 47 13.190 KITG 39.499 71.451 10.0 3.292 32.8798 0.0 234.114 50.2024 298.645 533.47 536.66 7.573
2017 05 03 04 47 13.190 KOTD 39.499 71.451 10.0 3.0002 34.1104 0.0 232.621 49.6653 299.153 529.964 532.62 7.613
2017 05 03 04 47 13.190 LIRA 39.499 71.451 10.0 2.1096 33.0643 0.0 232.98 51.0063 298.855 539.665 542.79 7.515
2017 05 03 04 47 13.190 NAPK 39.499 71.451 10.0 2.3692 34.3775 0.0 231.843 49.9975 298.331 532.141 535.18 7.588
2017 05 10 23 23 37.270 AMDT -56.427 -25.782 17.39 1.9487 34.9358 0.0 63.9976 75.9068 301.906 706.636 706.04 5.697
2017 05 10 23 23 37.270 GULU -56.427 -25.782 17.39 2.8778 32.2848 0.0 61.1497 75.4023 300.873 702.623 703.24 5.735
2017 05 10 23 23 37.270 KABG -56.427 -25.782 17.39 3.5104 34.1433 0.0 62.4979 76.8601 300.798 711.543 711.52 5.632
2017 05 10 23 23 37.270 KITG -56.427 -25.782 17.39 3.292 32.8798 0.0 61.4776 76.0514 300.94 706.685 706.95 5.686
2017 05 10 23 23 37.270 KOTD -56.427 -25.782 17.39 3.0002 34.1104 0.0 62.726 76.4032 301.179 708.909 708.92 5.664
2017 05 10 23 23 37.270 LIRA -56.427 -25.782 17.39 2.1096 33.0643 0.0 62.2382 75.1182 299.934 700.664 701.56 5.757
2017 05 20 01 06 14.230 AMDT 9.384 123.958 533.0 1.9487 34.9358 0.0 271.752 88.7221 301.56 717.33 716.66 4.640
2017 05 20 01 06 14.230 KABG 9.384 123.958 533.0 3.5104 34.1433 0.0 273.411 89.253 301.257 720.042 719.11 4.636
2017 05 20 01 06 14.230 KOTD 9.384 123.958 533.0 3.0002 34.1104 0.0 272.916 89.3673 301.602 720.372 719.64 4.635
2017 05 20 01 06 14.230 NAPK 9.384 123.958 533.0 2.3692 34.3775 0.0 272.255 89.2053 301.551 719.321 718.90 4.636
2017 05 29 14 35 21.510 AMDT -1.287 120.433 12.0 1.9487 34.9358 0.0 272.042 85.5442 301.469 757.959 757.99 4.980
2017 05 29 14 35 21.510 GULU -1.287 120.433 12.0 2.8778 32.2848 0.0 272.901 88.2147 301.459 770.969 771.00 4.767
2017 05 29 14 35 21.510 KABG -1.287 120.433 12.0 3.5104 34.1433 0.0 273.576 86.3754 300.889 762.394 762.10 4.911
2017 05 29 14 35 21.510 KITG -1.287 120.433 12.0 3.292 32.8798 0.0 273.327 87.6308 300.667 768.172 768.20 4.812
2017 05 29 14 35 21.510 KOTD -1.287 120.433 12.0 3.0002 34.1104 0.0 273.067 86.3951 300.851 762.341 762.20 4.909
2017 05 29 14 35 21.510 LIRA -1.287 120.433 12.0 2.1096 33.0643 0.0 272.156 87.4179 300.956 767.446 767.17 4.828
2017 05 29 14 35 21.510 NAPK -1.287 120.433 12.0 2.3692 34.3775 0.0 272.446 86.1124 301.185 760.675 760.80 4.932
2017 06 12 12 28 39.70 AMDT 38.915 26.371 12.0 1.9487 34.9358 0.0 165.885 37.6153 299.546 433.476 435.99 8.451
2017 06 12 12 28 39.70 GULU 38.915 26.371 12.0 2.8778 32.2848 0.0 169.983 36.272 298.375 421.325 424.54 8.538
2017 06 12 12 28 39.70 KABG 38.915 26.371 12.0 3.5104 34.1433 0.0 166.705 35.9443 299.151 419.096 421.69 8.559
2017 06 12 12 28 39.70 KITG 38.915 26.371 12.0 3.292 32.8798 0.0 168.885 35.9499 298.524 418.469 421.76 8.558
2017 06 12 12 28 39.70 KOTD 38.915 26.371 12.0 3.0002 34.1104 0.0 166.913 36.4371 299.081 423.011 425.93 8.528
2017 06 12 12 28 39.70 LIRA 38.915 26.371 12.0 2.1096 33.0643 0.0 168.877 37.1388 298.656 428.586 431.96 8.482
2017 06 12 12 28 39.70 NAPK 38.915 26.371 12.0 2.3692 34.3775 0.0 166.661 37.1015 298.815 428.745 431.62 8.485
2017 07 06 08 03 57.220 AMDT 11.111 124.619 6.96 1.9487 34.9358 0.0 271.839 89.3187 300.346 777.126 777.03 4.681
2017 07 06 08 03 57.220 KABG 11.111 124.619 6.96 3.5104 34.1433 0.0 273.513 89.7988 300.919 779.714 779.25 4.643
2017 07 06 08 03 57.220 KOTD 11.111 124.619 6.96 3.0002 34.1104 0.0 273.022 89.9282 301.31 780.09 779.85 4.643
2017 07 19 12 16 23.560 AMDT -17.415 66.483 10.0 1.9487 34.9358 0.0 298.643 36.5709 302.396 426.836 426.50 8.527
2017 07 19 12 16 23.560 KABG -17.415 66.483 10.0 3.5104 34.1433 0.0 300.053 38.0884 302.152 439.607 439.43 8.428
2017 07 19 12 16 23.560 KITG -17.415 66.483 10.0 3.292 32.8798 0.0 298.645 39.0201 302.132 447.587 447.23 8.368
2017 07 19 12 16 23.560 KOTD -17.415 66.483 10.0 3.0002 34.1104 0.0 299.338 37.8335 302.016 437.456 437.25 8.444
2017 07 19 12 16 23.560 KUMI -17.415 66.483 10.0 1.4769 33.8648 0.0 297.029 37.2242 303.196 433.646 432.01 8.485
2017 07 19 12 16 23.560 LIRA -17.415 66.483 10.0 2.1096 33.0643 0.0 297.214 38.2353 303.381 441.821 440.58 8.420
2017 07 19 12 16 23.560 NAPK -17.415 66.483 10.0 2.3692 34.3775 0.0 298.719 37.2663 302.063 432.503 432.42 8.482
2017 07 20 22 31 11.240 AMDT 36.924 27.413 7.0 1.9487 34.9358 0.0 166.975 35.4898 300.256 417.016 418.63 8.585
2017 07 20 22 31 11.240 KABG 36.924 27.413 7.0 3.5104 34.1433 0.0 167.869 33.824 300.812 402.587 404.16 8.688
2017 07 20 22 31 11.240 KITG 36.924 27.413 7.0 3.292 32.8798 0.0 170.167 33.8455 300.299 402.074 404.37 8.687
2017 07 20 22 31 11.240 KOTD 36.924 27.413 7.0 3.0002 34.1104 0.0 168.078 34.3182 299.768 406.528 408.47 8.658
2017 07 20 22 31 11.240 LIRA 36.924 27.413 7.0 2.1096 33.0643 0.0 170.129 35.0342 299.534 412.294 414.72 8.613
2017 07 20 22 31 11.240 NAPK 36.924 27.413 7.0 2.3692 34.3775 0.0 167.8 34.9808 300.498 412.258 414.23 8.617
2017 07 27 17 53 24.610 AMDT 13.396 -49.325 10.0 1.9487 34.9358 0.0 89.4318 83.9708 301.616 751.006 750.36 5.106
2017 07 27 17 53 24.610 KABG 13.396 -49.325 10.0 3.5104 34.1433 0.0 88.0912 82.8484 301.621 745.026 744.56 5.194
2017 07 27 17 53 24.610 KITG 13.396 -49.325 10.0 3.292 32.8798 0.0 88.5906 81.6682 301.168 738.573 738.39 5.279
2017 07 27 17 53 24.610 KOTD 13.396 -49.325 10.0 3.0002 34.1104 0.0 88.5963 82.9306 300.813 745.203 744.99 5.188
2017 07 27 17 53 24.610 LANG 13.396 -49.325 10.0 2.7402 33.5637 0.0 88.9743 82.4571 300.183 741.589 742.53 5.221
2017 07 27 17 53 24.610 LIRA 13.396 -49.325 10.0 2.1096 33.0643 0.0 89.7042 82.1132 301.124 740.514 740.75 5.243
2017 07 27 17 53 24.610 NAPK 13.396 -49.325 10.0 2.3692 34.3775 0.0 89.1503 83.3325 301.066 747.456 747.08 5.158
2017 08 08 13 19 49.540 AMDT 33.192 103.855 9.0 1.9487 34.9358 0.0 259.815 71.3471 300.234 679.694 680.26 6.044
2017 08 08 13 19 49.540 KABG 33.192 103.855 9.0 3.5104 34.1433 0.0 261.64 71.1342 301.28 678.755 678.91 6.059
2017 08 08 13 19 49.540 KITG 33.192 103.855 9.0 3.292 32.8798 0.0 262.188 72.3036 300.567 685.042 685.94 5.973
2017 08 08 13 19 49.540 KOTD 33.192 103.855 9.0 3.0002 34.1104 0.0 261.215 71.4438 301.043 680.503 680.80 6.037
2017 08 08 13 19 49.540 LANG 33.192 103.855 9.0 2.7402 33.5637 0.0 261.31 72.041 301.121 684.596 684.39 5.993
2017 08 08 13 19 49.540 LIRA 33.192 103.855 9.0 2.1096 33.0643 0.0 261.058 72.8048 301.318 688.778 688.97 5.937
2017 08 08 13 19 49.540 NAPK 33.192 103.855 9.0 2.3692 34.3775 0.0 260.51 71.5734 300.5 680.96 681.61 6.028
2017 08 08 23 27 53.80 AMDT 44.301 82.826 20.0 1.9487 34.9358 0.0 239.188 59.6881 300.686 602.606 603.56 6.881
2017 08 08 23 27 53.80 KABG 44.301 82.826 20.0 3.5104 34.1433 0.0 241.032 58.9682 300.894 597.829 598.50 6.933
2017 08 08 23 27 53.80 KITG 44.301 82.826 20.0 3.292 32.8798 0.0 242.007 59.9337 299.96 603.895 605.15 6.864
2017 08 08 23 27 53.80 KOTD 44.301 82.826 20.0 3.0002 34.1104 0.0 240.691 59.3832 300.582 600.502 601.40 6.903
2017 08 08 23 27 53.80 LANG 44.301 82.826 20.0 2.7402 33.5637 0.0 240.995 59.927 300.389 604.324 605.14 6.864
2017 08 08 23 27 53.80 LIRA 44.301 82.826 20.0 2.1096 33.0643 0.0 240.989 60.7278 299.557 609.477 610.64 6.805
2017 08 08 23 27 53.80 NAPK 44.301 82.826 20.0 2.3692 34.3775 0.0 239.995 59.706 299.709 602.629 603.66 6.880
2017 08 11 05 28 25.720 AMDT 13.998 120.678 172.0 1.9487 34.9358 0.0 270.859 85.4031 301.325 737.605 737.93 4.945
2017 08 11 05 28 25.720 KABG 13.998 120.678 172.0 3.5104 34.1433 0.0 272.559 85.8032 301.707 740.002 739.88 4.914
2017 08 11 05 28 25.720 KITG 13.998 120.678 172.0 3.292 32.8798 0.0 272.649 87.0799 300.116 745.411 746.09 4.814
2017 08 11 05 28 25.720 KOTD 13.998 120.678 172.0 3.0002 34.1104 0.0 272.074 85.9554 301.169 740.449 740.63 4.901
2017 08 11 05 28 25.720 LANG 13.998 120.678 172.0 2.7402 33.5637 0.0 271.952 86.5472 301.816 744.111 743.52 4.856
2017 08 11 05 28 25.720 LIRA 13.998 120.678 172.0 2.1096 33.0643 0.0 271.462 87.1812 301.118 746.398 746.60 4.807
2017 08 11 05 28 25.720 NAPK 13.998 120.678 172.0 2.3692 34.3775 0.0 271.4 85.8453 300.329 739.609 740.10 4.910
2017 08 13 03 08 10.560 AMDT -3.768 101.622 31.0 1.9487 34.9358 0.0 273.711 66.8903 303.509 651.949 649.12 6.361
2017 08 13 03 08 10.560 KABG -3.768 101.622 31.0 3.5104 34.1433 0.0 275.307 67.8191 303.372 657.827 655.01 6.294
2017 08 13 03 08 10.560 KITG -3.768 101.622 31.0 3.292 32.8798 0.0 274.948 69.0546 303.694 665.149 662.73 6.206
2017 08 13 03 08 10.560 KOTD -3.768 101.622 31.0 3.0002 34.1104 0.0 274.759 67.8044 304.144 657.584 654.91 6.295
2017 08 13 03 08 10.560 LANG -3.768 101.622 31.0 2.7402 33.5637 0.0 274.428 68.3248 304.921 662.376 658.17 6.257
2017 08 13 03 08 10.560 LIRA -3.768 101.622 31.0 2.1096 33.0643 0.0 273.711 68.7675 304.499 663.939 660.93 6.227
2017 08 13 03 08 10.560 NAPK -3.768 101.622 31.0 2.3692 34.3775 0.0 274.11 67.4823 303.888 655.328 652.87 6.319
2017 08 18 02 59 21.950 AMDT -1.09 -13.663 10.0 1.9487 34.9358 0.0 86.4689 48.6853 303.087 526.137 524.37 7.691
2017 08 18 02 59 21.950 KABG -1.09 -13.663 10.0 3.5104 34.1433 0.0 84.3257 48.0003 303.536 520.601 519.10 7.741
2017 08 18 02 59 21.950 KITG -1.09 -13.663 10.0 3.292 32.8798 0.0 84.4823 46.7257 302.661 510.726 509.17 7.833
2017 08 18 02 59 21.950 KOTD -1.09 -13.663 10.0 3.0002 34.1104 0.0 85.0026 47.9288 303.023 520.073 518.54 7.746
2017 08 18 02 59 21.950 LANG -1.09 -13.663 10.0 2.7402 33.5637 0.0 85.2988 47.3658 301.808 514.873 514.16 7.785
2017 08 18 02 59 21.950 LIRA -1.09 -13.663 10.0 2.1096 33.0643 0.0 86.1079 46.8273 302.797 510.847 509.96 7.826
2017 08 18 02 59 21.950 NAPK -1.09 -13.663 10.0 2.3692 34.3775 0.0 85.8678 48.1528 302.756 521.806 520.27 7.730
2017 08 31 17 06 55.750 AMDT -1.159 99.688 43.14 1.9487 34.9358 0.0 272.681 64.816 304.028 637.278 634.29 6.509
2017 08 31 17 06 55.750 KABG -1.159 99.688 43.14 3.5104 34.1433 0.0 274.35 65.675 303.311 641.576 639.86 6.446
2017 08 31 17 06 55.750 KITG -1.159 99.688 43.14 3.292 32.8798 0.0 274.047 66.9245 304.26 650.525 647.86 6.354
2017 08 31 17 06 55.750 KOTD -1.159 99.688 43.14 3.0002 34.1104 0.0 273.792 65.6837 303.936 642.186 639.92 6.445
2017 08 31 17 06 55.750 LANG -1.159 99.688 43.14 2.7402 33.5637 0.0 273.483 66.2178 305.324 647.589 643.35 6.407
2017 08 31 17 06 55.750 LIRA -1.159 99.688 43.14 2.1096 33.0643 0.0 272.779 66.6911 304.37 649.62 646.37 6.372
2017 08 31 17 06 55.750 NAPK -1.159 99.688 43.14 2.3692 34.3775 0.0 273.117 65.39 303.307 640.557 638.02 6.466
2017 09 04 08 07 35.380 AMDT -57.788 -25.578 35.0 1.9487 34.9358 0.0 63.5129 76.4105 301.874 706.494 706.30 5.661
2017 09 04 08 07 35.380 KABG -57.788 -25.578 35.0 3.5104 34.1433 0.0 62.0391 77.3966 300.888 711.523 711.92 5.589
2017 09 04 08 07 35.380 KITG -57.788 -25.578 35.0 3.292 32.8798 0.0 61.0026 76.6105 301.141 706.776 707.51 5.646
2017 09 04 08 07 35.380 KOTD -57.788 -25.578 35.0 3.0002 34.1104 0.0 62.256 76.9349 301.361 708.981 709.31 5.622
2017 09 04 08 07 35.380 LANG -57.788 -25.578 35.0 2.7402 33.5637 0.0 61.8876 76.4487 300.026 705.661 706.57 5.657
2017 09 04 08 07 35.380 LIRA -57.788 -25.578 35.0 2.1096 33.0643 0.0 61.7395 75.6609 300.183 700.803 702.07 5.712
2017 09 04 08 07 35.380 NAPK -57.788 -25.578 35.0 2.3692 34.3775 0.0 62.8035 76.5105 300.991 706.611 706.89 5.653
2017 10 10 18 53 27.840 GULU -54.258 8.605 9.0 2.8778 32.2848 0.0 27.5185 60.2466 303.171 610.336 609.80 6.837
2017 10 10 18 53 27.840 KABG -54.258 8.605 9.0 3.5104 34.1433 0.0 29.3579 61.3692 303.829 619.004 617.43 6.753
2017 10 10 18 53 27.840 KITG -54.258 8.605 9.0 3.292 32.8798 0.0 28.0455 60.805 303.235 614.4 613.62 6.795
2017 10 10 18 53 27.840 KOTD -54.258 8.605 9.0 3.0002 34.1104 0.0 29.489 60.8745 304.387 615.547 614.06 6.790
2017 10 10 18 53 27.840 KUMI -54.258 8.605 9.0 1.4769 33.8648 0.0 29.7244 59.3552 303.432 604.602 603.59 6.902
2017 10 10 18 53 27.840 LANG -54.258 8.605 9.0 2.7402 33.5637 0.0 28.9741 60.4704 303.243 612.418 611.30 6.820
2017 10 10 18 53 27.840 LIRA -54.258 8.605 9.0 2.1096 33.0643 0.0 28.6264 59.7284 303.618 606.778 606.20 6.874
2017 10 10 18 53 27.840 NAPK -54.258 8.605 9.0 2.3692 34.3775 0.0 29.9916 60.3526 303.827 611.987 610.47 6.829
2017 10 24 10 47 47.540 KABG -7.236 123.04 549.19 3.5104 34.1433 0.0 273.598 89.3435 300.634 718.109 718.11 4.634
2017 10 24 10 47 47.540 KOTD -7.236 123.04 549.19 3.0002 34.1104 0.0 273.091 89.3122 301.304 717.764 717.96 4.635
2017 10 24 10 47 47.540 KUMI -7.236 123.04 549.19 1.4769 33.8648 0.0 271.559 89.3655 300.266 717.736 718.20 4.634
2017 10 24 10 47 47.540 LANG -7.236 123.04 549.19 2.7402 33.5637 0.0 272.766 89.8215 301.623 721.098 720.32 4.629
2017 10 24 10 47 47.540 NAPK -7.236 123.04 549.19 2.3692 34.3775 0.0 272.503 88.9686 300.461 715.921 716.36 4.638
2017 11 11 00 36 14.980 GULU -11.742 -14.114 10.0 2.8778 32.2848 0.0 75.4211 48.3586 302.88 522.92 522.04 7.713
2017 11 11 00 36 14.980 KABG -11.742 -14.114 10.0 3.5104 34.1433 0.0 75.4042 50.3178 303.11 538.145 537.02 7.570
2017 11 11 00 36 14.980 KITG -11.742 -14.114 10.0 3.292 32.8798 0.0 75.1519 49.0525 302.18 528.205 527.38 7.661
2017 11 11 00 36 14.980 KOTD -11.742 -14.114 10.0 3.0002 34.1104 0.0 76.0178 50.1291 302.595 536.615 535.58 7.584
2017 11 11 00 36 14.980 KUMI -11.742 -14.114 10.0 1.4769 33.8648 0.0 77.8137 49.4443 301.648 530.678 530.32 7.635
2017 11 11 00 36 14.980 LANG -11.742 -14.114 10.0 2.7402 33.5637 0.0 76.1201 49.5302 301.473 530.508 531.02 7.628
2017 11 11 00 36 14.980 LIRA -11.742 -14.114 10.0 2.1096 33.0643 0.0 76.7084 48.8646 302.194 526.214 525.91 7.676
2017 11 12 18 18 17.290 GULU 34.905 45.956 19.0 2.8778 32.2848 0.0 204.76 34.3072 299.033 403.763 406.40 8.656
2017 11 12 18 18 17.290 KABG 34.905 45.956 19.0 3.5104 34.1433 0.0 201.968 33.1072 300.521 394.246 395.96 8.730
2017 11 12 18 18 17.290 KITG 34.905 45.956 19.0 3.292 32.8798 0.0 204.011 33.7183 299.735 398.45 401.28 8.692
2017 11 12 18 18 17.290 KOTD 34.905 45.956 19.0 3.0002 34.1104 0.0 201.743 33.5997 301.033 398.743 400.29 8.699
2017 11 12 18 18 17.290 KUMI 34.905 45.956 19.0 1.4769 33.8648 0.0 201.347 35.1163 299.809 411.529 413.50 8.606
2017 11 12 18 18 17.290 LANG 34.905 45.956 19.0 2.7402 33.5637 0.0 202.532 34.0146 299.4 401.125 403.90 8.674
2017 11 12 18 18 17.290 LIRA 34.905 45.956 19.0 2.1096 33.0643 0.0 203.016 34.7673 299.283 407.993 410.44 8.628
2017 11 12 18 18 17.290 NAPK 34.905 45.956 19.0 2.3692 34.3775 0.0 200.949 34.1178 300.286 402.996 404.83 8.667
2017 11 17 22 34 19.500 GULU 29.832 94.977 8.0 2.8778 32.2848 0.0 258.321 64.987 298.4 637.92 640.52 6.505
2017 11 17 22 34 19.500 KABG 29.832 94.977 8.0 3.5104 34.1433 0.0 257.833 63.0774 299.699 626.214 627.96 6.640
2017 11 17 22 34 19.500 KITG 29.832 94.977 8.0 3.292 32.8798 0.0 258.365 64.2654 298.801 633.306 635.80 6.557
2017 11 17 22 34 19.500 KOTD 29.832 94.977 8.0 3.0002 34.1104 0.0 257.37 63.3723 299.495 627.995 629.94 6.620
2017 11 17 22 34 19.500 KUMI 29.832 94.977 8.0 1.4769 33.8648 0.0 256.089 64.3859 298.81 634.32 636.67 6.547
2017 11 17 22 34 19.500 LANG 29.832 94.977 8.0 2.7402 33.5637 0.0 257.447 63.9724 300.066 632.581 633.90 6.578
2017 11 17 22 34 19.500 LIRA 29.832 94.977 8.0 2.1096 33.0643 0.0 257.151 64.7273 299.452 636.952 638.87 6.524
2017 11 30 06 32 50.760 GULU -1.08 -23.432 10.0 2.8778 32.2848 0.0 85.8143 55.8369 300.414 576.674 577.51 7.170
2017 11 30 06 32 50.760 KABG -1.08 -23.432 10.0 3.5104 34.1433 0.0 85.1945 57.7262 300.958 590.213 590.93 7.029
2017 11 30 06 32 50.760 KITG -1.08 -23.432 10.0 3.292 32.8798 0.0 85.3615 56.4541 300.815 581.06 581.92 7.124
2017 11 30 06 32 50.760 KOTD -1.08 -23.432 10.0 3.0002 34.1104 0.0 85.7909 57.6641 300.461 589.701 590.49 7.034
2017 11 30 06 32 50.760 KUMI -1.08 -23.432 10.0 1.4769 33.8648 0.0 87.5693 57.3479 299.824 587.074 588.25 7.058
2017 11 30 06 32 50.760 LANG -1.08 -23.432 10.0 2.7402 33.5637 0.0 86.062 57.1049 299.026 584.281 586.54 7.076
2017 11 30 06 32 50.760 LIRA -1.08 -23.432 10.0 2.1096 33.0643 0.0 86.7796 56.5753 300.183 581.423 582.78 7.116
2017 11 30 06 32 50.760 NAPK -1.08 -23.432 10.0 2.3692 34.3775 0.0 86.547 57.8982 300.206 591.446 592.13 7.016
2017 12 01 02 32 46.10 GULU 30.743 57.313 9.0 2.8778 32.2848 0.0 225.352 36.4359 299.328 423.338 425.87 8.533
2017 12 01 02 32 46.10 KABG 30.743 57.313 9.0 3.5104 34.1433 0.0 223.462 34.815 300.514 410.519 411.96 8.630
2017 12 01 02 32 46.10 KITG 30.743 57.313 9.0 3.292 32.8798 0.0 224.981 35.747 298.547 417.542 419.97 8.573
2017 12 01 02 32 46.10 KOTD 30.743 57.313 9.0 3.0002 34.1104 0.0 222.987 35.2434 300.048 414.038 415.69 8.604
2017 12 01 02 32 46.10 KUMI 30.743 57.313 9.0 1.4769 33.8648 0.0 221.829 36.6175 299.463 425.463 427.54 8.521
2017 12 01 02 32 46.10 LANG 30.743 57.313 9.0 2.7402 33.5637 0.0 223.483 35.7742 299.57 418.575 420.25 8.571
2017 12 01 02 32 46.10 LIRA 30.743 57.313 9.0 2.1096 33.0643 0.0 223.534 36.5745 298.881 424.871 427.12 8.524
2017 12 01 02 32 46.10 NAPK 30.743 57.313 9.0 2.3692 34.3775 0.0 221.983 35.5977 299.67 416.66 418.78 8.581
2017 12 12 08 43 17.950 AMDT 30.719 57.27 10.0 1.9487 34.9358 0.0 220.748 35.5809 301.462 417.512 418.52 8.582
2017 12 12 08 43 17.950 GULU 30.719 57.27 10.0 2.8778 32.2848 0.0 225.318 36.3927 300.415 423.465 425.35 8.535
2017 12 12 08 43 17.950 KABG 30.719 57.27 10.0 3.5104 34.1433 0.0 223.425 34.7721 301.655 410.72 411.44 8.633
2017 12 12 08 43 17.950 KITG 30.719 57.27 10.0 3.292 32.8798 0.0 224.946 35.7039 300.588 417.643 419.44 8.575
2017 12 12 08 43 17.950 KOTD 30.719 57.27 10.0 3.0002 34.1104 0.0 222.95 35.2006 301.166 414.216 415.17 8.606
2017 12 12 08 43 17.950 KUMI 30.719 57.27 10.0 1.4769 33.8648 0.0 221.791 36.5749 301.636 425.696 427.03 8.523
2017 12 12 08 43 17.950 LANG 30.719 57.27 10.0 2.7402 33.5637 0.0 223.447 35.7314 301.438 418.503 419.73 8.573
2017 12 12 08 43 17.950 LIRA 30.719 57.27 10.0 2.1096 33.0643 0.0 223.498 36.5316 301.076 425.126 426.60 8.526
2017 12 12 08 43 17.950 NAPK 30.719 57.27 10.0 2.3692 34.3775 0.0 221.945 35.5551 300.74 416.79 418.26 8.584
2017 12 12 21 41 31.160 AMDT 30.822 57.286 8.0 1.9487 34.9358 0.0 220.677 35.6677 300.676 418.516 419.57 8.577
2017 12 12 21 41 31.160 GULU 30.822 57.286 8.0 2.8778 32.2848 0.0 225.24 36.4748 299.609 424.449 426.36 8.531
2017 12 12 21 41 31.160 KABG 30.822 57.286 8.0 3.5104 34.1433 0.0 223.346 34.8562 300.874 411.729 412.48 8.628
2017 12 12 21 41 31.160 KITG 30.822 57.286 8.0 3.292 32.8798 0.0 224.867 35.7864 299.788 418.633 420.46 8.571
2017 12 12 21 41 31.160 KOTD 30.822 57.286 8.0 3.0002 34.1104 0.0 222.873 35.2852 300.387 415.227 416.20 8.602
2017 12 12 21 41 31.160 KUMI 30.822 57.286 8.0 1.4769 33.8648 0.0 221.721 36.6607 300.861 426.711 428.07 8.518
2017 12 12 21 41 31.160 LANG 30.822 57.286 8.0 2.7402 33.5637 0.0 223.371 35.8154 300.853 419.708 420.76 8.570
2017 12 12 21 41 31.160 LIRA 30.822 57.286 8.0 2.1096 33.0643 0.0 223.424 36.6156 300.286 426.126 427.63 8.521
2017 12 12 21 41 31.160 NAPK 30.822 57.286 8.0 2.3692 34.3775 0.0 221.872 35.6408 299.994 417.834 419.30 8.579
2017 12 13 18 03 42.790 AMDT -54.217 2.168 10.0 1.9487 34.9358 0.0 37.6942 62.2105 305.185 625.395 622.76 6.691
2017 12 13 18 03 42.790 KABG -54.217 2.168 10.0 3.5104 34.1433 0.0 36.2449 63.3817 307.336 635.561 630.63 6.609
2017 12 13 18 03 42.790 KITG -54.217 2.168 10.0 3.292 32.8798 0.0 34.9991 62.7457 306.263 630.478 626.42 6.651
2017 12 13 18 03 42.790 KOTD -54.217 2.168 10.0 3.0002 34.1104 0.0 36.4084 62.8952 306.969 632.179 627.38 6.642
2017 12 13 18 03 42.790 KUMI -54.217 2.168 10.0 1.4769 33.8648 0.0 36.7478 61.392 307.265 622.485 617.25 6.752
2017 12 13 18 03 42.790 LANG -54.217 2.168 10.0 2.7402 33.5637 0.0 35.9329 62.4635 306.8 629.025 624.50 6.670
2017 12 13 18 03 42.790 LIRA -54.217 2.168 10.0 2.1096 33.0643 0.0 35.6463 61.7037 307.084 624.294 619.39 6.729
2017 12 13 18 03 42.790 NAPK -54.217 2.168 10.0 2.3692 34.3775 0.0 36.9374 62.402 308.333 629.543 624.07 6.676
2017 12 15 16 47 58.230 AMDT -7.492 108.174 90.0 1.9487 34.9358 0.0 274.233 73.6547 300.803 683.573 683.76 5.853
2017 12 15 16 47 58.230 KABG -7.492 108.174 90.0 3.5104 34.1433 0.0 275.706 74.6674 300.752 689.537 689.66 5.776
2017 12 15 16 47 58.230 KITG -7.492 108.174 90.0 3.292 32.8798 0.0 275.289 75.8821 300.272 696.047 696.62 5.685
2017 12 15 16 47 58.230 KOTD -7.492 108.174 90.0 3.0002 34.1104 0.0 275.181 74.6239 300.315 689.085 689.40 5.779
2017 12 15 16 47 58.230 KUMI -7.492 108.174 90.0 1.4769 33.8648 0.0 273.591 74.6471 300.414 689.194 689.52 5.778
2017 12 15 16 47 58.230 LANG -7.492 108.174 90.0 2.7402 33.5637 0.0 274.833 75.1257 301.616 693.401 692.29 5.742
2017 12 15 16 47 58.230 LIRA -7.492 108.174 90.0 2.1096 33.0643 0.0 274.117 75.5285 300.788 694.558 694.59 5.711
2017 12 15 16 47 58.230 NAPK -7.492 108.174 90.0 2.3692 34.3775 0.0 274.578 74.2675 300.075 686.845 687.33 5.806
2018 01 11 18 26 24.230 AMDT 18.362 96.077 9.0 1.9487 34.9358 0.0 262.26 62.0503 300.075 619.845 620.87 6.714
2018 01 11 18 26 24.230 KABG 18.362 96.077 9.0 3.5104 34.1433 0.0 264.212 62.2865 299.644 621.429 622.41 6.697
2018 01 11 18 26 24.230 KITG 18.362 96.077 9.0 3.292 32.8798 0.0 264.437 63.5505 299.586 629.361 630.81 6.609
2018 01 11 18 26 24.230 KOTD 18.362 96.077 9.0 3.0002 34.1104 0.0 263.683 62.482 299.791 622.561 623.73 6.682
2018 01 11 18 26 24.230 KUMI 18.362 96.077 9.0 1.4769 33.8648 0.0 262.17 63.2161 299.893 627.673 628.65 6.631
2018 01 11 18 26 24.230 LANG 18.362 96.077 9.0 2.7402 33.5637 0.0 263.609 63.0824 301.101 627.886 627.73 6.640
2018 01 11 18 26 24.230 LIRA 18.362 96.077 9.0 2.1096 33.0643 0.0 263.131 63.7598 299.799 631.569 632.23 6.594
2018 01 11 18 26 24.230 NAPK 18.362 96.077 9.0 2.3692 34.3775 0.0 262.916 62.4364 299.412 622.182 623.44 6.685
2018 01 23 06 34 54.240 AMDT -7.195 105.918 43.91 1.9487 34.9358 0.0 274.48 71.401 302.306 677.066 675.53 6.032
2018 01 23 06 34 54.240 KABG -7.195 105.918 43.91 3.5104 34.1433 0.0 275.973 72.4113 302.448 683.223 681.60 5.958
2018 01 23 06 34 54.240 KITG -7.195 105.918 43.91 3.292 32.8798 0.0 275.553 73.6264 302.195 689.96 688.78 5.869
2018 01 23 06 34 54.240 KOTD -7.195 105.918 43.91 3.0002 34.1104 0.0 275.442 72.3684 302.008 682.768 681.34 5.961
2018 01 23 06 34 54.240 KUMI -7.195 105.918 43.91 1.4769 33.8648 0.0 273.834 72.395 302.081 682.851 681.48 5.959
2018 01 23 06 34 54.240 LANG -7.195 105.918 43.91 2.7402 33.5637 0.0 275.09 72.8708 303.479 687.254 684.32 5.924
2018 01 23 06 34 54.240 LIRA -7.195 105.918 43.91 2.1096 33.0643 0.0 274.368 73.2751 302.708 688.468 686.70 5.895
2018 01 23 06 34 54.240 NAPK -7.195 105.918 43.91 2.3692 34.3775 0.0 274.831 72.0131 301.66 680.42 679.21 5.987
2018 01 28 16 03 03.970 AMDT -53.062 9.684 10.0 1.9487 34.9358 0.0 29.911 58.7607 302.314 599.344 599.35 6.943
2018 01 28 16 03 03.970 KABG -53.062 9.684 10.0 3.5104 34.1433 0.0 28.5006 60.0097 302.531 607.576 608.05 6.853
2018 01 28 16 03 03.970 KITG -53.062 9.684 10.0 3.292 32.8798 0.0 27.1705 59.4455 301.931 602.966 604.17 6.894
2018 01 28 16 03 03.970 KOTD -53.062 9.684 10.0 3.0002 34.1104 0.0 28.6338 59.5151 302.016 604.046 604.62 6.889
2018 01 28 16 03 03.970 KUMI -53.062 9.684 10.0 1.4769 33.8648 0.0 28.8734 57.9959 301.941 592.981 594.01 6.994
2018 01 28 16 03 03.970 LANG -53.062 9.684 10.0 2.7402 33.5637 0.0 28.1118 59.1109 301.905 600.95 601.83 6.918
2018 01 28 16 03 03.970 LIRA -53.062 9.684 10.0 2.1096 33.0643 0.0 27.7594 58.3689 301.259 595.289 596.65 6.968
2018 01 28 16 03 03.970 NAPK -53.062 9.684 10.0 2.3692 34.3775 0.0 29.1436 58.9934 302.381 600.411 600.99 6.927
2018 01 31 07 07 00.230 AMDT 36.543 70.815 191.19 1.9487 34.9358 0.0 232.29 47.7657 300.069 496.839 498.58 7.670
2018 01 31 07 07 00.230 KABG 36.543 70.815 191.19 3.5104 34.1433 0.0 234.473 47.0951 300.015 491.8 493.31 7.720
2018 01 31 07 07 00.230 KITG 36.543 70.815 191.19 3.292 32.8798 0.0 235.56 48.0916 298.838 498.613 500.96 7.648
2018 01 31 07 07 00.230 KOTD 36.543 70.815 191.19 3.0002 34.1104 0.0 234.055 47.4997 300.0 494.77 496.46 7.690
2018 01 31 07 07 00.230 KUMI 36.543 70.815 191.19 1.4769 33.8648 0.0 232.989 48.8112 299.872 504.652 506.56 7.595
2018 01 31 07 07 00.230 LANG 36.543 70.815 191.19 2.7402 33.5637 0.0 234.384 48.0522 300.126 498.911 500.70 7.650
2018 01 31 07 07 00.230 LIRA 36.543 70.815 191.19 2.1096 33.0643 0.0 234.34 48.8524 299.771 504.541 506.83 7.593
2018 01 31 07 07 00.230 NAPK 36.543 70.815 191.19 2.3692 34.3775 0.0 233.23 47.8032 300.033 496.802 498.83 7.667
2018 02 04 13 56 41.950 AMDT 24.157 121.707 12.0 1.9487 34.9358 0.0 270.456 86.2637 302.12 762.17 761.51 4.920
2018 02 04 13 56 41.950 KABG 24.157 121.707 12.0 3.5104 34.1433 0.0 272.199 86.3587 302.022 763.087 761.94 4.913
2018 02 04 13 56 41.950 KITG 24.157 121.707 12.0 3.292 32.8798 0.0 272.512 87.5998 301.143 768.198 767.97 4.816
2018 02 04 13 56 41.950 KOTD 24.157 121.707 12.0 3.0002 34.1104 0.0 271.748 86.594 301.965 764.016 763.10 4.894
2018 02 04 13 56 41.950 KUMI 24.157 121.707 12.0 1.4769 33.8648 0.0 270.463 87.4323 301.755 767.815 767.22 4.828
2018 02 04 13 56 41.950 LANG 24.157 121.707 12.0 2.7402 33.5637 0.0 271.733 87.1978 302.291 767.356 766.05 4.847
2018 02 04 13 56 41.950 LIRA 24.157 121.707 12.0 2.1096 33.0643 0.0 271.363 87.9081 302.329 770.379 769.48 4.792
2018 02 04 13 56 41.950 NAPK 24.157 121.707 12.0 2.3692 34.3775 0.0 271.066 86.6041 301.615 763.665 763.17 4.893
2018 02 06 15 50 43.300 AMDT 24.135 121.658 17.0 1.9487 34.9358 0.0 270.438 86.2191 301.817 761.517 760.46 4.923
2018 02 06 15 50 43.300 KABG 24.135 121.658 17.0 3.5104 34.1433 0.0 272.18 86.3149 302.723 762.438 760.89 4.916
2018 02 06 15 50 43.300 KITG 24.135 121.658 17.0 3.292 32.8798 0.0 272.493 87.556 301.848 767.553 766.93 4.818
2018 02 06 15 50 43.300 KOTD 24.135 121.658 17.0 3.0002 34.1104 0.0 271.729 86.5499 301.641 763.341 762.06 4.896
2018 02 06 15 50 43.300 KUMI 24.135 121.658 17.0 1.4769 33.8648 0.0 270.444 87.3877 301.456 767.166 766.17 4.830
2018 02 06 15 50 43.300 LANG 24.135 121.658 17.0 2.7402 33.5637 0.0 271.714 87.1537 302.019 766.734 765.00 4.850
2018 02 06 15 50 43.300 LIRA 24.135 121.658 17.0 2.1096 33.0643 0.0 271.344 87.8638 302.007 769.707 768.44 4.795
2018 02 06 15 50 43.300 NAPK 24.135 121.658 17.0 2.3692 34.3775 0.0 271.047 86.5598 301.34 763.04 762.12 4.895
2018 03 24 19 58 33.380 AMDT -45.778 96.069 10.0 1.9487 34.9358 0.0 292.82 71.7269 300.376 681.996 682.76 6.011
2018 03 24 19 58 33.380 KABG -45.778 96.069 10.0 3.5104 34.1433 0.0 293.235 73.423 300.436 692.071 692.90 5.886
2018 03 24 19 58 33.380 KITG -45.778 96.069 10.0 3.292 32.8798 0.0 292.087 74.0736 299.739 695.364 696.69 5.838
2018 03 24 19 58 33.380 KUMI -45.778 96.069 10.0 1.4769 33.8648 0.0 291.643 72.0638 300.414 684.044 684.74 5.986
2018 03 24 19 58 33.380 LANG -45.778 96.069 10.0 2.7402 33.5637 0.0 292.258 73.2133 301.224 691.859 691.62 5.902
2018 03 24 19 58 33.380 LIRA -45.778 96.069 10.0 2.1096 33.0643 0.0 291.436 73.0618 300.318 689.938 690.69 5.913
2018 03 24 19 58 33.380 NAPK -45.778 96.069 10.0 2.3692 34.3775 0.0 292.656 72.4061 300.221 685.841 686.83 5.961
2018 04 19 21 09 17.00 AMDT -42.779 42.187 10.0 1.9487 34.9358 0.0 349.724 45.0017 300.69 495.69 497.14 7.943
2018 04 19 21 09 17.00 GULU -42.779 42.187 10.0 2.8778 32.2848 0.0 346.262 46.32 300.268 505.268 507.58 7.848
2018 04 19 21 09 17.00 KABG -42.779 42.187 10.0 3.5104 34.1433 0.0 348.926 46.6466 300.891 508.906 510.19 7.824
2018 04 19 21 09 17.00 KITG -42.779 42.187 10.0 3.292 32.8798 0.0 347.165 46.6249 299.931 507.936 510.00 7.825
2018 04 19 21 09 17.00 KUMI -42.779 42.187 10.0 1.4769 33.8648 0.0 348.127 44.6892 300.74 492.75 494.62 7.966
2018 04 19 21 09 17.00 LANG -42.779 42.187 10.0 2.7402 33.5637 0.0 347.978 45.9753 300.838 503.853 504.87 7.873
2018 04 19 21 09 17.00 LIRA -42.779 42.187 10.0 2.1096 33.0643 0.0 347.151 45.436 300.639 498.639 500.58 7.910
2018 04 19 21 09 17.00 NAPK -42.779 42.187 10.0 2.3692 34.3775 0.0 349.025 45.4913 300.677 499.677 501.04 7.905
2018 05 05 06 19 05.40 AMDT 14.57 123.919 18.0 1.9487 34.9358 0.0 271.621 88.5321 299.166 770.126 771.47 4.742
2018 05 05 06 19 05.40 KABG 14.57 123.919 18.0 3.5104 34.1433 0.0 273.321 88.912 299.371 772.346 773.24 4.711
2018 05 05 06 19 05.40 KOTD 14.57 123.919 18.0 3.0002 34.1104 0.0 272.838 89.0702 299.051 772.016 774.00 4.699
2018 05 05 06 19 05.40 KUMI 14.57 123.919 18.0 1.4769 33.8648 0.0 271.434 89.6858 299.498 775.468 776.90 4.650
2018 05 05 06 19 05.40 LANG 14.57 123.919 18.0 2.7402 33.5637 0.0 272.724 89.6635 300.364 776.339 776.77 4.652
2018 05 09 10 41 45.920 AMDT 36.991 71.383 116.0 1.9487 34.9358 0.0 232.56 48.3998 300.274 509.354 510.99 7.658
2018 05 09 10 41 45.920 GULU 36.991 71.383 116.0 2.8778 32.2848 0.0 236.026 49.4226 300.278 516.358 518.68 7.587
2018 05 09 10 41 45.920 KABG 36.991 71.383 116.0 3.5104 34.1433 0.0 234.719 47.7259 301.176 504.271 505.71 7.710
2018 05 09 10 41 45.920 KITG 36.991 71.383 116.0 3.292 32.8798 0.0 235.799 48.7204 300.048 511.133 513.33 7.639
2018 05 09 10 41 45.920 KOTD 36.991 71.383 116.0 3.0002 34.1104 0.0 234.307 48.1312 301.182 508.267 508.85 7.680
2018 05 09 10 41 45.920 KUMI 36.991 71.383 116.0 1.4769 33.8648 0.0 233.255 49.4443 300.033 517.123 518.96 7.584
2018 05 09 10 41 45.920 LANG 36.991 71.383 116.0 2.7402 33.5637 0.0 234.635 48.6832 300.303 511.398 513.09 7.641
2018 05 09 10 41 45.920 LIRA 36.991 71.383 116.0 2.1096 33.0643 0.0 234.593 49.4834 299.94 517.02 519.20 7.582
2018 07 28 17 07 23.370 AMDT -7.122 122.747 577.48 1.9487 34.9358 0.0 272.192 88.0676 300.455 709.085 709.63 4.642
2018 07 28 17 07 23.370 KOTD -7.122 122.747 577.48 3.0002 34.1104 0.0 273.126 89.0158 300.459 713.109 714.03 4.636
2018 07 28 17 07 23.370 KUMI -7.122 122.747 577.48 1.4769 33.8648 0.0 271.594 89.0718 299.878 713.518 714.28 4.636
2018 07 28 17 07 23.370 LANG -7.122 122.747 577.48 2.7402 33.5637 0.0 272.802 89.5256 301.201 716.846 716.39 4.631
2018 07 28 17 07 23.370 LIRA -7.122 122.747 577.48 2.1096 33.0643 0.0 272.119 89.9434 300.0 717.63 718.32 4.626
2018 07 28 22 47 38.740 AMDT -8.239 116.508 14.0 1.9487 34.9358 0.0 273.143 81.9418 299.566 737.826 739.23 5.255
2018 07 28 22 47 38.740 GULU -8.239 116.508 14.0 2.8778 32.2848 0.0 273.666 84.6981 299.663 751.933 753.44 5.047
2018 07 28 22 47 38.740 KITG -8.239 116.508 14.0 3.292 32.8798 0.0 274.164 84.1716 299.95 749.215 750.78 5.088
2018 07 28 22 47 38.740 KOTD -8.239 116.508 14.0 3.0002 34.1104 0.0 274.061 82.9133 299.069 742.349 744.31 5.187
2018 07 28 22 47 38.740 KUMI -8.239 116.508 14.0 1.4769 33.8648 0.0 272.516 82.9314 299.623 742.893 744.39 5.186
2018 07 28 22 47 38.740 LANG -8.239 116.508 14.0 2.7402 33.5637 0.0 273.721 83.4145 301.465 746.74 746.90 5.149
2018 07 28 22 47 38.740 LIRA -8.239 116.508 14.0 2.1096 33.0643 0.0 273.023 83.8152 300.461 747.721 748.95 5.117
2018 08 05 11 46 38.190 AMDT -8.259 116.436 31.0 1.9487 34.9358 0.0 273.157 81.8717 297.994 733.804 736.25 5.256
2018 08 05 11 46 38.190 GULU -8.259 116.436 31.0 2.8778 32.2848 0.0 273.679 84.6282 298.071 747.891 750.47 5.049
2018 08 05 11 46 38.190 KITG -8.259 116.436 31.0 3.292 32.8798 0.0 274.177 84.1019 298.408 745.223 747.81 5.090
2018 08 05 11 46 38.190 KOTD -8.259 116.436 31.0 3.0002 34.1104 0.0 274.074 82.8436 299.55 740.38 741.34 5.189
2018 08 05 11 46 38.190 KUMI -8.259 116.436 31.0 1.4769 33.8648 0.0 272.529 82.8611 298.075 738.895 741.42 5.188
2018 08 05 11 46 38.190 LANG -8.259 116.436 31.0 2.7402 33.5637 0.0 273.734 83.3447 299.921 742.746 743.93 5.151
2018 08 05 11 46 38.190 LIRA -8.259 116.436 31.0 2.1096 33.0643 0.0 273.036 83.7451 298.892 743.702 745.98 5.119
2018 08 14 03 29 53.440 AMDT -58.11 -25.258 35.0 1.9487 34.9358 0.0 63.1539 76.4029 301.866 706.426 706.26 5.661
2018 08 14 03 29 53.440 GULU -58.11 -25.258 35.0 2.8778 32.2848 0.0 60.2987 75.9793 300.3 702.87 703.93 5.687
2018 08 14 03 29 53.440 KITG -58.11 -25.258 35.0 3.292 32.8798 0.0 60.645 76.6189 300.334 706.899 707.56 5.645
2018 08 14 03 29 53.440 KOTD -58.11 -25.258 35.0 3.0002 34.1104 0.0 61.9005 76.9353 300.779 708.359 709.32 5.622
2018 08 14 03 29 53.440 KUMI -58.11 -25.258 35.0 1.4769 33.8648 0.0 62.4093 75.4842 300.597 700.167 701.03 5.726
2018 08 14 03 29 53.440 LANG -58.11 -25.258 35.0 2.7402 33.5637 0.0 61.5289 76.4515 300.127 705.702 706.59 5.657
2018 08 14 03 29 53.440 LIRA -58.11 -25.258 35.0 2.1096 33.0643 0.0 61.3754 75.6647 300.24 700.8 702.09 5.711
2018 08 17 15 35 01.870 AMDT -7.426 119.834 529.0 1.9487 34.9358 0.0 272.583 85.1928 301.847 700.977 700.42 4.840
2018 08 17 15 35 01.870 GULU -7.426 119.834 529.0 2.8778 32.2848 0.0 273.152 87.9397 301.65 713.79 713.44 4.643
2018 08 17 15 35 01.870 KITG -7.426 119.834 529.0 3.292 32.8798 0.0 273.638 87.4045 302.214 711.349 710.95 4.673
2018 08 17 15 35 01.870 KOTD -7.426 119.834 529.0 3.0002 34.1104 0.0 273.512 86.1482 302.068 705.218 705.02 4.769
2018 08 17 15 35 01.870 KUMI -7.426 119.834 529.0 1.4769 33.8648 0.0 271.976 86.1927 301.565 705.705 705.22 4.766
2018 08 17 15 35 01.870 LANG -7.426 119.834 529.0 2.7402 33.5637 0.0 273.183 86.6554 303.032 709.177 707.43 4.730
2018 08 17 15 35 01.870 LIRA -7.426 119.834 529.0 2.1096 33.0643 0.0 272.496 87.068 301.867 709.997 709.37 4.699
2018 08 19 04 10 23.490 AMDT -8.329 116.598 21.41 1.9487 34.9358 0.0 273.142 82.0357 299.558 737.068 738.52 5.245
2018 08 19 04 10 23.490 GULU -8.329 116.598 21.41 2.8778 32.2848 0.0 273.661 84.7926 299.51 751.03 752.71 5.038
2018 08 19 04 10 23.490 KITG -8.329 116.598 21.41 3.292 32.8798 0.0 274.159 84.2669 298.905 748.42 750.06 5.079
2018 08 19 04 10 23.490 KOTD -8.329 116.598 21.41 3.0002 34.1104 0.0 274.058 83.0084 299.16 741.69 743.60 5.179
2018 08 19 04 10 23.490 KUMI -8.329 116.598 21.41 1.4769 33.8648 0.0 272.514 83.0243 299.552 742.072 743.67 5.178
2018 08 19 04 10 23.490 LANG -8.329 116.598 21.41 2.7402 33.5637 0.0 273.718 83.5092 300.449 745.974 746.18 5.140
2018 08 19 04 10 23.490 LIRA -8.329 116.598 21.41 2.1096 33.0643 0.0 273.02 83.9089 299.412 746.922 748.22 5.108
2018 08 19 14 56 28.30 AMDT -8.33 116.631 25.21 1.9487 34.9358 0.0 273.137 82.0683 299.188 737.158 738.13 5.242
2018 08 19 14 56 28.30 GULU -8.33 116.631 25.21 2.8778 32.2848 0.0 273.656 84.8253 299.231 751.211 752.32 5.035
2018 08 19 14 56 28.30 KITG -8.33 116.631 25.21 3.292 32.8798 0.0 274.154 84.2995 299.553 748.528 749.67 5.075
2018 08 19 14 56 28.30 KOTD -8.33 116.631 25.21 3.0002 34.1104 0.0 274.053 83.0411 298.787 741.777 743.21 5.175
2018 08 19 14 56 28.30 KUMI -8.33 116.631 25.21 1.4769 33.8648 0.0 272.509 83.057 299.229 742.209 743.28 5.175
2018 08 19 14 56 28.30 LANG -8.33 116.631 25.21 2.7402 33.5637 0.0 273.713 83.5419 301.074 746.059 745.79 5.136
2018 08 19 14 56 28.30 LIRA -8.33 116.631 25.21 2.1096 33.0643 0.0 273.015 83.9415 300.011 746.981 747.83 5.104
2018 08 25 22 13 25.620 AMDT 34.611 46.242 10.0 1.9487 34.9358 0.0 200.421 34.1639 301.124 405.504 406.63 8.667
2018 08 25 22 13 25.620 GULU 34.611 46.242 10.0 2.8778 32.2848 0.0 205.418 34.1414 300.268 404.659 406.34 8.669
2018 08 25 22 13 25.620 KITG 34.611 46.242 10.0 3.292 32.8798 0.0 204.677 33.5481 300.915 399.3 401.17 8.705
2018 08 25 22 13 25.620 KOTD 34.611 46.242 10.0 3.0002 34.1104 0.0 202.401 33.4164 301.701 399.101 400.06 8.717
2018 08 25 22 13 25.620 KUMI 34.611 46.242 10.0 1.4769 33.8648 0.0 201.977 34.9306 302.073 412.463 413.27 8.620
2018 08 25 22 13 25.620 LANG 34.611 46.242 10.0 2.7402 33.5637 0.0 203.186 33.8358 300.709 402.104 403.71 8.687
2018 08 25 22 13 25.620 LIRA 34.611 46.242 10.0 2.1096 33.0643 0.0 203.659 34.5912 301.576 408.956 410.29 8.641
2018 08 28 07 08 11.270 AMDT -10.885 124.118 14.0 1.9487 34.9358 0.0 272.055 89.5603 302.242 777.973 777.03 4.660
2018 09 18 07 27 41.330 AMDT -37.811 49.782 10.0 1.9487 34.9358 0.0 337.444 41.8814 300.795 470.465 471.87 8.163
2018 09 18 07 27 41.330 GULU -37.811 49.782 10.0 2.8778 32.2848 0.0 334.194 43.6147 300.005 483.685 485.93 8.042
2018 09 18 07 27 41.330 KITG -37.811 49.782 10.0 3.292 32.8798 0.0 335.205 43.8004 300.729 485.404 487.46 8.029
2018 09 18 07 27 41.330 KOTD -37.811 49.782 10.0 3.0002 34.1104 0.0 336.76 43.1293 302.526 482.216 482.05 8.077
2018 09 18 07 27 41.330 KUMI -37.811 49.782 10.0 1.4769 33.8648 0.0 335.699 41.7739 300.406 469.086 470.95 8.171
2018 09 18 07 27 41.330 LANG -37.811 49.782 10.0 2.7402 33.5637 0.0 335.882 43.0584 302.357 481.042 481.46 8.083
2018 09 18 07 27 41.330 LIRA -37.811 49.782 10.0 2.1096 33.0643 0.0 334.885 42.6319 300.438 476.108 477.96 8.113
2018 09 28 06 59 59.780 AMDT -0.399 119.77 5.19 1.9487 34.9358 0.0 271.979 84.8507 301.473 755.693 755.64 5.037
2018 09 28 06 59 59.780 GULU -0.399 119.77 5.19 2.8778 32.2848 0.0 272.879 87.5082 301.463 768.693 768.74 4.823
2018 09 28 06 59 59.780 KITG -0.399 119.77 5.19 3.292 32.8798 0.0 273.296 86.918 301.707 765.932 765.88 4.870
2018 09 28 06 59 59.780 KOTD -0.399 119.77 5.19 3.0002 34.1104 0.0 273.019 85.6862 301.284 759.524 759.83 4.969
2018 09 28 06 59 59.780 KUMI -0.399 119.77 5.19 1.4769 33.8648 0.0 271.499 85.9168 301.863 761.093 760.97 4.949
2018 09 28 06 59 59.780 LIRA -0.399 119.77 5.19 2.1096 33.0643 0.0 272.122 86.7225 302.059 765.279 764.93 4.885
2018 09 28 10 02 43.480 AMDT -0.178 119.84 10.0 1.9487 34.9358 0.0 271.959 84.9131 301.162 755.682 755.16 5.032
2018 09 28 10 02 43.480 GULU -0.178 119.84 10.0 2.8778 32.2848 0.0 272.869 87.5671 301.119 768.649 768.22 4.817
2018 09 28 10 02 43.480 KITG -0.178 119.84 10.0 3.292 32.8798 0.0 273.284 86.9753 301.309 765.834 765.36 4.864
2018 09 28 10 02 43.480 KOTD -0.178 119.84 10.0 3.0002 34.1104 0.0 273.002 85.7446 300.948 759.488 759.31 4.963
2018 09 28 10 02 43.480 KUMI -0.178 119.84 10.0 1.4769 33.8648 0.0 271.483 85.9811 301.404 760.934 760.48 4.943
2018 09 28 10 02 43.480 LIRA -0.178 119.84 10.0 2.1096 33.0643 0.0 272.109 86.7843 301.709 765.229 764.43 4.879
2018 10 01 23 59 42.730 AMDT -10.557 120.241 29.0 1.9487 34.9358 0.0 272.765 85.7398 301.029 756.299 756.33 4.959
2018 10 01 23 59 42.730 GULU -10.557 120.241 29.0 2.8778 32.2848 0.0 273.184 88.5132 301.193 769.473 769.78 4.740
2018 10 01 23 59 42.730 KITG -10.557 120.241 29.0 3.292 32.8798 0.0 273.698 88.0049 300.828 767.103 767.37 4.780
2018 10 01 23 59 42.730 KOTD -10.557 120.241 29.0 3.0002 34.1104 0.0 273.64 86.7437 300.547 760.837 761.28 4.878
2018 10 01 23 59 42.730 KUMI -10.557 120.241 29.0 1.4769 33.8648 0.0 272.105 86.7055 300.645 760.925 761.07 4.881
2018 10 01 23 59 42.730 LIRA -10.557 120.241 29.0 2.1096 33.0643 0.0 272.577 87.6075 301.202 765.472 765.45 4.810
2018 10 10 18 44 55.280 AMDT -7.453 114.455 9.0 1.9487 34.9358 0.0 273.315 79.867 301.182 728.902 728.98 5.419
2018 10 10 18 44 55.280 GULU -7.453 114.455 9.0 2.8778 32.2848 0.0 273.873 82.617 300.533 743.263 743.59 5.209
2018 10 10 18 44 55.280 KITG -7.453 114.455 9.0 3.292 32.8798 0.0 274.367 82.0851 300.782 740.507 740.82 5.244
2018 10 10 18 44 55.280 KOTD -7.453 114.455 9.0 3.0002 34.1104 0.0 274.249 80.828 299.81 733.55 734.16 5.346
2018 10 10 18 44 55.280 KUMI -7.453 114.455 9.0 1.4769 33.8648 0.0 272.697 80.8639 300.413 734.143 734.34 5.343
2018 10 10 18 44 55.280 LIRA -7.453 114.455 9.0 2.1096 33.0643 0.0 273.217 81.7417 300.357 739.077 739.00 5.272
2018 10 25 22 54 52.590 AMDT 37.514 20.563 14.0 1.9487 34.9358 0.0 156.114 37.7838 299.382 433.792 437.00 8.440
2018 10 25 22 54 52.590 GULU 37.514 20.563 14.0 2.8778 32.2848 0.0 159.862 36.1123 298.331 418.751 422.78 8.548
2018 10 25 22 54 52.590 KITG 37.514 20.563 14.0 3.292 32.8798 0.0 158.695 35.8849 298.838 417.253 420.81 8.562
2018 10 25 22 54 52.590 KOTD 37.514 20.563 14.0 3.0002 34.1104 0.0 156.859 36.5315 298.594 422.024 426.33 8.523
2018 10 25 22 54 52.590 KUMI 37.514 20.563 14.0 1.4769 33.8648 0.0 158.01 37.8974 298.832 434.252 438.00 8.432
2018 10 25 22 54 52.590 LIRA 37.514 20.563 14.0 2.1096 33.0643 0.0 158.966 37.0628 298.747 427.157 430.92 8.488
2018 11 04 07 55 28.10 AMDT 7.751 123.864 581.0 1.9487 34.9358 0.0 271.775 88.6791 298.617 710.607 712.12 4.639
2018 11 04 07 55 28.10 KOTD 7.751 123.864 581.0 3.0002 34.1104 0.0 272.92 89.357 298.265 713.275 715.25 4.633
2018 11 04 07 55 28.10 KUMI 7.751 123.864 581.0 1.4769 33.8648 0.0 271.454 89.8027 298.738 715.738 717.33 4.628
2018 11 09 01 49 40.60 AMDT 71.626 -11.25 10.0 1.9487 34.9358 0.0 131.831 75.4358 298.866 702.806 704.43 5.737
2018 11 09 01 49 40.60 GULU 71.626 -11.25 10.0 2.8778 32.2848 0.0 134.28 73.9238 298.813 693.763 695.65 5.852
2018 11 09 01 49 40.60 KITG 71.626 -11.25 10.0 3.292 32.8798 0.0 133.58 73.6591 299.316 692.261 694.08 5.871
2018 11 09 01 49 40.60 KOTD 71.626 -11.25 10.0 3.0002 34.1104 0.0 132.406 74.2265 299.864 696.823 697.40 5.829
2018 11 09 01 49 40.60 KUMI 71.626 -11.25 10.0 1.4769 33.8648 0.0 133.019 75.6407 298.831 703.781 705.63 5.721
2018 11 09 01 49 40.60 LIRA 71.626 -11.25 10.0 2.1096 33.0643 0.0 133.674 74.8446 299.108 699.048 701.03 5.781
2018 11 11 14 03 59.560 AMDT 15.565 -49.871 10.0 1.9487 34.9358 0.0 89.5147 84.4799 303.355 754.795 752.95 5.066
2018 11 11 14 03 59.560 GULU 15.565 -49.871 10.0 2.8778 32.2848 0.0 89.3216 81.6817 302.169 739.619 738.46 5.277
2018 11 11 14 03 59.560 KITG 15.565 -49.871 10.0 3.292 32.8798 0.0 88.7632 82.1472 302.797 742.242 740.90 5.241
2018 11 11 14 03 59.560 KOTD 15.565 -49.871 10.0 3.0002 34.1104 0.0 88.7203 83.409 303.79 750.25 747.46 5.151
2018 11 11 14 03 59.560 KUMI 15.565 -49.871 10.0 1.4769 33.8648 0.0 90.2544 83.572 301.939 749.389 748.33 5.138
2018 11 11 14 03 59.560 LIRA 15.565 -49.871 10.0 2.1096 33.0643 0.0 89.8575 82.634 301.946 744.386 743.46 5.208
2018 11 15 20 02 22.920 AMDT -56.706 -25.546 15.0 1.9487 34.9358 0.0 63.7236 75.9128 304.158 709.238 706.47 5.697
2018 11 15 20 02 22.920 GULU -56.706 -25.546 15.0 2.8778 32.2848 0.0 60.873 75.4236 303.099 705.189 703.75 5.734
2018 11 15 20 02 22.920 KITG -56.706 -25.546 15.0 3.292 32.8798 0.0 61.2046 76.0709 304.154 709.239 707.46 5.685
2018 11 15 20 02 22.920 KOTD -56.706 -25.546 15.0 3.0002 34.1104 0.0 62.4548 76.416 304.611 711.711 709.39 5.664
2018 11 15 20 02 22.920 KUMI -56.706 -25.546 15.0 1.4769 33.8648 0.0 63.0002 74.9771 303.703 702.793 701.11 5.769
2018 11 15 20 02 22.920 LIRA -56.706 -25.546 15.0 2.1096 33.0643 0.0 61.9597 75.1337 303.291 703.371 702.05 5.756
2018 11 25 16 37 32.710 AMDT 34.346 45.743 18.0 1.9487 34.9358 0.0 199.7 33.7741 303.499 402.789 402.02 8.688
2018 11 25 16 37 32.710 KITG 34.346 45.743 18.0 3.292 32.8798 0.0 203.991 33.1374 301.993 396.288 396.36 8.729
2018 11 25 16 37 32.710 KOTD 34.346 45.743 18.0 3.0002 34.1104 0.0 201.688 33.0166 302.848 396.158 395.35 8.734
