2012 03 25 22 37 06.560 KV01 -35.203 -72.126 28.2 -2.0783 29.3511 0.0 98.3425 98.1734 300.617 814.057 814.14 4.491
2012 03 25 22 37 06.560 KV02 -35.203 -72.126 28.2 -1.9371 29.4576 0.0 98.2905 98.3418 301.373 814.813 814.90 4.485
2012 03 25 22 37 06.560 KV03 -35.203 -72.126 28.2 -1.9027 29.3468 0.0 98.1971 98.272 300.915 814.36 814.59 4.488
2012 03 25 22 37 06.560 KV04 -35.203 -72.126 28.2 -1.4568 29.5261 0.0 97.9398 98.6764 301.687 817.132 816.41 4.475
2012 03 25 22 37 06.560 KV05 -35.203 -72.126 28.2 -1.6738 29.2637 0.0 97.9616 98.3376 301.109 814.554 814.89 4.486
2012 03 25 22 37 06.560 KV06 -35.203 -72.126 28.2 -1.678 29.4106 0.0 98.0518 98.4543 301.037 815.477 815.41 4.482
2012 03 25 22 37 06.560 KV07 -35.203 -72.126 28.2 -1.5579 29.3645 0.0 97.9267 98.4866 304.765 819.21 815.56 4.481
2012 03 25 22 37 06.560 KV08 -35.203 -72.126 28.2 -1.5926 29.4503 0.0 98.0057 98.536 308.796 823.236 815.78 4.480
2012 04 11 08 38 37.800 KV01 2.237 93.014 26.3 -2.0783 29.3511 0.0 266.602 63.7918 301.685 629.885 629.72 6.588
2012 04 11 08 38 37.800 KV03 2.237 93.014 26.3 -1.9027 29.3468 0.0 266.796 63.7856 301.88 630.084 629.68 6.588
2012 04 11 08 38 37.800 KV04 2.237 93.014 26.3 -1.4568 29.5261 0.0 267.278 63.5812 302.091 629.296 628.32 6.603
2012 04 11 08 38 37.800 KV05 2.237 93.014 26.3 -1.6738 29.2637 0.0 267.054 63.8552 301.618 630.823 630.13 6.583
2012 04 11 08 38 37.800 KV06 2.237 93.014 26.3 -1.678 29.4106 0.0 267.04 63.7089 301.854 630.059 629.17 6.594
2012 04 11 08 38 37.800 KV07 2.237 93.014 26.3 -1.5579 29.3645 0.0 267.176 63.7481 302.272 630.477 629.43 6.591
2012 04 11 08 38 37.800 KV08 2.237 93.014 26.3 -1.5926 29.4503 0.0 267.132 63.6644 302.665 629.865 628.87 6.597
2012 04 11 09 27 57.30 KV04 1.218 91.714 10.0 -1.4568 29.5261 0.0 267.727 62.2388 299.983 620.958 621.90 6.700
2012 04 11 09 27 57.30 KV05 1.218 91.714 10.0 -1.6738 29.2637 0.0 267.495 62.5091 299.531 622.506 623.71 6.680
2012 04 11 09 27 57.30 KV06 1.218 91.714 10.0 -1.678 29.4106 0.0 267.484 62.3625 299.672 621.646 622.73 6.691
2012 04 11 09 27 57.30 KV07 1.218 91.714 10.0 -1.5579 29.3645 0.0 267.621 62.404 300.169 622.144 623.01 6.688
2012 04 11 09 27 57.30 KV08 1.218 91.714 10.0 -1.5926 29.4503 0.0 267.578 62.3196 299.529 621.499 622.44 6.694
2012 04 11 10 43 10.530 KV01 0.767 92.428 21.6 -2.0783 29.3511 0.0 267.299 63.1291 301.02 625.49 625.99 6.635
2012 04 11 10 43 10.530 KV03 0.767 92.428 21.6 -1.9027 29.3468 0.0 267.495 63.1278 301.246 625.721 625.99 6.635
2012 04 11 10 43 10.530 KV04 0.767 92.428 21.6 -1.4568 29.5261 0.0 267.985 62.9354 301.549 625.024 624.71 6.647
2012 04 11 10 43 10.530 KV05 0.767 92.428 21.6 -1.6738 29.2637 0.0 267.752 63.2038 301.031 626.506 626.49 6.630
2012 04 11 10 43 10.530 KV06 0.767 92.428 21.6 -1.678 29.4106 0.0 267.743 63.0572 301.278 625.753 625.52 6.640
2012 04 11 10 43 10.530 KV07 0.767 92.428 21.6 -1.5579 29.3645 0.0 267.878 63.0998 301.7 626.175 625.80 6.637
2012 04 11 10 43 10.530 KV08 0.767 92.428 21.6 -1.5926 29.4503 0.0 267.836 63.015 301.063 625.533 625.24 6.642
2012 04 14 10 56 18.310 KV01 -57.575 -65.372 8.4 -2.0783 29.3511 0.0 95.0911 90.8013 300.612 783.302 783.58 4.640
2012 04 14 10 56 18.310 KV03 -57.575 -65.372 8.4 -1.9027 29.3468 0.0 94.9938 90.9462 300.339 784.034 784.25 4.639
2012 04 14 10 56 18.310 KV04 -57.575 -65.372 8.4 -1.4568 29.5261 0.0 94.9071 91.4161 301.218 786.913 786.45 4.635
2012 04 14 10 56 18.310 KV05 -57.575 -65.372 8.4 -1.6738 29.2637 0.0 94.8016 91.0934 300.822 784.517 784.94 4.638
2012 04 14 10 56 18.310 KV06 -57.575 -65.372 8.4 -1.678 29.4106 0.0 94.9277 91.1687 300.451 785.146 785.29 4.637
2012 04 14 10 56 18.310 KV07 -57.575 -65.372 8.4 -1.5579 29.3645 0.0 94.8248 91.2446 300.843 785.538 785.65 4.636
2012 04 14 10 56 18.310 KV08 -57.575 -65.372 8.4 -1.5926 29.4503 0.0 94.9156 91.2616 300.987 785.677 785.73 4.636
2012 04 15 05 57 40.120 KV01 2.581 90.335 25.0 -2.0783 29.3511 0.0 266.225 61.1418 299.724 611.604 612.20 6.779
2012 04 15 05 57 40.120 KV03 2.581 90.335 25.0 -1.9027 29.3468 0.0 266.424 61.1338 299.865 611.75 612.14 6.779
2012 04 15 05 57 40.120 KV04 2.581 90.335 25.0 -1.4568 29.5261 0.0 266.915 60.9252 301.089 610.974 610.73 6.795
2012 04 15 05 57 40.120 KV05 2.581 90.335 25.0 -1.6738 29.2637 0.0 266.689 61.2012 300.742 612.627 612.60 6.774
2012 04 15 05 57 40.120 KV07 2.581 90.335 25.0 -1.5579 29.3645 0.0 266.812 61.093 301.309 612.193 611.86 6.782
2012 04 15 05 57 40.120 KV08 2.581 90.335 25.0 -1.5926 29.4503 0.0 266.767 61.0097 300.668 611.548 611.30 6.789
2012 04 17 03 50 15.280 KV03 -32.637 -71.564 29.7 -1.9027 29.3468 0.0 97.5095 98.1587 302.558 815.283 813.87 4.491
2012 04 17 19 03 57.120 KV01 -59.187 -16.807 13.6 -2.0783 29.3511 0.0 51.4234 67.2182 299.473 652.353 654.38 6.336
2012 04 17 19 03 57.120 KV03 -59.187 -16.807 13.6 -1.9027 29.3468 0.0 51.343 67.3761 299.589 653.474 655.39 6.325
2012 04 17 19 03 57.120 KV04 -59.187 -16.807 13.6 -1.4568 29.5261 0.0 51.3279 67.8537 300.104 656.99 658.42 6.290
2012 04 17 19 03 57.120 KV05 -59.187 -16.807 13.6 -1.6738 29.2637 0.0 51.1618 67.551 299.635 654.52 656.51 6.312
2012 04 17 19 03 57.120 KV06 -59.187 -16.807 13.6 -1.678 29.4106 0.0 51.3091 67.6061 299.188 655.068 656.85 6.308
2012 04 17 19 03 57.120 KV07 -59.187 -16.807 13.6 -1.5579 29.3645 0.0 51.2116 67.6969 299.736 655.621 657.43 6.301
2012 04 17 19 03 57.120 KV08 -59.187 -16.807 13.6 -1.5926 29.4503 0.0 51.3115 67.6998 299.779 655.659 657.45 6.301
2012 05 14 10 00 39.800 KV03 -17.796 -69.792 108.7 -1.9027 29.3468 0.0 94.6144 98.1185 301.737 804.942 804.33 4.484
2012 05 20 02 03 53.990 KV03 44.873 11.222 17.7 -1.9027 29.3468 0.0 155.785 49.2924 298.125 524.14 529.23 7.632
2012 05 20 02 03 53.990 KV05 44.873 11.222 17.7 -1.6738 29.2637 0.0 155.803 49.0507 298.035 522.05 527.38 7.649
2012 05 20 02 03 53.990 KV08 44.873 11.222 17.7 -1.5926 29.4503 0.0 155.535 49.0282 298.448 522.458 527.20 7.650
2012 05 24 22 47 46.470 KV03 73.027 5.505 8.2 -1.9027 29.3468 0.0 155.428 76.2915 300.123 708.658 709.87 5.673
2012 05 24 22 47 46.470 KV04 73.027 5.505 8.2 -1.4568 29.5261 0.0 155.189 75.8739 301.106 706.641 707.47 5.700
2012 05 24 22 47 46.470 KV05 73.027 5.505 8.2 -1.6738 29.2637 0.0 155.484 76.0556 300.822 707.357 708.52 5.687
2012 05 24 22 47 46.470 KV07 73.027 5.505 8.2 -1.5579 29.3645 0.0 155.367 75.9537 300.466 706.996 707.93 5.694
2012 05 24 22 47 46.470 KV08 73.027 5.505 8.2 -1.5926 29.4503 0.0 155.283 75.9984 300.941 707.471 708.19 5.691
2012 05 28 05 07 23.520 KV03 -28.021 -63.113 591.1 -1.9027 29.3468 0.0 92.821 91.2898 302.215 724.7 723.24 4.604
2012 05 28 05 07 23.520 KV04 -28.021 -63.113 591.1 -1.4568 29.5261 0.0 92.5135 91.6556 303.758 727.243 724.93 4.597
2012 05 28 05 07 23.520 KV05 -28.021 -63.113 591.1 -1.6738 29.2637 0.0 92.5812 91.3229 302.207 724.692 723.39 4.604
2012 05 28 05 07 23.520 KV07 -28.021 -63.113 591.1 -1.5579 29.3645 0.0 92.5266 91.4659 302.25 725.73 724.06 4.601
2012 05 28 05 07 23.520 KV08 -28.021 -63.113 591.1 -1.5926 29.4503 0.0 92.5973 91.5255 302.704 726.184 724.33 4.600
2012 06 02 07 52 54.600 KV03 -22.101 -63.657 539.4 -1.9027 29.3468 0.0 92.8781 92.0765 295.569 725.974 731.54 4.594
2012 06 02 07 52 54.600 KV04 -22.101 -63.657 539.4 -1.4568 29.5261 0.0 92.5346 92.409 295.916 728.321 733.08 4.587
2012 06 02 07 52 54.600 KV05 -22.101 -63.657 539.4 -1.6738 29.2637 0.0 92.636 92.085 295.568 725.973 731.59 4.594
2012 06 02 07 52 54.600 KV07 -22.101 -63.657 539.4 -1.5579 29.3645 0.0 92.5671 92.2216 295.54 726.94 732.21 4.591
2012 06 02 07 52 54.600 KV08 -22.101 -63.657 539.4 -1.5926 29.4503 0.0 92.6313 92.2881 295.986 727.386 732.52 4.590
2012 06 07 04 05 04.70 KV03 -36.051 -70.854 5.8 -1.9027 29.3468 0.0 97.5535 97.1295 303.937 815.872 813.05 4.522
2012 06 10 12 44 16.360 KV03 36.384 28.967 32.0 -1.9027 29.3468 0.0 179.385 38.092 301.391 436.036 437.39 8.414
2012 06 10 12 44 16.360 KV04 36.384 28.967 32.0 -1.4568 29.5261 0.0 179.085 37.651 301.529 432.174 433.65 8.441
2012 06 10 12 44 16.360 KV05 36.384 28.967 32.0 -1.6738 29.2637 0.0 179.517 37.864 301.088 433.733 435.46 8.428
2012 06 10 12 44 16.360 KV07 36.384 28.967 32.0 -1.5579 29.3645 0.0 179.351 37.7497 301.068 432.708 434.49 8.434
2012 06 10 12 44 16.360 KV08 36.384 28.967 32.0 -1.5926 29.4503 0.0 179.211 37.785 300.726 433.366 434.79 8.432
2012 06 16 22 18 49.330 KV03 15.542 119.603 44.9 -1.9027 29.3468 0.0 268.246 90.75 300.589 778.264 778.17 4.639
2012 06 16 22 18 49.330 KV04 15.542 119.603 44.9 -1.4568 29.5261 0.0 268.626 90.4594 302.241 777.916 776.82 4.641
2012 06 16 22 18 49.330 KV05 15.542 119.603 44.9 -1.6738 29.2637 0.0 268.488 90.7696 301.06 778.735 778.26 4.639
2012 06 16 22 18 49.330 KV07 15.542 119.603 44.9 -1.5579 29.3645 0.0 268.572 90.6418 301.892 778.562 777.67 4.640
2012 06 16 22 18 49.330 KV08 15.542 119.603 44.9 -1.5926 29.4503 0.0 268.516 90.5683 301.551 778.221 777.33 4.640
2012 06 23 04 34 53.600 KV03 3.002 97.911 101.9 -1.9027 29.3468 0.0 266.805 68.7124 302.07 653.475 652.60 6.208
2012 06 23 04 34 53.600 KV04 3.002 97.911 101.9 -1.4568 29.5261 0.0 267.266 68.5038 301.95 652.355 651.31 6.222
2012 06 23 04 34 53.600 KV05 3.002 97.911 101.9 -1.6738 29.2637 0.0 267.054 68.7798 301.265 653.67 653.02 6.203
2012 06 23 04 34 53.600 KV07 3.002 97.911 101.9 -1.5579 29.3645 0.0 267.17 68.6716 302.039 653.439 652.35 6.210
2012 06 23 04 34 53.600 KV08 3.002 97.911 101.9 -1.5926 29.4503 0.0 267.127 68.5883 302.441 652.841 651.83 6.216
2012 06 29 21 07 32.950 KV03 43.433 84.612 17.1 -1.9027 29.3468 0.0 243.241 66.9052 301.341 651.396 651.85 6.356
2012 06 29 21 07 32.950 KV04 43.433 84.612 17.1 -1.4568 29.5261 0.0 243.407 66.4524 301.972 649.027 648.94 6.390
2012 06 29 21 07 32.950 KV05 43.433 84.612 17.1 -1.6738 29.2637 0.0 243.471 66.7868 301.54 650.595 651.08 6.365
2012 06 29 21 07 32.950 KV07 43.433 84.612 17.1 -1.5579 29.3645 0.0 243.47 66.6339 302.176 650.226 650.10 6.376
2012 06 29 21 07 32.950 KV08 43.433 84.612 17.1 -1.5926 29.4503 0.0 243.374 66.6041 302.006 650.056 649.92 6.379
2012 07 25 00 27 45.820 KV02 2.625 96.11 28.6 -1.9371 29.4576 0.0 266.784 66.7872 305.426 652.606 648.80 6.369
2012 07 25 00 27 45.820 KV03 2.625 96.11 28.6 -1.9027 29.3468 0.0 266.829 66.8955 304.93 653.115 649.49 6.361
2012 07 25 00 27 45.820 KV04 2.625 96.11 28.6 -1.4568 29.5261 0.0 267.298 66.6892 305.253 652.433 648.17 6.376
2012 07 25 00 27 45.820 KV05 2.625 96.11 28.6 -1.6738 29.2637 0.0 267.081 66.9642 302.472 650.652 649.92 6.356
2012 07 25 00 27 45.820 KV06 2.625 96.11 28.6 -1.678 29.4106 0.0 267.067 66.8179 301.816 650.001 648.99 6.367
2012 07 25 00 27 45.820 KV07 2.625 96.11 28.6 -1.5579 29.3645 0.0 267.199 66.8565 305.235 653.415 649.24 6.364
2012 07 25 00 27 45.820 KV08 2.625 96.11 28.6 -1.5926 29.4503 0.0 267.156 66.773 306.108 653.288 648.71 6.370
2012 07 26 05 33 33.860 KV03 -17.55 66.29 16.2 -1.9027 29.3468 0.0 289.094 39.4695 300.055 448.2 449.74 8.338
2012 07 26 05 33 33.860 KV04 -17.55 66.29 16.2 -1.4568 29.5261 0.0 289.843 39.5014 300.867 449.007 450.02 8.336
2012 07 26 05 33 33.860 KV05 -17.55 66.29 16.2 -1.6738 29.2637 0.0 289.359 39.6429 300.645 449.785 451.19 8.326
2012 07 26 05 33 33.860 KV06 -17.55 66.29 16.2 -1.678 29.4106 0.0 289.453 39.5089 300.724 448.869 450.08 8.335
2012 07 26 05 33 33.860 KV07 -17.55 66.29 16.2 -1.5579 29.3645 0.0 289.59 39.6024 300.609 449.749 450.86 8.329
2012 07 26 05 33 33.860 KV08 -17.55 66.29 16.2 -1.5926 29.4503 0.0 289.601 39.5102 300.82 448.96 450.09 8.335
2012 08 11 12 23 17.670 KV03 38.402 46.838 8.7 -1.9027 29.3468 0.0 206.011 43.2342 300.753 481.088 483.02 8.071
2012 08 11 12 23 17.670 KV04 38.402 46.838 8.7 -1.4568 29.5261 0.0 205.988 42.7567 300.809 477.139 479.14 8.105
2012 08 11 12 23 17.670 KV05 38.402 46.838 8.7 -1.6738 29.2637 0.0 206.24 43.0497 301.105 479.435 481.52 8.084
2012 08 11 12 23 17.670 KV07 38.402 46.838 8.7 -1.5579 29.3645 0.0 206.16 42.9067 301.026 478.356 480.36 8.094
2012 08 11 12 23 17.670 KV08 38.402 46.838 8.7 -1.5926 29.4503 0.0 206.024 42.9094 301.208 478.538 480.38 8.094
2012 08 11 12 34 36.600 KV03 38.379 46.795 18.9 -1.9027 29.3468 0.0 205.963 43.1988 300.952 479.347 481.14 8.070
2012 08 11 12 34 36.600 KV04 38.379 46.795 18.9 -1.4568 29.5261 0.0 205.94 42.7213 301.079 475.479 477.26 8.105
2012 08 11 12 34 36.600 KV05 38.379 46.795 18.9 -1.6738 29.2637 0.0 206.192 43.0141 300.334 477.734 479.64 8.084
2012 08 11 12 34 36.600 KV07 38.379 46.795 18.9 -1.5579 29.3645 0.0 206.112 42.8712 301.216 476.616 478.48 8.094
2012 08 11 12 34 36.600 KV08 38.379 46.795 18.9 -1.5926 29.4503 0.0 205.976 42.874 301.418 476.818 478.50 8.094
2012 08 12 10 47 07.390 KV03 35.652 82.541 14.0 -1.9027 29.3468 0.0 244.932 62.0617 299.71 619.325 620.64 6.706
2012 08 12 10 47 07.390 KV04 35.652 82.541 14.0 -1.4568 29.5261 0.0 245.166 61.6308 300.215 616.825 617.73 6.739
2012 08 12 10 47 07.390 KV05 35.652 82.541 14.0 -1.6738 29.2637 0.0 245.185 61.9699 300.418 619.028 620.01 6.713
2012 08 12 10 47 07.390 KV07 35.652 82.541 14.0 -1.5579 29.3645 0.0 245.205 61.8179 300.555 618.165 618.99 6.725
2012 08 12 10 47 07.390 KV08 35.652 82.541 14.0 -1.5926 29.4503 0.0 245.111 61.7777 300.225 617.835 618.72 6.728
2012 08 18 09 41 55.160 KV04 -1.351 120.127 27.9 -1.4568 29.5261 0.0 268.539 90.5667 300.716 779.556 779.50 4.641
2012 08 18 09 41 55.160 KV07 -1.351 120.127 27.9 -1.5579 29.3645 0.0 268.435 90.7258 301.763 781.604 780.24 4.640
2012 08 18 09 41 55.160 KV08 -1.351 120.127 27.9 -1.5926 29.4503 0.0 268.403 90.6392 302.393 781.233 779.84 4.640
2012 08 26 15 05 37.160 KV04 2.198 126.869 90.9 -1.4568 29.5261 0.0 268.823 97.3908 302.659 804.499 803.21 4.507
2012 08 26 15 05 37.160 KV08 2.198 126.869 90.9 -1.5926 29.4503 0.0 268.69 97.4712 301.563 804.403 803.57 4.504
2012 08 30 13 43 25.300 KV03 71.446 -11.034 11.1 -1.9027 29.3468 0.0 138.498 77.7324 299.726 715.431 717.43 5.569
2012 08 30 13 43 25.300 KV04 71.446 -11.034 11.1 -1.4568 29.5261 0.0 138.222 77.3377 299.825 713.525 715.20 5.599
2012 08 30 13 43 25.300 KV05 71.446 -11.034 11.1 -1.6738 29.2637 0.0 138.532 77.4925 299.352 714.052 716.08 5.587
2012 08 30 13 43 25.300 KV07 71.446 -11.034 11.1 -1.5579 29.3645 0.0 138.406 77.4014 299.202 713.902 715.57 5.594
2012 08 30 13 43 25.300 KV08 71.446 -11.034 11.1 -1.5926 29.4503 0.0 138.328 77.4534 299.632 714.332 715.86 5.590
2012 08 31 12 47 35.540 KV03 10.81 126.826 44.4 -1.9027 29.3468 0.0 269.528 97.6986 300.404 808.869 810.06 4.502
2012 08 31 12 47 35.540 KV04 10.81 126.826 44.4 -1.4568 29.5261 0.0 269.934 97.4409 301.168 808.628 808.90 4.509
2012 08 31 12 47 35.540 KV05 10.81 126.826 44.4 -1.6738 29.2637 0.0 269.769 97.7384 299.949 809.409 810.24 4.501
2012 08 31 12 47 35.540 KV07 10.81 126.826 44.4 -1.5579 29.3645 0.0 269.865 97.6182 300.787 809.247 809.70 4.504
2012 08 31 12 47 35.540 KV08 10.81 126.826 44.4 -1.5926 29.4503 0.0 269.814 97.5403 300.376 808.836 809.35 4.507
2012 09 03 18 23 08.350 KV03 -10.677 113.964 34.8 -1.9027 29.3468 0.0 269.127 84.3629 299.786 747.441 748.52 5.070
2012 09 03 18 23 08.350 KV04 -10.677 113.964 34.8 -1.4568 29.5261 0.0 269.598 84.2674 300.126 747.776 748.04 5.076
2012 09 03 18 23 08.350 KV05 -10.677 113.964 34.8 -1.6738 29.2637 0.0 269.337 84.486 299.694 748.344 749.15 5.060
2012 09 03 18 23 08.350 KV07 -10.677 113.964 34.8 -1.5579 29.3645 0.0 269.469 84.4079 300.659 748.309 748.76 5.066
2012 09 03 18 23 08.350 KV08 -10.677 113.964 34.8 -1.5926 29.4503 0.0 269.451 84.3173 300.14 747.79 748.30 5.073
2012 09 14 04 51 48.60 KV03 -3.3 100.67 23.3 -1.9027 29.3468 0.0 269.115 71.2513 299.501 676.446 677.26 6.049
2012 09 14 04 51 48.60 KV04 -3.3 100.67 23.3 -1.4568 29.5261 0.0 269.592 71.0947 300.392 676.337 676.31 6.059
2012 09 14 04 51 48.60 KV05 -3.3 100.67 23.3 -1.6738 29.2637 0.0 269.35 71.3456 300.336 677.276 677.83 6.043
2012 09 14 04 51 48.60 KV07 -3.3 100.67 23.3 -1.5579 29.3645 0.0 269.477 71.2509 300.243 677.183 677.26 6.049
2012 09 14 04 51 48.60 KV08 -3.3 100.67 23.3 -1.5926 29.4503 0.0 269.445 71.1635 300.694 676.634 676.73 6.055
2012 11 02 18 17 34.680 KV04 9.235 126.281 55.5 -1.4568 29.5261 0.0 269.643 96.8983 300.749 804.074 805.14 4.523
2012 11 02 18 17 34.680 KV05 9.235 126.281 55.5 -1.6738 29.2637 0.0 269.47 97.1912 299.578 804.898 806.47 4.515
2012 11 02 18 17 34.680 KV06 9.235 126.281 55.5 -1.678 29.4106 0.0 269.443 97.0469 300.081 804.406 805.82 4.519
2012 11 02 18 17 34.680 KV08 9.235 126.281 55.5 -1.5926 29.4503 0.0 269.521 96.9943 300.008 804.328 805.58 4.521
2012 11 11 01 12 39.150 KV03 22.89 95.848 14.2 -1.9027 29.3468 0.0 258.616 69.222 299.485 665.34 666.46 6.196
2012 11 11 01 12 39.150 KV04 22.89 95.848 14.2 -1.4568 29.5261 0.0 258.964 68.8714 300.047 663.902 664.27 6.221
2012 11 11 01 12 39.150 KV06 22.89 95.848 14.2 -1.678 29.4106 0.0 258.803 69.0693 300.157 665.012 665.51 6.207
2012 11 11 01 12 39.150 KV08 22.89 95.848 14.2 -1.5926 29.4503 0.0 258.868 68.9973 300.715 664.565 665.06 6.212
2012 11 14 19 02 05.690 KV03 -29.178 -71.386 61.5 -1.9027 29.3468 0.0 96.9165 98.4399 302.202 812.517 811.25 4.479
2012 11 14 19 02 05.690 KV04 -29.178 -71.386 61.5 -1.4568 29.5261 0.0 96.6171 98.8149 304.019 815.334 812.94 4.468
2012 11 14 19 02 05.690 KV06 -29.178 -71.386 61.5 -1.678 29.4106 0.0 96.7524 98.6059 301.511 811.826 812.00 4.474
2012 12 17 09 16 31.250 KV03 -0.693 123.883 46.4 -1.9027 29.3468 0.0 268.05 94.5106 302.692 797.447 795.33 4.583
2012 12 17 09 16 31.250 KV04 -0.693 123.883 46.4 -1.4568 29.5261 0.0 268.496 94.3378 303.659 797.414 794.53 4.587
2012 12 17 09 16 31.250 KV08 -0.693 123.883 46.4 -1.5926 29.4503 0.0 268.36 94.4116 304.923 798.673 794.87 4.585
2013 01 21 22 22 54.780 KV03 4.962 95.921 24.6 -1.9027 29.3468 0.0 265.822 66.8561 301.935 650.155 649.82 6.365
2013 01 21 22 22 54.780 KV04 4.962 95.921 24.6 -1.4568 29.5261 0.0 266.28 66.6309 302.28 649.5 648.38 6.381
2013 01 21 22 22 54.780 KV05 4.962 95.921 24.6 -1.6738 29.2637 0.0 266.077 66.9144 301.686 650.906 650.19 6.360
2013 01 21 22 22 54.780 KV08 4.962 95.921 24.6 -1.5926 29.4503 0.0 266.143 66.7204 300.911 648.131 648.95 6.375
2013 01 28 16 38 53.840 KV03 42.582 79.721 14.3 -1.9027 29.3468 0.0 239.464 63.3495 299.599 626.759 629.31 6.615
2013 01 28 16 38 53.840 KV04 42.582 79.721 14.3 -1.4568 29.5261 0.0 239.626 62.8939 299.856 624.016 626.27 6.645
2013 01 28 16 38 53.840 KV05 42.582 79.721 14.3 -1.6738 29.2637 0.0 239.698 63.2272 300.169 626.329 628.49 6.623
2013 01 28 16 38 53.840 KV08 42.582 79.721 14.3 -1.5926 29.4503 0.0 239.595 63.0461 300.607 625.767 627.29 6.635
2013 01 30 20 15 43.390 KV03 -28.109 -70.888 46.1 -1.9027 29.3468 0.0 96.5175 98.1297 300.638 811.248 811.68 4.490
2013 01 30 20 15 43.390 KV04 -28.109 -70.888 46.1 -1.4568 29.5261 0.0 96.211 98.4989 301.213 813.823 813.34 4.479
2013 01 30 20 15 43.390 KV05 -28.109 -70.888 46.1 -1.6738 29.2637 0.0 96.2757 98.1655 300.738 811.348 811.85 4.489
2013 02 22 12 01 58.670 KV03 -27.905 -63.134 585.6 -1.9027 29.3468 0.0 92.8282 91.3141 302.033 724.363 723.84 4.604
2013 02 22 12 01 58.670 KV04 -27.905 -63.134 585.6 -1.4568 29.5261 0.0 92.52 91.6793 302.614 726.944 725.53 4.597
2013 02 22 12 01 58.670 KV05 -27.905 -63.134 585.6 -1.6738 29.2637 0.0 92.5883 91.3467 302.084 724.414 724.00 4.604
2013 02 22 12 01 58.670 KV08 -27.905 -63.134 585.6 -1.5926 29.4503 0.0 92.604 91.5493 298.876 722.206 724.93 4.600
2013 03 19 03 29 02.700 KV03 -58.981 -24.569 52.0 -1.9027 29.3468 0.0 58.9392 70.5456 300.144 668.443 669.87 6.086
2013 03 19 03 29 02.700 KV04 -58.981 -24.569 52.0 -1.4568 29.5261 0.0 58.9011 71.022 300.617 671.917 672.78 6.051
2013 03 19 03 29 02.700 KV05 -58.981 -24.569 52.0 -1.6738 29.2637 0.0 58.7534 70.7125 300.34 669.64 670.90 6.073
2013 03 19 03 29 02.700 KV08 -58.981 -24.569 52.0 -1.5926 29.4503 0.0 58.8926 70.8675 300.361 670.661 671.84 6.062
