1999 06 15 20 42 05.410 CDLV 18.369 -97.444 63.9 29.1631 -13.4439 0.0 63.6009 76.1915 303.81 704.416 700.77 5.679
1999 06 21 17 43 06.390 CDLV 18.437 -101.541 77.7 29.1631 -13.4439 0.0 62.7042 79.632 303.568 721.178 718.27 5.426
1999 08 17 00 01 38.590 CDLV 40.756 29.955 17.0 29.1631 -13.4439 0.0 265.719 37.0572 303.2 430.626 428.47 8.502
1999 08 20 10 02 23.680 CDLV 9.258 -84.056 44.9 29.1631 -13.4439 0.0 62.3535 68.6481 304.166 661.51 658.34 6.233
1999 08 22 09 35 40.00 CDLV -40.469 -74.847 33.9 29.1631 -13.4439 0.0 50.1693 89.6593 303.202 777.218 775.53 4.643
1999 08 28 12 40 08.810 CDLV -1.254 -77.531 219.0 29.1631 -13.4439 0.0 57.9256 68.1866 302.762 637.952 636.93 6.201
1999 09 07 11 56 49.570 CDLV 38.122 23.582 9.4 29.1631 -13.4439 0.0 264.911 31.9218 296.121 380.567 385.29 8.790
1999 09 15 03 01 21.290 CDLV -20.799 -67.176 184.8 29.1631 -13.4439 0.0 47.9419 71.7634 300.455 662.173 663.16 5.946
1999 09 30 16 31 15.760 CDLV 16.068 -96.931 60.1 29.1631 -13.4439 0.0 63.2072 76.7776 302.246 706.486 704.59 5.639
1999 10 16 09 46 45.00 CDLV 34.578 -116.442 0.0 29.1631 -13.4439 0.0 59.0445 83.5943 301.951 751.959 749.14 5.153
1999 11 08 16 45 41.800 CDLV 36.524 71.233 214.5 29.1631 -13.4439 0.0 291.466 69.3509 301.089 644.313 643.37 6.134
1999 11 12 16 57 19.820 CDLV 40.806 31.187 10.4 29.1631 -13.4439 0.0 266.538 37.994 302.293 438.473 437.41 8.442
1999 11 30 04 01 47.820 CDLV -18.862 -69.111 79.0 29.1631 -13.4439 0.0 49.4654 71.8605 301.74 674.944 675.35 5.974
1999 12 01 19 23 06.210 CDLV 17.625 -82.348 10.0 29.1631 -13.4439 0.0 65.7495 63.5058 304.553 634.343 629.91 6.617
1999 12 06 23 12 28.650 CDLV 57.395 -154.574 19.5 29.1631 -13.4439 0.0 33.3183 87.7694 302.447 768.805 766.17 4.823
1999 12 07 00 19 47.930 CDLV 57.347 -154.564 25.7 29.1631 -13.4439 0.0 33.3255 87.8066 303.116 768.209 765.42 4.819
2000 04 23 09 27 23.30 CDLV -28.289 -62.944 603.6 29.1631 -13.4439 0.0 43.7253 74.1946 300.476 636.454 637.63 5.601
2000 04 23 17 01 17.290 CDLV -28.332 -62.926 604.6 29.1631 -13.4439 0.0 43.7052 74.2146 300.504 636.238 637.66 5.600
2000 05 12 18 43 15.160 CDLV -23.779 -66.74 193.5 29.1631 -13.4439 0.0 47.0075 73.4706 300.595 671.451 672.36 5.817
2000 05 12 23 10 26.540 CDLV 35.911 70.683 77.3 29.1631 -13.4439 0.0 291.419 69.1606 301.068 658.528 657.17 6.194
2000 06 04 16 28 28.760 MARJ -4.692 102.141 52.7 32.5226 20.8776 0.0 303.071 85.1574 307.691 756.947 750.68 4.998
2000 06 04 16 39 46.290 MARJ -4.636 102.02 37.1 32.5226 20.8776 0.0 303.082 85.026 300.561 751.263 751.83 5.013
2000 06 04 17 52 12.350 MARJ 28.662 65.311 8.1 32.5226 20.8776 0.0 287.138 38.2369 302.524 442.174 439.84 8.428
2000 06 07 21 46 55.860 MARJ 26.798 97.187 33.0 32.5226 20.8776 0.0 295.334 65.25 303.713 640.877 637.52 6.489
2000 06 07 23 45 24.790 MARJ -4.615 101.936 20.2 32.5226 20.8776 0.0 303.091 84.9444 301.174 753.409 753.84 5.024
2000 06 10 18 23 29.930 MARJ 23.861 121.185 35.6 32.5226 20.8776 0.0 303.525 85.5932 301.69 754.768 753.86 4.984
2000 06 17 15 40 41.930 MARJ 63.922 -20.467 10.0 32.5226 20.8776 0.0 120.782 40.5103 304.514 461.592 458.44 8.278
2000 06 18 14 44 13.160 MARJ -13.798 97.424 10.0 32.5226 20.8776 0.0 304.581 86.3222 303.129 764.977 762.69 4.907
2000 06 21 00 51 47.40 MARJ 63.905 -20.742 10.0 32.5226 20.8776 0.0 120.446 40.6062 301.775 460.751 459.23 8.271
2000 07 17 22 53 44.280 MARJ 36.265 70.958 114.3 32.5226 20.8776 0.0 279.906 41.1269 303.692 455.412 451.98 8.190
2000 07 21 01 53 36.890 CDLV 9.418 -85.324 42.2 29.1631 -13.4439 0.0 62.4234 69.6833 303.333 667.467 665.04 6.158
2000 08 04 21 13 03.320 MARJ 48.75 142.244 13.0 32.5226 20.8776 0.0 313.468 83.6806 301.991 749.679 746.99 5.150
2000 08 09 11 41 44.310 CDLV 18.162 -102.577 16.2 29.1631 -13.4439 0.0 62.4175 80.6315 302.768 733.466 731.36 5.367
2000 09 12 00 27 58.880 ABSA 35.37 99.371 12.0 36.2765 7.4734 0.0 301.601 71.4815 301.421 680.557 679.30 6.049
2000 09 28 23 23 42.740 ABSA -0.248 -80.603 18.7 36.2765 7.4734 0.0 53.8864 88.5909 302.016 772.3 771.69 4.736
2000 09 28 23 23 42.740 CDLV -0.248 -80.603 18.7 29.1631 -13.4439 0.0 58.8987 70.2804 302.936 674.212 672.25 6.119
2000 10 02 02 25 32.750 ABSA -7.845 30.817 39.6 36.2765 7.4734 0.0 334.923 49.0663 301.684 523.942 524.73 7.639
2000 10 02 02 25 32.750 CDLV -7.845 30.817 39.6 29.1631 -13.4439 0.0 312.8 56.2993 301.177 576.427 577.52 7.118
2000 10 04 14 37 45.40 ABSA 11.153 -62.481 113.3 36.2765 7.4734 0.0 55.338 67.3545 304.696 646.664 642.63 6.303
2000 10 04 14 37 45.40 CDLV 11.153 -62.481 113.3 29.1631 -13.4439 0.0 61.0348 49.0152 302.455 517.415 515.15 7.625
2000 10 05 13 39 12.590 ABSA 31.891 -40.924 10.0 36.2765 7.4734 0.0 70.0745 39.9947 302.652 456.078 454.11 8.311
2000 11 07 00 18 06.180 CDLV -55.61 -29.812 10.0 29.1631 -13.4439 0.0 14.3124 85.5868 301.323 759.143 760.19 4.948
2000 11 08 06 59 59.450 ABSA 7.141 -77.841 17.0 36.2765 7.4734 0.0 54.4067 82.0533 301.397 739.964 739.09 5.248
2000 11 08 06 59 59.450 CDLV 7.141 -77.841 17.0 29.1631 -13.4439 0.0 61.1552 64.2193 303.775 636.324 633.86 6.560
2000 11 25 18 09 11.530 ABSA 40.222 49.935 51.0 36.2765 7.4734 0.0 277.066 33.346 302.507 394.977 392.36 8.720
2000 11 25 18 09 11.530 CDLV 40.222 49.935 51.0 29.1631 -13.4439 0.0 278.662 52.2721 301.277 546.771 545.32 7.422
2000 11 25 18 10 46.190 ABSA 40.187 49.952 22.2 36.2765 7.4734 0.0 277.127 33.3632 300.811 396.605 395.74 8.728
2000 11 25 18 10 46.190 CDLV 40.187 49.952 22.2 29.1631 -13.4439 0.0 278.698 52.2902 301.174 549.96 548.90 7.432
2000 12 06 17 11 06.610 ABSA 39.493 54.811 33.0 36.2765 7.4734 0.0 280.391 37.1658 302.633 429.047 426.96 8.491
2000 12 06 17 11 06.610 CDLV 39.493 54.811 33.0 29.1631 -13.4439 0.0 281.811 56.0945 302.869 577.283 575.07 7.154
2000 12 12 05 26 46.290 CDLV 6.028 -82.66 10.0 29.1631 -13.4439 0.0 61.1869 68.9467 301.787 666.505 665.20 6.219
2001 01 10 16 02 43.580 ABSA 56.986 -153.462 33.0 36.2765 7.4734 0.0 15.3482 85.7041 301.368 755.804 753.79 4.991
2001 01 10 16 02 43.580 CDLV 56.986 -153.462 33.0 29.1631 -13.4439 0.0 34.2226 87.7738 302.965 767.385 764.19 4.820
2001 01 11 00 04 06.740 ABSA 49.165 -128.898 10.0 36.2765 7.4734 0.0 33.957 86.5313 301.144 763.428 761.61 4.925
2001 01 13 17 33 34.580 ABSA 12.997 -88.729 82.9 36.2765 7.4734 0.0 53.5333 87.3319 306.669 763.097 757.18 4.825
2001 01 13 17 33 34.580 CDLV 12.997 -88.729 82.9 29.1631 -13.4439 0.0 63.4388 71.0415 310.701 679.129 668.66 6.050
2001 01 26 03 16 40.260 ABSA 23.442 70.31 16.0 36.2765 7.4734 0.0 298.793 55.1209 302.392 573.14 570.78 7.226
2001 01 26 03 16 40.260 CDLV 23.442 70.31 16.0 29.1631 -13.4439 0.0 295.119 73.7891 302.538 695.302 692.87 5.872
2001 02 13 14 22 05.950 CDLV 13.699 -88.874 7.6 29.1631 -13.4439 0.0 63.643 70.8569 302.909 678.975 677.04 6.085
2001 02 17 20 11 30.840 ABSA 53.974 -133.756 20.0 36.2765 7.4734 0.0 30.5789 84.0793 302.695 750.863 747.60 5.121
2001 02 18 13 04 53.350 ABSA -47.432 32.603 10.0 36.2765 7.4734 0.0 339.887 86.321 301.534 763.192 763.90 4.888
2001 02 18 13 04 53.350 MARJ -47.432 32.603 10.0 32.5226 20.8776 0.0 349.969 80.2851 303.392 734.042 732.99 5.360
2001 02 25 02 21 58.300 ABSA 36.482 70.865 186.2 36.2765 7.4734 0.0 289.83 50.1761 300.556 516.272 515.64 7.517
2001 02 25 02 21 58.300 CDLV 36.482 70.865 186.2 29.1631 -13.4439 0.0 291.303 69.0901 301.454 646.162 644.79 6.161
2001 02 25 02 21 58.300 MARJ 36.482 70.865 186.2 32.5226 20.8776 0.0 279.621 41.0163 301.049 444.765 444.09 8.161
2001 02 26 05 58 22.200 ABSA 46.766 144.49 389.6 36.2765 7.4734 0.0 326.561 88.7691 298.626 728.426 729.08 4.643
2001 02 26 05 58 22.200 MARJ 46.766 144.49 389.6 32.5226 20.8776 0.0 315.158 86.1516 303.782 721.582 716.88 4.840
2001 02 28 18 54 31.770 ABSA 47.15 -122.628 56.0 36.2765 7.4734 0.0 38.3051 85.6825 302.291 753.497 751.17 4.983
2001 02 28 18 54 31.770 CDLV 47.15 -122.628 56.0 29.1631 -13.4439 0.0 56.781 80.9 300.945 728.151 726.87 5.346
2001 03 15 01 22 43.710 ABSA 8.689 93.955 33.0 36.2765 7.4734 0.0 305.485 82.1002 300.676 736.966 736.88 5.242
2001 03 23 11 30 12.40 MARJ 44.124 148.036 43.0 32.5226 20.8776 0.0 317.678 89.7857 301.587 774.571 772.57 4.659
2001 03 24 06 27 53.850 MARJ 34.095 132.552 52.0 32.5226 20.8776 0.0 308.215 87.7286 301.051 763.201 762.07 4.813
2001 06 29 18 35 50.940 ABSA -19.725 -66.272 271.9 36.2765 7.4734 0.0 50.8824 89.116 301.565 744.641 745.34 4.642
2001 07 04 12 09 03.250 ABSA -17.191 -65.727 33.0 36.2765 7.4734 0.0 50.7643 87.1227 301.106 762.88 763.18 4.836
2001 07 04 12 09 03.250 GHAR -17.191 -65.727 33.0 32.1224 13.0885 0.0 56.3463 89.8922 302.427 777.191 776.18 4.643
2001 07 28 07 32 43.440 ABSA 59.014 -155.089 134.1 36.2765 7.4734 0.0 14.0933 83.9571 300.171 734.747 733.26 5.100
2001 07 28 07 32 43.440 GHAR 59.014 -155.089 134.1 32.1224 13.0885 0.0 10.0141 88.6731 302.217 759.791 756.46 4.727
2001 08 02 23 41 06.680 ABSA 56.246 163.77 16.2 36.2765 7.4734 0.0 340.987 85.655 301.548 757.876 756.11 4.999
2001 08 02 23 41 06.680 GHAR 56.246 163.77 16.2 32.1224 13.0885 0.0 335.441 88.506 300.817 771.151 770.12 4.770
2001 08 25 02 02 00.40 ABSA 7.601 -82.794 8.2 36.2765 7.4734 0.0 54.1207 85.7751 301.293 760.26 759.52 4.965
2001 09 02 02 25 54.730 ABSA 0.908 82.471 13.1 36.2765 7.4734 0.0 306.886 77.3837 304.508 717.778 714.72 5.600
2001 09 02 02 25 54.730 GHAR 0.908 82.471 13.1 32.1224 13.0885 0.0 303.437 72.1167 302.545 685.829 684.25 5.985
2001 10 08 18 20 40.300 ABSA 52.648 160.189 48.5 36.2765 7.4734 0.0 338.248 88.3058 299.698 765.414 764.64 4.780
2001 10 12 05 02 35.330 ABSA 52.709 -132.179 20.0 36.2765 7.4734 0.0 31.6968 84.675 301.527 753.205 750.64 5.073
2001 11 09 00 47 57.420 ABSA 9.812 -82.209 18.1 36.2765 7.4734 0.0 54.3377 84.0216 301.69 750.286 748.98 5.105
2001 11 14 09 26 10.410 ABSA 35.927 90.587 11.0 36.2765 7.4734 0.0 297.72 64.9904 305.663 644.277 638.80 6.518
2001 11 23 20 43 03.610 ABSA 36.403 71.478 105.3 36.2765 7.4734 0.0 290.114 50.6676 296.398 523.796 527.56 7.518
2001 11 28 14 32 33.680 ABSA 15.679 -93.129 86.2 36.2765 7.4734 0.0 52.5943 89.1406 301.758 766.094 765.28 4.686
2001 12 28 22 09 27.850 ABSA -8.359 -74.175 158.2 36.2765 7.4734 0.0 53.1184 88.2202 301.677 753.827 753.48 4.723
2002 01 03 07 05 26.100 ABSA 36.039 70.679 115.0 36.2765 7.4734 0.0 290.109 50.1858 301.094 524.018 522.94 7.546
2002 01 30 08 42 30.700 ABSA 24.4 -95.6 120.0 36.2765 7.4734 0.0 52.1259 85.6782 295.438 739.746 744.41 4.952
2002 03 03 12 08 06.650 ABSA 36.472 70.45 194.7 36.2765 7.4734 0.0 289.687 49.8647 301.945 514.303 512.46 7.534
2002 03 03 12 08 18.00 ABSA 36.496 70.517 208.9 36.2765 7.4734 0.0 289.692 49.9075 291.033 503.017 511.38 7.525
2002 03 25 14 56 37.650 ABSA 36.008 69.269 33.0 36.2765 7.4734 0.0 289.638 49.1214 300.701 524.075 523.41 7.659
