2010 01 17 12 00 01.570 AIR -57.692 -66.037 10.0 -9.9546 33.8955 0.0 103.646 86.9263 300.296 764.731 764.65 4.876
2010 01 17 12 00 01.570 ARCH -57.692 -66.037 10.0 -10.0206 33.9268 0.0 103.707 86.887 301.779 765.209 764.46 4.879
2010 01 17 12 00 01.570 CLIN -57.692 -66.037 10.0 -9.9593 33.8147 0.0 103.58 86.8801 300.511 763.946 764.43 4.879
2010 01 17 12 00 01.570 POLI -57.692 -66.037 10.0 -9.7679 33.8732 0.0 103.528 87.072 301.979 766.409 765.37 4.864
2010 02 05 06 59 07.360 POLI -47.934 99.51 16.0 -9.7679 33.8732 0.0 281.801 66.5351 301.544 650.184 649.00 6.392
2010 03 05 16 07 00.00 AIR3 -3.838 100.915 24.2 -9.9546 33.8955 0.0 260.868 66.7225 305.964 654.964 648.98 6.375
2010 03 05 16 07 00.00 AIR3 -3.838 100.915 24.2 -9.9546 33.8955 0.0 260.868 66.7225 302.181 651.181 648.98 6.375
2010 03 05 16 07 00.00 LUGH -3.838 100.915 24.2 -10.0296 32.8299 0.0 260.787 67.7722 299.823 654.823 655.63 6.300
2010 03 05 16 07 00.00 SCH -3.838 100.915 24.2 -10.1757 34.0324 0.0 260.628 66.5882 301.1 649.104 648.12 6.385
2010 03 08 02 32 35.40 AIR3 38.788 40.044 12.2 -9.9546 33.8955 0.0 188.058 48.8275 302.228 526.188 527.03 7.660
2010 03 08 02 32 35.40 AIR3 38.788 40.044 12.2 -9.9546 33.8955 0.0 188.058 48.8275 300.737 524.697 527.03 7.660
2010 03 08 02 32 35.40 CLIN 38.788 40.044 12.2 -9.9593 33.8147 0.0 188.162 48.841 300.741 525.701 527.13 7.659
2010 03 08 02 32 35.40 LUGH 38.788 40.044 12.2 -10.0296 32.8299 0.0 189.428 49.028 300.296 526.256 528.56 7.647
2010 03 08 02 32 35.40 POLI 38.788 40.044 12.2 -9.7679 33.8732 0.0 188.115 48.6456 300.319 523.279 525.63 7.674
2010 03 08 02 32 35.40 SCH 38.788 40.044 12.2 -10.1757 34.0324 0.0 187.848 49.031 299.064 525.029 528.60 7.647
2010 03 25 05 29 26.330 AIR3 13.829 120.013 24.6 -9.9546 33.8955 0.0 259.471 88.6246 302.688 772.358 771.08 4.730
2010 03 25 05 29 26.330 AIR3 13.829 120.013 24.6 -9.9546 33.8955 0.0 259.471 88.6246 294.725 764.395 771.08 4.730
2010 03 25 05 29 26.330 CLIN 13.829 120.013 24.6 -9.9593 33.8147 0.0 259.486 88.7029 301.803 772.478 771.45 4.723
2010 03 25 05 29 26.330 LUGH 13.829 120.013 24.6 -10.0296 32.8299 0.0 259.655 89.6607 297.742 772.417 775.93 4.647
2010 03 25 05 29 26.330 POLI 13.829 120.013 24.6 -9.7679 33.8732 0.0 259.657 88.6004 294.52 764.19 770.96 4.732
2010 03 25 05 29 26.330 SCH 13.829 120.013 24.6 -10.1757 34.0324 0.0 259.225 88.5478 295.162 764.832 770.72 4.736
2010 03 30 16 54 47.370 AIR3 13.612 92.874 38.5 -9.9546 33.8955 0.0 251.303 63.0341 299.75 622.38 623.42 6.633
2010 03 30 16 54 47.370 AIR3 13.612 92.874 38.5 -9.9546 33.8955 0.0 251.303 63.0341 298.1 620.73 623.42 6.633
2010 03 30 16 54 47.370 CLIN 13.612 92.874 38.5 -9.9593 33.8147 0.0 251.33 63.1101 298.599 621.234 623.93 6.628
2010 03 30 16 54 47.370 LUGH 13.612 92.874 38.5 -10.0296 32.8299 0.0 251.638 64.0427 294.758 623.388 630.07 6.563
2010 04 06 22 15 02.130 AIR3 2.36 97.111 33.4 -9.9546 33.8955 0.0 257.824 64.1164 301.402 631.271 630.91 6.562
2010 04 06 22 15 02.130 AIR3 2.36 97.111 33.4 -9.9546 33.8955 0.0 257.824 64.1164 301.322 631.192 630.91 6.562
2010 04 06 22 15 02.130 CLIN 2.36 97.111 33.4 -9.9593 33.8147 0.0 257.83 64.196 299.349 630.224 631.43 6.556
2010 04 06 22 15 02.130 LUGH 2.36 97.111 33.4 -10.0296 32.8299 0.0 257.892 65.1669 295.141 632.011 637.76 6.486
2010 04 06 22 15 02.130 POLI 2.36 97.111 33.4 -9.7679 33.8732 0.0 258.031 64.1141 301.107 630.977 630.89 6.562
2010 04 06 22 15 02.130 SCH 2.36 97.111 33.4 -10.1757 34.0324 0.0 257.562 64.0118 301.64 631.515 630.23 6.569
2010 04 11 22 08 11.320 CLIN 37.007 -3.476 619.6 -9.9593 33.8147 0.0 135.496 58.372 301.771 538.451 538.84 6.681
2010 04 11 22 08 11.320 LUGH 37.007 -3.476 619.6 -10.0296 32.8299 0.0 136.485 57.8819 305.232 538.912 535.58 6.715
2010 04 11 22 08 11.320 POLI 37.007 -3.476 619.6 -9.7679 33.8732 0.0 135.313 58.2486 301.165 536.845 538.01 6.690
2010 04 11 22 08 11.320 SCH 37.007 -3.476 619.6 -10.1757 34.0324 0.0 135.433 58.6709 301.663 540.348 540.84 6.659
2010 04 13 23 49 37.10 CLIN 33.192 96.746 13.8 -9.9593 33.8147 0.0 246.121 73.6038 296.347 688.337 693.45 5.870
2010 04 13 23 49 37.10 LUGH 33.192 96.746 13.8 -10.0296 32.8299 0.0 246.696 74.4043 296.409 693.399 698.11 5.811
2010 04 13 23 49 37.10 POLI 33.192 96.746 13.8 -9.7679 33.8732 0.0 246.238 73.4396 297.33 688.32 692.48 5.882
2010 04 13 23 49 37.10 SCH 33.192 96.746 13.8 -10.1757 34.0324 0.0 245.806 73.5723 295.977 687.972 693.27 5.872
2010 04 14 01 25 16.450 CLIN 33.149 96.489 12.2 -9.9593 33.8147 0.0 245.967 73.3894 300.696 691.246 692.45 5.886
2010 04 14 01 25 16.450 LUGH 33.149 96.489 12.2 -10.0296 32.8299 0.0 246.543 74.1894 296.34 691.89 697.13 5.828
2010 04 14 01 25 16.450 SCH 33.149 96.489 12.2 -10.1757 34.0324 0.0 245.652 73.3582 301.037 691.592 692.28 5.889
2010 05 05 16 29 03.110 ARCH -4.139 101.105 26.3 -10.0206 33.9268 0.0 260.923 66.8314 302.95 651.84 649.37 6.367
