2012 05 21 02 03 54 MS02 44.873 11.2227 17.7 -23.3433 43.8945 0.0 148.952 74.1526 315.058 711.719 697.07 5.815
2012 05 21 02 03 54 MS03 44.873 11.2227 17.7 -23.2382 44.024 0.0 148.795 74.1042 308.573 704.951 696.78 5.819
2012 05 21 02 03 54 MS08 44.873 11.2227 17.7 -22.7548 45.1131 0.0 147.638 74.0725 299.546 695.739 696.57 5.822
2012 05 21 02 03 54 MS12 44.873 11.2227 17.7 -22.4374 45.915 0.0 146.8 74.094 311.355 707.673 696.68 5.820
2012 05 21 02 03 54 MS20 44.873 11.2227 17.7 -21.3316 47.2715 0.0 145.125 73.6396 312.27 705.923 693.97 5.855
2012 05 21 02 03 54 MS21 44.873 11.2227 17.7 -21.2389 47.3825 0.0 144.985 73.6018 304.198 697.629 693.74 5.858
2012 05 21 02 03 54 MS23 44.873 11.2227 17.7 -21.3542 47.778 0.0 144.693 73.8669 305.653 700.641 695.29 5.838
2012 05 21 02 03 54 MS24 44.873 11.2227 17.7 -21.4254 48.0393 0.0 144.498 74.038 299.042 695.031 696.29 5.825
2012 05 24 22 59 34 MS03 -50.4928 139.591 19.1 -23.2382 44.024 0.0 250.776 75.8257 293.925 699.522 703.83 5.723
2012 05 24 22 59 34 MS11 -50.4928 139.591 19.1 -22.5197 45.7215 0.0 252.479 75.3357 295.352 698.155 701.07 5.759
2012 05 24 22 59 34 MS12 -50.4928 139.591 19.1 -22.4374 45.915 0.0 252.674 75.2794 298.04 700.521 700.75 5.763
2012 05 24 22 59 34 MS13 -50.4928 139.591 19.1 -22.3575 46.0879 0.0 252.853 75.2338 294.188 696.408 700.49 5.767
2012 05 24 22 59 34 MS15 -50.4928 139.591 19.1 -22.0855 46.4091 0.0 253.269 75.2411 298.254 700.52 700.55 5.766
2012 05 24 22 59 34 MS16 -50.4928 139.591 19.1 -21.9357 46.543 0.0 253.467 75.2711 297.201 699.643 700.73 5.764
2012 05 24 22 59 34 MS19 -50.4928 139.591 19.1 -21.4093 47.1029 0.0 254.229 75.3214 297.123 699.862 701.04 5.760
2012 05 24 22 59 34 MS20 -50.4928 139.591 19.1 -21.3316 47.2715 0.0 254.404 75.2758 297.101 699.58 700.78 5.763
2012 05 24 22 59 34 MS24 -50.4928 139.591 19.1 -21.4254 48.0393 0.0 254.896 74.7328 298.302 697.646 697.65 5.804
2012 06 11 12 43 59 MS02 36.3847 28.9676 32.0 -23.3433 43.8945 0.0 164.304 61.0568 305.755 617.604 612.74 6.759
2012 06 11 12 43 59 MS11 36.3847 28.9676 32.0 -22.5197 45.7215 0.0 162.201 60.6883 305.934 615.273 610.19 6.788
2012 06 11 12 43 59 MS12 36.3847 28.9676 32.0 -22.4374 45.915 0.0 161.978 60.6574 307.823 616.951 609.98 6.790
2012 06 11 12 43 59 MS13 36.3847 28.9676 32.0 -22.3575 46.0879 0.0 161.777 60.6242 305.505 614.407 609.75 6.793
2012 06 11 12 43 59 MS14 36.3847 28.9676 32.0 -22.2995 46.2516 0.0 161.591 60.6102 305.339 614.145 609.65 6.794
2012 06 11 12 43 59 MS15 36.3847 28.9676 32.0 -22.0855 46.4091 0.0 161.362 60.4459 312.367 620.05 608.53 6.806
2012 06 11 12 43 59 MS16 36.3847 28.9676 32.0 -21.9357 46.543 0.0 161.177 60.3375 302.764 609.705 607.78 6.814
2012 06 11 12 43 59 MS17 36.3847 28.9676 32.0 -21.79 46.926 0.0 160.737 60.2993 310.818 617.496 607.51 6.817
2012 06 11 12 43 59 MS24 36.3847 28.9676 32.0 -21.4254 48.0393 0.0 159.474 60.2583 315.541 621.939 607.21 6.821
2012 06 17 22 18 37 MS05 15.5423 119.604 44.9 -22.9061 44.4639 0.0 243.932 82.826 294.45 735.337 739.96 5.180
2012 06 17 22 18 37 MS06 15.5423 119.604 44.9 -22.8862 44.6913 0.0 243.877 82.6222 301.667 741.499 738.90 5.195
2012 06 17 22 18 37 MS07 15.5423 119.604 44.9 -22.8124 44.8289 0.0 243.903 82.4778 298.644 737.726 738.15 5.205
2012 06 17 22 18 37 MS08 15.5423 119.604 44.9 -22.7548 45.1131 0.0 243.865 82.2119 297.371 735.068 736.77 5.224
2012 06 17 22 18 37 MS10 15.5423 119.604 44.9 -22.4736 45.5668 0.0 243.982 81.7213 300.776 735.904 734.20 5.258
2012 06 17 22 18 37 MS11 15.5423 119.604 44.9 -22.5197 45.7215 0.0 243.888 81.6035 301.825 736.334 733.58 5.267
2012 06 17 22 18 37 MS13 15.5423 119.604 44.9 -22.3575 46.0879 0.0 243.919 81.2293 306.421 738.955 731.60 5.298
2012 06 17 22 18 37 MS14 15.5423 119.604 44.9 -22.2995 46.2516 0.0 243.92 81.0672 296.039 727.713 730.74 5.311
2012 06 17 22 18 37 MS16 15.5423 119.604 44.9 -21.9357 46.543 0.0 244.165 80.6858 296.974 726.619 728.71 5.341
2012 06 17 22 18 37 MS17 15.5423 119.604 44.9 -21.79 46.926 0.0 244.173 80.3017 313.776 741.365 726.65 5.371
2012 06 17 22 18 37 MS23 15.5423 119.604 44.9 -21.3542 47.778 0.0 244.293 79.4056 305.17 727.921 721.80 5.439
2012 06 24 04 34 45 MS01 3.0022 97.9116 101.9 -23.4139 43.7546 0.0 240.426 58.8934 304.307 593.74 588.57 6.910
2012 06 24 04 34 45 MS04 3.0022 97.9116 101.9 -23.105 44.2199 0.0 240.603 58.3886 309.817 595.745 585.07 6.945
2012 06 24 04 34 45 MS08 3.0022 97.9116 101.9 -22.7548 45.1131 0.0 240.671 57.4962 299.631 579.315 578.84 7.007
2012 06 24 04 34 45 MS11 3.0022 97.9116 101.9 -22.5197 45.7215 0.0 240.71 56.8882 305.194 580.591 574.57 7.054
2012 06 24 04 34 45 MS12 3.0022 97.9116 101.9 -22.4374 45.915 0.0 240.73 56.6921 307.929 581.937 573.19 7.068
2012 06 24 04 34 45 MS13 3.0022 97.9116 101.9 -22.3575 46.0879 0.0 240.755 56.5147 309.379 582.129 571.93 7.081
2012 06 24 04 34 45 MS15 3.0022 97.9116 101.9 -22.0855 46.4091 0.0 240.941 56.1432 313.981 584.089 569.29 7.109
2012 06 24 04 34 45 MS19 3.0022 97.9116 101.9 -21.4093 47.1029 0.0 241.443 55.3088 300.391 564.529 563.32 7.170
2012 06 24 04 34 45 MS20 3.0022 97.9116 101.9 -21.3316 47.2715 0.0 241.467 55.1348 311.701 574.586 562.07 7.182
2012 06 24 04 34 45 MS21 3.0022 97.9116 101.9 -21.2389 47.3825 0.0 241.53 55.0061 300.336 562.295 561.15 7.190
2012 06 24 04 34 45 MS22 3.0022 97.9116 101.9 -21.3382 47.6161 0.0 241.326 54.8349 305.621 566.343 559.92 7.202
2012 06 24 04 34 45 MS23 3.0022 97.9116 101.9 -21.3542 47.778 0.0 241.245 54.6985 307.464 567.2 558.94 7.213
2012 06 24 04 34 45 MS24 3.0022 97.9116 101.9 -21.4254 48.0393 0.0 241.06 54.4944 310.709 568.967 557.47 7.228
2012 06 30 21 07 19 MS03 43.4335 84.6125 17.1 -23.2382 44.024 0.0 218.06 76.1085 306.538 714.587 708.28 5.673
2012 06 30 21 07 19 MS07 43.4335 84.6125 17.1 -22.8124 44.8289 0.0 217.603 75.3782 314.105 717.976 704.12 5.724
2012 06 30 21 07 19 MS08 43.4335 84.6125 17.1 -22.7548 45.1131 0.0 217.394 75.2019 311.613 714.469 703.11 5.738
2012 06 30 21 07 19 MS10 43.4335 84.6125 17.1 -22.4736 45.5668 0.0 217.151 74.7558 308.141 708.419 700.54 5.771
2012 06 30 21 07 19 MS20 43.4335 84.6125 17.1 -21.3316 47.2715 0.0 216.25 73.0099 303.792 693.838 690.34 5.902
2012 06 30 21 07 19 MS22 43.4335 84.6125 17.1 -21.3382 47.6161 0.0 215.949 72.8678 309.906 699.11 689.51 5.912
2012 06 30 21 07 19 MS24 43.4335 84.6125 17.1 -21.4254 48.0393 0.0 215.54 72.7648 312.92 701.512 688.91 5.920
2012 07 26 00 27 09 MS12 2.6255 96.1109 28.6 -22.4374 45.915 0.0 240.262 54.9425 301.21 570.662 568.67 7.225
2012 07 26 00 27 09 MS13 2.6255 96.1109 28.6 -22.3575 46.0879 0.0 240.285 54.7649 308.247 576.411 567.38 7.239
2012 07 26 00 27 09 MS15 2.6255 96.1109 28.6 -22.0855 46.4091 0.0 240.469 54.3915 301.976 567.425 564.67 7.266
2012 07 26 00 27 09 MS21 2.6255 96.1109 28.6 -21.2389 47.3825 0.0 241.055 53.2489 307.414 564.496 556.31 7.349
2012 08 12 12 23 11 MS02 38.4023 46.838 8.7 -23.3433 43.8945 0.0 183.079 61.4809 300.682 618.913 619.21 6.733
2012 08 12 12 23 11 MS03 38.4023 46.838 8.7 -23.2382 44.024 0.0 182.949 61.371 303.105 620.591 618.47 6.742
2012 08 12 12 23 11 MS04 38.4023 46.838 8.7 -23.105 44.2199 0.0 182.75 61.2309 312.873 629.408 617.52 6.752
2012 08 12 12 23 11 MS06 38.4023 46.838 8.7 -22.8862 44.6913 0.0 182.264 60.997 297.513 612.459 615.93 6.770
2012 08 12 12 23 11 MS07 38.4023 46.838 8.7 -22.8124 44.8289 0.0 182.121 60.9195 299.204 613.622 615.40 6.776
2012 08 12 12 23 11 MS12 38.4023 46.838 8.7 -22.4374 45.915 0.0 180.981 60.5232 299.21 610.922 612.70 6.805
2012 08 12 12 23 11 MS13 38.4023 46.838 8.7 -22.3575 46.0879 0.0 180.798 60.4416 299.211 610.364 612.14 6.811
2012 08 12 12 23 11 MS19 38.4023 46.838 8.7 -21.4093 47.1029 0.0 179.714 59.4944 298.915 603.547 605.63 6.881
2012 08 12 12 23 11 MS20 38.4023 46.838 8.7 -21.3316 47.2715 0.0 179.531 59.4181 299.226 603.33 605.10 6.886
2012 08 12 12 23 11 MS21 38.4023 46.838 8.7 -21.2389 47.3825 0.0 179.409 59.3266 297.547 601.018 604.46 6.893
2012 08 12 12 23 11 MS22 38.4023 46.838 8.7 -21.3382 47.6161 0.0 179.158 59.4277 314.815 618.985 605.16 6.886
2012 08 12 12 23 11 MS23 38.4023 46.838 8.7 -21.3542 47.778 0.0 178.982 59.4457 304.98 609.276 605.29 6.884
2012 08 12 12 23 11 MS24 38.4023 46.838 8.7 -21.4254 48.0393 0.0 178.701 59.5206 304.896 609.71 605.81 6.879
2012 08 12 12 34 33 MS01 38.3798 46.7958 18.9 -23.4139 43.7546 0.0 183.178 61.5328 315.348 632.285 617.91 6.727
2012 08 12 12 34 33 MS03 38.3798 46.7958 18.9 -23.2382 44.024 0.0 182.906 61.3468 314.431 630.108 616.66 6.741
2012 08 12 12 34 33 MS07 38.3798 46.7958 18.9 -22.8124 44.8289 0.0 182.077 60.8958 306.047 618.659 613.60 6.775
2012 08 12 12 34 33 MS10 38.3798 46.7958 18.9 -22.4736 45.5668 0.0 181.306 60.5416 313.786 623.981 611.18 6.801
2012 08 12 12 34 33 MS12 38.3798 46.7958 18.9 -22.4374 45.915 0.0 180.936 60.5002 315.084 624.995 610.90 6.804
2012 08 12 12 34 33 MS13 38.3798 46.7958 18.9 -22.3575 46.0879 0.0 180.754 60.4187 312.732 622.086 610.34 6.810
2012 08 12 12 34 33 MS14 38.3798 46.7958 18.9 -22.2995 46.2516 0.0 180.58 60.3595 299.502 608.45 609.94 6.815
2012 08 12 12 34 33 MS15 38.3798 46.7958 18.9 -22.0855 46.4091 0.0 180.414 60.1454 300.116 607.595 608.47 6.831
2012 08 12 12 34 33 MS16 38.3798 46.7958 18.9 -21.9357 46.543 0.0 180.271 59.9958 296.208 602.658 607.44 6.842
2012 08 12 12 34 33 MS19 38.3798 46.7958 18.9 -21.4093 47.1029 0.0 179.668 59.4721 314.073 616.912 603.83 6.880
2012 08 12 12 34 33 MS20 38.3798 46.7958 18.9 -21.3316 47.2715 0.0 179.485 59.3959 296.916 599.227 603.30 6.885
2012 08 12 12 34 33 MS21 38.3798 46.7958 18.9 -21.2389 47.3825 0.0 179.364 59.3045 312.425 614.102 602.67 6.892
2012 08 12 12 34 33 MS23 38.3798 46.7958 18.9 -21.3542 47.778 0.0 178.937 59.4238 311.477 613.982 603.50 6.883
2012 08 12 12 34 33 MS24 38.3798 46.7958 18.9 -21.4254 48.0393 0.0 178.655 59.4989 315.683 618.707 604.02 6.878
2012 08 13 10 46 54 MS06 35.6526 82.5417 14.0 -22.8862 44.6913 0.0 217.499 68.3669 296.96 659.256 662.60 6.241
2012 08 13 10 46 54 MS08 35.6526 82.5417 14.0 -22.7548 45.1131 0.0 217.22 68.0481 301.263 661.557 660.60 6.263
2012 08 13 10 46 54 MS09 35.6526 82.5417 14.0 -22.4826 45.3982 0.0 217.136 67.6786 300.129 658.093 658.28 6.290
2012 08 13 10 46 54 MS12 35.6526 82.5417 14.0 -22.4374 45.915 0.0 216.722 67.3874 301.62 657.74 656.45 6.312
2012 08 13 10 46 54 MS14 35.6526 82.5417 14.0 -22.2995 46.2516 0.0 216.513 67.1071 307.086 661.426 654.68 6.332
2012 08 13 10 46 54 MS15 35.6526 82.5417 14.0 -22.0855 46.4091 0.0 216.499 66.8492 298.466 651.163 653.04 6.349
2012 08 13 10 46 54 MS16 35.6526 82.5417 14.0 -21.9357 46.543 0.0 216.468 66.6573 304.793 656.265 651.82 6.363
2012 08 13 10 46 54 MS20 35.6526 82.5417 14.0 -21.3316 47.2715 0.0 216.175 65.7918 296.377 642.288 646.27 6.427
2012 08 13 10 46 54 MS21 35.6526 82.5417 14.0 -21.2389 47.3825 0.0 216.13 65.6594 297.249 642.304 645.42 6.437
2012 08 13 10 46 54 MS22 35.6526 82.5417 14.0 -21.3382 47.6161 0.0 215.869 65.6324 294.694 639.575 645.25 6.439
2012 08 13 10 46 54 MS23 35.6526 82.5417 14.0 -21.3542 47.778 0.0 215.718 65.569 314.471 658.941 644.85 6.443
2012 08 13 10 46 54 MS24 35.6526 82.5417 14.0 -21.4254 48.0393 0.0 215.448 65.5061 310.239 654.302 644.45 6.448
2012 08 27 15 05 09 MS04 2.1983 126.87 90.9 -23.105 44.2199 0.0 246.641 84.0972 304.624 746.679 740.80 5.073
2012 08 27 15 05 09 MS06 2.1983 126.87 90.9 -22.8862 44.6913 0.0 246.821 83.6455 303.955 743.719 738.50 5.108
2012 08 27 15 05 09 MS07 2.1983 126.87 90.9 -22.8124 44.8289 0.0 246.883 83.5125 312.781 751.868 737.82 5.119
2012 08 27 15 05 09 MS08 2.1983 126.87 90.9 -22.7548 45.1131 0.0 246.917 83.2461 301.898 739.622 736.46 5.140
2012 08 27 15 05 09 MS10 2.1983 126.87 90.9 -22.4736 45.5668 0.0 247.159 82.8029 301.128 736.575 734.17 5.175
2012 08 27 15 05 09 MS12 2.1983 126.87 90.9 -22.4374 45.915 0.0 247.164 82.4788 300.922 734.694 732.49 5.198
2012 08 27 15 05 09 MS20 2.1983 126.87 90.9 -21.3316 47.2715 0.0 248.145 81.1163 304.561 731.204 725.35 5.298
2012 08 27 15 05 09 MS21 2.1983 126.87 90.9 -21.2389 47.3825 0.0 248.227 81.0039 300.335 726.383 724.75 5.307
2012 09 01 12 47 33 MS01 10.8107 126.826 44.4 -23.4139 43.7546 0.0 245.851 87.9805 299.191 765.729 765.51 4.774
2012 09 01 12 47 33 MS03 10.8107 126.826 44.4 -23.2382 44.024 0.0 245.968 87.7006 298.734 763.938 764.17 4.796
2012 09 01 12 47 33 MS04 10.8107 126.826 44.4 -23.105 44.2199 0.0 246.057 87.4956 310.882 775.106 763.19 4.811
2012 09 01 12 47 33 MS06 10.8107 126.826 44.4 -22.8862 44.6913 0.0 246.173 87.0235 313.474 775.425 760.91 4.848
2012 09 01 12 47 33 MS07 10.8107 126.826 44.4 -22.8124 44.8289 0.0 246.216 86.8834 310.948 772.221 760.23 4.859
2012 09 01 12 47 33 MS08 10.8107 126.826 44.4 -22.7548 45.1131 0.0 246.213 86.6149 299.382 759.351 758.92 4.880
2012 09 01 12 47 33 MS12 10.8107 126.826 44.4 -22.4374 45.915 0.0 246.35 85.8211 303.048 759.129 755.02 4.944
2012 09 01 12 47 33 MS13 10.8107 126.826 44.4 -22.3575 46.0879 0.0 246.391 85.647 300.385 755.606 754.16 4.958
2012 09 01 12 47 33 MS14 10.8107 126.826 44.4 -22.2995 46.2516 0.0 246.411 85.4862 313.172 767.596 753.36 4.971
2012 09 01 12 47 33 MS15 10.8107 126.826 44.4 -22.0855 46.4091 0.0 246.585 85.2944 303.038 756.51 752.41 4.988
2012 09 01 12 47 33 MS16 10.8107 126.826 44.4 -21.9357 46.543 0.0 246.701 85.1385 307.254 759.952 751.63 5.001
2012 09 01 12 47 33 MS17 10.8107 126.826 44.4 -21.79 46.926 0.0 246.758 84.7586 307.191 757.988 749.72 5.031
2012 09 01 12 47 33 MS20 10.8107 126.826 44.4 -21.3316 47.2715 0.0 247.126 84.3374 310.601 759.28 747.59 5.064
2012 09 01 12 47 33 MS21 10.8107 126.826 44.4 -21.2389 47.3825 0.0 247.191 84.2148 297.305 745.364 746.97 5.073
2012 09 01 12 47 33 MS23 10.8107 126.826 44.4 -21.3542 47.778 0.0 246.989 83.8845 303.01 749.392 745.29 5.099
2012 09 01 12 47 33 MS24 10.8107 126.826 44.4 -21.4254 48.0393 0.0 246.861 83.6656 301.257 746.523 744.18 5.117
2012 09 04 18 22 54 MS01 -10.677 113.965 34.8 -23.4139 43.7546 0.0 249.039 67.7628 306.642 662.017 653.89 6.300
2012 09 04 18 22 54 MS03 -10.677 113.965 34.8 -23.2382 44.024 0.0 249.239 67.5225 298.125 651.984 652.37 6.318
2012 09 04 18 22 54 MS04 -10.677 113.965 34.8 -23.105 44.2199 0.0 249.39 67.3477 307.948 660.702 651.27 6.330
2012 09 04 18 22 54 MS07 -10.677 113.965 34.8 -22.8124 44.8289 0.0 249.73 66.798 308.263 657.524 647.78 6.369
2012 09 04 18 22 54 MS10 -10.677 113.965 34.8 -22.4736 45.5668 0.0 250.125 66.1292 309.472 654.456 643.51 6.418
2012 09 04 18 22 54 MS11 -10.677 113.965 34.8 -22.5197 45.7215 0.0 250.08 65.9846 297.044 641.097 642.59 6.429
2012 09 04 18 22 54 MS12 -10.677 113.965 34.8 -22.4374 45.915 0.0 250.177 65.8086 307.853 650.772 641.45 6.441
2012 09 04 18 22 54 MS13 -10.677 113.965 34.8 -22.3575 46.0879 0.0 250.27 65.6513 296.616 638.521 640.44 6.452
2012 09 04 18 22 54 MS14 -10.677 113.965 34.8 -22.2995 46.2516 0.0 250.338 65.5018 297.097 638.036 639.48 6.463
2012 09 04 18 22 54 MS15 -10.677 113.965 34.8 -22.0855 46.4091 0.0 250.578 65.363 313.04 653.081 638.58 6.474
2012 09 04 18 22 54 MS20 -10.677 113.965 34.8 -21.3316 47.2715 0.0 251.435 64.5869 301.288 636.282 633.54 6.531
2012 09 04 18 22 54 MS21 -10.677 113.965 34.8 -21.2389 47.3825 0.0 251.541 64.4866 311.111 645.45 632.89 6.538
2012 09 09 10 51 38 MS02 -3.2181 135.098 32.3 -23.3433 43.8945 0.0 246.767 89.8454 299.904 776.624 775.43 4.643
2012 09 09 10 51 38 MS07 -3.2181 135.098 32.3 -22.8124 44.8289 0.0 247.344 89.016 297.15 770.013 771.56 4.701
2012 09 09 10 51 38 MS08 -3.2181 135.098 32.3 -22.7548 45.1131 0.0 247.415 88.757 298.283 769.933 770.34 4.721
2012 09 09 10 51 38 MS10 -3.2181 135.098 32.3 -22.4736 45.5668 0.0 247.715 88.3523 300.201 769.946 768.43 4.754
2012 09 09 10 51 38 MS15 -3.2181 135.098 32.3 -22.0855 46.4091 0.0 248.137 87.5907 298.32 764.444 764.79 4.812
2012 09 09 10 51 38 MS20 -3.2181 135.098 32.3 -21.3316 47.2715 0.0 248.92 86.82 295.08 757.493 761.06 4.873
2012 09 15 04 51 46 MS01 -3.3008 100.67 23.3 -23.4139 43.7546 0.0 244.58 58.4508 305.301 600.438 594.04 6.969
2012 09 15 04 51 46 MS02 -3.3008 100.67 23.3 -23.3433 43.8945 0.0 244.632 58.3112 301.363 595.523 593.06 6.978
2012 09 15 04 51 46 MS03 -3.3008 100.67 23.3 -23.2382 44.024 0.0 244.726 58.1743 297.765 590.967 592.11 6.989
2012 09 15 04 51 46 MS04 -3.3008 100.67 23.3 -23.105 44.2199 0.0 244.839 57.9719 298.068 589.851 590.69 7.005
2012 09 15 04 51 46 MS07 -3.3008 100.67 23.3 -22.8124 44.8289 0.0 245.049 57.3649 300.868 588.374 586.42 7.052
2012 09 15 04 51 46 MS08 -3.3008 100.67 23.3 -22.7548 45.1131 0.0 245.055 57.0965 306.178 591.784 584.53 7.071
2012 09 15 04 51 46 MS12 -3.3008 100.67 23.3 -22.4374 45.915 0.0 245.25 56.3076 299.952 579.945 578.93 7.131
2012 09 15 04 51 46 MS13 -3.3008 100.67 23.3 -22.3575 46.0879 0.0 245.306 56.135 300.764 579.523 577.70 7.143
2012 09 15 04 51 46 MS14 -3.3008 100.67 23.3 -22.2995 46.2516 0.0 245.337 55.975 300.026 577.639 576.55 7.155
2012 09 15 04 51 46 MS15 -3.3008 100.67 23.3 -22.0855 46.4091 0.0 245.554 55.7893 309.051 585.332 575.22 7.168
2012 09 15 04 51 46 MS16 -3.3008 100.67 23.3 -21.9357 46.543 0.0 245.701 55.6379 303.96 579.152 574.14 7.179
2012 09 15 04 51 46 MS19 -3.3008 100.67 23.3 -21.4093 47.1029 0.0 246.2 55.0236 308.528 579.29 569.71 7.224
2012 10 09 11 43 17 MS07 -4.5414 129.235 29.6 -22.8124 44.8289 0.0 247.667 83.1085 303.14 747.353 742.80 5.171
2012 10 09 11 43 17 MS12 -4.5414 129.235 29.6 -22.4374 45.915 0.0 248.076 82.1175 298.965 738.037 737.64 5.240
2012 10 09 11 43 17 MS13 -4.5414 129.235 29.6 -22.3575 46.0879 0.0 248.161 81.9598 299.383 737.631 736.82 5.251
2012 10 09 11 43 17 MS14 -4.5414 129.235 29.6 -22.2995 46.2516 0.0 248.223 81.81 302.018 739.479 736.03 5.263
2012 10 09 11 43 17 MS19 -4.5414 129.235 29.6 -21.4093 47.1029 0.0 249.14 81.042 303.743 737.154 731.97 5.326
2012 10 09 11 43 17 MS24 -4.5414 129.235 29.6 -21.4254 48.0393 0.0 249.142 80.1693 310.94 739.684 727.30 5.393
2012 10 13 00 30 57 MS01 -4.8858 134.082 34.6 -23.4139 43.7546 0.0 246.777 88.3843 296.273 765.808 768.19 4.751
2012 10 13 00 30 57 MS03 -4.8858 134.082 34.6 -23.2382 44.024 0.0 246.971 88.1513 306.896 775.329 767.09 4.770
2012 10 13 00 30 57 MS04 -4.8858 134.082 34.6 -23.105 44.2199 0.0 247.117 87.9819 296.521 764.151 766.28 4.783
2012 10 13 00 30 57 MS05 -4.8858 134.082 34.6 -22.9061 44.4639 0.0 247.332 87.7728 301.509 768.144 765.28 4.799
2012 10 13 00 30 57 MS06 -4.8858 134.082 34.6 -22.8862 44.6913 0.0 247.367 87.5651 293.66 759.301 764.28 4.814
2012 10 13 00 30 57 MS08 -4.8858 134.082 34.6 -22.7548 45.1131 0.0 247.526 87.1864 297.082 760.903 762.45 4.844
2012 10 13 00 30 57 MS10 -4.8858 134.082 34.6 -22.4736 45.5668 0.0 247.835 86.7878 292.742 754.637 760.52 4.876
2012 10 13 00 30 57 MS11 -4.8858 134.082 34.6 -22.5197 45.7215 0.0 247.799 86.642 293.61 754.795 759.81 4.887
2012 10 13 00 30 57 MS13 -4.8858 134.082 34.6 -22.3575 46.0879 0.0 247.983 86.3145 296.603 756.191 758.21 4.913
2012 10 13 00 30 57 MS16 -4.8858 134.082 34.6 -21.9357 46.543 0.0 248.43 85.9203 307.912 765.568 756.27 4.945
2012 10 13 00 30 57 MS17 -4.8858 134.082 34.6 -21.79 46.926 0.0 248.597 85.5741 308.246 764.193 754.55 4.974
2012 10 13 00 30 57 MS20 -4.8858 134.082 34.6 -21.3316 47.2715 0.0 249.073 85.2804 294.786 749.278 753.09 4.999
2012 10 13 00 30 57 MS21 -4.8858 134.082 34.6 -21.2389 47.3825 0.0 249.172 85.1825 298.654 752.659 752.60 5.006
2012 10 13 00 30 57 MS22 -4.8858 134.082 34.6 -21.3382 47.6161 0.0 249.085 84.9593 305.305 758.194 751.48 5.024
2012 10 18 04 42 19 MS03 4.1791 124.561 338.4 -23.2382 44.024 0.0 246.091 82.9678 309.708 718.755 707.86 5.082
2012 10 18 04 42 19 MS06 4.1791 124.561 338.4 -22.8862 44.6913 0.0 246.358 82.3118 310.885 716.593 704.51 5.134
2012 10 18 04 42 19 MS07 4.1791 124.561 338.4 -22.8124 44.8289 0.0 246.414 82.1761 310.772 715.785 703.81 5.144
2012 10 18 04 42 19 MS10 4.1791 124.561 338.4 -22.4736 45.5668 0.0 246.656 81.4542 304.82 706.111 700.08 5.198
2012 10 18 04 42 19 MS12 4.1791 124.561 338.4 -22.4374 45.915 0.0 246.646 81.1302 298.936 698.543 698.39 5.220
2012 10 18 04 42 19 MS13 4.1791 124.561 338.4 -22.3575 46.0879 0.0 246.702 80.9605 299.554 698.276 697.50 5.232
2012 10 18 04 42 19 MS15 4.1791 124.561 338.4 -22.0855 46.4091 0.0 246.93 80.6268 304.809 701.786 695.75 5.254
2012 10 18 04 42 19 MS17 4.1791 124.561 338.4 -21.79 46.926 0.0 247.153 80.1088 300.494 694.743 693.02 5.295
2012 10 18 04 42 19 MS19 4.1791 124.561 338.4 -21.4093 47.1029 0.0 247.509 79.8899 300.849 693.941 691.86 5.312
2012 10 18 04 42 19 MS20 4.1791 124.561 338.4 -21.3316 47.2715 0.0 247.563 79.723 298.137 690.343 690.97 5.326
2012 10 18 04 42 19 MS23 4.1791 124.561 338.4 -21.3542 47.778 0.0 247.468 79.2595 298.793 688.526 688.50 5.361
2012 10 18 04 42 19 MS24 4.1791 124.561 338.4 -21.4254 48.0393 0.0 247.358 79.0298 304.791 693.292 687.27 5.378
2012 11 03 18 17 12 MS01 9.235 126.281 55.5 -23.4139 43.7546 0.0 245.811 86.8496 298.764 758.575 758.74 4.860
2012 11 03 18 17 12 MS05 9.235 126.281 55.5 -22.9061 44.4639 0.0 246.177 86.109 302.019 758.222 755.12 4.918
2012 11 03 18 17 12 MS07 9.235 126.281 55.5 -22.8124 44.8289 0.0 246.2 85.7604 299.103 753.591 753.40 4.946
2012 11 03 18 17 12 MS11 9.235 126.281 55.5 -22.5197 45.7215 0.0 246.315 84.8935 312.285 762.466 749.08 5.018
2012 11 03 18 17 12 MS12 9.235 126.281 55.5 -22.4374 45.915 0.0 246.357 84.7012 302.213 751.431 748.12 5.033
2012 11 03 18 17 12 MS13 9.235 126.281 55.5 -22.3575 46.0879 0.0 246.401 84.5281 295.089 743.437 747.25 5.047
2012 11 03 18 17 12 MS15 9.235 126.281 55.5 -22.0855 46.4091 0.0 246.603 84.1796 295.082 741.673 745.48 5.073
2012 11 03 18 17 12 MS20 9.235 126.281 55.5 -21.3316 47.2715 0.0 247.166 83.2345 295.832 737.608 740.65 5.149
2012 11 03 18 17 12 MS21 9.235 126.281 55.5 -21.2389 47.3825 0.0 247.234 83.1133 299.189 740.343 740.02 5.159
2012 11 12 01 12 10 MS05 22.8908 95.848 14.2 -22.9061 44.4639 0.0 231.191 67.6043 298.502 656.023 657.23 6.302
2012 11 12 01 12 10 MS15 22.8908 95.848 14.2 -22.0855 46.4091 0.0 230.639 65.6948 312.164 657.475 645.07 6.440
2012 11 12 01 12 10 MS20 22.8908 95.848 14.2 -21.3316 47.2715 0.0 230.706 64.5983 308.25 646.43 637.95 6.521
2012 11 12 01 12 10 MS21 22.8908 95.848 14.2 -21.2389 47.3825 0.0 230.71 64.4597 308.198 645.471 637.04 6.531
2012 11 12 01 12 10 MS22 22.8908 95.848 14.2 -21.3382 47.6161 0.0 230.471 64.357 298.838 635.437 636.38 6.538
2012 11 12 01 12 10 MS23 22.8908 95.848 14.2 -21.3542 47.778 0.0 230.349 64.2523 301.297 637.208 635.69 6.546
2012 11 12 01 12 10 MS24 22.8908 95.848 14.2 -21.4254 48.0393 0.0 230.113 64.113 301.066 636.061 634.79 6.555
2012 12 11 16 52 54 MS04 -6.4969 129.868 161.5 -23.105 44.2199 0.0 247.522 83.4958 295.139 725.991 729.42 5.103
2012 12 11 16 52 54 MS10 -6.4969 129.868 161.5 -22.4736 45.5668 0.0 248.243 82.3004 312.114 736.839 723.27 5.195
2012 12 11 16 52 54 MS11 -6.4969 129.868 161.5 -22.5197 45.7215 0.0 248.206 82.1546 311.895 735.864 722.52 5.205
2012 12 11 16 52 54 MS12 -6.4969 129.868 161.5 -22.4374 45.915 0.0 248.3 81.9813 310.76 733.829 721.62 5.217
2012 12 11 16 52 54 MS13 -6.4969 129.868 161.5 -22.3575 46.0879 0.0 248.391 81.8268 310.037 732.302 720.81 5.228
2012 12 11 16 52 54 MS15 -6.4969 129.868 161.5 -22.0855 46.4091 0.0 248.683 81.5469 308.53 729.335 719.35 5.245
2012 12 11 16 52 54 MS16 -6.4969 129.868 161.5 -21.9357 46.543 0.0 248.841 81.4322 307.901 728.107 718.75 5.254
2012 12 11 16 52 54 MS17 -6.4969 129.868 161.5 -21.79 46.926 0.0 249.01 81.086 305.974 724.361 716.92 5.282
2012 12 11 16 52 54 MS19 -6.4969 129.868 161.5 -21.4093 47.1029 0.0 249.402 80.9444 303.088 720.731 716.18 5.293
2012 12 11 16 52 54 MS21 -6.4969 129.868 161.5 -21.2389 47.3825 0.0 249.59 80.6943 302.574 718.895 714.85 5.313
2012 12 11 16 52 54 MS22 -6.4969 129.868 161.5 -21.3382 47.6161 0.0 249.502 80.4711 301.443 716.577 713.66 5.332
2012 12 11 16 52 54 MS23 -6.4969 129.868 161.5 -21.3542 47.778 0.0 249.495 80.3194 300.671 714.998 712.86 5.343
2012 12 11 16 52 54 MS24 -6.4969 129.868 161.5 -21.4254 48.0393 0.0 249.437 80.0724 299.049 712.056 711.53 5.362
2012 12 12 06 18 20 MS10 0.5606 126.224 43.8 -22.4736 45.5668 0.0 247.315 81.5778 307.981 742.449 733.15 5.276
2012 12 12 06 18 20 MS11 0.5606 126.224 43.8 -22.5197 45.7215 0.0 247.258 81.4384 311.956 745.689 732.41 5.287
2012 12 12 06 18 20 MS12 0.5606 126.224 43.8 -22.4374 45.915 0.0 247.327 81.2539 312.321 745.079 731.43 5.302
2012 12 12 06 18 20 MS13 0.5606 126.224 43.8 -22.3575 46.0879 0.0 247.396 81.0885 304.323 736.204 730.56 5.316
2012 12 12 06 18 20 MS17 0.5606 126.224 43.8 -21.79 46.926 0.0 247.906 80.2701 302.419 729.936 726.18 5.380
2012 12 12 06 18 20 MS19 0.5606 126.224 43.8 -21.4093 47.1029 0.0 248.276 80.0762 304.773 731.249 725.14 5.395
2012 12 12 06 18 20 MS21 0.5606 126.224 43.8 -21.2389 47.3825 0.0 248.427 79.8028 299.163 724.166 723.66 5.415
2012 12 18 09 16 09 MS03 -0.6936 123.884 46.4 -23.2382 44.024 0.0 246.679 80.4068 301.458 729.392 726.59 5.369
2012 12 18 09 16 09 MS04 -0.6936 123.884 46.4 -23.105 44.2199 0.0 246.802 80.219 302.705 729.633 725.58 5.383
2012 12 18 09 16 09 MS07 -0.6936 123.884 46.4 -22.8124 44.8289 0.0 247.063 79.6408 312.451 736.261 722.46 5.427
2012 12 18 09 16 09 MS08 -0.6936 123.884 46.4 -22.7548 45.1131 0.0 247.104 79.3754 296.894 719.264 721.01 5.447
2012 12 18 09 16 09 MS10 -0.6936 123.884 46.4 -22.4736 45.5668 0.0 247.36 78.9386 312.852 732.841 718.63 5.478
2012 12 18 09 16 09 MS11 -0.6936 123.884 46.4 -22.5197 45.7215 0.0 247.303 78.799 300.027 719.252 717.87 5.488
2012 12 18 09 16 09 MS15 -0.6936 123.884 46.4 -22.0855 46.4091 0.0 247.698 78.1336 303.19 718.754 714.20 5.536
2012 12 18 09 16 09 MS16 -0.6936 123.884 46.4 -21.9357 46.543 0.0 247.841 77.9989 299.018 713.838 713.45 5.546
2012 12 18 09 16 09 MS17 -0.6936 123.884 46.4 -21.79 46.926 0.0 247.962 77.6336 308.29 721.08 711.42 5.574
2012 12 18 09 16 09 MS21 -0.6936 123.884 46.4 -21.2389 47.3825 0.0 248.49 77.169 299.45 709.648 708.82 5.609
2012 12 18 09 16 09 MS23 -0.6936 123.884 46.4 -21.3542 47.778 0.0 248.344 76.8099 296.54 704.719 706.81 5.635
2012 12 18 09 16 09 MS24 -0.6936 123.884 46.4 -21.4254 48.0393 0.0 248.252 76.5727 302.98 709.821 705.47 5.652
2013 01 22 22 22 43 MS03 4.9625 95.9215 24.6 -23.2382 44.024 0.0 238.726 57.8737 312.406 603.345 590.19 7.008
2013 01 22 22 22 43 MS04 4.9625 95.9215 24.6 -23.105 44.2199 0.0 238.79 57.6567 290.804 580.216 588.67 7.025
2013 01 22 22 22 43 MS07 4.9625 95.9215 24.6 -22.8124 44.8289 0.0 238.857 57.0267 292.184 577.142 584.23 7.072
2013 01 22 22 22 43 MS08 4.9625 95.9215 24.6 -22.7548 45.1131 0.0 238.8 56.7625 293.298 576.379 582.36 7.092
2013 01 22 22 22 43 MS10 4.9625 95.9215 24.6 -22.4736 45.5668 0.0 238.916 56.2678 301.349 580.904 578.84 7.129
2013 01 22 22 22 43 MS12 4.9625 95.9215 24.6 -22.4374 45.915 0.0 238.805 55.9569 301.894 579.223 576.62 7.152
2013 01 22 22 22 43 MS13 4.9625 95.9215 24.6 -22.3575 46.0879 0.0 238.819 55.7786 298.831 574.88 575.34 7.165
2013 01 22 22 22 43 MS15 4.9625 95.9215 24.6 -22.0855 46.4091 0.0 238.98 55.3989 292.117 565.433 572.61 7.190
2013 01 22 22 22 43 MS19 4.9625 95.9215 24.6 -21.4093 47.1029 0.0 239.429 54.5423 295.318 562.431 566.41 7.255
2013 01 22 22 22 43 MS20 4.9625 95.9215 24.6 -21.3316 47.2715 0.0 239.44 54.3674 312.321 578.162 565.14 7.268
2013 01 22 22 22 43 MS21 4.9625 95.9215 24.6 -21.2389 47.3825 0.0 239.495 54.2361 295.132 560.015 564.19 7.278
2013 01 22 22 22 43 MS23 4.9625 95.9215 24.6 -21.3542 47.778 0.0 239.185 53.9423 294.468 557.202 562.05 7.298
2013 01 29 16 38 17 MS04 42.5824 79.7217 14.3 -23.105 44.2199 0.0 213.973 73.1096 305.199 696.302 691.46 5.894
2013 01 29 16 38 17 MS08 42.5824 79.7217 14.3 -22.7548 45.1131 0.0 213.363 72.4315 302.222 689.295 687.45 5.944
2013 01 29 16 38 17 MS12 42.5824 79.7217 14.3 -22.4374 45.915 0.0 212.807 71.8239 298.573 682.005 683.83 5.988
2013 01 29 16 38 17 MS13 42.5824 79.7217 14.3 -22.3575 46.0879 0.0 212.691 71.6832 307.222 689.808 682.98 5.999
2013 01 29 16 38 17 MS16 42.5824 79.7217 14.3 -21.9357 46.543 0.0 212.479 71.123 313.774 692.973 679.60 6.040
2013 01 29 16 38 17 MS19 42.5824 79.7217 14.3 -21.4093 47.1029 0.0 212.215 70.4275 297.71 672.673 675.37 6.090
2013 01 29 16 38 17 MS21 42.5824 79.7217 14.3 -21.2389 47.3825 0.0 212.04 70.1639 308.809 682.157 673.76 6.110
2013 01 29 16 38 17 MS24 42.5824 79.7217 14.3 -21.4254 48.0393 0.0 211.366 70.0777 293.523 666.341 673.25 6.116
2013 02 17 04 37 29 MS01 5.7785 125.779 116.4 -23.4139 43.7546 0.0 245.955 84.9917 294.081 737.69 742.45 4.994
2013 02 17 04 37 29 MS07 5.7785 125.779 116.4 -22.8124 44.8289 0.0 246.401 83.9239 299.188 737.44 737.07 5.077
2013 02 17 04 37 29 MS08 5.7785 125.779 116.4 -22.7548 45.1131 0.0 246.417 83.6559 294.513 731.406 735.71 5.098
2013 02 17 04 37 29 MS12 5.7785 125.779 116.4 -22.4374 45.915 0.0 246.613 82.8743 295.908 728.804 731.70 5.161
2013 02 17 04 37 29 MS13 5.7785 125.779 116.4 -22.3575 46.0879 0.0 246.666 82.7036 298.174 730.19 730.82 5.174
2013 02 17 04 37 29 MS16 5.7785 125.779 116.4 -21.9357 46.543 0.0 247.015 82.2191 295.425 724.935 728.31 5.208
2013 03 20 03 28 49 MS12 -58.9815 -24.5697 52.0 -22.4374 45.915 0.0 85.5492 61.0076 310.909 619.616 607.35 6.787
2013 03 20 03 28 49 MS13 -58.9815 -24.5697 52.0 -22.3575 46.0879 0.0 85.6502 61.1629 303.101 612.861 608.40 6.775
2013 03 20 03 28 49 MS16 -58.9815 -24.5697 52.0 -21.9357 46.543 0.0 85.783 61.7465 312.613 626.322 612.35 6.732
2013 03 20 03 28 49 MS19 -58.9815 -24.5697 52.0 -21.4093 47.1029 0.0 85.9438 62.4713 310.438 629.016 617.22 6.676
2013 03 20 03 28 49 MS21 -58.9815 -24.5697 52.0 -21.2389 47.3825 0.0 86.0825 62.7569 301.108 621.593 619.13 6.654
2013 03 20 03 28 49 MS23 -58.9815 -24.5697 52.0 -21.3542 47.778 0.0 86.4992 62.8658 310.598 631.807 619.84 6.649
2013 03 20 03 28 49 MS24 -58.9815 -24.5697 52.0 -21.4254 48.0393 0.0 86.7708 62.942 308.717 630.431 620.34 6.645
2013 03 28 02 03 00 MS12 23.8815 121.135 18.6 -22.4374 45.915 0.0 243.686 86.3718 299.757 762.062 761.59 4.899
2013 03 28 02 03 00 MS16 23.8815 121.135 18.6 -21.9357 46.543 0.0 243.859 85.6246 299.618 758.244 757.91 4.961
2013 03 28 02 03 00 MS19 23.8815 121.135 18.6 -21.4093 47.1029 0.0 244.08 84.9195 301.063 756.176 754.38 5.020
2013 03 28 02 03 00 MS20 23.8815 121.135 18.6 -21.3316 47.2715 0.0 244.075 84.7445 313.32 767.556 753.50 5.034
2013 03 28 02 03 00 MS21 23.8815 121.135 18.6 -21.2389 47.3825 0.0 244.108 84.6097 302.495 756.053 752.82 5.044
2013 03 28 02 03 00 MS23 23.8815 121.135 18.6 -21.3542 47.778 0.0 243.831 84.3384 309.266 761.454 751.45 5.065
2013 04 10 11 52 27 MS04 28.4463 51.629 12.8 -23.105 44.2199 0.0 188.696 51.7475 300.35 548.586 549.33 7.445
2013 04 10 11 52 27 MS07 28.4463 51.629 12.8 -22.8124 44.8289 0.0 188.038 51.381 313.435 558.923 546.59 7.472
2013 04 10 11 52 27 MS08 28.4463 51.629 12.8 -22.7548 45.1131 0.0 187.715 51.2898 308.495 553.299 545.91 7.479
2013 04 10 11 52 27 MS10 28.4463 51.629 12.8 -22.4736 45.5668 0.0 187.225 50.9601 311.622 553.944 543.44 7.504
2013 04 10 11 52 27 MS12 28.4463 51.629 12.8 -22.4374 45.915 0.0 186.818 50.8869 314.299 556.068 542.89 7.509
2013 04 10 11 52 27 MS15 28.4463 51.629 12.8 -22.0855 46.4091 0.0 186.279 50.4891 304.878 543.64 539.88 7.536
2013 04 10 11 52 27 MS16 28.4463 51.629 12.8 -21.9357 46.543 0.0 186.139 50.3281 304.103 541.646 538.66 7.548
2013 04 10 11 52 27 MS19 28.4463 51.629 12.8 -21.4093 47.1029 0.0 185.528 49.7566 299.491 532.686 534.32 7.591
2013 04 10 11 52 27 MS20 28.4463 51.629 12.8 -21.3316 47.2715 0.0 185.332 49.6656 306.208 538.708 533.63 7.598
2013 04 10 11 52 27 MS21 28.4463 51.629 12.8 -21.2389 47.3825 0.0 185.207 49.5647 308.205 539.934 532.86 7.605
2013 04 10 11 52 27 MS23 28.4463 51.629 12.8 -21.3542 47.778 0.0 184.712 49.6489 313.791 546.164 533.50 7.599
2013 04 10 11 52 27 MS24 28.4463 51.629 12.8 -21.4254 48.0393 0.0 184.387 49.7013 311.377 544.149 533.91 7.595
2013 04 17 10 44 07 MS04 27.9704 62.136 63.1 -23.105 44.2199 0.0 200.592 53.6412 310.211 566.304 556.99 7.290
2013 04 17 10 44 07 MS07 27.9704 62.136 63.1 -22.8124 44.8289 0.0 200.054 53.1795 298.507 551.209 553.61 7.323
2013 04 17 10 44 07 MS08 27.9704 62.136 63.1 -22.7548 45.1131 0.0 199.767 53.0397 312.803 564.476 552.59 7.334
2013 04 17 10 44 07 MS09 27.9704 62.136 63.1 -22.4826 45.3982 0.0 199.564 52.6984 308.623 557.776 550.08 7.359
2013 04 17 10 44 07 MS10 27.9704 62.136 63.1 -22.4736 45.5668 0.0 199.382 52.6401 308.667 557.389 549.65 7.363
2013 04 17 10 44 07 MS12 27.9704 62.136 63.1 -22.4374 45.915 0.0 199.011 52.5047 312.149 559.868 548.66 7.373
2013 04 17 10 44 07 MS13 27.9704 62.136 63.1 -22.3575 46.0879 0.0 198.85 52.3795 312.873 559.664 547.73 7.383
2013 04 17 10 44 07 MS15 27.9704 62.136 63.1 -22.0855 46.4091 0.0 198.596 52.0306 314.888 559.086 545.15 7.408
2013 04 17 10 44 07 MS20 27.9704 62.136 63.1 -21.3316 47.2715 0.0 197.904 51.0756 307.008 544.065 538.02 7.477
2013 04 17 10 44 07 MS21 27.9704 62.136 63.1 -21.2389 47.3825 0.0 197.811 50.9572 308.145 544.311 537.13 7.486
2013 04 17 10 44 07 MS22 27.9704 62.136 63.1 -21.3382 47.6161 0.0 197.506 50.9892 309.793 546.2 537.38 7.484
2013 04 21 00 02 43 MS07 30.2688 103.02 18.0 -22.8124 44.8289 0.0 233.632 76.8553 299.419 711.635 711.88 5.625
2013 04 21 00 02 43 MS08 30.2688 103.02 18.0 -22.7548 45.1131 0.0 233.499 76.6199 300.448 711.336 710.56 5.642
2013 04 21 00 02 43 MS09 30.2688 103.02 18.0 -22.4826 45.3982 0.0 233.531 76.2433 295.538 704.291 708.42 5.669
2013 04 21 00 02 43 MS10 30.2688 103.02 18.0 -22.4736 45.5668 0.0 233.432 76.1201 313.09 721.142 707.73 5.677
2013 04 21 00 02 43 MS12 30.2688 103.02 18.0 -22.4374 45.915 0.0 233.24 75.8546 297.78 704.318 706.22 5.693
2013 04 21 00 02 43 MS13 30.2688 103.02 18.0 -22.3575 46.0879 0.0 233.192 75.6822 300.45 706.002 705.24 5.707
2013 04 21 00 02 43 MS15 30.2688 103.02 18.0 -22.0855 46.4091 0.0 233.197 75.2799 300.451 703.694 702.93 5.738
2013 04 21 00 02 43 MS16 30.2688 103.02 18.0 -21.9357 46.543 0.0 233.227 75.0879 299.332 701.469 701.83 5.752
2013 04 21 00 02 43 MS19 30.2688 103.02 18.0 -21.4093 47.1029 0.0 233.271 74.3505 298.518 696.38 697.56 5.808
2013 04 21 00 02 43 MS20 30.2688 103.02 18.0 -21.3316 47.2715 0.0 233.222 74.182 300.384 697.264 696.58 5.821
2013 04 21 00 02 43 MS21 30.2688 103.02 18.0 -21.2389 47.3825 0.0 233.221 74.0433 311.255 707.325 695.77 5.832
2013 04 21 04 50 38 MS01 -6.2786 130.223 113.9 -23.4139 43.7546 0.0 247.135 84.3084 304.306 744.714 738.99 5.054
2013 04 21 04 50 38 MS03 -6.2786 130.223 113.9 -23.2382 44.024 0.0 247.329 84.0747 304.643 743.873 737.81 5.071
2013 04 21 04 50 38 MS08 -6.2786 130.223 113.9 -22.7548 45.1131 0.0 247.884 83.1079 308.662 742.976 732.88 5.148
2013 04 21 04 50 38 MS10 -6.2786 130.223 113.9 -22.4736 45.5668 0.0 248.194 82.7084 309.152 741.414 730.82 5.179
2013 04 21 04 50 38 MS13 -6.2786 130.223 113.9 -22.3575 46.0879 0.0 248.342 82.2346 304.632 734.442 728.36 5.212
2013 04 21 04 50 38 MS15 -6.2786 130.223 113.9 -22.0855 46.4091 0.0 248.633 81.9544 304.597 732.95 726.90 5.231
2013 04 21 04 50 38 MS16 -6.2786 130.223 113.9 -21.9357 46.543 0.0 248.791 81.8395 313.231 740.985 726.30 5.239
2013 04 21 04 50 38 MS19 -6.2786 130.223 113.9 -21.4093 47.1029 0.0 249.351 81.3509 300.666 725.862 723.73 5.276
2013 04 21 04 50 38 MS20 -6.2786 130.223 113.9 -21.3316 47.2715 0.0 249.438 81.1986 302.442 726.836 722.93 5.288
2013 04 21 04 50 38 MS22 -6.2786 130.223 113.9 -21.3382 47.6161 0.0 249.45 80.8774 308.476 731.17 721.23 5.314
2013 04 21 04 50 38 MS23 -6.2786 130.223 113.9 -21.3542 47.778 0.0 249.442 80.7258 308.379 730.269 720.42 5.326
2013 05 12 02 07 23 AM08 26.6583 57.8438 15.1 -21.3247 46.9385 0.0 193.546 48.8556 298.607 524.542 526.98 7.655
2013 05 12 02 07 23 AM13 26.6583 57.8438 15.1 -21.614 46.8444 0.0 193.574 49.1559 302.788 531.029 529.29 7.636
2013 06 03 05 42 28 AM12 23.8318 121.059 17.0 -21.817 47.8793 0.0 243.35 84.3889 297.297 750.005 751.99 5.061
2013 06 03 05 42 28 AM13 23.8318 121.059 17.0 -21.614 46.8444 0.0 243.983 85.1433 299.989 756.489 755.77 5.002
2013 06 03 05 42 28 AM14 23.8318 121.059 17.0 -22.5242 46.737 0.0 243.226 85.6543 300.061 759.099 758.33 4.958
2013 06 03 05 42 28 AM17 23.8318 121.059 17.0 -22.1667 46.1525 0.0 243.794 85.9679 305.671 766.26 759.87 4.933
2013 06 03 05 42 28 AM18 23.8318 121.059 17.0 -22.5707 46.4273 0.0 243.319 85.9292 299.345 759.742 759.69 4.936
2013 06 03 05 42 28 AM22 23.8318 121.059 17.0 -22.6438 45.7011 0.0 243.565 86.5577 300.594 764.075 762.77 4.886
2013 06 03 05 42 28 MS03 23.8318 121.059 17.0 -23.2382 44.024 0.0 243.743 88.2035 298.965 770.366 770.70 4.758
2013 06 03 05 42 28 MS18A 23.8318 121.059 17.0 -21.5975 46.9948 0.0 243.932 85.0119 313.802 769.645 755.11 5.012
2013 06 03 05 42 28 MS19 23.8318 121.059 17.0 -21.4093 47.1029 0.0 244.051 84.8353 304.264 759.222 754.22 5.027
2013 06 14 16 47 01 AM01 -9.9513 107.302 20.6 -21.0772 48.2392 0.0 251.387 57.6989 298.957 589.174 588.91 7.030
2013 06 14 16 47 01 AM04 -9.9513 107.302 20.6 -21.1811 47.6382 0.0 251.28 58.2623 305.936 600.11 592.85 6.985
2013 06 14 16 47 01 AM05 -9.9513 107.302 20.6 -21.1729 48.0765 0.0 251.279 57.8531 307.291 598.593 589.99 7.018
2013 06 14 16 47 01 AM06 -9.9513 107.302 20.6 -21.0461 47.2004 0.0 251.447 58.6683 306.519 603.533 595.68 6.959
2013 06 14 16 47 01 AM11 -9.9513 107.302 20.6 -21.7431 47.4937 0.0 250.627 58.4104 306.58 601.787 593.89 6.974
2013 06 14 16 47 01 AM13 -9.9513 107.302 20.6 -21.614 46.8444 0.0 250.794 59.0111 312.165 611.561 598.06 6.936
2013 06 14 16 47 01 AM15 -9.9513 107.302 20.6 -22.0546 47.0516 0.0 250.277 58.8292 307.657 605.784 596.80 6.949
2013 06 14 16 47 01 AM16 -9.9513 107.302 20.6 -21.7262 46.3964 0.0 250.674 59.43 296.051 598.351 600.96 6.907
2013 06 14 16 47 01 AM19 -9.9513 107.302 20.6 -22.6999 46.1438 0.0 249.557 59.6868 299.575 603.642 602.73 6.888
2013 06 14 16 47 01 MS04 -9.9513 107.302 20.6 -23.105 44.2199 0.0 249.141 61.4696 308.095 624.345 614.88 6.757
2013 06 14 16 47 01 MS07 -9.9513 107.302 20.6 -22.8124 44.8289 0.0 249.461 60.9028 295.999 608.403 611.04 6.799
2013 06 14 16 47 01 MS08 -9.9513 107.302 20.6 -22.7548 45.1131 0.0 249.521 60.6394 292.382 602.99 609.25 6.819
2013 06 14 16 47 01 MS09 -9.9513 107.302 20.6 -22.4826 45.3982 0.0 249.825 60.3705 300.09 608.86 607.42 6.839
2013 06 14 16 47 01 MS10 -9.9513 107.302 20.6 -22.4736 45.5668 0.0 249.832 60.2143 308.759 616.458 606.35 6.851
2013 06 14 16 47 01 MS12 -9.9513 107.302 20.6 -22.4374 45.915 0.0 249.865 59.8915 294.39 599.87 604.14 6.873
2013 06 14 16 47 01 MS16 -9.9513 107.302 20.6 -21.9357 46.543 0.0 250.429 59.2982 298.675 600.06 600.05 6.916
2013 06 14 16 47 01 MS18A -9.9513 107.302 20.6 -21.5975 46.9948 0.0 250.81 58.8708 295.379 593.799 597.09 6.946
2013 06 14 16 47 01 MS19 -9.9513 107.302 20.6 -21.4093 47.1029 0.0 251.026 58.7662 299.879 597.572 596.36 6.953
2013 06 14 16 47 01 MS21 -9.9513 107.302 20.6 -21.2389 47.3825 0.0 251.218 58.5021 307.611 603.462 594.52 6.969
2013 06 14 16 47 01 MS23 -9.9513 107.302 20.6 -21.3542 47.778 0.0 251.074 58.1359 302.15 595.436 591.97 6.995
2013 06 14 16 47 01 MS24 -9.9513 107.302 20.6 -21.4254 48.0393 0.0 250.983 57.8943 311.343 602.932 590.28 7.014
2013 06 16 16 10 39 AM05 34.4507 25.044 21.5 -21.1729 48.0765 0.0 154.924 59.4971 301.19 603.836 603.37 6.880
2013 06 16 16 10 39 AM22 34.4507 25.044 21.5 -22.6438 45.7011 0.0 157.913 60.0799 299.918 606.581 607.46 6.837
2013 06 16 16 10 39 MS10 34.4507 25.044 21.5 -22.4736 45.5668 0.0 157.982 59.8787 304.061 609.339 606.07 6.852
2013 06 16 16 10 39 MS23 34.4507 25.044 21.5 -21.3542 47.778 0.0 155.302 59.5608 303.291 606.377 603.82 6.875
2013 06 16 16 10 39 MS24 34.4507 25.044 21.5 -21.4254 48.0393 0.0 155.071 59.7171 309.385 613.55 604.89 6.864
2013 06 17 21 38 45 MS15 34.4242 25.1864 25.0 -22.0855 46.4091 0.0 157.119 59.712 311.512 615.149 604.41 6.863
2013 06 17 21 38 45 MS17 34.4242 25.1864 25.0 -21.79 46.926 0.0 156.478 59.605 312.099 614.998 603.66 6.871
2013 06 17 21 38 45 MS18A 34.4242 25.1864 25.0 -21.5975 46.9948 0.0 156.33 59.4488 301.829 603.648 602.58 6.882
2013 06 17 21 38 45 MS19 34.4242 25.1864 25.0 -21.4093 47.1029 0.0 156.143 59.3098 312.997 613.855 601.62 6.892
2013 06 17 21 38 45 MS24 34.4242 25.1864 25.0 -21.4254 48.0393 0.0 155.207 59.6436 300.049 603.214 603.90 6.868
2013 07 03 07 36 38 AM01 4.6907 96.5824 25.4 -21.0772 48.2392 0.0 239.759 53.8685 304.743 566.827 561.38 7.303
2013 07 03 07 36 38 AM04 4.6907 96.5824 25.4 -21.1811 47.6382 0.0 239.908 54.4262 303.759 569.917 565.44 7.263
2013 07 03 07 36 38 AM06 4.6907 96.5824 25.4 -21.0461 47.2004 0.0 240.251 54.7534 304.733 573.271 567.81 7.240
2013 07 03 07 36 38 AM08 4.6907 96.5824 25.4 -21.3247 46.9385 0.0 240.049 55.0842 308.155 579.09 570.20 7.215
2013 07 03 07 36 38 AM09 4.6907 96.5824 25.4 -21.5598 47.517 0.0 239.534 54.6751 313.201 581.168 567.26 7.245
2013 07 03 07 36 38 AM10 4.6907 96.5824 25.4 -21.5866 47.9659 0.0 239.305 54.3002 308.285 573.523 564.54 7.273
2013 07 03 07 36 38 AM11 4.6907 96.5824 25.4 -21.7431 47.4937 0.0 239.338 54.7655 305.299 573.922 567.92 7.239
2013 07 03 07 36 38 AM15 4.6907 96.5824 25.4 -22.0546 47.0516 0.0 239.183 55.2639 307.857 580.087 571.52 7.201
2013 07 03 07 36 38 AM16 4.6907 96.5824 25.4 -21.7262 46.3964 0.0 239.83 55.7023 304.762 580.154 574.65 7.170
2013 07 03 07 36 38 AM21 4.6907 96.5824 25.4 -22.6137 45.3959 0.0 239.265 56.8933 312.691 596.592 583.15 7.082
2013 07 03 07 36 38 AM22 4.6907 96.5824 25.4 -22.6438 45.7011 0.0 239.105 56.6434 300.96 583.082 581.38 7.101
2013 07 03 07 36 38 AM23 4.6907 96.5824 25.4 -22.9496 46.1397 0.0 238.582 56.3854 310.774 591.055 579.56 7.120
2013 07 03 07 36 38 MS02 4.6907 96.5824 25.4 -23.3433 43.8945 0.0 239.074 58.4477 301.349 596.2 594.07 6.966
2013 07 03 07 36 38 MS06A 4.6907 96.5824 25.4 -22.8271 44.7327 0.0 239.301 57.5407 303.227 591.711 587.72 7.034
2013 07 03 07 36 38 MS07 4.6907 96.5824 25.4 -22.8124 44.8289 0.0 239.279 57.4528 309.935 597.798 587.10 7.041
2013 07 03 07 36 38 MS08 4.6907 96.5824 25.4 -22.7548 45.1131 0.0 239.226 57.188 313.77 599.76 585.24 7.061
2013 07 03 07 36 38 MS10 4.6907 96.5824 25.4 -22.4736 45.5668 0.0 239.348 56.6945 309.357 591.845 581.74 7.097
2013 07 03 07 36 38 MS12 4.6907 96.5824 25.4 -22.4374 45.915 0.0 239.243 56.3826 310.094 590.358 579.53 7.120
2013 07 03 07 36 38 MS13 4.6907 96.5824 25.4 -22.3575 46.0879 0.0 239.259 56.2044 304.044 583.034 578.26 7.134
2013 07 03 07 36 38 MS15 4.6907 96.5824 25.4 -22.0855 46.4091 0.0 239.425 55.8264 301.39 577.671 575.55 7.162
2013 07 03 07 36 38 MS16 4.6907 96.5824 25.4 -21.9357 46.543 0.0 239.534 55.6548 309.055 584.104 574.32 7.174
2013 07 03 07 36 38 MS17 4.6907 96.5824 25.4 -21.79 46.926 0.0 239.533 55.2706 305.99 578.271 571.56 7.200
2013 07 03 07 36 38 MS18A 4.6907 96.5824 25.4 -21.5975 46.9948 0.0 239.719 55.1385 306.207 577.534 570.60 7.210
2013 07 03 07 36 38 MS19 4.6907 96.5824 25.4 -21.4093 47.1029 0.0 239.884 54.9743 312.344 582.482 569.41 7.223
2013 07 03 07 36 38 MS21 4.6907 96.5824 25.4 -21.2389 47.3825 0.0 239.954 54.6687 304.689 572.611 567.20 7.246
2013 07 03 07 36 38 MS23 4.6907 96.5824 25.4 -21.3542 47.778 0.0 239.651 54.3719 306.498 572.259 565.05 7.267
2013 07 03 07 36 38 MS25A 4.6907 96.5824 25.4 -21.2876 48.1858 0.0 239.544 53.9957 306.998 570.012 562.32 7.295
2013 07 07 05 04 59 AM01 -3.294 100.531 26.1 -21.0772 48.2392 0.0 246.299 53.7943 295.245 556.662 560.39 7.311
2013 07 07 05 04 59 AM04 -3.294 100.531 26.1 -21.1811 47.6382 0.0 246.315 54.3648 298.516 564.103 564.55 7.271
2013 07 07 05 04 59 AM08 -3.294 100.531 26.1 -21.3247 46.9385 0.0 246.302 55.0328 297.406 567.844 569.38 7.222
2013 07 07 05 04 59 AM13 -3.294 100.531 26.1 -21.614 46.8444 0.0 245.979 55.1757 301.485 572.956 570.42 7.211
2013 07 07 05 04 59 AM14 -3.294 100.531 26.1 -22.5242 46.737 0.0 244.925 55.4578 299.447 572.948 572.46 7.190
2013 07 07 05 04 59 AM20 -3.294 100.531 26.1 -22.3028 45.6823 0.0 245.425 56.3689 293.47 573.51 578.97 7.125
2013 07 07 05 04 59 AM22 -3.294 100.531 26.1 -22.6438 45.7011 0.0 245.021 56.4194 294.292 574.69 579.34 7.121
2013 07 07 05 04 59 MS04 -3.294 100.531 26.1 -23.105 44.2199 0.0 244.806 57.8491 299.73 590.258 589.44 7.013
2013 07 07 05 04 59 MS09 -3.294 100.531 26.1 -22.4826 45.3982 0.0 245.276 56.6619 299.687 581.816 581.06 7.103
2013 07 07 05 04 59 MS21 -3.294 100.531 26.1 -21.2389 47.3825 0.0 246.304 54.6101 301.492 568.864 566.33 7.254
2013 07 16 14 03 32 AM14 -61.0527 -25.2274 19.9 -22.5242 46.737 0.0 85.784 61.8332 300.675 618.916 616.88 6.736
2013 07 16 14 03 32 AM18 -61.0527 -25.2274 19.9 -22.5707 46.4273 0.0 85.5348 61.6436 297.797 614.76 615.60 6.751
2013 07 16 14 03 32 AM19 -61.0527 -25.2274 19.9 -22.6999 46.1438 0.0 85.3579 61.3967 307.406 622.697 613.93 6.769
2013 07 16 14 03 32 AM20 -61.0527 -25.2274 19.9 -22.3028 45.6823 0.0 84.7084 61.5095 300.994 617.055 614.72 6.760
2013 07 16 14 03 32 AM22 -61.0527 -25.2274 19.9 -22.6438 45.7011 0.0 84.9277 61.2296 300.142 614.301 612.81 6.782
2013 07 16 14 03 32 AM23 -61.0527 -25.2274 19.9 -22.9496 46.1397 0.0 85.5033 61.1833 303.877 617.717 612.48 6.785
2013 07 16 14 03 32 MS03 -61.0527 -25.2274 19.9 -23.2382 44.024 0.0 83.7739 59.9142 306.516 611.683 603.83 6.878
2013 07 16 14 03 32 MS08 -61.0527 -25.2274 19.9 -22.7548 45.1131 0.0 84.4657 60.8507 308.3 619.884 610.24 6.809
2013 07 16 14 03 32 MS10 -61.0527 -25.2274 19.9 -22.4736 45.5668 0.0 84.706 61.3088 298.198 612.898 613.36 6.775
2013 07 16 14 03 32 MS12 -61.0527 -25.2274 19.9 -22.4374 45.915 0.0 84.997 61.5082 301.036 617.086 614.70 6.760
2013 07 16 14 03 32 MS13 -61.0527 -25.2274 19.9 -22.3575 46.0879 0.0 85.1046 61.6597 298.814 615.888 615.73 6.749
2013 07 16 14 03 32 MS18A -61.0527 -25.2274 19.9 -21.5975 46.9948 0.0 85.4695 62.7443 297.791 622.155 623.01 6.667
2013 07 16 14 03 32 MS19 -61.0527 -25.2274 19.9 -21.4093 47.1029 0.0 85.4564 62.9566 299.146 624.928 624.43 6.652
2013 07 16 14 03 32 MS21 -61.0527 -25.2274 19.9 -21.2389 47.3825 0.0 85.6071 63.2371 297.101 624.749 626.30 6.635
2013 07 16 14 03 32 MS23 -61.0527 -25.2274 19.9 -21.3542 47.778 0.0 86.0266 63.331 299.102 627.371 626.91 6.629
2013 07 16 14 03 32 MS24 -61.0527 -25.2274 19.9 -21.4254 48.0393 0.0 86.3004 63.3974 310.021 638.729 627.34 6.624
2013 07 16 14 03 32 MS25A -61.0527 -25.2274 19.9 -21.2876 48.1858 0.0 86.3509 63.5855 301.08 631.035 628.59 6.611
2013 07 22 23 45 48 AM02 34.5047 104.261 5.1 -21.2441 48.3472 0.0 232.524 76.7832 302.181 716.094 713.67 5.632
2013 07 22 23 45 48 AM04 34.5047 104.261 5.1 -21.1811 47.6382 0.0 233.051 77.2051 309.376 725.663 716.03 5.602
2013 07 22 23 45 48 AM06 34.5047 104.261 5.1 -21.0461 47.2004 0.0 233.444 77.4 300.982 718.363 717.11 5.588
2013 07 22 23 45 48 AM09 34.5047 104.261 5.1 -21.5598 47.517 0.0 232.86 77.5514 294.183 712.41 717.98 5.576
2013 07 22 23 45 48 AM10 34.5047 104.261 5.1 -21.5866 47.9659 0.0 232.537 77.2754 308.568 725.249 716.44 5.597
2013 07 22 23 45 48 AM11 34.5047 104.261 5.1 -21.7431 47.4937 0.0 232.744 77.6957 298.824 717.856 718.78 5.565
2013 07 22 23 45 48 AM13 34.5047 104.261 5.1 -21.614 46.8444 0.0 233.272 78.0334 299.985 720.896 720.65 5.539
2013 07 22 23 45 48 AM18 34.5047 104.261 5.1 -22.5707 46.4273 0.0 232.858 78.9775 313.141 739.258 725.87 5.471
2013 07 22 23 45 48 AM19 34.5047 104.261 5.1 -22.6999 46.1438 0.0 232.952 79.2544 305.215 732.846 727.38 5.451
2013 07 22 23 45 48 AM22 34.5047 104.261 5.1 -22.6438 45.7011 0.0 233.283 79.5078 297.814 726.826 728.75 5.432
2013 07 22 23 45 48 MS03 34.5047 104.261 5.1 -23.2382 44.024 0.0 233.937 81.0326 309.629 746.843 736.94 5.314
2013 07 22 23 45 48 MS04 34.5047 104.261 5.1 -23.105 44.2199 0.0 233.909 80.8106 294.447 730.478 735.75 5.333
2013 07 22 23 45 48 MS05 34.5047 104.261 5.1 -22.9061 44.4639 0.0 233.897 80.5113 297.104 731.534 734.15 5.356
2013 07 22 23 45 48 MS08 34.5047 104.261 5.1 -22.7548 45.1131 0.0 233.586 79.9747 298.339 729.881 731.27 5.397
2013 07 22 23 45 48 MS09 34.5047 104.261 5.1 -22.4826 45.3982 0.0 233.599 79.5971 308.335 737.832 729.22 5.425
2013 07 22 23 45 48 MS10 34.5047 104.261 5.1 -22.4736 45.5668 0.0 233.495 79.4788 305.925 734.779 728.58 5.434
2013 07 22 23 45 48 MS15 34.5047 104.261 5.1 -22.0855 46.4091 0.0 233.221 78.6508 307.202 731.526 724.06 5.494
2013 07 22 23 45 48 MS16 34.5047 104.261 5.1 -21.9357 46.543 0.0 233.241 78.4577 307.896 731.155 723.00 5.507
2013 07 22 23 45 48 MS18A 34.5047 104.261 5.1 -21.5975 46.9948 0.0 233.184 77.9224 294.184 714.479 720.03 5.548
2013 07 22 23 45 48 MS19 34.5047 104.261 5.1 -21.4093 47.1029 0.0 233.247 77.7191 307.658 726.821 718.90 5.563
2013 07 22 23 45 48 MS21 34.5047 104.261 5.1 -21.2389 47.3825 0.0 233.182 77.4146 308.989 726.452 717.20 5.586
2013 07 22 23 45 48 MS22 34.5047 104.261 5.1 -21.3382 47.6161 0.0 232.953 77.3302 314.738 731.727 716.73 5.593
2013 07 22 23 45 48 MS23 34.5047 104.261 5.1 -21.3542 47.778 0.0 232.832 77.2348 301.962 718.417 716.20 5.600
2013 07 22 23 45 48 MS24 34.5047 104.261 5.1 -21.4254 48.0393 0.0 232.604 77.1133 299.822 715.594 715.53 5.609
2013 07 27 21 32 27 AM05 -58.0352 -24.28 17.0 -21.1729 48.0765 0.0 86.8775 62.9649 312.232 638.573 624.97 6.652
2013 07 27 21 32 27 AM11 -58.0352 -24.28 17.0 -21.7431 47.4937 0.0 86.7395 62.1891 304.996 626.143 619.77 6.710
2013 07 27 21 32 27 AM16 -58.0352 -24.28 17.0 -21.7262 46.3964 0.0 85.7791 61.6205 303.707 621.025 615.97 6.752
2013 07 27 21 32 27 AM17 -58.0352 -24.28 17.0 -22.1667 46.1525 0.0 85.8529 61.1314 301.184 615.184 612.64 6.789
2013 07 27 21 32 27 AM18 -58.0352 -24.28 17.0 -22.5707 46.4273 0.0 86.3545 60.9479 308.574 621.32 611.37 6.803
2013 07 27 21 32 27 AM22 -58.0352 -24.28 17.0 -22.6438 45.7011 0.0 85.7726 60.5029 307.545 617.255 608.35 6.836
2013 07 27 21 32 27 AM23 -58.0352 -24.28 17.0 -22.9496 46.1397 0.0 86.3542 60.4867 308.875 618.47 608.22 6.838
2013 07 27 21 32 27 MS02 -58.0352 -24.28 17.0 -23.3433 43.8945 0.0 84.6598 58.9756 313.616 612.791 597.83 6.945
2013 07 27 21 32 27 MS07 -58.0352 -24.28 17.0 -22.8124 44.8289 0.0 85.124 59.903 304.635 610.229 604.24 6.879
2013 07 27 21 32 27 MS10 -58.0352 -24.28 17.0 -22.4736 45.5668 0.0 85.5442 60.5704 301.485 611.66 608.82 6.831
2013 07 27 21 32 27 MS15 -58.0352 -24.28 17.0 -22.0855 46.4091 0.0 86.0226 61.3338 312.105 627.479 614.01 6.774
2013 07 27 21 32 27 MS18A -58.0352 -24.28 17.0 -21.5975 46.9948 0.0 86.2149 62.0432 306.239 626.408 618.81 6.720
2013 07 27 21 32 27 MS19 -58.0352 -24.28 17.0 -21.4093 47.1029 0.0 86.1876 62.2545 306.301 627.892 620.23 6.705
2013 07 27 21 32 27 MS22 -58.0352 -24.28 17.0 -21.3382 47.6161 0.0 86.5858 62.5851 307.016 630.821 622.44 6.680
2013 08 13 00 52 57 AM04 -7.1167 129.791 104.8 -21.1811 47.6382 0.0 249.765 80.1742 300.369 720.35 718.49 5.372
2013 08 13 00 52 57 AM07 -7.1167 129.791 104.8 -20.7958 47.1777 0.0 250.123 80.63 307.956 730.376 720.93 5.337
2013 08 13 00 52 57 AM09 -7.1167 129.791 104.8 -21.5598 47.517 0.0 249.376 80.2616 304.976 725.422 718.96 5.365
2013 08 13 00 52 57 AM11 -7.1167 129.791 104.8 -21.7431 47.4937 0.0 249.19 80.2711 305.881 726.377 719.01 5.365
2013 08 13 00 52 57 AM13 -7.1167 129.791 104.8 -21.614 46.8444 0.0 249.278 80.8825 308.536 732.29 722.27 5.317
2013 08 13 00 52 57 AM15 -7.1167 129.791 104.8 -22.0546 47.0516 0.0 248.848 80.6599 306.262 728.829 721.09 5.335
2013 08 13 00 52 57 AM19 -7.1167 129.791 104.8 -22.6999 46.1438 0.0 248.14 81.453 310.532 737.289 725.28 5.271
2013 08 13 00 52 57 AM22 -7.1167 129.791 104.8 -22.6438 45.7011 0.0 248.165 81.8649 306.81 735.728 727.45 5.239
2013 08 13 00 52 57 MS16 -7.1167 129.791 104.8 -21.9357 46.543 0.0 248.934 81.1391 310.356 735.466 723.63 5.296
2013 08 13 00 52 57 MS18A -7.1167 129.791 104.8 -21.5975 46.9948 0.0 249.304 80.744 307.563 730.582 721.54 5.329
2013 08 13 00 52 57 MS19 -7.1167 129.791 104.8 -21.4093 47.1029 0.0 249.501 80.6567 307.852 730.408 721.07 5.335
2013 08 13 00 52 57 MS21 -7.1167 129.791 104.8 -21.2389 47.3825 0.0 249.69 80.4083 306.181 727.415 719.75 5.354
2013 08 13 00 52 57 MS23 -7.1167 129.791 104.8 -21.3542 47.778 0.0 249.599 80.0326 304.743 723.963 717.73 5.383
2013 08 13 00 52 57 MS24 -7.1167 129.791 104.8 -21.4254 48.0393 0.0 249.544 79.785 302.887 720.775 716.40 5.401
2013 09 02 11 52 08 AM04 -7.5393 128.257 135.2 -21.1811 47.6382 0.0 249.935 78.6006 302.857 710.857 706.50 5.479
2013 09 02 11 52 08 AM05 -7.5393 128.257 135.2 -21.1729 48.0765 0.0 249.97 78.1928 296.415 702.178 704.26 5.507
2013 09 02 11 52 08 AM10 -7.5393 128.257 135.2 -21.5866 47.9659 0.0 249.544 78.2703 312.485 718.67 704.68 5.502
2013 09 02 11 52 08 AM12 -7.5393 128.257 135.2 -21.817 47.8793 0.0 249.305 78.3366 300.062 706.609 705.05 5.498
2013 09 02 11 52 08 AM15 -7.5393 128.257 135.2 -22.0546 47.0516 0.0 249.015 79.0886 312.734 723.386 709.16 5.444
2013 09 02 11 52 08 AM16 -7.5393 128.257 135.2 -21.7262 46.3964 0.0 249.304 79.718 297.953 712.012 712.57 5.398
2013 09 02 11 52 08 MS07 -7.5393 128.257 135.2 -22.8124 44.8289 0.0 248.102 81.086 303.418 724.761 719.87 5.291
2013 09 02 11 52 08 MS09 -7.5393 128.257 135.2 -22.4826 45.3982 0.0 248.474 80.5866 296.45 715.15 717.22 5.332
2013 09 02 11 52 08 MS12 -7.5393 128.257 135.2 -22.4374 45.915 0.0 248.555 80.113 304.445 720.618 714.69 5.368
2013 09 02 11 52 08 MS15 -7.5393 128.257 135.2 -22.0855 46.4091 0.0 248.943 79.6812 304.436 718.293 712.37 5.400
2013 09 02 11 52 08 MS17 -7.5393 128.257 135.2 -21.79 46.926 0.0 249.274 79.2225 303.246 714.627 709.89 5.434
2013 09 02 11 52 08 MS18A -7.5393 128.257 135.2 -21.5975 46.9948 0.0 249.473 79.1715 304.427 715.532 709.61 5.438
2013 09 02 11 52 08 MS19 -7.5393 128.257 135.2 -21.4093 47.1029 0.0 249.67 79.0837 304.424 715.055 709.13 5.445
2013 09 02 11 52 08 MS24 -7.5393 128.257 135.2 -21.4254 48.0393 0.0 249.711 78.212 304.417 710.283 704.36 5.506
2013 09 02 11 52 08 MS25A -7.5393 128.257 135.2 -21.2876 48.1858 0.0 249.86 78.0841 297.055 702.218 703.66 5.515
2013 09 07 11 33 19 AM04 20.1862 122.334 189.4 -21.1811 47.6382 0.0 244.887 83.7905 314.115 743.403 728.46 5.061
2013 09 07 11 33 19 AM05 20.1862 122.334 189.4 -21.1729 48.0765 0.0 244.724 83.4145 304.968 732.35 726.56 5.090
2013 09 07 11 33 19 AM06 20.1862 122.334 189.4 -21.0461 47.2004 0.0 245.179 84.1082 312.882 743.772 730.06 5.037
2013 09 07 11 33 19 AM07 20.1862 122.334 189.4 -20.7958 47.1777 0.0 245.416 84.0259 300.54 731.017 729.64 5.043
2013 09 07 11 33 19 AM10 20.1862 122.334 189.4 -21.5866 47.9659 0.0 244.39 83.6789 310.172 738.894 727.91 5.069
2013 09 07 11 33 19 AM11 20.1862 122.334 189.4 -21.7431 47.4937 0.0 244.43 84.1433 313.516 744.58 730.25 5.034
2013 09 07 11 33 19 AM16 20.1862 122.334 189.4 -21.7262 46.3964 0.0 244.864 85.0679 313.433 749.109 734.86 4.958
2013 09 07 11 33 19 MS08 20.1862 122.334 189.4 -22.7548 45.1131 0.0 244.401 86.5675 311.004 754.013 742.22 4.840
2013 09 07 11 33 19 MS10 20.1862 122.334 189.4 -22.4736 45.5668 0.0 244.491 86.0714 311.36 751.964 739.81 4.879
2013 09 07 11 33 19 MS15 20.1862 122.334 189.4 -22.0855 46.4091 0.0 244.531 85.2018 299.7 736.038 735.53 4.947
2013 09 07 11 33 19 MS17 20.1862 122.334 189.4 -21.79 46.926 0.0 244.605 84.6438 305.535 739.104 732.76 4.994
2013 09 07 11 33 19 MS19 20.1862 122.334 189.4 -21.4093 47.1029 0.0 244.885 84.3389 306.774 738.82 731.23 5.018
2013 09 07 11 33 19 MS21 20.1862 122.334 189.4 -21.2389 47.3825 0.0 244.933 84.0317 304.118 734.622 729.68 5.043
2013 09 07 11 33 19 MS24 20.1862 122.334 189.4 -21.4254 48.0393 0.0 244.509 83.5503 304.071 732.141 727.25 5.079
2013 09 22 01 39 05 AM10 -7.2679 119.951 550.1 -21.5866 47.9659 0.0 249.74 70.6387 302.136 623.78 620.22 5.893
2013 09 22 01 39 05 AM11 -7.2679 119.951 550.1 -21.7431 47.4937 0.0 249.572 71.077 313.271 637.491 622.79 5.862
2013 09 22 01 39 05 AM14 -7.2679 119.951 550.1 -22.5242 46.737 0.0 248.747 71.773 302.804 631.082 626.85 5.812
2013 09 22 01 39 05 AM15 -7.2679 119.951 550.1 -22.0546 47.0516 0.0 249.242 71.4853 304.044 630.65 625.18 5.833
2013 09 22 01 39 05 AM19 -7.2679 119.951 550.1 -22.6999 46.1438 0.0 248.558 72.3196 299.191 630.635 630.01 5.772
2013 09 22 01 39 05 AM20 -7.2679 119.951 550.1 -22.3028 45.6823 0.0 248.966 72.7515 309.625 643.56 632.50 5.742
2013 09 25 11 29 27 AM02 26.9109 65.5315 15.5 -21.2441 48.3472 0.0 200.87 50.6819 314.74 554.54 540.71 7.524
2013 09 25 11 29 27 AM08 26.9109 65.5315 15.5 -21.3247 46.9385 0.0 202.416 51.2208 306.856 550.721 544.74 7.486
2013 09 25 11 29 27 AM17 26.9109 65.5315 15.5 -22.1667 46.1525 0.0 202.886 52.2696 301.82 553.532 552.57 7.409
2013 09 25 11 29 27 AM18 26.9109 65.5315 15.5 -22.5707 46.4273 0.0 202.4 52.5484 314.216 568.0 554.65 7.389
2013 09 25 11 29 27 AM20 26.9109 65.5315 15.5 -22.3028 45.6823 0.0 203.331 52.5598 314.389 568.259 554.71 7.388
2013 09 25 11 29 27 AM22 26.9109 65.5315 15.5 -22.6438 45.7011 0.0 203.148 52.867 306.836 562.983 556.99 7.365
2013 09 25 11 29 27 AM23 26.9109 65.5315 15.5 -22.9496 46.1397 0.0 202.534 52.997 311.154 568.261 557.97 7.355
2013 09 25 11 29 27 MS02 26.9109 65.5315 15.5 -23.3433 43.8945 0.0 204.711 54.1616 303.935 569.601 566.46 7.271
2013 09 25 11 29 27 MS03 26.9109 65.5315 15.5 -23.2382 44.024 0.0 204.629 54.0177 310.243 574.856 565.42 7.282
2013 09 25 11 29 27 MS12 26.9109 65.5315 15.5 -22.4374 45.915 0.0 203.016 52.6019 306.256 560.438 555.03 7.385
2013 09 25 11 29 27 MS15 26.9109 65.5315 15.5 -22.0855 46.4091 0.0 202.645 52.106 302.671 553.164 551.36 7.419
2013 09 25 11 29 27 MS16 26.9109 65.5315 15.5 -21.9357 46.543 0.0 202.568 51.9215 298.756 547.873 549.98 7.433
2013 09 25 11 29 27 MS18A 26.9109 65.5315 15.5 -21.5975 46.9948 0.0 202.227 51.4546 311.65 557.272 546.50 7.468
2013 09 25 11 29 27 MS19 26.9109 65.5315 15.5 -21.4093 47.1029 0.0 202.194 51.2436 305.642 549.678 544.91 7.484
2013 09 25 11 29 27 MS21 26.9109 65.5315 15.5 -21.2389 47.3825 0.0 201.96 50.9916 303.107 545.245 543.02 7.503
2013 09 25 11 29 27 MS22 26.9109 65.5315 15.5 -21.3382 47.6161 0.0 201.653 51.0064 304.028 546.279 543.14 7.502
2013 09 25 11 29 27 MS24 26.9109 65.5315 15.5 -21.4254 48.0393 0.0 201.138 50.9498 311.027 552.851 542.73 7.506
2013 09 29 07 33 37 AM07 27.1617 65.6192 18.7 -20.7958 47.1777 0.0 202.416 50.9101 311.13 552.147 541.89 7.508
2013 09 29 07 33 37 AM17 27.1617 65.6192 18.7 -22.1667 46.1525 0.0 202.907 52.5302 295.61 548.75 553.99 7.390
2013 09 29 07 33 37 AM19 27.1617 65.6192 18.7 -22.6999 46.1438 0.0 202.667 53.0255 302.222 559.031 557.67 7.353
2013 09 29 07 33 37 AM20 27.1617 65.6192 18.7 -22.3028 45.6823 0.0 203.35 52.8202 297.945 553.236 556.13 7.368
2013 09 29 07 33 37 AM22 27.1617 65.6192 18.7 -22.6438 45.7011 0.0 203.168 53.1274 299.18 556.742 558.41 7.345
2013 09 29 07 33 37 MS03 27.1617 65.6192 18.7 -23.2382 44.024 0.0 204.645 54.2774 312.172 578.173 566.80 7.261
2013 09 29 07 33 37 MS04 27.1617 65.6192 18.7 -23.105 44.2199 0.0 204.507 54.0835 306.755 571.339 565.39 7.276
2013 09 29 07 33 37 MS05 27.1617 65.6192 18.7 -22.9061 44.4639 0.0 204.351 53.812 311.035 573.633 563.41 7.295
2013 09 29 07 33 37 MS10 27.1617 65.6192 18.7 -22.4736 45.5668 0.0 203.392 53.018 310.946 567.7 557.59 7.353
2013 09 29 07 33 37 MS12 27.1617 65.6192 18.7 -22.4374 45.915 0.0 203.036 52.8624 305.87 561.473 556.45 7.365
2013 09 29 07 33 37 MS13 27.1617 65.6192 18.7 -22.3575 46.0879 0.0 202.887 52.7287 302.776 557.388 555.47 7.375
2013 09 29 07 33 37 MS18A 27.1617 65.6192 18.7 -21.5975 46.9948 0.0 202.249 51.7155 300.343 547.411 547.94 7.448
2013 09 29 07 33 37 MS19 27.1617 65.6192 18.7 -21.4093 47.1029 0.0 202.216 51.5044 297.686 543.173 546.36 7.464
2013 09 29 07 33 37 MS23 27.1617 65.6192 18.7 -21.3542 47.778 0.0 201.488 51.2293 312.309 555.729 544.31 7.484
2013 09 29 07 33 37 MS24 27.1617 65.6192 18.7 -21.4254 48.0393 0.0 201.164 51.211 301.232 544.514 544.18 7.485
2013 09 29 07 33 37 MS25A 27.1617 65.6192 18.7 -21.2876 48.1858 0.0 201.06 51.0353 305.468 547.428 542.86 7.498
2013 10 05 17 25 36 AM08 -38.707 78.5007 11.0 -21.3247 46.9385 0.0 293.47 32.1429 301.447 389.597 387.40 8.780
2013 10 05 17 25 36 AM11 -38.707 78.5007 11.0 -21.7431 47.4937 0.0 293.486 31.4793 298.631 380.942 381.56 8.805
2013 10 05 17 25 36 AM13 -38.707 78.5007 11.0 -21.614 46.8444 0.0 292.947 32.0277 299.369 386.504 386.38 8.784
2013 10 05 17 25 36 AM14 -38.707 78.5007 11.0 -22.5242 46.737 0.0 291.486 31.5395 300.429 383.265 382.04 8.803
2013 10 05 17 25 36 AM17 -38.707 78.5007 11.0 -22.1667 46.1525 0.0 291.383 32.1849 302.773 391.285 387.72 8.778
2013 10 05 17 25 36 AM20 -38.707 78.5007 11.0 -22.3028 45.6823 0.0 290.682 32.4449 297.195 387.986 389.98 8.768
2013 10 05 17 25 36 AM22 -38.707 78.5007 11.0 -22.6438 45.7011 0.0 290.198 32.2243 299.757 388.611 388.03 8.777
2013 10 05 17 25 36 MS05 -38.707 78.5007 11.0 -22.9061 44.4639 0.0 288.539 32.9807 302.502 397.977 394.62 8.744
2013 10 05 17 25 36 MS09 -38.707 78.5007 11.0 -22.4826 45.3982 0.0 290.119 32.5441 303.586 395.245 390.84 8.763
2013 10 05 17 25 36 MS10 -38.707 78.5007 11.0 -22.4736 45.5668 0.0 290.309 32.4258 301.976 392.598 389.80 8.768
2013 10 05 17 25 36 MS16 -38.707 78.5007 11.0 -21.9357 46.543 0.0 292.145 32.0441 301.051 388.329 386.50 8.784
2013 10 05 17 25 36 MS21 -38.707 78.5007 11.0 -21.2389 47.3825 0.0 294.094 31.8798 299.786 385.625 385.11 8.790
2013 10 13 13 11 47 AM04 35.5277 23.3718 46.9 -21.1811 47.6382 0.0 153.966 60.9111 298.487 607.641 609.84 6.767
2013 10 13 13 11 47 AM05 35.5277 23.3718 46.9 -21.1729 48.0765 0.0 153.531 61.0617 303.165 613.343 610.85 6.756
2013 10 13 13 11 47 AM06 35.5277 23.3718 46.9 -21.0461 47.2004 0.0 154.34 60.6312 299.431 606.678 607.94 6.788
2013 10 13 13 11 47 AM08 35.5277 23.3718 46.9 -21.3247 46.9385 0.0 154.719 60.7962 300.549 608.921 609.08 6.776
2013 10 13 13 11 47 AM09 35.5277 23.3718 46.9 -21.5598 47.517 0.0 154.249 61.2161 305.992 617.217 611.92 6.745
2013 10 13 13 11 47 AM10 35.5277 23.3718 46.9 -21.5866 47.9659 0.0 153.821 61.4011 302.08 614.559 613.16 6.731
2013 10 13 13 11 47 AM11 35.5277 23.3718 46.9 -21.7431 47.4937 0.0 154.351 61.3766 303.721 616.033 613.00 6.732
2013 10 13 13 11 47 AM12 35.5277 23.3718 46.9 -21.817 47.8793 0.0 154.006 61.5815 306.361 620.059 614.38 6.717
2013 10 13 13 11 47 AM13 35.5277 23.3718 46.9 -21.614 46.8444 0.0 154.935 61.0307 302.346 612.313 610.67 6.758
2013 10 13 13 11 47 AM14 35.5277 23.3718 46.9 -22.5242 46.737 0.0 155.421 61.8358 315.265 630.678 616.12 6.697
2013 10 13 13 11 47 AM15 35.5277 23.3718 46.9 -22.0546 47.0516 0.0 154.917 61.5093 307.573 620.783 613.91 6.722
2013 10 13 13 11 47 AM16 35.5277 23.3718 46.9 -21.7262 46.3964 0.0 155.425 60.9812 299.227 608.857 610.35 6.762
2013 10 13 13 11 47 AM17 35.5277 23.3718 46.9 -22.1667 46.1525 0.0 155.847 61.3076 295.722 607.567 612.57 6.737
2013 10 13 13 11 47 AM19 35.5277 23.3718 46.9 -22.6999 46.1438 0.0 156.073 61.7999 309.025 624.197 615.90 6.700
2013 10 13 13 11 47 AM20 35.5277 23.3718 46.9 -22.3028 45.6823 0.0 156.366 61.2788 306.195 617.845 612.39 6.739
2013 10 13 13 11 47 AM21 35.5277 23.3718 46.9 -22.6137 45.3959 0.0 156.773 61.4757 295.72 608.702 613.73 6.724
2013 10 13 13 11 47 MS02 35.5277 23.3718 46.9 -23.3433 43.8945 0.0 158.532 61.694 307.257 621.713 615.24 6.707
2013 10 13 13 11 47 MS04 35.5277 23.3718 46.9 -23.105 44.2199 0.0 158.122 61.5679 308.03 621.635 614.38 6.717
2013 10 13 13 11 47 MS07 35.5277 23.3718 46.9 -22.8124 44.8289 0.0 157.41 61.4814 299.6 612.62 613.78 6.724
2013 10 13 13 11 47 MS08 35.5277 23.3718 46.9 -22.7548 45.1131 0.0 157.107 61.5171 307.767 621.03 614.02 6.721
2013 10 13 13 11 47 MS10 35.5277 23.3718 46.9 -22.4736 45.5668 0.0 156.549 61.4003 308.021 620.493 613.21 6.730
2013 10 13 13 11 47 MS12 35.5277 23.3718 46.9 -22.4374 45.915 0.0 156.191 61.4804 312.646 625.661 613.75 6.724
2013 10 13 13 11 47 MS13 35.5277 23.3718 46.9 -22.3575 46.0879 0.0 155.989 61.4633 311.664 624.563 613.63 6.725
2013 10 13 13 11 47 MS15 35.5277 23.3718 46.9 -22.0855 46.4091 0.0 155.561 61.3184 314.541 626.459 612.64 6.737
2013 10 13 13 11 47 MS17 35.5277 23.3718 46.9 -21.79 46.926 0.0 154.929 61.2215 304.918 616.18 611.97 6.744
2013 10 13 13 11 47 MS18A 35.5277 23.3718 46.9 -21.5975 46.9948 0.0 154.78 61.0676 299.745 609.963 610.92 6.755
2013 10 13 13 11 47 MS19 35.5277 23.3718 46.9 -21.4093 47.1029 0.0 154.593 60.9316 301.767 611.061 609.99 6.766
2013 10 13 13 11 47 MS21 35.5277 23.3718 46.9 -21.2389 47.3825 0.0 154.243 60.8731 301.428 610.323 609.59 6.770
2013 10 13 13 11 47 MS22 35.5277 23.3718 46.9 -21.3382 47.6161 0.0 154.056 61.0476 299.565 609.647 610.77 6.757
2013 10 13 13 11 47 MS23 35.5277 23.3718 46.9 -21.3542 47.778 0.0 153.904 61.1202 298.744 609.319 611.26 6.752
2013 10 13 13 11 47 MS24 35.5277 23.3718 46.9 -21.4254 48.0393 0.0 153.679 61.2796 312.184 623.84 612.33 6.740
2013 10 13 13 11 47 MS25A 35.5277 23.3718 46.9 -21.2876 48.1858 0.0 153.474 61.2065 295.723 606.884 611.83 6.746
2013 10 16 00 12 33 AM11 9.8331 124.123 23.2 -21.7431 47.4937 0.0 246.173 81.4086 301.181 737.528 735.24 5.292
2013 10 16 00 12 33 AM16 9.8331 124.123 23.2 -21.7262 46.3964 0.0 246.438 82.3948 302.33 743.854 740.41 5.218
2013 10 16 00 12 33 AM17 9.8331 124.123 23.2 -22.1667 46.1525 0.0 246.062 82.7185 303.373 746.576 742.10 5.196
2013 10 16 00 12 33 MS02 9.8331 124.123 23.2 -23.3433 43.8945 0.0 245.397 85.016 307.051 761.952 753.83 5.016
2013 10 16 00 12 33 MS03 9.8331 124.123 23.2 -23.2382 44.024 0.0 245.473 84.8766 311.658 765.862 753.13 5.027
2013 10 16 00 12 33 MS07 9.8331 124.123 23.2 -22.8124 44.8289 0.0 245.719 84.0584 313.088 763.165 748.99 5.091
2013 10 16 00 12 33 MS08 9.8331 124.123 23.2 -22.7548 45.1131 0.0 245.715 83.79 307.46 756.171 747.62 5.113
2013 10 16 00 12 33 MS09 9.8331 124.123 23.2 -22.4826 45.3982 0.0 245.919 83.4712 308.746 755.828 745.99 5.138
2013 10 16 00 12 33 MS10 9.8331 124.123 23.2 -22.4736 45.5668 0.0 245.891 83.3173 304.13 750.423 745.20 5.151
2013 10 16 00 12 33 MS24 9.8331 124.123 23.2 -21.4254 48.0393 0.0 246.357 80.8387 309.484 742.807 732.21 5.338
2013 10 30 10 37 41 AM02 -61.7154 154.829 10.0 -21.2441 48.3472 0.0 245.678 79.0079 299.684 724.454 723.11 5.495
2013 11 01 12 01 49 AM11 23.5436 121.458 14.8 -21.7431 47.4937 0.0 243.782 84.8708 310.139 765.641 754.77 5.024
2013 11 01 12 01 49 AM23 23.5436 121.458 14.8 -22.9496 46.1397 0.0 243.293 86.5365 303.663 767.407 763.04 4.888
2013 11 01 12 01 49 MS07 23.5436 121.458 14.8 -22.8124 44.8289 0.0 243.963 87.5525 304.16 772.823 767.95 4.809
2013 11 01 12 01 49 MS10 23.5436 121.458 14.8 -22.4736 45.5668 0.0 243.957 86.792 300.896 765.886 764.27 4.868
2013 11 01 12 01 49 MS12 23.5436 121.458 14.8 -22.4374 45.915 0.0 243.843 86.4886 311.712 775.224 762.79 4.892
2013 11 01 12 01 49 MS13 23.5436 121.458 14.8 -22.3575 46.0879 0.0 243.84 86.31 314.218 776.855 761.91 4.905
2013 11 01 12 01 49 MS15 23.5436 121.458 14.8 -22.0855 46.4091 0.0 243.945 85.9216 300.322 761.051 760.00 4.937
2013 11 01 12 01 49 MS19 23.5436 121.458 14.8 -21.4093 47.1029 0.0 244.247 85.0394 300.726 757.073 755.60 5.011
2013 11 01 12 01 49 MS23 23.5436 121.458 14.8 -21.3542 47.778 0.0 244.003 84.4565 300.655 754.073 752.67 5.057
2013 11 01 12 01 49 MS24 23.5436 121.458 14.8 -21.4254 48.0393 0.0 243.826 84.2741 297.733 750.229 751.75 5.071
2013 11 04 11 03 26 AM04 4.6415 123.4 556.8 -21.1811 47.6382 0.0 247.402 78.4677 305.835 670.911 663.88 5.332
2013 11 04 11 03 26 AM12 4.6415 123.4 556.8 -21.817 47.8793 0.0 246.727 78.3529 311.953 676.412 663.27 5.340
2013 11 04 11 03 26 AM14 4.6415 123.4 556.8 -22.5242 46.737 0.0 246.201 79.5147 301.254 671.856 669.42 5.250
2013 11 04 11 03 26 AM17 4.6415 123.4 556.8 -22.1667 46.1525 0.0 246.647 79.9909 300.061 673.155 671.91 5.220
2013 11 04 11 03 26 AM18 4.6415 123.4 556.8 -22.5707 46.4273 0.0 246.202 79.8047 308.366 680.486 670.94 5.232
2013 11 04 11 03 26 AM21 4.6415 123.4 556.8 -22.6137 45.3959 0.0 246.313 80.7526 308.289 685.328 675.87 5.167
2013 11 04 11 03 26 MS04 4.6415 123.4 556.8 -23.105 44.2199 0.0 245.991 81.899 300.416 683.312 681.74 5.080
2013 11 04 11 03 26 MS05 4.6415 123.4 556.8 -22.9061 44.4639 0.0 246.155 81.6472 304.045 685.664 680.46 5.099
2013 11 04 11 03 26 MS07 4.6415 123.4 556.8 -22.8124 44.8289 0.0 246.197 81.3003 305.303 685.153 678.68 5.126
2013 11 04 11 03 26 MS09 4.6415 123.4 556.8 -22.4826 45.3982 0.0 246.443 80.7302 302.812 679.738 675.75 5.169
2013 11 04 11 03 26 MS10 4.6415 123.4 556.8 -22.4736 45.5668 0.0 246.428 80.5747 306.142 682.265 674.95 5.180
2013 11 04 11 03 26 MS12 4.6415 123.4 556.8 -22.4374 45.915 0.0 246.412 80.2509 312.348 686.793 673.27 5.202
2013 11 04 11 03 26 MS15 4.6415 123.4 556.8 -22.0855 46.4091 0.0 246.689 79.7432 304.631 676.432 670.62 5.236
2013 11 04 11 03 26 MS18A 4.6415 123.4 556.8 -21.5975 46.9948 0.0 247.087 79.1275 311.78 680.351 667.38 5.281
2013 11 04 11 03 26 MS19 4.6415 123.4 556.8 -21.4093 47.1029 0.0 247.258 78.9975 305.956 673.841 666.69 5.291
2013 11 04 11 03 26 MS21 4.6415 123.4 556.8 -21.2389 47.3825 0.0 247.385 78.7125 304.526 670.902 665.18 5.313
2013 11 04 11 03 26 MS22 4.6415 123.4 556.8 -21.3382 47.6161 0.0 247.249 78.5141 307.708 673.03 664.13 5.329
2013 11 04 11 03 26 MS23 4.6415 123.4 556.8 -21.3542 47.778 0.0 247.207 78.3679 300.552 665.094 663.35 5.339
2013 11 04 11 03 26 MS24 4.6415 123.4 556.8 -21.4254 48.0393 0.0 247.093 78.1399 311.142 674.465 662.13 5.356
2013 11 14 23 45 34 MS10 -60.3091 -47.2872 10.0 -22.4736 45.5668 0.0 103.931 72.1398 307.517 692.944 683.79 5.998
2013 11 14 23 45 34 MS22 -60.3091 -47.2872 10.0 -21.3382 47.6161 0.0 105.018 74.0933 311.628 708.624 695.38 5.855
2013 11 17 03 34 16 AM05 -60.3079 -47.199 24.0 -21.1729 48.0765 0.0 105.24 74.4136 293.882 690.526 695.03 5.828
2013 11 17 03 34 16 AM13 -60.3079 -47.199 24.0 -21.614 46.8444 0.0 104.452 73.4447 293.646 684.616 689.35 5.899
2013 11 17 03 34 16 AM14 -60.3079 -47.199 24.0 -22.5242 46.737 0.0 104.855 72.6188 296.559 682.628 684.42 5.960
2013 11 17 03 34 16 AM15 -60.3079 -47.199 24.0 -22.0546 47.0516 0.0 104.861 73.1696 297.193 686.533 687.71 5.920
2013 11 17 03 34 16 AM16A -60.3079 -47.199 24.0 -21.7191 46.3788 0.0 104.122 73.1306 311.533 700.649 687.50 5.923
2013 11 17 03 34 16 AM17 -60.3079 -47.199 24.0 -22.1667 46.1525 0.0 104.177 72.641 304.691 690.898 684.58 5.958
2013 11 17 03 34 16 AM18 -60.3079 -47.199 24.0 -22.5707 46.4273 0.0 104.624 72.4303 297.98 682.925 683.30 5.973
2013 11 17 03 34 16 AM19 -60.3079 -47.199 24.0 -22.6999 46.1438 0.0 104.46 72.1839 305.227 688.7 681.83 5.992
2013 11 17 03 34 16 AM20 -60.3079 -47.199 24.0 -22.3028 45.6823 0.0 103.861 72.2982 297.495 681.657 682.53 5.983
2013 11 17 03 34 16 AM21 -60.3079 -47.199 24.0 -22.6137 45.3959 0.0 103.793 71.896 294.879 676.629 680.11 6.013
2013 11 17 03 34 16 AM23 -60.3079 -47.199 24.0 -22.9496 46.1397 0.0 104.593 71.97 299.845 682.034 680.54 6.008
2013 11 17 03 34 16 MS06A -60.3079 -47.199 24.0 -22.8271 44.7327 0.0 103.361 71.3941 305.739 684.466 677.09 6.050
2013 11 17 03 34 16 MS07 -60.3079 -47.199 24.0 -22.8124 44.8289 0.0 103.433 71.4532 298.001 677.085 677.45 6.046
2013 11 17 03 34 16 MS09 -60.3079 -47.199 24.0 -22.4826 45.3982 0.0 103.724 72.0082 298.177 680.602 680.79 6.005
2013 11 17 03 34 16 MS10 -60.3079 -47.199 24.0 -22.4736 45.5668 0.0 103.858 72.0975 302.638 685.598 681.33 5.998
2013 11 17 03 34 16 MS11 -60.3079 -47.199 24.0 -22.5197 45.7215 0.0 104.012 72.1331 295.658 678.83 681.53 5.996
2013 11 17 03 34 16 MS14 -60.3079 -47.199 24.0 -22.2995 46.2516 0.0 104.331 72.5759 300.837 686.655 684.18 5.963
2013 11 17 03 34 16 MS17 -60.3079 -47.199 24.0 -21.79 46.926 0.0 104.615 73.3342 313.197 703.513 688.69 5.907
2013 11 17 03 34 16 MS18A -60.3079 -47.199 24.0 -21.5975 46.9948 0.0 104.568 73.5312 294.727 686.205 689.86 5.893
2013 11 17 03 34 16 MS19 -60.3079 -47.199 24.0 -21.4093 47.1029 0.0 104.557 73.7436 303.178 695.906 691.11 5.877
2013 11 17 03 34 16 MS21 -60.3079 -47.199 24.0 -21.2389 47.3825 0.0 104.698 74.0234 311.603 705.973 692.75 5.857
2013 11 17 03 34 16 MS23 -60.3079 -47.199 24.0 -21.3542 47.778 0.0 105.088 74.1154 309.996 704.9 693.28 5.850
2013 11 18 09 04 47 AM04 -60.3783 -46.5876 7.9 -21.1811 47.6382 0.0 104.352 73.8837 312.328 708.445 694.51 5.870
2013 11 18 09 04 47 AM06 -60.3783 -46.5876 7.9 -21.0461 47.2004 0.0 103.915 73.7879 310.852 706.41 693.95 5.877
2013 11 18 09 04 47 AM07 -60.3783 -46.5876 7.9 -20.7958 47.1777 0.0 103.762 73.9903 300.275 697.022 695.15 5.863
2013 11 18 09 04 47 AM10 -60.3783 -46.5876 7.9 -21.5866 47.9659 0.0 104.841 73.6956 310.918 705.925 693.38 5.885
2013 11 18 09 04 47 AM11 -60.3783 -46.5876 7.9 -21.7431 47.4937 0.0 104.533 73.3353 309.238 702.123 691.26 5.911
2013 11 18 09 04 47 AM12 -60.3783 -46.5876 7.9 -21.817 47.8793 0.0 104.892 73.4577 300.031 693.635 691.97 5.902
2013 11 18 09 04 47 AM13 -60.3783 -46.5876 7.9 -21.614 46.8444 0.0 103.924 73.1326 307.56 699.251 690.07 5.926
2013 11 18 09 04 47 AM15 -60.3783 -46.5876 7.9 -22.0546 47.0516 0.0 104.333 72.8575 306.23 696.284 688.42 5.947
2013 11 18 09 04 47 AM16A -60.3783 -46.5876 7.9 -21.7191 46.3788 0.0 103.593 72.8185 305.803 695.631 688.21 5.949
2013 11 18 09 04 47 AM18 -60.3783 -46.5876 7.9 -22.5707 46.4273 0.0 104.096 72.1182 309.144 694.784 684.00 6.001
2013 11 18 09 04 47 AM19 -60.3783 -46.5876 7.9 -22.6999 46.1438 0.0 103.931 71.8718 301.621 685.781 682.52 6.019
2013 11 18 09 04 47 AM20 -60.3783 -46.5876 7.9 -22.3028 45.6823 0.0 103.331 71.986 300.134 684.987 683.23 6.010
2013 11 18 09 04 47 AM21 -60.3783 -46.5876 7.9 -22.6137 45.3959 0.0 103.264 71.5838 298.938 681.368 680.80 6.040
2013 11 18 09 04 47 AM22 -60.3783 -46.5876 7.9 -22.6438 45.7011 0.0 103.534 71.7058 300.359 683.522 681.53 6.031
2013 11 18 09 04 47 MS03 -60.3783 -46.5876 7.9 -23.2382 44.024 0.0 102.471 70.3905 309.062 684.238 673.54 6.127
2013 11 18 09 04 47 MS06A -60.3783 -46.5876 7.9 -22.8271 44.7327 0.0 102.831 71.082 301.821 681.213 677.76 6.075
2013 11 18 09 04 47 MS09 -60.3783 -46.5876 7.9 -22.4826 45.3982 0.0 103.194 71.6961 307.838 690.946 681.48 6.032
2013 11 18 09 04 47 MS14 -60.3783 -46.5876 7.9 -22.2995 46.2516 0.0 103.802 72.2638 301.815 688.33 684.88 5.989
2013 11 18 09 04 47 MS17 -60.3783 -46.5876 7.9 -21.79 46.926 0.0 104.086 73.0222 300.288 691.322 689.41 5.934
2013 11 18 09 04 47 MS19 -60.3783 -46.5876 7.9 -21.4093 47.1029 0.0 104.028 73.4315 300.983 694.441 691.84 5.904
2013 11 18 09 04 47 MS20 -60.3783 -46.5876 7.9 -21.3316 47.2715 0.0 104.127 73.5789 301.463 695.788 692.71 5.893
2013 11 18 09 04 47 MS21 -60.3783 -46.5876 7.9 -21.2389 47.3825 0.0 104.17 73.7113 310.413 705.518 693.50 5.883
2013 11 18 09 04 47 MS22 -60.3783 -46.5876 7.9 -21.3382 47.6161 0.0 104.417 73.7392 304.548 699.815 693.65 5.881
2013 11 18 09 04 47 MS23 -60.3783 -46.5876 7.9 -21.3542 47.778 0.0 104.561 73.8034 308.168 703.811 694.03 5.876
2013 11 18 09 04 47 MS24 -60.3783 -46.5876 7.9 -21.4254 48.0393 0.0 104.816 73.8683 301.805 697.828 694.40 5.872
2013 11 20 13 32 17 AM07 2.7153 128.447 56.1 -20.7958 47.1777 0.0 248.771 82.805 308.543 748.022 738.19 5.184
2013 11 20 13 32 17 AM12 2.7153 128.447 56.1 -21.817 47.8793 0.0 247.684 82.2575 299.009 735.639 735.35 5.223
2013 11 20 13 32 17 AM13 2.7153 128.447 56.1 -21.614 46.8444 0.0 247.985 83.1943 309.977 751.457 740.20 5.155
2013 11 20 13 32 17 AM14 2.7153 128.447 56.1 -22.5242 46.737 0.0 247.087 83.3826 302.684 745.124 741.18 5.139
2013 11 20 13 32 17 AM15 2.7153 128.447 56.1 -22.0546 47.0516 0.0 247.526 83.0462 296.257 736.972 739.44 5.166
2013 11 20 13 32 17 AM16A 2.7153 128.447 56.1 -21.7191 46.3788 0.0 247.922 83.6354 312.325 756.064 742.47 5.119
2013 11 20 13 32 17 AM19 2.7153 128.447 56.1 -22.6999 46.1438 0.0 246.966 83.9452 300.921 746.229 744.05 5.094
2013 11 20 13 32 17 AM20 2.7153 128.447 56.1 -22.3028 45.6823 0.0 247.401 84.3332 304.38 751.657 746.02 5.064
2013 11 20 13 32 17 MS01 2.7153 128.447 56.1 -23.4139 43.7546 0.0 246.449 86.1995 309.46 766.011 755.33 4.913
2013 11 20 13 32 17 MS02 2.7153 128.447 56.1 -23.3433 43.8945 0.0 246.509 86.0658 306.885 762.781 754.67 4.924
2013 11 20 13 32 17 MS05 2.7153 128.447 56.1 -22.9061 44.4639 0.0 246.9 85.5075 299.511 752.657 751.91 4.970
2013 11 20 13 32 17 MS06A 2.7153 128.447 56.1 -22.8271 44.7327 0.0 246.958 85.2537 298.546 750.432 750.65 4.992
2013 11 20 13 32 17 MS14 2.7153 128.447 56.1 -22.2995 46.2516 0.0 247.355 83.808 299.577 744.191 743.35 5.105
2013 11 20 13 32 17 MS20 2.7153 128.447 56.1 -21.3316 47.2715 0.0 248.227 82.7707 313.032 752.331 738.01 5.187
2013 11 26 06 27 26 AM01 -53.9716 -54.9648 10.0 -21.0772 48.2392 0.0 112.861 80.6512 306.19 739.946 732.07 5.373
2013 11 26 06 27 26 AM07 -53.9716 -54.9648 10.0 -20.7958 47.1777 0.0 111.878 80.2986 294.046 725.917 730.19 5.400
2013 11 26 06 27 26 AM11 -53.9716 -54.9648 10.0 -21.7431 47.4937 0.0 112.682 79.7075 294.748 723.415 726.96 5.444
2013 11 26 06 27 26 AM13 -53.9716 -54.9648 10.0 -21.614 46.8444 0.0 112.108 79.4569 291.299 718.609 725.60 5.463
2013 11 26 06 27 26 AM16A -53.9716 -54.9648 10.0 -21.7191 46.3788 0.0 111.815 79.1173 284.878 710.336 723.75 5.487
2013 11 26 06 27 26 MS01 -53.9716 -54.9648 10.0 -23.4139 43.7546 0.0 110.848 76.318 294.759 704.604 708.08 5.688
2013 11 26 06 27 26 MS11 -53.9716 -54.9648 10.0 -22.5197 45.7215 0.0 111.794 78.1143 306.275 726.204 718.19 5.561
2013 12 02 01 23 50 AM01 -7.0288 128.415 25.9 -21.0772 48.2392 0.0 249.968 78.3679 313.14 732.59 717.94 5.526
2013 12 02 01 23 50 AM05 -7.0288 128.415 25.9 -21.1729 48.0765 0.0 249.863 78.5144 306.799 727.056 718.75 5.515
2013 12 02 01 23 50 AM06 -7.0288 128.415 25.9 -21.0461 47.2004 0.0 249.943 79.3384 313.088 737.859 723.27 5.457
2013 12 02 01 23 50 AM07 -7.0288 128.415 25.9 -20.7958 47.1777 0.0 250.195 79.3748 308.789 733.76 723.47 5.454
2013 12 02 01 23 50 AM10 -7.0288 128.415 25.9 -21.5866 47.9659 0.0 249.438 78.595 301.968 722.665 719.19 5.509
2013 12 02 01 23 50 AM12 -7.0288 128.415 25.9 -21.817 47.8793 0.0 249.2 78.6631 301.97 723.039 719.57 5.505
2013 12 02 01 23 50 AM14 -7.0288 128.415 25.9 -22.5242 46.737 0.0 248.424 79.6807 308.422 735.039 725.13 5.432
2013 12 02 01 23 50 AM15 -7.0288 128.415 25.9 -22.0546 47.0516 0.0 248.916 79.4172 309.244 734.434 723.69 5.451
2013 12 02 01 23 50 AM17 -7.0288 128.415 25.9 -22.1667 46.1525 0.0 248.751 80.2425 297.749 727.402 728.16 5.390
2013 12 02 01 23 50 AM18 -7.0288 128.415 25.9 -22.5707 46.4273 0.0 248.36 79.9638 297.889 726.037 726.66 5.411
2013 12 02 01 23 50 AM20 -7.0288 128.415 25.9 -22.3028 45.6823 0.0 248.585 80.6686 298.254 730.19 730.45 5.357
2013 12 02 01 23 50 AM22 -7.0288 128.415 25.9 -22.6438 45.7011 0.0 248.243 80.629 299.697 731.418 730.24 5.360
2013 12 02 01 23 50 AM23 -7.0288 128.415 25.9 -22.9496 46.1397 0.0 247.961 80.2058 298.776 728.224 727.96 5.392
2013 12 02 01 23 50 MS02 -7.0288 128.415 25.9 -23.3433 43.8945 0.0 247.423 82.2409 299.16 739.391 738.76 5.234
2013 12 02 01 23 50 MS05 -7.0288 128.415 25.9 -22.9061 44.4639 0.0 247.9 81.7503 306.657 744.321 736.19 5.270
2013 12 02 01 23 50 MS06A -7.0288 128.415 25.9 -22.8271 44.7327 0.0 247.998 81.5085 302.008 738.4 734.92 5.290
2013 12 02 01 23 50 MS08 -7.0288 128.415 25.9 -22.7548 45.1131 0.0 248.095 81.1633 300.104 734.67 733.09 5.318
2013 12 02 01 23 50 MS09 -7.0288 128.415 25.9 -22.4826 45.3982 0.0 248.387 80.919 298.479 731.749 731.79 5.338
2013 12 02 01 23 50 MS10 -7.0288 128.415 25.9 -22.4736 45.5668 0.0 248.406 80.764 308.981 741.424 730.96 5.349
2013 12 02 01 23 50 MS11 -7.0288 128.415 25.9 -22.5197 45.7215 0.0 248.369 80.6182 299.696 731.36 730.18 5.361
2013 12 02 01 23 50 MS20 -7.0288 128.415 25.9 -21.3316 47.2715 0.0 249.659 79.2552 310.625 734.94 722.81 5.463
2013 12 02 01 23 50 MS21 -7.0288 128.415 25.9 -21.2389 47.3825 0.0 249.759 79.1573 304.654 728.436 722.28 5.470
2013 12 02 01 23 50 MS23 -7.0288 128.415 25.9 -21.3542 47.778 0.0 249.663 78.7824 296.747 718.476 720.23 5.497
2013 12 02 06 29 31 AM07 2.0171 96.8488 21.6 -20.7958 47.1777 0.0 242.336 53.6433 310.605 571.561 560.13 7.322
2013 12 02 06 29 31 MS23 2.0171 96.8488 21.6 -21.3542 47.778 0.0 241.453 53.2975 301.227 559.636 557.61 7.348
2014 01 26 05 13 47 AM01 -8.0446 109.223 87.8 -21.0772 48.2392 0.0 250.383 60.1118 301.065 600.368 597.99 6.833
2014 01 26 05 13 47 AM11 -8.0446 109.223 87.8 -21.7431 47.4937 0.0 249.662 60.8382 294.58 598.831 602.93 6.779
2014 01 26 05 13 47 AM15 -8.0446 109.223 87.8 -22.0546 47.0516 0.0 249.331 61.2637 299.696 606.829 605.81 6.747
2014 01 26 05 13 47 AM16A -8.0446 109.223 87.8 -21.7191 46.3788 0.0 249.743 61.8725 301.043 612.282 609.90 6.702
2014 01 26 05 13 47 AM17 -8.0446 109.223 87.8 -22.1667 46.1525 0.0 249.249 62.1017 300.963 613.736 611.43 6.684
2014 01 26 05 13 47 AM18 -8.0446 109.223 87.8 -22.5707 46.4273 0.0 248.781 61.8667 295.09 606.283 609.86 6.702
2014 01 26 05 13 47 MS01 -8.0446 109.223 87.8 -23.4139 43.7546 0.0 247.964 64.3644 300.002 627.742 626.37 6.527
2014 01 26 05 13 47 MS02 -8.0446 109.223 87.8 -23.3433 43.8945 0.0 248.036 64.2333 311.409 638.292 625.51 6.537
2014 01 26 05 13 47 MS24 -8.0446 109.223 87.8 -21.4254 48.0393 0.0 249.995 60.3152 307.202 607.893 599.38 6.818
2014 01 27 13 55 39 AM01 38.191 20.507 13.8 -21.0772 48.2392 0.0 151.206 64.4551 305.044 642.274 637.80 6.524
2014 01 27 13 55 39 AM04 38.191 20.507 13.8 -21.1811 47.6382 0.0 151.821 64.3238 302.29 638.659 636.95 6.533
2014 01 27 13 55 39 AM05 38.191 20.507 13.8 -21.1729 48.0765 0.0 151.402 64.4805 302.288 639.685 637.97 6.522
2014 01 27 13 55 39 AM06 38.191 20.507 13.8 -21.0461 47.2004 0.0 152.179 64.0386 302.073 636.567 635.09 6.553
2014 01 27 13 55 39 AM07 38.191 20.507 13.8 -20.7958 47.1777 0.0 152.092 63.8012 300.376 633.305 633.52 6.570
2014 01 27 13 55 39 AM09 38.191 20.507 13.8 -21.5598 47.517 0.0 152.102 64.6247 305.099 643.44 638.93 6.511
2014 01 27 13 55 39 AM11 38.191 20.507 13.8 -21.7431 47.4937 0.0 152.204 64.7837 307.42 646.8 639.97 6.499
2014 01 27 13 55 39 AM13 38.191 20.507 13.8 -21.614 46.8444 0.0 152.764 64.4291 308.553 645.613 637.67 6.525
2014 01 27 13 55 39 AM14 38.191 20.507 13.8 -22.5242 46.737 0.0 153.251 65.2265 302.28 644.545 642.88 6.465
2014 01 27 13 55 39 AM18 38.191 20.507 13.8 -22.5707 46.4273 0.0 153.562 65.16 309.354 651.186 642.45 6.470
2014 01 27 13 55 39 AM19 38.191 20.507 13.8 -22.6999 46.1438 0.0 153.883 65.1801 309.478 651.442 642.59 6.469
2014 01 27 13 55 39 AM22 38.191 20.507 13.8 -22.6438 45.7011 0.0 154.278 64.9758 308.588 649.221 641.27 6.484
2014 01 27 13 55 39 AM23 38.191 20.507 13.8 -22.9496 46.1397 0.0 153.989 65.4091 301.698 645.149 644.08 6.452
2014 01 27 13 55 39 MS01 38.191 20.507 13.8 -23.4139 43.7546 0.0 156.428 65.0524 309.583 650.715 641.82 6.478
2014 01 27 13 55 39 MS02 38.191 20.507 13.8 -23.3433 43.8945 0.0 156.268 65.0307 308.127 649.118 641.68 6.479
2014 01 27 13 55 39 MS05 38.191 20.507 13.8 -22.9061 44.4639 0.0 155.558 64.8059 309.217 648.742 640.20 6.497
2014 01 27 13 55 39 MS11 38.191 20.507 13.8 -22.5197 45.7215 0.0 154.208 64.8681 299.504 639.435 640.57 6.492
2014 01 27 13 55 39 MS12 38.191 20.507 13.8 -22.4374 45.915 0.0 153.991 64.8587 306.32 646.189 640.50 6.493
2014 01 27 13 55 39 MS17 38.191 20.507 13.8 -21.79 46.926 0.0 152.761 64.6199 302.287 640.596 638.92 6.511
2014 01 27 13 55 39 MS18A 38.191 20.507 13.8 -21.5975 46.9948 0.0 152.614 64.4683 302.289 639.605 637.92 6.522
2014 01 27 13 55 39 MS19 38.191 20.507 13.8 -21.4093 47.1029 0.0 152.43 64.3352 309.464 645.907 637.04 6.532
2014 01 27 13 55 39 MS20 38.191 20.507 13.8 -21.3316 47.2715 0.0 152.236 64.3258 301.97 638.352 636.98 6.533
2014 01 27 13 55 39 MS22 38.191 20.507 13.8 -21.3382 47.6161 0.0 151.911 64.459 304.641 641.896 637.84 6.523
2014 01 27 13 55 39 MS23 38.191 20.507 13.8 -21.3542 47.778 0.0 151.765 64.5338 310.093 647.839 638.33 6.518
2014 02 02 03 58 43 AM05 -56.9339 -27.3456 142.9 -21.1729 48.0765 0.0 90.0235 64.5901 310.394 633.081 621.26 6.497
2014 02 02 03 58 43 AM16A -56.9339 -27.3456 142.9 -21.7191 46.3788 0.0 88.9557 63.22 311.793 625.506 612.30 6.595
2014 02 02 03 58 43 AM19 -56.9339 -27.3456 142.9 -22.6999 46.1438 0.0 89.4075 62.3042 301.286 608.916 606.20 6.654
2014 02 02 03 58 43 AM20 -56.9339 -27.3456 142.9 -22.3028 45.6823 0.0 88.7549 62.3695 303.18 611.25 606.65 6.651
2014 02 02 03 58 43 MS06A -56.9339 -27.3456 142.9 -22.8271 44.7327 0.0 88.3043 61.4289 301.811 603.583 600.36 6.720
2014 02 02 03 58 43 MS07 -56.9339 -27.3456 142.9 -22.8124 44.8289 0.0 88.3757 61.4934 299.557 601.763 600.79 6.715
2014 02 02 03 58 43 MS10 -56.9339 -27.3456 142.9 -22.4736 45.5668 0.0 88.7713 62.1693 302.424 609.159 605.32 6.664
2014 02 02 03 58 43 MS11 -56.9339 -27.3456 142.9 -22.5197 45.7215 0.0 88.9324 62.2171 305.225 612.277 605.63 6.661
2014 02 02 03 58 43 MS12 -56.9339 -27.3456 142.9 -22.4374 45.915 0.0 89.0404 62.3892 297.841 606.041 606.77 6.650
2014 02 02 03 58 43 MS18A -56.9339 -27.3456 142.9 -21.5975 46.9948 0.0 89.3936 63.6554 301.181 617.759 615.15 6.564
2014 02 02 03 58 43 MS19 -56.9339 -27.3456 142.9 -21.4093 47.1029 0.0 89.3614 63.8661 303.917 621.879 616.54 6.549
2014 02 02 03 58 43 MS24 -56.9339 -27.3456 142.9 -21.4254 48.0393 0.0 90.1561 64.3664 298.895 620.124 619.79 6.514
2014 02 04 03 08 45 AM01 38.2552 20.4368 14.5 -21.0772 48.2392 0.0 151.154 64.5379 299.208 636.867 638.22 6.518
2014 02 04 03 08 45 AM05 38.2552 20.4368 14.5 -21.1729 48.0765 0.0 151.351 64.5633 300.608 638.433 638.40 6.516
2014 02 04 03 08 45 AM07 38.2552 20.4368 14.5 -20.7958 47.1777 0.0 152.039 63.8837 307.667 641.026 633.95 6.564
2014 02 04 03 08 45 AM10 38.2552 20.4368 14.5 -21.5866 47.9659 0.0 151.638 64.8985 299.264 639.28 640.59 6.491
2014 02 04 03 08 45 AM14 38.2552 20.4368 14.5 -22.5242 46.737 0.0 153.198 65.3086 292.6 635.284 643.30 6.459
2014 02 04 03 08 45 AM15 38.2552 20.4368 14.5 -22.0546 47.0516 0.0 152.703 64.9901 300.603 641.216 641.22 6.483
2014 02 04 03 08 45 AM17 38.2552 20.4368 14.5 -22.1667 46.1525 0.0 153.601 64.7735 292.606 631.805 639.83 6.499
2014 02 04 03 08 45 AM18 38.2552 20.4368 14.5 -22.5707 46.4273 0.0 153.509 65.242 307.957 650.208 642.87 6.464
2014 02 04 03 08 45 AM21 38.2552 20.4368 14.5 -22.6137 45.3959 0.0 154.502 64.9258 307.914 648.107 640.84 6.488
2014 02 04 03 08 45 MS03 38.2552 20.4368 14.5 -23.2382 44.024 0.0 156.05 65.0547 292.603 633.636 641.71 6.478
2014 02 04 03 08 45 MS06A 38.2552 20.4368 14.5 -22.8271 44.7327 0.0 155.217 64.902 294.105 634.142 640.70 6.489
2014 02 04 03 08 45 MS07 38.2552 20.4368 14.5 -22.8124 44.8289 0.0 155.12 64.9201 296.244 636.4 640.82 6.488
2014 02 04 03 08 45 MS09 38.2552 20.4368 14.5 -22.4826 45.3982 0.0 154.447 64.8052 300.425 639.832 640.05 6.497
2014 02 04 03 08 45 MS10 38.2552 20.4368 14.5 -22.4736 45.5668 0.0 154.283 64.8543 298.625 638.352 640.37 6.493
2014 02 04 03 08 45 MS11 38.2552 20.4368 14.5 -22.5197 45.7215 0.0 154.155 64.9499 299.404 639.754 640.99 6.486
2014 02 04 03 08 45 MS12 38.2552 20.4368 14.5 -22.4374 45.915 0.0 153.938 64.9406 311.19 651.48 640.92 6.487
2014 02 04 03 08 45 MS18A 38.2552 20.4368 14.5 -21.5975 46.9948 0.0 152.561 64.5507 309.163 646.905 638.34 6.516
2014 02 04 03 08 45 MS19 38.2552 20.4368 14.5 -21.4093 47.1029 0.0 152.377 64.4176 313.095 649.965 637.47 6.526
2014 02 04 03 08 45 MS20 38.2552 20.4368 14.5 -21.3316 47.2715 0.0 152.183 64.4083 308.42 645.229 637.40 6.527
2014 02 04 03 08 45 MS23 38.2552 20.4368 14.5 -21.3542 47.778 0.0 151.713 64.6165 314.384 652.557 638.75 6.512
2014 02 04 03 08 45 MS24 38.2552 20.4368 14.5 -21.4254 48.0393 0.0 151.498 64.7791 300.605 639.842 639.81 6.500
2014 02 13 09 19 36 AM05 35.8767 82.5807 4.1 -21.1729 48.0765 0.0 215.53 65.4723 301.315 646.764 645.83 6.452
2014 02 13 09 19 36 AM07 35.8767 82.5807 4.1 -20.7958 47.1777 0.0 216.534 65.5793 288.401 634.543 646.50 6.445
2014 02 13 09 19 36 AM20 35.8767 82.5807 4.1 -22.3028 45.6823 0.0 216.975 67.5851 294.079 653.062 659.31 6.299
2014 02 13 09 19 36 AM22 35.8767 82.5807 4.1 -22.6438 45.7011 0.0 216.765 67.8643 295.096 655.843 661.07 6.279
2014 02 13 09 19 36 AM23 35.8767 82.5807 4.1 -22.9496 46.1397 0.0 216.221 67.9118 310.084 671.13 661.39 6.275
2014 02 13 09 19 36 MS01 35.8767 82.5807 4.1 -23.4139 43.7546 0.0 217.952 69.4712 308.427 679.215 671.07 6.163
2014 02 13 09 19 36 MS03 35.8767 82.5807 4.1 -23.2382 44.024 0.0 217.831 69.19 298.648 667.693 669.33 6.184
2014 02 13 09 19 36 MS05 35.8767 82.5807 4.1 -22.9061 44.4639 0.0 217.657 68.693 306.744 672.693 666.24 6.220
2014 02 13 09 19 36 MS06A 35.8767 82.5807 4.1 -22.8271 44.7327 0.0 217.477 68.4936 310.339 675.041 665.00 6.234
2014 02 13 09 19 36 MS07 35.8767 82.5807 4.1 -22.8124 44.8289 0.0 217.405 68.4337 302.95 667.277 664.63 6.239
2014 02 13 09 19 36 MS08 35.8767 82.5807 4.1 -22.7548 45.1131 0.0 217.199 68.2454 299.83 662.975 663.46 6.251
2014 02 13 09 19 36 MS10 35.8767 82.5807 4.1 -22.4736 45.5668 0.0 216.976 67.7858 304.494 664.746 660.57 6.285
2014 02 13 09 19 36 MS11 35.8767 82.5807 4.1 -22.5197 45.7215 0.0 216.818 67.7494 306.941 666.962 660.35 6.288
2014 02 13 09 19 36 MS12 35.8767 82.5807 4.1 -22.4374 45.915 0.0 216.7 67.5856 308.177 667.163 659.32 6.299
2014 02 13 09 19 36 MS17 35.8767 82.5807 4.1 -21.79 46.926 0.0 216.195 66.5477 287.43 639.808 652.73 6.373
2014 02 13 09 19 36 MS18A 35.8767 82.5807 4.1 -21.5975 46.9948 0.0 216.243 66.3506 304.231 655.346 651.47 6.388
2014 02 13 09 19 36 MS19 35.8767 82.5807 4.1 -21.4093 47.1029 0.0 216.254 66.1382 309.563 659.313 650.11 6.404
2014 02 13 09 19 36 MS20 35.8767 82.5807 4.1 -21.3316 47.2715 0.0 216.15 65.9911 292.536 641.339 649.16 6.415
2014 02 13 09 19 36 MS22 35.8767 82.5807 4.1 -21.3382 47.6161 0.0 215.844 65.8322 308.9 656.678 648.15 6.426
2014 02 13 09 19 36 MS23 35.8767 82.5807 4.1 -21.3542 47.778 0.0 215.693 65.7691 287.199 634.569 647.75 6.431
2014 02 13 09 19 36 MS24 35.8767 82.5807 4.1 -21.4254 48.0393 0.0 215.423 65.7067 308.911 655.877 647.35 6.436
2014 03 12 02 43 31 AM04 -60.8439 -20.1181 10.0 -21.1811 47.6382 0.0 81.3037 60.9093 295.919 609.523 612.34 6.806
2014 03 12 02 43 31 AM07 -60.8439 -20.1181 10.0 -20.7958 47.1777 0.0 80.6556 61.0147 310.88 625.206 613.08 6.798
2014 03 12 02 43 31 AM09 -60.8439 -20.1181 10.0 -21.5598 47.517 0.0 81.4175 60.5287 313.403 624.404 609.73 6.835
2014 03 12 02 43 31 AM12 -60.8439 -20.1181 10.0 -21.817 47.8793 0.0 81.9011 60.4857 292.806 603.51 609.42 6.839
2014 03 12 02 43 31 AM13 -60.8439 -20.1181 10.0 -21.614 46.8444 0.0 80.8344 60.1571 310.612 619.068 607.20 6.862
2014 03 12 02 43 31 AM16A -60.8439 -20.1181 10.0 -21.7191 46.3788 0.0 80.4698 59.8428 293.755 600.049 605.04 6.884
2014 03 12 02 43 31 AM17 -60.8439 -20.1181 10.0 -22.1667 46.1525 0.0 80.5304 59.3531 307.65 610.557 601.65 6.920
2014 03 12 02 43 31 AM18 -60.8439 -20.1181 10.0 -22.5707 46.4273 0.0 81.0271 59.1431 293.593 595.038 600.17 6.935
2014 03 12 02 43 31 AM19 -60.8439 -20.1181 10.0 -22.6999 46.1438 0.0 80.8452 58.8964 295.597 595.327 598.46 6.952
2014 03 12 02 43 31 AM20 -60.8439 -20.1181 10.0 -22.3028 45.6823 0.0 80.1796 59.0105 299.81 600.339 599.27 6.944
2014 03 12 02 43 31 AM22 -60.8439 -20.1181 10.0 -22.6438 45.7011 0.0 80.4037 58.7301 298.698 597.271 597.31 6.962
2014 03 12 02 43 31 MS02 -60.8439 -20.1181 10.0 -23.3433 43.8945 0.0 79.1599 57.2659 307.071 595.356 587.05 7.070
2014 03 12 02 43 31 MS03 -60.8439 -20.1181 10.0 -23.2382 44.024 0.0 79.2154 57.4175 306.669 596.026 588.12 7.059
2014 03 12 02 43 31 MS05 -60.8439 -20.1181 10.0 -22.9061 44.4639 0.0 79.4198 57.911 297.712 590.551 591.60 7.022
2014 03 12 02 43 31 MS06A -60.8439 -20.1181 10.0 -22.8271 44.7327 0.0 79.6208 58.1075 299.368 593.587 592.97 7.006
2014 03 12 02 43 31 MS07 -60.8439 -20.1181 10.0 -22.8124 44.8289 0.0 79.7009 58.1663 313.638 608.269 593.38 7.002
2014 03 12 02 43 31 MS18A -60.8439 -20.1181 10.0 -21.5975 46.9948 0.0 80.9623 60.2438 300.511 609.562 607.79 6.856
2014 03 12 02 43 31 MS19 -60.8439 -20.1181 10.0 -21.4093 47.1029 0.0 80.9494 60.4562 300.946 611.454 609.25 6.840
2014 03 12 02 43 31 MS20 -60.8439 -20.1181 10.0 -21.3316 47.2715 0.0 81.0576 60.6038 299.684 611.202 610.26 6.829
2014 03 12 02 43 31 MS22 -60.8439 -20.1181 10.0 -21.3382 47.6161 0.0 81.3764 60.765 294.883 607.501 611.35 6.817
2014 03 12 02 43 31 MS23 -60.8439 -20.1181 10.0 -21.3542 47.778 0.0 81.5337 60.8298 301.563 614.622 611.79 6.813
2014 03 12 02 43 31 MS24 -60.8439 -20.1181 10.0 -21.4254 48.0393 0.0 81.814 60.8959 313.183 626.692 612.23 6.808
2014 03 22 13 40 41 AM05 7.6804 94.2252 19.3 -21.1729 48.0765 0.0 236.722 53.6165 300.879 561.981 560.56 7.322
2014 03 22 13 40 41 AM07 7.6804 94.2252 19.3 -20.7958 47.1777 0.0 237.607 54.1948 308.45 573.79 564.76 7.281
2014 03 22 13 40 41 AM09 7.6804 94.2252 19.3 -21.5598 47.517 0.0 236.595 54.2565 311.478 577.265 565.24 7.276
2014 03 22 13 40 41 AM13 7.6804 94.2252 19.3 -21.614 46.8444 0.0 236.885 54.8386 301.026 571.049 569.45 7.234
2014 03 22 13 40 41 AM22 7.6804 94.2252 19.3 -22.6438 45.7011 0.0 236.356 56.2468 305.225 585.389 579.58 7.131
2014 03 22 13 40 41 MS07 7.6804 94.2252 19.3 -22.8124 44.8289 0.0 236.606 57.0423 311.377 597.208 585.23 7.071
2014 03 22 13 40 41 MS12 7.6804 94.2252 19.3 -22.4374 45.915 0.0 236.469 55.9777 313.156 591.394 577.66 7.151
2014 03 22 13 40 41 MS18A 7.6804 94.2252 19.3 -21.5975 46.9948 0.0 236.826 54.7064 307.724 576.787 568.50 7.243
2014 03 22 13 40 41 MS19 7.6804 94.2252 19.3 -21.4093 47.1029 0.0 236.975 54.5318 306.447 574.241 567.23 7.256
2014 03 22 13 40 41 MS20 7.6804 94.2252 19.3 -21.3316 47.2715 0.0 236.972 54.3567 306.306 572.824 565.96 7.269
2014 03 22 13 40 41 MS22 7.6804 94.2252 19.3 -21.3382 47.6161 0.0 236.784 54.0736 312.374 576.825 563.90 7.289
2014 04 16 03 56 47 AM01 -53.609 8.7098 10.0 -21.0772 48.2392 0.0 58.4176 44.2468 309.519 499.629 489.42 8.013
2014 04 16 03 56 47 AM04 -53.609 8.7098 10.0 -21.1811 47.6382 0.0 57.8199 43.8558 304.637 491.605 486.29 8.039
2014 04 16 03 56 47 AM05 -53.609 8.7098 10.0 -21.1729 48.0765 0.0 58.3088 44.0844 309.809 498.614 488.11 8.024
2014 04 16 03 56 47 AM06 -53.609 8.7098 10.0 -21.0461 47.2004 0.0 57.2178 43.749 304.987 491.097 485.44 8.046
2014 04 16 03 56 47 AM07 -53.609 8.7098 10.0 -20.7958 47.1777 0.0 56.9994 43.948 307.349 495.063 487.06 8.031
2014 04 16 03 56 47 AM09 -53.609 8.7098 10.0 -21.5598 47.517 0.0 57.978 43.4779 291.074 474.992 483.23 8.066
2014 04 16 03 56 47 AM10 -53.609 8.7098 10.0 -21.5866 47.9659 0.0 58.5075 43.683 306.538 492.11 484.87 8.052
2014 04 16 03 56 47 AM11 -53.609 8.7098 10.0 -21.7431 47.4937 0.0 58.0958 43.313 303.131 485.714 481.89 8.079
2014 04 16 03 56 47 AM13 -53.609 8.7098 10.0 -21.614 46.8444 0.0 57.2524 43.0941 299.077 479.891 480.14 8.094
2014 04 16 03 56 47 AM15 -53.609 8.7098 10.0 -22.0546 47.0516 0.0 57.8381 42.8296 297.963 476.628 477.97 8.113
2014 04 16 03 56 47 AM16A -53.609 8.7098 10.0 -21.7191 46.3788 0.0 56.7988 42.7731 297.58 475.789 477.54 8.117
2014 04 16 03 56 47 AM17 -53.609 8.7098 10.0 -22.1667 46.1525 0.0 56.8907 42.2846 314.097 488.325 473.55 8.151
2014 04 16 03 56 47 AM19 -53.609 8.7098 10.0 -22.6999 46.1438 0.0 57.3088 41.8338 299.097 469.636 469.85 8.181
2014 04 16 03 56 47 AM20 -53.609 8.7098 10.0 -22.3028 45.6823 0.0 56.4513 41.9362 291.092 462.473 470.71 8.173
2014 04 16 03 56 47 AM23 -53.609 8.7098 10.0 -22.9496 46.1397 0.0 57.5074 41.6233 292.761 461.572 468.11 8.196
2014 04 16 03 56 47 MS01 -53.609 8.7098 10.0 -23.4139 43.7546 0.0 55.0597 40.0517 298.574 454.408 455.18 8.302
2014 04 16 03 56 47 MS02 -53.609 8.7098 10.0 -23.3433 43.8945 0.0 55.1706 40.1795 306.491 463.386 456.24 8.294
2014 04 16 03 56 47 MS03 -53.609 8.7098 10.0 -23.2382 44.024 0.0 55.2404 40.3315 291.111 449.268 457.50 8.285
2014 04 16 03 56 47 MS05 -53.609 8.7098 10.0 -22.9061 44.4639 0.0 55.497 40.827 299.045 461.305 461.60 8.252
2014 04 16 03 56 47 MS06A -53.609 8.7098 10.0 -22.8271 44.7327 0.0 55.7533 41.0257 298.783 462.683 463.24 8.238
2014 04 16 03 56 47 MS08 -53.609 8.7098 10.0 -22.7548 45.1131 0.0 56.1455 41.2743 299.101 465.048 465.28 8.221
2014 04 16 03 56 47 MS09 -53.609 8.7098 10.0 -22.4826 45.3982 0.0 56.2621 41.6442 297.056 466.044 468.32 8.194
2014 04 16 03 56 47 MS10 -53.609 8.7098 10.0 -22.4736 45.5668 0.0 56.4528 41.7355 313.539 483.276 469.07 8.188
2014 04 16 03 56 47 MS11 -53.609 8.7098 10.0 -22.5197 45.7215 0.0 56.671 41.7737 310.869 480.918 469.37 8.185
2014 04 16 03 56 47 MS12 -53.609 8.7098 10.0 -22.4374 45.915 0.0 56.8308 41.9391 299.094 470.497 470.73 8.173
2014 04 16 03 56 47 MS17 -53.609 8.7098 10.0 -21.79 46.926 0.0 57.4845 42.9876 299.079 479.028 479.27 8.102
2014 04 16 03 56 47 MS18A -53.609 8.7098 10.0 -21.5975 46.9948 0.0 57.4119 43.1833 299.076 480.613 480.86 8.088
2014 04 16 03 56 47 MS19 -53.609 8.7098 10.0 -21.4093 47.1029 0.0 57.3883 43.3953 301.19 484.443 482.58 8.072
2014 04 16 03 56 47 MS20 -53.609 8.7098 10.0 -21.3316 47.2715 0.0 57.5202 43.5451 303.61 488.074 483.79 8.061
2014 04 16 03 56 47 MS22 -53.609 8.7098 10.0 -21.3382 47.6161 0.0 57.9171 43.7132 303.74 489.558 485.13 8.049
2014 04 16 03 56 47 MS23 -53.609 8.7098 10.0 -21.3542 47.778 0.0 58.113 43.7817 295.789 482.159 485.68 8.044
2014 04 16 03 56 47 MS24 -53.609 8.7098 10.0 -21.4254 48.0393 0.0 58.4637 43.8547 305.316 492.273 486.26 8.039
2014 05 06 11 08 14 AM01 19.6152 99.7038 15.2 -21.0772 48.2392 0.0 233.978 64.5857 297.921 635.867 637.54 6.524
2014 05 06 11 08 14 AM05 19.6152 99.7038 15.2 -21.1729 48.0765 0.0 233.989 64.7647 298.078 637.194 638.71 6.511
2014 05 06 11 08 14 AM06 19.6152 99.7038 15.2 -21.0461 47.2004 0.0 234.619 65.3632 291.99 635.004 642.57 6.466
2014 05 06 11 08 14 AM11 19.6152 99.7038 15.2 -21.7431 47.4937 0.0 233.822 65.5353 293.85 637.978 643.71 6.453
2014 05 06 11 08 14 AM13 19.6152 99.7038 15.2 -21.614 46.8444 0.0 234.316 65.9575 295.805 642.66 646.42 6.423
2014 05 06 11 08 14 AM15 19.6152 99.7038 15.2 -22.0546 47.0516 0.0 233.801 66.0494 297.205 644.651 647.02 6.416
2014 05 06 11 08 14 AM16A 19.6152 99.7038 15.2 -21.7191 46.3788 0.0 234.49 66.3736 314.079 663.609 649.08 6.393
2014 05 06 11 08 14 AM17 19.6152 99.7038 15.2 -22.1667 46.1525 0.0 234.219 66.7986 296.537 648.786 651.80 6.361
2014 05 06 11 08 14 AM18 19.6152 99.7038 15.2 -22.5707 46.4273 0.0 233.702 66.8172 298.058 650.424 651.94 6.359
2014 05 06 11 08 14 AM19 19.6152 99.7038 15.2 -22.6999 46.1438 0.0 233.748 67.1059 314.412 668.617 653.77 6.340
2014 05 06 11 08 14 AM20 19.6152 99.7038 15.2 -22.3028 45.6823 0.0 234.364 67.2349 298.052 653.079 654.57 6.331
2014 05 06 11 08 14 AM21 19.6152 99.7038 15.2 -22.6137 45.3959 0.0 234.248 67.6278 294.049 651.565 657.06 6.302
2014 05 06 11 08 14 AM22 19.6152 99.7038 15.2 -22.6438 45.7011 0.0 234.049 67.4115 295.831 651.977 655.70 6.318
2014 05 06 11 08 14 MS01 19.6152 99.7038 15.2 -23.4139 43.7546 0.0 234.439 69.3276 293.816 661.971 667.67 6.180
2014 05 06 11 08 14 MS02 19.6152 99.7038 15.2 -23.3433 43.8945 0.0 234.426 69.1816 294.676 661.927 666.76 6.190
2014 05 06 11 08 14 MS05 19.6152 99.7038 15.2 -22.9061 44.4639 0.0 234.504 68.5042 292.821 655.849 662.55 6.239
2014 05 06 11 08 14 MS09 19.6152 99.7038 15.2 -22.4826 45.3982 0.0 234.363 67.553 292.609 649.652 656.58 6.308
2014 05 06 11 08 14 MS17 19.6152 99.7038 15.2 -21.79 46.926 0.0 234.111 65.9948 295.465 642.56 646.66 6.420
2014 05 06 11 08 14 MS18A 19.6152 99.7038 15.2 -21.5975 46.9948 0.0 234.243 65.8331 296.306 642.359 645.62 6.432
2014 05 06 11 08 14 MS19 19.6152 99.7038 15.2 -21.4093 47.1029 0.0 234.349 65.6437 297.848 642.678 644.39 6.446
2014 05 06 11 08 14 MS20 19.6152 99.7038 15.2 -21.3316 47.2715 0.0 234.321 65.4705 298.07 641.779 643.28 6.458
2014 05 06 11 08 14 MS23 19.6152 99.7038 15.2 -21.3542 47.778 0.0 234.003 65.0963 293.955 635.233 640.86 6.486
2014 05 16 10 16 39 AM07 9.3491 122.035 30.1 -20.7958 47.1777 0.0 246.763 79.3832 297.095 721.572 723.33 5.447
2014 05 19 01 02 13 AM06 4.2401 92.7377 32.9 -21.0461 47.2004 0.0 238.777 51.2227 307.518 548.926 540.78 7.495
2014 05 19 01 02 13 AM07 4.2401 92.7377 32.9 -20.7958 47.1777 0.0 239.081 51.141 312.196 552.99 540.16 7.501
