2011 06 20 16 36 00.870 MB16 -21.771 -68.383 126.2 29.7026 -9.5269 0.0 50.0293 76.3217 299.807 693.937 695.99 5.634
2011 06 20 16 36 00.870 MB17 -21.771 -68.383 126.2 29.7589 -8.97758 0.0 50.2629 76.7457 300.495 696.625 698.37 5.603
2011 06 20 16 36 00.870 MB18 -21.771 -68.383 126.2 30.0841 -8.46033 0.0 50.2507 77.2994 300.513 699.643 701.46 5.562
2011 06 20 16 36 00.870 MB20 -21.771 -68.383 126.2 29.9029 -7.2914 0.0 50.9856 78.038 300.031 703.161 705.53 5.506
2011 06 20 16 36 00.870 MB21 -21.771 -68.383 126.2 30.0885 -6.87492 0.0 51.0325 78.4413 300.331 705.461 707.74 5.479
2011 06 24 03 09 38.920 MB16 51.98 -171.82 49.8 29.7026 -9.5269 0.0 15.4691 97.1948 301.043 806.123 805.60 4.525
2011 06 24 03 09 38.920 MB17 51.98 -171.82 49.8 29.7589 -8.97758 0.0 14.9854 97.2289 300.277 806.357 805.75 4.524
2011 06 24 03 09 38.920 MB18 51.98 -171.82 49.8 30.0841 -8.46033 0.0 14.4812 96.9916 300.285 805.365 804.66 4.531
2011 06 24 03 09 38.920 MB20 51.98 -171.82 49.8 29.9029 -7.2914 0.0 13.5059 97.3443 300.758 806.838 806.26 4.521
2011 06 24 03 09 38.920 MB21 51.98 -171.82 49.8 30.0885 -6.87492 0.0 13.1159 97.2211 300.162 806.242 805.70 4.525
2011 07 16 00 26 12.360 MB16 -33.875 -72.1 20.5 29.7026 -9.5269 0.0 50.6812 86.5655 298.219 758.859 762.71 4.877
2011 07 16 00 26 12.360 MB17 -33.875 -72.1 20.5 29.7589 -8.97758 0.0 50.9606 86.9574 298.231 760.871 764.61 4.846
2011 07 16 00 26 12.360 MB18 -33.875 -72.1 20.5 30.0841 -8.46033 0.0 51.0191 87.5081 297.818 763.458 767.27 4.804
2011 07 16 00 26 12.360 MB20 -33.875 -72.1 20.5 29.9029 -7.2914 0.0 51.8261 88.1489 297.551 766.191 770.32 4.754
2011 07 16 00 26 12.360 MB21 -33.875 -72.1 20.5 30.0885 -6.87492 0.0 51.9237 88.5429 297.544 768.184 772.18 4.722
2011 07 16 19 59 12.930 MB16 54.771 -161.316 40.9 29.7026 -9.5269 0.0 24.3087 92.4327 299.956 785.026 784.91 4.626
2011 07 16 19 59 12.930 MB17 54.771 -161.316 40.9 29.7589 -8.97758 0.0 23.8332 92.5085 300.506 785.576 785.25 4.625
2011 07 16 19 59 12.930 MB18 54.771 -161.316 40.9 30.0841 -8.46033 0.0 23.3135 92.3161 300.497 784.567 784.35 4.627
2011 07 16 19 59 12.930 MB20 54.771 -161.316 40.9 29.9029 -7.2914 0.0 22.38 92.7534 300.337 786.407 786.37 4.621
2011 07 16 19 59 12.930 MB21 54.771 -161.316 40.9 30.0885 -6.87492 0.0 21.9833 92.6655 299.911 785.981 785.96 4.623
2011 07 19 19 35 43.380 MB16 40.156 71.501 19.5 29.7026 -9.5269 0.0 288.688 65.1239 299.155 637.775 638.41 6.505
2011 07 19 19 35 43.380 MB18 40.156 71.501 19.5 30.0841 -8.46033 0.0 288.478 64.1408 300.275 631.895 631.98 6.576
2011 07 19 19 35 43.380 MB20 40.156 71.501 19.5 29.9029 -7.2914 0.0 287.695 63.3872 300.048 626.668 627.03 6.628
2011 07 19 19 35 43.380 MB21 40.156 71.501 19.5 30.0885 -6.87492 0.0 287.651 62.9832 299.289 623.909 624.35 6.653
2011 08 10 23 45 43.80 MB17 -7.102 -12.805 11.7 29.7589 -8.97758 0.0 5.55629 36.8326 298.954 425.874 429.75 8.500
2011 08 10 23 45 43.80 MB18 -7.102 -12.805 11.7 30.0841 -8.46033 0.0 6.23375 37.2072 298.079 428.999 432.94 8.475
2011 08 10 23 45 43.80 MB20 -7.102 -12.805 11.7 29.9029 -7.2914 0.0 7.93684 37.1715 298.756 428.676 432.62 8.478
2011 08 10 23 45 43.80 MB21 -7.102 -12.805 11.7 30.0885 -6.87492 0.0 8.47531 37.413 298.565 430.485 434.67 8.462
2011 08 24 17 46 11.560 MB16 -7.62 -74.538 149.3 29.7026 -9.5269 0.0 55.7412 72.5787 299.836 669.276 671.27 5.906
2011 08 24 17 46 11.560 MB17 -7.62 -74.538 149.3 29.7589 -8.97758 0.0 55.8529 73.0478 300.022 672.462 674.03 5.872
2011 08 24 17 46 11.560 MB18 -7.62 -74.538 149.3 30.0841 -8.46033 0.0 55.6881 73.5786 300.271 675.711 677.14 5.833
2011 08 24 17 46 11.560 MB20 -7.62 -74.538 149.3 29.9029 -7.2914 0.0 56.2056 74.4805 299.987 680.427 682.35 5.765
2011 08 24 17 46 11.560 MB21 -7.62 -74.538 149.3 30.0885 -6.87492 0.0 56.1414 74.8816 299.396 682.836 684.66 5.735
2011 09 02 10 55 54.990 MB16 52.101 -171.718 46.0 29.7026 -9.5269 0.0 15.5529 97.0612 298.956 803.966 805.44 4.529
2011 09 02 10 55 54.990 MB17 52.101 -171.718 46.0 29.7589 -8.97758 0.0 15.0694 97.0956 299.171 804.181 805.59 4.528
2011 09 02 10 55 54.990 MB18 52.101 -171.718 46.0 30.0841 -8.46033 0.0 14.5652 96.8585 299.099 803.109 804.51 4.535
2011 09 02 10 55 54.990 MB20 52.101 -171.718 46.0 29.9029 -7.2914 0.0 13.5903 97.2117 298.676 804.686 806.11 4.525
2011 09 02 10 55 54.990 MB21 52.101 -171.718 46.0 30.0885 -6.87492 0.0 13.2004 97.0888 299.201 804.211 805.54 4.529
2011 09 02 13 47 10.700 MB16 -28.413 -63.136 592.7 29.7026 -9.5269 0.0 45.9045 77.2126 299.556 651.856 655.10 5.394
2011 09 02 13 47 10.700 MB17 -28.413 -63.136 592.7 29.7589 -8.97758 0.0 46.1976 77.5994 298.844 654.144 657.17 5.366
2011 09 02 13 47 10.700 MB18 -28.413 -63.136 592.7 30.0841 -8.46033 0.0 46.2673 78.1489 299.711 657.01 660.11 5.325
2011 09 02 13 47 10.700 MB20 -28.413 -63.136 592.7 29.9029 -7.2914 0.0 47.1009 78.7764 298.648 659.948 663.41 5.277
2011 09 02 13 47 10.700 MB21 -28.413 -63.136 592.7 30.0885 -6.87492 0.0 47.2064 79.1689 298.859 662.159 665.48 5.246
2011 09 03 04 48 58.780 MB16 -56.561 -26.923 96.3 29.7026 -9.5269 0.0 15.0958 87.1857 299.791 754.011 756.98 4.801
2011 09 03 04 48 58.780 MB17 -56.561 -26.923 96.3 29.7589 -8.97758 0.0 15.5579 87.3214 299.245 754.465 757.63 4.791
2011 09 03 04 48 58.780 MB18 -56.561 -26.923 96.3 30.0841 -8.46033 0.0 15.9444 87.7183 300.211 756.431 759.53 4.759
2011 09 03 04 48 58.780 MB20 -56.561 -26.923 96.3 29.9029 -7.2914 0.0 16.9752 87.724 300.218 756.438 759.55 4.759
2011 09 03 04 48 58.780 MB21 -56.561 -26.923 96.3 30.0885 -6.87492 0.0 17.2955 87.9737 299.47 757.69 760.73 4.739
2011 09 09 19 41 33.130 MB16 49.388 -127.064 15.4 29.7026 -9.5269 0.0 50.9148 83.6654 300.279 747.149 746.61 5.149
2011 09 09 19 41 33.130 MB17 49.388 -127.064 15.4 29.7589 -8.97758 0.0 50.491 83.8975 298.04 746.91 747.80 5.131
2011 09 09 19 41 33.130 MB18 49.388 -127.064 15.4 30.0841 -8.46033 0.0 49.9341 83.8928 297.976 746.846 747.76 5.131
2011 09 09 19 41 33.130 MB20 49.388 -127.064 15.4 29.9029 -7.2914 0.0 49.2031 84.6222 298.282 750.152 751.47 5.073
2011 09 09 19 41 33.130 MB21 49.388 -127.064 15.4 30.0885 -6.87492 0.0 48.7989 84.6754 297.491 750.361 751.73 5.070
2011 09 18 12 40 49.580 MB16 27.803 88.153 29.6 29.7026 -9.5269 0.0 299.642 82.7764 302.041 742.461 740.35 5.205
2011 09 18 12 40 49.580 MB17 27.803 88.153 29.6 29.7589 -8.97758 0.0 299.469 82.3271 302.66 740.08 738.01 5.236
2011 09 18 12 40 49.580 MB18 27.803 88.153 29.6 30.0841 -8.46033 0.0 299.551 81.7793 303.367 737.787 735.13 5.277
2011 09 18 12 40 49.580 MB20 27.803 88.153 29.6 29.9029 -7.2914 0.0 298.923 80.9577 302.694 733.114 730.78 5.343
2011 09 18 12 40 49.580 MB21 27.803 88.153 29.6 30.0885 -6.87492 0.0 298.926 80.5518 302.504 730.924 728.61 5.375
2011 10 14 06 10 14.730 MB17 54.073 123.813 13.9 29.7589 -8.97758 0.0 320.287 87.0857 299.155 763.425 763.83 4.878
2011 10 14 06 10 14.730 MB18 54.073 123.813 13.9 30.0841 -8.46033 0.0 320.023 86.5985 300.221 761.491 761.45 4.916
2011 10 14 06 10 14.730 MB20 54.073 123.813 13.9 29.9029 -7.2914 0.0 319.032 86.3135 299.663 759.933 760.06 4.939
2011 10 14 06 10 14.730 MB21 54.073 123.813 13.9 30.0885 -6.87492 0.0 318.79 85.9866 300.072 758.342 758.44 4.966
2011 10 23 10 41 22.10 MB16 38.729 43.446 7.6 29.7026 -9.5269 0.0 274.867 44.1954 297.326 486.316 488.76 8.022
2011 10 23 10 41 22.10 MB17 38.729 43.446 7.6 29.7589 -8.97758 0.0 274.634 43.7423 297.847 482.837 485.12 8.054
2011 10 23 10 41 22.10 MB18 38.729 43.446 7.6 30.0841 -8.46033 0.0 274.77 43.1964 297.944 478.934 480.72 8.093
2011 10 23 10 41 22.10 MB20 38.729 43.446 7.6 29.9029 -7.2914 0.0 273.877 42.3638 298.006 471.996 473.98 8.151
2011 10 23 10 41 22.10 MB21 38.729 43.446 7.6 30.0885 -6.87492 0.0 273.89 41.958 297.716 468.706 470.67 8.178
2011 10 23 20 45 37.20 MB16 38.589 43.116 10.1 29.7026 -9.5269 0.0 274.828 43.9497 298.494 484.474 486.40 8.037
2011 10 23 20 45 37.20 MB17 38.589 43.116 10.1 29.7589 -8.97758 0.0 274.597 43.496 298.002 480.982 482.75 8.071
2011 10 23 20 45 37.20 MB18 38.589 43.116 10.1 30.0841 -8.46033 0.0 274.737 42.9506 299.093 477.073 478.34 8.110
2011 10 23 20 45 37.20 MB20 38.589 43.116 10.1 29.9029 -7.2914 0.0 273.845 42.1155 298.142 470.122 471.57 8.166
2011 10 23 20 45 37.20 MB21 38.589 43.116 10.1 30.0885 -6.87492 0.0 273.86 41.7097 298.805 466.785 468.25 8.195
2011 10 28 18 54 34.750 MB16 -14.557 -76.12 29.0 29.7026 -9.5269 0.0 54.7782 77.7872 299.33 712.58 715.08 5.559
2011 10 28 18 54 34.750 MB17 -14.557 -76.12 29.0 29.7589 -8.97758 0.0 54.9282 78.2454 300.273 715.523 717.62 5.524
2011 10 28 18 54 34.750 MB18 -14.557 -76.12 29.0 30.0841 -8.46033 0.0 54.8143 78.7878 300.204 718.454 720.60 5.485
2011 10 28 18 54 34.750 MB20 -14.557 -76.12 29.0 29.9029 -7.2914 0.0 55.3979 79.6435 299.299 722.549 725.26 5.423
2011 10 28 18 54 34.750 MB21 -14.557 -76.12 29.0 30.0885 -6.87492 0.0 55.3703 80.0485 299.473 724.723 727.44 5.393
2011 11 07 22 35 25.320 MB16 11.691 -85.783 177.2 29.7026 -9.5269 0.0 62.4289 72.4386 300.231 665.911 666.62 5.916
2011 11 07 22 35 25.320 MB17 11.691 -85.783 177.2 29.7589 -8.97758 0.0 62.3374 72.9117 300.161 668.841 669.41 5.882
2011 11 07 22 35 25.320 MB18 11.691 -85.783 177.2 30.0841 -8.46033 0.0 61.9672 73.3374 299.816 671.496 671.90 5.851
2011 11 07 22 35 25.320 MB19 11.691 -85.783 177.2 29.7411 -7.97939 0.0 62.2909 73.7788 299.891 673.571 674.47 5.818
2011 11 07 22 35 25.320 MB20 11.691 -85.783 177.2 29.9029 -7.2914 0.0 62.0749 74.3622 299.13 676.81 677.85 5.774
2011 11 07 22 35 25.320 MB21 11.691 -85.783 177.2 30.0885 -6.87492 0.0 61.8528 74.7071 299.076 678.756 679.83 5.749
2011 11 17 01 57 04.790 MB21 -1.747 -81.705 19.6 30.0885 -6.87492 0.0 58.8576 77.7843 301.555 715.765 715.94 5.568
2011 11 22 18 48 16.290 MB16 -15.308 -65.163 560.3 29.7026 -9.5269 0.0 49.9097 69.846 299.992 613.702 615.68 5.932
2011 11 22 18 48 16.290 MB17 -15.308 -65.163 560.3 29.7589 -8.97758 0.0 50.1266 70.2818 299.994 616.704 618.25 5.901
2011 11 22 18 48 16.290 MB18 -15.308 -65.163 560.3 30.0841 -8.46033 0.0 50.0822 70.834 300.188 619.898 621.50 5.863
2011 11 22 18 48 16.290 MB20 -15.308 -65.163 560.3 29.9029 -7.2914 0.0 50.7967 71.6107 299.109 623.819 626.01 5.807
2011 11 22 18 48 16.290 MB21 -15.308 -65.163 560.3 30.0885 -6.87492 0.0 50.8216 72.0159 299.52 626.23 628.36 5.778
2011 12 07 22 23 07.780 MB16 -27.932 -71.134 13.8 29.7026 -9.5269 0.0 50.5871 82.1641 300.521 739.74 741.47 5.226
2011 12 07 22 23 07.780 MB17 -27.932 -71.134 13.8 29.7589 -8.97758 0.0 50.8397 82.5748 300.867 742.087 743.60 5.197
2011 12 07 22 23 07.780 MB18 -27.932 -71.134 13.8 30.0841 -8.46033 0.0 50.8589 83.1283 300.741 744.961 746.47 5.157
2011 12 07 22 23 07.780 MB20 -27.932 -71.134 13.8 29.9029 -7.2914 0.0 51.6221 83.8253 299.726 747.946 750.02 5.100
2011 12 07 22 23 07.780 MB21 -27.932 -71.134 13.8 30.0885 -6.87492 0.0 51.6914 84.2254 300.047 750.267 752.06 5.069
2011 12 11 01 47 25.400 MB16 17.902 -99.929 65.4 29.7026 -9.5269 0.0 61.5558 81.6739 298.792 729.392 730.59 5.271
2011 12 11 01 47 25.400 MB17 17.902 -99.929 65.4 29.7589 -8.97758 0.0 61.3691 82.1181 299.461 732.061 732.92 5.237
2011 12 11 01 47 25.400 MB18 17.902 -99.929 65.4 30.0841 -8.46033 0.0 60.9291 82.4594 299.363 733.963 734.70 5.215
2011 12 11 01 47 25.400 MB20 17.902 -99.929 65.4 29.9029 -7.2914 0.0 60.8131 83.483 299.115 738.715 739.99 5.138
2011 12 11 01 47 25.400 MB21 17.902 -99.929 65.4 30.0885 -6.87492 0.0 60.5295 83.775 298.59 740.19 741.48 5.115
2011 12 11 09 54 56.480 MB16 -56.049 -28.213 130.6 29.7026 -9.5269 0.0 16.2099 86.8854 300.041 748.561 751.55 4.814
2011 12 11 09 54 56.480 MB17 -56.049 -28.213 130.6 29.7589 -8.97758 0.0 16.6701 87.0278 299.529 749.049 752.24 4.804
2011 12 11 09 54 56.480 MB18 -56.049 -28.213 130.6 30.0841 -8.46033 0.0 17.0509 87.4303 299.566 751.086 754.17 4.773
2011 12 11 09 54 56.480 MB20 -56.049 -28.213 130.6 29.9029 -7.2914 0.0 18.0817 87.4511 299.627 751.146 754.26 4.771
2011 12 11 09 54 56.480 MB21 -56.049 -28.213 130.6 30.0885 -6.87492 0.0 18.3984 87.7054 299.924 752.444 755.47 4.751
2011 12 27 15 21 57.570 MB16 51.834 95.964 12.8 29.7026 -9.5269 0.0 300.208 75.971 299.587 705.017 705.38 5.718
2011 12 27 15 21 57.570 MB17 51.834 95.964 12.8 29.7589 -8.97758 0.0 299.856 75.6317 299.729 703.159 703.44 5.744
2011 12 27 15 21 57.570 MB18 51.834 95.964 12.8 30.0841 -8.46033 0.0 299.7 75.099 300.208 700.638 700.37 5.783
2011 12 27 15 21 57.570 MB20 51.834 95.964 12.8 29.9029 -7.2914 0.0 298.762 74.6071 300.062 697.492 697.54 5.821
2011 12 27 15 21 57.570 MB21 51.834 95.964 12.8 30.0885 -6.87492 0.0 298.591 74.2364 299.905 695.335 695.37 5.849
2012 01 10 18 37 00.190 MB17 2.43 93.208 20.9 29.7589 -8.97758 0.0 300.523 99.3568 301.683 821.493 820.53 4.455
2012 01 10 18 37 00.190 MB18 2.43 93.208 20.9 30.0841 -8.46033 0.0 300.784 98.8666 301.956 819.766 818.35 4.470
2012 01 10 18 37 00.190 MB20 2.43 93.208 20.9 29.9029 -7.2914 0.0 300.467 97.8857 302.338 815.148 813.96 4.499
2012 01 10 18 37 00.190 MB21 2.43 93.208 20.9 30.0885 -6.87492 0.0 300.606 97.504 301.699 813.509 812.24 4.510
2012 01 21 18 47 13.480 MB16 14.933 -93.142 63.5 29.7026 -9.5269 0.0 62.4129 77.3044 299.696 706.216 707.19 5.600
2012 01 21 18 47 13.480 MB17 14.933 -93.142 63.5 29.7589 -8.97758 0.0 62.2701 77.7648 299.444 708.964 709.75 5.565
2012 01 21 18 47 13.480 MB18 14.933 -93.142 63.5 30.0841 -8.46033 0.0 61.8617 78.1484 299.731 711.251 711.87 5.536
2012 01 21 18 47 13.480 MB20 14.933 -93.142 63.5 29.9029 -7.2914 0.0 61.8502 79.1783 299.888 716.408 717.53 5.462
2012 01 21 18 47 13.480 MB21 14.933 -93.142 63.5 30.0885 -6.87492 0.0 61.5947 79.4973 299.745 718.265 719.26 5.439
2012 01 23 16 04 53.300 MB16 -36.455 -73.181 23.5 29.7026 -9.5269 0.0 51.2438 88.8748 300.35 772.05 773.35 4.695
2012 01 23 16 04 53.300 MB17 -36.455 -73.181 23.5 29.7589 -8.97758 0.0 51.5326 89.2596 300.317 774.017 775.14 4.664
2012 01 23 16 04 53.300 MB18 -36.455 -73.181 23.5 30.0841 -8.46033 0.0 51.6049 89.8086 300.796 776.496 777.70 4.643
2012 01 23 16 04 53.300 MB20 -36.455 -73.181 23.5 29.9029 -7.2914 0.0 52.4276 90.4285 300.393 779.093 780.56 4.640
2012 01 23 16 04 53.300 MB21 -36.455 -73.181 23.5 30.0885 -6.87492 0.0 52.5354 90.8198 300.289 780.989 782.37 4.637
2012 01 30 05 10 59.460 MB16 -14.213 -75.658 34.2 29.7026 -9.5269 0.0 54.6687 77.2242 300.418 709.958 711.18 5.600
2012 01 30 05 10 59.460 MB17 -14.213 -75.658 34.2 29.7589 -8.97758 0.0 54.8188 77.6824 300.441 712.981 713.73 5.566
2012 01 30 05 10 59.460 MB18 -14.213 -75.658 34.2 30.0841 -8.46033 0.0 54.7045 78.2248 300.413 715.953 716.74 5.524
2012 01 30 05 10 59.460 MB20 -14.213 -75.658 34.2 29.9029 -7.2914 0.0 55.2888 79.0808 300.443 719.983 721.43 5.464
2012 01 30 05 10 59.460 MB21 -14.213 -75.658 34.2 30.0885 -6.87492 0.0 55.261 79.4858 299.773 722.313 723.63 5.434
2012 02 26 06 17 19.920 MB16 51.8 95.98 13.0 29.7026 -9.5269 0.0 300.226 75.9967 299.531 704.611 705.49 5.716
2012 02 26 06 17 19.920 MB17 51.8 95.98 13.0 29.7589 -8.97758 0.0 299.875 75.6573 299.653 702.733 703.55 5.742
2012 02 26 06 17 19.920 MB18 51.8 95.98 13.0 30.0841 -8.46033 0.0 299.719 75.1245 300.152 700.232 700.48 5.782
2012 02 26 06 17 19.920 MB20 51.8 95.98 13.0 29.9029 -7.2914 0.0 298.782 74.6322 299.965 697.045 697.65 5.819
2012 03 05 07 46 09.330 MB16 -28.257 -63.291 551.9 29.7026 -9.5269 0.0 46.0246 77.2028 300.005 656.675 658.53 5.413
2012 03 05 07 46 09.330 MB17 -28.257 -63.291 551.9 29.7589 -8.97758 0.0 46.3162 77.5906 300.325 658.995 660.62 5.385
2012 03 05 07 46 09.330 MB18 -28.257 -63.291 551.9 30.0841 -8.46033 0.0 46.3839 78.1404 300.144 661.814 663.57 5.344
2012 03 05 07 46 09.330 MB20 -28.257 -63.291 551.9 29.9029 -7.2914 0.0 47.2152 78.7709 300.089 664.759 666.91 5.296
2012 03 20 18 02 47.620 MB16 16.473 -98.369 19.4 29.7026 -9.5269 0.0 61.7162 81.0367 301.298 733.678 733.04 5.335
2012 03 20 18 02 47.620 MB17 16.473 -98.369 19.4 29.7589 -8.97758 0.0 61.5448 81.487 301.948 736.328 735.43 5.298
2012 03 20 18 02 47.620 MB18 16.473 -98.369 19.4 30.0841 -8.46033 0.0 61.1163 81.8432 301.988 738.368 737.31 5.269
2012 03 20 18 02 47.620 MB20 16.473 -98.369 19.4 29.9029 -7.2914 0.0 61.036 82.8702 300.834 743.214 742.67 5.196
2012 03 25 22 37 06.560 MB16 -35.203 -72.126 28.2 29.7026 -9.5269 0.0 50.6428 87.4219 299.926 763.366 765.75 4.808
2012 03 25 22 37 06.560 MB17 -35.203 -72.126 28.2 29.7589 -8.97758 0.0 50.9289 87.8088 299.947 765.387 767.60 4.778
2012 03 25 22 37 06.560 MB18 -35.203 -72.126 28.2 30.0841 -8.46033 0.0 50.9971 88.3584 299.431 767.871 770.21 4.735
2012 03 25 22 37 06.560 MB20 -35.203 -72.126 28.2 29.9029 -7.2914 0.0 51.815 88.9847 299.112 770.552 773.14 4.686
2012 03 25 22 37 06.560 MB21 -35.203 -72.126 28.2 30.0885 -6.87492 0.0 51.9197 89.3769 300.03 772.47 774.97 4.654
2012 04 02 17 36 42.500 MB17 16.372 -98.461 16.3 29.7589 -8.97758 0.0 61.5121 81.6125 299.125 735.625 736.61 5.289
2012 04 02 17 36 42.500 MB18 16.372 -98.461 16.3 30.0841 -8.46033 0.0 61.084 81.9691 300.063 737.563 738.48 5.260
2012 04 02 17 36 42.500 MB20 16.372 -98.461 16.3 29.9029 -7.2914 0.0 61.0046 82.9961 298.881 742.381 743.84 5.188
2012 04 11 08 38 37.800 MB17 2.237 93.014 26.3 29.7589 -8.97758 0.0 300.472 99.2871 303.641 821.841 819.42 4.456
2012 04 11 08 38 37.800 MB18 2.237 93.014 26.3 30.0841 -8.46033 0.0 300.735 98.7981 304.018 820.218 817.24 4.472
2012 04 11 08 38 37.800 MB20 2.237 93.014 26.3 29.9029 -7.2914 0.0 300.422 97.8158 304.332 815.532 812.85 4.501
2012 04 11 10 43 10.530 MB17 0.767 92.428 21.6 29.7589 -8.97758 0.0 300.199 99.519 310.962 831.432 821.20 4.449
2012 04 11 10 43 10.530 MB18 0.767 92.428 21.6 30.0841 -8.46033 0.0 300.476 99.0373 303.315 820.785 819.05 4.464
2012 04 11 10 43 10.530 MB20 0.767 92.428 21.6 29.9029 -7.2914 0.0 300.19 98.0469 302.659 816.129 814.63 4.494
2012 04 11 22 55 10.820 MB16 18.204 -102.876 27.6 29.7026 -9.5269 0.0 60.8509 83.9864 300.784 746.964 747.15 5.109
2012 04 11 22 55 10.820 MB17 18.204 -102.876 27.6 29.7589 -8.97758 0.0 60.6525 84.4251 301.254 749.434 749.37 5.074
2012 04 11 22 55 10.820 MB18 18.204 -102.876 27.6 30.0841 -8.46033 0.0 60.2049 84.7538 301.075 751.255 751.03 5.049
2012 04 11 22 55 10.820 MB20 18.204 -102.876 27.6 29.9029 -7.2914 0.0 60.0599 85.7737 300.594 755.774 756.13 4.966
2012 04 12 07 15 49.170 MB17 28.838 -113.127 10.0 29.7589 -8.97758 0.0 57.5914 87.1066 307.792 772.622 765.15 4.868
2012 04 12 07 15 49.170 MB20 28.838 -113.127 10.0 29.9029 -7.2914 0.0 56.6928 88.2733 308.642 779.472 770.76 4.777
2012 04 17 03 50 15.280 MB16 -32.637 -71.564 29.7 29.7026 -9.5269 0.0 50.4353 85.4343 298.977 752.697 755.78 4.966
2012 04 17 03 50 15.280 MB17 -32.637 -71.564 29.7 29.7589 -8.97758 0.0 50.7105 85.8295 299.181 754.901 757.73 4.934
2012 04 17 03 50 15.280 MB18 -32.637 -71.564 29.7 30.0841 -8.46033 0.0 50.7625 86.3808 298.698 757.418 760.44 4.890
2012 04 17 03 50 15.280 MB20 -32.637 -71.564 29.7 29.9029 -7.2914 0.0 51.5626 87.0312 298.553 760.273 763.58 4.839
2012 04 17 03 50 15.280 MB21 -32.637 -71.564 29.7 30.0885 -6.87492 0.0 51.6555 87.4263 298.586 762.306 765.49 4.808
2012 04 17 19 03 57.120 MB16 -59.187 -16.807 13.6 29.7026 -9.5269 0.0 6.33127 88.7616 299.602 772.482 774.89 4.697
2012 04 17 19 03 57.120 MB17 -59.187 -16.807 13.6 29.7589 -8.97758 0.0 6.80427 88.8499 299.819 772.699 775.31 4.690
2012 04 17 19 03 57.120 MB18 -59.187 -16.807 13.6 30.0841 -8.46033 0.0 7.22873 89.2057 299.552 774.432 776.98 4.662
2012 04 17 19 03 57.120 MB20 -59.187 -16.807 13.6 29.9029 -7.2914 0.0 8.2541 89.1067 300.028 773.908 776.51 4.670
2012 04 17 19 03 57.120 MB21 -59.187 -16.807 13.6 30.0885 -6.87492 0.0 8.59798 89.3224 300.059 774.939 777.52 4.653
2012 05 14 10 00 39.800 MB16 -17.796 -69.792 108.7 29.7026 -9.5269 0.0 51.5072 74.8481 300.149 687.349 689.44 5.746
2012 05 14 10 00 39.800 MB17 -17.796 -69.792 108.7 29.7589 -8.97758 0.0 51.7109 75.2871 300.109 690.309 691.95 5.712
2012 05 14 10 00 39.800 MB18 -17.796 -69.792 108.7 30.0841 -8.46033 0.0 51.6585 75.8386 300.154 693.354 695.09 5.674
2012 05 14 10 00 39.800 MB19 -17.796 -69.792 108.7 29.7411 -7.97939 0.0 52.1799 76.027 299.784 693.984 696.14 5.662
2012 05 14 10 00 39.800 MB20 -17.796 -69.792 108.7 29.9029 -7.2914 0.0 52.3425 76.6257 300.067 697.267 699.52 5.619
2012 05 14 10 00 39.800 MB21 -17.796 -69.792 108.7 30.0885 -6.87492 0.0 52.3606 77.0312 299.385 699.585 701.79 5.590
2012 05 24 22 47 46.470 MB16 73.027 5.505 8.2 29.7026 -9.5269 0.0 198.918 44.1066 298.94 486.47 488.17 8.026
2012 05 24 22 47 46.470 MB17 73.027 5.505 8.2 29.7589 -8.97758 0.0 198.243 43.9994 299.28 485.81 487.31 8.032
2012 05 24 22 47 46.470 MB18 73.027 5.505 8.2 30.0841 -8.46033 0.0 197.647 43.6303 299.632 483.162 484.33 8.060
2012 05 24 22 47 46.470 MB19 73.027 5.505 8.2 29.7411 -7.97939 0.0 196.997 43.9284 299.129 485.659 486.74 8.038
2012 05 24 22 47 46.470 MB20 73.027 5.505 8.2 29.9029 -7.2914 0.0 196.16 43.7102 299.555 484.085 484.99 8.054
2012 05 24 22 47 46.470 MB21 73.027 5.505 8.2 30.0885 -6.87492 0.0 195.663 43.4924 299.861 482.391 483.23 8.070
2012 05 28 05 07 23.520 MB16 -28.021 -63.113 591.1 29.7026 -9.5269 0.0 45.9548 76.9264 300.34 651.82 653.68 5.415
2012 05 28 05 07 23.520 MB17 -28.021 -63.113 591.1 29.7589 -8.97758 0.0 46.2464 77.3145 300.663 654.143 655.77 5.388
2012 05 28 05 07 23.520 MB18 -28.021 -63.113 591.1 30.0841 -8.46033 0.0 46.3134 77.8644 300.524 657.004 658.72 5.347
2012 05 28 05 07 23.520 MB19 -28.021 -63.113 591.1 29.7411 -7.97939 0.0 46.8594 77.9432 300.506 656.986 659.12 5.342
2012 05 28 05 07 23.520 MB20 -28.021 -63.113 591.1 29.9029 -7.2914 0.0 47.1449 78.4958 300.456 659.936 662.06 5.299
2012 05 28 05 07 23.520 MB21 -28.021 -63.113 591.1 30.0885 -6.87492 0.0 47.2485 78.8888 299.659 662.139 664.13 5.269
2012 06 02 07 52 54.600 MB16 -22.101 -63.657 539.4 29.7026 -9.5269 0.0 47.4182 73.2398 298.493 633.893 637.42 5.695
2012 06 02 07 52 54.600 MB17 -22.101 -63.657 539.4 29.7589 -8.97758 0.0 47.6798 73.6503 299.171 636.571 639.74 5.670
2012 06 02 07 52 54.600 MB18 -22.101 -63.657 539.4 30.0841 -8.46033 0.0 47.6999 74.2037 299.265 639.665 642.87 5.632
2012 06 02 07 52 54.600 MB19 -22.101 -63.657 539.4 29.7411 -7.97939 0.0 48.2458 74.327 298.461 639.861 643.55 5.624
2012 06 02 07 52 54.600 MB20 -22.101 -63.657 539.4 29.9029 -7.2914 0.0 48.4863 74.9011 298.646 643.046 646.76 5.584
2012 06 02 07 52 54.600 MB21 -22.101 -63.657 539.4 30.0885 -6.87492 0.0 48.5569 75.3013 298.94 645.34 648.99 5.555
2012 06 04 00 45 16.380 MB16 5.294 -82.632 15.0 29.7026 -9.5269 0.0 60.6701 72.7245 301.072 687.692 687.35 5.944
2012 06 04 00 45 16.380 MB17 5.294 -82.632 15.0 29.7589 -8.97758 0.0 60.6433 73.2049 301.219 690.839 690.20 5.908
2012 06 04 00 45 16.380 MB18 5.294 -82.632 15.0 30.0841 -8.46033 0.0 60.3339 73.6725 301.094 693.714 692.95 5.874
2012 06 04 00 45 16.380 MB19 5.294 -82.632 15.0 29.7411 -7.97939 0.0 60.7133 74.0705 301.065 695.685 695.28 5.845
2012 06 04 00 45 16.380 MB20 5.294 -82.632 15.0 29.9029 -7.2914 0.0 60.5769 74.6757 301.448 699.068 698.79 5.799
2012 06 04 00 45 16.380 MB21 5.294 -82.632 15.0 30.0885 -6.87492 0.0 60.4025 75.045 300.725 701.345 700.93 5.771
2012 06 04 03 15 24.590 MB16 5.45 -82.563 9.5 29.7026 -9.5269 0.0 60.7082 72.5887 302.256 688.666 687.44 5.955
2012 06 04 03 15 24.590 MB17 5.45 -82.563 9.5 29.7589 -8.97758 0.0 60.6805 73.069 302.448 691.858 690.29 5.920
2012 06 04 03 15 24.590 MB18 5.45 -82.563 9.5 30.0841 -8.46033 0.0 60.3699 73.5361 302.384 694.794 693.04 5.885
2012 06 04 03 15 24.590 MB19 5.45 -82.563 9.5 29.7411 -7.97939 0.0 60.7488 73.9348 302.245 696.655 695.38 5.856
2012 06 04 03 15 24.590 MB20 5.45 -82.563 9.5 29.9029 -7.2914 0.0 60.6112 74.5397 302.613 700.023 698.90 5.811
2012 06 04 03 15 24.590 MB21 5.45 -82.563 9.5 30.0885 -6.87492 0.0 60.436 74.9088 301.852 702.262 701.04 5.782
2012 06 07 04 05 04.70 MB16 -36.051 -70.854 5.8 29.7026 -9.5269 0.0 49.843 87.1664 300.638 766.568 768.12 4.831
2012 06 07 04 05 04.70 MB17 -36.051 -70.854 5.8 29.7589 -8.97758 0.0 50.138 87.5466 300.696 768.626 769.95 4.802
2012 06 07 04 05 04.70 MB18 -36.051 -70.854 5.8 30.0841 -8.46033 0.0 50.2188 88.0945 300.266 771.196 772.57 4.760
2012 06 07 04 05 04.70 MB19 -36.051 -70.854 5.8 29.7411 -7.97939 0.0 50.755 88.158 300.129 771.059 772.86 4.755
2012 06 07 04 05 04.70 MB20 -36.051 -70.854 5.8 29.9029 -7.2914 0.0 51.0509 88.702 299.773 773.703 775.43 4.711
2012 06 07 04 05 04.70 MB21 -36.051 -70.854 5.8 30.0885 -6.87492 0.0 51.1645 89.0916 299.71 775.64 777.26 4.681
2012 06 07 16 03 18.520 MB16 -15.911 -72.472 106.7 29.7026 -9.5269 0.0 53.0812 75.7326 300.557 693.037 694.62 5.682
2012 06 07 16 03 18.520 MB17 -15.911 -72.472 106.7 29.7589 -8.97758 0.0 53.2589 76.1817 300.487 695.967 697.16 5.653
2012 06 07 16 03 18.520 MB18 -15.911 -72.472 106.7 30.0841 -8.46033 0.0 53.1757 76.7296 300.538 699.018 700.25 5.613
2012 06 07 16 03 18.520 MB19 -15.911 -72.472 106.7 29.7411 -7.97939 0.0 53.6837 76.9453 300.35 699.83 701.45 5.598
2012 06 07 16 03 18.520 MB20 -15.911 -72.472 106.7 29.9029 -7.2914 0.0 53.8121 77.5518 299.577 703.057 704.82 5.552
2012 06 07 16 03 18.520 MB21 -15.911 -72.472 106.7 30.0885 -6.87492 0.0 53.8075 77.9577 299.888 705.368 707.07 5.521
2012 06 10 12 44 16.360 MB20 36.384 28.967 32.0 29.9029 -7.2914 0.0 268.52 30.9116 302.413 375.053 373.18 8.822
2012 06 10 12 44 16.360 MB21 36.384 28.967 32.0 30.0885 -6.87492 0.0 268.597 30.5076 303.511 373.151 369.62 8.834
2012 06 24 03 15 01.980 MB17 57.501 163.414 16.0 29.7589 -8.97758 0.0 353.381 92.8432 299.543 789.563 790.32 4.621
2012 06 24 03 15 01.980 MB18 57.501 163.414 16.0 30.0841 -8.46033 0.0 352.956 92.4868 299.197 788.217 788.67 4.626
2012 06 24 03 15 01.980 MB19 57.501 163.414 16.0 29.7411 -7.97939 0.0 352.513 92.7948 299.3 789.32 790.10 4.622
2012 06 24 03 15 01.980 MB20 57.501 163.414 16.0 29.9029 -7.2914 0.0 351.93 92.5838 299.605 788.625 789.12 4.625
2012 06 24 03 15 01.980 MB21 57.501 163.414 16.0 30.0885 -6.87492 0.0 351.586 92.3673 299.665 787.685 788.12 4.628
2012 06 29 21 07 32.950 MB16 43.433 84.612 17.1 29.7026 -9.5269 0.0 294.865 73.0231 300.95 688.0 687.70 5.935
2012 06 29 21 07 32.950 MB17 43.433 84.612 17.1 29.7589 -8.97758 0.0 294.585 72.6232 300.616 685.666 685.33 5.963
2012 06 29 21 07 32.950 MB18 43.433 84.612 17.1 30.0841 -8.46033 0.0 294.54 72.0711 300.9 682.95 682.03 6.004
2012 06 29 21 07 32.950 MB19 43.433 84.612 17.1 29.7411 -7.97939 0.0 293.982 71.9719 300.765 681.815 681.44 6.012
2012 06 29 21 07 32.950 MB20 43.433 84.612 17.1 29.9029 -7.2914 0.0 293.708 71.4099 300.523 678.573 678.06 6.052
2012 06 29 21 07 32.950 MB21 43.433 84.612 17.1 30.0885 -6.87492 0.0 293.614 71.0138 301.085 676.135 675.66 6.080
2012 07 26 05 33 33.860 MB17 -17.55 66.29 16.2 29.7589 -8.97758 0.0 302.58 86.3901 305.816 765.956 762.07 4.898
2012 07 26 05 33 33.860 MB19 -17.55 66.29 16.2 29.7411 -7.97939 0.0 302.899 85.5823 311.325 767.465 758.09 4.965
2012 07 26 05 33 33.860 MB20 -17.55 66.29 16.2 29.9029 -7.2914 0.0 303.284 85.0957 305.837 759.977 755.68 5.006
2012 07 26 05 33 33.860 MB21 -17.55 66.29 16.2 30.0885 -6.87492 0.0 303.598 84.8376 301.798 753.938 754.39 5.026
2012 08 02 09 38 31.250 MB16 -8.454 -74.272 148.8 29.7026 -9.5269 0.0 55.445 72.8296 302.624 674.374 672.84 5.887
2012 08 02 09 38 31.250 MB17 -8.454 -74.272 148.8 29.7589 -8.97758 0.0 55.564 73.297 301.47 676.22 675.58 5.854
2012 08 02 09 38 31.250 MB18 -8.454 -74.272 148.8 30.0841 -8.46033 0.0 55.4078 73.8301 301.723 679.473 678.69 5.814
2012 08 02 09 38 31.250 MB19 -8.454 -74.272 148.8 29.7411 -7.97939 0.0 55.8898 74.107 301.932 680.682 680.29 5.793
2012 08 02 09 38 31.250 MB20 -8.454 -74.272 148.8 29.9029 -7.2914 0.0 55.9388 74.7244 301.398 684.148 683.84 5.747
2012 08 02 09 38 31.250 MB21 -8.454 -74.272 148.8 30.0885 -6.87492 0.0 55.8809 75.1265 301.765 686.515 686.15 5.716
2012 08 10 18 37 42.870 MB17 52.471 -167.422 12.3 29.7589 -8.97758 0.0 18.7368 95.9738 300.933 806.063 805.32 4.559
2012 08 10 18 37 42.870 MB18 52.471 -167.422 12.3 30.0841 -8.46033 0.0 18.224 95.7582 300.977 805.107 804.33 4.565
2012 08 10 18 37 42.870 MB19 52.471 -167.422 12.3 29.7411 -7.97939 0.0 17.8894 96.183 301.673 807.803 806.27 4.554
2012 08 10 18 37 42.870 MB21 52.471 -167.422 12.3 30.0885 -6.87492 0.0 16.8733 96.0463 301.252 807.382 805.64 4.558
2012 08 11 12 23 17.670 MB16 38.402 46.838 8.7 29.7026 -9.5269 0.0 277.022 46.8738 297.825 507.155 509.76 7.830
2012 08 11 12 23 17.670 MB17 38.402 46.838 8.7 29.7589 -8.97758 0.0 276.8 46.4205 298.352 503.682 506.21 7.863
2012 08 11 12 23 17.670 MB18 38.402 46.838 8.7 30.0841 -8.46033 0.0 276.931 45.8748 298.714 500.044 501.91 7.901
2012 08 11 12 23 17.670 MB19 38.402 46.838 8.7 29.7411 -7.97939 0.0 276.247 45.6492 298.451 497.781 500.14 7.917
2012 08 11 12 23 17.670 MB21 38.402 46.838 8.7 30.0885 -6.87492 0.0 276.096 44.6353 298.633 489.963 492.09 7.991
2012 08 11 12 34 36.600 MB16 38.379 46.795 18.9 29.7026 -9.5269 0.0 277.021 46.8431 299.19 506.59 507.92 7.829
2012 08 11 12 34 36.600 MB17 38.379 46.795 18.9 29.7589 -8.97758 0.0 276.799 46.3897 299.756 503.156 504.37 7.862
2012 08 11 12 34 36.600 MB18 38.379 46.795 18.9 30.0841 -8.46033 0.0 276.93 45.844 300.019 499.419 500.07 7.900
2012 08 11 12 34 36.600 MB19 38.379 46.795 18.9 29.7411 -7.97939 0.0 276.246 45.6181 299.854 497.254 498.30 7.916
2012 08 11 12 34 36.600 MB21 38.379 46.795 18.9 30.0885 -6.87492 0.0 276.096 44.6041 300.016 489.416 490.24 7.990
2012 08 12 10 47 07.390 MB16 35.652 82.541 14.0 29.7026 -9.5269 0.0 295.768 74.9002 299.092 698.702 699.34 5.794
2012 08 12 10 47 07.390 MB17 35.652 82.541 14.0 29.7589 -8.97758 0.0 295.551 74.4668 297.97 694.58 696.83 5.827
2012 08 12 10 47 07.390 MB18 35.652 82.541 14.0 30.0841 -8.46033 0.0 295.588 73.9142 298.185 691.795 693.59 5.868
2012 08 12 10 47 07.390 MB19 35.652 82.541 14.0 29.7411 -7.97939 0.0 295.055 73.7413 297.692 690.302 692.59 5.881
2012 08 12 10 47 07.390 MB21 35.652 82.541 14.0 30.0885 -6.87492 0.0 294.836 72.7436 301.95 688.56 686.70 5.954
2012 08 14 02 59 38.860 MB18 49.75 145.305 590.7 30.0841 -8.46033 0.0 337.284 97.1639 299.298 747.438 748.49 4.465
2012 08 14 02 59 38.860 MB19 49.75 145.305 590.7 29.7411 -7.97939 0.0 336.781 97.3692 298.912 748.052 749.41 4.459
2012 08 14 02 59 38.860 MB21 49.75 145.305 590.7 30.0885 -6.87492 0.0 335.964 96.7517 299.539 745.679 746.65 4.478
2012 08 30 13 43 25.300 MB16 71.446 -11.034 11.1 29.7026 -9.5269 0.0 178.033 41.8006 314.082 482.782 469.13 8.186
2012 08 30 13 43 25.300 MB17 71.446 -11.034 11.1 29.7589 -8.97758 0.0 177.314 41.7517 299.912 468.612 468.73 8.189
2012 08 30 13 43 25.300 MB18 71.446 -11.034 11.1 30.0841 -8.46033 0.0 176.628 41.4364 300.548 466.248 466.13 8.212
2012 08 30 13 43 25.300 MB19 71.446 -11.034 11.1 29.7411 -7.97939 0.0 176.012 41.7881 300.33 469.03 469.03 8.187
2012 08 30 13 43 25.300 MB20 71.446 -11.034 11.1 29.9029 -7.2914 0.0 175.107 41.6439 300.45 468.15 467.84 8.197
2012 08 30 13 43 25.300 MB21 71.446 -11.034 11.1 30.0885 -6.87492 0.0 174.553 41.471 301.012 466.712 466.42 8.209
2012 09 05 14 42 07.730 MB16 10.024 -85.388 20.7 29.7026 -9.5269 0.0 61.9885 72.8678 299.673 685.943 687.11 5.934
2012 09 05 14 42 07.730 MB17 10.024 -85.388 20.7 29.7589 -8.97758 0.0 61.9122 73.3433 299.765 689.035 689.92 5.899
2012 09 05 14 42 07.730 MB18 10.024 -85.388 20.7 30.0841 -8.46033 0.0 61.5563 73.7794 300.429 691.699 692.48 5.867
2012 09 05 14 42 07.730 MB19 10.024 -85.388 20.7 29.7411 -7.97939 0.0 61.8928 74.2113 299.476 693.746 695.00 5.835
2012 09 05 14 42 07.730 MB20 10.024 -85.388 20.7 29.9029 -7.2914 0.0 61.6954 74.8007 299.659 696.929 698.42 5.790
2012 09 05 14 42 07.730 MB21 10.024 -85.388 20.7 30.0885 -6.87492 0.0 61.4845 75.1517 299.707 698.977 700.44 5.764
2012 09 25 23 45 24.370 MB18 24.774 -110.183 8.1 30.0841 -8.46033 0.0 58.1722 87.2625 299.0 765.63 766.33 4.854
2012 09 25 23 45 24.370 MB19 24.774 -110.183 8.1 29.7411 -7.97939 0.0 58.2863 87.79 299.323 767.953 768.88 4.812
2012 09 25 23 45 24.370 MB20 24.774 -110.183 8.1 29.9029 -7.2914 0.0 57.8677 88.2466 299.407 770.037 771.06 4.778
2012 09 25 23 45 24.370 MB21 24.774 -110.183 8.1 30.0885 -6.87492 0.0 57.536 88.4807 299.521 771.151 772.17 4.760
2012 09 30 16 31 34.70 MB16 1.907 -76.371 155.2 29.7026 -9.5269 0.0 58.9602 69.0081 299.452 647.382 648.70 6.166
2012 09 30 16 31 34.70 MB17 1.907 -76.371 155.2 29.7589 -8.97758 0.0 58.9902 69.4883 299.766 650.696 651.65 6.133
2012 09 30 16 31 34.70 MB18 1.907 -76.371 155.2 30.0841 -8.46033 0.0 58.7314 69.986 299.97 653.9 654.69 6.096
2012 09 30 16 31 34.70 MB19 1.907 -76.371 155.2 29.7411 -7.97939 0.0 59.1634 70.3412 299.711 655.641 656.84 6.070
2012 09 30 16 31 34.70 MB20 1.907 -76.371 155.2 29.9029 -7.2914 0.0 59.0958 70.9572 299.238 659.168 660.57 6.027
2012 09 30 16 31 34.70 MB21 1.907 -76.371 155.2 30.0885 -6.87492 0.0 58.962 71.3428 299.717 661.647 662.88 5.999
2012 10 08 06 26 23.590 MB17 25.088 -109.613 17.0 29.7589 -8.97758 0.0 58.9037 86.4038 302.47 762.88 760.66 4.920
2012 10 08 06 26 23.590 MB18 25.088 -109.613 17.0 30.0841 -8.46033 0.0 58.4108 86.6579 302.675 764.085 761.90 4.899
2012 10 08 06 26 23.590 MB19 25.088 -109.613 17.0 29.7411 -7.97939 0.0 58.525 87.1854 301.962 766.372 764.47 4.859
2012 10 24 00 45 33.800 MB16 10.074 -85.371 22.3 29.7026 -9.5269 0.0 62.0025 72.8297 299.766 684.966 686.65 5.937
2012 10 24 00 45 33.800 MB17 10.074 -85.371 22.3 29.7589 -8.97758 0.0 61.9259 73.3051 299.859 688.059 689.46 5.902
2012 10 24 00 45 33.800 MB18 10.074 -85.371 22.3 30.0841 -8.46033 0.0 61.5696 73.741 299.523 690.723 692.02 5.870
2012 10 24 00 45 33.800 MB19 10.074 -85.371 22.3 29.7411 -7.97939 0.0 61.9059 74.1732 299.552 692.752 694.54 5.838
2012 10 24 00 45 33.800 MB20 10.074 -85.371 22.3 29.9029 -7.2914 0.0 61.7081 74.7624 298.796 695.996 697.96 5.793
2012 10 24 00 45 33.800 MB21 10.074 -85.371 22.3 30.0885 -6.87492 0.0 61.4969 75.1133 298.824 698.024 699.99 5.766
2012 10 28 03 04 07.790 MB16 52.677 -132.172 7.4 29.7026 -9.5269 0.0 47.4502 83.9553 299.504 748.714 749.37 5.129
2012 10 28 03 04 07.790 MB17 52.677 -132.172 7.4 29.7589 -8.97758 0.0 47.0091 84.1527 299.771 749.981 750.37 5.113
2012 10 28 03 04 07.790 MB18 52.677 -132.172 7.4 30.0841 -8.46033 0.0 46.4547 84.1034 299.5 749.71 750.10 5.117
2012 10 28 03 04 07.790 MB19 52.677 -132.172 7.4 29.7411 -7.97939 0.0 46.2675 84.6099 298.75 751.96 752.69 5.076
2012 10 28 03 04 07.790 MB20 52.677 -132.172 7.4 29.9029 -7.2914 0.0 45.6672 84.7717 299.528 752.738 753.49 5.065
2012 10 28 03 04 07.790 MB21 52.677 -132.172 7.4 30.0885 -6.87492 0.0 45.2601 84.7923 299.631 752.841 753.59 5.063
2012 10 28 18 54 20.230 MB16 52.538 -132.659 5.1 29.7026 -9.5269 0.0 47.0745 84.2679 298.779 750.549 751.34 5.104
2012 10 28 18 54 20.230 MB17 52.538 -132.659 5.1 29.7589 -8.97758 0.0 46.6333 84.4645 299.017 751.787 752.34 5.088
2012 10 28 18 54 20.230 MB18 52.538 -132.659 5.1 30.0841 -8.46033 0.0 46.0792 84.4142 298.742 751.512 752.07 5.093
2012 10 28 18 54 20.230 MB19 52.538 -132.659 5.1 29.7411 -7.97939 0.0 45.8912 84.9204 297.939 753.709 754.63 5.053
2012 10 28 18 54 20.230 MB20 52.538 -132.659 5.1 29.9029 -7.2914 0.0 45.2909 85.0811 298.827 754.597 755.43 5.041
2012 10 28 18 54 20.230 MB21 52.538 -132.659 5.1 30.0885 -6.87492 0.0 44.884 85.1009 298.886 754.656 755.53 5.040
2012 10 30 02 49 01.320 MB16 52.145 -132.111 9.5 29.7026 -9.5269 0.0 47.4554 84.2881 299.621 751.301 750.72 5.102
2012 10 30 02 49 01.320 MB17 52.145 -132.111 9.5 29.7589 -8.97758 0.0 47.0161 84.4887 299.978 752.658 751.73 5.086
2012 10 30 02 49 01.320 MB18 52.145 -132.111 9.5 30.0841 -8.46033 0.0 46.4616 84.4434 300.688 752.368 751.49 5.089
2012 10 30 02 49 01.320 MB19 52.145 -132.111 9.5 29.7411 -7.97939 0.0 46.2781 84.9512 299.972 754.652 754.06 5.050
2012 10 30 02 49 01.320 MB20 52.145 -132.111 9.5 29.9029 -7.2914 0.0 45.6793 85.1173 299.867 755.547 754.89 5.037
2012 10 30 02 49 01.320 MB21 52.145 -132.111 9.5 30.0885 -6.87492 0.0 45.2727 85.1408 299.844 755.524 755.00 5.036
2012 11 07 16 35 49.310 MB16 14.031 -92.066 38.7 29.7026 -9.5269 0.0 62.3865 76.7962 299.205 705.895 707.18 5.643
2012 11 07 16 35 49.310 MB17 14.031 -92.066 38.7 29.7589 -8.97758 0.0 62.2543 77.2597 299.051 708.741 709.78 5.610
2012 11 07 16 35 49.310 MB18 14.031 -92.066 38.7 30.0841 -8.46033 0.0 61.8542 77.6522 299.245 710.935 711.97 5.581
2012 11 07 16 35 49.310 MB19 14.031 -92.066 38.7 29.7411 -7.97939 0.0 62.1305 78.1194 299.562 713.252 714.57 5.545
2012 11 07 16 35 49.310 MB20 14.031 -92.066 38.7 29.9029 -7.2914 0.0 61.8667 78.6822 298.548 716.238 717.67 5.504
2012 11 07 16 35 49.310 MB21 14.031 -92.066 38.7 30.0885 -6.87492 0.0 61.6183 79.0068 299.329 718.019 719.45 5.481
2012 11 08 02 01 49.700 MB16 49.126 -128.541 11.0 29.7026 -9.5269 0.0 49.8417 84.578 300.18 752.48 751.99 5.077
2012 11 08 02 01 49.700 MB17 49.126 -128.541 11.0 29.7589 -8.97758 0.0 49.4168 84.807 300.817 754.117 753.14 5.060
2012 11 08 02 01 49.700 MB18 49.126 -128.541 11.0 30.0841 -8.46033 0.0 48.8608 84.7982 300.712 754.012 753.09 5.061
2012 11 08 02 01 49.700 MB19 49.126 -128.541 11.0 29.7411 -7.97939 0.0 48.7115 85.317 299.956 756.256 755.70 5.020
2012 11 08 02 01 49.700 MB20 49.126 -128.541 11.0 29.9029 -7.2914 0.0 48.1253 85.522 301.325 758.625 756.72 5.004
2012 11 08 02 01 49.700 MB21 49.126 -128.541 11.0 30.0885 -6.87492 0.0 47.7213 85.5721 300.069 757.369 756.96 5.000
2012 11 10 14 57 50.210 MB16 -8.936 -75.088 128.6 29.7026 -9.5269 0.0 55.5862 73.7657 298.834 678.624 680.58 5.825
2012 11 10 14 57 50.210 MB17 -8.936 -75.088 128.6 29.7589 -8.97758 0.0 55.7041 74.2333 300.013 681.802 683.29 5.789
2012 11 10 14 57 50.210 MB18 -8.936 -75.088 128.6 30.0841 -8.46033 0.0 55.548 74.7662 300.191 684.981 686.36 5.750
2012 11 10 14 57 50.210 MB19 -8.936 -75.088 128.6 29.7411 -7.97939 0.0 56.0275 75.0436 299.385 686.175 687.94 5.729
2012 11 10 14 57 50.210 MB20 -8.936 -75.088 128.6 29.9029 -7.2914 0.0 56.0756 75.661 298.732 689.522 691.46 5.684
2012 11 10 14 57 50.210 MB21 -8.936 -75.088 128.6 30.0885 -6.87492 0.0 56.0176 76.063 299.134 691.924 693.74 5.658
2012 11 12 20 42 15.870 MB16 57.557 -142.859 19.0 29.7026 -9.5269 0.0 39.467 84.6398 298.632 749.762 750.83 5.073
2012 11 12 20 42 15.870 MB17 57.557 -142.859 19.0 29.7589 -8.97758 0.0 39.0034 84.7754 299.637 750.767 751.51 5.063
2012 11 12 20 42 15.870 MB18 57.557 -142.859 19.0 30.0841 -8.46033 0.0 38.4615 84.6513 299.01 750.141 750.87 5.073
2012 11 12 20 42 15.870 MB19 57.557 -142.859 19.0 29.7411 -7.97939 0.0 38.2067 85.1276 299.127 752.257 753.28 5.036
2012 11 12 20 42 15.870 MB20 57.557 -142.859 19.0 29.9029 -7.2914 0.0 37.5903 85.2062 298.681 752.811 753.67 5.030
2012 11 12 20 42 15.870 MB21 57.557 -142.859 19.0 30.0885 -6.87492 0.0 37.1845 85.1712 299.546 752.676 753.48 5.033
2012 11 14 19 02 05.690 MB16 -29.178 -71.386 61.5 29.7026 -9.5269 0.0 50.6013 83.1234 299.804 738.114 740.19 5.143
2012 11 14 19 02 05.690 MB17 -29.178 -71.386 61.5 29.7589 -8.97758 0.0 50.8593 83.5306 300.179 740.489 742.27 5.111
2012 11 14 19 02 05.690 MB18 -29.178 -71.386 61.5 30.0841 -8.46033 0.0 50.8864 84.0837 299.843 743.153 745.08 5.067
2012 11 14 19 02 05.690 MB19 -29.178 -71.386 61.5 29.7411 -7.97939 0.0 51.4164 84.1992 300.029 743.339 745.66 5.059
2012 11 14 19 02 05.690 MB20 -29.178 -71.386 61.5 29.9029 -7.2914 0.0 51.6585 84.7696 299.891 746.201 748.52 5.014
2012 11 14 19 02 05.690 MB21 -29.178 -71.386 61.5 30.0885 -6.87492 0.0 51.7335 85.1686 300.012 748.322 750.52 4.982
2012 11 15 09 20 21.450 MB16 18.199 -100.524 57.9 29.7026 -9.5269 0.0 61.4484 82.0305 299.035 731.585 733.31 5.244
2012 11 15 09 20 21.450 MB17 18.199 -100.524 57.9 29.7589 -8.97758 0.0 61.2576 82.4729 298.626 734.176 735.62 5.216
2012 11 15 09 20 21.450 MB18 18.199 -100.524 57.9 30.0841 -8.46033 0.0 60.8148 82.8101 299.598 736.148 737.37 5.192
2012 11 15 09 20 21.450 MB19 18.199 -100.524 57.9 29.7411 -7.97939 0.0 61.0221 83.309 298.736 738.286 739.95 5.155
2012 11 15 09 20 21.450 MB20 18.199 -100.524 57.9 29.9029 -7.2914 0.0 60.6893 83.8326 298.439 740.989 742.63 5.113
2012 11 15 09 20 21.450 MB21 18.199 -100.524 57.9 30.0885 -6.87492 0.0 60.4031 84.122 298.813 742.363 744.10 5.090
2012 11 16 18 12 43.260 MB21 49.236 155.654 50.8 30.0885 -6.87492 0.0 344.703 99.5066 299.208 815.948 815.84 4.457
2012 12 14 10 36 01.840 MB16 31.112 -119.627 15.8 29.7026 -9.5269 0.0 54.7904 90.17 298.914 777.074 778.62 4.643
2012 12 14 10 36 01.840 MB17 31.112 -119.627 15.8 29.7589 -8.97758 0.0 54.4612 90.5208 298.722 778.882 780.24 4.642
2012 12 14 10 36 01.840 MB18 31.112 -119.627 15.8 30.0841 -8.46033 0.0 53.9328 90.6867 299.592 779.752 781.00 4.641
2012 12 14 10 36 01.840 MB19 31.112 -119.627 15.8 29.7411 -7.97939 0.0 53.9546 91.2259 298.753 781.913 783.50 4.638
2012 12 14 10 36 01.840 MB20 31.112 -119.627 15.8 29.9029 -7.2914 0.0 53.4638 91.6038 298.345 783.505 785.25 4.635
2012 12 14 10 36 01.840 MB21 31.112 -119.627 15.8 30.0885 -6.87492 0.0 53.0967 91.7773 299.248 784.408 786.04 4.633
2012 12 15 04 49 31.450 MB17 52.236 174.065 38.8 29.7589 -8.97758 0.0 2.67349 98.3135 299.3 811.85 811.89 4.495
2012 12 15 04 49 31.450 MB18 52.236 174.065 38.8 30.0841 -8.46033 0.0 2.21018 98.0031 300.187 810.737 810.49 4.504
2012 12 15 04 49 31.450 MB21 52.236 174.065 38.8 30.0885 -6.87492 0.0 0.822684 98.0245 300.183 810.733 810.58 4.503
2013 01 05 08 58 19.180 MB16 55.234 -134.8 3.1 29.7026 -9.5269 0.0 45.6561 83.3212 299.234 747.054 746.79 5.180
2013 01 05 08 58 19.180 MB17 55.234 -134.8 3.1 29.7589 -8.97758 0.0 45.2049 83.4958 299.453 748.273 747.68 5.167
2013 01 05 08 58 19.180 MB18 55.234 -134.8 3.1 30.0841 -8.46033 0.0 44.653 83.4183 300.034 747.854 747.27 5.173
2013 01 05 08 58 19.180 MB19 55.234 -134.8 3.1 29.7411 -7.97939 0.0 44.4397 83.9146 299.361 750.181 749.83 5.133
2013 01 05 08 58 19.180 MB20 55.234 -134.8 3.1 29.9029 -7.2914 0.0 43.8312 84.0457 299.99 750.81 750.49 5.123
2013 01 05 08 58 19.180 MB21 55.234 -134.8 3.1 30.0885 -6.87492 0.0 43.423 84.0457 299.97 750.79 750.48 5.123
2013 01 28 16 38 53.840 MB16 42.582 79.721 14.3 29.7026 -9.5269 0.0 292.278 70.0746 299.622 669.782 670.42 6.149
2013 01 28 16 38 53.840 MB17 42.582 79.721 14.3 29.7589 -8.97758 0.0 292.011 69.6641 299.017 667.177 667.90 6.179
2013 01 28 16 38 53.840 MB18 42.582 79.721 14.3 30.0841 -8.46033 0.0 291.989 69.1107 300.213 664.373 664.47 6.219
2013 01 28 16 38 53.840 MB19 42.582 79.721 14.3 29.7411 -7.97939 0.0 291.426 68.9902 299.945 663.105 663.74 6.227
2013 01 28 16 38 53.840 MB20 42.582 79.721 14.3 29.9029 -7.2914 0.0 291.171 68.4182 299.538 659.698 660.17 6.268
2013 01 28 16 38 53.840 MB21 42.582 79.721 14.3 30.0885 -6.87492 0.0 291.093 68.0189 299.955 657.115 657.66 6.297
2013 01 30 20 15 43.390 MB16 -28.109 -70.888 46.1 29.7026 -9.5269 0.0 50.4342 82.1084 299.439 734.049 736.68 5.223
2013 01 30 20 15 43.390 MB17 -28.109 -70.888 46.1 29.7589 -8.97758 0.0 50.6889 82.5179 299.838 736.448 738.81 5.194
2013 01 30 20 15 43.390 MB18 -28.109 -70.888 46.1 30.0841 -8.46033 0.0 50.7107 83.0713 299.569 739.179 741.67 5.153
2013 01 30 20 15 43.390 MB19 -28.109 -70.888 46.1 29.7411 -7.97939 0.0 51.2405 83.1919 298.752 739.362 742.28 5.143
2013 01 30 20 15 43.390 MB20 -28.109 -70.888 46.1 29.9029 -7.2914 0.0 51.4775 83.7647 298.714 742.324 745.21 5.097
2013 01 30 20 15 43.390 MB21 -28.109 -70.888 46.1 30.0885 -6.87492 0.0 51.5486 84.1644 298.831 744.441 747.24 5.066
2013 02 09 14 16 06.960 MB16 1.034 -77.462 144.2 29.7026 -9.5269 0.0 58.866 70.3898 300.761 657.801 658.38 6.070
2013 02 09 14 16 06.960 MB17 1.034 -77.462 144.2 29.7589 -8.97758 0.0 58.8974 70.87 301.028 661.068 661.28 6.037
2013 02 09 14 16 06.960 MB18 1.034 -77.462 144.2 30.0841 -8.46033 0.0 58.6426 71.3685 301.19 664.23 664.28 6.000
2013 02 09 14 16 06.960 MB19 1.034 -77.462 144.2 29.7411 -7.97939 0.0 59.0722 71.7223 300.888 665.928 666.39 5.973
2013 02 09 14 16 06.960 MB20 1.034 -77.462 144.2 29.9029 -7.2914 0.0 59.0073 72.3385 301.437 669.477 670.05 5.930
2013 02 09 14 16 06.960 MB21 1.034 -77.462 144.2 30.0885 -6.87492 0.0 58.876 72.7246 300.821 671.861 672.34 5.901
2013 02 14 13 13 52.720 MB16 67.517 142.701 8.9 29.7026 -9.5269 0.0 335.756 80.8515 298.348 731.628 732.73 5.367
2013 02 14 13 13 52.720 MB17 67.517 142.701 8.9 29.7589 -8.97758 0.0 335.291 80.7088 298.744 731.024 731.97 5.377
2013 02 14 13 13 52.720 MB18 67.517 142.701 8.9 30.0841 -8.46033 0.0 334.905 80.3067 298.925 729.205 729.79 5.408
2013 02 14 13 13 52.720 MB19 67.517 142.701 8.9 29.7411 -7.97939 0.0 334.423 80.5632 299.064 730.344 731.19 5.389
2013 02 14 13 13 52.720 MB20 67.517 142.701 8.9 29.9029 -7.2914 0.0 333.86 80.2895 298.852 729.132 729.71 5.409
2013 02 14 13 13 52.720 MB21 67.517 142.701 8.9 30.0885 -6.87492 0.0 333.537 80.0372 299.55 727.83 728.34 5.428
2013 02 22 12 01 58.670 MB16 -27.905 -63.134 585.6 29.7026 -9.5269 0.0 45.987 76.8594 300.592 651.922 653.78 5.423
2013 02 22 12 01 58.670 MB17 -27.905 -63.134 585.6 29.7589 -8.97758 0.0 46.2779 77.248 300.881 654.211 655.87 5.395
2013 02 22 12 01 58.670 MB18 -27.905 -63.134 585.6 30.0841 -8.46033 0.0 46.344 77.798 300.746 657.076 658.83 5.355
2013 02 22 12 01 58.670 MB19 -27.905 -63.134 585.6 29.7411 -7.97939 0.0 46.89 77.8778 299.734 657.064 659.24 5.349
2013 02 22 12 01 58.670 MB20 -27.905 -63.134 585.6 29.9029 -7.2914 0.0 47.1745 78.4309 299.69 660.02 662.18 5.307
2013 02 22 12 01 58.670 MB21 -27.905 -63.134 585.6 30.0885 -6.87492 0.0 47.2775 78.824 299.877 662.207 664.26 5.277
2013 02 28 14 05 50.870 MB17 50.786 157.485 52.8 29.7589 -8.97758 0.0 348.11 98.9188 298.263 811.393 812.98 4.475
2013 02 28 14 05 50.870 MB18 50.786 157.485 52.8 30.0841 -8.46033 0.0 347.711 98.5298 298.824 809.954 811.23 4.487
2013 02 28 14 05 50.870 MB19 50.786 157.485 52.8 29.7411 -7.97939 0.0 347.239 98.8011 298.677 810.807 812.45 4.479
2013 02 28 14 05 50.870 MB20 50.786 157.485 52.8 29.9029 -7.2914 0.0 346.67 98.5434 298.705 809.835 811.30 4.487
2013 02 28 14 05 50.870 MB21 50.786 157.485 52.8 30.0885 -6.87492 0.0 346.342 98.2995 298.612 808.742 810.20 4.494
2013 03 01 12 53 53.930 MB19 50.904 157.6 58.3 29.7411 -7.97939 0.0 347.343 98.7019 298.827 809.897 811.36 4.481
2013 03 01 12 53 53.930 MB20 50.904 157.6 58.3 29.9029 -7.2914 0.0 346.773 98.4452 298.858 808.928 810.21 4.489
2013 03 01 12 53 53.930 MB21 50.904 157.6 58.3 30.0885 -6.87492 0.0 346.445 98.2018 298.747 807.818 809.12 4.496
2013 03 01 13 20 52.900 MB16 50.832 157.625 58.0 29.7026 -9.5269 0.0 348.703 99.0171 298.44 811.54 812.80 4.472
2013 03 01 13 20 52.900 MB17 50.832 157.625 58.0 29.7589 -8.97758 0.0 348.233 98.8919 299.001 811.101 812.24 4.476
2013 03 01 13 20 52.900 MB18 50.832 157.625 58.0 30.0841 -8.46033 0.0 347.834 98.5036 299.425 809.525 810.50 4.487
2013 03 01 13 20 52.900 MB19 50.832 157.625 58.0 29.7411 -7.97939 0.0 347.362 98.7757 298.302 810.402 811.73 4.479
2013 03 01 13 20 52.900 MB20 50.832 157.625 58.0 29.9029 -7.2914 0.0 346.792 98.519 299.354 809.454 810.58 4.487
2013 03 01 13 20 52.900 MB21 50.832 157.625 58.0 30.0885 -6.87492 0.0 346.464 98.2756 299.264 808.364 809.48 4.494
2013 03 19 03 29 02.700 MB16 -58.981 -24.569 52.0 29.7026 -9.5269 0.0 13.0511 89.2328 300.303 769.603 771.80 4.651
2013 03 19 03 29 02.700 MB17 -58.981 -24.569 52.0 29.7589 -8.97758 0.0 13.5167 89.3537 300.748 770.048 772.36 4.643
2013 03 19 03 29 02.700 MB18 -58.981 -24.569 52.0 30.0841 -8.46033 0.0 13.9154 89.738 300.536 771.836 774.15 4.642
2013 03 19 03 29 02.700 MB19 -58.981 -24.569 52.0 29.7411 -7.97939 0.0 14.3784 89.4607 300.027 770.327 772.85 4.643
2013 03 19 03 29 02.700 MB20 -58.981 -24.569 52.0 29.9029 -7.2914 0.0 14.9451 89.7103 300.308 771.608 774.01 4.642
2013 03 19 03 29 02.700 MB21 -58.981 -24.569 52.0 30.0885 -6.87492 0.0 15.2732 89.9493 300.457 772.757 775.12 4.642
2013 03 24 04 18 37.210 MB20 50.662 160.233 30.0 29.9029 -7.2914 0.0 349.051 99.0321 299.744 816.534 816.31 4.474
2013 03 25 23 02 12.520 MB17 14.59 -90.477 193.7 29.7589 -8.97758 0.0 62.5915 75.6371 302.989 685.469 683.23 5.678
2013 03 25 23 02 12.520 MB18 14.59 -90.477 193.7 30.0841 -8.46033 0.0 62.1903 76.0312 301.233 685.713 685.46 5.651
2013 04 09 11 52 50.190 MB16 28.446 51.629 12.8 29.7026 -9.5269 0.0 287.154 52.899 299.546 554.356 555.01 7.390
2013 04 09 11 52 50.190 MB17 28.446 51.629 12.8 29.7589 -8.97758 0.0 287.07 52.4225 299.18 550.99 551.49 7.423
2013 04 09 11 52 50.190 MB18 28.446 51.629 12.8 30.0841 -8.46033 0.0 287.327 51.9073 299.829 547.639 547.66 7.462
2013 04 09 11 52 50.190 MB19 28.446 51.629 12.8 29.7411 -7.97939 0.0 286.775 51.586 299.99 544.8 545.27 7.486
2013 04 09 11 52 50.190 MB20 28.446 51.629 12.8 29.9029 -7.2914 0.0 286.79 50.9669 299.625 540.435 540.62 7.530
2013 04 16 10 44 19.30 MB16 27.97 62.136 63.1 29.7026 -9.5269 0.0 290.474 61.8287 297.753 609.723 611.65 6.721
2013 04 16 10 44 19.30 MB17 27.97 62.136 63.1 29.7589 -8.97758 0.0 290.37 61.3564 297.634 606.604 608.47 6.757
2013 04 16 10 44 19.30 MB18 27.97 62.136 63.1 30.0841 -8.46033 0.0 290.57 60.8311 298.618 603.588 604.91 6.796
2013 04 16 10 44 19.30 MB19 27.97 62.136 63.1 29.7411 -7.97939 0.0 290.054 60.5332 298.153 601.123 602.90 6.818
2013 04 16 10 44 19.30 MB20 27.97 62.136 63.1 29.9029 -7.2914 0.0 290.03 59.9143 298.243 597.213 598.67 6.863
2013 04 20 00 02 47.980 MB18 30.268 103.02 18.0 30.0841 -8.46033 0.0 306.217 91.401 301.697 784.717 783.96 4.636
2013 04 20 00 02 47.980 MB20 30.268 103.02 18.0 29.9029 -7.2914 0.0 305.474 90.6876 301.148 781.168 780.67 4.641
2013 04 20 13 12 52.80 MB18 50.007 157.368 32.8 30.0841 -8.46033 0.0 347.584 99.2757 300.965 818.885 816.98 4.466
2013 04 20 13 12 52.80 MB19 50.007 157.368 32.8 29.7411 -7.97939 0.0 347.11 99.545 301.063 819.983 818.19 4.458
2013 04 20 13 12 52.80 MB20 50.007 157.368 32.8 29.9029 -7.2914 0.0 346.54 99.2848 300.926 818.846 817.03 4.466
2013 04 22 01 16 32.560 MB17 18.041 -102.198 31.5 29.7589 -8.97758 0.0 60.8156 83.9419 302.404 747.844 746.35 5.112
2013 04 22 01 16 32.560 MB18 18.041 -102.198 31.5 30.0841 -8.46033 0.0 60.3703 84.2742 302.276 749.716 748.04 5.085
2013 04 22 01 16 32.560 MB19 18.041 -102.198 31.5 29.7411 -7.97939 0.0 60.5713 84.7754 301.33 751.77 750.58 5.046
2013 04 22 01 16 32.560 MB20 18.041 -102.198 31.5 29.9029 -7.2914 0.0 60.2335 85.2952 301.838 754.278 753.18 5.005
2013 05 11 02 08 11.290 MB16 26.658 57.843 15.1 29.7026 -9.5269 0.0 289.968 58.6952 301.839 597.549 596.21 6.964
2013 05 11 02 08 11.290 MB17 26.658 57.843 15.1 29.7589 -8.97758 0.0 289.89 58.2188 301.678 594.388 592.89 6.996
2013 05 11 02 08 11.290 MB18 26.658 57.843 15.1 30.0841 -8.46033 0.0 290.128 57.7033 302.464 591.174 589.27 7.037
2013 05 11 02 08 11.290 MB19 26.658 57.843 15.1 29.7411 -7.97939 0.0 289.614 57.3825 301.765 588.475 587.02 7.061
2013 05 11 02 08 11.290 MB20 26.658 57.843 15.1 29.9029 -7.2914 0.0 289.627 56.7634 301.684 584.394 582.64 7.107
2013 05 24 05 44 49.880 MB16 54.815 153.391 607.0 29.7026 -9.5269 0.0 345.145 94.5511 298.141 733.261 735.25 4.537
2013 05 24 05 44 49.880 MB17 54.815 153.391 607.0 29.7589 -8.97758 0.0 344.683 94.4131 298.676 732.796 734.62 4.541
2013 05 24 05 44 49.880 MB18 54.815 153.391 607.0 30.0841 -8.46033 0.0 344.298 94.0141 298.126 731.246 732.81 4.551
2013 05 24 05 44 49.880 MB19 54.815 153.391 607.0 29.7411 -7.97939 0.0 343.823 94.2738 298.024 732.144 733.99 4.544
2013 05 24 05 44 49.880 MB20 54.815 153.391 607.0 29.9029 -7.2914 0.0 343.265 94.0026 298.013 731.133 732.76 4.551
2013 05 24 14 56 31.600 MB16 52.135 151.568 632.0 29.7026 -9.5269 0.0 343.506 96.8419 297.158 740.558 743.34 4.469
2013 05 24 14 56 31.600 MB17 52.135 151.568 632.0 29.7589 -8.97758 0.0 343.046 96.6895 297.638 740.038 742.66 4.473
2013 05 24 14 56 31.600 MB18 52.135 151.568 632.0 30.0841 -8.46033 0.0 342.673 96.2787 297.062 738.462 740.81 4.486
2013 05 24 14 56 31.600 MB19 52.135 151.568 632.0 29.7411 -7.97939 0.0 342.189 96.5231 296.835 739.235 741.92 4.478
2013 05 24 14 56 31.600 MB20 52.135 151.568 632.0 29.9029 -7.2914 0.0 341.638 96.2341 297.763 738.163 740.62 4.487
