2010 01 05 04 55 38.890 KGMA -58.464 -14.859 10.0 -4.878 29.633 0.0 51.257 63.548 298.933 628.058 631.12 6.604
2010 01 05 04 55 38.890 LAEL -58.464 -14.859 10.0 -8.566 32.0591 0.0 55.4745 61.2536 299.115 613.235 615.58 6.771
2010 01 05 04 55 38.890 LOSS -58.464 -14.859 10.0 -8.4166 33.1575 0.0 56.5095 61.8654 299.551 617.666 619.69 6.725
2010 01 05 04 55 38.890 MAFI -58.464 -14.859 10.0 -8.3057 35.3132 0.0 58.6056 62.9201 299.22 624.345 626.72 6.648
2010 01 05 04 55 38.890 MAUS -58.464 -14.859 10.0 -2.741 36.704 0.0 57.2479 68.483 302.88 664.005 662.82 6.247
2010 01 05 04 55 38.890 NAMA -58.464 -14.859 10.0 -7.5094 31.0414 0.0 53.9236 61.7633 299.903 617.028 619.08 6.732
2010 01 05 04 55 38.890 NJOM -58.464 -14.859 10.0 -9.3665 34.7911 0.0 58.6269 61.7467 299.541 616.666 618.82 6.735
2010 01 05 04 55 38.890 PNDA -58.464 -14.859 10.0 -6.3519 31.0613 0.0 53.3899 62.8119 299.995 624.125 626.15 6.652
2010 01 05 04 55 38.890 SONG -58.464 -14.859 10.0 -10.6738 35.6507 0.0 60.1636 60.9816 298.465 610.59 613.58 6.793
2010 01 05 04 55 38.890 SUMB -58.464 -14.859 10.0 -7.9531 31.6195 0.0 54.7266 61.6123 300.085 616.21 618.04 6.744
2010 01 05 04 55 38.890 TUND -58.464 -14.859 10.0 -9.2958 32.7712 0.0 56.5613 60.9131 299.489 610.599 613.22 6.797
2010 01 05 04 55 38.890 WINO -58.464 -14.859 10.0 -9.7576 35.3001 0.0 59.3358 61.6302 301.117 617.242 618.01 6.744
2010 01 17 12 00 01.570 IRIN -57.692 -66.037 10.0 -7.762 35.6864 0.0 103.999 89.7107 301.327 778.772 777.97 4.656
2010 01 17 12 00 01.570 KGMA -57.692 -66.037 10.0 -4.878 29.633 0.0 97.3788 88.9465 301.201 774.646 774.56 4.713
2010 01 17 12 00 01.570 LAEL -57.692 -66.037 10.0 -8.566 32.0591 0.0 101.374 87.1326 301.259 766.699 765.72 4.858
2010 01 17 12 00 01.570 MAFI -57.692 -66.037 10.0 -8.3057 35.3132 0.0 103.969 89.0569 301.345 775.79 774.90 4.707
2010 01 17 12 00 01.570 MAKA -57.692 -66.037 10.0 -8.8465 34.8302 0.0 103.846 88.3485 301.83 772.265 771.53 4.765
2010 01 17 12 00 01.570 NAMA -57.692 -66.037 10.0 -7.5094 31.0414 0.0 99.9599 87.4839 302.078 768.523 767.47 4.829
2010 01 17 12 00 01.570 NJOM -57.692 -66.037 10.0 -9.3665 34.7911 0.0 104.086 87.8892 301.577 770.022 769.32 4.801
2010 01 17 12 00 01.570 PNDA -57.692 -66.037 10.0 -6.3519 31.0613 0.0 99.363 88.4672 301.404 772.854 772.23 4.753
2010 01 17 12 00 01.570 SONG -57.692 -66.037 10.0 -10.6738 35.6507 0.0 105.492 87.2317 300.784 766.229 766.09 4.852
2010 01 17 12 00 01.570 SUMB -57.692 -66.037 10.0 -7.9531 31.6195 0.0 100.68 87.4163 301.977 768.422 767.13 4.835
2010 01 17 12 00 01.570 TUND -57.692 -66.037 10.0 -9.2958 32.7712 0.0 102.357 86.8928 301.878 765.308 764.52 4.878
2010 01 17 12 00 01.570 WINO -57.692 -66.037 10.0 -9.7576 35.3001 0.0 104.718 87.8238 301.088 769.533 768.98 4.806
2010 02 05 06 59 07.360 IRIN -47.934 99.51 16.0 -7.762 35.6864 0.0 284.701 66.8419 300.281 650.936 651.07 6.368
2010 02 05 06 59 07.360 KGMA -47.934 99.51 16.0 -4.878 29.633 0.0 281.886 72.9597 300.995 688.65 688.71 5.925
2010 02 05 06 59 07.360 MAFI -47.934 99.51 16.0 -8.3057 35.3132 0.0 284.011 66.6782 301.488 650.143 650.00 6.380
2010 02 05 06 59 07.360 MAKA -47.934 99.51 16.0 -8.8465 34.8302 0.0 283.234 66.5905 300.738 649.383 649.41 6.387
2010 02 05 06 59 07.360 MAUS -47.934 99.51 16.0 -2.741 36.704 0.0 289.0 69.9933 301.12 670.775 671.02 6.139
2010 02 05 06 59 07.360 MIKU -47.934 99.51 16.0 -7.4035 36.9902 0.0 286.02 66.2659 300.591 647.231 647.43 6.410
2010 02 05 06 59 07.360 NAMA -47.934 99.51 16.0 -7.5094 31.0414 0.0 281.164 70.0742 300.717 671.372 671.22 6.137
2010 02 05 06 59 07.360 NJOM -47.934 99.51 16.0 -9.3665 34.7911 0.0 282.828 66.2295 300.443 647.098 647.08 6.414
2010 02 05 06 59 07.360 PNDA -47.934 99.51 16.0 -6.3519 31.0613 0.0 281.99 70.9214 300.509 676.169 676.44 6.073
2010 02 05 06 59 07.360 SONG -47.934 99.51 16.0 -10.6738 35.6507 0.0 282.571 64.6966 300.201 636.856 637.11 6.527
2010 02 05 06 59 07.360 SUMB -47.934 99.51 16.0 -7.9531 31.6195 0.0 281.307 69.3639 301.59 667.245 666.83 6.188
2010 02 05 06 59 07.360 TUND -47.934 99.51 16.0 -9.2958 32.7712 0.0 281.263 67.6103 301.444 656.084 655.83 6.315
2010 02 05 06 59 07.360 WINO -47.934 99.51 16.0 -9.7576 35.3001 0.0 282.956 65.6055 300.427 643.082 643.05 6.458
2010 02 07 06 10 00.360 MAUS 23.436 123.69 23.0 -2.741 36.704 0.0 266.306 88.3122 301.464 770.119 769.76 4.756
2010 02 07 06 10 00.360 MIKU 23.436 123.69 23.0 -7.4035 36.9902 0.0 261.943 89.896 300.821 777.461 777.30 4.643
2010 03 04 00 18 52.300 IRIN 22.93 120.8 27.0 -7.762 35.6864 0.0 260.999 88.5192 300.081 769.796 770.27 4.737
2010 03 04 00 18 52.300 MAFI 22.93 120.8 27.0 -8.3057 35.3132 0.0 260.648 89.0718 300.439 772.154 772.89 4.693
2010 03 04 00 18 52.300 MAKA 22.93 120.8 27.0 -8.8465 34.8302 0.0 260.342 89.7223 300.187 774.892 775.93 4.643
2010 03 04 00 18 52.300 MAUS 22.93 120.8 27.0 -2.741 36.704 0.0 265.191 85.6229 300.898 756.613 756.11 4.968
2010 03 04 00 18 52.300 MIKU 22.93 120.8 27.0 -7.4035 36.9902 0.0 260.814 87.1912 300.932 763.633 763.91 4.840
2010 03 04 00 18 52.300 NJOM 22.93 120.8 27.0 -9.3665 34.7911 0.0 259.882 89.9607 299.934 775.649 777.05 4.643
2010 03 04 00 18 52.300 SONG 22.93 120.8 27.0 -10.6738 35.6507 0.0 258.355 89.6942 299.896 774.611 775.84 4.643
2010 03 04 00 18 52.300 WINO 22.93 120.8 27.0 -9.7576 35.3001 0.0 259.328 89.652 299.825 774.54 775.63 4.646
2010 03 05 16 07 00.00 IRIN -3.838 100.915 24.2 -7.762 35.6864 0.0 263.264 64.9624 300.902 637.917 637.64 6.505
2010 03 05 16 07 00.00 KGMA -3.838 100.915 24.2 -4.878 29.633 0.0 266.18 71.0543 301.753 676.768 675.92 6.062
2010 03 05 16 07 00.00 MAFI -3.838 100.915 24.2 -8.3057 35.3132 0.0 262.665 65.3271 300.019 640.034 640.01 6.477
2010 03 05 16 07 00.00 MAKA -3.838 100.915 24.2 -8.8465 34.8302 0.0 262.072 65.8017 299.919 642.924 643.07 6.443
2010 03 05 16 07 00.00 MAUS -3.838 100.915 24.2 -2.741 36.704 0.0 268.821 64.1024 300.356 632.371 632.04 6.566
2010 03 05 16 07 00.00 MIKU -3.838 100.915 24.2 -7.4035 36.9902 0.0 263.675 63.6738 300.475 629.475 629.20 6.597
2010 03 05 16 07 00.00 NAMA -3.838 100.915 24.2 -7.5094 31.0414 0.0 263.452 69.5703 301.101 667.116 666.84 6.171
2010 03 05 16 07 00.00 NJOM -3.838 100.915 24.2 -9.3665 34.7911 0.0 261.506 65.8391 300.15 643.165 643.32 6.440
2010 03 05 16 07 00.00 PNDA -3.838 100.915 24.2 -6.3519 31.0613 0.0 264.68 69.5811 300.712 666.732 666.91 6.170
2010 03 05 16 07 00.00 SONG -3.838 100.915 24.2 -10.6738 35.6507 0.0 260.071 65.0004 300.774 637.789 637.89 6.502
2010 03 05 16 07 00.00 SUMB -3.838 100.915 24.2 -7.9531 31.6195 0.0 262.994 68.9884 300.623 663.638 663.24 6.213
2010 03 05 16 07 00.00 TUND -3.838 100.915 24.2 -9.2958 32.7712 0.0 261.575 67.8328 300.86 656.86 656.01 6.296
2010 03 05 16 07 00.00 WINO -3.838 100.915 24.2 -9.7576 35.3001 0.0 261.078 65.3378 300.163 640.178 640.08 6.477
2010 03 08 02 32 35.40 IRIN 38.788 40.044 12.2 -7.762 35.6864 0.0 185.959 46.488 300.441 506.416 508.81 7.833
2010 03 08 02 32 35.40 KGMA 38.788 40.044 12.2 -4.878 29.633 0.0 194.885 44.5036 297.573 488.548 492.93 7.977
2010 03 08 02 32 35.40 MAFI 38.788 40.044 12.2 -8.3057 35.3132 0.0 186.402 47.0577 299.976 510.951 513.28 7.789
2010 03 08 02 32 35.40 MAKA 38.788 40.044 12.2 -8.8465 34.8302 0.0 186.981 47.6367 300.095 515.06 517.81 7.749
2010 03 08 02 32 35.40 MAUS 38.788 40.044 12.2 -2.741 36.704 0.0 185.045 41.4378 299.513 465.488 468.07 8.193
2010 03 08 02 32 35.40 MIKU 38.788 40.044 12.2 -7.4035 36.9902 0.0 184.209 46.0424 299.626 502.586 505.30 7.865
2010 03 08 02 32 35.40 NAMA 38.788 40.044 12.2 -7.5094 31.0414 0.0 192.286 46.8147 298.577 507.552 511.32 7.809
2010 03 08 02 32 35.40 NJOM 38.788 40.044 12.2 -9.3665 34.7911 0.0 186.966 48.1547 299.849 518.824 521.84 7.711
2010 03 08 02 32 35.40 PNDA 38.788 40.044 12.2 -6.3519 31.0613 0.0 192.528 45.678 298.079 498.059 502.34 7.892
2010 03 08 02 32 35.40 SONG 38.788 40.044 12.2 -10.6738 35.6507 0.0 185.693 49.3748 298.924 527.899 531.26 7.622
2010 03 08 02 32 35.40 SUMB 38.788 40.044 12.2 -7.9531 31.6195 0.0 191.415 47.1569 298.651 510.626 514.01 7.782
2010 03 08 02 32 35.40 TUND 38.788 40.044 12.2 -9.2958 32.7712 0.0 189.632 48.3128 299.509 520.469 523.04 7.700
2010 03 08 02 32 35.40 WINO 38.788 40.044 12.2 -9.7576 35.3001 0.0 186.249 48.4959 299.307 521.282 524.48 7.686
2010 03 25 05 29 26.330 IRIN 13.829 120.013 24.6 -7.762 35.6864 0.0 261.147 86.3712 299.827 759.512 760.19 4.906
2010 03 25 05 29 26.330 LOSS 13.829 120.013 24.6 -8.4166 33.1575 0.0 261.132 88.9582 300.155 771.825 772.63 4.703
2010 03 25 05 29 26.330 MAFI 13.829 120.013 24.6 -8.3057 35.3132 0.0 260.714 86.8634 299.984 761.669 762.61 4.868
2010 03 25 05 29 26.330 MAKA 13.829 120.013 24.6 -8.8465 34.8302 0.0 260.312 87.4594 299.732 764.407 765.50 4.821
2010 03 25 05 29 26.330 MAUS 13.829 120.013 24.6 -2.741 36.704 0.0 265.746 84.1589 300.068 748.753 749.06 5.086
2010 03 25 05 29 26.330 NJOM 13.829 120.013 24.6 -9.3665 34.7911 0.0 259.82 87.6247 299.244 764.929 766.30 4.808
2010 03 25 05 29 26.330 SONG 13.829 120.013 24.6 -10.6738 35.6507 0.0 258.349 87.1289 300.174 762.859 763.93 4.846
2010 03 25 05 29 26.330 TUND 13.829 120.013 24.6 -9.2958 32.7712 0.0 260.377 89.5404 300.441 775.126 775.36 4.657
2010 03 25 05 29 26.330 WINO 13.829 120.013 24.6 -9.7576 35.3001 0.0 259.319 87.235 299.614 763.299 764.43 4.838
2010 03 30 16 54 47.370 CHIM 13.612 92.874 38.5 -8.8263 34.0284 0.0 252.432 62.5177 300.375 619.02 619.96 6.667
2010 03 30 16 54 47.370 IRIN 13.612 92.874 38.5 -7.762 35.6864 0.0 252.912 60.6118 300.749 606.394 607.09 6.811
2010 03 30 16 54 47.370 LAEL 13.612 92.874 38.5 -8.566 32.0591 0.0 253.446 64.26 300.044 630.689 631.45 6.548
2010 03 30 16 54 47.370 LOSS 13.612 92.874 38.5 -8.4166 33.1575 0.0 253.193 63.187 299.814 623.444 624.39 6.624
2010 03 30 16 54 47.370 MAFI 13.612 92.874 38.5 -8.3057 35.3132 0.0 252.48 61.1465 300.081 609.726 610.74 6.771
2010 03 30 16 54 47.370 MAUS 13.612 92.874 38.5 -2.741 36.704 0.0 258.009 58.0234 300.846 588.491 589.08 6.995
2010 03 30 16 54 47.370 NAMA 13.612 92.874 38.5 -7.5094 31.0414 0.0 254.91 64.8674 299.835 634.48 635.38 6.505
2010 03 30 16 54 47.370 NJOM 13.612 92.874 38.5 -9.3665 34.7911 0.0 251.565 62.001 299.182 614.812 616.52 6.706
2010 03 30 16 54 47.370 PNDA 13.612 92.874 38.5 -6.3519 31.0613 0.0 256.11 64.4833 300.53 632.175 632.85 6.533
2010 03 30 16 54 47.370 SONG 13.612 92.874 38.5 -10.6738 35.6507 0.0 249.843 61.6841 299.362 613.007 614.44 6.730
2010 03 30 16 54 47.370 SUMB 13.612 92.874 38.5 -7.9531 31.6195 0.0 254.243 64.4688 300.485 632.13 632.80 6.533
2010 03 30 16 54 47.370 TUND 13.612 92.874 38.5 -9.2958 32.7712 0.0 252.422 63.8442 300.994 628.634 628.75 6.577
2010 03 30 16 54 47.370 WINO 13.612 92.874 38.5 -9.7576 35.3001 0.0 250.949 61.6717 300.164 612.799 614.32 6.731
2010 04 05 10 05 44.630 MAFI -0.089 125.104 28.1 -8.3057 35.3132 0.0 261.749 89.7803 300.737 775.112 775.82 4.643
2010 04 05 10 05 44.630 MAUS -0.089 125.104 28.1 -2.741 36.704 0.0 267.279 88.3976 300.797 769.182 769.33 4.750
2010 04 05 10 05 44.630 MIKU -0.089 125.104 28.1 -7.4035 36.9902 0.0 262.644 88.118 300.816 767.201 768.00 4.772
2010 04 05 10 05 44.630 SONG -0.089 125.104 28.1 -10.6738 35.6507 0.0 259.396 89.4464 299.37 772.745 774.27 4.667
2010 04 06 22 15 02.130 CHIM 2.36 97.111 33.4 -8.8263 34.0284 0.0 259.043 63.8447 300.511 629.396 629.11 6.581
2010 04 06 22 15 02.130 LAEL 2.36 97.111 33.4 -8.566 32.0591 0.0 259.579 65.7479 301.083 641.968 641.50 6.443
2010 04 06 22 15 02.130 LOSS 2.36 97.111 33.4 -8.4166 33.1575 0.0 259.605 64.6516 301.039 634.909 634.39 6.524
2010 04 06 22 15 02.130 MAFI 2.36 97.111 33.4 -8.3057 35.3132 0.0 259.445 62.5205 300.645 620.52 620.33 6.671
2010 04 06 22 15 02.130 MAKA 2.36 97.111 33.4 -8.8465 34.8302 0.0 258.911 63.0608 300.95 623.84 623.93 6.636
2010 04 06 22 15 02.130 MAUS 2.36 97.111 33.4 -2.741 36.704 0.0 265.547 60.5988 301.173 608.058 607.33 6.817
2010 04 06 22 15 02.130 MGOR 2.36 97.111 33.4 -6.8279 37.6696 0.0 260.789 60.0259 301.086 603.966 603.44 6.858
2010 04 06 22 15 02.130 MIKU 2.36 97.111 33.4 -7.4035 36.9902 0.0 260.228 60.7629 301.041 608.926 608.48 6.804
2010 04 06 22 15 02.130 NAMA 2.36 97.111 33.4 -7.5094 31.0414 0.0 260.838 66.6375 300.737 647.622 647.20 6.378
2010 04 06 22 15 02.130 PNDA 2.36 97.111 33.4 -6.3519 31.0613 0.0 262.083 66.5061 300.623 646.508 646.35 6.388
2010 04 06 22 15 02.130 SONG 2.36 97.111 33.4 -10.6738 35.6507 0.0 256.766 62.5039 300.359 620.234 620.25 6.672
2010 04 06 22 15 02.130 SUMB 2.36 97.111 33.4 -7.9531 31.6195 0.0 260.294 66.1136 301.61 644.495 643.85 6.417
2010 04 06 22 15 02.130 TUND 2.36 97.111 33.4 -9.2958 32.7712 0.0 258.697 65.1339 301.648 638.523 637.54 6.488
2010 04 11 22 08 11.320 KYLA 37.007 -3.476 619.6 -9.5986 33.8673 0.0 135.205 58.1072 302.061 536.751 537.05 6.700
2010 04 11 22 08 11.320 LAEL 37.007 -3.476 619.6 -8.566 32.0591 0.0 136.267 56.2509 300.474 523.169 524.48 6.830
2010 04 11 22 08 11.320 LOSS 37.007 -3.476 619.6 -8.4166 33.1575 0.0 135.091 56.7428 301.096 526.776 527.80 6.796
2010 04 11 22 08 11.320 MAFI 37.007 -3.476 619.6 -8.3057 35.3132 0.0 132.954 57.894 301.483 535.168 535.54 6.716
2010 04 11 22 08 11.320 MAKA 37.007 -3.476 619.6 -8.8465 34.8302 0.0 133.782 58.0474 301.46 536.15 536.60 6.705
2010 04 11 22 08 11.320 MAUS 37.007 -3.476 619.6 -2.741 36.704 0.0 127.55 54.3777 302.34 512.035 511.19 6.958
2010 04 11 22 08 11.320 MGOR 37.007 -3.476 619.6 -6.8279 37.6696 0.0 129.714 58.1426 301.499 537.189 537.10 6.699
2010 04 11 22 08 11.320 NAMA 37.007 -3.476 619.6 -7.5094 31.0414 0.0 136.572 54.8176 300.772 513.467 514.59 6.928
2010 04 11 22 08 11.320 PNDA 37.007 -3.476 619.6 -6.3519 31.0613 0.0 135.762 53.8746 301.052 506.747 507.97 6.987
2010 04 11 22 08 11.320 SONG 37.007 -3.476 619.6 -10.6738 35.6507 0.0 134.253 59.9937 300.909 548.594 549.59 6.575
2010 04 11 22 08 11.320 SUMB 37.007 -3.476 619.6 -7.9531 31.6195 0.0 136.291 55.5027 300.586 518.281 519.33 6.881
2010 04 11 22 08 11.320 TUND 37.007 -3.476 619.6 -9.2958 32.7712 0.0 136.057 57.2459 301.683 530.368 531.26 6.760
2010 04 13 23 49 37.10 LAEL 33.192 96.746 13.8 -8.566 32.0591 0.0 248.372 74.1007 300.869 695.874 696.28 5.835
2010 04 13 23 49 37.10 LOSS 33.192 96.746 13.8 -8.4166 33.1575 0.0 247.794 73.1545 300.048 690.038 690.74 5.904
2010 04 13 23 49 37.10 MAFI 33.192 96.746 13.8 -8.3057 35.3132 0.0 246.485 71.4201 300.604 679.599 680.41 6.032
2010 04 13 23 49 37.10 MAKA 33.192 96.746 13.8 -8.8465 34.8302 0.0 246.362 72.1295 299.665 683.665 684.68 5.978
2010 04 13 23 49 37.10 MAUS 33.192 96.746 13.8 -2.741 36.704 0.0 250.197 66.8978 300.62 651.625 652.18 6.359
2010 04 13 23 49 37.10 MGOR 33.192 96.746 13.8 -6.8279 37.6696 0.0 246.123 68.682 300.443 662.443 663.59 6.230
2010 04 13 23 49 37.10 MIKU 33.192 96.746 13.8 -7.4035 36.9902 0.0 246.108 69.566 300.298 668.303 669.09 6.165
2010 04 13 23 49 37.10 NAMA 33.192 96.746 13.8 -7.5094 31.0414 0.0 249.876 74.2559 300.9 696.905 697.13 5.824
2010 04 13 23 49 37.10 PNDA 33.192 96.746 13.8 -6.3519 31.0613 0.0 250.815 73.5432 300.375 692.38 692.92 5.877
2010 04 13 23 49 37.10 SONG 33.192 96.746 13.8 -10.6738 35.6507 0.0 244.351 72.6557 299.685 686.68 687.90 5.940
2010 04 13 23 49 37.10 SUMB 33.192 96.746 13.8 -7.9531 31.6195 0.0 249.149 74.0706 300.818 695.823 696.08 5.837
2010 04 13 23 49 37.10 TUND 33.192 96.746 13.8 -9.2958 32.7712 0.0 247.327 73.9959 300.886 695.886 695.71 5.842
2010 04 14 01 25 16.450 LAEL 33.149 96.489 12.2 -8.566 32.0591 0.0 248.22 73.8846 299.882 693.447 695.28 5.851
2010 04 14 01 25 16.450 LOSS 33.149 96.489 12.2 -8.4166 33.1575 0.0 247.641 72.9388 299.124 687.674 689.73 5.921
2010 04 14 01 25 16.450 MAFI 33.149 96.489 12.2 -8.3057 35.3132 0.0 246.329 71.2054 299.658 677.213 679.38 6.047
2010 04 14 01 25 16.450 MAKA 33.149 96.489 12.2 -8.8465 34.8302 0.0 246.207 71.9149 298.805 681.365 683.66 5.995
2010 04 14 01 25 16.450 MAUS 33.149 96.489 12.2 -2.741 36.704 0.0 250.043 66.6805 299.661 649.226 651.06 6.376
2010 04 14 01 25 16.450 MGOR 33.149 96.489 12.2 -6.8279 37.6696 0.0 245.964 68.4676 299.529 660.089 662.52 6.246
2010 04 14 01 25 16.450 MIKU 33.149 96.489 12.2 -7.4035 36.9902 0.0 245.95 69.3516 299.374 665.939 668.03 6.182
2010 04 14 01 25 16.450 NAMA 33.149 96.489 12.2 -7.5094 31.0414 0.0 249.726 74.0388 300.01 694.575 696.13 5.840
2010 04 14 01 25 16.450 PNDA 33.149 96.489 12.2 -6.3519 31.0613 0.0 250.666 73.3256 299.346 689.911 691.91 5.893
2010 04 14 01 25 16.450 SONG 33.149 96.489 12.2 -10.6738 35.6507 0.0 244.194 72.4429 298.82 684.375 686.90 5.955
2010 04 14 01 25 16.450 SUMB 33.149 96.489 12.2 -7.9531 31.6195 0.0 248.999 73.854 299.928 693.493 695.08 5.854
2010 04 14 01 25 16.450 TUND 33.149 96.489 12.2 -9.2958 32.7712 0.0 247.174 73.7806 300.002 693.562 694.71 5.859
2010 04 26 02 59 52.260 MAUS 22.24 123.815 23.2 -2.741 36.704 0.0 266.389 88.3515 301.007 769.762 769.91 4.753
2010 04 26 02 59 52.260 MGOR 22.24 123.815 23.2 -6.8279 37.6696 0.0 262.267 89.0028 300.666 772.416 773.08 4.700
2010 05 05 16 29 03.110 IRIN -4.139 101.105 26.3 -7.762 35.6864 0.0 263.4 65.116 301.866 639.766 638.34 6.493
2010 05 05 16 29 03.110 KGMA -4.139 101.105 26.3 -4.878 29.633 0.0 266.273 71.2237 302.687 678.592 676.65 6.051
2010 05 05 16 29 03.110 LAEL -4.139 101.105 26.3 -8.566 32.0591 0.0 262.461 68.692 301.687 662.592 661.09 6.234
2010 05 05 16 29 03.110 LOSS -4.139 101.105 26.3 -8.4166 33.1575 0.0 262.643 67.6084 302.006 655.896 654.29 6.312
2010 05 05 16 29 03.110 MAFI -4.139 101.105 26.3 -8.3057 35.3132 0.0 262.799 65.4773 301.987 641.882 640.68 6.465
2010 05 05 16 29 03.110 MAKA -4.139 101.105 26.3 -8.8465 34.8302 0.0 262.203 65.9485 302.157 645.062 643.72 6.432
2010 05 05 16 29 03.110 MAUS -4.139 101.105 26.3 -2.741 36.704 0.0 268.955 64.2861 302.473 634.378 632.94 6.552
2010 05 05 16 29 03.110 MGOR -4.139 101.105 26.3 -6.8279 37.6696 0.0 264.472 63.1664 302.221 627.121 625.55 6.632
2010 05 05 16 29 03.110 NAMA -4.139 101.105 26.3 -7.5094 31.0414 0.0 263.557 69.7248 302.012 668.917 667.49 6.158
2010 05 05 16 29 03.110 PNDA -4.139 101.105 26.3 -6.3519 31.0613 0.0 264.783 69.7423 301.67 668.575 667.60 6.157
2010 05 05 16 29 03.110 SONG -4.139 101.105 26.3 -10.6738 35.6507 0.0 260.21 65.1359 301.601 639.496 638.47 6.491
2010 05 05 16 29 03.110 SUMB -4.139 101.105 26.3 -7.9531 31.6195 0.0 263.103 69.1404 302.525 665.43 663.88 6.202
2010 05 05 16 29 03.110 TUND -4.139 101.105 26.3 -9.2958 32.7712 0.0 261.693 67.9768 302.686 658.591 656.61 6.285
2010 05 09 05 59 42.340 IRIN 3.732 96.027 42.3 -7.762 35.6864 0.0 259.115 61.271 301.462 611.132 610.94 6.762
2010 05 09 05 59 42.340 KGMA 3.732 96.027 42.3 -4.878 29.633 0.0 263.125 66.8763 301.61 648.285 647.68 6.358
2010 05 09 05 59 42.340 LAEL 3.732 96.027 42.3 -8.566 32.0591 0.0 258.814 64.94 300.735 635.41 635.27 6.500
2010 05 09 05 59 42.340 LOSS 3.732 96.027 42.3 -8.4166 33.1575 0.0 258.804 63.8434 300.679 628.339 628.10 6.578
2010 05 09 05 59 42.340 MAFI 3.732 96.027 42.3 -8.3057 35.3132 0.0 258.57 61.7176 301.131 613.796 613.96 6.729
2010 05 09 05 59 42.340 MAKA 3.732 96.027 42.3 -8.8465 34.8302 0.0 258.052 62.2722 311.931 628.611 617.69 6.687
2010 05 09 05 59 42.340 MAUS 3.732 96.027 42.3 -2.741 36.704 0.0 264.657 59.6365 301.504 600.179 599.73 6.883
2010 05 09 05 59 42.340 MGOR 3.732 96.027 42.3 -6.8279 37.6696 0.0 259.837 59.1881 301.165 596.835 596.69 6.915
2010 05 09 05 59 42.340 NAMA 3.732 96.027 42.3 -7.5094 31.0414 0.0 260.11 65.7954 301.269 640.944 640.79 6.437
2010 05 09 05 59 42.340 PNDA 3.732 96.027 42.3 -6.3519 31.0613 0.0 261.358 65.631 300.885 639.56 639.72 6.449
2010 05 09 05 59 42.340 SONG 3.732 96.027 42.3 -10.6738 35.6507 0.0 255.873 61.7743 300.412 614.077 614.38 6.724
2010 05 09 05 59 42.340 SUMB 3.732 96.027 42.3 -7.9531 31.6195 0.0 259.546 65.2862 301.257 637.932 637.51 6.474
2010 05 09 05 59 42.340 TUND 3.732 96.027 42.3 -9.2958 32.7712 0.0 257.907 64.3501 301.498 632.163 631.43 6.542
2010 05 25 10 09 06.280 IRIN 35.283 -35.936 15.4 -7.762 35.6864 0.0 107.106 79.7202 302.539 729.269 727.56 5.423
2010 05 25 10 09 06.280 KGMA 35.283 -35.936 15.4 -4.878 29.633 0.0 108.644 73.2261 299.514 689.249 690.76 5.900
2010 05 25 10 09 06.280 LAEL 35.283 -35.936 15.4 -8.566 32.0591 0.0 110.022 77.4038 299.766 713.501 714.87 5.593
2010 05 25 10 09 06.280 LOSS 35.283 -35.936 15.4 -8.4166 33.1575 0.0 109.207 78.1572 300.179 717.899 719.05 5.536
2010 05 25 10 09 06.280 MAFI 35.283 -35.936 15.4 -8.3057 35.3132 0.0 107.77 79.7614 300.397 727.122 727.81 5.419
2010 05 25 10 09 06.280 MGOR 35.283 -35.936 15.4 -6.8279 37.6696 0.0 105.142 80.7126 301.369 733.099 732.85 5.348
2010 05 25 10 09 06.280 NAMA 35.283 -35.936 15.4 -7.5094 31.0414 0.0 109.837 75.9598 299.705 705.44 706.70 5.693
2010 05 25 10 09 06.280 PNDA 35.283 -35.936 15.4 -6.3519 31.0613 0.0 108.901 75.2518 299.751 701.486 702.60 5.748
2010 05 25 10 09 06.280 SONG 35.283 -35.936 15.4 -10.6738 35.6507 0.0 109.436 81.4778 300.597 736.322 737.07 5.284
2010 05 25 10 09 06.280 SUMB 35.283 -35.936 15.4 -7.9531 31.6195 0.0 109.818 76.6824 299.982 709.717 710.80 5.645
2010 05 25 10 09 06.280 TUND 35.283 -35.936 15.4 -9.2958 32.7712 0.0 110.147 78.4068 300.925 719.655 720.46 5.516
2010 05 25 10 09 06.280 UVZA 35.283 -35.936 15.4 -5.1049 30.3934 0.0 108.332 73.9575 299.944 693.674 695.06 5.847
2010 05 31 10 16 02.640 IRIN 6.937 123.962 34.3 -7.762 35.6864 0.0 262.138 89.2261 299.478 770.848 772.38 4.682
2010 05 31 10 16 02.640 MAFI 6.937 123.962 34.3 -8.3057 35.3132 0.0 261.647 89.6591 299.003 772.368 774.41 4.647
2010 05 31 10 16 02.640 MAUS 6.937 123.962 34.3 -2.741 36.704 0.0 266.965 87.6078 300.141 763.516 764.66 4.810
2010 05 31 10 16 02.640 MGOR 6.937 123.962 34.3 -6.8279 37.6696 0.0 262.813 87.1582 300.001 761.371 762.53 4.844
2010 05 31 10 16 02.640 SONG 6.937 123.962 34.3 -10.6738 35.6507 0.0 259.271 89.6174 298.634 771.999 774.23 4.650
2010 05 31 19 51 47.690 IRIN 11.21 93.651 131.6 -7.762 35.6864 0.0 254.487 60.6704 301.542 597.862 597.40 6.771
2010 05 31 19 51 47.690 KGMA 11.21 93.651 131.6 -4.878 29.633 0.0 259.427 65.6703 301.53 630.855 630.27 6.414
2010 05 31 19 51 47.690 LAEL 11.21 93.651 131.6 -8.566 32.0591 0.0 254.817 64.3375 301.641 621.966 621.75 6.510
2010 05 31 19 51 47.690 LOSS 11.21 93.651 131.6 -8.4166 33.1575 0.0 254.623 63.2547 301.463 614.773 614.66 6.587
2010 05 31 19 51 47.690 MAFI 11.21 93.651 131.6 -8.3057 35.3132 0.0 254.025 61.1855 301.576 600.891 600.89 6.732
2010 05 31 19 51 47.690 MAKA 11.21 93.651 131.6 -8.8465 34.8302 0.0 253.607 61.8037 301.266 604.591 605.05 6.686
2010 05 31 19 51 47.690 MAUS 11.21 93.651 131.6 -2.741 36.704 0.0 259.721 58.3072 302.726 582.051 581.08 6.942
2010 05 31 19 51 47.690 MGOR 11.21 93.651 131.6 -6.8279 37.6696 0.0 254.828 58.5152 301.674 582.994 582.62 6.927
2010 05 31 19 51 47.690 NAMA 11.21 93.651 131.6 -7.5094 31.0414 0.0 256.246 65.0081 301.841 626.166 626.07 6.460
2010 05 31 19 51 47.690 NJOM 11.21 93.651 131.6 -9.3665 34.7911 0.0 253.063 61.999 300.355 605.67 606.37 6.671
2010 05 31 19 51 47.690 PNDA 11.21 93.651 131.6 -6.3519 31.0613 0.0 257.463 64.6767 302.021 624.346 623.90 6.485
2010 05 31 19 51 47.690 SONG 11.21 93.651 131.6 -10.6738 35.6507 0.0 251.361 61.6073 300.96 603.275 603.78 6.700
2010 05 31 19 51 47.690 SUMB 11.21 93.651 131.6 -7.9531 31.6195 0.0 255.602 64.5808 301.349 623.674 623.31 6.492
2010 05 31 19 51 47.690 TUND 11.21 93.651 131.6 -9.2958 32.7712 0.0 253.817 63.8774 302.297 619.612 618.77 6.542
2010 05 31 19 51 47.690 UVZA 11.21 93.651 131.6 -5.1049 30.3934 0.0 258.976 64.9945 302.033 626.353 625.93 6.462
2010 06 12 19 26 50.50 IRIN 7.85 91.954 31.4 -7.762 35.6864 0.0 255.861 58.197 300.849 590.809 591.19 6.984
2010 06 12 19 26 50.50 KGMA 7.85 91.954 31.4 -4.878 29.633 0.0 260.574 63.4412 300.728 626.693 626.77 6.610
2010 06 12 19 26 50.50 LAEL 7.85 91.954 31.4 -8.566 32.0591 0.0 255.963 61.8747 299.913 615.878 616.40 6.720
2010 06 12 19 26 50.50 LOSS 7.85 91.954 31.4 -8.4166 33.1575 0.0 255.833 60.784 300.552 608.502 609.03 6.801
2010 06 12 19 26 50.50 MAFI 7.85 91.954 31.4 -8.3057 35.3132 0.0 255.354 58.6885 299.83 593.785 594.62 6.952
2010 06 12 19 26 50.50 MAKA 7.85 91.954 31.4 -8.8465 34.8302 0.0 254.887 59.2854 299.583 597.548 598.77 6.911
2010 06 12 19 26 50.50 MAUS 7.85 91.954 31.4 -2.741 36.704 0.0 261.387 56.1071 300.352 576.317 576.32 7.143
2010 06 12 19 26 50.50 MGOR 7.85 91.954 31.4 -6.8279 37.6696 0.0 256.359 56.0623 300.612 575.572 576.09 7.146
2010 06 12 19 26 50.50 NAMA 7.85 91.954 31.4 -7.5094 31.0414 0.0 257.378 62.6158 299.773 620.738 621.34 6.664
2010 06 12 19 26 50.50 NJOM 7.85 91.954 31.4 -9.3665 34.7911 0.0 254.317 59.454 299.583 598.538 599.94 6.898
2010 06 12 19 26 50.50 PNDA 7.85 91.954 31.4 -6.3519 31.0613 0.0 258.639 62.3469 299.929 618.894 619.52 6.685
2010 06 12 19 26 50.50 SONG 7.85 91.954 31.4 -10.6738 35.6507 0.0 252.598 58.9818 299.591 595.546 596.71 6.932
2010 06 12 19 26 50.50 SUMB 7.85 91.954 31.4 -7.9531 31.6195 0.0 256.748 62.1568 300.006 617.971 618.28 6.699
2010 06 12 19 26 50.50 UVZA 7.85 91.954 31.4 -5.1049 30.3934 0.0 260.159 62.7428 299.975 621.935 622.14 6.654
2010 07 23 22 08 11.220 MAFI 6.711 123.487 610.2 -8.3057 35.3132 0.0 261.592 89.1597 302.259 713.059 711.82 4.633
2010 07 23 22 51 13.00 MAFI 6.423 123.579 584.7 -8.3057 35.3132 0.0 261.607 89.2084 302.876 716.896 714.31 4.634
2010 07 23 23 15 09.820 MAFI 6.74 123.327 633.7 -8.3057 35.3132 0.0 261.573 89.0067 300.981 708.156 709.05 4.633
2010 07 24 05 35 01.820 MAFI 6.171 123.562 564.7 -8.3057 35.3132 0.0 261.609 89.1551 301.744 715.944 715.86 4.635
2010 08 16 03 30 54.210 CHAM -17.807 65.602 14.7 -10.9505 31.0691 0.0 276.771 34.0974 300.149 402.954 403.93 8.679
2010 08 16 03 30 54.210 ISOK -17.807 65.602 14.7 -10.1708 32.6457 0.0 278.909 32.8268 300.504 392.304 392.88 8.750
2010 08 16 03 30 54.210 KAMZ -17.807 65.602 14.7 -14.7948 24.8044 0.0 268.261 39.2195 300.596 447.401 447.46 8.359
2010 08 16 03 30 54.210 KASM -17.807 65.602 14.7 -10.2174 31.1401 0.0 278.052 34.2321 299.173 403.973 405.12 8.671
2010 08 16 03 30 54.210 KISH -17.807 65.602 14.7 -12.0219 29.6123 0.0 274.322 35.2088 299.538 412.338 413.50 8.611
2010 08 16 03 30 54.210 KMPZ -17.807 65.602 14.7 -13.4568 25.8337 0.0 270.645 38.4906 300.056 440.866 441.38 8.408
2010 08 16 03 30 54.210 LWNG -17.807 65.602 14.7 -10.2498 29.921 0.0 277.402 35.3739 300.148 413.958 414.97 8.601
2010 08 16 03 30 54.210 MANS -17.807 65.602 14.7 -11.14 28.8749 0.0 275.471 36.1264 299.928 420.738 421.39 8.557
2010 08 16 03 30 54.210 MPIK -17.807 65.602 14.7 -11.821 31.4517 0.0 275.443 33.5114 299.938 397.733 398.81 8.719
2010 08 16 03 30 54.210 MWEN -17.807 65.602 14.7 -10.0582 28.7017 0.0 277.14 36.5796 298.825 423.635 425.30 8.529
2010 08 16 03 30 54.210 SERJ -17.807 65.602 14.7 -13.2275 30.215 0.0 272.508 34.3655 299.674 405.479 406.19 8.664
2010 08 16 03 30 54.210 SHWG -17.807 65.602 14.7 -11.1925 31.7397 0.0 276.669 33.3988 300.236 397.026 397.85 8.724
2010 08 21 05 42 54.130 CHAM 2.198 96.723 33.2 -10.9505 31.0691 0.0 257.154 66.5871 302.506 648.391 646.93 6.382
2010 08 21 05 42 54.130 GABZ 2.198 96.723 33.2 -12.171 26.367 0.0 256.455 71.307 305.422 681.302 676.25 6.042
2010 08 21 05 42 54.130 ISOK 2.198 96.723 33.2 -10.1708 32.6457 0.0 257.783 64.9517 302.812 638.693 636.39 6.502
2010 08 21 05 42 54.130 KAMZ 2.198 96.723 33.2 -14.7948 24.8044 0.0 253.922 73.1227 307.322 694.207 687.12 5.908
2010 08 21 05 42 54.130 KASM 2.198 96.723 33.2 -10.2174 31.1401 0.0 257.933 66.4283 307.541 652.421 645.91 6.394
2010 08 21 05 42 54.130 KISH 2.198 96.723 33.2 -12.0219 29.6123 0.0 256.205 68.1381 302.962 658.842 656.75 6.270
2010 08 21 05 42 54.130 KISZ 2.198 96.723 33.2 -12.1116 25.4952 0.0 256.617 72.1477 307.535 688.42 681.30 5.979
2010 08 21 05 42 54.130 KMPZ 2.198 96.723 33.2 -13.4568 25.8337 0.0 255.181 71.9721 302.441 682.331 680.27 5.993
2010 08 21 05 42 54.130 LWNG 2.198 96.723 33.2 -10.2498 29.921 0.0 258.052 67.6236 303.016 655.906 653.50 6.308
2010 08 21 05 42 54.130 MANS 2.198 96.723 33.2 -11.14 28.8749 0.0 257.235 68.7481 306.869 666.759 660.55 6.227
2010 08 21 05 42 54.130 MPIK 2.198 96.723 33.2 -11.821 31.4517 0.0 256.166 66.3272 305.664 650.539 645.28 6.401
2010 08 21 05 42 54.130 SERJ 2.198 96.723 33.2 -13.2275 30.215 0.0 254.839 67.7136 303.637 657.522 654.10 6.301
2010 08 21 05 42 54.130 SHWG 2.198 96.723 33.2 -11.1925 31.7397 0.0 256.802 65.965 307.193 649.063 642.95 6.428
2010 09 09 07 28 01.870 KAMZ -37.054 -73.535 18.6 -14.7948 24.8044 0.0 106.703 87.7064 301.714 767.859 766.92 4.814
2010 09 09 07 28 01.870 KISZ -37.054 -73.535 18.6 -12.1116 25.4952 0.0 105.004 89.8697 302.126 778.271 777.22 4.643
2010 09 09 07 28 01.870 KMPZ -37.054 -73.535 18.6 -13.4568 25.8337 0.0 106.262 89.3102 301.541 775.691 774.57 4.688
2010 09 09 07 28 01.870 MUFZ -37.054 -73.535 18.6 -13.1442 25.0213 0.0 105.532 88.8755 302.104 773.249 772.54 4.721
2010 09 17 19 21 15.200 CHAM 36.535 70.969 215.4 -10.9505 31.0691 0.0 226.462 60.3367 299.064 584.879 587.38 6.750
2010 09 17 19 21 15.200 GABZ 36.535 70.969 215.4 -12.171 26.367 0.0 229.744 64.1156 299.395 610.205 612.35 6.483
2010 09 17 19 21 15.200 ISOK 36.535 70.969 215.4 -10.1708 32.6457 0.0 225.539 58.7972 299.92 574.73 576.89 6.863
2010 09 17 19 21 15.200 KAMZ 36.535 70.969 215.4 -14.7948 24.8044 0.0 229.238 67.0989 299.299 629.114 631.46 6.269
2010 09 17 19 21 15.200 KASM 36.535 70.969 215.4 -10.2174 31.1401 0.0 226.899 59.7101 300.117 580.927 583.10 6.797
2010 09 17 19 21 15.200 KISH 36.535 70.969 215.4 -12.0219 29.6123 0.0 227.041 62.0444 299.487 596.297 598.82 6.629
2010 09 17 19 21 15.200 KISZ 36.535 70.969 215.4 -12.1116 25.4952 0.0 230.518 64.6087 299.159 612.974 615.52 6.447
2010 09 17 19 21 15.200 KMPZ 36.535 70.969 215.4 -13.4568 25.8337 0.0 229.304 65.4368 299.629 618.449 620.90 6.387
2010 09 17 19 21 15.200 LWNG 36.535 70.969 215.4 -10.2498 29.921 0.0 227.981 60.459 300.511 586.331 588.15 6.742
2010 09 17 19 21 15.200 MANS 36.535 70.969 215.4 -11.14 28.8749 0.0 228.295 61.7873 300.168 594.988 597.06 6.646
2010 09 17 19 21 15.200 MPIK 36.535 70.969 215.4 -11.821 31.4517 0.0 225.528 60.8131 299.038 587.843 590.63 6.714
2010 09 17 19 21 15.200 MUFZ 36.535 70.969 215.4 -13.1442 25.0213 0.0 230.193 65.6952 299.111 619.926 622.52 6.369
2010 09 17 19 21 15.200 MWEN 36.535 70.969 215.4 -10.0582 28.7017 0.0 229.202 61.0452 301.658 591.478 592.06 6.699
2010 10 25 14 42 22.180 GABZ -3.524 100.104 20.0 -12.171 26.367 0.0 258.418 73.3746 300.091 689.921 690.39 5.895
2010 10 25 14 42 22.180 ISOK -3.524 100.104 20.0 -10.1708 32.6457 0.0 260.506 67.2061 300.045 651.875 652.65 6.342
2010 10 25 14 42 22.180 KAMZ -3.524 100.104 20.0 -14.7948 24.8044 0.0 255.711 74.9006 299.869 698.704 699.30 5.780
2010 10 25 14 42 22.180 KASM -3.524 100.104 20.0 -10.2174 31.1401 0.0 260.464 68.6885 299.067 660.897 661.97 6.236
2010 10 25 14 42 22.180 KISH -3.524 100.104 20.0 -12.0219 29.6123 0.0 258.56 70.1999 299.259 670.089 671.32 6.127
2010 10 25 14 42 22.180 KMPZ -3.524 100.104 20.0 -13.4568 25.8337 0.0 257.087 73.8962 299.82 692.66 693.46 5.857
2010 10 25 14 42 22.180 LWNG -3.524 100.104 20.0 -10.2498 29.921 0.0 260.432 69.8885 299.888 668.728 669.40 6.149
2010 10 25 14 42 22.180 MANS -3.524 100.104 20.0 -11.14 28.8749 0.0 259.494 70.9173 300.276 675.116 675.69 6.073
2010 10 25 14 42 22.180 MUFZ -3.524 100.104 20.0 -13.1442 25.0213 0.0 257.411 74.6868 299.631 697.466 698.06 5.797
2010 10 25 14 42 22.180 MWEN -3.524 100.104 20.0 -10.0582 28.7017 0.0 260.63 71.0894 299.97 675.81 676.73 6.061
2010 10 25 19 37 30.470 GABZ -3.006 100.37 22.6 -12.171 26.367 0.0 258.27 73.7387 299.346 690.886 692.17 5.867
2010 10 25 19 37 30.470 ISOK -3.006 100.37 22.6 -10.1708 32.6457 0.0 260.298 67.5537 299.464 653.004 654.49 6.317
2010 10 25 19 37 30.470 KAMZ -3.006 100.37 22.6 -14.7948 24.8044 0.0 255.58 75.2855 299.251 699.796 701.15 5.751
2010 10 25 19 37 30.470 KASM -3.006 100.37 22.6 -10.2174 31.1401 0.0 260.271 69.0364 299.4 661.94 663.77 6.210
2010 10 25 19 37 30.470 KISH -3.006 100.37 22.6 -12.0219 29.6123 0.0 258.384 70.5629 298.67 671.21 673.17 6.100
2010 10 25 19 37 30.470 LWNG -3.006 100.37 22.6 -10.2498 29.921 0.0 260.249 70.2366 299.216 669.766 671.17 6.124
2010 10 25 19 37 30.470 MANS -3.006 100.37 22.6 -11.14 28.8749 0.0 259.322 71.273 301.493 678.043 677.48 6.048
2010 10 25 19 37 30.470 MUFZ -3.006 100.37 22.6 -13.1442 25.0213 0.0 257.275 75.0587 301.408 699.953 699.84 5.768
2010 10 25 19 37 30.470 MWEN -3.006 100.37 22.6 -10.0582 28.7017 0.0 260.458 71.4359 301.236 678.786 678.46 6.036
2010 11 10 04 05 25.140 GABZ -45.599 96.364 15.3 -12.171 26.367 0.0 275.663 67.4183 299.739 653.609 654.55 6.331
2010 11 10 04 05 25.140 ISOK -45.599 96.364 15.3 -10.1708 32.6457 0.0 281.977 64.4705 299.672 634.542 635.77 6.543
2010 11 10 04 05 25.140 KAMZ -45.599 96.364 15.3 -14.7948 24.8044 0.0 272.479 66.7021 298.684 648.559 649.87 6.383
2010 11 10 04 05 25.140 KASM -45.599 96.364 15.3 -10.2174 31.1401 0.0 280.771 65.4737 298.473 640.343 642.27 6.469
2010 11 10 04 05 25.140 KISH -45.599 96.364 15.3 -12.0219 29.6123 0.0 278.21 65.2606 299.218 639.088 640.78 6.487
2010 11 10 04 05 25.140 KMPZ -45.599 96.364 15.3 -13.4568 25.8337 0.0 274.275 66.9004 299.468 650.348 651.20 6.368
2010 11 10 04 05 25.140 LWNG -45.599 96.364 15.3 -10.2498 29.921 0.0 279.81 66.2929 299.363 646.243 647.52 6.410
2010 11 10 04 05 25.140 MANS -45.599 96.364 15.3 -11.14 28.8749 0.0 278.333 66.391 299.166 647.046 648.10 6.404
2010 11 10 04 05 25.140 MUFZ -45.599 96.364 15.3 -13.1442 25.0213 0.0 273.922 67.6852 299.196 655.071 656.18 6.312
2010 11 10 04 05 25.140 MWEN -45.599 96.364 15.3 -10.0582 28.7017 0.0 279.027 67.2727 297.982 650.862 653.76 6.340
2010 12 08 05 24 35.150 CHAM -56.431 -25.64 29.0 -10.9505 31.0691 0.0 67.3013 62.8467 297.351 620.216 623.12 6.650
2010 12 08 05 24 35.150 ISOK -56.431 -25.64 29.0 -10.1708 32.6457 0.0 68.324 64.318 298.239 630.104 632.84 6.549
2010 12 08 05 24 35.150 KAMZ -56.431 -25.64 29.0 -14.7948 24.8044 0.0 63.5372 56.4138 297.525 575.39 578.75 7.122
2010 12 08 05 24 35.150 KASM -56.431 -25.64 29.0 -10.2174 31.1401 0.0 66.9432 63.5051 297.83 624.68 627.51 6.607
2010 12 08 05 24 35.150 KISH -56.431 -25.64 29.0 -12.0219 29.6123 0.0 66.5502 61.1936 297.861 608.721 612.00 6.774
2010 12 08 05 24 35.150 KMPZ -56.431 -25.64 29.0 -13.4568 25.8337 0.0 63.7449 58.0678 297.623 587.493 590.47 6.996
2010 12 08 05 24 35.150 LWNG -56.431 -25.64 29.0 -10.2498 29.921 0.0 65.8109 62.857 297.864 620.734 623.24 6.649
2010 12 08 05 24 35.150 MANS -56.431 -25.64 29.0 -11.14 28.8749 0.0 65.329 61.5694 297.416 611.286 614.59 6.745
2010 12 08 05 24 35.150 MKUS -56.431 -25.64 29.0 -13.6035 29.3791 0.0 67.2742 59.7354 297.404 598.264 601.97 6.881
2010 12 08 05 24 35.150 MPIK -56.431 -25.64 29.0 -11.821 31.4517 0.0 68.1723 62.3067 297.099 615.964 619.47 6.690
2010 12 08 05 24 35.150 MUFZ -56.431 -25.64 29.0 -13.1442 25.0213 0.0 62.7557 57.9321 297.148 586.018 589.55 7.007
2010 12 08 05 24 35.150 MWEN -56.431 -25.64 29.0 -10.0582 28.7017 0.0 64.5401 62.4058 294.752 614.602 620.26 6.681
2010 12 08 05 24 35.150 SERJ -56.431 -25.64 29.0 -13.2275 30.215 0.0 67.8436 60.482 296.742 603.607 607.09 6.827
2010 12 08 05 24 35.150 SHWG -56.431 -25.64 29.0 -11.1925 31.7397 0.0 68.0727 62.9864 298.329 621.194 624.02 6.642
2010 12 20 18 41 59.920 CHAM 28.368 59.15 14.5 -10.9505 31.0691 0.0 218.755 47.5983 299.054 513.149 516.68 7.756
2010 12 20 18 41 59.920 GABZ 28.368 59.15 14.5 -12.171 26.367 0.0 222.729 51.2861 299.563 541.653 544.76 7.487
2010 12 20 18 41 59.920 ISOK 28.368 59.15 14.5 -10.1708 32.6457 0.0 217.574 46.0945 299.666 501.761 504.93 7.865
2010 12 20 18 41 59.920 KAMZ 28.368 59.15 14.5 -14.7948 24.8044 0.0 222.235 54.279 299.654 563.749 566.94 7.268
2010 12 20 18 41 59.920 KASM 28.368 59.15 14.5 -10.2174 31.1401 0.0 219.236 46.9573 299.2 508.28 511.66 7.801
2010 12 20 18 41 59.920 KISH 28.368 59.15 14.5 -12.0219 29.6123 0.0 219.519 49.2854 298.987 526.077 529.69 7.633
2010 12 20 18 41 59.920 KMPZ 28.368 59.15 14.5 -13.4568 25.8337 0.0 222.262 52.616 299.288 551.388 554.70 7.390
2010 12 20 18 41 59.920 LWNG 28.368 59.15 14.5 -10.2498 29.921 0.0 220.548 47.6727 300.077 514.177 517.20 7.751
2010 12 20 18 41 59.920 MANS 28.368 59.15 14.5 -11.14 28.8749 0.0 220.97 48.9918 300.079 524.18 527.39 7.653
2010 12 20 18 41 59.920 MKUS 28.368 59.15 14.5 -13.6035 29.3791 0.0 218.595 50.7073 299.336 536.426 540.54 7.528
2010 12 20 18 41 59.920 MPIK 28.368 59.15 14.5 -11.821 31.4517 0.0 217.686 48.1088 298.636 516.731 520.69 7.718
2010 12 20 18 41 59.920 MUFZ 28.368 59.15 14.5 -13.1442 25.0213 0.0 223.286 52.8571 299.846 552.946 556.45 7.373
2010 12 20 18 41 59.920 MWEN 28.368 59.15 14.5 -10.0582 28.7017 0.0 222.004 48.2279 301.121 520.201 521.46 7.711
2010 12 20 18 41 59.920 SHWG 28.368 59.15 14.5 -11.1925 31.7397 0.0 217.832 47.4319 299.586 511.681 515.42 7.767
2011 01 01 09 56 58.460 CHAM -26.851 -63.237 584.3 -10.9505 31.0691 0.0 101.641 88.9162 300.856 712.411 712.64 4.637
2011 01 01 09 56 58.460 GABZ -26.851 -63.237 584.3 -12.171 26.367 0.0 100.664 84.2523 300.079 689.629 690.57 4.894
2011 01 01 09 56 58.460 KAMZ -26.851 -63.237 584.3 -14.7948 24.8044 0.0 102.361 81.7474 298.759 676.314 678.01 5.088
2011 01 01 09 56 58.460 KASM -26.851 -63.237 584.3 -10.2174 31.1401 0.0 101.024 89.3092 300.342 713.882 714.48 4.634
2011 01 01 09 56 58.460 KISH -26.851 -63.237 584.3 -12.0219 29.6123 0.0 101.946 87.1612 300.36 703.91 704.47 4.676
2011 01 01 09 56 58.460 KMPZ -26.851 -63.237 584.3 -13.4568 25.8337 0.0 101.59 83.2243 299.603 684.163 685.47 4.975
2011 01 01 09 56 58.460 LWNG -26.851 -63.237 584.3 -10.2498 29.921 0.0 100.509 88.2246 300.443 709.003 709.46 4.641
2011 01 01 09 56 58.460 MANS -26.851 -63.237 584.3 -11.14 28.8749 0.0 100.837 86.9085 299.868 702.428 703.31 4.695
2011 01 01 09 56 58.460 MKUS -26.851 -63.237 584.3 -13.6035 29.3791 0.0 103.252 86.2531 299.998 699.538 700.16 4.746
2011 01 01 09 56 58.460 MPIK -26.851 -63.237 584.3 -11.821 31.4517 0.0 102.582 88.8573 300.233 711.788 712.34 4.638
2011 01 01 09 56 58.460 MUFZ -26.851 -63.237 584.3 -13.1442 25.0213 0.0 100.961 82.648 299.1 680.661 682.60 5.020
2011 01 01 09 56 58.460 SERJ -26.851 -63.237 584.3 -13.2275 30.215 0.0 103.283 87.1477 300.517 704.072 704.38 4.678
2011 01 02 20 20 18.170 KAMZ -38.39 -73.399 24.4 -14.7948 24.8044 0.0 106.565 87.2213 298.367 762.212 763.69 4.851
2011 01 02 20 20 18.170 KMPZ -38.39 -73.399 24.4 -13.4568 25.8337 0.0 106.159 88.8343 299.62 770.47 771.44 4.724
2011 01 02 20 20 18.170 MUFZ -38.39 -73.399 24.4 -13.1442 25.0213 0.0 105.42 88.4157 298.989 767.839 769.47 4.757
2011 01 17 19 20 56.910 CHAM -5.103 102.602 39.1 -10.9505 31.0691 0.0 260.223 70.9419 300.716 672.826 673.20 6.067
2011 01 17 19 20 56.910 GABZ -5.103 102.602 39.1 -12.171 26.367 0.0 258.797 75.5071 301.284 700.384 700.13 5.730
2011 01 17 19 20 56.910 ISOK -5.103 102.602 39.1 -10.1708 32.6457 0.0 261.093 69.4146 301.895 664.0 663.86 6.178
2011 01 17 19 20 56.910 KAMZ -5.103 102.602 39.1 -14.7948 24.8044 0.0 256.058 76.9343 301.128 708.238 708.22 5.629
2011 01 17 19 20 56.910 KASM -5.103 102.602 39.1 -10.2174 31.1401 0.0 260.995 70.8946 301.574 672.664 672.92 6.070
2011 01 17 19 20 56.910 KISH -5.103 102.602 39.1 -12.0219 29.6123 0.0 259.059 72.3395 301.084 681.184 681.61 5.965
2011 01 17 19 20 56.910 KMPZ -5.103 102.602 39.1 -13.4568 25.8337 0.0 257.46 75.9809 301.555 702.665 702.83 5.694
2011 01 17 19 20 56.910 LWNG -5.103 102.602 39.1 -10.2498 29.921 0.0 260.918 72.0928 301.175 680.285 680.14 5.983
2011 01 17 19 20 56.910 MANS -5.103 102.602 39.1 -11.14 28.8749 0.0 259.953 73.0889 301.149 686.259 686.06 5.911
2011 01 17 19 20 56.910 MPIK -5.103 102.602 39.1 -11.821 31.4517 0.0 259.317 70.5448 301.381 670.486 670.79 6.097
2011 01 17 19 20 56.910 MUFZ -5.103 102.602 39.1 -13.1442 25.0213 0.0 257.75 76.7825 301.368 707.458 707.37 5.640
2011 01 17 19 20 56.910 SERJ -5.103 102.602 39.1 -13.2275 30.215 0.0 257.814 71.7238 300.468 677.573 677.92 6.011
2011 01 18 11 33 44.980 CHAM 2.575 96.381 23.7 -10.9505 31.0691 0.0 256.948 66.338 298.851 643.891 646.70 6.403
2011 01 18 11 33 44.980 GABZ 2.575 96.381 23.7 -12.171 26.367 0.0 256.29 71.0632 299.289 674.319 676.15 6.060
2011 01 18 11 33 44.980 ISOK 2.575 96.381 23.7 -10.1708 32.6457 0.0 257.563 64.6978 298.654 633.689 636.10 6.523
2011 01 18 11 33 44.980 KAMZ 2.575 96.381 23.7 -14.7948 24.8044 0.0 253.769 72.8987 299.058 685.098 687.17 5.927
2011 01 18 11 33 44.980 KASM 2.575 96.381 23.7 -10.2174 31.1401 0.0 257.727 66.1732 298.989 643.009 645.64 6.415
2011 01 18 11 33 44.980 KISH 2.575 96.381 23.7 -12.0219 29.6123 0.0 256.011 67.8963 298.826 653.856 656.60 6.290
2011 01 18 11 33 44.980 KISZ 2.575 96.381 23.7 -12.1116 25.4952 0.0 256.459 71.9025 299.607 679.632 681.21 6.000
2011 01 18 11 33 44.980 KMPZ 2.575 96.381 23.7 -13.4568 25.8337 0.0 255.02 71.7381 298.804 677.844 680.24 6.013
2011 01 18 11 33 44.980 LWNG 2.575 96.381 23.7 -10.2498 29.921 0.0 257.857 67.3676 298.955 650.995 653.25 6.329
2011 01 18 11 33 44.980 MANS 2.575 96.381 23.7 -11.14 28.8749 0.0 257.049 68.4983 299.29 658.33 660.36 6.247
2011 01 18 11 33 44.980 MPIK 2.575 96.381 23.7 -11.821 31.4517 0.0 255.955 66.0857 298.388 642.423 645.10 6.421
2011 01 18 11 33 44.980 MUFZ 2.575 96.381 23.7 -13.1442 25.0213 0.0 255.447 72.4844 299.666 682.686 684.70 5.958
2011 01 18 11 33 44.980 SERJ 2.575 96.381 23.7 -13.2275 30.215 0.0 254.639 67.4825 299.212 651.247 654.01 6.320
2011 01 18 20 23 25.570 CHAM 28.683 63.994 79.9 -10.9505 31.0691 0.0 223.656 50.6435 302.014 531.464 532.27 7.509
2011 01 18 20 23 25.570 GABZ 28.683 63.994 79.9 -12.171 26.367 0.0 227.147 54.5198 302.284 560.724 560.80 7.227
2011 01 18 20 23 25.570 ISOK 28.683 63.994 79.9 -10.1708 32.6457 0.0 222.671 49.0826 301.442 519.887 520.45 7.623
2011 01 18 20 23 25.570 KAMZ 28.683 63.994 79.9 -14.7948 24.8044 0.0 226.455 57.4836 302.335 581.785 581.99 7.007
2011 01 18 20 23 25.570 KASM 28.683 63.994 79.9 -10.2174 31.1401 0.0 224.171 50.0285 301.471 526.901 527.60 7.552
2011 01 18 20 23 25.570 KISH 28.683 63.994 79.9 -12.0219 29.6123 0.0 224.238 52.3655 301.693 544.133 545.12 7.384
2011 01 18 20 23 25.570 KISZ 28.683 63.994 79.9 -12.1116 25.4952 0.0 227.976 55.0409 301.426 563.861 564.54 7.189
2011 01 18 20 23 25.570 KMPZ 28.683 63.994 79.9 -13.4568 25.8337 0.0 226.601 55.8248 302.359 569.809 570.22 7.132
2011 01 18 20 23 25.570 LWNG 28.683 63.994 79.9 -10.2498 29.921 0.0 225.356 50.8079 301.625 533.075 533.44 7.498
2011 01 18 20 23 25.570 MANS 28.683 63.994 79.9 -11.14 28.8749 0.0 225.647 52.1449 301.575 543.025 543.43 7.401
2011 01 18 20 23 25.570 MPIK 28.683 63.994 79.9 -11.821 31.4517 0.0 222.591 51.0976 301.202 534.647 535.72 7.475
2011 01 18 20 23 25.570 MUFZ 28.683 63.994 79.9 -13.1442 25.0213 0.0 227.564 56.1144 302.245 571.675 572.26 7.111
2011 01 18 20 23 25.570 SERJ 28.683 63.994 79.9 -13.2275 30.215 0.0 222.724 52.9419 301.84 548.285 549.43 7.341
2011 01 24 02 45 30.500 CHAM 38.401 72.846 101.9 -10.9505 31.0691 0.0 227.415 62.6996 301.348 613.868 615.19 6.625
2011 01 24 02 45 30.500 GABZ 38.401 72.846 101.9 -12.171 26.367 0.0 230.662 66.4552 298.488 635.998 639.55 6.355
2011 01 24 02 45 30.500 ISOK 38.401 72.846 101.9 -10.1708 32.6457 0.0 226.501 61.1652 298.463 600.978 604.94 6.735
2011 01 24 02 45 30.500 KAMZ 38.401 72.846 101.9 -14.7948 24.8044 0.0 230.193 69.4425 301.652 658.172 658.30 6.142
2011 01 24 02 45 30.500 KASM 38.401 72.846 101.9 -10.2174 31.1401 0.0 227.836 62.0703 298.58 607.08 610.98 6.666
2011 01 24 02 45 30.500 KISH 38.401 72.846 101.9 -12.0219 29.6123 0.0 227.994 64.4037 297.695 622.205 626.41 6.505
2011 01 24 02 45 30.500 KISZ 38.401 72.846 101.9 -12.1116 25.4952 0.0 231.427 66.9418 298.259 638.764 642.62 6.322
2011 01 24 02 45 30.500 KMPZ 38.401 72.846 101.9 -13.4568 25.8337 0.0 230.243 67.7799 298.552 644.072 647.95 6.260
2011 01 24 02 45 30.500 LWNG 38.401 72.846 101.9 -10.2498 29.921 0.0 228.901 62.8121 298.971 612.491 615.89 6.618
2011 01 24 02 45 30.500 MANS 38.401 72.846 101.9 -11.14 28.8749 0.0 229.22 64.1381 298.401 620.921 624.62 6.525
2011 01 24 02 45 30.500 MPIK 38.401 72.846 101.9 -11.821 31.4517 0.0 226.504 63.1811 297.518 614.033 618.42 6.592
2011 01 24 02 45 30.500 MUFZ 38.401 72.846 101.9 -13.1442 25.0213 0.0 231.119 68.031 297.995 645.495 649.49 6.243
2011 01 24 02 45 30.500 SERJ 38.401 72.846 101.9 -13.2275 30.215 0.0 226.685 65.0213 297.427 625.942 630.47 6.457
2011 01 26 15 42 29.720 CHAM 2.165 96.812 23.8 -10.9505 31.0691 0.0 257.18 66.6665 306.316 653.616 648.78 6.378
2011 01 26 15 42 29.720 GABZ 2.165 96.812 23.8 -12.171 26.367 0.0 256.476 71.3858 306.863 684.153 678.08 6.039
2011 01 26 15 42 29.720 ISOK 2.165 96.812 23.8 -10.1708 32.6457 0.0 257.811 65.0317 306.366 643.661 638.25 6.499
2011 01 26 15 42 29.720 KAMZ 2.165 96.812 23.8 -14.7948 24.8044 0.0 253.943 73.1991 307.371 694.671 688.93 5.905
2011 01 26 15 42 29.720 KASM 2.165 96.812 23.8 -10.2174 31.1401 0.0 257.959 66.5084 306.666 652.946 647.76 6.390
2011 01 26 15 42 29.720 KISH 2.165 96.812 23.8 -12.0219 29.6123 0.0 256.23 68.2166 306.446 663.736 658.59 6.267
2011 01 26 15 42 29.720 KISZ 2.165 96.812 23.8 -12.1116 25.4952 0.0 256.637 72.2266 307.209 689.494 683.13 5.976
2011 01 26 15 42 29.720 KMPZ 2.165 96.812 23.8 -13.4568 25.8337 0.0 255.202 72.0497 306.168 687.468 682.08 5.989
2011 01 26 15 42 29.720 LWNG 2.165 96.812 23.8 -10.2498 29.921 0.0 258.077 67.7039 305.883 660.183 655.35 6.304
2011 01 26 15 42 29.720 MANS 2.165 96.812 23.8 -11.14 28.8749 0.0 257.259 68.8276 306.799 668.099 662.39 6.224
2011 01 26 15 42 29.720 MPIK 2.165 96.812 23.8 -11.821 31.4517 0.0 256.192 66.4057 306.011 652.306 647.12 6.398
2011 01 26 15 42 29.720 SERJ 2.165 96.812 23.8 -13.2275 30.215 0.0 254.865 67.7908 300.961 655.256 655.93 6.298
2011 01 27 08 38 30.40 CHAM 28.151 59.052 18.5 -10.9505 31.0691 0.0 218.772 47.3756 301.082 513.062 514.32 7.770
2011 01 27 08 38 30.40 GABZ 28.151 59.052 18.5 -12.171 26.367 0.0 222.75 51.0686 300.616 541.586 542.49 7.502
2011 01 27 08 38 30.40 ISOK 28.151 59.052 18.5 -10.1708 32.6457 0.0 217.589 45.8705 301.716 501.691 502.53 7.880
2011 01 27 08 38 30.40 KASM 28.151 59.052 18.5 -10.2174 31.1401 0.0 219.256 46.7352 301.254 508.214 509.29 7.817
2011 01 27 08 38 30.40 KISH 28.151 59.052 18.5 -12.0219 29.6123 0.0 219.534 49.0636 300.953 525.923 527.36 7.647
2011 01 27 08 38 30.40 KISZ 28.151 59.052 18.5 -12.1116 25.4952 0.0 223.655 51.5492 300.8 544.765 546.07 7.467
2011 01 27 08 38 30.40 KMPZ 28.151 59.052 18.5 -13.4568 25.8337 0.0 222.278 52.3978 301.381 551.361 552.45 7.405
2011 01 27 08 38 30.40 LWNG 28.151 59.052 18.5 -10.2498 29.921 0.0 220.57 47.4522 301.104 514.084 514.85 7.765
2011 01 27 08 38 30.40 MANS 28.151 59.052 18.5 -11.14 28.8749 0.0 220.991 48.7719 301.105 524.085 525.06 7.668
2011 01 27 08 38 30.40 MPIK 28.151 59.052 18.5 -11.821 31.4517 0.0 217.697 47.8848 300.692 516.667 518.32 7.733
2011 01 27 08 38 30.40 MUFZ 28.151 59.052 18.5 -13.1442 25.0213 0.0 223.304 52.6404 300.923 552.883 554.21 7.388
2011 01 27 08 38 30.40 SERJ 28.151 59.052 18.5 -13.2275 30.215 0.0 218.002 49.7179 300.77 530.745 532.42 7.599
2011 01 29 06 55 26.330 CHAM 70.868 -6.908 6.4 -10.9505 31.0691 0.0 142.693 85.5811 299.985 758.675 759.92 4.963
2011 01 29 06 55 26.330 GABZ 70.868 -6.908 6.4 -12.171 26.367 0.0 147.461 85.8841 300.299 759.979 761.49 4.937
2011 01 29 06 55 26.330 ISOK 70.868 -6.908 6.4 -10.1708 32.6457 0.0 141.01 85.1441 300.907 756.592 757.71 5.001
2011 01 29 06 55 26.330 KASM 70.868 -6.908 6.4 -10.2174 31.1401 0.0 142.475 84.882 300.43 755.1 756.41 5.022
2011 01 29 06 55 26.330 KISH 70.868 -6.908 6.4 -12.0219 29.6123 0.0 144.309 86.3386 300.691 762.371 763.70 4.900
2011 01 29 06 55 26.330 KISZ 70.868 -6.908 6.4 -12.1116 25.4952 0.0 148.292 85.6731 300.208 758.883 760.45 4.954
2011 01 29 06 55 26.330 KMPZ 70.868 -6.908 6.4 -13.4568 25.8337 0.0 148.204 87.0476 299.421 765.111 767.22 4.844
2011 01 29 06 55 26.330 LWNG 70.868 -6.908 6.4 -10.2498 29.921 0.0 143.662 84.6721 300.101 753.791 755.36 5.039
2011 01 29 06 55 26.330 MANS 70.868 -6.908 6.4 -11.14 28.8749 0.0 144.848 85.3381 299.972 756.662 758.73 4.985
2011 01 29 06 55 26.330 MUFZ 70.868 -6.908 6.4 -13.1442 25.0213 0.0 148.929 86.6021 299.269 762.939 765.05 4.880
2011 02 04 13 53 46.330 CHAM 24.609 94.734 86.5 -10.9505 31.0691 0.0 248.19 71.4351 299.578 669.268 671.49 6.010
2011 02 04 13 53 46.330 GABZ 24.609 94.734 86.5 -12.171 26.367 0.0 249.494 76.0326 300.493 697.173 698.33 5.672
2011 02 04 13 53 46.330 ISOK 24.609 94.734 86.5 -10.1708 32.6457 0.0 248.054 69.7067 299.252 658.937 660.98 6.135
2011 02 04 13 53 46.330 KASM 24.609 94.734 86.5 -10.2174 31.1401 0.0 248.815 71.0049 299.153 666.823 668.87 6.041
2011 02 04 13 53 46.330 KISH 24.609 94.734 86.5 -12.0219 29.6123 0.0 247.988 73.2059 299.176 679.856 682.04 5.880
2011 02 04 13 53 46.330 KISZ 24.609 94.734 86.5 -12.1116 25.4952 0.0 249.974 76.7483 300.244 700.919 702.37 5.621
2011 02 04 13 53 46.330 KMPZ 24.609 94.734 86.5 -13.4568 25.8337 0.0 248.611 77.1127 299.775 702.465 704.45 5.595
2011 02 04 13 53 46.330 LWNG 24.609 94.734 86.5 -10.2498 29.921 0.0 249.423 72.0578 299.785 673.475 675.18 5.964
2011 02 04 13 53 46.330 MANS 24.609 94.734 86.5 -11.14 28.8749 0.0 249.158 73.3904 299.601 681.291 683.08 5.867
2011 02 04 13 53 46.330 MPIK 24.609 94.734 86.5 -11.821 31.4517 0.0 247.204 71.5561 299.085 669.77 672.25 6.000
2011 02 04 13 53 46.330 MUFZ 24.609 94.734 86.5 -13.1442 25.0213 0.0 249.284 77.6511 300.225 705.895 707.44 5.554
2011 02 04 13 53 46.330 SERJ 24.609 94.734 86.5 -13.2275 30.215 0.0 246.598 73.3109 298.564 680.249 682.70 5.871
2011 02 11 20 05 28.880 KISZ -36.46 -73.155 12.8 -12.1116 25.4952 0.0 104.78 89.7271 301.623 777.748 777.54 4.655
2011 02 11 20 05 28.880 MUFZ -36.46 -73.155 12.8 -13.1442 25.0213 0.0 105.319 88.739 302.949 775.069 772.88 4.733
2011 02 11 23 39 21.240 MUFZ -37.236 -73.487 16.5 -13.1442 25.0213 0.0 105.5 88.79 301.585 773.345 772.49 4.729
2011 02 12 01 17 00.710 MUFZ -37.003 -73.154 10.0 -13.1442 25.0213 0.0 105.307 88.5951 302.522 774.812 772.66 4.746
2011 02 14 03 40 09.250 KISZ -35.486 -73.101 17.0 -12.1116 25.4952 0.0 104.751 89.9324 302.416 780.171 777.80 4.643
2011 02 14 03 40 09.250 MUFZ -35.486 -73.101 17.0 -13.1442 25.0213 0.0 105.307 88.9535 301.478 774.228 773.20 4.715
2011 02 15 13 33 54.340 CHAM -2.489 121.468 26.8 -10.9505 31.0691 0.0 259.114 89.9249 302.807 778.487 776.66 4.643
2011 02 15 13 33 54.340 ISOK -2.489 121.468 26.8 -10.1708 32.6457 0.0 259.952 88.4079 303.098 771.773 769.55 4.750
2011 02 15 13 33 54.340 KASM -2.489 121.468 26.8 -10.2174 31.1401 0.0 259.845 89.8869 302.651 778.311 776.48 4.643
2011 02 15 13 33 54.340 MPIK -2.489 121.468 26.8 -11.821 31.4517 0.0 258.266 89.5129 302.687 776.347 774.74 4.662
2011 02 15 13 33 54.340 SHWG -2.489 121.468 26.8 -11.1925 31.7397 0.0 258.902 89.257 302.797 775.477 773.55 4.682
2011 03 06 14 32 36.940 CHAM -56.386 -27.025 92.0 -10.9505 31.0691 0.0 68.6198 63.5434 299.052 618.122 620.65 6.583
2011 03 06 14 32 36.940 GABZ -56.386 -27.025 92.0 -12.171 26.367 0.0 64.8757 60.1057 298.63 594.7 597.63 6.830
2011 03 06 14 32 36.940 ISOK -56.386 -27.025 92.0 -10.1708 32.6457 0.0 69.626 65.0204 298.843 627.918 630.30 6.476
2011 03 06 14 32 36.940 KASM -56.386 -27.025 92.0 -10.2174 31.1401 0.0 68.259 64.1996 299.422 622.502 624.98 6.536
2011 03 06 14 32 36.940 KISH -56.386 -27.025 92.0 -12.0219 29.6123 0.0 67.8856 61.8859 298.622 606.692 609.62 6.698
2011 03 06 14 32 36.940 KISZ -56.386 -27.025 92.0 -12.1116 25.4952 0.0 63.9949 59.719 300.082 593.146 595.00 6.858
2011 03 06 14 32 36.940 LWNG -56.386 -27.025 92.0 -10.2498 29.921 0.0 67.1384 63.5449 299.484 618.564 620.71 6.582
2011 03 06 14 32 36.940 MANS -56.386 -27.025 92.0 -11.14 28.8749 0.0 66.6695 62.2543 298.125 609.205 612.14 6.669
2011 03 06 14 32 36.940 MKUS -56.386 -27.025 92.0 -13.6035 29.3791 0.0 68.6159 60.4319 298.289 596.349 599.73 6.807
2011 03 06 14 32 36.940 MPIK -56.386 -27.025 92.0 -11.821 31.4517 0.0 69.4891 63.0083 297.955 614.015 617.07 6.621
2011 03 06 14 32 36.940 MUFZ -56.386 -27.025 92.0 -13.1442 25.0213 0.0 64.1448 58.6006 298.027 584.087 587.24 6.938
2011 03 06 14 32 36.940 SERJ -56.386 -27.025 92.0 -13.2275 30.215 0.0 69.1758 61.1818 298.553 601.633 604.82 6.752
2011 03 06 14 32 36.940 SHWG -56.386 -27.025 92.0 -11.1925 31.7397 0.0 69.3854 63.6875 298.89 618.97 621.57 6.573
2011 03 06 14 32 42.100 CHAM -56.41 -26.68 101.2 -10.9505 31.0691 0.0 68.2867 63.3738 295.02 612.905 618.54 6.591
2011 03 06 14 32 42.100 GABZ -56.41 -26.68 101.2 -12.171 26.367 0.0 64.5291 59.9426 294.637 589.522 595.53 6.839
2011 03 06 14 32 42.100 ISOK -56.41 -26.68 101.2 -10.1708 32.6457 0.0 69.2973 64.8492 294.838 622.728 628.19 6.485
2011 03 06 14 32 42.100 KASM -56.41 -26.68 101.2 -10.2174 31.1401 0.0 67.9267 64.0306 295.4 617.295 622.88 6.544
2011 03 06 14 32 42.100 KISH -56.41 -26.68 101.2 -12.0219 29.6123 0.0 67.548 61.7175 294.609 601.494 607.50 6.707
2011 03 06 14 32 42.100 KISZ -56.41 -26.68 101.2 -12.1116 25.4952 0.0 63.646 59.5575 296.102 587.982 592.91 6.866
2011 03 06 14 32 42.100 LWNG -56.41 -26.68 101.2 -10.2498 29.921 0.0 66.8031 63.3778 295.511 613.406 618.61 6.591
2011 03 06 14 32 42.100 MANS -56.41 -26.68 101.2 -11.14 28.8749 0.0 66.3307 62.088 295.129 604.024 610.03 6.678
2011 03 06 14 32 42.100 MKUS -56.41 -26.68 101.2 -13.6035 29.3791 0.0 68.2763 60.2624 294.255 591.155 597.60 6.816
2011 03 06 14 32 42.100 MPIK -56.41 -26.68 101.2 -11.821 31.4517 0.0 69.1562 62.8373 294.909 608.809 614.95 6.629
2011 03 06 14 32 42.100 MUFZ -56.41 -26.68 101.2 -13.1442 25.0213 0.0 63.7933 58.4388 293.981 578.881 585.14 6.946
2011 03 06 14 32 42.100 SERJ -56.41 -26.68 101.2 -13.2275 30.215 0.0 68.8387 61.0114 294.544 596.439 602.68 6.760
2011 03 06 14 32 42.100 SHWG -56.41 -26.68 101.2 -11.1925 31.7397 0.0 69.0537 63.5167 294.901 613.796 619.46 6.582
2011 03 10 17 08 37.320 CHAM -6.856 116.73 518.6 -10.9505 31.0691 0.0 259.664 84.4821 299.447 696.137 697.81 4.899
2011 03 10 17 08 37.320 GABZ -6.856 116.73 518.6 -12.171 26.367 0.0 257.949 88.9291 300.274 717.964 718.88 4.639
2011 03 10 17 08 37.320 ISOK -6.856 116.73 518.6 -10.1708 32.6457 0.0 260.597 83.0181 299.762 689.457 690.56 5.015
2011 03 10 17 08 37.320 KASM -6.856 116.73 518.6 -10.2174 31.1401 0.0 260.399 84.4879 299.49 696.19 697.84 4.898
2011 03 10 17 08 37.320 KISH -6.856 116.73 518.6 -12.0219 29.6123 0.0 258.452 85.7913 298.895 702.584 704.15 4.801
2011 03 10 17 08 37.320 LWNG -6.856 116.73 518.6 -10.2498 29.921 0.0 260.24 85.6778 299.764 702.464 703.62 4.809
2011 03 10 17 08 37.320 MANS -6.856 116.73 518.6 -11.14 28.8749 0.0 259.247 86.6041 299.236 706.936 708.03 4.740
2011 03 10 17 08 37.320 MKUS -6.856 116.73 518.6 -13.6035 29.3791 0.0 256.86 85.8518 299.07 702.75 704.43 4.797
2011 03 10 17 08 37.320 MPIK -6.856 116.73 518.6 -11.821 31.4517 0.0 258.837 84.0212 299.166 693.846 695.54 4.935
2011 03 10 17 08 37.320 SERJ -6.856 116.73 518.6 -13.2275 30.215 0.0 257.317 85.0814 299.534 699.234 700.72 4.855
2011 03 10 17 08 37.320 SHWG -6.856 116.73 518.6 -11.1925 31.7397 0.0 259.49 83.8028 299.192 692.892 694.46 4.952
2011 03 24 13 55 13.390 GABZ 20.629 99.917 12.8 -12.171 26.367 0.0 252.638 79.2814 299.668 724.288 725.52 5.457
2011 03 24 13 55 13.390 ISOK 20.629 99.917 12.8 -10.1708 32.6457 0.0 251.857 72.8523 299.337 686.962 688.92 5.929
2011 03 24 13 55 13.390 KASM 20.629 99.917 12.8 -10.2174 31.1401 0.0 252.468 74.2144 299.347 694.977 696.91 5.829
2011 03 24 13 55 13.390 KISH 20.629 99.917 12.8 -12.0219 29.6123 0.0 251.437 76.3286 299.397 707.017 709.11 5.672
2011 03 24 13 55 13.390 LWNG 20.629 99.917 12.8 -10.2498 29.921 0.0 252.957 75.3182 299.965 701.595 703.29 5.745
2011 03 24 13 55 13.390 MANS 20.629 99.917 12.8 -11.14 28.8749 0.0 252.566 76.6204 299.965 709.595 710.73 5.652
2011 03 24 13 55 13.390 MKUS 20.629 99.917 12.8 -13.6035 29.3791 0.0 250.072 77.1982 299.017 711.627 714.05 5.610
2011 03 24 13 55 13.390 MPIK 20.629 99.917 12.8 -11.821 31.4517 0.0 250.835 74.6136 299.24 696.85 699.28 5.798
2011 03 24 13 55 13.390 MUFZ 20.629 99.917 12.8 -13.1442 25.0213 0.0 252.278 80.8733 299.954 732.564 734.13 5.336
2011 03 24 13 55 13.390 SERJ 20.629 99.917 12.8 -13.2275 30.215 0.0 250.063 76.3031 299.042 706.672 709.00 5.673
2011 03 24 13 55 13.390 SHWG 20.629 99.917 12.8 -11.1925 31.7397 0.0 251.296 74.0913 299.403 694.033 696.23 5.838
2011 04 01 13 29 11.510 KASM 35.731 26.546 75.5 -10.2174 31.1401 0.0 173.697 45.9048 300.024 493.534 496.91 7.848
2011 04 01 13 29 11.510 KISH 35.731 26.546 75.5 -12.0219 29.6123 0.0 175.935 47.581 299.617 506.117 510.05 7.727
2011 04 01 13 29 11.510 LWNG 35.731 26.546 75.5 -10.2498 29.921 0.0 175.367 45.8424 299.358 492.868 496.42 7.853
2011 04 01 13 29 11.510 MANS 35.731 26.546 75.5 -11.14 28.8749 0.0 176.857 46.668 299.256 498.766 502.93 7.791
2011 04 01 13 29 11.510 MKUS 35.731 26.546 75.5 -13.6035 29.3791 0.0 176.357 49.1378 299.647 518.137 522.07 7.613
2011 04 01 13 29 11.510 MPIK 35.731 26.546 75.5 -11.821 31.4517 0.0 173.481 47.5199 299.679 506.169 509.56 7.731
2011 04 01 13 29 11.510 MUFZ 35.731 26.546 75.5 -13.1442 25.0213 0.0 181.979 48.6294 298.707 514.197 518.17 7.650
2011 04 01 13 29 11.510 SERJ 35.731 26.546 75.5 -13.2275 30.215 0.0 175.25 48.8145 299.406 515.916 519.58 7.637
2011 04 01 13 29 11.510 SHWG 35.731 26.546 75.5 -11.1925 31.7397 0.0 173.016 46.9258 300.193 501.703 504.93 7.773
2011 04 03 20 06 43.260 ISOK -9.734 107.769 31.9 -10.1708 32.6457 0.0 262.191 73.8212 301.747 692.502 691.23 5.860
2011 04 03 20 06 43.260 KASM -9.734 107.769 31.9 -10.2174 31.1401 0.0 261.947 75.2853 300.039 698.799 699.72 5.750
2011 04 03 20 06 43.260 KISH -9.734 107.769 31.9 -12.0219 29.6123 0.0 259.916 76.5438 299.124 705.874 706.88 5.660
2011 04 03 20 06 43.260 LWNG -9.734 107.769 31.9 -10.2498 29.921 0.0 261.752 76.4707 300.25 706.01 706.48 5.665
2011 04 03 20 06 43.260 MANS -9.734 107.769 31.9 -11.14 28.8749 0.0 260.713 77.3732 300.432 711.193 711.56 5.600
2011 04 03 20 06 43.260 MKUS -9.734 107.769 31.9 -13.6035 29.3791 0.0 258.283 76.576 299.241 705.981 707.05 5.658
2011 04 03 20 06 43.260 MPIK -9.734 107.769 31.9 -11.821 31.4517 0.0 260.35 74.782 300.106 695.846 696.80 5.787
2011 04 03 20 06 43.260 MUFZ -9.734 107.769 31.9 -13.1442 25.0213 0.0 258.188 80.8406 300.143 729.883 730.50 5.342
2011 04 03 20 06 43.260 SERJ -9.734 107.769 31.9 -13.2275 30.215 0.0 258.766 75.8132 300.137 701.897 702.72 5.710
2011 04 03 20 06 43.260 SHWG -9.734 107.769 31.9 -11.1925 31.7397 0.0 261.029 74.5782 300.08 694.84 695.63 5.803
2011 04 24 23 07 54.700 ISOK -4.48 122.864 28.3 -10.1708 32.6457 0.0 259.909 89.4343 302.221 775.536 774.14 4.668
2011 05 14 21 07 21.810 ISOK 36.425 70.723 207.6 -10.1708 32.6457 0.0 225.357 58.5789 300.942 574.147 576.19 6.881
2011 05 14 21 07 21.810 KISH 36.425 70.723 207.6 -12.0219 29.6123 0.0 226.866 61.8245 300.461 595.666 598.17 6.646
2011 05 14 21 07 21.810 KISZ 36.425 70.723 207.6 -12.1116 25.4952 0.0 230.352 64.386 299.992 612.197 614.90 6.466
2011 05 14 21 07 21.810 KMPZ 36.425 70.723 207.6 -13.4568 25.8337 0.0 229.137 65.215 299.528 617.718 620.30 6.407
2011 05 14 21 07 21.810 MANS 36.425 70.723 207.6 -11.14 28.8749 0.0 228.122 61.5663 300.035 594.245 596.40 6.662
2011 05 14 21 07 21.810 MPIK 36.425 70.723 207.6 -11.821 31.4517 0.0 225.348 60.5948 300.159 587.349 589.97 6.734
2011 05 14 21 07 21.810 MUFZ 36.425 70.723 207.6 -13.1442 25.0213 0.0 230.028 65.4727 299.915 619.12 621.92 6.388
2011 05 14 21 07 21.810 SERJ 36.425 70.723 207.6 -13.2275 30.215 0.0 225.523 62.4357 300.218 599.423 602.28 6.605
2011 05 14 21 07 21.810 SHWG 36.425 70.723 207.6 -11.1925 31.7397 0.0 225.507 59.9232 299.741 582.951 585.40 6.784
2011 05 15 13 08 15.420 ISOK 0.458 -25.608 18.9 -10.1708 32.6457 0.0 102.104 58.8963 306.193 602.788 597.72 6.943
2011 05 15 13 08 15.420 KISH 0.458 -25.608 18.9 -12.0219 29.6123 0.0 104.738 56.1919 305.356 582.951 578.71 7.141
2011 05 15 13 08 15.420 KISZ 0.458 -25.608 18.9 -12.1116 25.4952 0.0 105.657 52.2333 302.92 551.515 549.88 7.428
2011 05 15 13 08 15.420 KMPZ 0.458 -25.608 18.9 -13.4568 25.8337 0.0 107.237 52.8027 306.837 559.417 554.12 7.388
2011 05 15 13 08 15.420 MANS 0.458 -25.608 18.9 -11.14 28.8749 0.0 103.819 55.3474 310.566 582.166 572.64 7.201
2011 05 15 13 08 15.420 MPIK 0.458 -25.608 18.9 -11.821 31.4517 0.0 104.19 57.9439 307.325 596.905 591.09 7.009
2011 05 15 13 08 15.420 MUFZ 0.458 -25.608 18.9 -13.1442 25.0213 0.0 107.043 51.967 306.552 553.147 547.92 7.448
2011 05 15 13 08 15.420 SERJ 0.458 -25.608 18.9 -13.2275 30.215 0.0 106.045 56.9606 308.838 592.433 584.19 7.083
2011 05 15 13 08 15.420 SHWG 0.458 -25.608 18.9 -11.1925 31.7397 0.0 103.415 58.1388 306.926 598.526 592.45 6.993
2011 06 01 12 55 21.10 KISZ -37.554 -73.832 10.0 -12.1116 25.4952 0.0 105.182 89.9683 301.552 780.557 779.11 4.643
2011 06 01 12 55 21.10 KMPZ -37.554 -73.832 10.0 -13.4568 25.8337 0.0 106.435 89.397 299.794 775.784 776.41 4.683
2011 06 01 12 55 21.10 MUFZ -37.554 -73.832 10.0 -13.1442 25.0213 0.0 105.701 88.9692 299.248 773.253 774.42 4.716
2011 06 20 16 36 00.870 KISZ -21.771 -68.383 126.2 -12.1116 25.4952 0.0 102.603 89.1183 301.116 761.261 760.79 4.672
2011 06 20 16 36 00.870 KMPZ -21.771 -68.383 126.2 -13.4568 25.8337 0.0 103.967 88.9242 300.279 759.409 759.86 4.688
2011 06 20 16 36 00.870 MUFZ -21.771 -68.383 126.2 -13.1442 25.0213 0.0 103.383 88.3064 299.906 756.051 756.96 4.736
2011 07 15 13 26 02.850 ISOK -60.986 -23.662 8.6 -10.1708 32.6457 0.0 64.4657 65.2018 298.978 639.143 641.74 6.490
2011 07 15 13 26 02.850 KISH -60.986 -23.662 8.6 -12.0219 29.6123 0.0 62.4019 62.231 297.806 618.971 622.11 6.701
2011 07 15 13 26 02.850 KISZ -60.986 -23.662 8.6 -12.1116 25.4952 0.0 58.3078 60.4064 298.104 606.269 609.82 6.837
2011 07 15 13 26 02.850 KMPZ -60.986 -23.662 8.6 -13.4568 25.8337 0.0 59.3138 59.3388 298.478 599.628 602.41 6.915
2011 07 15 13 26 02.850 MANS -60.986 -23.662 8.6 -11.14 28.8749 0.0 61.2361 62.7018 298.198 622.368 625.31 6.664
2011 07 15 13 26 02.850 MUFZ -60.986 -23.662 8.6 -13.1442 25.0213 0.0 58.328 59.2808 298.612 598.777 602.04 6.919
2011 07 15 13 26 02.850 SERJ -60.986 -23.662 8.6 -13.2275 30.215 0.0 63.6045 61.4197 298.12 613.285 616.59 6.762
2011 07 15 13 26 02.850 SHWG -60.986 -23.662 8.6 -11.1925 31.7397 0.0 64.0859 63.8955 298.308 630.478 633.17 6.584
2011 07 16 00 26 12.360 KISZ -33.875 -72.1 20.5 -12.1116 25.4952 0.0 104.192 89.5352 300.629 775.284 775.40 4.668
2011 07 16 00 26 12.360 KMPZ -33.875 -72.1 20.5 -13.4568 25.8337 0.0 105.481 89.0507 300.701 773.341 773.09 4.707
2011 07 16 00 26 12.360 MUFZ -33.875 -72.1 20.5 -13.1442 25.0213 0.0 104.778 88.5738 299.961 770.616 770.85 4.745
2011 07 19 19 35 43.380 ISOK 40.156 71.501 19.5 -10.1708 32.6457 0.0 224.573 61.6478 298.907 614.542 617.68 6.728
2011 07 19 19 35 43.380 KISH 40.156 71.501 19.5 -12.0219 29.6123 0.0 226.199 64.8321 298.662 635.297 638.77 6.501
2011 07 19 19 35 43.380 KISZ 40.156 71.501 19.5 -12.1116 25.4952 0.0 229.727 67.2483 298.214 650.849 654.20 6.326
2011 07 19 19 35 43.380 KMPZ 40.156 71.501 19.5 -13.4568 25.8337 0.0 228.581 68.1274 298.824 656.444 659.80 6.261
2011 07 19 19 35 43.380 MANS 40.156 71.501 19.5 -11.14 28.8749 0.0 227.409 64.5241 298.971 633.611 636.71 6.524
2011 07 19 19 35 43.380 MUFZ 40.156 71.501 19.5 -13.1442 25.0213 0.0 229.464 68.3476 299.014 657.649 661.15 6.246
2011 07 19 19 35 43.380 SERJ 40.156 71.501 19.5 -13.2275 30.215 0.0 224.922 65.4946 298.687 639.322 643.12 6.451
2011 07 19 19 35 43.380 SHWG 40.156 71.501 19.5 -11.1925 31.7397 0.0 224.785 62.9851 298.502 623.142 626.64 6.632
2011 08 10 23 45 43.80 KMPZ -7.102 -12.805 11.7 -13.4568 25.8337 0.0 102.633 38.5029 301.464 442.384 442.07 8.407
