2007 06 03 21 34 55 GIDA 23.0653 101.024 11.6 -3.73681 35.0644 0.0 256.548 69.5617 309.028 679.213 669.06 6.171
2007 06 25 00 25 07 GIDA -55.6106 -2.4337 10.0 -3.73681 35.0644 0.0 44.6374 59.8329 309.559 616.062 606.28 6.871
2007 06 25 00 25 07 NAIT -55.6106 -2.4337 10.0 -3.60269 36.0832 0.0 45.6489 60.3646 308.827 618.984 609.92 6.833
2007 06 27 22 22 54 ENDA -10.4979 108.214 18.2 -3.37611 35.3372 0.0 269.74 72.5628 306.157 693.528 685.88 5.955
2007 06 27 22 22 54 GIDA -10.4979 108.214 18.2 -3.73681 35.0644 0.0 269.322 72.7699 305.225 693.827 687.11 5.940
2007 06 27 22 22 54 MARN -10.4979 108.214 18.2 -3.62667 35.2728 0.0 269.472 72.5836 308.107 695.6 686.00 5.953
2007 06 27 22 22 54 MOSH -10.4979 108.214 18.2 -3.30542 37.3292 0.0 270.173 70.6158 311.013 686.642 674.15 6.097
2007 06 27 22 22 54 NAIT -10.4979 108.214 18.2 -3.60269 36.0832 0.0 269.641 71.7907 306.713 689.46 681.26 6.011
2007 07 04 08 25 50 AICH 0.72 -30.2614 10.0 -3.68647 35.5377 0.0 94.333 65.9037 309.025 656.437 645.99 6.439
2007 07 04 08 25 50 BASH 0.72 -30.2614 10.0 -4.00361 35.3511 0.0 94.6869 65.7315 302.693 648.993 644.88 6.451
2007 07 04 08 25 50 COFF 0.72 -30.2614 10.0 -3.39481 36.8746 0.0 93.9589 67.2253 307.893 663.768 654.43 6.343
2007 07 04 08 25 50 ENDA 0.72 -30.2614 10.0 -3.37611 35.3372 0.0 94.0043 65.691 301.306 647.345 644.62 6.453
2007 07 04 08 25 50 KRTU 0.72 -30.2614 10.0 -3.356 35.596 0.0 93.9711 65.9484 306.683 654.384 646.27 6.436
2007 07 04 08 25 50 MALJ 0.72 -30.2614 10.0 -3.19136 35.4707 0.0 93.7975 65.817 307.328 654.182 645.43 6.445
2007 07 04 08 25 50 MANG 0.72 -30.2614 10.0 -3.49258 35.3925 0.0 94.1287 65.7509 298.818 645.244 645.00 6.449
2007 07 04 08 25 50 MARN 0.72 -30.2614 10.0 -3.62667 35.2728 0.0 94.2802 65.6371 301.369 647.059 644.27 6.457
2007 07 04 08 25 50 MONG 0.72 -30.2614 10.0 -3.911 35.254 0.0 94.5908 65.6306 303.295 648.942 644.23 6.458
2007 07 04 08 25 50 MOSH 0.72 -30.2614 10.0 -3.30542 37.3292 0.0 93.8443 67.6755 312.184 670.912 657.28 6.311
2007 07 26 23 37 24 AICH 7.0991 92.5074 27.7 -3.68647 35.5377 0.0 261.157 57.8584 313.008 603.466 589.24 7.013
2007 07 26 23 37 24 ENDA 7.0991 92.5074 27.7 -3.37611 35.3372 0.0 261.558 57.9985 304.288 595.73 590.22 7.002
2007 07 26 23 37 24 GIDA 7.0991 92.5074 27.7 -3.73681 35.0644 0.0 261.202 58.3318 307.06 600.84 592.55 6.976
2007 07 26 23 37 24 KRTU 7.0991 92.5074 27.7 -3.356 35.596 0.0 261.526 57.7409 304.418 594.048 588.41 7.022
2007 07 26 23 37 24 MALJ 7.0991 92.5074 27.7 -3.19136 35.4707 0.0 261.742 57.8343 301.57 591.857 589.06 7.015
2007 07 26 23 37 24 MARN 7.0991 92.5074 27.7 -3.62667 35.2728 0.0 261.283 58.1073 304.686 596.892 590.98 6.993
2007 07 26 23 37 24 MOSH 7.0991 92.5074 27.7 -3.30542 37.3292 0.0 261.203 56.031 312.207 589.689 576.30 7.150
2007 07 26 23 37 24 NAIT 7.0991 92.5074 27.7 -3.60269 36.0832 0.0 261.134 57.308 308.07 594.645 585.37 7.055
2007 08 01 22 55 16 ENDA -0.1853 -17.7754 17.6 -3.37611 35.3372 0.0 94.0528 53.173 303.882 562.034 556.94 7.362
2007 08 01 22 55 16 GIDA -0.1853 -17.7754 17.6 -3.73681 35.0644 0.0 94.5152 52.9161 308.551 564.804 555.05 7.381
2007 08 01 22 55 16 KRTU -0.1853 -17.7754 17.6 -3.356 35.596 0.0 94.0151 53.4303 309.176 569.225 558.83 7.343
2007 08 01 22 55 16 MAGA -0.1853 -17.7754 17.6 -3.81 35.6905 0.0 94.5708 53.5435 302.667 563.548 559.66 7.334
2007 08 01 22 55 16 MALJ -0.1853 -17.7754 17.6 -3.19136 35.4707 0.0 93.8175 53.2991 304.032 563.114 557.87 7.353
2007 08 01 22 55 16 MANG -0.1853 -17.7754 17.6 -3.49258 35.3925 0.0 94.1943 53.2328 307.285 565.878 557.38 7.357
2007 08 01 22 55 16 MARN -0.1853 -17.7754 17.6 -3.62667 35.2728 0.0 94.3669 53.1191 302.77 560.524 556.54 7.366
2007 08 01 22 55 16 MGWE -0.1853 -17.7754 17.6 -3.90981 35.789 0.0 94.6884 53.6462 307.219 568.855 560.42 7.327
2007 08 09 17 04 51 AICH -5.8913 107.451 295.8 -3.68647 35.5377 0.0 268.071 71.6564 298.155 649.368 649.73 5.928
2007 08 09 17 04 51 ESIL -5.8913 107.451 295.8 -3.44622 35.9751 0.0 268.362 71.2423 304.623 653.374 647.27 5.957
2007 08 09 17 04 51 GIDA -5.8913 107.451 295.8 -3.73681 35.0644 0.0 267.976 72.1227 305.474 659.445 652.49 5.894
2007 08 09 17 04 51 KRTU -5.8913 107.451 295.8 -3.356 35.596 0.0 268.421 71.6271 305.281 656.322 649.56 5.930
2007 08 09 17 04 51 MAGA -5.8913 107.451 295.8 -3.81 35.6905 0.0 267.956 71.494 286.2 636.448 648.77 5.940
2007 08 09 17 04 51 MALJ -5.8913 107.451 295.8 -3.19136 35.4707 0.0 268.581 71.7663 293.733 645.599 650.39 5.920
2007 08 09 17 04 51 MGWE -5.8913 107.451 295.8 -3.90981 35.789 0.0 267.861 71.3876 293.608 643.224 648.14 5.947
2007 08 09 17 04 51 MONG -5.8913 107.451 295.8 -3.911 35.254 0.0 267.812 71.9193 292.902 645.672 651.29 5.909
2007 08 09 17 04 51 NAIT -5.8913 107.451 295.8 -3.60269 36.0832 0.0 268.208 71.1213 300.708 648.736 646.55 5.965
2007 08 09 17 04 51 SIMA -5.8913 107.451 295.8 -3.56228 37.0256 0.0 268.337 70.1877 308.493 650.916 640.95 6.034
2007 08 09 17 04 52 ESIL -6.089 107.584 293.8 -3.44622 35.9751 0.0 268.416 71.3686 304.758 654.464 648.23 5.949
2007 08 09 17 04 52 GIDA -6.089 107.584 293.8 -3.73681 35.0644 0.0 268.027 72.2476 305.084 659.996 653.43 5.886
2007 08 09 17 04 52 KRTU -6.089 107.584 293.8 -3.356 35.596 0.0 268.474 71.7536 304.67 656.664 650.52 5.921
2007 08 09 17 04 52 MALJ -6.089 107.584 293.8 -3.19136 35.4707 0.0 268.633 71.8933 312.378 665.2 651.35 5.911
2007 08 09 17 04 52 SIMA -6.089 107.584 293.8 -3.56228 37.0256 0.0 268.395 70.3139 305.19 648.576 641.92 6.025
2007 08 21 22 42 13 ENDA 8.1252 -39.2485 0.7 -3.37611 35.3372 0.0 95.6479 75.2561 297.983 704.032 704.60 5.757
2007 08 21 22 42 13 GIDA 8.1252 -39.2485 0.7 -3.73681 35.0644 0.0 96.0593 75.0454 307.326 712.16 703.39 5.773
2007 08 21 22 42 13 MANG 8.1252 -39.2485 0.7 -3.49258 35.3925 0.0 95.7567 75.3292 297.63 704.101 705.03 5.751
2007 08 21 22 42 13 MGWE 8.1252 -39.2485 0.7 -3.90981 35.789 0.0 96.113 75.7867 306.91 716.007 707.65 5.716
2007 08 21 22 42 13 MONG 8.1252 -39.2485 0.7 -3.911 35.254 0.0 96.204 75.2603 307.233 713.307 704.63 5.756
2007 09 07 17 51 13 KRTU 24.3394 122.254 58.2 -3.356 35.596 0.0 265.588 88.3233 303.218 769.741 765.35 4.746
2007 09 07 17 51 13 MANG 24.3394 122.254 58.2 -3.49258 35.3925 0.0 265.548 88.5643 298.015 765.675 766.50 4.727
2007 09 07 17 51 13 MGWE 24.3394 122.254 58.2 -3.90981 35.789 0.0 265.007 88.3748 311.471 778.239 765.61 4.742
2007 09 07 17 51 13 MINJ 24.3394 122.254 58.2 -3.72814 35.9078 0.0 265.123 88.1923 313.22 779.125 764.74 4.757
2007 09 07 17 51 13 MONG 24.3394 122.254 58.2 -3.911 35.254 0.0 265.226 88.8615 305.244 774.301 767.91 4.703
2007 09 07 17 51 13 NAIT 24.3394 122.254 58.2 -3.60269 36.0832 0.0 265.164 87.9815 309.781 774.685 763.73 4.773
2007 09 13 11 10 10 ESIL -4.4637 101.396 35.5 -3.44622 35.9751 0.0 268.269 65.2549 307.997 647.39 637.96 6.480
2007 09 13 11 10 10 GIDA -4.4637 101.396 35.5 -3.73681 35.0644 0.0 267.896 66.146 309.125 654.273 643.70 6.415
2007 09 13 11 10 10 MGWE -4.4637 101.396 35.5 -3.90981 35.789 0.0 267.752 65.4146 308.72 649.148 638.99 6.467
2007 09 13 11 10 10 MOSH -4.4637 101.396 35.5 -3.30542 37.3292 0.0 268.51 63.9135 306.006 636.625 629.20 6.577
2007 09 13 23 48 48 AICH -2.6161 100.726 36.0 -3.68647 35.5377 0.0 267.168 65.0868 300.643 638.892 636.82 6.492
2007 09 13 23 48 48 KRTU -2.6161 100.726 36.0 -3.356 35.596 0.0 267.531 65.0358 301.168 639.086 636.49 6.496
2007 09 13 23 48 48 MGWE -2.6161 100.726 36.0 -3.90981 35.789 0.0 266.928 64.8318 310.991 647.579 635.16 6.511
2007 09 13 23 48 48 MOSH -2.6161 100.726 36.0 -3.30542 37.3292 0.0 267.63 63.307 301.778 628.336 625.15 6.619
2007 09 14 02 30 02 AICH -1.6708 99.5879 24.8 -3.68647 35.5377 0.0 266.735 64.0009 301.367 634.069 631.29 6.574
2007 09 14 02 30 02 GIDA -1.6708 99.5879 24.8 -3.73681 35.0644 0.0 266.679 64.4732 313.08 648.884 634.39 6.540
2007 09 14 02 30 02 MAGA -1.6708 99.5879 24.8 -3.81 35.6905 0.0 266.598 63.8484 304.507 636.203 630.29 6.584
2007 09 14 02 30 02 MGWE -1.6708 99.5879 24.8 -3.90981 35.789 0.0 266.488 63.7502 300.579 631.626 629.64 6.591
2007 09 14 02 30 02 NAIT -1.6708 99.5879 24.8 -3.60269 36.0832 0.0 266.828 63.4566 301.025 630.131 627.70 6.612
2007 09 14 03 35 04 AICH -2.1573 99.5731 20.0 -3.68647 35.5377 0.0 266.97 63.9596 305.093 638.204 631.70 6.578
2007 09 14 03 35 04 GIDA -2.1573 99.5731 20.0 -3.73681 35.0644 0.0 266.909 64.4314 300.862 637.074 634.79 6.544
2007 09 14 03 35 04 KRTU -2.1573 99.5731 20.0 -3.356 35.596 0.0 267.337 63.9053 304.156 636.909 631.34 6.582
2007 09 14 03 35 04 MGWE -2.1573 99.5731 20.0 -3.90981 35.789 0.0 266.726 63.7068 304.09 635.531 630.03 6.596
2007 09 14 03 35 04 MONG -2.1573 99.5731 20.0 -3.911 35.254 0.0 266.719 64.2405 310.347 645.306 633.54 6.557
2007 09 14 03 35 04 MOSH -2.1573 99.5731 20.0 -3.30542 37.3292 0.0 267.417 62.1758 313.014 634.252 619.85 6.703
2007 09 14 03 35 04 NAIT -2.1573 99.5731 20.0 -3.60269 36.0832 0.0 267.07 63.4161 312.685 642.202 628.11 6.616
2007 09 14 09 48 34 MOSH 3.7941 126.458 24.4 -3.30542 37.3292 0.0 266.666 89.348 310.554 786.257 774.37 4.675
2007 09 14 16 08 52 AICH -3.2096 101.365 50.9 -3.68647 35.5377 0.0 267.419 65.6967 301.182 641.746 639.13 6.442
2007 09 14 16 08 52 ESIL -3.2096 101.365 50.9 -3.44622 35.9751 0.0 267.697 65.2682 301.934 639.727 636.36 6.473
2007 09 14 16 08 52 GIDA -3.2096 101.365 50.9 -3.73681 35.0644 0.0 267.348 66.1671 312.525 656.118 642.15 6.408
2007 09 14 16 08 52 MGWE -3.2096 101.365 50.9 -3.90981 35.789 0.0 267.184 65.4391 306.563 645.462 637.46 6.460
2007 09 14 16 08 52 NAIT -3.2096 101.365 50.9 -3.60269 36.0832 0.0 267.53 65.1553 311.589 648.648 635.63 6.482
2007 09 15 06 01 31 AICH -4.1551 101.1 32.9 -3.68647 35.5377 0.0 267.858 65.393 295.967 636.61 639.21 6.470
2007 09 15 06 01 31 KRTU -4.1551 101.1 32.9 -3.356 35.596 0.0 268.222 65.3518 297.604 637.981 638.95 6.473
2007 09 15 06 01 31 MONG -4.1551 101.1 32.9 -3.911 35.254 0.0 267.598 65.6648 294.564 636.966 640.97 6.450
2007 09 20 07 27 21 ESIL -2.7753 100.83 38.4 -3.44622 35.9751 0.0 267.513 64.7524 312.599 648.406 634.38 6.516
2007 09 20 07 27 21 LGDO -2.7753 100.83 38.4 -2.725 36.6983 0.0 268.33 64.0505 312.721 643.929 629.79 6.566
2007 09 20 07 27 21 MOSH -2.7753 100.83 38.4 -3.30542 37.3292 0.0 267.707 63.4046 313.553 640.496 625.53 6.612
2007 09 20 07 27 21 NAIT -2.7753 100.83 38.4 -3.60269 36.0832 0.0 267.344 64.6408 310.002 645.08 633.65 6.524
2007 09 21 08 31 01 LGDO -2.0214 100.059 30.9 -2.725 36.6983 0.0 267.979 63.3045 312.691 639.924 625.83 6.621
2007 09 21 08 31 01 MAGA -2.0214 100.059 30.9 -3.81 35.6905 0.0 266.765 64.2985 311.592 645.383 632.37 6.550
2007 09 21 08 31 01 MGWE -2.0214 100.059 30.9 -3.90981 35.789 0.0 266.656 64.1996 309.907 643.049 631.72 6.557
2007 09 21 08 31 01 MOSH -2.0214 100.059 30.9 -3.30542 37.3292 0.0 267.341 62.6672 310.12 633.109 621.60 6.662
2007 09 21 08 31 01 NAIT -2.0214 100.059 30.9 -3.60269 36.0832 0.0 266.998 63.9082 310.74 641.965 629.81 6.579
2007 09 27 15 42 44 ESIL -1.8162 99.4029 31.3 -3.44622 35.9751 0.0 267.075 63.3727 297.039 624.667 626.22 6.616
2007 09 27 15 42 44 GIDA -1.8162 99.4029 31.3 -3.73681 35.0644 0.0 266.748 64.2803 311.009 644.625 632.20 6.551
2007 09 27 15 42 44 LGDO -1.8162 99.4029 31.3 -2.725 36.6983 0.0 267.885 62.6564 307.88 630.74 621.47 6.662
2007 09 27 15 42 44 MAGA -1.8162 99.4029 31.3 -3.81 35.6905 0.0 266.67 63.6553 298.485 627.984 628.09 6.596
2007 09 30 05 37 06 NAIT 2.8965 95.5175 32.5999980469 -3.60269 36.0832 0.0 264.165 59.7508 304.689 607.642 601.64 6.878
2007 10 05 12 40 06 ESIL 2.545 92.8891 36.7 -3.44622 35.9751 0.0 264.286 57.1965 303.285 587.871 583.32 7.061
2007 10 05 12 40 06 KRTU 2.545 92.8891 36.7 -3.356 35.596 0.0 264.432 57.5653 300.702 587.895 585.92 7.033
2007 10 05 12 40 06 MGWE 2.545 92.8891 36.7 -3.90981 35.789 0.0 263.762 57.4245 302.593 588.791 584.93 7.044
2007 10 05 12 40 06 MLLA 2.545 92.8891 36.7 -3.23128 36.8607 0.0 264.444 56.2967 310.212 588.398 576.94 7.128
2007 10 25 21 02 40 ESIL -3.9514 100.987 29.9 -3.44622 35.9751 0.0 268.056 64.8639 295.26 632.89 636.20 6.510
2007 10 25 21 02 40 KRTU -3.9514 100.987 29.9 -3.356 35.596 0.0 268.135 65.2462 303.806 643.925 638.68 6.482
2007 10 25 21 02 40 LGDO -3.9514 100.987 29.9 -2.725 36.6983 0.0 268.889 64.1788 291.217 624.363 631.73 6.559
2007 10 25 21 02 40 MINJ -3.9514 100.987 29.9 -3.72814 35.9078 0.0 267.744 64.918 298.747 636.73 636.55 6.507
2007 10 25 21 02 40 NAIT -3.9514 100.987 29.9 -3.60269 36.0832 0.0 267.89 64.7488 310.759 647.638 635.45 6.519
2007 11 26 19 52 59 LGDO -8.2256 118.526 31.6 -2.725 36.6983 0.0 268.461 81.5318 307.296 743.103 734.33 5.285
2007 12 23 12 26 17 NOON 2.1251 96.7849 32.8 -2.99261 36.2922 0.0 265.399 60.6839 307.713 617.041 607.99 6.810
2008 01 05 07 29 15 GLUM -2.7929 100.916 40.6 -2.62114 36.1814 0.0 268.432 64.6549 304.032 638.963 633.51 6.522
2008 01 07 05 14 15 GLUM 37.2569 22.7037 83.8 -2.62114 36.1814 0.0 159.474 41.6063 304.224 464.767 461.22 8.153
2008 01 07 05 14 15 NOON 37.2569 22.7037 83.8 -2.99261 36.2922 0.0 159.469 41.9915 300.849 464.538 464.37 8.126
2008 01 10 08 26 41 NOON 32.4042 85.2551 27.7 -2.99261 36.2922 0.0 242.415 58.1986 308.086 600.802 592.20 6.979
