2008 01 04 07 29 19.500 GLUM -2.792 100.916 40.6 -2.6215 36.1867 1.297 268.431 64.6496 300.087 632.587 633.47 6.523
2008 01 22 17 14 58.290 GLUM 1.032 97.45 40.6 -2.6215 36.1867 1.297 266.471 61.3538 304.566 615.276 611.61 6.757
2008 01 30 07 32 48.140 GLUM -7.262 127.815 38.3 -2.6215 36.1867 1.297 267.211 91.2868 300.541 781.401 781.38 4.635
2008 02 08 09 38 13.680 GLUM 10.725 -41.902 4.1 -2.6215 36.1867 1.297 94.8402 78.8003 301.543 723.863 723.99 5.497
2008 02 14 10 09 23.170 GLUM 36.517 21.669 31.5 -2.6215 36.1867 1.297 157.666 41.2238 301.124 461.954 463.40 8.203
2008 02 14 12 08 57.100 GLUM 36.384 21.832 35.3 -2.6215 36.1867 1.297 157.845 41.0512 300.94 459.84 461.48 8.214
2008 02 25 08 36 33.910 GLUM -2.489 99.92 29.8 -2.6215 36.1867 1.297 268.317 63.6635 301.705 628.795 628.36 6.596
2008 03 03 14 11 15.120 GLUM 13.423 125.716 26 -2.6215 36.1867 1.297 267.358 90.1429 302.267 779.147 777.86 4.642
2008 03 15 14 43 26.740 GLUM 2.712 94.573 23.5 -2.6215 36.1867 1.297 265.297 58.6051 301.65 594.91 594.98 6.961
2008 01 09 08 26 48.540 KERM 32.404 85.255 27.7 -2.8265 35.9794 1.137 242.803 58.3246 299.926 591.386 593.06 6.970
2008 01 09 08 26 48.540 LWND 32.404 85.255 27.7 -2.7454 36.0408 1.068 242.827 58.2255 299.134 589.594 592.37 6.978
2008 01 20 20 26 06.980 LWND 2.431 126.901 50.6 -2.7454 36.0408 1.068 267.311 90.9733 303.387 780.407 778.52 4.637
2008 01 22 17 14 58.290 LWND 1.032 97.45 40.6 -2.7454 36.0408 1.068 266.339 61.5051 304.568 616.278 612.63 6.747
2008 01 30 07 32 48.140 LWND -7.262 127.815 38.3 -2.7454 36.0408 1.068 267.071 91.4157 300.7 781.56 781.98 4.634
2008 02 08 09 38 13.680 LWND 10.725 -41.902 4.1 -2.7454 36.0408 1.068 94.9927 78.6818 300.794 723.114 723.34 5.505
2008 02 09 18 34 00.390 LWND -0.236 125.11 27.7 -2.7454 36.0408 1.068 267.276 89.0591 301.621 773.231 772.51 4.697
2008 02 10 12 22 03.340 LWND -60.784 -25.594 10 -2.7454 36.0408 1.068 66.0629 74.0812 301.392 697.052 696.50 5.841
2008 02 14 10 09 23.170 LWND 36.517 21.669 31.5 -2.7454 36.0408 1.068 157.934 41.2966 300.578 462.408 464.01 8.198
2008 02 14 12 08 57.100 LWND 36.384 21.832 35.3 -2.7454 36.0408 1.068 158.113 41.1244 301.697 461.597 462.09 8.209
2008 02 20 08 08 31.440 LWND 2.763 95.964 31.4 -2.7454 36.0408 1.068 265.272 60.1494 304.124 607.684 604.54 6.851
