2014 06 29 07 52 56.840 CHAA -55.475 -28.395 15.1 -7.59109 31.2704 0.0 68.5087 66.8619 300.405 650.565 651.43 6.365
2014 06 29 07 52 56.840 KALA -55.475 -28.395 15.1 -8.13374 30.9701 0.0 68.549 66.2472 299.977 646.137 647.49 6.411
2014 06 29 07 52 56.840 KARA -55.475 -28.395 15.1 -6.82163 30.4394 0.0 67.3082 67.0709 299.934 651.094 652.81 6.350
2014 06 29 07 52 56.840 KASA -55.475 -28.395 15.1 -8.43832 31.1473 0.0 68.8882 66.0857 299.841 645.001 646.44 6.423
2014 06 29 07 52 56.840 KIPA -55.475 -28.395 15.1 -7.43221 30.591 0.0 67.7968 66.6364 300.128 648.288 650.02 6.382
2014 06 29 07 52 56.840 KISA -55.475 -28.395 15.1 -7.19005 31.0231 0.0 68.0524 67.0681 300.337 651.497 652.77 6.350
2014 06 29 07 52 56.840 KOLA -55.475 -28.395 15.1 -7.16871 30.5375 0.0 67.5965 66.8301 299.202 649.362 651.26 6.367
2014 06 29 07 52 56.840 NAMA -55.475 -28.395 15.1 -7.62361 30.6592 0.0 67.9695 66.5114 299.469 647.629 649.21 6.391
2014 06 29 07 52 56.840 NEMA -55.475 -28.395 15.1 -7.52009 31.0442 0.0 68.2615 66.8018 300.822 649.982 651.06 6.370
2014 06 29 07 52 56.840 NINA -55.475 -28.395 15.1 -7.68887 30.7241 0.0 68.0665 66.4908 300.377 647.537 649.07 6.393
2014 06 29 07 52 56.840 SITA -55.475 -28.395 15.1 -6.61924 31.1427 0.0 67.8348 67.6116 299.799 654.959 656.23 6.312
2014 06 29 07 52 56.840 SUMA -55.475 -28.395 15.1 -7.96386 31.6252 0.0 69.0476 66.7374 300.592 649.752 650.62 6.375
2014 06 29 14 32 49.770 CHAA -55.418 -28.224 11.9 -7.59109 31.2704 0.0 68.3756 66.7503 301.984 652.214 651.25 6.374
2014 06 29 14 32 49.770 KALA -55.418 -28.224 11.9 -8.13374 30.9701 0.0 68.4162 66.1356 301.511 647.741 647.29 6.420
2014 06 29 14 32 49.770 KARA -55.418 -28.224 11.9 -6.82163 30.4394 0.0 67.174 66.959 301.533 652.763 652.62 6.358
2014 06 29 14 32 49.770 KASA -55.418 -28.224 11.9 -8.43832 31.1473 0.0 68.7557 65.9742 301.374 646.604 646.24 6.432
2014 06 29 14 32 49.770 KIPA -55.418 -28.224 11.9 -7.43221 30.591 0.0 67.6632 66.5246 301.624 649.854 649.82 6.391
2014 06 29 14 32 49.770 KISA -55.418 -28.224 11.9 -7.19005 31.0231 0.0 67.9188 66.9564 301.917 653.147 652.58 6.359
2014 06 29 14 32 49.770 KOLA -55.418 -28.224 11.9 -7.16871 30.5375 0.0 67.4626 66.7182 301.68 650.91 651.07 6.376
2014 06 29 14 32 49.770 LAEA -55.418 -28.224 11.9 -8.57677 32.0422 0.0 69.652 66.3354 301.852 649.082 648.54 6.406
2014 06 29 14 32 49.770 NAMA -55.418 -28.224 11.9 -7.62361 30.6592 0.0 67.836 66.3996 302.004 649.234 649.02 6.400
2014 06 29 14 32 49.770 NEMA -55.418 -28.224 11.9 -7.52009 31.0442 0.0 68.1282 66.6901 302.38 651.61 650.87 6.379
2014 06 29 14 32 49.770 NINA -55.418 -28.224 11.9 -7.68887 30.7241 0.0 67.9331 66.379 301.932 649.162 648.88 6.402
2014 06 29 14 32 49.770 SITA -55.418 -28.224 11.9 -6.61924 31.1427 0.0 67.7009 67.4998 302.403 656.633 656.05 6.321
2014 06 29 14 32 49.770 SUMA -55.418 -28.224 11.9 -7.96386 31.6252 0.0 68.9149 66.626 302.191 651.421 650.43 6.384
2014 07 05 09 39 27.790 CHAA 1.933 96.938 20.0 -7.59109 31.2704 0.0 260.89 66.1816 301.61 646.82 646.18 6.416
2014 07 05 09 39 27.790 KALA 1.933 96.938 20.0 -8.13374 30.9701 0.0 260.336 66.5299 301.521 648.731 648.42 6.390
2014 07 05 09 39 27.790 KARA 1.933 96.938 20.0 -6.82163 30.4394 0.0 261.802 66.9329 302.23 651.44 650.98 6.360
2014 07 05 09 39 27.790 KASA 1.933 96.938 20.0 -8.43832 31.1473 0.0 259.988 66.3857 301.859 648.069 647.50 6.401
2014 07 05 09 39 27.790 KIPA 1.933 96.938 20.0 -7.43221 30.591 0.0 261.13 66.8374 302.199 651.409 650.37 6.367
2014 07 05 09 39 27.790 KISA 1.933 96.938 20.0 -7.19005 31.0231 0.0 261.348 66.3885 301.697 647.907 647.51 6.401
2014 07 05 09 39 27.790 KOLA 1.933 96.938 20.0 -7.16871 30.5375 0.0 261.419 66.8664 301.647 650.857 650.56 6.365
2014 07 05 09 39 27.790 LAEA 1.933 96.938 20.0 -8.57677 32.0422 0.0 259.738 65.5195 302.346 642.556 641.93 6.463
2014 07 05 09 39 27.790 NAMA 1.933 96.938 20.0 -7.62361 30.6592 0.0 260.917 66.7878 300.966 650.176 650.06 6.371
2014 07 05 09 39 27.790 NEMA 1.933 96.938 20.0 -7.52009 31.0442 0.0 260.99 66.3981 301.998 648.208 647.57 6.400
2014 07 05 09 39 27.790 NINA 1.933 96.938 20.0 -7.68887 30.7241 0.0 260.841 66.7298 301.677 649.887 649.69 6.375
2014 07 05 09 39 27.790 SITA 1.933 96.938 20.0 -6.61924 31.1427 0.0 261.954 66.2194 301.413 646.623 646.42 6.413
2014 07 05 09 39 27.790 SUMA 1.933 96.938 20.0 -7.96386 31.6252 0.0 260.449 65.8677 301.833 645.043 644.17 6.439
2014 07 19 14 14 02.290 CHAA 11.709 57.957 10.0 -7.59109 31.2704 0.0 235.4 32.7441 299.331 391.041 393.54 8.751
2014 07 19 14 14 02.290 KALA 11.709 57.957 10.0 -8.13374 30.9701 0.0 234.917 33.3006 298.955 395.665 398.43 8.726
2014 07 19 14 14 02.290 KARA 11.709 57.957 10.0 -6.82163 30.4394 0.0 237.423 32.9872 299.297 393.007 395.61 8.741
2014 07 19 14 14 02.290 KASA 11.709 57.957 10.0 -8.43832 31.1473 0.0 234.283 33.3381 298.182 395.892 398.77 8.724
2014 07 19 14 14 02.290 KIPA 11.709 57.957 10.0 -7.43221 30.591 0.0 236.35 33.2041 299.633 395.343 397.54 8.731
2014 07 19 14 14 02.290 KISA 11.709 57.957 10.0 -7.19005 31.0231 0.0 236.264 32.7148 299.194 390.904 393.25 8.752
2014 07 19 14 14 02.290 KOLA 11.709 57.957 10.0 -7.16871 30.5375 0.0 236.799 33.0996 299.72 394.43 396.61 8.735
2014 07 19 14 14 02.290 LAEA 11.709 57.957 10.0 -8.57677 32.0422 0.0 233.103 32.7145 298.832 390.542 393.35 8.752
2014 07 19 14 14 02.290 NAMA 11.709 57.957 10.0 -7.62361 30.6592 0.0 235.995 33.2573 298.917 395.627 398.01 8.728
2014 07 19 14 14 02.290 NEMA 11.709 57.957 10.0 -7.52009 31.0442 0.0 235.746 32.886 298.852 392.562 394.77 8.745
2014 07 19 14 14 02.290 NINA 11.709 57.957 10.0 -7.68887 30.7241 0.0 235.83 33.2419 298.743 395.453 397.88 8.729
2014 07 19 14 14 02.290 SITA 11.709 57.957 10.0 -6.61924 31.1427 0.0 237.008 32.2956 299.08 386.79 389.55 8.771
2014 07 19 14 14 02.290 SUMA 11.709 57.957 10.0 -7.96386 31.6252 0.0 234.463 32.6774 299.087 390.797 392.98 8.754
2014 07 27 01 28 41.400 CHAA 23.86 -45.59 13.7 -7.59109 31.2704 0.0 102.317 81.168 297.721 732.321 735.44 5.314
2014 07 27 01 28 41.400 KALA 23.86 -45.59 13.7 -8.13374 30.9701 0.0 102.939 81.1328 297.273 731.873 735.27 5.316
2014 07 27 01 28 41.400 KARA 23.86 -45.59 13.7 -6.82163 30.4394 0.0 101.979 80.0943 298.065 726.665 729.67 5.398
2014 07 27 01 28 41.400 KASA 23.86 -45.59 13.7 -8.43832 31.1473 0.0 103.139 81.422 298.068 733.668 736.81 5.293
2014 07 27 01 28 41.400 KIPA 23.86 -45.59 13.7 -7.43221 30.591 0.0 102.468 80.4923 297.769 728.369 731.83 5.367
2014 07 27 01 28 41.400 KISA 23.86 -45.59 13.7 -7.19005 31.0231 0.0 102.06 80.7749 297.344 729.944 733.33 5.345
2014 07 27 01 28 41.400 KOLA 23.86 -45.59 13.7 -7.16871 30.5375 0.0 102.252 80.3312 298.002 727.602 730.96 5.380
2014 07 27 01 28 41.400 LAEA 23.86 -45.59 13.7 -8.57677 32.0422 0.0 102.877 82.2797 297.383 737.983 741.32 5.228
2014 07 27 01 28 41.400 NAMA 23.86 -45.59 13.7 -7.62361 30.6592 0.0 102.612 80.6356 297.498 729.098 732.60 5.356
2014 07 27 01 28 41.400 NEMA 23.86 -45.59 13.7 -7.52009 31.0442 0.0 102.351 80.9353 298.28 730.88 734.20 5.333
2014 07 27 01 28 41.400 NINA 23.86 -45.59 13.7 -7.68887 30.7241 0.0 102.643 80.7217 297.999 729.599 733.06 5.349
2014 07 27 01 28 41.400 SITA 23.86 -45.59 13.7 -6.61924 31.1427 0.0 101.49 80.6382 297.872 729.472 732.58 5.356
2014 07 27 01 28 41.400 SUMA 23.86 -45.59 13.7 -7.96386 31.6252 0.0 102.502 81.6449 298.327 734.927 737.97 5.275
2014 08 03 08 30 14.300 CHAA 27.217 103.458 28.0 -7.59109 31.2704 0.0 254.891 77.8569 303.654 717.354 715.30 5.558
2014 08 03 08 30 14.300 KALA 27.217 103.458 28.0 -8.13374 30.9701 0.0 254.564 78.3834 303.092 719.792 718.23 5.517
2014 08 03 08 30 14.300 KARA 27.217 103.458 28.0 -6.82163 30.4394 0.0 255.987 78.1945 303.727 719.427 717.14 5.532
2014 08 03 08 30 14.300 KASA 27.217 103.458 28.0 -8.43832 31.1473 0.0 254.207 78.3825 303.467 720.167 718.24 5.517
2014 08 03 08 30 14.300 KIPA 27.217 103.458 28.0 -7.43221 30.591 0.0 255.373 78.3633 303.261 719.961 718.09 5.519
2014 08 03 08 30 14.300 KISA 27.217 103.458 28.0 -7.19005 31.0231 0.0 255.369 77.8718 302.856 717.556 715.37 5.557
2014 08 03 08 30 14.300 KOLA 27.217 103.458 28.0 -7.16871 30.5375 0.0 255.632 78.2799 303.08 719.78 717.63 5.526
2014 08 03 08 30 14.300 LAEA 27.217 103.458 28.0 -8.57677 32.0422 0.0 253.632 77.6857 302.72 716.42 714.39 5.571
2014 08 03 08 30 14.300 NAMA 27.217 103.458 28.0 -7.62361 30.6592 0.0 255.17 78.3987 303.317 720.017 718.30 5.516
2014 08 03 08 30 14.300 NEMA 27.217 103.458 28.0 -7.52009 31.0442 0.0 255.067 78.0164 303.62 718.32 716.18 5.546
2014 08 03 08 30 14.300 NINA 27.217 103.458 28.0 -7.68887 30.7241 0.0 255.08 78.375 303.186 719.886 718.17 5.518
2014 08 03 08 30 14.300 SITA 27.217 103.458 28.0 -6.61924 31.1427 0.0 255.813 77.4877 303.835 715.535 713.21 5.586
2014 08 03 08 30 14.300 SUMA 27.217 103.458 28.0 -7.96386 31.6252 0.0 254.383 77.7371 303.186 716.886 714.65 5.567
2014 08 18 02 32 04.100 CHAA 32.711 47.638 10.0 -7.59109 31.2704 0.0 204.179 43.0038 303.64 482.54 481.17 8.085
2014 08 18 02 32 04.100 KALA 32.711 47.638 10.0 -8.13374 30.9701 0.0 204.311 43.6129 303.26 487.16 486.11 8.040
2014 08 18 02 32 04.100 KARA 32.711 47.638 10.0 -6.82163 30.4394 0.0 205.716 42.5856 303.706 478.606 477.73 8.115
2014 08 18 02 32 04.100 KASA 32.711 47.638 10.0 -8.43832 31.1473 0.0 203.921 43.8356 303.313 489.213 487.92 8.025
2014 08 18 02 32 04.100 KIPA 32.711 47.638 10.0 -7.43221 30.591 0.0 205.184 43.0954 303.042 482.942 481.89 8.079
2014 08 18 02 32 04.100 KISA 32.711 47.638 10.0 -7.19005 31.0231 0.0 204.723 42.7171 302.915 479.815 478.82 8.106
2014 08 18 02 32 04.100 KOLA 32.711 47.638 10.0 -7.16871 30.5375 0.0 205.396 42.8708 303.202 481.102 480.06 8.095
2014 08 18 02 32 04.100 LAEA 32.711 47.638 10.0 -8.57677 32.0422 0.0 202.648 43.6669 304.815 488.715 486.58 8.036
2014 08 18 02 32 04.100 NAMA 32.711 47.638 10.0 -7.62361 30.6592 0.0 204.992 43.2484 303.279 484.179 483.14 8.067
2014 08 18 02 32 04.100 NEMA 32.711 47.638 10.0 -7.52009 31.0442 0.0 204.523 43.0164 303.822 482.722 481.27 8.084
2014 08 18 02 32 04.100 NINA 32.711 47.638 10.0 -7.68887 30.7241 0.0 204.87 43.2859 303.662 484.562 483.45 8.064
2014 08 18 02 32 04.100 SITA 32.711 47.638 10.0 -6.61924 31.1427 0.0 204.858 42.1449 303.357 475.257 474.15 8.146
2014 08 18 02 32 04.100 SUMA 32.711 47.638 10.0 -7.96386 31.6252 0.0 203.51 43.2307 304.156 485.056 483.03 8.068
2014 08 18 18 08 22.750 CHAA 32.582 47.703 5.0 -7.59109 31.2704 0.0 204.325 42.9091 302.623 480.873 481.18 8.093
2014 08 18 18 08 22.750 KALA 32.582 47.703 5.0 -8.13374 30.9701 0.0 204.454 43.5184 302.251 485.501 486.13 8.049
2014 08 18 18 08 22.750 KARA 32.582 47.703 5.0 -6.82163 30.4394 0.0 205.865 42.4936 301.669 476.919 477.76 8.123
2014 08 18 18 08 22.750 KASA 32.582 47.703 5.0 -8.43832 31.1473 0.0 204.063 43.7404 302.339 487.589 487.93 8.032
2014 08 18 18 08 22.750 KIPA 32.582 47.703 5.0 -7.43221 30.591 0.0 205.331 43.0025 302.04 481.29 481.92 8.087
2014 08 18 18 08 22.750 KISA 32.582 47.703 5.0 -7.19005 31.0231 0.0 204.87 42.6234 301.964 478.214 478.84 8.114
2014 08 18 18 08 22.750 KOLA 32.582 47.703 5.0 -7.16871 30.5375 0.0 205.544 42.7782 302.222 479.472 480.09 8.103
2014 08 18 18 08 22.750 LAEA 32.582 47.703 5.0 -8.57677 32.0422 0.0 202.789 43.5694 303.782 487.032 486.58 8.045
2014 08 18 18 08 22.750 NAMA 32.582 47.703 5.0 -7.62361 30.6592 0.0 205.137 43.1551 302.296 482.546 483.16 8.076
2014 08 18 18 08 22.750 NEMA 32.582 47.703 5.0 -7.52009 31.0442 0.0 204.669 42.9222 302.81 481.06 481.28 8.093
2014 08 18 18 08 22.750 NINA 32.582 47.703 5.0 -7.68887 30.7241 0.0 205.015 43.1924 302.617 482.867 483.47 8.073
2014 08 18 18 08 22.750 SITA 32.582 47.703 5.0 -6.61924 31.1427 0.0 205.008 42.0514 302.364 473.614 474.16 8.153
2014 08 18 18 08 22.750 SUMA 32.582 47.703 5.0 -7.96386 31.6252 0.0 203.653 43.1347 303.131 483.381 483.03 8.077
2014 10 07 13 49 41.780 CHAA 23.343 100.5 12.8 -7.59109 31.2704 0.0 254.381 74.2515 302.683 697.903 697.10 5.827
2014 10 07 13 49 41.780 KALA 23.343 100.5 12.8 -8.13374 30.9701 0.0 254.021 74.76 302.199 700.419 700.06 5.787
2014 10 07 13 49 41.780 KARA 23.343 100.5 12.8 -6.82163 30.4394 0.0 255.474 74.6472 302.025 700.245 699.36 5.796
2014 10 07 13 49 41.780 KASA 23.343 100.5 12.8 -8.43832 31.1473 0.0 253.659 74.7405 302.325 700.545 699.96 5.789
2014 10 07 13 49 41.780 KISA 23.343 100.5 12.8 -7.19005 31.0231 0.0 254.865 74.2918 301.958 698.178 697.32 5.824
2014 10 07 13 49 41.780 KOLA 23.343 100.5 12.8 -7.16871 30.5375 0.0 255.109 74.7134 302.348 700.568 699.76 5.791
2014 10 07 13 49 41.780 LAEA 23.343 100.5 12.8 -8.57677 32.0422 0.0 253.113 74.0149 302.361 696.581 695.75 5.844
2014 10 07 13 49 41.780 NAMA 23.343 100.5 12.8 -7.62361 30.6592 0.0 254.634 74.8073 301.553 700.773 700.32 5.784
2014 10 07 13 49 41.780 NEMA 23.343 100.5 12.8 -7.52009 31.0442 0.0 254.551 74.4201 302.685 698.905 698.07 5.814
2014 10 07 13 49 41.780 NINA 23.343 100.5 12.8 -7.68887 30.7241 0.0 254.544 74.7789 302.368 700.588 700.16 5.786
2014 10 07 13 49 41.780 SITA 23.343 100.5 12.8 -6.61924 31.1427 0.0 255.338 73.9321 302.937 696.157 695.20 5.851
2014 10 07 13 49 41.780 SUMA 23.343 100.5 12.8 -7.96386 31.6252 0.0 253.873 74.1051 303.029 697.249 696.26 5.837
2014 11 03 08 48 29.700 CHAA -41.824 80.043 7.4 -7.59109 31.2704 0.0 294.257 54.8646 303.249 572.549 571.21 7.238
2014 11 03 08 48 29.700 KALA -41.824 80.043 7.4 -8.13374 30.9701 0.0 293.538 54.6794 302.707 571.007 569.84 7.252
2014 11 03 08 48 29.700 KASA -41.824 80.043 7.4 -8.43832 31.1473 0.0 293.436 54.3397 302.178 568.478 567.36 7.277
2014 11 03 08 48 29.700 KISA -41.824 80.043 7.4 -7.19005 31.0231 0.0 294.373 55.3227 302.139 575.438 574.54 7.203
2014 11 03 08 48 29.700 KOLA -41.824 80.043 7.4 -7.16871 30.5375 0.0 293.966 55.6692 302.591 577.891 577.02 7.179
2014 11 03 08 48 29.700 LAEA -41.824 80.043 7.4 -8.57677 32.0422 0.0 294.109 53.6282 303.161 563.461 562.17 7.328
2014 11 03 08 48 29.700 NAMA -41.824 80.043 7.4 -7.62361 30.6592 0.0 293.694 55.2586 302.756 575.056 574.05 7.208
2014 11 03 08 48 29.700 NEMA -41.824 80.043 7.4 -7.52009 31.0442 0.0 294.117 55.0701 302.595 573.895 572.70 7.223
2014 11 03 08 48 29.700 NINA -41.824 80.043 7.4 -7.68887 30.7241 0.0 293.696 55.1673 302.137 574.438 573.39 7.215
2014 11 03 08 48 29.700 SITA -41.824 80.043 7.4 -6.61924 31.1427 0.0 294.949 55.655 302.53 577.829 576.96 7.180
2014 11 03 08 48 29.700 SUMA -41.824 80.043 7.4 -7.96386 31.6252 0.0 294.257 54.354 302.642 568.942 567.50 7.276
2014 11 17 16 52 47.640 CHAA -46.407 33.701 12.2 -7.59109 31.2704 0.0 356.147 38.7305 300.518 442.878 445.11 8.382
2014 11 17 16 52 47.640 KALA -46.407 33.701 12.2 -8.13374 30.9701 0.0 355.626 38.2069 299.375 437.735 440.68 8.417
2014 11 17 16 52 47.640 KARA -46.407 33.701 12.2 -6.82163 30.4394 0.0 354.908 39.5387 299.878 449.238 451.90 8.326
2014 11 17 16 52 47.640 KASA -46.407 33.701 12.2 -8.43832 31.1473 0.0 355.885 37.8956 299.57 434.93 438.04 8.435
2014 11 17 16 52 47.640 KIPA -46.407 33.701 12.2 -7.43221 30.591 0.0 355.088 38.924 300.721 445.081 446.73 8.369
2014 11 17 16 52 47.640 KISA -46.407 33.701 12.2 -7.19005 31.0231 0.0 355.788 39.1405 299.493 445.853 448.56 8.354
2014 11 17 16 52 47.640 KOLA -46.407 33.701 12.2 -7.16871 30.5375 0.0 355.028 39.1885 299.915 446.275 448.96 8.351
2014 11 17 16 52 47.640 LAEA -46.407 33.701 12.2 -8.57677 32.0422 0.0 357.318 37.7214 298.898 433.258 436.56 8.446
2014 11 17 16 52 47.640 NAMA -46.407 33.701 12.2 -7.62361 30.6592 0.0 355.177 38.7302 299.995 442.355 445.10 8.382
2014 11 17 16 52 47.640 NEMA -46.407 33.701 12.2 -7.52009 31.0442 0.0 355.795 38.8119 300.021 443.381 445.79 8.377
2014 11 17 16 52 47.640 NINA -46.407 33.701 12.2 -7.68887 30.7241 0.0 355.274 38.6617 299.441 441.801 444.52 8.387
2014 11 17 16 52 47.640 SITA -46.407 33.701 12.2 -6.61924 31.1427 0.0 356.02 39.7009 300.05 450.41 453.26 8.315
2014 11 17 16 52 47.640 SUMA -46.407 33.701 12.2 -7.96386 31.6252 0.0 356.685 38.3451 300.099 439.459 441.85 8.408
2014 11 22 08 55 26.490 CHAA 30.314 101.803 2.0 -7.59109 31.2704 0.0 253.357 77.3031 301.421 716.931 716.40 5.605
2014 11 22 08 55 26.490 KALA 30.314 101.803 2.0 -8.13374 30.9701 0.0 253.063 77.8478 300.946 719.456 719.45 5.563
2014 11 22 08 55 26.490 KARA 30.314 101.803 2.0 -6.82163 30.4394 0.0 254.474 77.5757 301.988 718.498 717.89 5.585
2014 11 22 08 55 26.490 KASA 30.314 101.803 2.0 -8.43832 31.1473 0.0 252.706 77.8679 301.278 719.788 719.58 5.562
2014 11 22 08 55 26.490 KIPA 30.314 101.803 2.0 -7.43221 30.591 0.0 253.87 77.7802 302.549 720.059 719.05 5.569
2014 11 22 08 55 26.490 KISA 30.314 101.803 2.0 -7.19005 31.0231 0.0 253.836 77.2898 302.386 716.896 716.30 5.606
2014 11 22 08 55 26.490 KOLA 30.314 101.803 2.0 -7.16871 30.5375 0.0 254.124 77.6819 301.52 719.03 718.49 5.577
2014 11 22 08 55 26.490 LAEA 30.314 101.803 2.0 -8.57677 32.0422 0.0 252.087 77.2063 301.837 716.347 715.89 5.611
2014 11 22 08 55 26.490 NAMA 30.314 101.803 2.0 -7.62361 30.6592 0.0 253.669 77.8276 301.973 719.483 719.32 5.565
2014 11 22 08 55 26.490 NEMA 30.314 101.803 2.0 -7.52009 31.0442 0.0 253.543 77.4519 302.315 717.825 717.22 5.594
2014 11 22 08 55 26.490 NINA 30.314 101.803 2.0 -7.68887 30.7241 0.0 253.578 77.8092 301.87 719.38 719.22 5.567
2014 11 22 08 55 26.490 SITA 30.314 101.803 2.0 -6.61924 31.1427 0.0 254.257 76.8804 302.183 714.693 713.99 5.636
2014 11 22 08 55 26.490 SUMA 30.314 101.803 2.0 -7.96386 31.6252 0.0 252.841 77.2133 301.997 716.507 715.91 5.611
2015 02 13 18 59 13.510 CHAA 52.509 -32.02 16.9 -7.59109 31.2704 0.0 116.05 80.3007 301.359 730.849 730.65 5.376
2015 02 13 18 59 13.510 KALA 52.509 -32.02 16.9 -8.13374 30.9701 0.0 116.603 80.5855 301.569 732.059 732.21 5.353
2015 02 13 18 59 13.510 KARA 52.509 -32.02 16.9 -6.82163 30.4394 0.0 116.319 79.2079 301.409 724.899 724.72 5.458
2015 02 13 18 59 13.510 KASA 52.509 -32.02 16.9 -8.43832 31.1473 0.0 116.625 80.9346 301.757 734.247 734.08 5.326
2015 02 13 18 59 13.510 KIPA 52.509 -32.02 16.9 -7.43221 30.591 0.0 116.531 79.7969 301.636 728.126 727.94 5.414
2015 02 13 18 59 13.510 KISA 52.509 -32.02 16.9 -7.19005 31.0231 0.0 116.033 79.8331 301.613 728.103 728.12 5.411
2015 02 13 18 59 13.510 KOLA 52.509 -32.02 16.9 -7.16871 30.5375 0.0 116.429 79.5492 302.251 726.741 726.59 5.432
2015 02 13 18 59 13.510 LAEA 52.509 -32.02 16.9 -8.57677 32.0422 0.0 115.956 81.5395 302.07 737.56 737.28 5.277
2015 02 13 18 59 13.510 NAMA 52.509 -32.02 16.9 -7.62361 30.6592 0.0 116.58 79.9928 301.397 728.887 729.01 5.399
2015 02 13 18 59 13.510 NEMA 52.509 -32.02 16.9 -7.52009 31.0442 0.0 116.2 80.1179 301.313 729.803 729.67 5.390
2015 02 13 18 59 13.510 NINA 52.509 -32.02 16.9 -7.68887 30.7241 0.0 116.562 80.0824 301.881 729.371 729.49 5.392
2015 02 13 18 59 13.510 SITA 52.509 -32.02 16.9 -6.61924 31.1427 0.0 115.613 79.4269 301.545 726.035 725.89 5.442
2015 02 13 18 59 13.510 SUMA 52.509 -32.02 16.9 -7.96386 31.6252 0.0 115.961 80.8039 302.259 733.749 733.36 5.337
2015 02 16 22 00 54.320 CHAA -55.518 -28.229 18.1 -7.59109 31.2704 0.0 68.3402 66.7899 299.899 649.579 650.49 6.370
2015 02 16 22 00 54.320 KALA -55.518 -28.229 18.1 -8.13374 30.9701 0.0 68.3796 66.1752 299.528 645.208 646.54 6.415
2015 02 16 22 00 54.320 KARA -55.518 -28.229 18.1 -6.82163 30.4394 0.0 67.1394 67.0005 299.519 650.199 651.88 6.353
2015 02 16 22 00 54.320 KASA -55.518 -28.229 18.1 -8.43832 31.1473 0.0 68.7186 66.0132 299.388 644.068 645.49 6.428
2015 02 16 22 00 54.320 KIPA -55.518 -28.229 18.1 -7.43221 30.591 0.0 67.6275 66.5654 299.946 647.626 649.08 6.386
2015 02 16 22 00 54.320 KISA -55.518 -28.229 18.1 -7.19005 31.0231 0.0 67.8839 66.9967 299.915 650.595 651.83 6.354
2015 02 16 22 00 54.320 KOLA -55.518 -28.229 18.1 -7.16871 30.5375 0.0 67.4274 66.7593 298.724 648.404 650.33 6.372
2015 02 16 22 00 54.320 LAEA -55.518 -28.229 18.1 -8.57677 32.0422 0.0 69.6154 66.3729 299.836 646.516 647.77 6.402
2015 02 16 22 00 54.320 NAMA -55.518 -28.229 18.1 -7.62361 30.6592 0.0 67.8001 66.4401 299.005 646.685 648.27 6.396
2015 02 16 22 00 54.320 NEMA -55.518 -28.229 18.1 -7.52009 31.0442 0.0 68.0927 66.7301 300.378 649.058 650.12 6.374
2015 02 16 22 00 54.320 NINA -55.518 -28.229 18.1 -7.68887 30.7241 0.0 67.8971 66.4194 299.933 646.613 648.13 6.397
2015 02 16 22 00 54.320 SITA -55.518 -28.229 18.1 -6.61924 31.1427 0.0 67.667 67.5405 299.382 654.062 655.30 6.316
2015 02 16 22 00 54.320 SUMA -55.518 -28.229 18.1 -7.96386 31.6252 0.0 68.8791 66.6647 300.201 648.881 649.67 6.379
2015 02 27 13 45 05.640 LAEA -7.358 122.49 559.1 -8.57677 32.0422 0.0 261.492 89.3592 301.413 717.773 717.19 4.634
2015 02 27 13 45 05.640 SUMA -7.358 122.49 559.1 -7.96386 31.6252 0.0 262.043 89.8463 301.808 720.168 719.45 4.629
2015 03 03 10 37 31.380 CHAA -0.719 98.754 33.5 -7.59109 31.2704 0.0 262.136 67.5893 300.592 653.212 653.18 6.311
2015 03 03 10 37 31.380 KALA -0.719 98.754 33.5 -8.13374 30.9701 0.0 261.568 67.9095 300.268 654.888 655.20 6.288
2015 03 03 10 37 31.380 KARA -0.719 98.754 33.5 -6.82163 30.4394 0.0 262.993 68.3848 300.389 658.009 658.17 6.253
2015 03 03 10 37 31.380 KASA -0.719 98.754 33.5 -8.43832 31.1473 0.0 261.232 67.7481 300.552 654.172 654.18 6.299
2015 03 03 10 37 31.380 KIPA -0.719 98.754 33.5 -7.43221 30.591 0.0 262.335 68.2562 300.524 657.144 657.37 6.262
2015 03 03 10 37 31.380 KISA -0.719 98.754 33.5 -7.19005 31.0231 0.0 262.577 67.8188 300.838 654.458 654.63 6.294
2015 03 03 10 37 31.380 KOLA -0.719 98.754 33.5 -7.16871 30.5375 0.0 262.619 68.2995 300.715 657.335 657.64 6.259
2015 03 03 10 37 31.380 LAEA -0.719 98.754 33.5 -8.57677 32.0422 0.0 261.037 66.8706 300.997 648.617 648.63 6.361
2015 03 03 10 37 31.380 NAMA -0.719 98.754 33.5 -7.62361 30.6592 0.0 262.127 68.196 299.927 656.547 657.00 6.267
2015 03 03 10 37 31.380 NEMA -0.719 98.754 33.5 -7.52009 31.0442 0.0 262.222 67.8106 301.026 654.646 654.57 6.295
2015 03 03 10 37 31.380 NINA -0.719 98.754 33.5 -7.68887 30.7241 0.0 262.055 68.1343 300.56 656.18 656.61 6.271
2015 03 03 10 37 31.380 SITA -0.719 98.754 33.5 -6.61924 31.1427 0.0 263.184 67.6799 300.743 653.363 653.75 6.304
2015 03 03 10 37 31.380 SUMA -0.719 98.754 33.5 -7.96386 31.6252 0.0 261.719 67.254 300.651 651.271 651.06 6.335
2015 03 06 08 22 20.90 CHAA -41.316 80.614 13.1 -7.59109 31.2704 0.0 293.432 55.0513 300.14 571.05 571.64 7.223
2015 03 06 08 22 20.90 KALA -41.316 80.614 13.1 -8.13374 30.9701 0.0 292.712 54.8741 300.658 569.568 570.32 7.237
2015 03 06 08 22 20.90 KARA -41.316 80.614 13.1 -6.82163 30.4394 0.0 293.361 56.1742 299.647 578.557 579.73 7.141
2015 03 06 08 22 20.90 KASA -41.316 80.614 13.1 -8.43832 31.1473 0.0 292.604 54.5356 300.143 567.053 567.86 7.261
2015 03 06 08 22 20.90 KIPA -41.316 80.614 13.1 -7.43221 30.591 0.0 292.98 55.6347 300.142 575.052 575.84 7.180
2015 03 06 08 22 20.90 KISA -41.316 80.614 13.1 -7.19005 31.0231 0.0 293.556 55.5081 300.052 573.962 574.94 7.188
2015 03 06 08 22 20.90 KOLA -41.316 80.614 13.1 -7.16871 30.5375 0.0 293.155 55.8591 299.512 576.422 577.46 7.164
2015 03 06 08 22 20.90 LAEA -41.316 80.614 13.1 -8.57677 32.0422 0.0 293.264 53.8167 300.083 561.993 562.63 7.312
2015 03 06 08 22 20.90 NAMA -41.316 80.614 13.1 -7.62361 30.6592 0.0 292.877 55.4515 299.705 573.615 574.51 7.192
2015 03 06 08 22 20.90 NEMA -41.316 80.614 13.1 -7.52009 31.0442 0.0 293.296 55.2583 300.514 572.424 573.13 7.207
2015 03 06 08 22 20.90 NINA -41.316 80.614 13.1 -7.68887 30.7241 0.0 292.878 55.3602 300.188 573.098 573.85 7.199
2015 03 06 08 22 20.90 SITA -41.316 80.614 13.1 -6.61924 31.1427 0.0 294.136 55.834 300.332 576.242 577.31 7.166
2015 03 06 08 22 20.90 SUMA -41.316 80.614 13.1 -7.96386 31.6252 0.0 293.424 54.5407 300.581 567.491 567.93 7.260
2015 04 16 18 07 43.610 CHAA 35.195 26.837 22.6 -7.59109 31.2704 0.0 173.519 42.7602 300.822 475.212 477.48 8.097
2015 04 16 18 07 43.610 KALA 35.195 26.837 22.6 -8.13374 30.9701 0.0 174.024 43.2705 300.733 479.123 481.63 8.060
2015 04 16 18 07 43.610 KARA 35.195 26.837 22.6 -6.82163 30.4394 0.0 174.642 41.9283 300.869 468.259 470.68 8.155
2015 04 16 18 07 43.610 KASA 35.195 26.837 22.6 -8.43832 31.1473 0.0 173.809 43.5873 300.428 481.818 484.19 8.036
2015 04 16 18 07 43.610 KIPA 35.195 26.837 22.6 -7.43221 30.591 0.0 174.49 42.5448 300.953 473.343 475.72 8.112
2015 04 16 18 07 43.610 KISA 35.195 26.837 22.6 -7.19005 31.0231 0.0 173.827 42.3411 300.015 471.405 474.06 8.127
2015 04 16 18 07 43.610 LAEA 35.195 26.837 22.6 -8.57677 32.0422 0.0 172.553 43.8113 301.69 484.08 485.99 8.022
2015 04 16 18 07 43.610 NAMA 35.195 26.837 22.6 -7.62361 30.6592 0.0 174.412 42.7398 300.616 475.006 477.31 8.098
2015 04 16 18 07 43.610 NEMA 35.195 26.837 22.6 -7.52009 31.0442 0.0 173.839 42.6696 301.046 474.436 476.74 8.103
2015 04 16 18 07 43.610 NINA 35.195 26.837 22.6 -7.68887 30.7241 0.0 174.326 42.8096 301.202 475.592 477.88 8.093
2015 04 16 18 07 43.610 SITA 35.195 26.837 22.6 -6.61924 31.1427 0.0 173.574 41.7871 300.514 466.904 469.51 8.163
2015 04 16 18 07 43.610 SUMA 35.195 26.837 22.6 -7.96386 31.6252 0.0 173.058 43.1628 301.462 478.852 480.75 8.068
2015 04 25 06 11 26.630 CHAA 28.13 84.716 13.4 -7.59109 31.2704 0.0 243.743 62.6183 300.696 623.066 624.56 6.662
2015 04 25 06 11 26.630 KALA 28.13 84.716 13.4 -8.13374 30.9701 0.0 243.461 63.1804 299.874 626.244 628.31 6.626
2015 04 25 06 11 26.630 KARA 28.13 84.716 13.4 -6.82163 30.4394 0.0 244.987 62.8239 299.905 624.275 625.88 6.650
2015 04 25 06 11 26.630 KASA 28.13 84.716 13.4 -8.43832 31.1473 0.0 243.072 63.2234 300.44 626.81 628.61 6.624
2015 04 25 06 11 26.630 KIPA 28.13 84.716 13.4 -7.43221 30.591 0.0 244.339 63.0632 300.317 625.687 627.50 6.635
2015 04 25 06 11 26.630 KISA 28.13 84.716 13.4 -7.19005 31.0231 0.0 244.268 62.5758 300.352 622.722 624.26 6.666
2015 04 25 06 11 26.630 LAEA 28.13 84.716 13.4 -8.57677 32.0422 0.0 242.345 62.6047 300.625 622.995 624.52 6.663
2015 04 25 06 11 26.630 NAMA 28.13 84.716 13.4 -7.62361 30.6592 0.0 244.123 63.1225 299.63 626.0 627.90 6.631
2015 04 25 06 11 26.630 NEMA 28.13 84.716 13.4 -7.52009 31.0442 0.0 243.959 62.7553 300.769 624.139 625.47 6.653
2015 04 25 06 11 26.630 SITA 28.13 84.716 13.4 -6.61924 31.1427 0.0 244.702 62.1423 300.212 619.582 621.34 6.700
2015 04 25 06 11 26.630 SUMA 28.13 84.716 13.4 -7.96386 31.6252 0.0 243.172 62.5615 300.517 622.887 624.20 6.667
2015 04 25 06 45 21.360 CHAA 28.16 84.843 14.7 -7.59109 31.2704 0.0 243.815 62.7321 299.734 623.374 625.11 6.653
2015 04 25 06 45 21.360 KALA 28.16 84.843 14.7 -8.13374 30.9701 0.0 243.532 63.2941 298.888 626.528 628.86 6.619
2015 04 25 06 45 21.360 KARA 28.16 84.843 14.7 -6.82163 30.4394 0.0 245.057 62.9382 299.885 624.525 626.43 6.643
2015 04 25 06 45 21.360 KASA 28.16 84.843 14.7 -8.43832 31.1473 0.0 243.144 63.337 299.312 626.952 629.15 6.616
2015 04 25 06 45 21.360 KIPA 28.16 84.843 14.7 -7.43221 30.591 0.0 244.409 63.1773 299.273 625.913 628.05 6.627
2015 04 25 06 45 21.360 KISA 28.16 84.843 14.7 -7.19005 31.0231 0.0 244.339 62.6898 299.292 622.932 624.80 6.657
2015 04 25 06 45 21.360 LAEA 28.16 84.843 14.7 -8.57677 32.0422 0.0 242.417 62.7179 299.68 623.32 625.06 6.654
2015 04 25 06 45 21.360 NAMA 28.16 84.843 14.7 -7.62361 30.6592 0.0 244.193 63.2365 299.706 626.346 628.45 6.623
2015 04 25 06 45 21.360 NEMA 28.16 84.843 14.7 -7.52009 31.0442 0.0 244.03 62.8692 299.746 624.386 626.01 6.647
2015 04 25 06 45 21.360 SITA 28.16 84.843 14.7 -6.61924 31.1427 0.0 244.773 62.2564 299.237 619.877 621.89 6.691
2015 04 25 06 45 21.360 SUMA 28.16 84.843 14.7 -7.96386 31.6252 0.0 243.244 62.6751 299.414 623.054 624.75 6.657
2015 04 26 07 09 09.310 CHAA 27.736 85.978 13.4 -7.59109 31.2704 0.0 244.758 63.4535 299.904 628.594 630.08 6.608
2015 04 26 07 09 09.310 KALA 27.736 85.978 13.4 -8.13374 30.9701 0.0 244.468 64.0114 299.023 631.713 633.77 6.568
2015 04 26 07 09 09.310 KARA 27.736 85.978 13.4 -6.82163 30.4394 0.0 245.989 63.677 300.2 629.89 631.51 6.593
2015 04 26 07 09 09.310 KASA 27.736 85.978 13.4 -8.43832 31.1473 0.0 244.081 64.0488 299.549 632.239 634.03 6.566
2015 04 26 07 09 09.310 KIPA 27.736 85.978 13.4 -7.43221 30.591 0.0 245.341 63.907 299.556 631.246 633.05 6.576
2015 04 26 07 09 09.310 KISA 27.736 85.978 13.4 -7.19005 31.0231 0.0 245.28 63.4186 299.613 628.303 629.83 6.611
2015 04 26 07 09 09.310 LAEA 27.736 85.978 13.4 -8.57677 32.0422 0.0 243.37 63.4193 299.697 628.387 629.90 6.610
2015 04 26 07 09 09.310 NAMA 27.736 85.978 13.4 -7.62361 30.6592 0.0 245.125 63.9632 299.866 631.556 633.43 6.572
2015 04 26 07 09 09.310 NEMA 27.736 85.978 13.4 -7.52009 31.0442 0.0 244.969 63.5936 299.99 629.68 631.00 6.598
2015 04 26 07 09 09.310 SITA 27.736 85.978 13.4 -6.61924 31.1427 0.0 245.718 62.9914 299.54 625.23 626.97 6.640
2015 04 26 07 09 09.310 SUMA 27.736 85.978 13.4 -7.96386 31.6252 0.0 244.192 63.3883 300.652 628.342 629.67 6.613
2015 05 12 07 05 18.830 CHAA 27.801 86.126 12.3 -7.59109 31.2704 0.0 244.825 63.5998 300.328 629.498 631.22 6.598
2015 05 12 07 05 18.830 KALA 27.801 86.126 12.3 -8.13374 30.9701 0.0 244.535 64.1576 299.442 632.612 634.91 6.558
2015 05 12 07 05 18.830 KARA 27.801 86.126 12.3 -6.82163 30.4394 0.0 246.055 63.8232 299.562 630.732 632.65 6.583
2015 05 12 07 05 18.830 KASA 27.801 86.126 12.3 -8.43832 31.1473 0.0 244.149 64.195 299.887 633.057 635.17 6.555
2015 05 12 07 05 18.830 KIPA 27.801 86.126 12.3 -7.43221 30.591 0.0 245.408 64.0532 299.796 631.966 634.19 6.566
2015 05 12 07 05 18.830 KISA 27.801 86.126 12.3 -7.19005 31.0231 0.0 245.346 63.5648 299.977 629.147 630.97 6.601
2015 05 12 07 05 18.830 LAEA 27.801 86.126 12.3 -8.57677 32.0422 0.0 243.439 63.5656 300.182 629.352 631.05 6.600
2015 05 12 07 05 18.830 NAMA 27.801 86.126 12.3 -7.62361 30.6592 0.0 245.192 64.1094 300.325 632.495 634.57 6.562
2015 05 12 07 05 18.830 SITA 27.801 86.126 12.3 -6.61924 31.1427 0.0 245.784 63.1376 301.291 627.461 628.12 6.630
2015 05 12 07 05 18.830 SUMA 27.801 86.126 12.3 -7.96386 31.6252 0.0 244.26 63.5346 300.058 629.228 630.81 6.603
2015 05 12 07 36 53.300 CHAA 27.524 86.141 13.8 -7.59109 31.2704 0.0 244.96 63.4947 300.761 629.461 630.28 6.605
2015 05 12 07 36 53.300 KALA 27.524 86.141 13.8 -8.13374 30.9701 0.0 244.666 64.0513 299.931 632.631 633.96 6.565
2015 05 12 07 36 53.300 KARA 27.524 86.141 13.8 -6.82163 30.4394 0.0 246.188 63.7236 300.093 630.793 631.74 6.589
2015 05 12 07 36 53.300 KASA 27.524 86.141 13.8 -8.43832 31.1473 0.0 244.279 64.087 300.405 633.105 634.21 6.563
2015 05 12 07 36 53.300 KIPA 27.524 86.141 13.8 -7.43221 30.591 0.0 245.54 63.9508 300.31 632.01 633.27 6.573
2015 05 12 07 36 53.300 KISA 27.524 86.141 13.8 -7.19005 31.0231 0.0 245.481 63.4621 300.486 629.186 630.04 6.608
2015 05 12 07 36 53.300 NAMA 27.524 86.141 13.8 -7.62361 30.6592 0.0 245.324 64.006 299.733 632.433 633.64 6.569
2015 05 12 07 36 53.300 SUMA 27.524 86.141 13.8 -7.96386 31.6252 0.0 244.394 63.427 300.494 629.194 629.85 6.610
2015 05 15 20 26 55.950 CHAA -2.566 102.223 158.5 -7.59109 31.2704 0.0 262.9 70.7893 302.124 660.174 659.06 6.040
2015 05 15 20 26 55.950 KALA -2.566 102.223 158.5 -8.13374 30.9701 0.0 262.33 71.0867 302.477 661.527 660.85 6.018
2015 05 15 20 26 55.950 KARA -2.566 102.223 158.5 -6.82163 30.4394 0.0 263.704 71.6173 301.84 664.89 664.04 5.978
2015 05 15 20 26 55.950 KASA -2.566 102.223 158.5 -8.43832 31.1473 0.0 262.009 70.9121 302.685 660.735 659.80 6.031
2015 05 15 20 26 55.950 KIPA -2.566 102.223 158.5 -7.43221 30.591 0.0 263.065 71.4633 301.418 663.468 663.11 5.990
2015 05 15 20 26 55.950 KISA -2.566 102.223 158.5 -7.19005 31.0231 0.0 263.321 71.0357 302.39 661.44 660.55 6.022
2015 05 15 20 26 55.950 LAEA -2.566 102.223 158.5 -8.57677 32.0422 0.0 261.859 70.0275 303.074 656.124 654.44 6.094
2015 05 15 20 26 55.950 NAMA -2.566 102.223 158.5 -7.62361 30.6592 0.0 262.865 71.3951 302.269 663.319 662.71 5.995
2015 05 15 20 26 55.950 NINA -2.566 102.223 158.5 -7.68887 30.7241 0.0 262.797 71.3306 301.902 662.952 662.32 6.000
2015 05 15 20 26 55.950 SITA -2.566 102.223 158.5 -6.61924 31.1427 0.0 263.922 70.9202 302.494 660.544 659.85 6.030
2015 05 15 20 26 55.950 SUMA -2.566 102.223 158.5 -7.96386 31.6252 0.0 262.508 70.4377 303.097 658.147 656.93 6.063
2015 05 24 04 53 23.400 CHAA -16.814 -14.261 11.7 -7.59109 31.2704 0.0 84.0321 45.3422 300.379 496.979 497.96 7.932
2015 05 24 04 53 23.400 KALA -16.814 -14.261 11.7 -8.13374 30.9701 0.0 84.6494 44.9089 299.395 492.995 494.50 7.964
2015 05 24 04 53 23.400 KARA -16.814 -14.261 11.7 -6.82163 30.4394 0.0 82.6655 44.7688 300.842 493.442 493.42 7.974
2015 05 24 04 53 23.400 KASA -16.814 -14.261 11.7 -8.43832 31.1473 0.0 85.1284 44.9973 299.159 493.759 495.19 7.958
2015 05 24 04 53 23.400 KIPA -16.814 -14.261 11.7 -7.43221 30.591 0.0 83.5523 44.7394 299.383 491.983 493.17 7.976
2015 05 24 04 53 23.400 KISA -16.814 -14.261 11.7 -7.19005 31.0231 0.0 83.397 45.2185 299.977 495.577 496.99 7.941
2015 05 24 04 53 23.400 LAEA -16.814 -14.261 11.7 -8.57677 32.0422 0.0 85.6401 45.8157 299.746 500.346 501.67 7.898
2015 05 24 04 53 23.400 NAMA -16.814 -14.261 11.7 -7.62361 30.6592 0.0 83.8385 44.7512 301.871 494.471 493.26 7.975
2015 05 24 04 53 23.400 NEMA -16.814 -14.261 11.7 -7.52009 31.0442 0.0 83.8489 45.1464 299.484 495.084 496.40 7.947
2015 05 24 04 53 23.400 SITA -16.814 -14.261 11.7 -6.61924 31.1427 0.0 82.6819 45.4957 299.535 498.135 499.20 7.920
2015 05 24 04 53 23.400 SUMA -16.814 -14.261 11.7 -7.96386 31.6252 0.0 84.6668 45.5791 300.196 498.796 499.82 7.914
2015 06 04 23 15 45.200 CHAA 6.043 116.665 18.1 -7.59109 31.2704 0.0 262.002 86.248 299.571 759.371 760.51 4.919
2015 06 04 23 15 45.200 KALA 6.043 116.665 18.1 -8.13374 30.9701 0.0 261.5 86.6052 298.883 760.683 762.26 4.891
2015 06 04 23 15 45.200 KARA 6.043 116.665 18.1 -6.82163 30.4394 0.0 262.856 86.9809 298.936 762.736 764.08 4.862
2015 06 04 23 15 45.200 KASA 6.043 116.665 18.1 -8.43832 31.1473 0.0 261.178 86.4657 299.541 760.341 761.58 4.901
2015 06 04 23 15 45.200 KIPA 6.043 116.665 18.1 -7.43221 30.591 0.0 262.236 86.8993 298.779 761.579 763.69 4.868
2015 06 04 23 15 45.200 KISA 6.043 116.665 18.1 -7.19005 31.0231 0.0 262.427 86.4463 299.345 760.145 761.48 4.903
2015 06 04 23 15 45.200 KOLA 6.043 116.665 18.1 -7.16871 30.5375 0.0 262.502 86.9227 299.473 762.273 763.80 4.866
2015 06 04 23 15 45.200 LAEA 6.043 116.665 18.1 -8.57677 32.0422 0.0 260.938 85.6025 299.278 756.078 757.32 4.972
2015 06 04 23 15 45.200 NAMA 6.043 116.665 18.1 -7.62361 30.6592 0.0 262.039 86.8536 298.916 761.716 763.47 4.872
2015 06 04 23 15 45.200 NEMA 6.043 116.665 18.1 -7.52009 31.0442 0.0 262.098 86.4628 299.526 760.326 761.56 4.901
2015 06 04 23 15 45.200 SITA 6.043 116.665 18.1 -6.61924 31.1427 0.0 262.978 86.2641 299.431 759.231 760.58 4.918
2015 06 04 23 15 45.200 SUMA 6.043 116.665 18.1 -7.96386 31.6252 0.0 261.593 85.9414 300.139 757.939 759.00 4.944
2015 06 17 12 51 35.660 CHAA -35.37 -17.809 27.1 -7.59109 31.2704 0.0 70.3857 52.6767 300.37 550.71 552.12 7.394
2015 06 17 12 51 35.660 KALA -35.37 -17.809 27.1 -8.13374 30.9701 0.0 70.679 52.1065 299.396 545.736 547.87 7.434
2015 06 17 12 51 35.660 KARA -35.37 -17.809 27.1 -6.82163 30.4394 0.0 68.9832 52.5253 300.362 549.702 551.05 7.404
2015 06 17 12 51 35.660 KASA -35.37 -17.809 27.1 -8.43832 31.1473 0.0 71.1173 52.054 296.115 542.455 547.46 7.438
2015 06 17 12 51 35.660 KISA -35.37 -17.809 27.1 -7.19005 31.0231 0.0 69.8027 52.7386 299.142 550.482 552.60 7.389
2015 06 17 12 51 35.660 KOLA -35.37 -17.809 27.1 -7.16871 30.5375 0.0 69.3964 52.3801 303.065 551.405 549.96 7.414
2015 06 17 12 51 35.660 LAEA -35.37 -17.809 27.1 -8.57677 32.0422 0.0 71.9479 52.6623 300.078 550.418 551.95 7.395
2015 06 17 12 51 35.660 NAMA -35.37 -17.809 27.1 -7.62361 30.6592 0.0 69.9347 52.1865 301.988 549.328 548.50 7.427
2015 06 17 12 51 35.660 NEMA -35.37 -17.809 27.1 -7.52009 31.0442 0.0 70.1387 52.5472 299.826 549.166 551.17 7.403
2015 06 17 12 51 35.660 NINA -35.37 -17.809 27.1 -7.68887 30.7241 0.0 70.0498 52.1953 298.516 545.856 548.56 7.427
2015 06 17 12 51 35.660 SITA -35.37 -17.809 27.1 -6.61924 31.1427 0.0 69.3494 53.1911 299.619 553.959 555.96 7.355
2015 06 17 12 51 35.660 SUMA -35.37 -17.809 27.1 -7.96386 31.6252 0.0 71.0256 52.7179 299.709 551.049 552.40 7.391
2015 07 03 01 07 46.210 CHAA 37.47 78.12 19.0 -7.59109 31.2704 0.0 234.54 62.6163 299.538 621.328 623.94 6.658
2015 07 03 01 07 46.210 KALA 37.47 78.12 19.0 -8.13374 30.9701 0.0 234.397 63.2188 299.063 624.853 627.96 6.620
2015 07 03 01 07 46.210 KARA 37.47 78.12 19.0 -6.82163 30.4394 0.0 235.806 62.5836 299.039 620.829 623.67 6.661
2015 07 03 01 07 46.210 KASA 37.47 78.12 19.0 -8.43832 31.1473 0.0 234.027 63.3339 298.906 625.696 628.74 6.612
2015 07 03 01 07 46.210 KISA 37.47 78.12 19.0 -7.19005 31.0231 0.0 235.043 62.4762 298.402 620.192 622.98 6.669
2015 07 03 01 07 46.210 KOLA 37.47 78.12 19.0 -7.16871 30.5375 0.0 235.467 62.7777 298.453 622.243 624.98 6.649
2015 07 03 01 07 46.210 LAEA 37.47 78.12 19.0 -8.57677 32.0422 0.0 233.171 62.8656 299.298 623.088 625.66 6.643
2015 07 03 01 07 46.210 NAMA 37.47 78.12 19.0 -7.62361 30.6592 0.0 235.03 63.038 298.984 623.774 626.73 6.632
2015 07 03 01 07 46.210 NEMA 37.47 78.12 19.0 -7.52009 31.0442 0.0 234.783 62.7098 299.261 622.051 624.56 6.652
2015 07 03 01 07 46.210 NINA 37.47 78.12 19.0 -7.68887 30.7241 0.0 234.928 63.0446 299.027 623.817 626.78 6.632
2015 07 03 01 07 46.210 SITA 37.47 78.12 19.0 -6.61924 31.1427 0.0 235.364 61.971 299.681 617.471 619.58 6.708
2015 07 03 01 07 46.210 SUMA 37.47 78.12 19.0 -7.96386 31.6252 0.0 233.968 62.6681 299.123 621.913 624.31 6.653
2015 08 13 10 39 54.310 CHAA -37.022 77.953 15.4 -7.59109 31.2704 0.0 292.768 51.4646 301.969 545.659 544.88 7.485
2015 08 13 10 39 54.310 KALA -37.022 77.953 15.4 -8.13374 30.9701 0.0 292.0 51.3283 302.028 544.718 543.83 7.495
2015 08 13 10 39 54.310 KASA -37.022 77.953 15.4 -8.43832 31.1473 0.0 291.857 50.9967 302.617 542.307 541.33 7.519
2015 08 13 10 39 54.310 KISA -37.022 77.953 15.4 -7.19005 31.0231 0.0 292.937 51.9134 301.901 548.591 548.25 7.451
2015 08 13 10 39 54.310 KOLA -37.022 77.953 15.4 -7.16871 30.5375 0.0 292.548 52.286 301.634 551.323 551.01 7.423
2015 08 13 10 39 54.310 LAEA -37.022 77.953 15.4 -8.57677 32.0422 0.0 292.482 50.2423 304.29 538.98 535.64 7.573
2015 08 13 10 39 54.310 NEMA -37.022 77.953 15.4 -7.52009 31.0442 0.0 292.644 51.6787 301.57 547.26 546.48 7.469
2015 08 13 10 39 54.310 NINA -37.022 77.953 15.4 -7.68887 30.7241 0.0 292.216 51.8039 300.351 547.041 547.40 7.460
2015 08 13 10 39 54.310 SITA -37.022 77.953 15.4 -6.61924 31.1427 0.0 293.57 52.2065 300.923 550.613 550.46 7.429
2015 08 13 10 39 54.310 SUMA -37.022 77.953 15.4 -7.96386 31.6252 0.0 292.715 50.9556 302.448 542.138 541.05 7.521
