 553210   2018   2  27   0  17  29  22.58   150.249   150.779   10.0  6.0  0.0
 553211   2017   5  10   0  23  23  37.27   146.427   334.218   17.4  6.0  0.0
 553212   2017  11  17   0  22  34  19.50   60.168   94.977   8.0  6.0  0.0
 553213   2015   5   5   0   2   3  18.83   57.739   353.840   14.0  6.0  0.0
 553214   2017   3  14   0   2  51  16.85   83.871   92.316   10.0  6.0  0.0
 553215   2017   4  23   0   2  36  7.84   123.036   287.994   21.0  6.0  0.0
 553216   2017   4  24   0  21  38  30.84   123.029   287.955   28.0  6.0  0.0
 553217   2017   5   3   0   4  47  13.19   50.501   71.451   10.0  6.0  0.0
 553218   2017   7  19   0  12  16  23.56   107.415   66.483   10.0  6.0  0.0
 553219   2017   8  13   0   3   8  10.56   93.768   101.622   31.0  6.0  0.0
 553220   2017   9   4   0   8   7  35.38   147.788   334.422   35.0  6.0  0.0
 553221   2018   1  28   0  16   3  3.97   143.062   9.684   10.0  6.0  0.0
 553222   2018   4  19   0  21   9  17.00   132.779   42.187   10.0  6.0  0.0
 553223   2017  11  11   0   0  36  14.98   101.742   345.886   10.0  6.0  0.0
 553224   2018   9  18   0   7  27  41.33   127.811   49.782   10.0  6.0  0.0
 553225   2017  10  10   0   6  32  20.80   108.521   290.359   82.4  6.0  0.0
 553226   2017  10  10   0  18  53  27.84   144.258   8.605   9.0  6.0  0.0
 553227   2017  11  12   0  18  18  17.29   55.095   45.956   19.0  6.0  0.0
 553228   2017  11  30   0   6  32  50.76   91.080   336.568   10.0  6.0  0.0
 553229   2017  12   1   0   2  32  46.10   59.257   57.313   9.0  6.0  0.0
 553230   2017  12  12   0   8  43  17.95   59.281   57.270   10.0  6.0  0.0
 553231   2017  12  12   0  21  41  31.16   59.178   57.286   8.0  6.0  0.0
 553232   2017  12  13   0  18   3  42.79   144.217   2.168   10.0  6.0  0.0
 553233   2017  12  15   0  16  47  58.23   97.492   108.174   90.0  6.0  0.0
 553234   2018   1  11   0  18  26  24.23   71.638   96.077   9.0  6.0  0.0
 553235   2018   1  14   0   9  18  45.54   105.758   285.291   39.0  6.0  0.0
 553236   2018   1  21   0   1   6  42.89   108.852   290.544   116.0  6.0  0.0
 553237   2018   1  23   0   6  34  54.24   97.195   105.918   43.9  6.0  0.0
 553238   2018   1  31   0   7   7  0.23   53.457   70.815   191.2  6.0  0.0
 553239   2018   3  24   0  19  58  33.38   135.778   96.069   10.0  6.0  0.0
 553240   2018   4   2   0  13  40  34.84   110.658   296.995   559.0  6.0  0.0
 553241   2018   4  10   0  10  19  34.30   120.986   288.444   76.1  6.0  0.0
 553242   2018   5   9   0  10  41  45.92   53.009   71.383   116.0  6.0  0.0
 553243   2018   8  14   0   3  29  53.44   148.110   334.742   35.0  6.0  0.0
 553244   2018   8  21   0  21  31  47.54   79.221   297.093   146.2  6.0  0.0
 553245   2018   8  24   0   9   4  6.78   101.042   289.184   609.5  6.0  0.0
 553246   2018   8  25   0  22  13  25.62   55.389   46.242   10.0  6.0  0.0
 553247   2018  10  25   0  22  54  52.59   52.486   20.563   14.0  6.0  0.0
 553248   2018  11  11   0  14   3  59.56   74.435   310.129   10.0  6.0  0.0
 553249   2018  11  15   0  20   2  22.92   146.706   334.454   15.0  6.0  0.0
 553250   2018  11  25   0  16  37  32.71   55.654   45.743   18.0  6.0  0.0
 553251   2015   8  13   0  10  39  54.31   127.022   77.953   15.4  6.0  0.0
 553252   2015   9  17   0   1  41  5.87   121.104   288.350   42.3  6.0  0.0
 553253   2015   9  18   0  15  59  42.64   74.724   314.012   10.0  6.0  0.0
 553254   2015   9  19   0   5   6  47.50   119.641   287.923   6.0  6.0  0.0
 553255   2015   9  19   0  12  52  20.00   122.330   287.930   18.0  6.0  0.0
 553256   2015  11  11   0   1  54  38.57   119.506   287.994   12.0  6.0  0.0
 553257   2015  11  11   0   2  46  19.83   119.509   287.942   10.0  6.0  0.0
 553258   2015  12   7   0   7  50  5.95   51.790   72.779   22.0  6.0  0.0
 553259   2016   4   6   0  14  45  29.62   98.203   107.385   29.0  6.0  0.0
 553260   2016   4  13   0  13  55  17.80   66.906   94.865   136.0  6.0  0.0
 553261   2016   7  25   0  17  26  50.22   116.104   289.493   72.0  6.0  0.0
 553262   2016   8   4   0  14  15  13.90   112.308   293.974   270.0  6.0  0.0
 553263   2016  11   4   0  16  20  43.94   125.103   289.004   90.8  6.0  0.0
 553264   2016  12  18   0  13  30  11.43   99.966   289.031   622.5  6.0  0.0
 553265   2017   2   7   0  22   3  55.70   64.799   63.257   24.1  6.0  0.0
 553266   2017   2  18   0  12  10  17.97   113.861   293.341   222.0  6.0  0.0
 553267   2017   2  21   0  14   9  4.32   109.281   296.096   596.0  6.0  0.0
 553268   2017   4   5   0   6   9  12.46   54.201   60.436   13.0  6.0  0.0
 553269   2017   4  15   0   8  19  43.40   113.270   292.235   155.0  6.0  0.0
 553270   2017   6  12   0  12  28  39.70   51.085   26.371   12.0  6.0  0.0
 553271   2017   7  18   0   2   5  19.87   106.420   286.371   44.9  6.0  0.0
 553272   2017   7  20   0  22  31  11.24   53.076   27.413   7.0  6.0  0.0
 553273   2017   7  27   0  17  53  24.61   76.604   310.675   10.0  6.0  0.0
 553274   2017   8   8   0  23  27  53.80   45.699   82.826   20.0  6.0  0.0
 553275   2017   8  18   0   2  59  21.95   91.090   346.337   10.0  6.0  0.0
