 553276   2013  11  25   0   6  27  9.58   144.052   304.923   10.0  6.0  0.0
 553277   2014   5  31   0  19  35  15.93   80.646   126.616   0.0  6.0  0.0
 553278   2014   6  14   0  17  31  41.62   50.551   141.036   94.8  6.0  0.0
 553279   2014   6  15   0  20  14  51.24   52.927   141.148   53.9  6.0  0.0
 553280   2014   8   5   0  10  22  34.30   116.803   23.902   0.0  6.0  0.0
 553281   2012  10  23   0   8  53  38.83   60.935   139.276   445.6  6.0  0.0
 553282   2013   2  19   0  12  27  36.67   54.732   141.010   27.9  6.0  0.0
 553283   2013   4  17   0   8  57  34.76   55.965   139.318   14.6  6.0  0.0
 553284   2013   4  19   0   3   5  52.63   43.928   150.924   109.0  6.0  0.0
 553285   2013  10  25   0  21  27  36.92   52.814   144.665   22.8  6.0  0.0
 553286   2013  10  27   0  18  13  6.46   52.842   144.627   23.9  6.0  0.0
 553287   2013  11   9   0  22  37  50.18   54.058   140.000   65.7  6.0  0.0
 553288   2015   2  17   0   4  46  39.10   49.916   142.059   50.1  6.0  0.0
 553289   2015   2  25   0   7   1  2.23   58.959   141.859   21.1  6.0  0.0
 553290   2015   5   2   0  16  50  45.80   58.492   140.223   24.1  6.0  0.0
 553291   2012   4   1   0  14   4  25.54   52.826   141.038   54.3  6.0  0.0
 553292   2013  10   1   0   3  38  21.39   36.864   152.895   578.4  6.0  0.0
 553293   2013  10  21   0   2  27  11.73   54.731   76.963   28.9  6.0  0.0
 553294   2013  10  25   0  17  10  17.90   52.855   144.754   14.7  6.0  0.0
 553295   2013  11  12   0   7   3  52.47   35.324   162.143   60.5  6.0  0.0
 553296   2014   7  11   0  19  22  0.82   52.995   142.452   20.0  6.0  0.0
 553297   2014   8  10   0   3  43  18.15   48.866   142.279   50.6  6.0  0.0
 553298   2014   8  28   0  19  14  35.55   57.914   132.068   20.0  6.0  0.0
 553299   2014  10   2   0  12  57  6.13   37.717   158.043   147.6  6.0  0.0
 553300   2014  10  11   0   2  35  48.20   48.939   143.206   26.1  6.0  0.0
 553301   2015   2  16   0  23   6  28.80   50.054   143.177   10.8  6.0  0.0
 553302   2015   5  10   0  21  25  48.60   58.803   141.976   19.5  6.0  0.0
 553303   2015   5  12   0  21  12  58.60   51.100   142.021   39.3  6.0  0.0
 553304   2012  11   3   0  12  58  12.40   82.872   325.952   9.9  6.0  0.0
 553305   2012   3  13   0  23   6  44.56   74.922   266.872   61.7  6.0  0.0
 553306   2012   5   1   0  16  37  57.66   71.712   258.930   64.0  6.0  0.0
 553307   2012   9   8   0  20  29  30.70   79.973   274.589   25.9  6.0  0.0
 553308   2013   2  10   0  19  54  33.57   123.460   288.007   44.8  6.0  0.0
 553309   2015   4  26   0  23  35  26.84   98.407   279.995   10.0  6.0  0.0
 553310   2015   4  28   0  18  56  53.70   72.941   264.964   113.1  6.0  0.0
 553311   2015   9   8   0   8   3  53.50   75.663   265.863   5.0  6.0  0.0
 553312   2015   9  17   0  13  32  26.50   122.143   287.623   10.0  6.0  0.0
 553313   2012   4   8   0  21  43  31.79   65.980   122.357   28.6  6.0  0.0
 553314   2013   6   7   0  16  38  4.31   65.945   122.636   46.8  6.0  0.0
 553315   2013   7   8   0   2  13  42.38   98.731   113.019   78.9  6.0  0.0
 553316   2015   7   1   0  14  30  21.72   142.242   159.787   10.0  6.0  0.0
 553317   2012   3  16   0   7  58  5.10   79.991   125.640   33.1  6.0  0.0
 553318   2013   1   5   0  17  42  20.96   110.003   66.442   4.5  6.0  0.0
 553319   2013   4   6   0   0  29  55.51   47.265   131.045   572.3  6.0  0.0
 553320   2016   2  23   0  18   8  46.55   153.032   144.996   10.0  6.0  0.0
 553321   2017   3   9   0  11  14  26.43   150.146   150.296   10.0  6.0  0.0
 553322   2017   5  24   0   9  10  14.28   92.789   122.118   10.0  6.0  0.0
 553323   2017   8   1   0   6  13  53.92   118.555   291.295   85.1  6.0  0.0
 553324   2018   6  14   0   6  27  39.29   135.842   283.696   10.0  6.0  0.0
 553325   2018   7  21   0  20  56  19.94   138.225   99.644   10.0  6.0  0.0
 553326   2018   7  23   0  10  36  0.33   90.349   340.766   10.0  6.0  0.0
 553327   2018   8  19   0   4  10  23.49   98.329   116.598   21.4  6.0  0.0
 553328   2018   8  19   0  15  28  58.88   98.391   116.556   10.0  6.0  0.0
 553329   2018   8  24   0  10  49  27.31   79.428   91.720   10.0  6.0  0.0
 553330   2018   8  27   0  20   9  21.99   151.794   301.952   49.0  6.0  0.0
 553331   2018   9   7   0   6  23  38.65   61.677   59.320   10.0  6.0  0.0
 553332   2018  10   7   0   0  10  4.88   82.340   322.292   10.0  6.0  0.0
 553333   2018  11   9   0   7  39  16.73   132.596   343.844   10.0  6.0  0.0
 553334   2018  11  27   0  12   3  28.00   91.029   346.337   10.0  6.0  0.0
 553335   2018  11  29   0  20  21  44.62   89.776   96.997   9.4  6.0  0.0
 553336   2018  12   1   0  13  27  21.80   97.384   128.706   136.0  6.0  0.0
 553337   2018  12   6   0   1   2  46.32   98.391   116.006   12.0  6.0  0.0
 553338   2018  12  23   0  19  32  22.60   59.593   87.620   10.0  6.0  0.0
 553339   2019   1   6   0  13  41  59.70   55.875   45.673   14.0  6.0  0.0
 553340   2019   1   6   0  17  27  20.84   87.785   126.740   60.0  6.0  0.0
 553341   2019   1  21   0  23  59  22.60   100.311   119.147   16.8  6.0  0.0
 553342   2012   2  20   0  19   9  39.66   75.750   266.944   35.6  6.0  0.0
 553343   2016   6   6   0  13  16  2.22   120.043   288.537   28.3  6.0  0.0
 553344   2017   2   3   0  19  54  22.14   74.917   299.471   39.3  6.0  0.0
 553345   2017   4  18   0  17  49  55.79   92.711   284.697   14.0  6.0  0.0
 553346   2017  12   6   0  16   6  55.57   90.614   123.667   17.9  6.0  0.0
 553347   2018   7  20   0  10  24  57.14   118.068   296.746   587.8  6.0  0.0
 553348   2018   7  22   0  10   7  27.23   55.409   46.165   12.0  6.0  0.0
 553349   2018   7  22   0  20  39  17.41   59.567   57.451   10.0  6.0  0.0
 553350   2018   7  25   0  19  45  5.50   146.062   332.320   124.6  6.0  0.0
 553351   2018   7  28   0  17   7  23.37   97.122   122.747   577.5  6.0  0.0
 553352   2018   7  28   0  22  47  38.74   98.239   116.508   14.0  6.0  0.0
 553353   2018   8   5   0  11  46  38.19   98.259   116.436   31.0  6.0  0.0
 553354   2018   8   9   0   5  25  31.57   98.315   116.232   10.0  6.0  0.0
 553355   2018   8  17   0  15  35  1.87   97.426   119.834   529.0  6.0  0.0
 553356   2018   8  19   0  14  56  28.30   98.330   116.631   25.2  6.0  0.0
 553357   2018   8  19   0  15  16  35.24   98.351   116.556   10.0  6.0  0.0
 553358   2018   9   7   0   2  39  17.73   118.892   290.047   92.4  6.0  0.0
 553359   2018   9  28   0  10   2  43.48   90.178   119.840   10.0  6.0  0.0
 553360   2018  10  10   0  18  44  55.28   97.453   114.455   9.0  6.0  0.0
 553361   2018  10  28   0   0  38  11.61   44.343   26.397   151.0  6.0  0.0
 553362   2018  10  29   0   6  54  21.44   147.404   293.592   10.0  6.0  0.0
 553363   2018  10  29   0  20  17  22.52   147.549   293.696   10.0  6.0  0.0
 553364   2018  11   1   0  19  30  20.94   148.074   334.795   29.0  6.0  0.0
 553365   2018  11   1   0  22  19  51.54   109.588   290.708   102.0  6.0  0.0
 553366   2018  11   9   0   7  54  52.56   132.713   343.980   10.0  6.0  0.0
 553367   2018  11  23   0  10  51  59.84   146.261   333.015   82.8  6.0  0.0
 553368   2018  12  11   0   2  26  32.73   148.598   333.535   164.7  6.0  0.0
 553369   2018  12  16   0  14  26  19.62   113.322   112.497   10.0  6.0  0.0
 553370   2018  12  30   0   8  39  12.70   92.657   102.348   168.3  6.0  0.0
 553371   2019   1   5   0  19  25  38.58   98.148   288.417   571.2  6.0  0.0
 553372   2019   1  20   0   1  32  51.48   120.073   288.577   53.0  6.0  0.0
 553373   2019   1  22   0   5  10  3.67   100.466   119.030   27.0  6.0  0.0
 553374   2019   1  23   0  11  39  1.33   100.306   118.928   15.3  6.0  0.0
 553375   2014   4   2   0   4  46  19.66   110.081   289.274   16.1  6.0  0.0
 553376   2014  10   9   0   2  14  29.74   122.298   249.076   4.2  6.0  0.0
 553377   2014   3  17   0   5  11  33.40   110.060   289.172   5.3  6.0  0.0
 553378   2014   4  15   0  13  31  33.98   126.075   258.822   14.0  6.0  0.0
 553379   2013   2  18   0   3  40  49.50   84.474   326.993   12.4  6.0  0.0
 553380   2013   4  17   0   3  15  52.30   61.877   62.337   59.9  6.0  0.0
 553381   2013   5   1   0   6  57  15.19   56.895   75.721   27.4  6.0  0.0
 553382   2013   5  16   0   5  57  0.62   147.581   352.982   10.0  6.0  0.0
 553383   2013   5  18   0   4   5  42.73   143.120   22.098   10.0  6.0  0.0
 553384   2013   6  26   0  22  59  3.32   90.200   125.037   54.8  6.0  0.0
 553385   2013  11  24   0  18   5  41.58   55.841   45.680   12.1  6.0  0.0
 553386   2013  12   1   0   1  24  15.72   97.028   128.415   25.9  6.0  0.0
 553387   2013  12  22   0  10   3  10.91   136.527   96.021   16.0  6.0  0.0
 553388   2013  12  28   0  15  21  6.50   53.951   31.318   59.5  6.0  0.0
 553389   2013  12  31   0  20   1  6.90   70.943   120.323   13.2  6.0  0.0
 553390   2014   5  19   0  22  47  14.56   147.114   334.643   15.3  6.0  0.0
 553391   2015   4  20   0  11  45  13.73   65.937   122.487   30.6  6.0  0.0
 553392   2015  11  13   0  20  51  31.30   59.000   128.872   12.0  6.0  0.0
 553393   2016   3  26   0   3  24  24.11   92.650   68.025   10.0  6.0  0.0
 553394   2017   1  10   0   6  13  47.25   85.537   122.575   612.7  6.0  0.0
 553395   2017   1  13   0  16  39  25.56   89.969   125.066   46.0  6.0  0.0
 553396   2017   1  18   0  10  25  25.48   47.416   13.197   10.0  6.0  0.0
 553397   2017   2  10   0  14   3  43.92   80.093   125.451   15.0  6.0  0.0
 553398   2017   3  14   0   5  55  21.83   89.324   121.155   79.2  6.0  0.0
 553399   2017   3  16   0  18  39  26.27   101.539   114.573   10.0  6.0  0.0
 553400   2017   3  21   0  23  10  25.15   98.508   115.326   111.8  6.0  0.0
 553401   2017   3  31   0  11  21  0.96   89.666   120.622   93.0  6.0  0.0
 553402   2017   3  31   0  17  25  23.13   37.326   327.682   10.0  6.0  0.0
 553403   2017   4  28   0  20  23  17.26   84.496   125.071   26.0  6.0  0.0
 553404   2017   5  13   0  18   1  0.83   52.228   57.195   16.4  6.0  0.0
 553405   2017   5  20   0   1   6  14.23   80.616   123.958   533.0  6.0  0.0
 553406   2017   5  29   0  14  35  21.51   91.287   120.433   12.0  6.0  0.0
 553407   2017   6  11   0  23  15  6.18   98.307   106.268   7.0  6.0  0.0
 553408   2017   6  30   0   1  34  58.15   56.252   321.453   10.0  6.0  0.0
 553409   2017   7   6   0   8   3  57.22   78.889   124.619   7.0  6.0  0.0
 553410   2017   7  12   0  19  48  7.80   49.146   131.656   545.0  6.0  0.0
 553411   2017   7  15   0  12  12  21.50   89.588   121.991   113.0  6.0  0.0
 553412   2017   7  23   0   7  55  55.10   89.707   120.200   55.8  6.0  0.0
 553413   2017   7  26   0  10  32  57.43   63.103   130.183   12.0  6.0  0.0
 553414   2017   8   8   0  13  19  49.54   56.808   103.855   9.0  6.0  0.0
 553415   2017   8  11   0   5  28  25.72   76.002   120.678   172.0  6.0  0.0
 553416   2017   8  30   0  14  19  14.65   49.999   330.583   10.0  6.0  0.0
 553417   2017   8  31   0  17   6  55.75   91.159   99.688   43.1  6.0  0.0
 553418   2017   9   1   0  11   7  37.14   32.952   325.974   10.0  6.0  0.0
 553419   2017   9   3   0   3  30  1.77   48.666   129.030   0.0  6.0  0.0
 553420   2017   9  10   0  21  40  21.21   32.873   326.324   10.0  6.0  0.0
 553421   2017   9  15   0  18  48  2.55   145.443   331.639   9.0  6.0  0.0
 553422   2017   9  20   0  23  59  24.90   96.111   113.024   588.0  6.0  0.0
 553423   2017  10   3   0  20  39  4.74   76.542   310.668   10.0  6.0  0.0
 553424   2017  10  23   0   8  32  32.53   142.343   16.781   10.0  6.0  0.0
 553425   2017  10  24   0  10  47  47.54   97.236   123.040   549.2  6.0  0.0
 553426   2017  10  28   0  16  13  54.44   3.110   54.495   10.0  6.0  0.0
 553427   2017  10  28   0  16  16  6.69   3.108   52.849   10.0  6.0  0.0
 553428   2017  10  28   0  19  11  2.76   3.078   55.200   10.0  6.0  0.0
 553429   2017  10  30   0  22  37  18.55   98.601   118.984   110.2  6.0  0.0
 553430   2017  11  15   0   2   2  25.28   149.031   342.900   10.0  6.0  0.0
 553431   2017  11  28   0  13  15  45.40   17.401   3.274   10.0  6.0  0.0
 553432   2017  11  29   0  23  53  50.30   96.736   129.781   157.0  6.0  0.0
 553433   2018   1   7   0   6  47  14.51   65.246   94.909   23.8  6.0  0.0
 553434   2018   1  11   0   6  59  30.47   56.287   45.723   10.0  6.0  0.0
 553435   2018   1  23   0  23   9  9.55   95.777   347.457   10.0  6.0  0.0
 553436   2018   1  25   0   1  15  58.30   81.736   91.780   10.0  6.0  0.0
 553437   2018   2   2   0   0  20  42.21   90.247   125.182   38.0  6.0  0.0
 553438   2018   2   4   0  13  56  41.95   65.843   121.707   12.0  6.0  0.0
 553439   2018   2   6   0  15  50  43.30   65.865   121.658   17.0  6.0  0.0
 553440   2018   2   8   0   2  29  14.64   10.193   2.030   10.0  6.0  0.0
 553441   2018   2  13   0   2  39  53.81   77.636   93.131   69.4  6.0  0.0
 553442   2018   2  15   0   8  27  22.40   90.068   342.159   10.0  6.0  0.0
 553443   2018   2  26   0  13  34  53.75   92.762   126.727   9.9  6.0  0.0
 553444   2018   3   2   0   2  20  12.28   96.135   130.278   135.0  6.0  0.0
 553445   2018   3  10   0  21  45  36.34   91.423   344.791   10.0  6.0  0.0
 553446   2018   3  17   0   5  50  9.70   137.664   346.499   10.0  6.0  0.0
 553447   2018   3  23   0   7  40  29.10   77.348   315.431   10.0  6.0  0.0
 553448   2018   3  25   0   8  58  11.52   97.309   128.502   149.4  6.0  0.0
 553449   2018   3  25   0  20  14  47.71   96.624   129.813   169.0  6.0  0.0
 553450   2018   3  29   0  22  54  12.65   51.277   69.978   5.0  6.0  0.0
 553451   2018   4   5   0   3  53  38.41   83.168   126.778   34.0  6.0  0.0
 553452   2018   4   9   0   0  20  55.55   147.658   332.125   245.0  6.0  0.0
 553453   2018   4  19   0   6  34  46.83   61.669   51.612   10.0  6.0  0.0
 553454   2018   4  21   0  19  44  17.80   138.946   123.591   10.0  6.0  0.0
 553455   2018   4  29   0  22  23  5.95   129.264   46.119   10.0  6.0  0.0
 553456   2018   5   5   0   6  19  5.40   75.430   123.919   18.0  6.0  0.0
 553457   2018   5  10   0  18   2  28.96   83.131   123.762   535.0  6.0  0.0
 553458   2018   5  14   0  18  14  47.39   145.915   332.944   10.0  6.0  0.0
 553459   2018   5  23   0   5  44  43.89   82.602   323.787   10.0  6.0  0.0
 553460   2018   5  24   0  23  11  47.17   89.183   330.460   10.0  6.0  0.0
 553461   2018   6   6   0  18  51  34.52   148.356   334.239   31.0  6.0  0.0
 553462   2018   6  12   0  23   8  28.31   92.019   98.587   9.0  6.0  0.0
 553463   2018   6  12   0  23  46  11.94   91.946   98.686   10.0  6.0  0.0
 553464   2017   4   4   0  13  53  18.98   145.616   329.999   19.2  6.0  0.0
 553465   2017   4  10   0   0  43  54.53   76.990   125.375   10.0  6.0  0.0
 553466   2017   4  10   0  10  38  48.11   84.311   127.197   13.0  6.0  0.0
 553467   2017   4  11   0  14  42  16.53   84.294   127.094   12.0  6.0  0.0
 553468   2017   4  16   0   9  44  5.90   97.348   83.161   10.0  6.0  0.0
 553469   2017   5   6   0   0  16  9.41   150.829   321.945   10.0  6.0  0.0
 553470   2013   8  11   0  21  23  43.87   59.959   97.970   23.0  6.0  0.0
 553471   2013   9   6   0   2  28  10.49   137.018   33.303   10.0  6.0  0.0
 553472   2013   9  24   0  17  20  14.48   62.887   65.546   16.1  6.0  0.0
 553473   2014   5  16   0  11   1  43.60   72.982   299.606   25.2  6.0  0.0
 553474   2014  11   3   0   8  48  29.70   131.824   80.043   7.4  6.0  0.0
 553475   2015   9  17   0  12  14  34.91   122.914   288.394   10.0  6.0  0.0
 553476   2015   9  19   0   9   7  9.00   121.100   288.410   28.0  6.0  0.0
 553477   2015   9  19   0  13   8  57.76   120.525   287.802   10.0  6.0  0.0
 553478   2015   9  21   0  18  36  53.52   121.045   288.180   26.9  6.0  0.0
 553479   2012   3  26   0  16  58  12.81   120.103   60.631   21.2  6.0  0.0
 553480   2016  12  29   0  22  30  19.30   99.027   118.663   79.0  6.0  0.0
 553481   2017   1   2   0  13  13  48.71   94.895   283.633   106.0  6.0  0.0
 553482   2017   1   6   0   6  30  35.48   112.319   292.205   172.0  6.0  0.0
 553483   2017   1  11   0  21  58  18.41   112.821   290.197   72.0  6.0  0.0
 553484   2017   1  16   0  12  42  10.68   86.696   98.476   6.0  6.0  0.0
 553485   2017   3   2   0  11   7  27.00   52.421   38.440   10.0  6.0  0.0
 553486   2017   3   7   0  15  45  39.56   96.261   102.187   10.0  6.0  0.0
 553487   2017   4  23   0  19  40  10.76   123.008   287.887   20.0  6.0  0.0
 553488   2017   4  28   0  15  30  6.26   123.231   288.025   22.0  6.0  0.0
 553489   2017   4  28   0  16   5  57.17   123.130   288.214   28.0  6.0  0.0
 553490   2017   4  29   0  10   2  12.52   99.685   111.859   10.0  6.0  0.0
 553491   2017   5   2   0  15  10  22.35   101.728   346.081   10.0  6.0  0.0
 553492   2017   5   5   0   5   9  35.92   50.534   71.433   10.0  6.0  0.0
 553493   2017   5  14   0  19  44  23.80   110.928   291.266   124.5  6.0  0.0
 553494   2017   5  29   0  14  57  53.85   127.341   288.343   80.7  6.0  0.0
 553495   2017   5  30   0  11  29  51.79   148.644   333.869   78.2  6.0  0.0
 553496   2017   6   3   0  19  17  33.95   152.579   155.834   10.0  6.0  0.0
 553497   2017   6  12   0   2  43  26.88   121.502   288.253   27.0  6.0  0.0
 553498   2013  10  13   0  17  32  45.88   86.034   95.923   52.8  6.0  0.0
 553499   2012   2   4   0  13   9  25.29   77.974   125.925   27.1  6.0  0.0
 553500   2012   2   4   0  21  50  51.38   76.911   57.587   14.4  6.0  0.0
 553501   2012   2   9   0  18  52  48.61   148.327   158.046   10.0  6.0  0.0
 553502   2012   4  25   0   7  42  24.48   80.991   93.909   16.0  6.0  0.0
 553503   2012   5   2   0  12  17  59.51   144.589   144.201   11.0  6.0  0.0
 553504   2012   5   9   0  14  49  50.99   90.987   346.447   8.8  6.0  0.0
 553505   2012   5  22   0   0   0  32.47   47.380   23.007   10.8  6.0  0.0
 553506   2012   5  28   0  11  50  55.88   118.091   296.835   594.0  6.0  0.0
 553507   2012   6   1   0   5   7  1.64   167.188   211.133   7.8  6.0  0.0
 553508   2012   6  11   0   5  29  12.90   53.923   69.294   19.8  6.0  0.0
 553509   2012   9   7   0   3  19  43.70   62.516   104.050   14.5  6.0  0.0
 553510   2012  10  19   0  10  13  55.10   99.296   67.069   10.0  6.0  0.0
 553511   2013   1   9   0   1  41  53.60   64.678   95.008   92.6  6.0  0.0
 553512   2014   1  25   0   5  14  20.52   98.044   109.222   87.8  6.0  0.0
 553513   2014   3  11   0   2  44  6.28   150.843   339.882   10.0  6.0  0.0
 553514   2014   3  15   0   9  37  28.98   94.004   100.373   25.1  6.0  0.0
 553515   2014   6  14   0  11  11  3.26   100.113   91.038   23.1  6.0  0.0
 553516   2014   6  30   0   1  46  23.26   89.961   342.676   14.3  6.0  0.0
 553517   2014   7   2   0   5  53  34.20   152.310   154.990   12.0  6.0  0.0
 553518   2014   7   4   0  21   8  45.32   54.922   325.096   10.0  6.0  0.0
 553519   2014   7  14   0   5   5  7.20   99.090   111.310   60.8  6.0  0.0
 553520   2014   7  26   0  11  13  45.80   150.161   341.069   0.0  6.0  0.0
 553521   2014   8   6   0  11  45  28.70   97.130   127.920   19.5  6.0  0.0
 553522   2014   8  23   0   4  45  32.60   110.080   291.070   102.0  6.0  0.0
 553523   2014   9  22   0  16   1  42.75   146.037   332.171   116.8  6.0  0.0
 553524   2014  12  29   0  17  41  50.90   146.850   334.712   33.0  6.0  0.0
 553525   2015   2  11   0  18  57  20.46   113.065   293.338   203.6  6.0  0.0
 553526   2015   2  13   0  18  59  13.51   37.491   327.980   16.9  6.0  0.0
 553527   2015   3  18   0  18  27  28.66   126.111   286.311   9.7  6.0  0.0
 553528   2015   4  16   0  18   7  43.61   54.805   26.837   22.6  6.0  0.0
 553529   2015   4  17   0   2   5  41.39   54.886   26.741   17.9  6.0  0.0
 553530   2015   4  30   0  10  19  9.81   150.380   333.017   19.0  6.0  0.0
 553531   2015   5  26   0  10  32  1.83   112.001   291.563   120.0  6.0  0.0
 553532   2015   6   5   0  14  54  0.63   127.204   78.045   9.0  6.0  0.0
 553533   2015   8  14   0  18   3  3.33   68.986   314.177   15.5  6.0  0.0
 553534   2015   8  26   0  13  51  37.41   147.545   334.159   47.3  6.0  0.0
 553535   2015  10  20   0  20  33  12.00   147.430   294.110   9.1  6.0  0.0
 553536   2015  12  23   0  16  55  9.46   144.175   358.506   10.0  6.0  0.0
 553537   2015  12  24   0  23  10  58.17   97.218   128.977   119.0  6.0  0.0
 553538   2016  11  16   0  15  10  10.98   99.027   113.245   85.0  6.0  0.0
