 553547   2014   1  21   0  10  50  0.70   40.938   156.271   34.0  6.0  0.0
 553548   2014   7   3   0  12   5  21.95   34.745   166.884   6.0  6.0  0.0
 553549   2014   8  13   0   0  30  47.21   76.091   144.975   98.0  6.0  0.0
 553550   2014   9  16   0   3  28  30.75   53.935   139.923   56.9  6.0  0.0
 553551   2014  10   3   0   0  57  30.44   49.811   142.662   33.2  6.0  0.0
 553552   2014  10  11   0   5  20  36.74   48.988   143.174   33.2  6.0  0.0
 553553   2015  10  20   0   9  29  8.79   62.926   140.212   304.0  6.0  0.0
 553554   2016   1  27   0  15  11  17.57   88.969   331.858   10.0  6.0  0.0
 553555   2016   1  30   0   3  25  10.75   35.995   158.512   163.2  6.0  0.0
 553556   2016   3  14   0   7   3  17.71   60.112   128.956   210.5  6.0  0.0
 553557   2016   4  15   0   4  50  11.41   87.988   127.000   90.0  6.0  0.0
 553558   2016   4  15   0  18  55  53.50   56.995   131.156   13.2  6.0  0.0
 553559   2016   5  12   0   3  17  15.70   65.305   121.983   8.0  6.0  0.0
 553560   2016   8   4   0  16  24  33.53   65.056   142.014   510.0  6.0  0.0
 553561   2016  12  20   0  10   4  39.78   52.843   84.967   10.0  6.0  0.0
 553562   2017   1   3   0   9   9  2.64   65.984   92.006   36.1  6.0  0.0
 553563   2017   1   9   0  11  28  36.60   91.705   100.366   42.4  6.0  0.0
 553564   2017   1  21   0   5  16  31.80   87.174   128.208   46.9  6.0  0.0
 553565   2017   2  28   0   7  49  2.86   52.443   141.337   47.4  6.0  0.0
 553566   2017   3   1   0   6  59  40.57   96.325   130.028   131.0  6.0  0.0
 553567   2017   3   5   0   0   8  17.96   80.170   125.496   10.2  6.0  0.0
 553568   2017   3   7   0  16   8  19.40   48.486   141.902   56.0  6.0  0.0
 553569   2017   4   8   0   7   7  56.92   76.300   120.930   11.9  6.0  0.0
 553570   2017   4  11   0  21  21  0.86   82.324   124.811   8.3  6.0  0.0
 553571   2017   4  12   0  20   1  5.64   82.278   124.862   10.0  6.0  0.0
 553572   2017   4  20   0  11  41  26.35   45.572   148.731   60.8  6.0  0.0
 553573   2017   4  29   0  12  32  33.56   59.194   131.419   27.0  6.0  0.0
 553574   2017   5   9   0   1  54  14.53   65.551   126.318   10.0  6.0  0.0
 553575   2017   5  15   0   7   5  36.60   62.784   130.153   10.0  6.0  0.0
 553576   2017   5  22   0  11   0  57.97   46.076   147.720   54.0  6.0  0.0
 553577   2017   7  10   0   1  41  48.22   79.011   124.784   7.1  6.0  0.0
 553578   2017   7  20   0   0  11  24.83   52.583   141.585   31.0  6.0  0.0
 553579   2017   7  30   0  21   0  49.37   43.790   150.953   86.7  6.0  0.0
 553580   2017   8   5   0   0  30  41.50   83.859   125.446   73.3  6.0  0.0
 553581   2017   8   6   0  19  32  6.27   137.288   99.867   10.0  6.0  0.0
 553582   2017   8  16   0  12  51  25.87   61.327   127.900   198.0  6.0  0.0
 553583   2017   8  18   0  21   0  49.21   96.257   128.049   13.7  6.0  0.0
 553584   2017   9   7   0  17  26  49.32   62.218   139.804   451.0  6.0  0.0
 553585   2017   9  10   0   8  44  24.54   48.219   142.893   45.0  6.0  0.0
 553586   2017   9  11   0  17  35  9.62   66.048   142.337   35.0  6.0  0.0
 553587   2017   9  20   0  16  37  16.36   52.019   144.660   11.0  6.0  0.0
 553588   2017   9  23   0  20  47  6.76   82.439   124.742   8.2  6.0  0.0
 553589   2017   9  26   0  20  22  11.56   49.680   142.405   36.0  6.0  0.0
 553590   2017   9  30   0  23  15  29.38   86.061   128.498   10.0  6.0  0.0
 553591   2017  10   6   0   7  59  32.88   52.497   144.020   9.0  6.0  0.0
 553592   2017  10  31   0  11  31  40.14   93.795   127.709   8.5  6.0  0.0
 553593   2017  10  31   0  12  37  47.82   93.819   127.769   15.8  6.0  0.0
 553594   2017  11   9   0   7  42  11.20   57.480   141.438   12.0  6.0  0.0
 553595   2017  11  12   0  22  24  7.73   51.945   144.889   9.5  6.0  0.0
 553596   2017  11  15   0   0  24  32.67   76.901   143.711   123.0  6.0  0.0
 553597   2017  11  16   0   9  43  35.48   57.815   140.546   71.0  6.0  0.0
 553598   2017  11  23   0  18   2  35.85   62.862   130.358   11.0  6.0  0.0
 553599   2017  11  29   0  22  32  22.92   44.799   146.301   9.6  6.0  0.0
 553600   2017  12   1   0   5  20  28.48   138.778   106.825   10.0  6.0  0.0
 553601   2017  12  21   0   3   0  18.55   60.709   142.644   10.0  6.0  0.0
 553602   2017  12  22   0  14  44  18.22   36.141   160.603   47.3  6.0  0.0
 553603   2018   1   3   0  21  30  21.94   60.363   140.520   9.5  6.0  0.0
 553604   2018   1  18   0  12   8  52.74   37.434   152.979   447.6  6.0  0.0
 553605   2018   1  18   0  17  48  39.77   96.390   132.813   26.9  6.0  0.0
 553606   2018   1  24   0  10  51  19.90   48.897   142.432   31.0  6.0  0.0
 553607   2018   1  25   0   2  10  34.82   34.459   166.446   11.2  6.0  0.0
 553608   2018   2  25   0  16  28  39.54   52.404   141.732   30.6  6.0  0.0
 553609   2018   3   7   0   4  40  12.17   44.175   152.289   29.4  6.0  0.0
 553610   2018   3  25   0  14  37  23.17   57.409   140.690   50.0  6.0  0.0
 553611   2018   4   8   0  16  32  31.50   54.742   132.539   9.4  6.0  0.0
 553612   2018   5  17   0  18  42  10.10   47.342   145.635   10.0  6.0  0.0
 553613   2018   5  22   0   0  26  5.82   77.107   145.424   11.0  6.0  0.0
 553614   2018   5  23   0   1  37  46.20   34.742   161.982   35.0  6.0  0.0
 553615   2018   6  17   0  22  58  35.17   55.175   135.640   12.9  6.0  0.0
 553616   2018   7   1   0  20  45  42.61   43.029   144.961   387.7  6.0  0.0
 553617   2018   7   6   0   1  40  4.61   38.501   157.840   45.0  6.0  0.0
 553618   2018   7   7   0  11  23  50.80   54.888   140.647   40.0  6.0  0.0
 553619   2018   7  20   0  23  56  0.53   71.550   145.993   121.0  6.0  0.0
 553620   2018   7  31   0   8  42  20.55   52.822   141.096   10.9  6.0  0.0
 553621   2018   8   5   0  12  49  55.25   98.358   116.140   31.3  6.0  0.0
 553622   2018   8   7   0  15  12  57.46   52.116   144.042   13.8  6.0  0.0
 553623   2018   8  10   0  18  12  7.13   41.548   154.925   28.0  6.0  0.0
 553624   2018   8  16   0  18  21  30.99   66.648   143.395   11.2  6.0  0.0
 553625   2018   8  17   0  22   6  57.39   66.521   143.346   18.1  6.0  0.0
 553626   2018   8  31   0  14  40  27.47   76.443   120.842   116.3  6.0  0.0
 553627   2018   9   1   0  15  43  0.73   62.045   139.913   435.0  6.0  0.0
 553628   2018   9   5   0  18   7  59.15   47.314   141.929   35.0  6.0  0.0
 553629   2018   9  15   0   8   5  29.10   63.318   129.601   10.0  6.0  0.0
 553630   2018   9  22   0  10  58  1.69   63.335   129.647   10.0  6.0  0.0
 553631   2018  12  20   0  17   1  55.15   34.901   164.699   16.6  6.0  0.0
 553632   2018  12  24   0   0  18  7.20   55.930   141.699   13.0  6.0  0.0
 553633   2018  12  24   0   0  43  11.24   55.936   141.648   9.1  6.0  0.0
 553634   2018  12  24   0  12  41  19.22   34.583   164.435   10.0  6.0  0.0
 553635   2018  12  28   0  13   3  33.90   45.801   148.583   49.4  6.0  0.0
 553636   2019   1   4   0   6  22  44.59   96.509   130.393   117.7  6.0  0.0
 553637   2019   1   5   0  22  54  13.77   64.159   144.594   8.3  6.0  0.0
 553638   2019   1   8   0  12  39  31.40   59.408   131.037   35.0  6.0  0.0
 553639   2014   8   3   0   4   6  3.80   61.943   128.129   23.0  6.0  0.0
 553640   2014  10   1   0   3  38  53.30   96.042   149.561   57.9  6.0  0.0
 553641   2014  10  20   0   7  58  53.90   152.001   161.283   10.0  6.0  0.0
 553642   2014  10  21   0  23   1  18.57   153.462   170.011   10.0  6.0  0.0
 553643   2014  11   7   0   3  33  55.20   96.027   148.263   53.4  6.0  0.0
 553644   2016   6  13   0   4  21  43.53   62.990   130.199   10.0  6.0  0.0
 553645   2017  10  19   0   9   2  1.90   61.680   131.201   10.0  6.0  0.0
 553646   2017  10  31   0  11  50  50.41   93.740   127.765   18.5  6.0  0.0
 553647   2017  11   7   0  21  26  38.48   94.243   143.484   110.6  6.0  0.0
 553648   2017  11  18   0  16   7  0.30   87.536   128.148   8.0  6.0  0.0
 553649   2017  11  30   0   5  50  20.83   94.384   143.805   116.0  6.0  0.0
 553650   2017  12   8   0   0  22  54.20   79.884   140.219   12.8  6.0  0.0
 553651   2017  12   8   0   9  51  10.30   79.991   140.131   20.3  6.0  0.0
 553652   2017  12   9   0  15  14  24.77   79.908   140.201   10.0  6.0  0.0
 553653   2017  12  20   0  13  40  54.57   59.385   132.077   10.0  6.0  0.0
 553654   2017  12  28   0  17  20  19.35   85.920   126.791   23.8  6.0  0.0
 553655   2018   1  14   0  21  54  36.20   94.788   144.893   56.3  6.0  0.0
 553656   2018   1  26   0  22  47  57.76   93.513   145.847   10.0  6.0  0.0
 553657   2018   2   4   0  14  13  12.14   65.875   121.764   9.1  6.0  0.0
 553658   2018   2   7   0  15  21  31.71   65.927   121.738   15.0  6.0  0.0
 553659   2018   2  25   0  17  44  44.70   96.052   142.770   24.4  6.0  0.0
 553660   2018   2  26   0   8  26  59.34   96.427   143.270   23.6  6.0  0.0
 553661   2018   2  26   0  11  56  9.30   96.497   143.549   22.0  6.0  0.0
 553662   2018   2  26   0  15  18  0.28   96.505   143.255   19.0  6.0  0.0
 553663   2018   2  27   0   6  19  12.24   96.417   143.048   10.0  6.0  0.0
 553664   2018   2  28   0   2  45  45.45   96.167   142.479   16.0  6.0  0.0
 553665   2018   3   6   0  14  13  6.20   96.293   142.612   10.0  6.0  0.0
 553666   2018   3   8   0   3  51  7.50   93.320   130.908   7.9  6.0  0.0
 553667   2018   3   8   0  14  15  18.37   133.968   278.185   10.0  6.0  0.0
 553668   2018   4   6   0   7  46  58.89   91.417   138.202   10.0  6.0  0.0
 553669   2018   4   7   0   2  56  50.65   96.360   142.666   10.0  6.0  0.0
 553670   2018   4   7   0   5  48  39.95   95.841   142.528   17.6  6.0  0.0
 553671   2018   4  15   0  19  30  43.20   88.592   126.875   34.0  6.0  0.0
 553672   2018   4  17   0   2  52  35.33   93.513   131.299   10.0  6.0  0.0
 553673   2018   4  23   0   8  13  58.30   91.288   138.428   10.0  6.0  0.0
 553674   2018   4  26   0  16  55  58.34   91.904   139.780   10.0  6.0  0.0
 553675   2018   5  16   0   2  12  17.43   93.792   138.590   90.0  6.0  0.0
 553676   2018   6   2   0  16  28  59.56   85.413   126.657   23.1  6.0  0.0
 553677   2018   6  15   0   0  57  13.36   91.963   138.793   10.0  6.0  0.0
 553678   2018   7   3   0   9  59  54.52   84.116   125.231   99.5  6.0  0.0
 553679   2018   7   6   0  23  35  43.41   139.652   125.629   10.0  6.0  0.0
 553680   2018   7  16   0  15  18  38.39   151.368   154.973   10.0  6.0  0.0
 553681   2018   7  19   0  18  30  32.71   96.113   148.730   29.6  6.0  0.0
 553682   2018   8  10   0  18   9  24.33   152.626   165.640   10.0  6.0  0.0
 553683   2018   8  25   0  18  33  15.27   98.424   116.929   9.2  6.0  0.0
 553684   2018   8  28   0   7   8  11.27   100.885   124.118   14.0  6.0  0.0
 553685   2018   8  28   0   7  13  32.53   100.615   124.129   10.6  6.0  0.0
 553686   2018   9   8   0   7  16  49.62   82.764   126.478   10.0  6.0  0.0
 553687   2018   9  14   0  15  50  17.82   92.737   138.774   48.0  6.0  0.0
 553688   2018   9  15   0   0   8  21.43   63.270   129.642   9.3  6.0  0.0
 553689   2018   9  15   0  16  24  34.81   63.426   129.527   10.2  6.0  0.0
 553690   2018   9  28   0   6  59  59.78   90.399   119.770   5.2  6.0  0.0
 553691   2018   9  28   0  10  16  49.14   90.887   120.027   10.0  6.0  0.0
 553692   2018   9  28   0  10  25  4.44   91.062   119.960   10.0  6.0  0.0
 553693   2018   9  28   0  10  50  25.15   90.754   119.947   10.0  6.0  0.0
 553694   2018   9  28   0  13  35  30.63   89.942   119.682   10.0  6.0  0.0
 553695   2018  10   2   0   0  16  45.70   100.471   120.145   26.0  6.0  0.0
 553696   2018  10  11   0   2  55  45.10   95.027   126.706   10.3  6.0  0.0
 553697   2018  10  14   0   5   5  34.37   131.942   88.499   10.0  6.0  0.0
 553698   2018  10  14   0  12  41  14.45   132.291   88.693   10.0  6.0  0.0
 553699   2018  10  19   0   5  55  12.82   92.820   139.116   58.0  6.0  0.0
 553700   2018  10  23   0   4  34  58.72   65.910   122.615   34.2  6.0  0.0
 553701   2018  11   4   0   7  55  28.10   82.249   123.864   581.0  6.0  0.0
 553702   2018  11  14   0  23   1  21.72   92.904   119.388   13.1  6.0  0.0
 553703   2018  11  15   0  23   9  1.60   146.236   237.956   10.0  6.0  0.0
 553704   2018  11  20   0  19   9  48.84   59.580   130.066   123.0  6.0  0.0
 553705   2018  11  25   0  23  57  25.17   66.586   118.578   12.4  6.0  0.0
 553706   2018  12   3   0  14   0  7.53   97.361   128.747   131.0  6.0  0.0
 553707   2018  12  16   0   9  42  37.20   93.922   140.232   62.0  6.0  0.0
 553708   2018  12  28   0   3   3  33.44   91.452   134.085   41.0  6.0  0.0
 553709   2018  12  29   0   3  39  9.74   84.102   126.920   60.2  6.0  0.0
 553710   2019   1  15   0  20   3  20.29   84.147   126.907   61.1  6.0  0.0
 553711   2014  12   2   0   5  26  53.60   96.178   273.082   574.4  6.0  0.0
 553712   2015   9  13   0   7  57  38.00   64.890   250.750   10.0  6.0  0.0
 553713   2016   1  21   0  18   6  57.69   71.172   253.066   10.0  6.0  0.0
 553714   2016   3  18   0  16  11  0.16   51.977   72.411   10.0  6.0  0.0
 553715   2016   4  12   0   3  22  47.71   93.756   256.064   10.0  6.0  0.0
 553716   2016   4  25   0   7   7  8.60   75.521   266.850   16.0  6.0  0.0
 553717   2016   6   2   0   2  23  5.91   71.979   254.167   10.0  6.0  0.0
 553718   2017   1   3   0  21  19  7.38   133.343   285.535   9.1  6.0  0.0
 553719   2017   1   8   0  23  47  14.39   15.609   267.596   31.0  6.0  0.0
 553720   2017   1  11   0  22   6  58.67   110.160   46.646   7.3  6.0  0.0
 553721   2017   1  17   0   9   8  1.95   70.134   283.394   10.0  6.0  0.0
 553722   2017   2   6   0  13   2  45.14   86.551   285.329   38.0  6.0  0.0
 553723   2017   3   2   0   2  11  30.68   30.422   207.346   78.0  6.0  0.0
 553724   2017   4  20   0  22   4  14.89   126.307   261.597   10.0  6.0  0.0
 553725   2017   5  20   0   6   2  14.29   72.511   254.677   10.0  6.0  0.0
 553726   2017   8  12   0  12  54  13.59   120.242   287.839   9.0  6.0  0.0
 553727   2017  11   3   0  11  52  10.21   71.263   253.356   10.0  6.0  0.0
 553728   2017  11   5   0  15   0  24.36   78.329   298.822   47.2  6.0  0.0
 553729   2017  11  10   0  12   1  33.95   131.466   275.811   10.0  6.0  0.0
 553730   2017  11  13   0   2  28  23.68   80.486   275.514   19.4  6.0  0.0
 553731   2017  11  18   0   4  23  46.82   92.967   280.292   35.0  6.0  0.0
 553732   2018   1  19   0  16  17  42.57   63.321   248.893   10.0  6.0  0.0
 553733   2018   1  25   0  16  39  43.50   49.545   233.667   8.9  6.0  0.0
 553734   2018   2   9   0  14   5  48.17   71.066   255.351   12.0  6.0  0.0
 553735   2018   5   8   0   8  14  11.32   33.705   211.567   6.0  6.0  0.0
 553736   2018   6  25   0   5  14  48.65   53.222   21.407   30.4  6.0  0.0
 553737   2018   6  30   0   3  56  49.40   70.984   254.883   15.0  6.0  0.0
 553738   2018   7  24   0  14  44  52.57   48.190   233.139   10.0  6.0  0.0
 553739   2018   8  12   0  19  41  34.74   125.682   257.626   10.0  6.0  0.0
 553740   2018   8  22   0   9  31  47.50   46.356   232.397   10.0  6.0  0.0
 553741   2018  10  29   0  21   7  13.19   147.541   293.837   10.0  6.0  0.0
 553742   2018  10  30   0   2  59  58.14   52.469   20.440   10.0  6.0  0.0
 553743   2018  10  30   0  15  12  0.61   52.488   20.507   11.0  6.0  0.0
 553744   2018  11  12   0  22  37  27.53   93.076   256.603   10.0  6.0  0.0
 553745   2018  12  19   0   1  37  40.50   126.137   258.928   10.0  6.0  0.0
 553746   2014   3  31   0  12  53  5.79   109.472   290.967   111.6  6.0  0.0
 553747   2014   4   1   0  23  57  56.54   109.962   288.983   10.8  6.0  0.0
 553748   2014   4  19   0  20  54  43.15   110.013   289.061   14.9  6.0  0.0
 553749   2014   5  10   0  14  16  8.74   29.971   207.765   91.6  6.0  0.0
 553750   2014   5  19   0   3  56  45.77   147.064   335.023   22.0  6.0  0.0
 553751   2014   6   4   0  11  58  58.62   30.972   223.222   12.9  6.0  0.0
 553752   2014   7  25   0  10  54  49.72   31.694   223.040   10.0  6.0  0.0
 553753   2014   8  30   0  21   9  23.00   114.862   22.834   49.9  6.0  0.0
 553754   2014  12   7   0  21  16  31.98   76.026   269.025   0.0  6.0  0.0
 553755   2014  12  26   0  23  52  30.90   82.042   277.709   35.2  6.0  0.0
 553756   2015   1   7   0   5   7  6.24   83.892   277.343   7.9  6.0  0.0
 553757   2016   7  15   0  18   2  49.40   54.792   324.776   16.0  6.0  0.0
 553758   2016   8  15   0   2  59  0.85   105.656   287.983   20.0  6.0  0.0
 553759   2016  11  13   0   1   1  51.93   118.101   292.676   121.0  6.0  0.0
 553760   2016  12   6   0  21  42  21.36   78.931   299.096   34.8  6.0  0.0
 553761   2017   2  24   0   0  32  17.53   98.444   30.044   30.0  6.0  0.0
 553762   2017   3  29   0   4   9  23.95   33.062   162.786   15.5  6.0  0.0
 553763   2017   4   3   0  17  40  18.56   112.678   25.155   29.0  6.0  0.0
 553764   2017   4  17   0   5  23  15.63   72.525   298.862   21.1  6.0  0.0
 553765   2017   5   1   0  12  31  55.29   30.171   223.324   8.0  6.0  0.0
 553766   2017   5   1   0  14  18  15.29   30.171   223.296   2.5  6.0  0.0
 553767   2017   5  11   0   1   9  43.40   146.397   334.217   10.0  6.0  0.0
 553768   2017   5  11   0  15  41  13.60   146.564   334.135   21.8  6.0  0.0
 553769   2017   5  12   0  10  41  26.38   77.090   269.944   10.0  6.0  0.0
 553770   2017   5  20   0  17  58  46.59   72.896   265.939   144.0  6.0  0.0
 553771   2017   6   5   0  11  34  11.29   94.072   279.642   49.0  6.0  0.0
 553772   2017   6  10   0  18  47  31.60   75.685   266.990   10.0  6.0  0.0
 553773   2017   6  14   0   6  38  48.81   75.776   266.850   10.7  6.0  0.0
 553774   2017   6  14   0   7  29  5.63   75.018   268.012   94.0  6.0  0.0
 553775   2017   6  14   0  23  58  52.30   74.684   262.856   13.4  6.0  0.0
 553776   2017   6  22   0  12  31  4.49   76.248   269.052   46.8  6.0  0.0
 553777   2017   6  24   0   2  37  18.14   109.443   34.509   24.4  6.0  0.0
 553778   2017   6  24   0   7  27  7.71   131.236   80.631   10.0  6.0  0.0
 553779   2017   6  24   0  16   9  14.32   105.414   286.615   97.0  6.0  0.0
 553780   2017   6  30   0  22  29  45.11   90.288   279.507   13.0  6.0  0.0
 553781   2017   7   4   0  16   5  58.90   125.504   286.665   13.0  6.0  0.0
 553782   2017   7   6   0   6  30  17.00   43.119   247.425   12.2  6.0  0.0
 553783   2017   7   9   0   5  57  1.21   146.069   332.481   54.1  6.0  0.0
 553784   2017   7  12   0   9   8  17.51   125.391   286.734   10.0  6.0  0.0
 553785   2017   8   2   0   7  15  13.98   123.208   289.365   88.2  6.0  0.0
 553786   2017   8  11   0  21  45  9.44   106.293   286.520   41.0  6.0  0.0
 553787   2017   8  13   0  16  51  23.16   100.713   285.425   25.3  6.0  0.0
 553788   2017   9   8   0   4  49  20.00   74.965   266.094   56.7  6.0  0.0
 553789   2017   9   9   0   4  54  52.10   74.920   265.939   29.0  6.0  0.0
 553790   2017   9  10   0   3   7  22.34   74.611   265.473   29.0  6.0  0.0
 553791   2017   9  11   0  21   9  10.35   75.093   265.987   27.0  6.0  0.0
 553792   2017   9  18   0   5  28  3.49   108.526   347.284   10.0  6.0  0.0
 553793   2017   9  18   0  13  46  57.73   121.815   287.903   17.0  6.0  0.0
 553794   2017   9  18   0  14  19  12.87   74.747   265.443   10.0  6.0  0.0
 553795   2017   9  19   0   7  53  13.68   74.884   265.943   16.2  6.0  0.0
 553796   2017   9  19   0  18  14  38.43   71.433   261.520   51.0  6.0  0.0
 553797   2017   9  23   0  10  38  5.44   74.511   265.572   53.8  6.0  0.0
 553798   2017   9  23   0  12  53  2.42   73.227   265.050   9.6  6.0  0.0
 553799   2017   9  24   0  10   6  12.18   74.667   265.901   55.0  6.0  0.0
 553800   2017  10   5   0   8  11  36.97   112.379   291.483   110.2  6.0  0.0
 553801   2017  10   6   0   2   3  48.32   89.045   334.492   10.0  6.0  0.0
 553802   2017  10  11   0   0   8  26.30   144.258   8.336   10.0  6.0  0.0
 553803   2017  10  12   0  18  59  9.30   120.993   294.382   165.7  6.0  0.0
 553804   2017  10  14   0   0  20  57.33   73.754   265.190   51.3  6.0  0.0
 553805   2017  11  29   0   6  29  5.58   104.474   283.686   10.0  6.0  0.0
 553806   2017  12   3   0  11  19  5.26   90.489   279.690   16.0  6.0  0.0
 553807   2017  12  11   0  19   0  56.58   109.708   288.940   10.0  6.0  0.0
 553808   2017  12  28   0   3  54  51.98   114.886   289.782   46.7  6.0  0.0
 553809   2018   1   9   0   0   5  54.21   88.325   269.178   10.0  6.0  0.0
 553810   2018   1  10   0   2  51  31.86   72.526   276.481   10.0  6.0  0.0
 553811   2018   1  16   0  15   3  53.30   79.072   273.654   22.0  6.0  0.0
 553812   2018   1  23   0   9  31  42.94   33.954   210.928   25.0  6.0  0.0
 553813   2018   1  24   0   0   4  48.72   33.454   211.465   10.0  6.0  0.0
 553814   2018   1  27   0  21  45  12.34   82.718   280.324   9.8  6.0  0.0
 553815   2018   1  30   0  14  23  52.87   105.849   285.391   34.0  6.0  0.0
 553816   2018   1  31   0  16  37  5.51   82.760   280.358   7.0  6.0  0.0
 553817   2018   2   8   0  21  19  24.82   127.438   286.021   4.3  6.0  0.0
 553818   2018   2  16   0  23  39  39.70   73.612   262.022   26.0  6.0  0.0
 553819   2018   2  17   0   0  36  52.23   73.842   262.119   4.3  6.0  0.0
 553820   2018   2  19   0   6  57  1.83   73.501   262.421   40.2  6.0  0.0
 553821   2018   3   8   0   8  49  46.14   106.762   35.427   17.0  6.0  0.0
 553822   2018   3  10   0  14  27  52.78   146.334   332.134   11.9  6.0  0.0
 553823   2018   3  16   0   9  25  1.74   146.481   334.266   10.0  6.0  0.0
 553824   2018   3  25   0  14  28  35.27   116.792   296.631   577.2  6.0  0.0
 553825   2018   4   5   0  11  12  10.17   110.381   289.395   34.9  6.0  0.0
 553826   2018   4  11   0   7  30  42.11   74.227   265.241   41.4  6.0  0.0
 553827   2018   4  24   0   2  29  52.61   77.514   272.235   47.3  6.0  0.0
 553828   2018   5  15   0  15  48  9.96   102.783   45.590   17.0  6.0  0.0
 553829   2018   5  21   0   0  47  14.50   102.849   45.653   10.0  6.0  0.0
 553830   2018   6  14   0  18  12  15.72   89.131   333.872   10.0  6.0  0.0
 553831   2018   6  21   0  16   8  3.32   114.267   292.949   189.0  6.0  0.0
 553832   2018   6  26   0   1  48  44.21   149.542   330.221   27.2  6.0  0.0
 553833   2018   7  10   0  10  26  21.98   121.594   58.349   10.0  6.0  0.0
 553834   2018   7  10   0  16   5  9.73   121.608   58.153   10.0  6.0  0.0
 553835   2018   7  15   0   1  57  19.41   75.938   51.736   10.0  6.0  0.0
 553836   2018   7  15   0  13   9  16.47   76.152   51.717   10.0  6.0  0.0
 553837   2018   7  19   0  13  31  53.88   72.053   262.264   49.8  6.0  0.0
 553838   2018   8   3   0  18  50  53.99   90.914   338.022   10.0  6.0  0.0
 553839   2018   8   7   0  13  57  9.83   15.355   8.454   10.0  6.0  0.0
 553840   2018   8   9   0  16  53  39.54   123.351   2.483   10.0  6.0  0.0
 553841   2018   8   9   0  19  21  51.97   76.432   268.767   18.0  6.0  0.0
 553842   2018   8  12   0  14  58  54.29   20.439   214.701   2.2  6.0  0.0
 553843   2018   8  12   0  21  15  1.84   20.480   215.640   1.7  6.0  0.0
 553844   2018   8  17   0  23  22  24.90   81.231   276.847   15.0  6.0  0.0
 553845   2018   8  18   0  19  39  7.16   81.199   282.750   10.0  6.0  0.0
 553846   2018   8  22   0  13  27  48.49   79.341   297.072   108.0  6.0  0.0
 553847   2018   8  22   0  20  26  29.00   142.733   27.900   10.0  6.0  0.0
 553848   2018   9   1   0   6  13  45.40   118.979   74.558   10.0  6.0  0.0
 553849   2018   9   3   0  20  35  50.30   148.016   334.750   28.5  6.0  0.0
 553850   2018   9   3   0  23  37  17.59   88.562   274.739   10.0  6.0  0.0
 553851   2018   9   5   0   0  36  23.24   148.287   335.033   10.0  6.0  0.0
 553852   2018   9   7   0   1  47  23.65   81.955   282.397   10.0  6.0  0.0
 553853   2018   9   7   0   2  12  4.35   92.345   281.105   93.5  6.0  0.0
 553854   2018   9   8   0   2  31  30.74   66.668   101.577   8.0  6.0  0.0
 553855   2018   9  21   0  12  49  28.84   87.585   264.522   10.0  6.0  0.0
 553856   2018   9  27   0  10  25  47.60   148.194   350.418   10.0  6.0  0.0
 553857   2018   9  28   0   6  21  54.90   116.492   67.589   10.0  6.0  0.0
 553858   2018   9  28   0   7   6  39.86   116.518   67.622   10.0  6.0  0.0
 553859   2018  10   5   0  14  59  44.14   95.691   348.475   10.0  6.0  0.0
 553860   2018  10   7   0   0  11  51.22   69.966   286.988   24.0  6.0  0.0
 553861   2018  10  12   0  21   9  49.31   75.803   268.803   64.3  6.0  0.0
 553862   2018  10  21   0   1  40  37.95   119.535   60.752   10.0  6.0  0.0
 553863   2018  10  22   0   5  39  40.33   40.751   230.522   11.0  6.0  0.0
 553864   2018  10  22   0   6  16  28.16   40.654   230.787   10.0  6.0  0.0
 553865   2018  10  22   0   6  22  48.81   40.686   230.328   10.0  6.0  0.0
 553866   2018  10  27   0  16  57  35.64   24.818   208.700   30.9  6.0  0.0
 553867   2018  10  28   0  22  23  54.80   77.052   269.616   24.7  6.0  0.0
 553868   2018  11   9   0   1  49  40.60   18.374   348.750   10.0  6.0  0.0
 553869   2018  11  14   0  21  21  50.96   34.368   162.000   50.2  6.0  0.0
 553870   2018  11  15   0  16  49  41.75   146.826   334.348   10.0  6.0  0.0
 553871   2018  11  17   0  13  17  59.46   74.461   310.093   10.0  6.0  0.0
 553872   2018  11  21   0  18  21  44.29   30.045   206.735   143.3  6.0  0.0
 553873   2018  11  25   0   3  40  50.81   76.819   278.907   10.0  6.0  0.0
 553874   2018  11  25   0  20  56  36.18   76.827   278.967   10.0  6.0  0.0
 553875   2018  11  27   0  19  34  45.57   74.422   310.157   10.0  6.0  0.0
 553876   2018  11  30   0  17  29  29.33   28.654   210.045   46.7  6.0  0.0
 553877   2019   1  21   0  11  57  17.86   74.431   265.273   10.0  6.0  0.0
