 553878   1995  10  29   0  19  24  32.20   89.175   126.033   63.7  6.0  0.0
 553879   1995  12   5   0   6  32  6.93   99.001   124.688   37.7  6.0  0.0
 553880   1996   3   5   0  14  52  30.40   65.917   122.266   41.8  6.0  0.0
 553881   1996   3  19   0  15   0  25.94   49.990   76.707   25.0  6.0  0.0
 553882   1996   7  16   0  10   7  35.86   88.972   120.330   24.9  6.0  0.0
 553883   1996  10   8   0   1  36  54.19   135.809   96.103   10.0  6.0  0.0
 553884   1997   2  27   0  21  30  37.99   59.963   67.974   43.4  6.0  0.0
 553885   1997   2  28   0  12  57  22.78   51.912   48.040   39.2  6.0  0.0
 553886   1997   9  26   0   9  40  25.28   46.908   12.818   0.5  6.0  0.0
 553887   1997  11   8   0  10   2  53.38   54.884   87.374   38.1  6.0  0.0
 553888   1999   3   4   0   8  52  1.00   84.587   122.077   33.0  6.0  0.0
 553889   1995   4  21   0   0   9  54.42   77.993   125.668   20.1  6.0  0.0
 553890   1995   4  21   0   0  34  46.46   77.928   125.580   20.7  6.0  0.0
 553891   1995   5  13   0   8  47  13.60   49.833   21.686   13.9  6.0  0.0
 553892   1995   8  29   0   7  25  48.90   138.010   99.490   10.0  6.0  0.0
 553893   2002   1   3   0   7   5  26.10   53.961   70.679   115.0  6.0  0.0
 553894   2000  12  12   0   5  26  46.29   83.972   277.340   10.0  6.0  0.0
 553895   2001   7   7   0   9  38  43.70   107.568   287.993   33.0  6.0  0.0
 553896   2001   7  28   0   7  32  43.44   30.986   204.911   134.1  6.0  0.0
 553897   2003   7  27   0  11  41  27.20   110.136   294.875   345.0  6.0  0.0
 553898   2003   9  27   0  11  33  25.13   39.992   87.778   16.0  6.0  0.0
 553899   2004   4   5   0  21  24  0.96   53.443   71.003   168.5  6.0  0.0
 553900   2004  11  20   0   8   7  22.00   80.410   275.851   24.5  6.0  0.0
 553901   2006   4  20   0  23  25  2.96   28.961   167.097   26.6  6.0  0.0
 553902   2006  11  13   0   1  26  36.37   116.160   296.709   581.9  6.0  0.0
