 553903   2005   3  13   0   3  31  9.62   62.916   61.904   51.8  6.0  0.0
 553904   2019   2   2   0   9  27  35.50   92.846   100.076   20.0  6.0  0.0
 553905   2019   3   8   0  15   6  0.22   79.616   126.006   30.0  6.0  0.0
 553906   2019   4   1   0  18  38  57.27   108.206   65.366   10.0  6.0  0.0
 553907   2019   4   5   0  16  14  6.20   145.921   332.144   58.6  6.0  0.0
 553908   2019   4   6   0  21  54  50.87   96.849   125.014   539.0  6.0  0.0
 553909   2019   4  12   0  11  40  45.05   91.852   122.553   17.5  6.0  0.0
 553910   2019   4  18   0   5   0  57.21   66.011   121.693   20.0  6.0  0.0
 553911   2019   4  22   0   9  11  5.98   75.076   120.497   20.0  6.0  0.0
 553912   2019   4  23   0   5  37  40.17   78.154   125.187   54.0  6.0  0.0
 553913   2019   5  31   0  10  12  25.03   83.736   126.552   90.2  6.0  0.0
 553914   2019   7  14   0   5  39  19.02   108.224   120.357   10.0  6.0  0.0
 553915   2019   8  27   0  23  55  17.18   150.215   333.420   16.0  6.0  0.0
 553916   2019   9  19   0   7   6  22.56   96.071   111.842   610.0  6.0  0.0
 553917   2019   9  24   0  21  19  39.55   123.815   56.295   10.0  6.0  0.0
 553918   2019   9  29   0   2   2  40.54   84.307   126.549   73.0  6.0  0.0
 553919   2019  10  16   0  11  36  58.08   83.286   125.001   12.8  6.0  0.0
 553920   2019  10  23   0  16   8  13.60   91.099   346.163   10.0  6.0  0.0
 553921   2019  11  14   0  16  17  27.55   88.380   126.414   33.0  6.0  0.0
 553922   2019  11  14   0  21  12  45.33   88.433   126.414   23.0  6.0  0.0
 553923   2019  12  15   0   6  11  35.48   83.303   125.174   18.0  6.0  0.0
 553924   2019  12  20   0  11  39  52.00   53.455   70.448   212.0  6.0  0.0
 553925   2020   1  19   0  13  27  46.10   50.169   77.106   6.3  6.0  0.0
 553926   2020   1  20   0   6  51  31.88   149.234   333.725   91.3  6.0  0.0
 553927   2019   2   2   0  10  59  26.88   92.883   100.133   18.0  6.0  0.0
 553928   2019   7  26   0  23  37  50.97   69.156   121.976   10.0  6.0  0.0
 553929   2019  10  29   0   1   4  36.37   83.241   124.995   14.9  6.0  0.0
 553930   2019  10  31   0   1  11  11.02   83.092   125.183   10.0  6.0  0.0
 553931   2019  11   2   0  18   8  37.09   145.666   333.766   8.0  6.0  0.0
 553932   2019  11  26   0   2  54  8.85   48.485   19.521   20.0  6.0  0.0
 553933   2019  11  27   0   7  23  31.09   54.273   23.267   71.8  6.0  0.0
 553934   2020   1   7   0   6   5  15.08   87.667   96.347   20.3  6.0  0.0
 553935   2020   1  24   0  17  55  13.62   51.610   39.081   11.9  6.0  0.0
 553936   2007   9  10   0   1  49  7.11   86.999   282.100   29.0  6.0  0.0
 553937   2019   3  24   0   4  37  30.00   88.338   126.380   45.0  6.0  0.0
 553938   2019   7  14   0   9  10  44.77   90.529   128.093   10.0  6.0  0.0
 553939   2010   1  17   0  11  59  58.99   147.693   293.962   10.0  6.0  0.0
 553940   2019   4   9   0  17  53  49.59   148.606   334.744   44.8  6.0  0.0
 553941   2019   4  29   0  14  19  43.79   79.135   57.228   10.0  6.0  0.0
 553942   2019   6  24   0   2  53  31.42   96.408   129.169   212.0  6.0  0.0
 553943   2019   7   7   0  15   8  30.98   89.487   126.189   35.0  6.0  0.0
 553944   2019   8   2   0  12   3  21.95   97.267   104.825   52.8  6.0  0.0
 553945   2020   1  19   0  16  58  15.43   90.111   123.778   121.9  6.0  0.0
 553946   2008   8  11   0  23  38  35.08   90.978   338.202   16.2  6.0  0.0
 553947   2010   3  26   0  14  51  58.74   118.060   289.088   41.4  6.0  0.0
 553948   2019   3   1   0   8  50  39.17   104.702   289.865   267.0  6.0  0.0
 553949   2019   3  15   0   5   3  39.30   107.874   294.093   359.0  6.0  0.0
 553950   2019   8   1   0  18  27  53.31   124.237   287.692   25.0  6.0  0.0
